                      :-) GROMACS - gmx mdrun, 2021.5 (-:

                            GROMACS is written by:
     Andrey Alekseenko              Emile Apol              Rossen Apostolov     
         Paul Bauer           Herman J.C. Berendsen           Par Bjelkmar       
       Christian Blau           Viacheslav Bolnykh             Kevin Boyd        
     Aldert van Buuren           Rudi van Drunen             Anton Feenstra      
    Gilles Gouaillardet             Alan Gray               Gerrit Groenhof      
       Anca Hamuraru            Vincent Hindriksen          M. Eric Irrgang      
      Aleksei Iupinov           Christoph Junghans             Joe Jordan        
    Dimitrios Karkoulis            Peter Kasson                Jiri Kraus        
      Carsten Kutzner              Per Larsson              Justin A. Lemkul     
       Viveca Lindahl            Magnus Lundborg             Erik Marklund       
        Pascal Merz             Pieter Meulenhoff            Teemu Murtola       
        Szilard Pall               Sander Pronk              Roland Schulz       
       Michael Shirts            Alexey Shvetsov             Alfons Sijbers      
       Peter Tieleman              Jon Vincent              Teemu Virolainen     
     Christian Wennberg            Maarten Wolf              Artem Zhmurov       
                           and the project leaders:
        Mark Abraham, Berk Hess, Erik Lindahl, and David van der Spoel

Copyright (c) 1991-2000, University of Groningen, The Netherlands.
Copyright (c) 2001-2019, The GROMACS development team at
Uppsala University, Stockholm University and
the Royal Institute of Technology, Sweden.
check out http://www.gromacs.org for more information.

GROMACS is free software; you can redistribute it and/or modify it
under the terms of the GNU Lesser General Public License
as published by the Free Software Foundation; either version 2.1
of the License, or (at your option) any later version.

GROMACS:      gmx mdrun, version 2021.5
Executable:   /usr/local/gromacs_2021.5/bin/gmx
Data prefix:  /usr/local/gromacs_2021.5
Working dir:  /srv/home/apbal/work/REU/mixtures/pure_mix/SOL-DMA
Process ID:   583826
Command line:
  gmx mdrun -v -deffnm npt -ntomp 10 -nb gpu -bonded cpu -update gpu -ntmpi 1 -cpt 1

GROMACS version:    2021.5
Precision:          mixed
Memory model:       64 bit
MPI library:        thread_mpi
OpenMP support:     enabled (GMX_OPENMP_MAX_THREADS = 256)
GPU support:        CUDA
SIMD instructions:  AVX2_256
FFT library:        fftw-3.3.8-sse2-avx-avx2-avx2_128
RDTSCP usage:       enabled
TNG support:        enabled
Hwloc support:      disabled
Tracing support:    disabled
C compiler:         /usr/bin/cc GNU 9.4.0
C compiler flags:   -mavx2 -mfma -Wno-missing-field-initializers -fexcess-precision=fast -funroll-all-loops -pthread -O3 -DNDEBUG
C++ compiler:       /usr/bin/c++ GNU 9.4.0
C++ compiler flags: -mavx2 -mfma -Wno-missing-field-initializers -fexcess-precision=fast -funroll-all-loops -pthread -fopenmp -O3 -DNDEBUG
CUDA compiler:      /usr/local/cuda-12.2/bin/nvcc nvcc: NVIDIA (R) Cuda compiler driver;Copyright (c) 2005-2023 NVIDIA Corporation;Built on Tue_Aug_15_22:02:13_PDT_2023;Cuda compilation tools, release 12.2, V12.2.140;Build cuda_12.2.r12.2/compiler.33191640_0
CUDA compiler flags:-std=c++17;-gencode;arch=compute_60,code=sm_60;-gencode;arch=compute_61,code=sm_61;-gencode;arch=compute_62,code=sm_62;-gencode;arch=compute_70,code=sm_70;-gencode;arch=compute_75,code=sm_75;-gencode;arch=compute_80,code=sm_80;-gencode;arch=compute_86,code=sm_86;-gencode;arch=compute_89,code=sm_89;-gencode;arch=compute_60,code=compute_60;-gencode;arch=compute_61,code=compute_61;-gencode;arch=compute_62,code=compute_62;-gencode;arch=compute_70,code=compute_70;-gencode;arch=compute_75,code=compute_75;-gencode;arch=compute_80,code=compute_80;-gencode;arch=compute_86,code=compute_86;-gencode;arch=compute_89,code=compute_89;-use_fast_math;-D_FORCE_INLINES;-mavx2 -mfma -Wno-missing-field-initializers -fexcess-precision=fast -funroll-all-loops -pthread -fopenmp -O3 -DNDEBUG
CUDA driver:        12.90
CUDA runtime:       12.20


Running on 1 node with total 128 cores, 128 logical cores, 1 compatible GPU
Hardware detected:
  CPU info:
    Vendor: AMD
    Brand:  AMD EPYC 7513 32-Core Processor                
    Family: 25   Model: 1   Stepping: 1
    Features: aes amd apic avx avx2 clfsh cmov cx8 cx16 f16c fma htt lahf misalignsse mmx msr nonstop_tsc pcid pclmuldq pdpe1gb popcnt pse rdrnd rdtscp sha sse2 sse3 sse4a sse4.1 sse4.2 ssse3
  Hardware topology: Only logical processor count
  GPU info:
    Number of GPUs detected: 1
    #0: NVIDIA NVIDIA RTX A4500, compute cap.: 8.6, ECC:  no, stat: compatible


++++ PLEASE READ AND CITE THE FOLLOWING REFERENCE ++++
M. J. Abraham, T. Murtola, R. Schulz, S. Páll, J. C. Smith, B. Hess, E.
Lindahl
GROMACS: High performance molecular simulations through multi-level
parallelism from laptops to supercomputers
SoftwareX 1 (2015) pp. 19-25
-------- -------- --- Thank You --- -------- --------


++++ PLEASE READ AND CITE THE FOLLOWING REFERENCE ++++
S. Páll, M. J. Abraham, C. Kutzner, B. Hess, E. Lindahl
Tackling Exascale Software Challenges in Molecular Dynamics Simulations with
GROMACS
In S. Markidis & E. Laure (Eds.), Solving Software Challenges for Exascale 8759 (2015) pp. 3-27
-------- -------- --- Thank You --- -------- --------


++++ PLEASE READ AND CITE THE FOLLOWING REFERENCE ++++
S. Pronk, S. Páll, R. Schulz, P. Larsson, P. Bjelkmar, R. Apostolov, M. R.
Shirts, J. C. Smith, P. M. Kasson, D. van der Spoel, B. Hess, and E. Lindahl
GROMACS 4.5: a high-throughput and highly parallel open source molecular
simulation toolkit
Bioinformatics 29 (2013) pp. 845-54
-------- -------- --- Thank You --- -------- --------


++++ PLEASE READ AND CITE THE FOLLOWING REFERENCE ++++
B. Hess and C. Kutzner and D. van der Spoel and E. Lindahl
GROMACS 4: Algorithms for highly efficient, load-balanced, and scalable
molecular simulation
J. Chem. Theory Comput. 4 (2008) pp. 435-447
-------- -------- --- Thank You --- -------- --------


++++ PLEASE READ AND CITE THE FOLLOWING REFERENCE ++++
D. van der Spoel, E. Lindahl, B. Hess, G. Groenhof, A. E. Mark and H. J. C.
Berendsen
GROMACS: Fast, Flexible and Free
J. Comp. Chem. 26 (2005) pp. 1701-1719
-------- -------- --- Thank You --- -------- --------


++++ PLEASE READ AND CITE THE FOLLOWING REFERENCE ++++
E. Lindahl and B. Hess and D. van der Spoel
GROMACS 3.0: A package for molecular simulation and trajectory analysis
J. Mol. Mod. 7 (2001) pp. 306-317
-------- -------- --- Thank You --- -------- --------


++++ PLEASE READ AND CITE THE FOLLOWING REFERENCE ++++
H. J. C. Berendsen, D. van der Spoel and R. van Drunen
GROMACS: A message-passing parallel molecular dynamics implementation
Comp. Phys. Comm. 91 (1995) pp. 43-56
-------- -------- --- Thank You --- -------- --------


++++ PLEASE CITE THE DOI FOR THIS VERSION OF GROMACS ++++
https://doi.org/10.5281/zenodo.5850051
-------- -------- --- Thank You --- -------- --------

Input Parameters:
   integrator                     = md
   tinit                          = 0
   dt                             = 0.002
   nsteps                         = 250000
   init-step                      = 0
   simulation-part                = 1
   mts                            = false
   comm-mode                      = Linear
   nstcomm                        = 100
   bd-fric                        = 0
   ld-seed                        = -722765321
   emtol                          = 10
   emstep                         = 0.01
   niter                          = 20
   fcstep                         = 0
   nstcgsteep                     = 1000
   nbfgscorr                      = 10
   rtpi                           = 0.05
   nstxout                        = 5000
   nstvout                        = 5000
   nstfout                        = 0
   nstlog                         = 5000
   nstcalcenergy                  = 100
   nstenergy                      = 5000
   nstxout-compressed             = 5000
   compressed-x-precision         = 1000
   cutoff-scheme                  = Verlet
   nstlist                        = 10
   pbc                            = xyz
   periodic-molecules             = false
   verlet-buffer-tolerance        = 0.005
   rlist                          = 1.4
   coulombtype                    = PME
   coulomb-modifier               = Potential-shift
   rcoulomb-switch                = 0
   rcoulomb                       = 1.4
   epsilon-r                      = 1
   epsilon-rf                     = inf
   vdw-type                       = Cut-off
   vdw-modifier                   = Potential-shift
   rvdw-switch                    = 0
   rvdw                           = 1.4
   DispCorr                       = EnerPres
   table-extension                = 1
   fourierspacing                 = 0.12
   fourier-nx                     = 52
   fourier-ny                     = 52
   fourier-nz                     = 200
   pme-order                      = 4
   ewald-rtol                     = 1e-05
   ewald-rtol-lj                  = 0.001
   lj-pme-comb-rule               = Geometric
   ewald-geometry                 = 0
   epsilon-surface                = 0
   tcoupl                         = V-rescale
   nsttcouple                     = 10
   nh-chain-length                = 0
   print-nose-hoover-chain-variables = false
   pcoupl                         = Berendsen
   pcoupltype                     = Isotropic
   nstpcouple                     = 10
   tau-p                          = 2
   compressibility (3x3):
      compressibility[    0]={ 4.50000e-05,  0.00000e+00,  0.00000e+00}
      compressibility[    1]={ 0.00000e+00,  4.50000e-05,  0.00000e+00}
      compressibility[    2]={ 0.00000e+00,  0.00000e+00,  4.50000e-05}
   ref-p (3x3):
      ref-p[    0]={ 1.00000e+00,  0.00000e+00,  0.00000e+00}
      ref-p[    1]={ 0.00000e+00,  1.00000e+00,  0.00000e+00}
      ref-p[    2]={ 0.00000e+00,  0.00000e+00,  1.00000e+00}
   refcoord-scaling               = No
   posres-com (3):
      posres-com[0]= 0.00000e+00
      posres-com[1]= 0.00000e+00
      posres-com[2]= 0.00000e+00
   posres-comB (3):
      posres-comB[0]= 0.00000e+00
      posres-comB[1]= 0.00000e+00
      posres-comB[2]= 0.00000e+00
   QMMM                           = false
qm-opts:
   ngQM                           = 0
   constraint-algorithm           = Lincs
   continuation                   = false
   Shake-SOR                      = false
   shake-tol                      = 0.0001
   lincs-order                    = 4
   lincs-iter                     = 1
   lincs-warnangle                = 30
   nwall                          = 0
   wall-type                      = 9-3
   wall-r-linpot                  = -1
   wall-atomtype[0]               = -1
   wall-atomtype[1]               = -1
   wall-density[0]                = 0
   wall-density[1]                = 0
   wall-ewald-zfac                = 3
   pull                           = false
   awh                            = false
   rotation                       = false
   interactiveMD                  = false
   disre                          = No
   disre-weighting                = Conservative
   disre-mixed                    = false
   dr-fc                          = 1000
   dr-tau                         = 0
   nstdisreout                    = 100
   orire-fc                       = 0
   orire-tau                      = 0
   nstorireout                    = 100
   free-energy                    = no
   cos-acceleration               = 0
   deform (3x3):
      deform[    0]={ 0.00000e+00,  0.00000e+00,  0.00000e+00}
      deform[    1]={ 0.00000e+00,  0.00000e+00,  0.00000e+00}
      deform[    2]={ 0.00000e+00,  0.00000e+00,  0.00000e+00}
   simulated-tempering            = false
   swapcoords                     = no
   userint1                       = 0
   userint2                       = 0
   userint3                       = 0
   userint4                       = 0
   userreal1                      = 0
   userreal2                      = 0
   userreal3                      = 0
   userreal4                      = 0
   applied-forces:
     electric-field:
       x:
         E0                       = 0
         omega                    = 0
         t0                       = 0
         sigma                    = 0
       y:
         E0                       = 0
         omega                    = 0
         t0                       = 0
         sigma                    = 0
       z:
         E0                       = 0
         omega                    = 0
         t0                       = 0
         sigma                    = 0
     density-guided-simulation:
       active                     = false
       group                      = protein
       similarity-measure         = inner-product
       atom-spreading-weight      = unity
       force-constant             = 1e+09
       gaussian-transform-spreading-width = 0.2
       gaussian-transform-spreading-range-in-multiples-of-width = 4
       reference-density-filename = reference.mrc
       nst                        = 1
       normalize-densities        = true
       adaptive-force-scaling     = false
       adaptive-force-scaling-time-constant = 4
       shift-vector               = 
       transformation-matrix      = 
grpopts:
   nrdf:       55917
   ref-t:         298
   tau-t:         0.1
annealing:          No
annealing-npoints:           0
   acc:	           0           0           0
   nfreeze:           N           N           N
   energygrp-flags[  0]: 0

Changing nstlist from 10 to 100, rlist from 1.4 to 1.411

1 GPU selected for this run.
Mapping of GPU IDs to the 2 GPU tasks in the 1 rank on this node:
  PP:0,PME:0
PP tasks will do (non-perturbed) short-ranged interactions on the GPU
PP task will update and constrain coordinates on the GPU
PME tasks will do all aspects on the GPU
Using 1 MPI thread

Non-default thread affinity set, disabling internal thread affinity

Using 10 OpenMP threads 

System total charge: 0.000
Will do PME sum in reciprocal space for electrostatic interactions.

++++ PLEASE READ AND CITE THE FOLLOWING REFERENCE ++++
U. Essmann, L. Perera, M. L. Berkowitz, T. Darden, H. Lee and L. G. Pedersen 
A smooth particle mesh Ewald method
J. Chem. Phys. 103 (1995) pp. 8577-8592
-------- -------- --- Thank You --- -------- --------

Using a Gaussian width (1/beta) of 0.448228 nm for Ewald
Potential shift: LJ r^-12: -1.764e-02 r^-6: -1.328e-01, Ewald -7.143e-06
Initialized non-bonded Ewald tables, spacing: 1.10e-03 size: 1270

Generated table with 1205 data points for 1-4 COUL.
Tabscale = 500 points/nm
Generated table with 1205 data points for 1-4 LJ6.
Tabscale = 500 points/nm
Generated table with 1205 data points for 1-4 LJ12.
Tabscale = 500 points/nm
Long Range LJ corr.: <C6> 4.1889e-04


Using GPU 8x8 nonbonded short-range kernels

Using a 8x8 pair-list setup:
  updated every 100 steps, buffer 0.011 nm, rlist 1.411 nm
At tolerance 0.005 kJ/mol/ps per atom, equivalent classical 1x1 list would be:
  updated every 100 steps, buffer 0.184 nm, rlist 1.584 nm

Using Lorentz-Berthelot Lennard-Jones combination rule
Removing pbc first time

Initializing LINear Constraint Solver

++++ PLEASE READ AND CITE THE FOLLOWING REFERENCE ++++
B. Hess and H. Bekker and H. J. C. Berendsen and J. G. E. M. Fraaije
LINCS: A Linear Constraint Solver for molecular simulations
J. Comp. Chem. 18 (1997) pp. 1463-1472
-------- -------- --- Thank You --- -------- --------

The number of constraints is 5670

++++ PLEASE READ AND CITE THE FOLLOWING REFERENCE ++++
S. Miyamoto and P. A. Kollman
SETTLE: An Analytical Version of the SHAKE and RATTLE Algorithms for Rigid
Water Models
J. Comp. Chem. 13 (1992) pp. 952-962
-------- -------- --- Thank You --- -------- --------


++++ PLEASE READ AND CITE THE FOLLOWING REFERENCE ++++
G. Bussi, D. Donadio and M. Parrinello
Canonical sampling through velocity rescaling
J. Chem. Phys. 126 (2007) pp. 014101
-------- -------- --- Thank You --- -------- --------

There are: 25530 Atoms

Updating coordinates and applying constraints on the GPU.

Constraining the starting coordinates (step 0)

Constraining the coordinates at t0-dt (step 0)
Center of mass motion removal mode is Linear
We have the following groups for center of mass motion removal:
  0:  rest
RMS relative constraint deviation after constraining: 4.74e-06
Initial temperature: 300.871 K

Started mdrun on rank 0 Thu Jul 10 23:49:36 2025

           Step           Time
              0        0.00000

   Energies (kJ/mol)
           Bond            U-B    Proper Dih.  Improper Dih.          LJ-14
    3.99095e+02    2.69813e+03    8.74902e+03    4.42298e+01    8.66890e+02
     Coulomb-14        LJ (SR)  Disper. corr.   Coulomb (SR)   Coul. recip.
    1.05390e+05    4.59940e+03   -4.81669e+02   -2.23080e+05    2.77205e+03
      Potential    Kinetic En.   Total Energy  Conserved En.    Temperature
   -9.80425e+04    6.99666e+04   -2.80759e+04   -2.80577e+04    3.00984e+02
 Pres. DC (bar) Pressure (bar)   Constr. rmsd
   -9.27094e+00   -5.38813e+02    4.73903e-06

           Step           Time
           5000       10.00000

   Energies (kJ/mol)
           Bond            U-B    Proper Dih.  Improper Dih.          LJ-14
    3.68752e+03    1.77344e+04    1.14595e+04    9.72372e+02    1.66253e+03
     Coulomb-14        LJ (SR)  Disper. corr.   Coulomb (SR)   Coul. recip.
    9.73148e+04    8.78161e+03   -4.99343e+02   -2.89508e+05    2.27838e+03
      Potential    Kinetic En.   Total Energy  Conserved En.    Temperature
   -1.46116e+05    6.90479e+04   -7.70686e+04   -2.63243e+04    2.97031e+02
 Pres. DC (bar) Pressure (bar)   Constr. rmsd
   -9.96274e+00   -1.16192e+02    4.73903e-06

step 7500: timed with pme grid 52 52 200, coulomb cutoff 1.400: 93.9 M-cycles
step 7700: timed with pme grid 42 42 168, coulomb cutoff 1.667: 207.2 M-cycles
step 7900: timed with pme grid 44 44 192, coulomb cutoff 1.591: 92.6 M-cycles
step 8100: timed with pme grid 48 48 192, coulomb cutoff 1.458: 96.9 M-cycles
step 8300: timed with pme grid 52 52 200, coulomb cutoff 1.400: 108.5 M-cycles
              optimal pme grid 44 44 192, coulomb cutoff 1.591
           Step           Time
          10000       20.00000

   Energies (kJ/mol)
           Bond            U-B    Proper Dih.  Improper Dih.          LJ-14
    4.36945e+03    2.04204e+04    1.06435e+04    8.97855e+02    1.75703e+03
     Coulomb-14        LJ (SR)  Disper. corr.   Coulomb (SR)   Coul. recip.
    9.44164e+04    8.61206e+03   -5.12218e+02   -3.03314e+05    1.37054e+03
      Potential    Kinetic En.   Total Energy  Conserved En.    Temperature
   -1.61339e+05    6.97719e+04   -9.15668e+04   -2.60374e+04    3.00146e+02
 Pres. DC (bar) Pressure (bar)   Constr. rmsd
   -1.04824e+01   -5.88974e+01    4.73903e-06

           Step           Time
          15000       30.00000

   Energies (kJ/mol)
           Bond            U-B    Proper Dih.  Improper Dih.          LJ-14
    4.51525e+03    2.12173e+04    1.04920e+04    9.57036e+02    1.70512e+03
     Coulomb-14        LJ (SR)  Disper. corr.   Coulomb (SR)   Coul. recip.
    9.31536e+04    7.47291e+03   -5.20491e+02   -3.08740e+05    1.12909e+03
      Potential    Kinetic En.   Total Energy  Conserved En.    Temperature
   -1.68618e+05    6.89876e+04   -9.96303e+04   -2.58646e+04    2.96772e+02
 Pres. DC (bar) Pressure (bar)   Constr. rmsd
   -1.08233e+01   -8.96281e+01    4.73903e-06

           Step           Time
          20000       40.00000

   Energies (kJ/mol)
           Bond            U-B    Proper Dih.  Improper Dih.          LJ-14
    4.66447e+03    2.16713e+04    1.04392e+04    9.65734e+02    1.75720e+03
     Coulomb-14        LJ (SR)  Disper. corr.   Coulomb (SR)   Coul. recip.
    9.23726e+04    6.81443e+03   -5.27421e+02   -3.13124e+05    1.14946e+03
      Potential    Kinetic En.   Total Energy  Conserved En.    Temperature
   -1.73817e+05    6.93212e+04   -1.04496e+05   -2.57220e+04    2.98207e+02
 Pres. DC (bar) Pressure (bar)   Constr. rmsd
   -1.11130e+01   -5.72258e+01    4.73903e-06

           Step           Time
          25000       50.00000

   Energies (kJ/mol)
           Bond            U-B    Proper Dih.  Improper Dih.          LJ-14
    4.63123e+03    2.15885e+04    1.03547e+04    9.73670e+02    1.68756e+03
     Coulomb-14        LJ (SR)  Disper. corr.   Coulomb (SR)   Coul. recip.
    9.24332e+04    6.94394e+03   -5.34381e+02   -3.15376e+05    1.12401e+03
      Potential    Kinetic En.   Total Energy  Conserved En.    Temperature
   -1.76174e+05    6.94043e+04   -1.06770e+05   -2.56391e+04    2.98565e+02
 Pres. DC (bar) Pressure (bar)   Constr. rmsd
   -1.14078e+01   -3.97579e+01    4.73903e-06

           Step           Time
          30000       60.00000

   Energies (kJ/mol)
           Bond            U-B    Proper Dih.  Improper Dih.          LJ-14
    4.83159e+03    2.17742e+04    1.03296e+04    8.88884e+02    1.77153e+03
     Coulomb-14        LJ (SR)  Disper. corr.   Coulomb (SR)   Coul. recip.
    9.22390e+04    5.66680e+03   -5.41773e+02   -3.15100e+05    9.84465e+02
      Potential    Kinetic En.   Total Energy  Conserved En.    Temperature
   -1.77156e+05    6.87275e+04   -1.08429e+05   -2.54925e+04    2.95653e+02
 Pres. DC (bar) Pressure (bar)   Constr. rmsd
   -1.17252e+01   -1.17473e+02    4.73903e-06

           Step           Time
          35000       70.00000

   Energies (kJ/mol)
           Bond            U-B    Proper Dih.  Improper Dih.          LJ-14
    4.63538e+03    2.13492e+04    1.04151e+04    9.89912e+02    1.65872e+03
     Coulomb-14        LJ (SR)  Disper. corr.   Coulomb (SR)   Coul. recip.
    9.16213e+04    5.37207e+03   -5.49020e+02   -3.16991e+05    1.04852e+03
      Potential    Kinetic En.   Total Energy  Conserved En.    Temperature
   -1.80449e+05    6.88704e+04   -1.11579e+05   -2.54366e+04    2.96268e+02
 Pres. DC (bar) Pressure (bar)   Constr. rmsd
   -1.20406e+01   -4.79270e+01    4.73903e-06

           Step           Time
          40000       80.00000

   Energies (kJ/mol)
           Bond            U-B    Proper Dih.  Improper Dih.          LJ-14
    4.78776e+03    2.14761e+04    1.02585e+04    9.96221e+02    1.72406e+03
     Coulomb-14        LJ (SR)  Disper. corr.   Coulomb (SR)   Coul. recip.
    9.17409e+04    4.82349e+03   -5.56232e+02   -3.17984e+05    9.00392e+02
      Potential    Kinetic En.   Total Energy  Conserved En.    Temperature
   -1.81832e+05    6.90800e+04   -1.12752e+05   -2.53342e+04    2.97170e+02
 Pres. DC (bar) Pressure (bar)   Constr. rmsd
   -1.23585e+01   -6.32514e+01    4.73903e-06

           Step           Time
          45000       90.00000

   Energies (kJ/mol)
           Bond            U-B    Proper Dih.  Improper Dih.          LJ-14
    4.82153e+03    2.12819e+04    1.02427e+04    9.41102e+02    1.70999e+03
     Coulomb-14        LJ (SR)  Disper. corr.   Coulomb (SR)   Coul. recip.
    9.15295e+04    3.40254e+03   -5.61403e+02   -3.16973e+05    8.79263e+02
      Potential    Kinetic En.   Total Energy  Conserved En.    Temperature
   -1.82726e+05    6.93233e+04   -1.13402e+05   -2.52445e+04    2.98216e+02
 Pres. DC (bar) Pressure (bar)   Constr. rmsd
   -1.25891e+01   -1.23869e+02    4.73903e-06

           Step           Time
          50000      100.00000

   Energies (kJ/mol)
           Bond            U-B    Proper Dih.  Improper Dih.          LJ-14
    4.52922e+03    2.16961e+04    1.02228e+04    9.38593e+02    1.68245e+03
     Coulomb-14        LJ (SR)  Disper. corr.   Coulomb (SR)   Coul. recip.
    9.16300e+04    2.70311e+03   -5.67490e+02   -3.17296e+05    8.36523e+02
      Potential    Kinetic En.   Total Energy  Conserved En.    Temperature
   -1.83625e+05    6.97658e+04   -1.13859e+05   -2.51430e+04    3.00120e+02
 Pres. DC (bar) Pressure (bar)   Constr. rmsd
   -1.28632e+01   -1.09048e+02    4.73903e-06

           Step           Time
          55000      110.00000

   Energies (kJ/mol)
           Bond            U-B    Proper Dih.  Improper Dih.          LJ-14
    4.84326e+03    2.16218e+04    1.02656e+04    9.03719e+02    1.71303e+03
     Coulomb-14        LJ (SR)  Disper. corr.   Coulomb (SR)   Coul. recip.
    9.15581e+04    3.73931e+03   -5.72701e+02   -3.19077e+05    8.02153e+02
      Potential    Kinetic En.   Total Energy  Conserved En.    Temperature
   -1.84203e+05    6.94574e+04   -1.14745e+05   -2.50293e+04    2.98793e+02
 Pres. DC (bar) Pressure (bar)   Constr. rmsd
   -1.31002e+01   -8.26372e+01    4.73903e-06

           Step           Time
          60000      120.00000

   Energies (kJ/mol)
           Bond            U-B    Proper Dih.  Improper Dih.          LJ-14
    4.81380e+03    2.20230e+04    1.01812e+04    1.04982e+03    1.77776e+03
     Coulomb-14        LJ (SR)  Disper. corr.   Coulomb (SR)   Coul. recip.
    9.15066e+04    4.30166e+03   -5.77844e+02   -3.19810e+05    8.17138e+02
      Potential    Kinetic En.   Total Energy  Conserved En.    Temperature
   -1.83917e+05    6.98131e+04   -1.14104e+05   -2.49056e+04    3.00323e+02
 Pres. DC (bar) Pressure (bar)   Constr. rmsd
   -1.33363e+01    1.00747e+02    4.73903e-06

           Step           Time
          65000      130.00000

   Energies (kJ/mol)
           Bond            U-B    Proper Dih.  Improper Dih.          LJ-14
    4.73746e+03    2.17970e+04    1.01637e+04    9.13390e+02    1.73229e+03
     Coulomb-14        LJ (SR)  Disper. corr.   Coulomb (SR)   Coul. recip.
    9.12788e+04    3.88534e+03   -5.83207e+02   -3.18750e+05    8.01322e+02
      Potential    Kinetic En.   Total Energy  Conserved En.    Temperature
   -1.84024e+05    6.91367e+04   -1.14887e+05   -2.48222e+04    2.97413e+02
 Pres. DC (bar) Pressure (bar)   Constr. rmsd
   -1.35847e+01   -1.13241e+02    4.73903e-06

           Step           Time
          70000      140.00000

   Energies (kJ/mol)
           Bond            U-B    Proper Dih.  Improper Dih.          LJ-14
    4.88424e+03    2.16915e+04    1.01623e+04    9.51493e+02    1.66882e+03
     Coulomb-14        LJ (SR)  Disper. corr.   Coulomb (SR)   Coul. recip.
    9.13646e+04    3.68735e+03   -5.88141e+02   -3.19218e+05    8.36804e+02
      Potential    Kinetic En.   Total Energy  Conserved En.    Temperature
   -1.84559e+05    6.95142e+04   -1.15044e+05   -2.47269e+04    2.99038e+02
 Pres. DC (bar) Pressure (bar)   Constr. rmsd
   -1.38152e+01   -9.83889e+01    4.73903e-06

           Step           Time
          75000      150.00000

   Energies (kJ/mol)
           Bond            U-B    Proper Dih.  Improper Dih.          LJ-14
    4.80573e+03    2.12679e+04    1.02486e+04    9.42728e+02    1.67642e+03
     Coulomb-14        LJ (SR)  Disper. corr.   Coulomb (SR)   Coul. recip.
    9.11526e+04    3.57812e+03   -5.91958e+02   -3.20023e+05    7.77314e+02
      Potential    Kinetic En.   Total Energy  Conserved En.    Temperature
   -1.86166e+05    6.88289e+04   -1.17337e+05   -2.46126e+04    2.96089e+02
 Pres. DC (bar) Pressure (bar)   Constr. rmsd
   -1.39949e+01   -6.47490e+01    4.73903e-06

           Step           Time
          80000      160.00000

   Energies (kJ/mol)
           Bond            U-B    Proper Dih.  Improper Dih.          LJ-14
    4.70897e+03    2.12361e+04    1.02250e+04    9.20424e+02    1.76254e+03
     Coulomb-14        LJ (SR)  Disper. corr.   Coulomb (SR)   Coul. recip.
    9.12271e+04    3.59340e+03   -5.97116e+02   -3.19407e+05    7.94513e+02
      Potential    Kinetic En.   Total Energy  Conserved En.    Temperature
   -1.85536e+05    6.89113e+04   -1.16625e+05   -2.45413e+04    2.96444e+02
 Pres. DC (bar) Pressure (bar)   Constr. rmsd
   -1.42396e+01   -3.99242e+01    4.73903e-06

           Step           Time
          85000      170.00000

   Energies (kJ/mol)
           Bond            U-B    Proper Dih.  Improper Dih.          LJ-14
    4.70154e+03    2.17965e+04    1.02111e+04    9.85936e+02    1.69697e+03
     Coulomb-14        LJ (SR)  Disper. corr.   Coulomb (SR)   Coul. recip.
    9.09605e+04    3.18551e+03   -6.01332e+02   -3.19158e+05    8.44489e+02
      Potential    Kinetic En.   Total Energy  Conserved En.    Temperature
   -1.85376e+05    6.93475e+04   -1.16029e+05   -2.44296e+04    2.98320e+02
 Pres. DC (bar) Pressure (bar)   Constr. rmsd
   -1.44411e+01   -1.95069e+02    4.73903e-06

           Step           Time
          90000      180.00000

   Energies (kJ/mol)
           Bond            U-B    Proper Dih.  Improper Dih.          LJ-14
    4.85727e+03    2.19856e+04    1.00491e+04    9.50517e+02    1.74048e+03
     Coulomb-14        LJ (SR)  Disper. corr.   Coulomb (SR)   Coul. recip.
    9.09827e+04    3.10098e+03   -6.05012e+02   -3.18060e+05    8.05369e+02
      Potential    Kinetic En.   Total Energy  Conserved En.    Temperature
   -1.84193e+05    6.98392e+04   -1.14354e+05   -2.43262e+04    3.00435e+02
 Pres. DC (bar) Pressure (bar)   Constr. rmsd
   -1.46182e+01   -1.94179e+02    4.73903e-06

Writing checkpoint, step 93900 at Thu Jul 10 23:50:36 2025


           Step           Time
          95000      190.00000

   Energies (kJ/mol)
           Bond            U-B    Proper Dih.  Improper Dih.          LJ-14
    4.59754e+03    2.15389e+04    1.00886e+04    9.39684e+02    1.61924e+03
     Coulomb-14        LJ (SR)  Disper. corr.   Coulomb (SR)   Coul. recip.
    9.10131e+04    3.11300e+03   -6.09115e+02   -3.17420e+05    8.78762e+02
      Potential    Kinetic En.   Total Energy  Conserved En.    Temperature
   -1.84240e+05    6.89641e+04   -1.15276e+05   -2.42723e+04    2.96671e+02
 Pres. DC (bar) Pressure (bar)   Constr. rmsd
   -1.48169e+01   -5.67227e+01    4.73903e-06

           Step           Time
         100000      200.00000

   Energies (kJ/mol)
           Bond            U-B    Proper Dih.  Improper Dih.          LJ-14
    4.64453e+03    2.12652e+04    9.95923e+03    8.91326e+02    1.67297e+03
     Coulomb-14        LJ (SR)  Disper. corr.   Coulomb (SR)   Coul. recip.
    9.09752e+04    3.13093e+03   -6.14598e+02   -3.19030e+05    8.35764e+02
      Potential    Kinetic En.   Total Energy  Conserved En.    Temperature
   -1.86270e+05    6.90639e+04   -1.17206e+05   -2.41347e+04    2.97100e+02
 Pres. DC (bar) Pressure (bar)   Constr. rmsd
   -1.50846e+01   -1.68295e+02    4.73903e-06

           Step           Time
         105000      210.00000

   Energies (kJ/mol)
           Bond            U-B    Proper Dih.  Improper Dih.          LJ-14
    4.82484e+03    2.15666e+04    1.01709e+04    9.26168e+02    1.72411e+03
     Coulomb-14        LJ (SR)  Disper. corr.   Coulomb (SR)   Coul. recip.
    9.11657e+04    3.61485e+03   -6.18560e+02   -3.18203e+05    8.01189e+02
      Potential    Kinetic En.   Total Energy  Conserved En.    Temperature
   -1.84027e+05    6.90787e+04   -1.14948e+05   -2.40407e+04    2.97164e+02
 Pres. DC (bar) Pressure (bar)   Constr. rmsd
   -1.52794e+01   -5.36257e+01    4.73903e-06

           Step           Time
         110000      220.00000

   Energies (kJ/mol)
           Bond            U-B    Proper Dih.  Improper Dih.          LJ-14
    4.64361e+03    2.14301e+04    1.00812e+04    9.55466e+02    1.80820e+03
     Coulomb-14        LJ (SR)  Disper. corr.   Coulomb (SR)   Coul. recip.
    9.13361e+04    3.84565e+03   -6.24039e+02   -3.19836e+05    8.43687e+02
      Potential    Kinetic En.   Total Energy  Conserved En.    Temperature
   -1.85516e+05    6.90969e+04   -1.16419e+05   -2.39759e+04    2.97242e+02
 Pres. DC (bar) Pressure (bar)   Constr. rmsd
   -1.55510e+01    1.32535e+02    4.73903e-06

           Step           Time
         115000      230.00000

   Energies (kJ/mol)
           Bond            U-B    Proper Dih.  Improper Dih.          LJ-14
    4.76965e+03    2.20524e+04    1.01300e+04    9.04334e+02    1.70194e+03
     Coulomb-14        LJ (SR)  Disper. corr.   Coulomb (SR)   Coul. recip.
    9.11810e+04    3.83521e+03   -6.29583e+02   -3.19623e+05    8.13810e+02
      Potential    Kinetic En.   Total Energy  Conserved En.    Temperature
   -1.84864e+05    6.90744e+04   -1.15790e+05   -2.38410e+04    2.97146e+02
 Pres. DC (bar) Pressure (bar)   Constr. rmsd
   -1.58282e+01   -5.76528e+01    4.73903e-06

           Step           Time
         120000      240.00000

   Energies (kJ/mol)
           Bond            U-B    Proper Dih.  Improper Dih.          LJ-14
    4.71713e+03    2.15425e+04    1.02337e+04    8.93152e+02    1.72969e+03
     Coulomb-14        LJ (SR)  Disper. corr.   Coulomb (SR)   Coul. recip.
    9.13519e+04    3.81083e+03   -6.36141e+02   -3.19138e+05    7.76515e+02
      Potential    Kinetic En.   Total Energy  Conserved En.    Temperature
   -1.84718e+05    6.90510e+04   -1.15667e+05   -2.38022e+04    2.97045e+02
 Pres. DC (bar) Pressure (bar)   Constr. rmsd
   -1.61593e+01    3.09048e+01    4.73903e-06

           Step           Time
         125000      250.00000

   Energies (kJ/mol)
           Bond            U-B    Proper Dih.  Improper Dih.          LJ-14
    4.83447e+03    2.15584e+04    1.02034e+04    1.03242e+03    1.70967e+03
     Coulomb-14        LJ (SR)  Disper. corr.   Coulomb (SR)   Coul. recip.
    9.16007e+04    3.77123e+03   -6.40479e+02   -3.19413e+05    8.44304e+02
      Potential    Kinetic En.   Total Energy  Conserved En.    Temperature
   -1.84499e+05    6.93123e+04   -1.15187e+05   -2.36693e+04    2.98169e+02
 Pres. DC (bar) Pressure (bar)   Constr. rmsd
   -1.63802e+01   -3.49284e+01    4.73903e-06

           Step           Time
         130000      260.00000

   Energies (kJ/mol)
           Bond            U-B    Proper Dih.  Improper Dih.          LJ-14
    4.77454e+03    2.15033e+04    1.01802e+04    9.75409e+02    1.73312e+03
     Coulomb-14        LJ (SR)  Disper. corr.   Coulomb (SR)   Coul. recip.
    9.19663e+04    3.50577e+03   -6.44723e+02   -3.19630e+05    8.04077e+02
      Potential    Kinetic En.   Total Energy  Conserved En.    Temperature
   -1.84832e+05    6.89556e+04   -1.15876e+05   -2.35945e+04    2.96635e+02
 Pres. DC (bar) Pressure (bar)   Constr. rmsd
   -1.65978e+01    7.10261e+01    4.73903e-06

           Step           Time
         135000      270.00000

   Energies (kJ/mol)
           Bond            U-B    Proper Dih.  Improper Dih.          LJ-14
    4.79386e+03    2.19211e+04    1.01438e+04    9.53971e+02    1.74921e+03
     Coulomb-14        LJ (SR)  Disper. corr.   Coulomb (SR)   Coul. recip.
    9.15825e+04    3.82322e+03   -6.50224e+02   -3.19653e+05    8.09393e+02
      Potential    Kinetic En.   Total Energy  Conserved En.    Temperature
   -1.84527e+05    6.97520e+04   -1.14775e+05   -2.35026e+04    3.00060e+02
 Pres. DC (bar) Pressure (bar)   Constr. rmsd
   -1.68819e+01    5.23342e+01    4.73903e-06

           Step           Time
         140000      280.00000

   Energies (kJ/mol)
           Bond            U-B    Proper Dih.  Improper Dih.          LJ-14
    4.81789e+03    2.12338e+04    1.03626e+04    1.03826e+03    1.68936e+03
     Coulomb-14        LJ (SR)  Disper. corr.   Coulomb (SR)   Coul. recip.
    9.17175e+04    3.93818e+03   -6.55970e+02   -3.19492e+05    7.99647e+02
      Potential    Kinetic En.   Total Energy  Conserved En.    Temperature
   -1.84551e+05    6.93554e+04   -1.15195e+05   -2.34069e+04    2.98354e+02
 Pres. DC (bar) Pressure (bar)   Constr. rmsd
   -1.71812e+01   -1.28153e+02    4.73903e-06

           Step           Time
         145000      290.00000

   Energies (kJ/mol)
           Bond            U-B    Proper Dih.  Improper Dih.          LJ-14
    4.68150e+03    2.15359e+04    1.02268e+04    1.00306e+03    1.72983e+03
     Coulomb-14        LJ (SR)  Disper. corr.   Coulomb (SR)   Coul. recip.
    9.11352e+04    4.00937e+03   -6.62427e+02   -3.19356e+05    8.35494e+02
      Potential    Kinetic En.   Total Energy  Conserved En.    Temperature
   -1.84861e+05    6.95322e+04   -1.15329e+05   -2.33445e+04    2.99115e+02
 Pres. DC (bar) Pressure (bar)   Constr. rmsd
   -1.75208e+01    4.68335e+01    4.73903e-06

           Step           Time
         150000      300.00000

   Energies (kJ/mol)
           Bond            U-B    Proper Dih.  Improper Dih.          LJ-14
    4.77559e+03    2.18706e+04    1.01323e+04    9.84853e+02    1.70742e+03
     Coulomb-14        LJ (SR)  Disper. corr.   Coulomb (SR)   Coul. recip.
    9.10593e+04    3.46658e+03   -6.69173e+02   -3.18520e+05    8.47443e+02
      Potential    Kinetic En.   Total Energy  Conserved En.    Temperature
   -1.84345e+05    6.89321e+04   -1.15413e+05   -2.31887e+04    2.96533e+02
 Pres. DC (bar) Pressure (bar)   Constr. rmsd
   -1.78790e+01   -6.02350e+01    4.73903e-06

           Step           Time
         155000      310.00000

   Energies (kJ/mol)
           Bond            U-B    Proper Dih.  Improper Dih.          LJ-14
    4.62468e+03    2.19501e+04    9.91612e+03    1.03221e+03    1.74111e+03
     Coulomb-14        LJ (SR)  Disper. corr.   Coulomb (SR)   Coul. recip.
    9.13425e+04    3.91385e+03   -6.77364e+02   -3.20431e+05    8.65207e+02
      Potential    Kinetic En.   Total Energy  Conserved En.    Temperature
   -1.85722e+05    6.89402e+04   -1.16782e+05   -2.31096e+04    2.96568e+02
 Pres. DC (bar) Pressure (bar)   Constr. rmsd
   -1.83190e+01   -4.89005e+01    4.73903e-06

           Step           Time
         160000      320.00000

   Energies (kJ/mol)
           Bond            U-B    Proper Dih.  Improper Dih.          LJ-14
    4.81537e+03    2.16007e+04    1.01181e+04    9.40267e+02    1.71130e+03
     Coulomb-14        LJ (SR)  Disper. corr.   Coulomb (SR)   Coul. recip.
    9.14882e+04    3.05544e+03   -6.85700e+02   -3.19086e+05    7.79171e+02
      Potential    Kinetic En.   Total Energy  Conserved En.    Temperature
   -1.85263e+05    6.95118e+04   -1.15751e+05   -2.30607e+04    2.99027e+02
 Pres. DC (bar) Pressure (bar)   Constr. rmsd
   -1.87721e+01   -2.94261e+02    4.73903e-06

           Step           Time
         165000      330.00000

   Energies (kJ/mol)
           Bond            U-B    Proper Dih.  Improper Dih.          LJ-14
    4.80785e+03    2.21127e+04    1.01710e+04    9.76279e+02    1.71142e+03
     Coulomb-14        LJ (SR)  Disper. corr.   Coulomb (SR)   Coul. recip.
    9.14424e+04    4.05757e+03   -6.92663e+02   -3.19124e+05    8.41914e+02
      Potential    Kinetic En.   Total Energy  Conserved En.    Temperature
   -1.83696e+05    6.90774e+04   -1.14618e+05   -2.29112e+04    2.97158e+02
 Pres. DC (bar) Pressure (bar)   Constr. rmsd
   -1.91550e+01   -3.37814e+01    4.73903e-06

           Step           Time
         170000      340.00000

   Energies (kJ/mol)
           Bond            U-B    Proper Dih.  Improper Dih.          LJ-14
    4.71670e+03    2.16914e+04    1.01984e+04    9.42310e+02    1.74420e+03
     Coulomb-14        LJ (SR)  Disper. corr.   Coulomb (SR)   Coul. recip.
    9.12724e+04    3.59309e+03   -6.99943e+02   -3.19081e+05    8.40968e+02
      Potential    Kinetic En.   Total Energy  Conserved En.    Temperature
   -1.84781e+05    6.88574e+04   -1.15924e+05   -2.28214e+04    2.96212e+02
 Pres. DC (bar) Pressure (bar)   Constr. rmsd
   -1.95593e+01    3.78244e+01    4.73903e-06

           Step           Time
         175000      350.00000

   Energies (kJ/mol)
           Bond            U-B    Proper Dih.  Improper Dih.          LJ-14
    4.66283e+03    2.17499e+04    1.00710e+04    9.78209e+02    1.67527e+03
     Coulomb-14        LJ (SR)  Disper. corr.   Coulomb (SR)   Coul. recip.
    9.11799e+04    4.48862e+03   -7.06123e+02   -3.20018e+05    8.27168e+02
      Potential    Kinetic En.   Total Energy  Conserved En.    Temperature
   -1.85092e+05    6.86253e+04   -1.16466e+05   -2.27784e+04    2.95214e+02
 Pres. DC (bar) Pressure (bar)   Constr. rmsd
   -1.99059e+01    1.12248e+02    4.73903e-06

           Step           Time
         180000      360.00000

   Energies (kJ/mol)
           Bond            U-B    Proper Dih.  Improper Dih.          LJ-14
    4.82750e+03    2.17564e+04    9.96965e+03    1.00336e+03    1.74161e+03
     Coulomb-14        LJ (SR)  Disper. corr.   Coulomb (SR)   Coul. recip.
    9.08604e+04    4.29450e+03   -7.15505e+02   -3.19912e+05    7.95490e+02
      Potential    Kinetic En.   Total Energy  Conserved En.    Temperature
   -1.85379e+05    6.94913e+04   -1.15887e+05   -2.26738e+04    2.98939e+02
 Pres. DC (bar) Pressure (bar)   Constr. rmsd
   -2.04378e+01    1.39159e+02    4.73903e-06

           Step           Time
         185000      370.00000

   Energies (kJ/mol)
           Bond            U-B    Proper Dih.  Improper Dih.          LJ-14
    4.76764e+03    2.17946e+04    9.97292e+03    8.68178e+02    1.64887e+03
     Coulomb-14        LJ (SR)  Disper. corr.   Coulomb (SR)   Coul. recip.
    9.09062e+04    3.61152e+03   -7.21769e+02   -3.19034e+05    7.87119e+02
      Potential    Kinetic En.   Total Energy  Conserved En.    Temperature
   -1.85399e+05    6.89732e+04   -1.16425e+05   -2.25820e+04    2.96710e+02
 Pres. DC (bar) Pressure (bar)   Constr. rmsd
   -2.07968e+01    5.33508e+01    4.73903e-06

           Step           Time
         190000      380.00000

   Energies (kJ/mol)
           Bond            U-B    Proper Dih.  Improper Dih.          LJ-14
    4.96762e+03    2.16922e+04    1.02130e+04    9.21806e+02    1.71239e+03
     Coulomb-14        LJ (SR)  Disper. corr.   Coulomb (SR)   Coul. recip.
    9.14839e+04    3.27127e+03   -7.31194e+02   -3.19748e+05    8.14040e+02
      Potential    Kinetic En.   Total Energy  Conserved En.    Temperature
   -1.85403e+05    7.01992e+04   -1.15204e+05   -2.24721e+04    3.01984e+02
 Pres. DC (bar) Pressure (bar)   Constr. rmsd
   -2.13430e+01   -2.66030e+02    4.73903e-06

           Step           Time
         195000      390.00000

   Energies (kJ/mol)
           Bond            U-B    Proper Dih.  Improper Dih.          LJ-14
    4.80877e+03    2.19593e+04    1.01512e+04    9.31077e+02    1.73664e+03
     Coulomb-14        LJ (SR)  Disper. corr.   Coulomb (SR)   Coul. recip.
    9.14198e+04    3.35782e+03   -7.37694e+02   -3.19582e+05    8.46316e+02
      Potential    Kinetic En.   Total Energy  Conserved En.    Temperature
   -1.85109e+05    6.88921e+04   -1.16216e+05   -2.23455e+04    2.96361e+02
 Pres. DC (bar) Pressure (bar)   Constr. rmsd
   -2.17237e+01   -1.04636e+02    4.73903e-06

           Step           Time
         200000      400.00000

   Energies (kJ/mol)
           Bond            U-B    Proper Dih.  Improper Dih.          LJ-14
    4.67860e+03    2.18484e+04    1.02329e+04    9.34104e+02    1.68668e+03
     Coulomb-14        LJ (SR)  Disper. corr.   Coulomb (SR)   Coul. recip.
    9.11341e+04    3.29570e+03   -7.42796e+02   -3.19447e+05    8.52220e+02
      Potential    Kinetic En.   Total Energy  Conserved En.    Temperature
   -1.85528e+05    6.87402e+04   -1.16787e+05   -2.22925e+04    2.95708e+02
 Pres. DC (bar) Pressure (bar)   Constr. rmsd
   -2.20250e+01   -4.29461e+01    4.73903e-06

           Step           Time
         205000      410.00000

   Energies (kJ/mol)
           Bond            U-B    Proper Dih.  Improper Dih.          LJ-14
    4.78897e+03    2.13545e+04    1.00079e+04    9.80425e+02    1.69526e+03
     Coulomb-14        LJ (SR)  Disper. corr.   Coulomb (SR)   Coul. recip.
    9.12167e+04    3.52949e+03   -7.50785e+02   -3.19592e+05    8.61080e+02
      Potential    Kinetic En.   Total Energy  Conserved En.    Temperature
   -1.85909e+05    6.92956e+04   -1.16613e+05   -2.22278e+04    2.98097e+02
 Pres. DC (bar) Pressure (bar)   Constr. rmsd
   -2.25009e+01   -3.35127e+01    4.73903e-06

Writing checkpoint, step 205900 at Thu Jul 10 23:51:36 2025


           Step           Time
         210000      420.00000

   Energies (kJ/mol)
           Bond            U-B    Proper Dih.  Improper Dih.          LJ-14
    4.68177e+03    2.20352e+04    1.00145e+04    1.05316e+03    1.66193e+03
     Coulomb-14        LJ (SR)  Disper. corr.   Coulomb (SR)   Coul. recip.
    9.11494e+04    3.98958e+03   -7.56414e+02   -3.21298e+05    8.21729e+02
      Potential    Kinetic En.   Total Energy  Conserved En.    Temperature
   -1.86648e+05    6.90498e+04   -1.17598e+05   -2.20971e+04    2.97039e+02
 Pres. DC (bar) Pressure (bar)   Constr. rmsd
   -2.28392e+01    1.13944e+02    4.73903e-06

           Step           Time
         215000      430.00000

   Energies (kJ/mol)
           Bond            U-B    Proper Dih.  Improper Dih.          LJ-14
    4.83702e+03    2.13614e+04    1.01331e+04    1.01620e+03    1.67326e+03
     Coulomb-14        LJ (SR)  Disper. corr.   Coulomb (SR)   Coul. recip.
    9.10829e+04    3.23884e+03   -7.64934e+02   -3.19644e+05    7.86402e+02
      Potential    Kinetic En.   Total Energy  Conserved En.    Temperature
   -1.86280e+05    6.89573e+04   -1.17322e+05   -2.20244e+04    2.96642e+02
 Pres. DC (bar) Pressure (bar)   Constr. rmsd
   -2.33561e+01   -1.27445e+02    4.73903e-06

           Step           Time
         220000      440.00000

   Energies (kJ/mol)
           Bond            U-B    Proper Dih.  Improper Dih.          LJ-14
    4.95458e+03    2.13851e+04    1.01135e+04    9.53015e+02    1.70234e+03
     Coulomb-14        LJ (SR)  Disper. corr.   Coulomb (SR)   Coul. recip.
    9.13167e+04    4.00192e+03   -7.72637e+02   -3.20868e+05    8.00101e+02
      Potential    Kinetic En.   Total Energy  Conserved En.    Temperature
   -1.86413e+05    6.94544e+04   -1.16959e+05   -2.19236e+04    2.98780e+02
 Pres. DC (bar) Pressure (bar)   Constr. rmsd
   -2.38285e+01   -1.65001e+02    4.73903e-06

           Step           Time
         225000      450.00000

   Energies (kJ/mol)
           Bond            U-B    Proper Dih.  Improper Dih.          LJ-14
    4.96687e+03    2.16504e+04    1.01370e+04    9.33576e+02    1.77345e+03
     Coulomb-14        LJ (SR)  Disper. corr.   Coulomb (SR)   Coul. recip.
    9.12499e+04    3.48680e+03   -7.81344e+02   -3.20249e+05    8.47323e+02
      Potential    Kinetic En.   Total Energy  Conserved En.    Temperature
   -1.85985e+05    6.93213e+04   -1.16664e+05   -2.18263e+04    2.98208e+02
 Pres. DC (bar) Pressure (bar)   Constr. rmsd
   -2.43680e+01   -1.29901e+02    4.73903e-06

           Step           Time
         230000      460.00000

   Energies (kJ/mol)
           Bond            U-B    Proper Dih.  Improper Dih.          LJ-14
    4.79820e+03    2.18623e+04    1.00793e+04    9.78045e+02    1.79884e+03
     Coulomb-14        LJ (SR)  Disper. corr.   Coulomb (SR)   Coul. recip.
    9.12528e+04    3.57351e+03   -7.87679e+02   -3.20073e+05    7.90898e+02
      Potential    Kinetic En.   Total Energy  Conserved En.    Temperature
   -1.85727e+05    6.87985e+04   -1.16928e+05   -2.17175e+04    2.95959e+02
 Pres. DC (bar) Pressure (bar)   Constr. rmsd
   -2.47644e+01    1.79302e+02    4.73903e-06

           Step           Time
         235000      470.00000

   Energies (kJ/mol)
           Bond            U-B    Proper Dih.  Improper Dih.          LJ-14
    4.74013e+03    2.13678e+04    1.00996e+04    9.54799e+02    1.68644e+03
     Coulomb-14        LJ (SR)  Disper. corr.   Coulomb (SR)   Coul. recip.
    9.11660e+04    2.86521e+03   -7.93185e+02   -3.19022e+05    8.29611e+02
      Potential    Kinetic En.   Total Energy  Conserved En.    Temperature
   -1.86106e+05    6.90579e+04   -1.17048e+05   -2.16754e+04    2.97075e+02
 Pres. DC (bar) Pressure (bar)   Constr. rmsd
   -2.51115e+01   -2.32355e+02    4.73903e-06

           Step           Time
         240000      480.00000

   Energies (kJ/mol)
           Bond            U-B    Proper Dih.  Improper Dih.          LJ-14
    4.83612e+03    2.15280e+04    1.01500e+04    1.01660e+03    1.68170e+03
     Coulomb-14        LJ (SR)  Disper. corr.   Coulomb (SR)   Coul. recip.
    9.09582e+04    3.88480e+03   -8.01437e+02   -3.20251e+05    7.63271e+02
      Potential    Kinetic En.   Total Energy  Conserved En.    Temperature
   -1.86233e+05    6.89169e+04   -1.17316e+05   -2.15727e+04    2.96468e+02
 Pres. DC (bar) Pressure (bar)   Constr. rmsd
   -2.56363e+01   -4.06243e+01    4.73903e-06

           Step           Time
         245000      490.00000

   Energies (kJ/mol)
           Bond            U-B    Proper Dih.  Improper Dih.          LJ-14
    4.75691e+03    2.16067e+04    1.01681e+04    9.48168e+02    1.74045e+03
     Coulomb-14        LJ (SR)  Disper. corr.   Coulomb (SR)   Coul. recip.
    9.09460e+04    3.78987e+03   -8.06316e+02   -3.19627e+05    7.84724e+02
      Potential    Kinetic En.   Total Energy  Conserved En.    Temperature
   -1.85692e+05    6.87955e+04   -1.16897e+05   -2.14755e+04    2.95945e+02
 Pres. DC (bar) Pressure (bar)   Constr. rmsd
   -2.59491e+01   -5.21207e+01    4.73903e-06

           Step           Time
         250000      500.00000

Writing checkpoint, step 250000 at Thu Jul 10 23:52:00 2025


   Energies (kJ/mol)
           Bond            U-B    Proper Dih.  Improper Dih.          LJ-14
    4.81162e+03    2.19953e+04    1.01633e+04    9.61782e+02    1.79435e+03
     Coulomb-14        LJ (SR)  Disper. corr.   Coulomb (SR)   Coul. recip.
    9.14408e+04    3.56233e+03   -8.14053e+02   -3.19545e+05    8.47726e+02
      Potential    Kinetic En.   Total Energy  Conserved En.    Temperature
   -1.84782e+05    6.87265e+04   -1.16055e+05   -2.13191e+04    2.95649e+02
 Pres. DC (bar) Pressure (bar)   Constr. rmsd
   -2.64490e+01    4.71266e+01    4.73903e-06


Energy conservation over simulation part #1 of length 500 ns, time 0 to 500 ns
  Conserved energy drift: 5.28e-04 kJ/mol/ps per atom


	<======  ###############  ==>
	<====  A V E R A G E S  ====>
	<==  ###############  ======>

	Statistics over 250001 steps using 2501 frames

   Energies (kJ/mol)
           Bond            U-B    Proper Dih.  Improper Dih.          LJ-14
    4.72969e+03    2.14838e+04    1.02123e+04    9.50083e+02    1.71782e+03
     Coulomb-14        LJ (SR)  Disper. corr.   Coulomb (SR)   Coul. recip.
    9.16634e+04    4.24845e+03   -6.50359e+02   -3.17220e+05    9.14214e+02
      Potential    Kinetic En.   Total Energy  Conserved En.    Temperature
   -1.81951e+05    6.92929e+04   -1.12658e+05   -2.37181e+04    2.98086e+02
 Pres. DC (bar) Pressure (bar)   Constr. rmsd
   -1.72010e+01   -4.50447e+01    0.00000e+00

          Box-X          Box-Y          Box-Z
    5.45168e+00    5.45168e+00    2.18067e+01

   Total Virial (kJ/mol)
    2.41532e+04    2.38322e+00    2.15851e+01
    2.38510e+00    2.43271e+04    8.86003e+01
    2.15881e+01    8.86025e+01    2.35453e+04

   Pressure (bar)
   -5.36263e+01    5.38027e-01   -1.21395e+00
    5.37934e-01   -6.27320e+01   -4.49058e+00
   -1.21411e+00   -4.49070e+00   -1.87758e+01


       P P   -   P M E   L O A D   B A L A N C I N G

 PP/PME load balancing changed the cut-off and PME settings:
           particle-particle                    PME
            rcoulomb  rlist            grid      spacing   1/beta
   initial  1.400 nm  1.411 nm      52  52 200   0.120 nm  0.448 nm
   final    1.591 nm  1.602 nm      44  44 192   0.136 nm  0.509 nm
 cost-ratio           1.46             0.69
 (note that these numbers concern only part of the total PP and PME load)


	M E G A - F L O P S   A C C O U N T I N G

 NB=Group-cutoff nonbonded kernels    NxN=N-by-N cluster Verlet kernels
 RF=Reaction-Field  VdW=Van der Waals  QSTab=quadratic-spline table
 W3=SPC/TIP3p  W4=TIP4p (single or pairs)
 V&F=Potential and force  V=Potential only  F=Force only

 Computing:                               M-Number         M-Flops  % Flops
-----------------------------------------------------------------------------
 Pair Search distance check           11507.806624      103570.260     0.0
 NxN Ewald Elec. + LJ [F]          11782147.411584   777621729.165    98.1
 NxN Ewald Elec. + LJ [V&F]          119062.062016    12739640.636     1.6
 1,4 nonbonded interactions            4961.269845      446514.286     0.1
 Shift-X                                 63.850530         383.103     0.0
 Bonds                                 1113.754455       65711.513     0.0
 Propers                               4860.019440     1112944.452     0.1
 Impropers                              202.500810       42120.168     0.0
 Virial                                 639.400575       11509.210     0.0
 Stop-CM                                 63.876060         638.761     0.0
 P-Coupling                             638.275530        3829.653     0.0
 Calc-Ekin                             1276.551060       34466.879     0.0
 Lincs                                    0.011340           0.680     0.0
 Lincs-Mat                                0.097200           0.389     0.0
 Constraint-V                             0.026340           0.237     0.0
 Settle                                   0.010000           3.700     0.0
 Urey-Bradley                          4455.017820      815268.261     0.1
-----------------------------------------------------------------------------
 Total                                               792998331.352   100.0
-----------------------------------------------------------------------------


     R E A L   C Y C L E   A N D   T I M E   A C C O U N T I N G

On 1 MPI rank, each using 10 OpenMP threads

 Computing:          Num   Num      Call    Wall time         Giga-Cycles
                     Ranks Threads  Count      (s)         total sum    %
-----------------------------------------------------------------------------
 Neighbor search        1   10       2501       9.193        239.008   6.4
 Launch GPU ops.        1   10     497501      23.137        601.575  16.0
 Force                  1   10     250001      50.046       1301.210  34.7
 Wait PME GPU gather    1   10     250001       0.058          1.497   0.0
 Reduce GPU PME F       1   10     250001       0.598         15.560   0.4
 Wait GPU NB local      1   10     225000       0.153          3.978   0.1
 Wait GPU state copy    1   10     312504      43.569       1132.800  30.2
 NB X/F buffer ops.     1   10      25001       2.130         55.390   1.5
 Write traj.            1   10         53       2.514         65.364   1.7
 Constraints            1   10          2       0.002          0.046   0.0
 Rest                                          12.998        337.941   9.0
-----------------------------------------------------------------------------
 Total                                        144.398       3754.369 100.0
-----------------------------------------------------------------------------

               Core t (s)   Wall t (s)        (%)
       Time:     1443.967      144.398     1000.0
                 (ns/day)    (hour/ns)
Performance:      299.175        0.080
Finished mdrun on rank 0 Thu Jul 10 23:52:01 2025

