                      :-) GROMACS - gmx mdrun, 2021.5 (-:

                            GROMACS is written by:
     Andrey Alekseenko              Emile Apol              Rossen Apostolov     
         Paul Bauer           Herman J.C. Berendsen           Par Bjelkmar       
       Christian Blau           Viacheslav Bolnykh             Kevin Boyd        
     Aldert van Buuren           Rudi van Drunen             Anton Feenstra      
    Gilles Gouaillardet             Alan Gray               Gerrit Groenhof      
       Anca Hamuraru            Vincent Hindriksen          M. Eric Irrgang      
      Aleksei Iupinov           Christoph Junghans             Joe Jordan        
    Dimitrios Karkoulis            Peter Kasson                Jiri Kraus        
      Carsten Kutzner              Per Larsson              Justin A. Lemkul     
       Viveca Lindahl            Magnus Lundborg             Erik Marklund       
        Pascal Merz             Pieter Meulenhoff            Teemu Murtola       
        Szilard Pall               Sander Pronk              Roland Schulz       
       Michael Shirts            Alexey Shvetsov             Alfons Sijbers      
       Peter Tieleman              Jon Vincent              Teemu Virolainen     
     Christian Wennberg            Maarten Wolf              Artem Zhmurov       
                           and the project leaders:
        Mark Abraham, Berk Hess, Erik Lindahl, and David van der Spoel

Copyright (c) 1991-2000, University of Groningen, The Netherlands.
Copyright (c) 2001-2019, The GROMACS development team at
Uppsala University, Stockholm University and
the Royal Institute of Technology, Sweden.
check out http://www.gromacs.org for more information.

GROMACS is free software; you can redistribute it and/or modify it
under the terms of the GNU Lesser General Public License
as published by the Free Software Foundation; either version 2.1
of the License, or (at your option) any later version.

GROMACS:      gmx mdrun, version 2021.5
Executable:   /usr/local/gromacs_2021.5/bin/gmx
Data prefix:  /usr/local/gromacs_2021.5
Working dir:  /srv/home/apbal/work/REU/mixtures/pure_mix/halo
Process ID:   385154
Command line:
  gmx mdrun -v -deffnm npt -ntomp 10 -nb gpu -bonded cpu -update gpu -ntmpi 1 -cpt 1

GROMACS version:    2021.5
Precision:          mixed
Memory model:       64 bit
MPI library:        thread_mpi
OpenMP support:     enabled (GMX_OPENMP_MAX_THREADS = 256)
GPU support:        CUDA
SIMD instructions:  AVX2_256
FFT library:        fftw-3.3.8-sse2-avx-avx2-avx2_128
RDTSCP usage:       enabled
TNG support:        enabled
Hwloc support:      disabled
Tracing support:    disabled
C compiler:         /usr/bin/cc GNU 9.4.0
C compiler flags:   -mavx2 -mfma -Wno-missing-field-initializers -fexcess-precision=fast -funroll-all-loops -pthread -O3 -DNDEBUG
C++ compiler:       /usr/bin/c++ GNU 9.4.0
C++ compiler flags: -mavx2 -mfma -Wno-missing-field-initializers -fexcess-precision=fast -funroll-all-loops -pthread -fopenmp -O3 -DNDEBUG
CUDA compiler:      /usr/local/cuda-12.2/bin/nvcc nvcc: NVIDIA (R) Cuda compiler driver;Copyright (c) 2005-2023 NVIDIA Corporation;Built on Tue_Aug_15_22:02:13_PDT_2023;Cuda compilation tools, release 12.2, V12.2.140;Build cuda_12.2.r12.2/compiler.33191640_0
CUDA compiler flags:-std=c++17;-gencode;arch=compute_60,code=sm_60;-gencode;arch=compute_61,code=sm_61;-gencode;arch=compute_62,code=sm_62;-gencode;arch=compute_70,code=sm_70;-gencode;arch=compute_75,code=sm_75;-gencode;arch=compute_80,code=sm_80;-gencode;arch=compute_86,code=sm_86;-gencode;arch=compute_89,code=sm_89;-gencode;arch=compute_60,code=compute_60;-gencode;arch=compute_61,code=compute_61;-gencode;arch=compute_62,code=compute_62;-gencode;arch=compute_70,code=compute_70;-gencode;arch=compute_75,code=compute_75;-gencode;arch=compute_80,code=compute_80;-gencode;arch=compute_86,code=compute_86;-gencode;arch=compute_89,code=compute_89;-use_fast_math;-D_FORCE_INLINES;-mavx2 -mfma -Wno-missing-field-initializers -fexcess-precision=fast -funroll-all-loops -pthread -fopenmp -O3 -DNDEBUG
CUDA driver:        12.90
CUDA runtime:       12.20


Running on 1 node with total 128 cores, 128 logical cores, 1 compatible GPU
Hardware detected:
  CPU info:
    Vendor: AMD
    Brand:  AMD EPYC 7513 32-Core Processor                
    Family: 25   Model: 1   Stepping: 1
    Features: aes amd apic avx avx2 clfsh cmov cx8 cx16 f16c fma htt lahf misalignsse mmx msr nonstop_tsc pcid pclmuldq pdpe1gb popcnt pse rdrnd rdtscp sha sse2 sse3 sse4a sse4.1 sse4.2 ssse3
  Hardware topology: Only logical processor count
  GPU info:
    Number of GPUs detected: 1
    #0: NVIDIA NVIDIA RTX A4500, compute cap.: 8.6, ECC:  no, stat: compatible


++++ PLEASE READ AND CITE THE FOLLOWING REFERENCE ++++
M. J. Abraham, T. Murtola, R. Schulz, S. Páll, J. C. Smith, B. Hess, E.
Lindahl
GROMACS: High performance molecular simulations through multi-level
parallelism from laptops to supercomputers
SoftwareX 1 (2015) pp. 19-25
-------- -------- --- Thank You --- -------- --------


++++ PLEASE READ AND CITE THE FOLLOWING REFERENCE ++++
S. Páll, M. J. Abraham, C. Kutzner, B. Hess, E. Lindahl
Tackling Exascale Software Challenges in Molecular Dynamics Simulations with
GROMACS
In S. Markidis & E. Laure (Eds.), Solving Software Challenges for Exascale 8759 (2015) pp. 3-27
-------- -------- --- Thank You --- -------- --------


++++ PLEASE READ AND CITE THE FOLLOWING REFERENCE ++++
S. Pronk, S. Páll, R. Schulz, P. Larsson, P. Bjelkmar, R. Apostolov, M. R.
Shirts, J. C. Smith, P. M. Kasson, D. van der Spoel, B. Hess, and E. Lindahl
GROMACS 4.5: a high-throughput and highly parallel open source molecular
simulation toolkit
Bioinformatics 29 (2013) pp. 845-54
-------- -------- --- Thank You --- -------- --------


++++ PLEASE READ AND CITE THE FOLLOWING REFERENCE ++++
B. Hess and C. Kutzner and D. van der Spoel and E. Lindahl
GROMACS 4: Algorithms for highly efficient, load-balanced, and scalable
molecular simulation
J. Chem. Theory Comput. 4 (2008) pp. 435-447
-------- -------- --- Thank You --- -------- --------


++++ PLEASE READ AND CITE THE FOLLOWING REFERENCE ++++
D. van der Spoel, E. Lindahl, B. Hess, G. Groenhof, A. E. Mark and H. J. C.
Berendsen
GROMACS: Fast, Flexible and Free
J. Comp. Chem. 26 (2005) pp. 1701-1719
-------- -------- --- Thank You --- -------- --------


++++ PLEASE READ AND CITE THE FOLLOWING REFERENCE ++++
E. Lindahl and B. Hess and D. van der Spoel
GROMACS 3.0: A package for molecular simulation and trajectory analysis
J. Mol. Mod. 7 (2001) pp. 306-317
-------- -------- --- Thank You --- -------- --------


++++ PLEASE READ AND CITE THE FOLLOWING REFERENCE ++++
H. J. C. Berendsen, D. van der Spoel and R. van Drunen
GROMACS: A message-passing parallel molecular dynamics implementation
Comp. Phys. Comm. 91 (1995) pp. 43-56
-------- -------- --- Thank You --- -------- --------


++++ PLEASE CITE THE DOI FOR THIS VERSION OF GROMACS ++++
https://doi.org/10.5281/zenodo.5850051
-------- -------- --- Thank You --- -------- --------

Input Parameters:
   integrator                     = md
   tinit                          = 0
   dt                             = 0.002
   nsteps                         = 500000
   init-step                      = 0
   simulation-part                = 1
   mts                            = false
   comm-mode                      = Linear
   nstcomm                        = 100
   bd-fric                        = 0
   ld-seed                        = -33579019
   emtol                          = 10
   emstep                         = 0.01
   niter                          = 20
   fcstep                         = 0
   nstcgsteep                     = 1000
   nbfgscorr                      = 10
   rtpi                           = 0.05
   nstxout                        = 5000
   nstvout                        = 5000
   nstfout                        = 0
   nstlog                         = 5000
   nstcalcenergy                  = 100
   nstenergy                      = 5000
   nstxout-compressed             = 5000
   compressed-x-precision         = 1000
   cutoff-scheme                  = Verlet
   nstlist                        = 10
   pbc                            = xyz
   periodic-molecules             = false
   verlet-buffer-tolerance        = 0.005
   rlist                          = 1.4
   coulombtype                    = PME
   coulomb-modifier               = Potential-shift
   rcoulomb-switch                = 0
   rcoulomb                       = 1.4
   epsilon-r                      = 1
   epsilon-rf                     = inf
   vdw-type                       = Cut-off
   vdw-modifier                   = Potential-shift
   rvdw-switch                    = 0
   rvdw                           = 1.4
   DispCorr                       = EnerPres
   table-extension                = 1
   fourierspacing                 = 0.12
   fourier-nx                     = 52
   fourier-ny                     = 52
   fourier-nz                     = 200
   pme-order                      = 4
   ewald-rtol                     = 1e-05
   ewald-rtol-lj                  = 0.001
   lj-pme-comb-rule               = Geometric
   ewald-geometry                 = 0
   epsilon-surface                = 0
   tcoupl                         = V-rescale
   nsttcouple                     = 10
   nh-chain-length                = 0
   print-nose-hoover-chain-variables = false
   pcoupl                         = Berendsen
   pcoupltype                     = Semiisotropic
   nstpcouple                     = 10
   tau-p                          = 2
   compressibility (3x3):
      compressibility[    0]={ 4.50000e-05,  0.00000e+00,  0.00000e+00}
      compressibility[    1]={ 0.00000e+00,  4.50000e-05,  0.00000e+00}
      compressibility[    2]={ 0.00000e+00,  0.00000e+00,  4.50000e-05}
   ref-p (3x3):
      ref-p[    0]={ 1.00000e+00,  0.00000e+00,  0.00000e+00}
      ref-p[    1]={ 0.00000e+00,  1.00000e+00,  0.00000e+00}
      ref-p[    2]={ 0.00000e+00,  0.00000e+00,  1.00000e+00}
   refcoord-scaling               = No
   posres-com (3):
      posres-com[0]= 0.00000e+00
      posres-com[1]= 0.00000e+00
      posres-com[2]= 0.00000e+00
   posres-comB (3):
      posres-comB[0]= 0.00000e+00
      posres-comB[1]= 0.00000e+00
      posres-comB[2]= 0.00000e+00
   QMMM                           = false
qm-opts:
   ngQM                           = 0
   constraint-algorithm           = Lincs
   continuation                   = false
   Shake-SOR                      = false
   shake-tol                      = 0.0001
   lincs-order                    = 4
   lincs-iter                     = 1
   lincs-warnangle                = 30
   nwall                          = 0
   wall-type                      = 9-3
   wall-r-linpot                  = -1
   wall-atomtype[0]               = -1
   wall-atomtype[1]               = -1
   wall-density[0]                = 0
   wall-density[1]                = 0
   wall-ewald-zfac                = 3
   pull                           = false
   awh                            = false
   rotation                       = false
   interactiveMD                  = false
   disre                          = No
   disre-weighting                = Conservative
   disre-mixed                    = false
   dr-fc                          = 1000
   dr-tau                         = 0
   nstdisreout                    = 100
   orire-fc                       = 0
   orire-tau                      = 0
   nstorireout                    = 100
   free-energy                    = no
   cos-acceleration               = 0
   deform (3x3):
      deform[    0]={ 0.00000e+00,  0.00000e+00,  0.00000e+00}
      deform[    1]={ 0.00000e+00,  0.00000e+00,  0.00000e+00}
      deform[    2]={ 0.00000e+00,  0.00000e+00,  0.00000e+00}
   simulated-tempering            = false
   swapcoords                     = no
   userint1                       = 0
   userint2                       = 0
   userint3                       = 0
   userint4                       = 0
   userreal1                      = 0
   userreal2                      = 0
   userreal3                      = 0
   userreal4                      = 0
   applied-forces:
     electric-field:
       x:
         E0                       = 0
         omega                    = 0
         t0                       = 0
         sigma                    = 0
       y:
         E0                       = 0
         omega                    = 0
         t0                       = 0
         sigma                    = 0
       z:
         E0                       = 0
         omega                    = 0
         t0                       = 0
         sigma                    = 0
     density-guided-simulation:
       active                     = false
       group                      = protein
       similarity-measure         = inner-product
       atom-spreading-weight      = unity
       force-constant             = 1e+09
       gaussian-transform-spreading-width = 0.2
       gaussian-transform-spreading-range-in-multiples-of-width = 4
       reference-density-filename = reference.mrc
       nst                        = 1
       normalize-densities        = true
       adaptive-force-scaling     = false
       adaptive-force-scaling-time-constant = 4
       shift-vector               = 
       transformation-matrix      = 
grpopts:
   nrdf:      104081
   ref-t:         298
   tau-t:         0.1
annealing:          No
annealing-npoints:           0
   acc:	           0           0           0
   nfreeze:           N           N           N
   energygrp-flags[  0]: 0

Changing nstlist from 10 to 100, rlist from 1.4 to 1.4

1 GPU selected for this run.
Mapping of GPU IDs to the 2 GPU tasks in the 1 rank on this node:
  PP:0,PME:0
PP tasks will do (non-perturbed) short-ranged interactions on the GPU
PP task will update and constrain coordinates on the GPU
PME tasks will do all aspects on the GPU
Using 1 MPI thread

Non-default thread affinity set, disabling internal thread affinity

Using 10 OpenMP threads 

System total charge: 0.000
Will do PME sum in reciprocal space for electrostatic interactions.

++++ PLEASE READ AND CITE THE FOLLOWING REFERENCE ++++
U. Essmann, L. Perera, M. L. Berkowitz, T. Darden, H. Lee and L. G. Pedersen 
A smooth particle mesh Ewald method
J. Chem. Phys. 103 (1995) pp. 8577-8592
-------- -------- --- Thank You --- -------- --------

Using a Gaussian width (1/beta) of 0.448228 nm for Ewald
Potential shift: LJ r^-12: -1.764e-02 r^-6: -1.328e-01, Ewald -7.143e-06
Initialized non-bonded Ewald tables, spacing: 1.10e-03 size: 1270

Generated table with 1200 data points for 1-4 COUL.
Tabscale = 500 points/nm
Generated table with 1200 data points for 1-4 LJ6.
Tabscale = 500 points/nm
Generated table with 1200 data points for 1-4 LJ12.
Tabscale = 500 points/nm
Long Range LJ corr.: <C6> 4.4359e-04


Using GPU 8x8 nonbonded short-range kernels

Using a 8x8 pair-list setup:
  updated every 100 steps, buffer 0.000 nm, rlist 1.400 nm
At tolerance 0.005 kJ/mol/ps per atom, equivalent classical 1x1 list would be:
  updated every 100 steps, buffer 0.167 nm, rlist 1.567 nm

Using Lorentz-Berthelot Lennard-Jones combination rule
Removing pbc first time

Initializing LINear Constraint Solver

++++ PLEASE READ AND CITE THE FOLLOWING REFERENCE ++++
B. Hess and H. Bekker and H. J. C. Berendsen and J. G. E. M. Fraaije
LINCS: A Linear Constraint Solver for molecular simulations
J. Comp. Chem. 18 (1997) pp. 1463-1472
-------- -------- --- Thank You --- -------- --------

The number of constraints is 10183

++++ PLEASE READ AND CITE THE FOLLOWING REFERENCE ++++
S. Miyamoto and P. A. Kollman
SETTLE: An Analytical Version of the SHAKE and RATTLE Algorithms for Rigid
Water Models
J. Comp. Chem. 13 (1992) pp. 952-962
-------- -------- --- Thank You --- -------- --------


++++ PLEASE READ AND CITE THE FOLLOWING REFERENCE ++++
G. Bussi, D. Donadio and M. Parrinello
Canonical sampling through velocity rescaling
J. Chem. Phys. 126 (2007) pp. 014101
-------- -------- --- Thank You --- -------- --------

There are: 42890 Atoms

Updating coordinates and applying constraints on the GPU.

Constraining the starting coordinates (step 0)

Constraining the coordinates at t0-dt (step 0)
Center of mass motion removal mode is Linear
We have the following groups for center of mass motion removal:
  0:  rest
RMS relative constraint deviation after constraining: 4.88e-06
Initial temperature: 300.985 K

Started mdrun on rank 0 Tue Jul  1 11:54:51 2025

           Step           Time
              0        0.00000

   Energies (kJ/mol)
           Bond          Angle            U-B          LJ-14     Coulomb-14
    5.51393e+02    2.39298e+02    6.56779e+02   -2.02100e+03   -1.34281e+05
        LJ (SR)  Disper. corr.   Coulomb (SR)   Coul. recip.      Potential
   -3.90634e+04   -1.44047e+03   -1.66289e+05    3.95419e+03   -3.37693e+05
    Kinetic En.   Total Energy  Conserved En.    Temperature Pres. DC (bar)
    1.30336e+05   -2.07357e+05   -2.07302e+05    3.01222e+02   -2.77090e+01
 Pressure (bar)   Constr. rmsd
   -9.17590e+02    4.87519e-06

step 2400: timed with pme grid 52 52 200, coulomb cutoff 1.400: 5735.5 M-cycles
step 2600: timed with pme grid 42 42 168, coulomb cutoff 1.667: 4440.2 M-cycles
step 2800: timed with pme grid 36 36 144, coulomb cutoff 1.944: 193.2 M-cycles
step 3000: timed with pme grid 32 32 128, coulomb cutoff 2.188: 231.9 M-cycles
step 3200: timed with pme grid 36 36 144, coulomb cutoff 1.944: 183.9 M-cycles
step 3400: timed with pme grid 40 40 160, coulomb cutoff 1.750: 165.2 M-cycles
step 3600: timed with pme grid 36 36 144, coulomb cutoff 1.944: 185.0 M-cycles
step 3800: timed with pme grid 40 40 160, coulomb cutoff 1.750: 160.9 M-cycles
step 4000: timed with pme grid 40 40 160, coulomb cutoff 1.750: 159.3 M-cycles
              optimal pme grid 40 40 160, coulomb cutoff 1.750
           Step           Time
           5000       10.00000

   Energies (kJ/mol)
           Bond          Angle            U-B          LJ-14     Coulomb-14
    1.14538e+04    1.47106e+04    1.77491e+04   -1.99793e+03   -1.34853e+05
        LJ (SR)  Disper. corr.   Coulomb (SR)   Coul. recip.      Potential
   -4.03204e+04   -1.54297e+03   -2.14474e+05    1.53190e+03   -3.47743e+05
    Kinetic En.   Total Energy  Conserved En.    Temperature Pres. DC (bar)
    1.28321e+05   -2.19422e+05   -2.04331e+05    2.96567e+02   -3.17887e+01
 Pressure (bar)   Constr. rmsd
   -1.28108e+01    4.87519e-06

           Step           Time
          10000       20.00000

   Energies (kJ/mol)
           Bond          Angle            U-B          LJ-14     Coulomb-14
    1.23087e+04    1.52289e+04    1.92579e+04   -1.99526e+03   -1.34872e+05
        LJ (SR)  Disper. corr.   Coulomb (SR)   Coul. recip.      Potential
   -4.61981e+04   -1.62465e+03   -2.27266e+05    1.36526e+03   -3.63796e+05
    Kinetic En.   Total Energy  Conserved En.    Temperature Pres. DC (bar)
    1.30982e+05   -2.32813e+05   -2.04141e+05    3.02717e+02   -3.52406e+01
 Pressure (bar)   Constr. rmsd
   -1.05046e+02    4.87519e-06

           Step           Time
          15000       30.00000

   Energies (kJ/mol)
           Bond          Angle            U-B          LJ-14     Coulomb-14
    1.28942e+04    1.54150e+04    2.03817e+04   -1.99368e+03   -1.34850e+05
        LJ (SR)  Disper. corr.   Coulomb (SR)   Coul. recip.      Potential
   -4.94953e+04   -1.70276e+03   -2.33859e+05    1.27062e+03   -3.71940e+05
    Kinetic En.   Total Energy  Conserved En.    Temperature Pres. DC (bar)
    1.28283e+05   -2.43657e+05   -2.03980e+05    2.96479e+02   -3.87080e+01
 Pressure (bar)   Constr. rmsd
   -2.17671e+02    4.87519e-06

           Step           Time
          20000       40.00000

   Energies (kJ/mol)
           Bond          Angle            U-B          LJ-14     Coulomb-14
    1.34789e+04    1.59875e+04    2.09934e+04   -1.99479e+03   -1.34901e+05
        LJ (SR)  Disper. corr.   Coulomb (SR)   Coul. recip.      Potential
   -5.23425e+04   -1.78609e+03   -2.39803e+05    1.18985e+03   -3.79178e+05
    Kinetic En.   Total Energy  Conserved En.    Temperature Pres. DC (bar)
    1.28842e+05   -2.50336e+05   -2.03860e+05    2.97769e+02   -4.25863e+01
 Pressure (bar)   Constr. rmsd
    8.94176e-01    4.87519e-06

           Step           Time
          25000       50.00000

   Energies (kJ/mol)
           Bond          Angle            U-B          LJ-14     Coulomb-14
    1.41460e+04    1.59439e+04    2.14548e+04   -1.99378e+03   -1.34887e+05
        LJ (SR)  Disper. corr.   Coulomb (SR)   Coul. recip.      Potential
   -5.37458e+04   -1.86976e+03   -2.44311e+05    1.16711e+03   -3.84095e+05
    Kinetic En.   Total Energy  Conserved En.    Temperature Pres. DC (bar)
    1.28731e+05   -2.55364e+05   -2.03704e+05    2.97514e+02   -4.66668e+01
 Pressure (bar)   Constr. rmsd
   -2.33712e+02    4.87519e-06

           Step           Time
          30000       60.00000

   Energies (kJ/mol)
           Bond          Angle            U-B          LJ-14     Coulomb-14
    1.42031e+04    1.61367e+04    2.19269e+04   -1.99272e+03   -1.34846e+05
        LJ (SR)  Disper. corr.   Coulomb (SR)   Coul. recip.      Potential
   -5.49357e+04   -1.96162e+03   -2.46452e+05    1.05638e+03   -3.86864e+05
    Kinetic En.   Total Energy  Conserved En.    Temperature Pres. DC (bar)
    1.29519e+05   -2.57345e+05   -2.03604e+05    2.99336e+02   -5.13617e+01
 Pressure (bar)   Constr. rmsd
   -2.13068e+02    4.87519e-06

           Step           Time
          35000       70.00000

   Energies (kJ/mol)
           Bond          Angle            U-B          LJ-14     Coulomb-14
    1.47585e+04    1.64598e+04    2.20167e+04   -1.99353e+03   -1.34843e+05
        LJ (SR)  Disper. corr.   Coulomb (SR)   Coul. recip.      Potential
   -5.78779e+04   -2.05852e+03   -2.50682e+05    1.10539e+03   -3.93115e+05
    Kinetic En.   Total Energy  Conserved En.    Temperature Pres. DC (bar)
    1.28769e+05   -2.64346e+05   -2.03396e+05    2.97602e+02   -5.65580e+01
 Pressure (bar)   Constr. rmsd
   -2.64048e+02    4.87519e-06

           Step           Time
          40000       80.00000

   Energies (kJ/mol)
           Bond          Angle            U-B          LJ-14     Coulomb-14
    1.48356e+04    1.65765e+04    2.20954e+04   -1.99433e+03   -1.34878e+05
        LJ (SR)  Disper. corr.   Coulomb (SR)   Coul. recip.      Potential
   -5.90361e+04   -2.15404e+03   -2.52115e+05    1.05480e+03   -3.95614e+05
    Kinetic En.   Total Energy  Conserved En.    Temperature Pres. DC (bar)
    1.29307e+05   -2.66307e+05   -2.03388e+05    2.98845e+02   -6.19251e+01
 Pressure (bar)   Constr. rmsd
   -8.77734e+01    4.87519e-06

           Step           Time
          45000       90.00000

   Energies (kJ/mol)
           Bond          Angle            U-B          LJ-14     Coulomb-14
    1.48150e+04    1.64996e+04    2.21293e+04   -1.99274e+03   -1.34849e+05
        LJ (SR)  Disper. corr.   Coulomb (SR)   Coul. recip.      Potential
   -6.13326e+04   -2.23411e+03   -2.54489e+05    1.02035e+03   -4.00433e+05
    Kinetic En.   Total Energy  Conserved En.    Temperature Pres. DC (bar)
    1.29195e+05   -2.71239e+05   -2.03319e+05    2.98585e+02   -6.66115e+01
 Pressure (bar)   Constr. rmsd
   -1.95110e+02    4.87519e-06

           Step           Time
          50000      100.00000

   Energies (kJ/mol)
           Bond          Angle            U-B          LJ-14     Coulomb-14
    1.53416e+04    1.66877e+04    2.25548e+04   -1.99292e+03   -1.34902e+05
        LJ (SR)  Disper. corr.   Coulomb (SR)   Coul. recip.      Potential
   -6.34017e+04   -2.30049e+03   -2.53913e+05    1.07556e+03   -4.00850e+05
    Kinetic En.   Total Energy  Conserved En.    Temperature Pres. DC (bar)
    1.29814e+05   -2.71035e+05   -2.03213e+05    3.00018e+02   -7.06262e+01
 Pressure (bar)   Constr. rmsd
   -1.78071e+02    4.87519e-06

           Step           Time
          55000      110.00000

   Energies (kJ/mol)
           Bond          Angle            U-B          LJ-14     Coulomb-14
    1.54620e+04    1.67794e+04    2.22721e+04   -1.99374e+03   -1.34903e+05
        LJ (SR)  Disper. corr.   Coulomb (SR)   Coul. recip.      Potential
   -6.23411e+04   -2.37932e+03   -2.56419e+05    9.44879e+02   -4.02577e+05
    Kinetic En.   Total Energy  Conserved En.    Temperature Pres. DC (bar)
    1.29413e+05   -2.73164e+05   -2.03166e+05    2.99091e+02   -7.55469e+01
 Pressure (bar)   Constr. rmsd
   -1.58295e+02    4.87519e-06

Writing checkpoint, step 57200 at Tue Jul  1 11:55:51 2025


           Step           Time
          60000      120.00000

   Energies (kJ/mol)
           Bond          Angle            U-B          LJ-14     Coulomb-14
    1.57683e+04    1.67561e+04    2.22254e+04   -1.99240e+03   -1.34850e+05
        LJ (SR)  Disper. corr.   Coulomb (SR)   Coul. recip.      Potential
   -6.25286e+04   -2.46926e+03   -2.57560e+05    1.01799e+03   -4.03632e+05
    Kinetic En.   Total Energy  Conserved En.    Temperature Pres. DC (bar)
    1.28600e+05   -2.75032e+05   -2.03093e+05    2.97211e+02   -8.13628e+01
 Pressure (bar)   Constr. rmsd
   -2.47808e+02    4.87519e-06

           Step           Time
          65000      130.00000

   Energies (kJ/mol)
           Bond          Angle            U-B          LJ-14     Coulomb-14
    1.54146e+04    1.69326e+04    2.20356e+04   -1.99246e+03   -1.34874e+05
        LJ (SR)  Disper. corr.   Coulomb (SR)   Coul. recip.      Potential
   -6.41134e+04   -2.55728e+03   -2.58049e+05    9.74190e+02   -4.06228e+05
    Kinetic En.   Total Energy  Conserved En.    Temperature Pres. DC (bar)
    1.28541e+05   -2.77688e+05   -2.03127e+05    2.97074e+02   -8.72639e+01
 Pressure (bar)   Constr. rmsd
   -4.80965e+01    4.87519e-06

           Step           Time
          70000      140.00000

   Energies (kJ/mol)
           Bond          Angle            U-B          LJ-14     Coulomb-14
    1.59478e+04    1.67662e+04    2.22013e+04   -1.99287e+03   -1.34835e+05
        LJ (SR)  Disper. corr.   Coulomb (SR)   Coul. recip.      Potential
   -6.50067e+04   -2.62875e+03   -2.58583e+05    9.16547e+02   -4.07214e+05
    Kinetic En.   Total Energy  Conserved En.    Temperature Pres. DC (bar)
    1.28994e+05   -2.78220e+05   -2.02998e+05    2.98122e+02   -9.22074e+01
 Pressure (bar)   Constr. rmsd
   -3.59767e+02    4.87519e-06

           Step           Time
          75000      150.00000

   Energies (kJ/mol)
           Bond          Angle            U-B          LJ-14     Coulomb-14
    1.56460e+04    1.68472e+04    2.22206e+04   -1.99282e+03   -1.34891e+05
        LJ (SR)  Disper. corr.   Coulomb (SR)   Coul. recip.      Potential
   -6.51704e+04   -2.67365e+03   -2.60044e+05    8.99144e+02   -4.09158e+05
    Kinetic En.   Total Energy  Conserved En.    Temperature Pres. DC (bar)
    1.28447e+05   -2.80711e+05   -2.02973e+05    2.96859e+02   -9.53824e+01
 Pressure (bar)   Constr. rmsd
    2.30732e+02    4.87519e-06

           Step           Time
          80000      160.00000

   Energies (kJ/mol)
           Bond          Angle            U-B          LJ-14     Coulomb-14
    1.61820e+04    1.67927e+04    2.25496e+04   -1.99274e+03   -1.34922e+05
        LJ (SR)  Disper. corr.   Coulomb (SR)   Coul. recip.      Potential
   -6.58792e+04   -2.68086e+03   -2.60521e+05    9.03284e+02   -4.09568e+05
    Kinetic En.   Total Energy  Conserved En.    Temperature Pres. DC (bar)
    1.27917e+05   -2.81651e+05   -2.02892e+05    2.95633e+02   -9.58974e+01
 Pressure (bar)   Constr. rmsd
    6.48285e+01    4.87519e-06

           Step           Time
          85000      170.00000

   Energies (kJ/mol)
           Bond          Angle            U-B          LJ-14     Coulomb-14
    1.60521e+04    1.70903e+04    2.24719e+04   -1.99368e+03   -1.34908e+05
        LJ (SR)  Disper. corr.   Coulomb (SR)   Coul. recip.      Potential
   -6.66332e+04   -2.68952e+03   -2.59923e+05    9.78490e+02   -4.09556e+05
    Kinetic En.   Total Energy  Conserved En.    Temperature Pres. DC (bar)
    1.28856e+05   -2.80699e+05   -2.02852e+05    2.97803e+02   -9.65179e+01
 Pressure (bar)   Constr. rmsd
    2.71312e+02    4.87519e-06

           Step           Time
          90000      180.00000

   Energies (kJ/mol)
           Bond          Angle            U-B          LJ-14     Coulomb-14
    1.60179e+04    1.67872e+04    2.21751e+04   -1.99249e+03   -1.34868e+05
        LJ (SR)  Disper. corr.   Coulomb (SR)   Coul. recip.      Potential
   -6.59558e+04   -2.69267e+03   -2.61164e+05    9.08764e+02   -4.10784e+05
    Kinetic En.   Total Energy  Conserved En.    Temperature Pres. DC (bar)
    1.28276e+05   -2.82509e+05   -2.02903e+05    2.96462e+02   -9.67439e+01
 Pressure (bar)   Constr. rmsd
    5.90585e+01    4.87519e-06

           Step           Time
          95000      190.00000

   Energies (kJ/mol)
           Bond          Angle            U-B          LJ-14     Coulomb-14
    1.57196e+04    1.69416e+04    2.20784e+04   -1.99330e+03   -1.34874e+05
        LJ (SR)  Disper. corr.   Coulomb (SR)   Coul. recip.      Potential
   -6.61861e+04   -2.69731e+03   -2.62716e+05    9.26827e+02   -4.12801e+05
    Kinetic En.   Total Energy  Conserved En.    Temperature Pres. DC (bar)
    1.28484e+05   -2.84317e+05   -2.02804e+05    2.96943e+02   -9.70776e+01
 Pressure (bar)   Constr. rmsd
   -1.66001e+02    4.87519e-06

           Step           Time
         100000      200.00000

   Energies (kJ/mol)
           Bond          Angle            U-B          LJ-14     Coulomb-14
    1.62531e+04    1.70951e+04    2.20228e+04   -1.99363e+03   -1.34893e+05
        LJ (SR)  Disper. corr.   Coulomb (SR)   Coul. recip.      Potential
   -6.59978e+04   -2.69277e+03   -2.61613e+05    9.45894e+02   -4.10873e+05
    Kinetic En.   Total Energy  Conserved En.    Temperature Pres. DC (bar)
    1.28329e+05   -2.82544e+05   -2.02787e+05    2.96586e+02   -9.67509e+01
 Pressure (bar)   Constr. rmsd
    1.45572e+02    4.87519e-06

           Step           Time
         105000      210.00000

   Energies (kJ/mol)
           Bond          Angle            U-B          LJ-14     Coulomb-14
    1.61797e+04    1.69810e+04    2.23187e+04   -1.99052e+03   -1.34883e+05
        LJ (SR)  Disper. corr.   Coulomb (SR)   Coul. recip.      Potential
   -6.71245e+04   -2.69530e+03   -2.61105e+05    8.89102e+02   -4.11430e+05
    Kinetic En.   Total Energy  Conserved En.    Temperature Pres. DC (bar)
    1.28229e+05   -2.83200e+05   -2.02759e+05    2.96354e+02   -9.69331e+01
 Pressure (bar)   Constr. rmsd
   -2.04164e+02    4.87519e-06

           Step           Time
         110000      220.00000

   Energies (kJ/mol)
           Bond          Angle            U-B          LJ-14     Coulomb-14
    1.62371e+04    1.68869e+04    2.24244e+04   -1.99253e+03   -1.34937e+05
        LJ (SR)  Disper. corr.   Coulomb (SR)   Coul. recip.      Potential
   -6.65722e+04   -2.69764e+03   -2.61268e+05    9.49265e+02   -4.10970e+05
    Kinetic En.   Total Energy  Conserved En.    Temperature Pres. DC (bar)
    1.29697e+05   -2.81272e+05   -2.02780e+05    2.99748e+02   -9.71007e+01
 Pressure (bar)   Constr. rmsd
    2.16462e+02    4.87519e-06

           Step           Time
         115000      230.00000

   Energies (kJ/mol)
           Bond          Angle            U-B          LJ-14     Coulomb-14
    1.65216e+04    1.70306e+04    2.23267e+04   -1.99220e+03   -1.34855e+05
        LJ (SR)  Disper. corr.   Coulomb (SR)   Coul. recip.      Potential
   -6.68112e+04   -2.69555e+03   -2.60898e+05    9.11887e+02   -4.10462e+05
    Kinetic En.   Total Energy  Conserved En.    Temperature Pres. DC (bar)
    1.29222e+05   -2.81240e+05   -2.02667e+05    2.98649e+02   -9.69504e+01
 Pressure (bar)   Constr. rmsd
   -7.93736e+01    4.87519e-06

           Step           Time
         120000      240.00000

   Energies (kJ/mol)
           Bond          Angle            U-B          LJ-14     Coulomb-14
    1.61334e+04    1.68440e+04    2.22714e+04   -1.99316e+03   -1.34858e+05
        LJ (SR)  Disper. corr.   Coulomb (SR)   Coul. recip.      Potential
   -6.66721e+04   -2.69300e+03   -2.61643e+05    8.84922e+02   -4.11726e+05
    Kinetic En.   Total Energy  Conserved En.    Temperature Pres. DC (bar)
    1.29995e+05   -2.81731e+05   -2.02725e+05    3.00434e+02   -9.67676e+01
 Pressure (bar)   Constr. rmsd
   -3.29184e+01    4.87519e-06

           Step           Time
         125000      250.00000

   Energies (kJ/mol)
           Bond          Angle            U-B          LJ-14     Coulomb-14
    1.65390e+04    1.69731e+04    2.24887e+04   -1.99315e+03   -1.34889e+05
        LJ (SR)  Disper. corr.   Coulomb (SR)   Coul. recip.      Potential
   -6.60501e+04   -2.69714e+03   -2.62174e+05    9.21138e+02   -4.10882e+05
    Kinetic En.   Total Energy  Conserved En.    Temperature Pres. DC (bar)
    1.29520e+05   -2.81361e+05   -2.02625e+05    2.99338e+02   -9.70653e+01
 Pressure (bar)   Constr. rmsd
    6.13838e+01    4.87519e-06

Writing checkpoint, step 126300 at Tue Jul  1 11:56:51 2025


           Step           Time
         130000      260.00000

   Energies (kJ/mol)
           Bond          Angle            U-B          LJ-14     Coulomb-14
    1.64066e+04    1.70604e+04    2.23957e+04   -1.99264e+03   -1.34855e+05
        LJ (SR)  Disper. corr.   Coulomb (SR)   Coul. recip.      Potential
   -6.67335e+04   -2.70102e+03   -2.62140e+05    9.71545e+02   -4.11588e+05
    Kinetic En.   Total Energy  Conserved En.    Temperature Pres. DC (bar)
    1.28538e+05   -2.83050e+05   -2.02605e+05    2.97069e+02   -9.73440e+01
 Pressure (bar)   Constr. rmsd
   -1.31665e+02    4.87519e-06

           Step           Time
         135000      270.00000

   Energies (kJ/mol)
           Bond          Angle            U-B          LJ-14     Coulomb-14
    1.61624e+04    1.73987e+04    2.26682e+04   -1.99319e+03   -1.34874e+05
        LJ (SR)  Disper. corr.   Coulomb (SR)   Coul. recip.      Potential
   -6.72097e+04   -2.70783e+03   -2.61580e+05    9.28648e+02   -4.11206e+05
    Kinetic En.   Total Energy  Conserved En.    Temperature Pres. DC (bar)
    1.28910e+05   -2.82296e+05   -2.02513e+05    2.97928e+02   -9.78355e+01
 Pressure (bar)   Constr. rmsd
   -3.11975e+01    4.87519e-06

           Step           Time
         140000      280.00000

   Energies (kJ/mol)
           Bond          Angle            U-B          LJ-14     Coulomb-14
    1.63980e+04    1.70087e+04    2.21989e+04   -1.99361e+03   -1.34896e+05
        LJ (SR)  Disper. corr.   Coulomb (SR)   Coul. recip.      Potential
   -6.65685e+04   -2.69588e+03   -2.61080e+05    9.46877e+02   -4.10682e+05
    Kinetic En.   Total Energy  Conserved En.    Temperature Pres. DC (bar)
    1.29357e+05   -2.81325e+05   -2.02564e+05    2.98960e+02   -9.69741e+01
 Pressure (bar)   Constr. rmsd
   -2.65700e+01    4.87519e-06

           Step           Time
         145000      290.00000

   Energies (kJ/mol)
           Bond          Angle            U-B          LJ-14     Coulomb-14
    1.63771e+04    1.71334e+04    2.22357e+04   -1.99266e+03   -1.34878e+05
        LJ (SR)  Disper. corr.   Coulomb (SR)   Coul. recip.      Potential
   -6.71957e+04   -2.70274e+03   -2.60753e+05    9.13812e+02   -4.10862e+05
    Kinetic En.   Total Energy  Conserved En.    Temperature Pres. DC (bar)
    1.28743e+05   -2.82119e+05   -2.02501e+05    2.97541e+02   -9.74683e+01
 Pressure (bar)   Constr. rmsd
    2.00949e+02    4.87519e-06

           Step           Time
         150000      300.00000

   Energies (kJ/mol)
           Bond          Angle            U-B          LJ-14     Coulomb-14
    1.62459e+04    1.70401e+04    2.23595e+04   -1.99303e+03   -1.34850e+05
        LJ (SR)  Disper. corr.   Coulomb (SR)   Coul. recip.      Potential
   -6.70749e+04   -2.69652e+03   -2.61527e+05    9.47730e+02   -4.11549e+05
    Kinetic En.   Total Energy  Conserved En.    Temperature Pres. DC (bar)
    1.29187e+05   -2.82362e+05   -2.02479e+05    2.98568e+02   -9.70207e+01
 Pressure (bar)   Constr. rmsd
   -8.30839e+01    4.87519e-06

           Step           Time
         155000      310.00000

   Energies (kJ/mol)
           Bond          Angle            U-B          LJ-14     Coulomb-14
    1.63021e+04    1.68043e+04    2.24117e+04   -1.99197e+03   -1.34807e+05
        LJ (SR)  Disper. corr.   Coulomb (SR)   Coul. recip.      Potential
   -6.66462e+04   -2.69504e+03   -2.61607e+05    9.75305e+02   -4.11254e+05
    Kinetic En.   Total Energy  Conserved En.    Temperature Pres. DC (bar)
    1.29054e+05   -2.82200e+05   -2.02457e+05    2.98261e+02   -9.69141e+01
 Pressure (bar)   Constr. rmsd
   -1.30973e+02    4.87519e-06

           Step           Time
         160000      320.00000

   Energies (kJ/mol)
           Bond          Angle            U-B          LJ-14     Coulomb-14
    1.63720e+04    1.69940e+04    2.23928e+04   -1.99335e+03   -1.34883e+05
        LJ (SR)  Disper. corr.   Coulomb (SR)   Coul. recip.      Potential
   -6.77511e+04   -2.69868e+03   -2.60638e+05    9.46587e+02   -4.11260e+05
    Kinetic En.   Total Energy  Conserved En.    Temperature Pres. DC (bar)
    1.28693e+05   -2.82567e+05   -2.02421e+05    2.97426e+02   -9.71760e+01
 Pressure (bar)   Constr. rmsd
   -1.07685e+02    4.87519e-06

           Step           Time
         165000      330.00000

   Energies (kJ/mol)
           Bond          Angle            U-B          LJ-14     Coulomb-14
    1.64351e+04    1.69246e+04    2.23625e+04   -1.99232e+03   -1.34877e+05
        LJ (SR)  Disper. corr.   Coulomb (SR)   Coul. recip.      Potential
   -6.74793e+04   -2.70003e+03   -2.62131e+05    8.47485e+02   -4.12610e+05
    Kinetic En.   Total Energy  Conserved En.    Temperature Pres. DC (bar)
    1.28621e+05   -2.83989e+05   -2.02349e+05    2.97260e+02   -9.72732e+01
 Pressure (bar)   Constr. rmsd
   -2.77879e+02    4.87519e-06

           Step           Time
         170000      340.00000

   Energies (kJ/mol)
           Bond          Angle            U-B          LJ-14     Coulomb-14
    1.62677e+04    1.69396e+04    2.24425e+04   -1.99347e+03   -1.34892e+05
        LJ (SR)  Disper. corr.   Coulomb (SR)   Coul. recip.      Potential
   -6.68879e+04   -2.70271e+03   -2.61327e+05    9.20582e+02   -4.11233e+05
    Kinetic En.   Total Energy  Conserved En.    Temperature Pres. DC (bar)
    1.29221e+05   -2.82012e+05   -2.02375e+05    2.98647e+02   -9.74661e+01
 Pressure (bar)   Constr. rmsd
   -1.14836e+02    4.87519e-06

           Step           Time
         175000      350.00000

   Energies (kJ/mol)
           Bond          Angle            U-B          LJ-14     Coulomb-14
    1.61309e+04    1.70712e+04    2.25818e+04   -1.99195e+03   -1.34835e+05
        LJ (SR)  Disper. corr.   Coulomb (SR)   Coul. recip.      Potential
   -6.60414e+04   -2.69791e+03   -2.63300e+05    8.72549e+02   -4.12209e+05
    Kinetic En.   Total Energy  Conserved En.    Temperature Pres. DC (bar)
    1.29319e+05   -2.82890e+05   -2.02357e+05    2.98874e+02   -9.71208e+01
 Pressure (bar)   Constr. rmsd
    1.69055e+02    4.87519e-06

           Step           Time
         180000      360.00000

   Energies (kJ/mol)
           Bond          Angle            U-B          LJ-14     Coulomb-14
    1.62810e+04    1.68218e+04    2.20584e+04   -1.99281e+03   -1.34894e+05
        LJ (SR)  Disper. corr.   Coulomb (SR)   Coul. recip.      Potential
   -6.72794e+04   -2.70169e+03   -2.62285e+05    9.26849e+02   -4.13066e+05
    Kinetic En.   Total Energy  Conserved En.    Temperature Pres. DC (bar)
    1.29658e+05   -2.83407e+05   -2.02329e+05    2.99657e+02   -9.73926e+01
 Pressure (bar)   Constr. rmsd
   -1.86240e+02    4.87519e-06

           Step           Time
         185000      370.00000

   Energies (kJ/mol)
           Bond          Angle            U-B          LJ-14     Coulomb-14
    1.65501e+04    1.68360e+04    2.23359e+04   -1.99237e+03   -1.34886e+05
        LJ (SR)  Disper. corr.   Coulomb (SR)   Coul. recip.      Potential
   -6.61476e+04   -2.69895e+03   -2.62610e+05    9.38126e+02   -4.11675e+05
    Kinetic En.   Total Energy  Conserved En.    Temperature Pres. DC (bar)
    1.28100e+05   -2.83575e+05   -2.02206e+05    2.96057e+02   -9.71955e+01
 Pressure (bar)   Constr. rmsd
   -7.21933e+01    4.87519e-06

           Step           Time
         190000      380.00000

   Energies (kJ/mol)
           Bond          Angle            U-B          LJ-14     Coulomb-14
    1.64260e+04    1.68665e+04    2.24460e+04   -1.99243e+03   -1.34868e+05
        LJ (SR)  Disper. corr.   Coulomb (SR)   Coul. recip.      Potential
   -6.72022e+04   -2.70881e+03   -2.62476e+05    8.48556e+02   -4.12661e+05
    Kinetic En.   Total Energy  Conserved En.    Temperature Pres. DC (bar)
    1.28740e+05   -2.83921e+05   -2.02221e+05    2.97535e+02   -9.79068e+01
 Pressure (bar)   Constr. rmsd
    2.29259e+01    4.87519e-06

Writing checkpoint, step 194900 at Tue Jul  1 11:57:51 2025


           Step           Time
         195000      390.00000

   Energies (kJ/mol)
           Bond          Angle            U-B          LJ-14     Coulomb-14
    1.62732e+04    1.68433e+04    2.24396e+04   -1.99270e+03   -1.34858e+05
        LJ (SR)  Disper. corr.   Coulomb (SR)   Coul. recip.      Potential
   -6.67954e+04   -2.70089e+03   -2.61475e+05    9.12798e+02   -4.11354e+05
    Kinetic En.   Total Energy  Conserved En.    Temperature Pres. DC (bar)
    1.28000e+05   -2.83354e+05   -2.02228e+05    2.95825e+02   -9.73347e+01
 Pressure (bar)   Constr. rmsd
    1.26173e+02    4.87519e-06

           Step           Time
         200000      400.00000

   Energies (kJ/mol)
           Bond          Angle            U-B          LJ-14     Coulomb-14
    1.67176e+04    1.70468e+04    2.23402e+04   -1.99270e+03   -1.34901e+05
        LJ (SR)  Disper. corr.   Coulomb (SR)   Coul. recip.      Potential
   -6.52750e+04   -2.69512e+03   -2.63661e+05    9.54047e+02   -4.11466e+05
    Kinetic En.   Total Energy  Conserved En.    Temperature Pres. DC (bar)
    1.28393e+05   -2.83073e+05   -2.02171e+05    2.96732e+02   -9.69198e+01
 Pressure (bar)   Constr. rmsd
    1.74527e+02    4.87519e-06

           Step           Time
         205000      410.00000

   Energies (kJ/mol)
           Bond          Angle            U-B          LJ-14     Coulomb-14
    1.64642e+04    1.72111e+04    2.19482e+04   -1.99462e+03   -1.34867e+05
        LJ (SR)  Disper. corr.   Coulomb (SR)   Coul. recip.      Potential
   -6.65612e+04   -2.70169e+03   -2.63501e+05    9.70779e+02   -4.13031e+05
    Kinetic En.   Total Energy  Conserved En.    Temperature Pres. DC (bar)
    1.28205e+05   -2.84826e+05   -2.02180e+05    2.96297e+02   -9.73924e+01
 Pressure (bar)   Constr. rmsd
    4.67115e+01    4.87519e-06

           Step           Time
         210000      420.00000

   Energies (kJ/mol)
           Bond          Angle            U-B          LJ-14     Coulomb-14
    1.66050e+04    1.72017e+04    2.23907e+04   -1.99271e+03   -1.34885e+05
        LJ (SR)  Disper. corr.   Coulomb (SR)   Coul. recip.      Potential
   -6.71616e+04   -2.70067e+03   -2.62024e+05    8.94672e+02   -4.11673e+05
    Kinetic En.   Total Energy  Conserved En.    Temperature Pres. DC (bar)
    1.29609e+05   -2.82064e+05   -2.02135e+05    2.99543e+02   -9.73190e+01
 Pressure (bar)   Constr. rmsd
   -4.90239e+01    4.87519e-06

           Step           Time
         215000      430.00000

   Energies (kJ/mol)
           Bond          Angle            U-B          LJ-14     Coulomb-14
    1.65952e+04    1.66749e+04    2.18925e+04   -1.99346e+03   -1.34841e+05
        LJ (SR)  Disper. corr.   Coulomb (SR)   Coul. recip.      Potential
   -6.57380e+04   -2.70377e+03   -2.64092e+05    9.45546e+02   -4.13260e+05
    Kinetic En.   Total Energy  Conserved En.    Temperature Pres. DC (bar)
    1.29793e+05   -2.83467e+05   -2.02179e+05    2.99970e+02   -9.75425e+01
 Pressure (bar)   Constr. rmsd
    1.42284e+02    4.87519e-06

           Step           Time
         220000      440.00000

   Energies (kJ/mol)
           Bond          Angle            U-B          LJ-14     Coulomb-14
    1.63923e+04    1.68210e+04    2.25965e+04   -1.99279e+03   -1.34911e+05
        LJ (SR)  Disper. corr.   Coulomb (SR)   Coul. recip.      Potential
   -6.63514e+04   -2.70894e+03   -2.63888e+05    9.13415e+02   -4.13129e+05
    Kinetic En.   Total Energy  Conserved En.    Temperature Pres. DC (bar)
    1.29245e+05   -2.83884e+05   -2.02094e+05    2.98703e+02   -9.79158e+01
 Pressure (bar)   Constr. rmsd
    2.31396e+02    4.87519e-06

           Step           Time
         225000      450.00000

   Energies (kJ/mol)
           Bond          Angle            U-B          LJ-14     Coulomb-14
    1.66686e+04    1.70940e+04    2.20320e+04   -1.99255e+03   -1.34866e+05
        LJ (SR)  Disper. corr.   Coulomb (SR)   Coul. recip.      Potential
   -6.71749e+04   -2.70340e+03   -2.62815e+05    8.90877e+02   -4.12866e+05
    Kinetic En.   Total Energy  Conserved En.    Temperature Pres. DC (bar)
    1.28834e+05   -2.84032e+05   -2.02052e+05    2.97751e+02   -9.75157e+01
 Pressure (bar)   Constr. rmsd
   -1.72935e+02    4.87519e-06

           Step           Time
         230000      460.00000

   Energies (kJ/mol)
           Bond          Angle            U-B          LJ-14     Coulomb-14
    1.64155e+04    1.70778e+04    2.25088e+04   -1.99325e+03   -1.34905e+05
        LJ (SR)  Disper. corr.   Coulomb (SR)   Coul. recip.      Potential
   -6.57806e+04   -2.70416e+03   -2.63790e+05    9.27400e+02   -4.12244e+05
    Kinetic En.   Total Energy  Conserved En.    Temperature Pres. DC (bar)
    1.29119e+05   -2.83125e+05   -2.02043e+05    2.98410e+02   -9.75711e+01
 Pressure (bar)   Constr. rmsd
    1.50835e+02    4.87519e-06

           Step           Time
         235000      470.00000

   Energies (kJ/mol)
           Bond          Angle            U-B          LJ-14     Coulomb-14
    1.64645e+04    1.70155e+04    2.20611e+04   -1.99374e+03   -1.34894e+05
        LJ (SR)  Disper. corr.   Coulomb (SR)   Coul. recip.      Potential
   -6.72227e+04   -2.70080e+03   -2.61536e+05    9.25543e+02   -4.11880e+05
    Kinetic En.   Total Energy  Conserved En.    Temperature Pres. DC (bar)
    1.28295e+05   -2.83585e+05   -2.01964e+05    2.96507e+02   -9.73284e+01
 Pressure (bar)   Constr. rmsd
   -3.02897e+01    4.87519e-06

           Step           Time
         240000      480.00000

   Energies (kJ/mol)
           Bond          Angle            U-B          LJ-14     Coulomb-14
    1.64287e+04    1.67590e+04    2.21264e+04   -1.99305e+03   -1.34917e+05
        LJ (SR)  Disper. corr.   Coulomb (SR)   Coul. recip.      Potential
   -6.63425e+04   -2.70153e+03   -2.63240e+05    9.28697e+02   -4.12951e+05
    Kinetic En.   Total Energy  Conserved En.    Temperature Pres. DC (bar)
    1.28198e+05   -2.84753e+05   -2.02018e+05    2.96283e+02   -9.73811e+01
 Pressure (bar)   Constr. rmsd
    1.80386e+02    4.87519e-06

           Step           Time
         245000      490.00000

   Energies (kJ/mol)
           Bond          Angle            U-B          LJ-14     Coulomb-14
    1.69675e+04    1.72997e+04    2.17884e+04   -1.99259e+03   -1.34829e+05
        LJ (SR)  Disper. corr.   Coulomb (SR)   Coul. recip.      Potential
   -6.65176e+04   -2.69678e+03   -2.62351e+05    8.98845e+02   -4.11433e+05
    Kinetic En.   Total Energy  Conserved En.    Temperature Pres. DC (bar)
    1.28335e+05   -2.83098e+05   -2.01927e+05    2.96599e+02   -9.70389e+01
 Pressure (bar)   Constr. rmsd
   -5.32012e+01    4.87519e-06

           Step           Time
         250000      500.00000

   Energies (kJ/mol)
           Bond          Angle            U-B          LJ-14     Coulomb-14
    1.67211e+04    1.72115e+04    2.22269e+04   -1.99241e+03   -1.34882e+05
        LJ (SR)  Disper. corr.   Coulomb (SR)   Coul. recip.      Potential
   -6.60551e+04   -2.69986e+03   -2.64003e+05    9.45319e+02   -4.12527e+05
    Kinetic En.   Total Energy  Conserved En.    Temperature Pres. DC (bar)
    1.28009e+05   -2.84518e+05   -2.01876e+05    2.95846e+02   -9.72606e+01
 Pressure (bar)   Constr. rmsd
   -1.42780e+02    4.87519e-06

           Step           Time
         255000      510.00000

   Energies (kJ/mol)
           Bond          Angle            U-B          LJ-14     Coulomb-14
    1.66005e+04    1.68588e+04    2.25701e+04   -1.99237e+03   -1.34841e+05
        LJ (SR)  Disper. corr.   Coulomb (SR)   Coul. recip.      Potential
   -6.63654e+04   -2.70139e+03   -2.64225e+05    9.03484e+02   -4.13193e+05
    Kinetic En.   Total Energy  Conserved En.    Temperature Pres. DC (bar)
    1.30565e+05   -2.82628e+05   -2.01894e+05    3.01753e+02   -9.73708e+01
 Pressure (bar)   Constr. rmsd
   -2.83504e+02    4.87519e-06

           Step           Time
         260000      520.00000

   Energies (kJ/mol)
           Bond          Angle            U-B          LJ-14     Coulomb-14
    1.65943e+04    1.69710e+04    2.27436e+04   -1.99223e+03   -1.34908e+05
        LJ (SR)  Disper. corr.   Coulomb (SR)   Coul. recip.      Potential
   -6.59292e+04   -2.69918e+03   -2.62926e+05    9.11656e+02   -4.11234e+05
    Kinetic En.   Total Energy  Conserved En.    Temperature Pres. DC (bar)
    1.29642e+05   -2.81592e+05   -2.01878e+05    2.99619e+02   -9.72120e+01
 Pressure (bar)   Constr. rmsd
    3.89958e+02    4.87519e-06

Writing checkpoint, step 263500 at Tue Jul  1 11:58:51 2025


           Step           Time
         265000      530.00000

   Energies (kJ/mol)
           Bond          Angle            U-B          LJ-14     Coulomb-14
    1.66618e+04    1.69868e+04    2.18437e+04   -1.99287e+03   -1.34854e+05
        LJ (SR)  Disper. corr.   Coulomb (SR)   Coul. recip.      Potential
   -6.63944e+04   -2.70032e+03   -2.63032e+05    8.98937e+02   -4.12583e+05
    Kinetic En.   Total Energy  Conserved En.    Temperature Pres. DC (bar)
    1.29539e+05   -2.83044e+05   -2.01894e+05    2.99381e+02   -9.72937e+01
 Pressure (bar)   Constr. rmsd
    1.21660e+02    4.87519e-06

           Step           Time
         270000      540.00000

   Energies (kJ/mol)
           Bond          Angle            U-B          LJ-14     Coulomb-14
    1.65798e+04    1.69557e+04    2.23254e+04   -1.99364e+03   -1.34900e+05
        LJ (SR)  Disper. corr.   Coulomb (SR)   Coul. recip.      Potential
   -6.66944e+04   -2.70465e+03   -2.63686e+05    8.80992e+02   -4.13237e+05
    Kinetic En.   Total Energy  Conserved En.    Temperature Pres. DC (bar)
    1.28408e+05   -2.84829e+05   -2.01791e+05    2.96767e+02   -9.76058e+01
 Pressure (bar)   Constr. rmsd
    2.84563e+01    4.87519e-06

           Step           Time
         275000      550.00000

   Energies (kJ/mol)
           Bond          Angle            U-B          LJ-14     Coulomb-14
    1.65625e+04    1.72025e+04    2.23807e+04   -1.99288e+03   -1.34901e+05
        LJ (SR)  Disper. corr.   Coulomb (SR)   Coul. recip.      Potential
   -6.68594e+04   -2.70643e+03   -2.63788e+05    8.63930e+02   -4.13238e+05
    Kinetic En.   Total Energy  Conserved En.    Temperature Pres. DC (bar)
    1.29472e+05   -2.83766e+05   -2.01798e+05    2.99227e+02   -9.77345e+01
 Pressure (bar)   Constr. rmsd
   -2.49603e+01    4.87519e-06

           Step           Time
         280000      560.00000

   Energies (kJ/mol)
           Bond          Angle            U-B          LJ-14     Coulomb-14
    1.66082e+04    1.67716e+04    2.24176e+04   -1.99379e+03   -1.34901e+05
        LJ (SR)  Disper. corr.   Coulomb (SR)   Coul. recip.      Potential
   -6.68197e+04   -2.70782e+03   -2.63121e+05    8.92396e+02   -4.12853e+05
    Kinetic En.   Total Energy  Conserved En.    Temperature Pres. DC (bar)
    1.28105e+05   -2.84748e+05   -2.01717e+05    2.96068e+02   -9.78349e+01
 Pressure (bar)   Constr. rmsd
   -9.75987e+01    4.87519e-06

           Step           Time
         285000      570.00000

   Energies (kJ/mol)
           Bond          Angle            U-B          LJ-14     Coulomb-14
    1.63908e+04    1.68669e+04    2.19496e+04   -1.99429e+03   -1.34825e+05
        LJ (SR)  Disper. corr.   Coulomb (SR)   Coul. recip.      Potential
   -6.69470e+04   -2.70520e+03   -2.63793e+05    9.41520e+02   -4.14116e+05
    Kinetic En.   Total Energy  Conserved En.    Temperature Pres. DC (bar)
    1.30024e+05   -2.84091e+05   -2.01756e+05    3.00503e+02   -9.76456e+01
 Pressure (bar)   Constr. rmsd
   -8.01397e+01    4.87519e-06

           Step           Time
         290000      580.00000

   Energies (kJ/mol)
           Bond          Angle            U-B          LJ-14     Coulomb-14
    1.65847e+04    1.70379e+04    2.21299e+04   -1.99418e+03   -1.34904e+05
        LJ (SR)  Disper. corr.   Coulomb (SR)   Coul. recip.      Potential
   -6.67979e+04   -2.70406e+03   -2.63825e+05    9.54882e+02   -4.13517e+05
    Kinetic En.   Total Energy  Conserved En.    Temperature Pres. DC (bar)
    1.29129e+05   -2.84388e+05   -2.01705e+05    2.98433e+02   -9.75636e+01
 Pressure (bar)   Constr. rmsd
    6.23377e+01    4.87519e-06

           Step           Time
         295000      590.00000

   Energies (kJ/mol)
           Bond          Angle            U-B          LJ-14     Coulomb-14
    1.64268e+04    1.68664e+04    2.25229e+04   -1.99235e+03   -1.34859e+05
        LJ (SR)  Disper. corr.   Coulomb (SR)   Coul. recip.      Potential
   -6.52623e+04   -2.70641e+03   -2.64831e+05    9.21827e+02   -4.12914e+05
    Kinetic En.   Total Energy  Conserved En.    Temperature Pres. DC (bar)
    1.29766e+05   -2.83148e+05   -2.01665e+05    2.99905e+02   -9.77333e+01
 Pressure (bar)   Constr. rmsd
    1.95653e+02    4.87519e-06

           Step           Time
         300000      600.00000

   Energies (kJ/mol)
           Bond          Angle            U-B          LJ-14     Coulomb-14
    1.61265e+04    1.69647e+04    2.21521e+04   -1.99267e+03   -1.34879e+05
        LJ (SR)  Disper. corr.   Coulomb (SR)   Coul. recip.      Potential
   -6.57782e+04   -2.70035e+03   -2.64581e+05    9.33186e+02   -4.13754e+05
    Kinetic En.   Total Energy  Conserved En.    Temperature Pres. DC (bar)
    1.29657e+05   -2.84097e+05   -2.01703e+05    2.99654e+02   -9.72963e+01
 Pressure (bar)   Constr. rmsd
    1.31257e+02    4.87519e-06

           Step           Time
         305000      610.00000

   Energies (kJ/mol)
           Bond          Angle            U-B          LJ-14     Coulomb-14
    1.67052e+04    1.68749e+04    2.19724e+04   -1.99321e+03   -1.34865e+05
        LJ (SR)  Disper. corr.   Coulomb (SR)   Coul. recip.      Potential
   -6.68022e+04   -2.70704e+03   -2.63325e+05    9.56233e+02   -4.13184e+05
    Kinetic En.   Total Energy  Conserved En.    Temperature Pres. DC (bar)
    1.28577e+05   -2.84607e+05   -2.01609e+05    2.97159e+02   -9.77786e+01
 Pressure (bar)   Constr. rmsd
    6.13876e+01    4.87519e-06

           Step           Time
         310000      620.00000

   Energies (kJ/mol)
           Bond          Angle            U-B          LJ-14     Coulomb-14
    1.67459e+04    1.73977e+04    2.22648e+04   -1.99262e+03   -1.34906e+05
        LJ (SR)  Disper. corr.   Coulomb (SR)   Coul. recip.      Potential
   -6.65943e+04   -2.70383e+03   -2.63249e+05    9.24202e+02   -4.12113e+05
    Kinetic En.   Total Energy  Conserved En.    Temperature Pres. DC (bar)
    1.28723e+05   -2.83390e+05   -2.01581e+05    2.97495e+02   -9.75473e+01
 Pressure (bar)   Constr. rmsd
    3.62253e+01    4.87519e-06

           Step           Time
         315000      630.00000

   Energies (kJ/mol)
           Bond          Angle            U-B          LJ-14     Coulomb-14
    1.69036e+04    1.68530e+04    2.18513e+04   -1.99254e+03   -1.34887e+05
        LJ (SR)  Disper. corr.   Coulomb (SR)   Coul. recip.      Potential
   -6.64219e+04   -2.70212e+03   -2.63030e+05    8.77561e+02   -4.12549e+05
    Kinetic En.   Total Energy  Conserved En.    Temperature Pres. DC (bar)
    1.29445e+05   -2.83104e+05   -2.01565e+05    2.99165e+02   -9.74238e+01
 Pressure (bar)   Constr. rmsd
    1.79430e+02    4.87519e-06

           Step           Time
         320000      640.00000

   Energies (kJ/mol)
           Bond          Angle            U-B          LJ-14     Coulomb-14
    1.67933e+04    1.68119e+04    2.23496e+04   -1.99212e+03   -1.34878e+05
        LJ (SR)  Disper. corr.   Coulomb (SR)   Coul. recip.      Potential
   -6.66930e+04   -2.70221e+03   -2.62360e+05    8.75239e+02   -4.11795e+05
    Kinetic En.   Total Energy  Conserved En.    Temperature Pres. DC (bar)
    1.28242e+05   -2.83553e+05   -2.01491e+05    2.96385e+02   -9.74300e+01
 Pressure (bar)   Constr. rmsd
    1.37540e+02    4.87519e-06

           Step           Time
         325000      650.00000

   Energies (kJ/mol)
           Bond          Angle            U-B          LJ-14     Coulomb-14
    1.63832e+04    1.66622e+04    2.24337e+04   -1.99413e+03   -1.34871e+05
        LJ (SR)  Disper. corr.   Coulomb (SR)   Coul. recip.      Potential
   -6.61259e+04   -2.70057e+03   -2.63325e+05    9.30600e+02   -4.12607e+05
    Kinetic En.   Total Energy  Conserved En.    Temperature Pres. DC (bar)
    1.29415e+05   -2.83192e+05   -2.01549e+05    2.99096e+02   -9.73116e+01
 Pressure (bar)   Constr. rmsd
    1.58355e+02    4.87519e-06

           Step           Time
         330000      660.00000

   Energies (kJ/mol)
           Bond          Angle            U-B          LJ-14     Coulomb-14
    1.64069e+04    1.67763e+04    2.28558e+04   -1.99097e+03   -1.34887e+05
        LJ (SR)  Disper. corr.   Coulomb (SR)   Coul. recip.      Potential
   -6.62816e+04   -2.69799e+03   -2.63079e+05    8.92563e+02   -4.12005e+05
    Kinetic En.   Total Energy  Conserved En.    Temperature Pres. DC (bar)
    1.28733e+05   -2.83272e+05   -2.01482e+05    2.97519e+02   -9.71264e+01
 Pressure (bar)   Constr. rmsd
   -1.02185e+02    4.87519e-06

Writing checkpoint, step 331900 at Tue Jul  1 11:59:51 2025


           Step           Time
         335000      670.00000

   Energies (kJ/mol)
           Bond          Angle            U-B          LJ-14     Coulomb-14
    1.63719e+04    1.65890e+04    2.21250e+04   -1.99306e+03   -1.34834e+05
        LJ (SR)  Disper. corr.   Coulomb (SR)   Coul. recip.      Potential
   -6.63858e+04   -2.70021e+03   -2.63492e+05    8.39616e+02   -4.13479e+05
    Kinetic En.   Total Energy  Conserved En.    Temperature Pres. DC (bar)
    1.28914e+05   -2.84565e+05   -2.01460e+05    2.97938e+02   -9.72857e+01
 Pressure (bar)   Constr. rmsd
   -1.05375e+02    4.87519e-06

           Step           Time
         340000      680.00000

   Energies (kJ/mol)
           Bond          Angle            U-B          LJ-14     Coulomb-14
    1.68037e+04    1.68775e+04    2.20986e+04   -1.99241e+03   -1.34863e+05
        LJ (SR)  Disper. corr.   Coulomb (SR)   Coul. recip.      Potential
   -6.52675e+04   -2.70108e+03   -2.64849e+05    9.00727e+02   -4.12993e+05
    Kinetic En.   Total Energy  Conserved En.    Temperature Pres. DC (bar)
    1.28925e+05   -2.84067e+05   -2.01412e+05    2.97963e+02   -9.73491e+01
 Pressure (bar)   Constr. rmsd
   -1.07528e+02    4.87519e-06

           Step           Time
         345000      690.00000

   Energies (kJ/mol)
           Bond          Angle            U-B          LJ-14     Coulomb-14
    1.67790e+04    1.67359e+04    2.21202e+04   -1.99271e+03   -1.34909e+05
        LJ (SR)  Disper. corr.   Coulomb (SR)   Coul. recip.      Potential
   -6.57426e+04   -2.69550e+03   -2.63611e+05    8.47062e+02   -4.12468e+05
    Kinetic En.   Total Energy  Conserved En.    Temperature Pres. DC (bar)
    1.29130e+05   -2.83338e+05   -2.01439e+05    2.98436e+02   -9.69471e+01
 Pressure (bar)   Constr. rmsd
    1.16016e+02    4.87519e-06

           Step           Time
         350000      700.00000

   Energies (kJ/mol)
           Bond          Angle            U-B          LJ-14     Coulomb-14
    1.65815e+04    1.70495e+04    2.22004e+04   -1.99201e+03   -1.34892e+05
        LJ (SR)  Disper. corr.   Coulomb (SR)   Coul. recip.      Potential
   -6.60672e+04   -2.69668e+03   -2.63033e+05    8.77413e+02   -4.11972e+05
    Kinetic En.   Total Energy  Conserved En.    Temperature Pres. DC (bar)
    1.29381e+05   -2.82592e+05   -2.01375e+05    2.99015e+02   -9.70320e+01
 Pressure (bar)   Constr. rmsd
    2.82052e+02    4.87519e-06

           Step           Time
         355000      710.00000

   Energies (kJ/mol)
           Bond          Angle            U-B          LJ-14     Coulomb-14
    1.63753e+04    1.68823e+04    2.21022e+04   -1.99290e+03   -1.34875e+05
        LJ (SR)  Disper. corr.   Coulomb (SR)   Coul. recip.      Potential
   -6.59408e+04   -2.70131e+03   -2.64450e+05    9.29657e+02   -4.13670e+05
    Kinetic En.   Total Energy  Conserved En.    Temperature Pres. DC (bar)
    1.28326e+05   -2.85345e+05   -2.01380e+05    2.96577e+02   -9.73654e+01
 Pressure (bar)   Constr. rmsd
    1.00020e+02    4.87519e-06

           Step           Time
         360000      720.00000

   Energies (kJ/mol)
           Bond          Angle            U-B          LJ-14     Coulomb-14
    1.65636e+04    1.71008e+04    2.24781e+04   -1.99173e+03   -1.34861e+05
        LJ (SR)  Disper. corr.   Coulomb (SR)   Coul. recip.      Potential
   -6.71651e+04   -2.70118e+03   -2.62268e+05    9.28632e+02   -4.11916e+05
    Kinetic En.   Total Energy  Conserved En.    Temperature Pres. DC (bar)
    1.29225e+05   -2.82691e+05   -2.01266e+05    2.98657e+02   -9.73560e+01
 Pressure (bar)   Constr. rmsd
   -2.26760e+02    4.87519e-06

           Step           Time
         365000      730.00000

   Energies (kJ/mol)
           Bond          Angle            U-B          LJ-14     Coulomb-14
    1.64377e+04    1.69747e+04    2.25834e+04   -1.99321e+03   -1.34941e+05
        LJ (SR)  Disper. corr.   Coulomb (SR)   Coul. recip.      Potential
   -6.64179e+04   -2.70506e+03   -2.65535e+05    9.04124e+02   -4.14693e+05
    Kinetic En.   Total Energy  Conserved En.    Temperature Pres. DC (bar)
    1.28750e+05   -2.85943e+05   -2.01270e+05    2.97558e+02   -9.76358e+01
 Pressure (bar)   Constr. rmsd
   -7.67639e+00    4.87519e-06

           Step           Time
         370000      740.00000

   Energies (kJ/mol)
           Bond          Angle            U-B          LJ-14     Coulomb-14
    1.67194e+04    1.67618e+04    2.24307e+04   -1.99289e+03   -1.34862e+05
        LJ (SR)  Disper. corr.   Coulomb (SR)   Coul. recip.      Potential
   -6.57061e+04   -2.70404e+03   -2.65119e+05    8.77470e+02   -4.13595e+05
    Kinetic En.   Total Energy  Conserved En.    Temperature Pres. DC (bar)
    1.29276e+05   -2.84318e+05   -2.01248e+05    2.98775e+02   -9.75618e+01
 Pressure (bar)   Constr. rmsd
    1.92566e+02    4.87519e-06

           Step           Time
         375000      750.00000

   Energies (kJ/mol)
           Bond          Angle            U-B          LJ-14     Coulomb-14
    1.70460e+04    1.72801e+04    2.23056e+04   -1.99326e+03   -1.34916e+05
        LJ (SR)  Disper. corr.   Coulomb (SR)   Coul. recip.      Potential
   -6.57880e+04   -2.70433e+03   -2.63563e+05    8.28984e+02   -4.11504e+05
    Kinetic En.   Total Energy  Conserved En.    Temperature Pres. DC (bar)
    1.28887e+05   -2.82616e+05   -2.01238e+05    2.97875e+02   -9.75832e+01
 Pressure (bar)   Constr. rmsd
    3.63597e+02    4.87519e-06

           Step           Time
         380000      760.00000

   Energies (kJ/mol)
           Bond          Angle            U-B          LJ-14     Coulomb-14
    1.62122e+04    1.68265e+04    2.26013e+04   -1.99120e+03   -1.34869e+05
        LJ (SR)  Disper. corr.   Coulomb (SR)   Coul. recip.      Potential
   -6.65503e+04   -2.70802e+03   -2.64229e+05    8.59811e+02   -4.13848e+05
    Kinetic En.   Total Energy  Conserved En.    Temperature Pres. DC (bar)
    1.29079e+05   -2.84769e+05   -2.01281e+05    2.98318e+02   -9.78495e+01
 Pressure (bar)   Constr. rmsd
   -1.36837e+02    4.87519e-06

           Step           Time
         385000      770.00000

   Energies (kJ/mol)
           Bond          Angle            U-B          LJ-14     Coulomb-14
    1.66859e+04    1.71919e+04    2.25677e+04   -1.99161e+03   -1.34882e+05
        LJ (SR)  Disper. corr.   Coulomb (SR)   Coul. recip.      Potential
   -6.61920e+04   -2.70399e+03   -2.63667e+05    9.94908e+02   -4.11996e+05
    Kinetic En.   Total Energy  Conserved En.    Temperature Pres. DC (bar)
    1.29144e+05   -2.82853e+05   -2.01158e+05    2.98468e+02   -9.75587e+01
 Pressure (bar)   Constr. rmsd
    6.44215e+01    4.87519e-06

           Step           Time
         390000      780.00000

   Energies (kJ/mol)
           Bond          Angle            U-B          LJ-14     Coulomb-14
    1.64805e+04    1.70448e+04    2.21292e+04   -1.99321e+03   -1.34872e+05
        LJ (SR)  Disper. corr.   Coulomb (SR)   Coul. recip.      Potential
   -6.67906e+04   -2.70531e+03   -2.64611e+05    8.80731e+02   -4.14436e+05
    Kinetic En.   Total Energy  Conserved En.    Temperature Pres. DC (bar)
    1.28689e+05   -2.85747e+05   -2.01201e+05    2.97417e+02   -9.76538e+01
 Pressure (bar)   Constr. rmsd
   -4.45982e+01    4.87519e-06

           Step           Time
         395000      790.00000

   Energies (kJ/mol)
           Bond          Angle            U-B          LJ-14     Coulomb-14
    1.62979e+04    1.70628e+04    2.27021e+04   -1.99208e+03   -1.34876e+05
        LJ (SR)  Disper. corr.   Coulomb (SR)   Coul. recip.      Potential
   -6.64513e+04   -2.70878e+03   -2.64113e+05    8.89435e+02   -4.13189e+05
    Kinetic En.   Total Energy  Conserved En.    Temperature Pres. DC (bar)
    1.29465e+05   -2.83724e+05   -2.01126e+05    2.99211e+02   -9.79042e+01
 Pressure (bar)   Constr. rmsd
   -8.87362e+01    4.87519e-06

Writing checkpoint, step 398100 at Tue Jul  1 12:00:51 2025


           Step           Time
         400000      800.00000

   Energies (kJ/mol)
           Bond          Angle            U-B          LJ-14     Coulomb-14
    1.64695e+04    1.70229e+04    2.23509e+04   -1.99344e+03   -1.34871e+05
        LJ (SR)  Disper. corr.   Coulomb (SR)   Coul. recip.      Potential
   -6.57123e+04   -2.70457e+03   -2.65301e+05    8.86945e+02   -4.13852e+05
    Kinetic En.   Total Energy  Conserved En.    Temperature Pres. DC (bar)
    1.28700e+05   -2.85152e+05   -2.01189e+05    2.97443e+02   -9.76003e+01
 Pressure (bar)   Constr. rmsd
    5.56105e+01    4.87519e-06

           Step           Time
         405000      810.00000

   Energies (kJ/mol)
           Bond          Angle            U-B          LJ-14     Coulomb-14
    1.69866e+04    1.72129e+04    2.21906e+04   -1.99309e+03   -1.34854e+05
        LJ (SR)  Disper. corr.   Coulomb (SR)   Coul. recip.      Potential
   -6.64418e+04   -2.70963e+03   -2.64115e+05    9.12600e+02   -4.12811e+05
    Kinetic En.   Total Energy  Conserved En.    Temperature Pres. DC (bar)
    1.29451e+05   -2.83360e+05   -2.01100e+05    2.99178e+02   -9.79655e+01
 Pressure (bar)   Constr. rmsd
    4.01640e+01    4.87519e-06

           Step           Time
         410000      820.00000

   Energies (kJ/mol)
           Bond          Angle            U-B          LJ-14     Coulomb-14
    1.66071e+04    1.71479e+04    2.20802e+04   -1.99386e+03   -1.34916e+05
        LJ (SR)  Disper. corr.   Coulomb (SR)   Coul. recip.      Potential
   -6.61734e+04   -2.70223e+03   -2.64705e+05    9.39674e+02   -4.13715e+05
    Kinetic En.   Total Energy  Conserved En.    Temperature Pres. DC (bar)
    1.29501e+05   -2.84214e+05   -2.01145e+05    2.99293e+02   -9.74316e+01
 Pressure (bar)   Constr. rmsd
    2.62828e+02    4.87519e-06

           Step           Time
         415000      830.00000

   Energies (kJ/mol)
           Bond          Angle            U-B          LJ-14     Coulomb-14
    1.64007e+04    1.73029e+04    2.25702e+04   -1.99295e+03   -1.34887e+05
        LJ (SR)  Disper. corr.   Coulomb (SR)   Coul. recip.      Potential
   -6.62574e+04   -2.70865e+03   -2.64540e+05    8.94386e+02   -4.13218e+05
    Kinetic En.   Total Energy  Conserved En.    Temperature Pres. DC (bar)
    1.29335e+05   -2.83883e+05   -2.01050e+05    2.98910e+02   -9.78948e+01
 Pressure (bar)   Constr. rmsd
    2.57357e+02    4.87519e-06

           Step           Time
         420000      840.00000

   Energies (kJ/mol)
           Bond          Angle            U-B          LJ-14     Coulomb-14
    1.64069e+04    1.72161e+04    2.23207e+04   -1.99225e+03   -1.34879e+05
        LJ (SR)  Disper. corr.   Coulomb (SR)   Coul. recip.      Potential
   -6.65339e+04   -2.70902e+03   -2.63911e+05    9.28307e+02   -4.13153e+05
    Kinetic En.   Total Energy  Conserved En.    Temperature Pres. DC (bar)
    1.28424e+05   -2.84729e+05   -2.01071e+05    2.96805e+02   -9.79218e+01
 Pressure (bar)   Constr. rmsd
    2.35830e+02    4.87519e-06

           Step           Time
         425000      850.00000

   Energies (kJ/mol)
           Bond          Angle            U-B          LJ-14     Coulomb-14
    1.62383e+04    1.67071e+04    2.21804e+04   -1.99306e+03   -1.34867e+05
        LJ (SR)  Disper. corr.   Coulomb (SR)   Coul. recip.      Potential
   -6.68033e+04   -2.71125e+03   -2.64242e+05    8.83467e+02   -4.14607e+05
    Kinetic En.   Total Energy  Conserved En.    Temperature Pres. DC (bar)
    1.28385e+05   -2.86222e+05   -2.01055e+05    2.96714e+02   -9.80832e+01
 Pressure (bar)   Constr. rmsd
    8.20740e+01    4.87519e-06

           Step           Time
         430000      860.00000

   Energies (kJ/mol)
           Bond          Angle            U-B          LJ-14     Coulomb-14
    1.67747e+04    1.66110e+04    2.23021e+04   -1.99130e+03   -1.34879e+05
        LJ (SR)  Disper. corr.   Coulomb (SR)   Coul. recip.      Potential
   -6.61678e+04   -2.70745e+03   -2.64240e+05    9.25346e+02   -4.13373e+05
    Kinetic En.   Total Energy  Conserved En.    Temperature Pres. DC (bar)
    1.29062e+05   -2.84312e+05   -2.01030e+05    2.98278e+02   -9.78081e+01
 Pressure (bar)   Constr. rmsd
    2.02472e+02    4.87519e-06

           Step           Time
         435000      870.00000

   Energies (kJ/mol)
           Bond          Angle            U-B          LJ-14     Coulomb-14
    1.66291e+04    1.68180e+04    2.24346e+04   -1.99233e+03   -1.34852e+05
        LJ (SR)  Disper. corr.   Coulomb (SR)   Coul. recip.      Potential
   -6.69394e+04   -2.70354e+03   -2.63312e+05    8.99831e+02   -4.13018e+05
    Kinetic En.   Total Energy  Conserved En.    Temperature Pres. DC (bar)
    1.28245e+05   -2.84773e+05   -2.00974e+05    2.96391e+02   -9.75259e+01
 Pressure (bar)   Constr. rmsd
   -3.13093e+02    4.87519e-06

           Step           Time
         440000      880.00000

   Energies (kJ/mol)
           Bond          Angle            U-B          LJ-14     Coulomb-14
    1.66659e+04    1.68288e+04    2.19828e+04   -1.99445e+03   -1.34867e+05
        LJ (SR)  Disper. corr.   Coulomb (SR)   Coul. recip.      Potential
   -6.65471e+04   -2.70132e+03   -2.63402e+05    8.55376e+02   -4.13178e+05
    Kinetic En.   Total Energy  Conserved En.    Temperature Pres. DC (bar)
    1.28335e+05   -2.84844e+05   -2.00961e+05    2.96598e+02   -9.73661e+01
 Pressure (bar)   Constr. rmsd
   -2.99896e+01    4.87519e-06

           Step           Time
         445000      890.00000

   Energies (kJ/mol)
           Bond          Angle            U-B          LJ-14     Coulomb-14
    1.63826e+04    1.71822e+04    2.25064e+04   -1.99357e+03   -1.34865e+05
        LJ (SR)  Disper. corr.   Coulomb (SR)   Coul. recip.      Potential
   -6.62544e+04   -2.70888e+03   -2.64219e+05    9.56292e+02   -4.13014e+05
    Kinetic En.   Total Energy  Conserved En.    Temperature Pres. DC (bar)
    1.29655e+05   -2.83359e+05   -2.00935e+05    2.99649e+02   -9.79116e+01
 Pressure (bar)   Constr. rmsd
    5.78799e+01    4.87519e-06

           Step           Time
         450000      900.00000

   Energies (kJ/mol)
           Bond          Angle            U-B          LJ-14     Coulomb-14
    1.64678e+04    1.66107e+04    2.19830e+04   -1.99258e+03   -1.34825e+05
        LJ (SR)  Disper. corr.   Coulomb (SR)   Coul. recip.      Potential
   -6.63249e+04   -2.70334e+03   -2.64290e+05    8.61690e+02   -4.14213e+05
    Kinetic En.   Total Energy  Conserved En.    Temperature Pres. DC (bar)
    1.29526e+05   -2.84688e+05   -2.00944e+05    2.99350e+02   -9.75119e+01
 Pressure (bar)   Constr. rmsd
    2.83290e+02    4.87519e-06

           Step           Time
         455000      910.00000

   Energies (kJ/mol)
           Bond          Angle            U-B          LJ-14     Coulomb-14
    1.67239e+04    1.73220e+04    2.26877e+04   -1.99367e+03   -1.34866e+05
        LJ (SR)  Disper. corr.   Coulomb (SR)   Coul. recip.      Potential
   -6.67414e+04   -2.70749e+03   -2.63875e+05    8.73065e+02   -4.12578e+05
    Kinetic En.   Total Energy  Conserved En.    Temperature Pres. DC (bar)
    1.28218e+05   -2.84360e+05   -2.00839e+05    2.96329e+02   -9.78109e+01
 Pressure (bar)   Constr. rmsd
   -5.29765e+01    4.87519e-06

           Step           Time
         460000      920.00000

   Energies (kJ/mol)
           Bond          Angle            U-B          LJ-14     Coulomb-14
    1.69214e+04    1.70616e+04    2.22785e+04   -1.99389e+03   -1.34914e+05
        LJ (SR)  Disper. corr.   Coulomb (SR)   Coul. recip.      Potential
   -6.71901e+04   -2.70666e+03   -2.63266e+05    9.32148e+02   -4.12877e+05
    Kinetic En.   Total Energy  Conserved En.    Temperature Pres. DC (bar)
    1.28743e+05   -2.84133e+05   -2.00836e+05    2.97543e+02   -9.77510e+01
 Pressure (bar)   Constr. rmsd
    1.21877e+02    4.87519e-06

Writing checkpoint, step 462100 at Tue Jul  1 12:01:51 2025


           Step           Time
         465000      930.00000

   Energies (kJ/mol)
           Bond          Angle            U-B          LJ-14     Coulomb-14
    1.65380e+04    1.67406e+04    2.23218e+04   -1.99288e+03   -1.34861e+05
        LJ (SR)  Disper. corr.   Coulomb (SR)   Coul. recip.      Potential
   -6.59876e+04   -2.70556e+03   -2.65314e+05    9.10910e+02   -4.14350e+05
    Kinetic En.   Total Energy  Conserved En.    Temperature Pres. DC (bar)
    1.29025e+05   -2.85324e+05   -2.00883e+05    2.98194e+02   -9.76717e+01
 Pressure (bar)   Constr. rmsd
   -1.77984e+02    4.87519e-06

           Step           Time
         470000      940.00000

   Energies (kJ/mol)
           Bond          Angle            U-B          LJ-14     Coulomb-14
    1.66312e+04    1.68962e+04    2.23798e+04   -1.99360e+03   -1.34887e+05
        LJ (SR)  Disper. corr.   Coulomb (SR)   Coul. recip.      Potential
   -6.66762e+04   -2.70454e+03   -2.63598e+05    8.71440e+02   -4.13080e+05
    Kinetic En.   Total Energy  Conserved En.    Temperature Pres. DC (bar)
    1.29208e+05   -2.83872e+05   -2.00783e+05    2.98616e+02   -9.75981e+01
 Pressure (bar)   Constr. rmsd
   -1.63282e+02    4.87519e-06

           Step           Time
         475000      950.00000

   Energies (kJ/mol)
           Bond          Angle            U-B          LJ-14     Coulomb-14
    1.66637e+04    1.67798e+04    2.25746e+04   -1.99369e+03   -1.34886e+05
        LJ (SR)  Disper. corr.   Coulomb (SR)   Coul. recip.      Potential
   -6.70395e+04   -2.70555e+03   -2.63394e+05    8.51061e+02   -4.13150e+05
    Kinetic En.   Total Energy  Conserved En.    Temperature Pres. DC (bar)
    1.28359e+05   -2.84791e+05   -2.00726e+05    2.96655e+02   -9.76713e+01
 Pressure (bar)   Constr. rmsd
    9.96572e+01    4.87519e-06

           Step           Time
         480000      960.00000

   Energies (kJ/mol)
           Bond          Angle            U-B          LJ-14     Coulomb-14
    1.67971e+04    1.66594e+04    2.29864e+04   -1.99222e+03   -1.34917e+05
        LJ (SR)  Disper. corr.   Coulomb (SR)   Coul. recip.      Potential
   -6.64018e+04   -2.70694e+03   -2.63619e+05    9.36352e+02   -4.12257e+05
    Kinetic En.   Total Energy  Conserved En.    Temperature Pres. DC (bar)
    1.28727e+05   -2.83530e+05   -2.00757e+05    2.97506e+02   -9.77716e+01
 Pressure (bar)   Constr. rmsd
    3.45812e+02    4.87519e-06

           Step           Time
         485000      970.00000

   Energies (kJ/mol)
           Bond          Angle            U-B          LJ-14     Coulomb-14
    1.64758e+04    1.66881e+04    2.23879e+04   -1.99163e+03   -1.34869e+05
        LJ (SR)  Disper. corr.   Coulomb (SR)   Coul. recip.      Potential
   -6.56683e+04   -2.70509e+03   -2.65467e+05    9.08519e+02   -4.14241e+05
    Kinetic En.   Total Energy  Conserved En.    Temperature Pres. DC (bar)
    1.28988e+05   -2.85253e+05   -2.00731e+05    2.98107e+02   -9.76376e+01
 Pressure (bar)   Constr. rmsd
    1.22096e+02    4.87519e-06

           Step           Time
         490000      980.00000

   Energies (kJ/mol)
           Bond          Angle            U-B          LJ-14     Coulomb-14
    1.66634e+04    1.68484e+04    2.26026e+04   -1.99192e+03   -1.34845e+05
        LJ (SR)  Disper. corr.   Coulomb (SR)   Coul. recip.      Potential
   -6.68074e+04   -2.70746e+03   -2.63879e+05    9.12959e+02   -4.13204e+05
    Kinetic En.   Total Energy  Conserved En.    Temperature Pres. DC (bar)
    1.28329e+05   -2.84875e+05   -2.00673e+05    2.96585e+02   -9.78088e+01
 Pressure (bar)   Constr. rmsd
   -2.87281e+02    4.87519e-06

           Step           Time
         495000      990.00000

   Energies (kJ/mol)
           Bond          Angle            U-B          LJ-14     Coulomb-14
    1.62484e+04    1.68211e+04    2.20767e+04   -1.99313e+03   -1.34879e+05
        LJ (SR)  Disper. corr.   Coulomb (SR)   Coul. recip.      Potential
   -6.63980e+04   -2.70334e+03   -2.64089e+05    8.47720e+02   -4.14069e+05
    Kinetic En.   Total Energy  Conserved En.    Temperature Pres. DC (bar)
    1.29213e+05   -2.84856e+05   -2.00721e+05    2.98628e+02   -9.75116e+01
 Pressure (bar)   Constr. rmsd
   -2.70421e+02    4.87519e-06

           Step           Time
         500000     1000.00000

Writing checkpoint, step 500000 at Tue Jul  1 12:02:25 2025


   Energies (kJ/mol)
           Bond          Angle            U-B          LJ-14     Coulomb-14
    1.64940e+04    1.67353e+04    2.22126e+04   -1.99299e+03   -1.34840e+05
        LJ (SR)  Disper. corr.   Coulomb (SR)   Coul. recip.      Potential
   -6.58029e+04   -2.70234e+03   -2.64649e+05    8.79855e+02   -4.13666e+05
    Kinetic En.   Total Energy  Conserved En.    Temperature Pres. DC (bar)
    1.27924e+05   -2.85742e+05   -2.00623e+05    2.95650e+02   -9.74395e+01
 Pressure (bar)   Constr. rmsd
    7.99243e+01    4.87519e-06


Energy conservation over simulation part #1 of length 1000 ns, time 0 to 1000 ns
  Conserved energy drift: 1.56e-04 kJ/mol/ps per atom


	<======  ###############  ==>
	<====  A V E R A G E S  ====>
	<==  ###############  ======>

	Statistics over 500001 steps using 5001 frames

   Energies (kJ/mol)
           Bond          Angle            U-B          LJ-14     Coulomb-14
    1.61251e+04    1.68348e+04    2.21553e+04   -1.99284e+03   -1.34876e+05
        LJ (SR)  Disper. corr.   Coulomb (SR)   Coul. recip.      Potential
   -6.49125e+04   -2.60943e+03   -2.60410e+05    9.48609e+02   -4.08737e+05
    Kinetic En.   Total Energy  Conserved En.    Temperature Pres. DC (bar)
    1.28952e+05   -2.79785e+05   -2.02013e+05    2.98026e+02   -9.17634e+01
 Pressure (bar)   Constr. rmsd
   -2.58515e+01    0.00000e+00

          Box-X          Box-Y          Box-Z
    4.93726e+00    4.93726e+00    1.97476e+01

   Total Virial (kJ/mol)
    4.34787e+04   -2.78890e+01   -3.35384e+01
   -2.78885e+01    4.35334e+04    2.97493e+01
   -3.35333e+01    2.97545e+01    4.34578e+04

   Pressure (bar)
   -2.61944e+01    1.72732e+00    3.00950e+00
    1.72729e+00   -2.77670e+01   -2.31183e+00
    3.00915e+00   -2.31219e+00   -2.35931e+01


       P P   -   P M E   L O A D   B A L A N C I N G

 PP/PME load balancing changed the cut-off and PME settings:
           particle-particle                    PME
            rcoulomb  rlist            grid      spacing   1/beta
   initial  1.400 nm  1.400 nm      52  52 200   0.120 nm  0.448 nm
   final    1.750 nm  1.750 nm      40  40 160   0.150 nm  0.560 nm
 cost-ratio           1.95             0.47
 (note that these numbers concern only part of the total PP and PME load)


	M E G A - F L O P S   A C C O U N T I N G

 NB=Group-cutoff nonbonded kernels    NxN=N-by-N cluster Verlet kernels
 RF=Reaction-Field  VdW=Van der Waals  QSTab=quadratic-spline table
 W3=SPC/TIP3p  W4=TIP4p (single or pairs)
 V&F=Potential and force  V=Potential only  F=Force only

 Computing:                               M-Number         M-Flops  % Flops
-----------------------------------------------------------------------------
 Pair Search distance check           37956.177776      341605.600     0.0
 NxN Ewald Elec. + LJ [F]          47576238.285312  3140031726.831    98.3
 NxN Ewald Elec. + LJ [V&F]          480666.510336    51431316.606     1.6
 1,4 nonbonded interactions            3738.007476      336420.673     0.0
 Shift-X                                214.492890        1286.957     0.0
 Bonds                                 6552.513105      386598.273     0.0
 Angles                                8121.016242     1364330.729     0.0
 Virial                                2146.792935       38642.273     0.0
 Stop-CM                                214.535780        2145.358     0.0
 P-Coupling                            2144.542890       12867.257     0.0
 Calc-Ekin                             4289.085780      115805.316     0.0
 Lincs                                    0.020366           1.222     0.0
 Lincs-Mat                                0.179424           0.718     0.0
 Constraint-V                             0.034769           0.313     0.0
 Settle                                   0.009602           3.553     0.0
 Urey-Bradley                          8722.017444     1596129.192     0.0
-----------------------------------------------------------------------------
 Total                                              3195658880.870   100.0
-----------------------------------------------------------------------------


     R E A L   C Y C L E   A N D   T I M E   A C C O U N T I N G

On 1 MPI rank, each using 10 OpenMP threads

 Computing:          Num   Num      Call    Wall time         Giga-Cycles
                     Ranks Threads  Count      (s)         total sum    %
-----------------------------------------------------------------------------
 Neighbor search        1   10       5001      33.396        868.308   7.3
 Launch GPU ops.        1   10     995001      49.073       1275.893  10.8
 Force                  1   10     500001      99.358       2583.300  21.8
 Wait PME GPU gather    1   10     500001       0.115          3.002   0.0
 Reduce GPU PME F       1   10     500001       1.801         46.823   0.4
 Wait GPU NB local      1   10     450000       0.359          9.333   0.1
 Wait GPU state copy    1   10     625004     226.421       5886.948  49.7
 NB X/F buffer ops.     1   10      50001       7.329        190.561   1.6
 Write traj.            1   10        108       8.965        233.101   2.0
 Constraints            1   10          2       0.025          0.655   0.0
 Rest                                          28.362        737.419   6.2
-----------------------------------------------------------------------------
 Total                                        455.205      11835.343 100.0
-----------------------------------------------------------------------------

               Core t (s)   Wall t (s)        (%)
       Time:     4552.043      455.205     1000.0
                 (ns/day)    (hour/ns)
Performance:      189.805        0.126
Finished mdrun on rank 0 Tue Jul  1 12:02:26 2025

