                      :-) GROMACS - gmx mdrun, 2021.5 (-:

                            GROMACS is written by:
     Andrey Alekseenko              Emile Apol              Rossen Apostolov     
         Paul Bauer           Herman J.C. Berendsen           Par Bjelkmar       
       Christian Blau           Viacheslav Bolnykh             Kevin Boyd        
     Aldert van Buuren           Rudi van Drunen             Anton Feenstra      
    Gilles Gouaillardet             Alan Gray               Gerrit Groenhof      
       Anca Hamuraru            Vincent Hindriksen          M. Eric Irrgang      
      Aleksei Iupinov           Christoph Junghans             Joe Jordan        
    Dimitrios Karkoulis            Peter Kasson                Jiri Kraus        
      Carsten Kutzner              Per Larsson              Justin A. Lemkul     
       Viveca Lindahl            Magnus Lundborg             Erik Marklund       
        Pascal Merz             Pieter Meulenhoff            Teemu Murtola       
        Szilard Pall               Sander Pronk              Roland Schulz       
       Michael Shirts            Alexey Shvetsov             Alfons Sijbers      
       Peter Tieleman              Jon Vincent              Teemu Virolainen     
     Christian Wennberg            Maarten Wolf              Artem Zhmurov       
                           and the project leaders:
        Mark Abraham, Berk Hess, Erik Lindahl, and David van der Spoel

Copyright (c) 1991-2000, University of Groningen, The Netherlands.
Copyright (c) 2001-2019, The GROMACS development team at
Uppsala University, Stockholm University and
the Royal Institute of Technology, Sweden.
check out http://www.gromacs.org for more information.

GROMACS is free software; you can redistribute it and/or modify it
under the terms of the GNU Lesser General Public License
as published by the Free Software Foundation; either version 2.1
of the License, or (at your option) any later version.

GROMACS:      gmx mdrun, version 2021.5
Executable:   /usr/local/gromacs_2021.5/bin/gmx
Data prefix:  /usr/local/gromacs_2021.5
Working dir:  /srv/home/apbal/work/REU/mixtures/pure_mix/small/MEOH
Process ID:   871049
Command line:
  gmx mdrun -v -deffnm em

GROMACS version:    2021.5
Precision:          mixed
Memory model:       64 bit
MPI library:        thread_mpi
OpenMP support:     enabled (GMX_OPENMP_MAX_THREADS = 256)
GPU support:        CUDA
SIMD instructions:  AVX2_256
FFT library:        fftw-3.3.8-sse2-avx-avx2-avx2_128
RDTSCP usage:       enabled
TNG support:        enabled
Hwloc support:      disabled
Tracing support:    disabled
C compiler:         /usr/bin/cc GNU 9.4.0
C compiler flags:   -mavx2 -mfma -Wno-missing-field-initializers -fexcess-precision=fast -funroll-all-loops -pthread -O3 -DNDEBUG
C++ compiler:       /usr/bin/c++ GNU 9.4.0
C++ compiler flags: -mavx2 -mfma -Wno-missing-field-initializers -fexcess-precision=fast -funroll-all-loops -pthread -fopenmp -O3 -DNDEBUG
CUDA compiler:      /usr/local/cuda-12.2/bin/nvcc nvcc: NVIDIA (R) Cuda compiler driver;Copyright (c) 2005-2023 NVIDIA Corporation;Built on Tue_Aug_15_22:02:13_PDT_2023;Cuda compilation tools, release 12.2, V12.2.140;Build cuda_12.2.r12.2/compiler.33191640_0
CUDA compiler flags:-std=c++17;-gencode;arch=compute_60,code=sm_60;-gencode;arch=compute_61,code=sm_61;-gencode;arch=compute_62,code=sm_62;-gencode;arch=compute_70,code=sm_70;-gencode;arch=compute_75,code=sm_75;-gencode;arch=compute_80,code=sm_80;-gencode;arch=compute_86,code=sm_86;-gencode;arch=compute_89,code=sm_89;-gencode;arch=compute_60,code=compute_60;-gencode;arch=compute_61,code=compute_61;-gencode;arch=compute_62,code=compute_62;-gencode;arch=compute_70,code=compute_70;-gencode;arch=compute_75,code=compute_75;-gencode;arch=compute_80,code=compute_80;-gencode;arch=compute_86,code=compute_86;-gencode;arch=compute_89,code=compute_89;-use_fast_math;-D_FORCE_INLINES;-mavx2 -mfma -Wno-missing-field-initializers -fexcess-precision=fast -funroll-all-loops -pthread -fopenmp -O3 -DNDEBUG
CUDA driver:        12.90
CUDA runtime:       12.20


Running on 1 node with total 128 cores, 128 logical cores, 1 compatible GPU
Hardware detected:
  CPU info:
    Vendor: AMD
    Brand:  AMD EPYC 7513 32-Core Processor                
    Family: 25   Model: 1   Stepping: 1
    Features: aes amd apic avx avx2 clfsh cmov cx8 cx16 f16c fma htt lahf misalignsse mmx msr nonstop_tsc pcid pclmuldq pdpe1gb popcnt pse rdrnd rdtscp sha sse2 sse3 sse4a sse4.1 sse4.2 ssse3
  Hardware topology: Only logical processor count
  GPU info:
    Number of GPUs detected: 1
    #0: NVIDIA NVIDIA RTX A4500, compute cap.: 8.6, ECC:  no, stat: compatible


++++ PLEASE READ AND CITE THE FOLLOWING REFERENCE ++++
M. J. Abraham, T. Murtola, R. Schulz, S. Páll, J. C. Smith, B. Hess, E.
Lindahl
GROMACS: High performance molecular simulations through multi-level
parallelism from laptops to supercomputers
SoftwareX 1 (2015) pp. 19-25
-------- -------- --- Thank You --- -------- --------


++++ PLEASE READ AND CITE THE FOLLOWING REFERENCE ++++
S. Páll, M. J. Abraham, C. Kutzner, B. Hess, E. Lindahl
Tackling Exascale Software Challenges in Molecular Dynamics Simulations with
GROMACS
In S. Markidis & E. Laure (Eds.), Solving Software Challenges for Exascale 8759 (2015) pp. 3-27
-------- -------- --- Thank You --- -------- --------


++++ PLEASE READ AND CITE THE FOLLOWING REFERENCE ++++
S. Pronk, S. Páll, R. Schulz, P. Larsson, P. Bjelkmar, R. Apostolov, M. R.
Shirts, J. C. Smith, P. M. Kasson, D. van der Spoel, B. Hess, and E. Lindahl
GROMACS 4.5: a high-throughput and highly parallel open source molecular
simulation toolkit
Bioinformatics 29 (2013) pp. 845-54
-------- -------- --- Thank You --- -------- --------


++++ PLEASE READ AND CITE THE FOLLOWING REFERENCE ++++
B. Hess and C. Kutzner and D. van der Spoel and E. Lindahl
GROMACS 4: Algorithms for highly efficient, load-balanced, and scalable
molecular simulation
J. Chem. Theory Comput. 4 (2008) pp. 435-447
-------- -------- --- Thank You --- -------- --------


++++ PLEASE READ AND CITE THE FOLLOWING REFERENCE ++++
D. van der Spoel, E. Lindahl, B. Hess, G. Groenhof, A. E. Mark and H. J. C.
Berendsen
GROMACS: Fast, Flexible and Free
J. Comp. Chem. 26 (2005) pp. 1701-1719
-------- -------- --- Thank You --- -------- --------


++++ PLEASE READ AND CITE THE FOLLOWING REFERENCE ++++
E. Lindahl and B. Hess and D. van der Spoel
GROMACS 3.0: A package for molecular simulation and trajectory analysis
J. Mol. Mod. 7 (2001) pp. 306-317
-------- -------- --- Thank You --- -------- --------


++++ PLEASE READ AND CITE THE FOLLOWING REFERENCE ++++
H. J. C. Berendsen, D. van der Spoel and R. van Drunen
GROMACS: A message-passing parallel molecular dynamics implementation
Comp. Phys. Comm. 91 (1995) pp. 43-56
-------- -------- --- Thank You --- -------- --------


++++ PLEASE CITE THE DOI FOR THIS VERSION OF GROMACS ++++
https://doi.org/10.5281/zenodo.5850051
-------- -------- --- Thank You --- -------- --------

Input Parameters:
   integrator                     = steep
   tinit                          = 0
   dt                             = 0.001
   nsteps                         = 100000
   init-step                      = 0
   simulation-part                = 1
   mts                            = false
   comm-mode                      = Linear
   nstcomm                        = 100
   bd-fric                        = 0
   ld-seed                        = -1193838945
   emtol                          = 1000
   emstep                         = 0.01
   niter                          = 20
   fcstep                         = 0
   nstcgsteep                     = 1000
   nbfgscorr                      = 10
   rtpi                           = 0.05
   nstxout                        = 0
   nstvout                        = 0
   nstfout                        = 0
   nstlog                         = 1000
   nstcalcenergy                  = 100
   nstenergy                      = 1000
   nstxout-compressed             = 0
   compressed-x-precision         = 1000
   cutoff-scheme                  = Verlet
   nstlist                        = 20
   pbc                            = xyz
   periodic-molecules             = false
   verlet-buffer-tolerance        = 0.005
   rlist                          = 1.26
   coulombtype                    = PME
   coulomb-modifier               = Potential-shift
   rcoulomb-switch                = 0
   rcoulomb                       = 1.2
   epsilon-r                      = 1
   epsilon-rf                     = inf
   vdw-type                       = Cut-off
   vdw-modifier                   = Potential-shift
   rvdw-switch                    = 0
   rvdw                           = 1
   DispCorr                       = No
   table-extension                = 1
   fourierspacing                 = 0.12
   fourier-nx                     = 36
   fourier-ny                     = 36
   fourier-nz                     = 36
   pme-order                      = 4
   ewald-rtol                     = 1e-05
   ewald-rtol-lj                  = 0.001
   lj-pme-comb-rule               = Geometric
   ewald-geometry                 = 0
   epsilon-surface                = 0
   tcoupl                         = No
   nsttcouple                     = -1
   nh-chain-length                = 0
   print-nose-hoover-chain-variables = false
   pcoupl                         = No
   pcoupltype                     = Isotropic
   nstpcouple                     = -1
   tau-p                          = 1
   compressibility (3x3):
      compressibility[    0]={ 0.00000e+00,  0.00000e+00,  0.00000e+00}
      compressibility[    1]={ 0.00000e+00,  0.00000e+00,  0.00000e+00}
      compressibility[    2]={ 0.00000e+00,  0.00000e+00,  0.00000e+00}
   ref-p (3x3):
      ref-p[    0]={ 0.00000e+00,  0.00000e+00,  0.00000e+00}
      ref-p[    1]={ 0.00000e+00,  0.00000e+00,  0.00000e+00}
      ref-p[    2]={ 0.00000e+00,  0.00000e+00,  0.00000e+00}
   refcoord-scaling               = No
   posres-com (3):
      posres-com[0]= 0.00000e+00
      posres-com[1]= 0.00000e+00
      posres-com[2]= 0.00000e+00
   posres-comB (3):
      posres-comB[0]= 0.00000e+00
      posres-comB[1]= 0.00000e+00
      posres-comB[2]= 0.00000e+00
   QMMM                           = false
qm-opts:
   ngQM                           = 0
   constraint-algorithm           = Lincs
   continuation                   = false
   Shake-SOR                      = false
   shake-tol                      = 0.0001
   lincs-order                    = 4
   lincs-iter                     = 1
   lincs-warnangle                = 30
   nwall                          = 0
   wall-type                      = 9-3
   wall-r-linpot                  = -1
   wall-atomtype[0]               = -1
   wall-atomtype[1]               = -1
   wall-density[0]                = 0
   wall-density[1]                = 0
   wall-ewald-zfac                = 3
   pull                           = false
   awh                            = false
   rotation                       = false
   interactiveMD                  = false
   disre                          = No
   disre-weighting                = Conservative
   disre-mixed                    = false
   dr-fc                          = 1000
   dr-tau                         = 0
   nstdisreout                    = 100
   orire-fc                       = 0
   orire-tau                      = 0
   nstorireout                    = 100
   free-energy                    = no
   cos-acceleration               = 0
   deform (3x3):
      deform[    0]={ 0.00000e+00,  0.00000e+00,  0.00000e+00}
      deform[    1]={ 0.00000e+00,  0.00000e+00,  0.00000e+00}
      deform[    2]={ 0.00000e+00,  0.00000e+00,  0.00000e+00}
   simulated-tempering            = false
   swapcoords                     = no
   userint1                       = 0
   userint2                       = 0
   userint3                       = 0
   userint4                       = 0
   userreal1                      = 0
   userreal2                      = 0
   userreal3                      = 0
   userreal4                      = 0
   applied-forces:
     electric-field:
       x:
         E0                       = 0
         omega                    = 0
         t0                       = 0
         sigma                    = 0
       y:
         E0                       = 0
         omega                    = 0
         t0                       = 0
         sigma                    = 0
       z:
         E0                       = 0
         omega                    = 0
         t0                       = 0
         sigma                    = 0
     density-guided-simulation:
       active                     = false
       group                      = protein
       similarity-measure         = inner-product
       atom-spreading-weight      = unity
       force-constant             = 1e+09
       gaussian-transform-spreading-width = 0.2
       gaussian-transform-spreading-range-in-multiples-of-width = 4
       reference-density-filename = reference.mrc
       nst                        = 1
       normalize-densities        = true
       adaptive-force-scaling     = false
       adaptive-force-scaling-time-constant = 4
       shift-vector               = 
       transformation-matrix      = 
grpopts:
   nrdf:       14397
   ref-t:           0
   tau-t:           0
annealing:          No
annealing-npoints:           0
   acc:	           0           0           0
   nfreeze:           N           N           N
   energygrp-flags[  0]: 0


Initializing Domain Decomposition on 4 ranks
NOTE: disabling dynamic load balancing as it is only supported with dynamics, not with integrator 'steep'.
Dynamic load balancing: off
Minimum cell size due to atom displacement: 0.060 nm
Initial maximum distances in bonded interactions:
    two-body bonded interactions: 0.286 nm, LJ-14, atoms 2830 2832
  multi-body bonded interactions: 0.286 nm, Proper Dih., atoms 2830 2832
Minimum cell size due to bonded interactions: 0.314 nm
Using 0 separate PME ranks
Optimizing the DD grid for 4 cells with a minimum initial size of 0.314 nm
The maximum allowed number of cells is: X 12 Y 12 Z 12
Domain decomposition grid 4 x 1 x 1, separate PME ranks 0
PME domain decomposition: 4 x 1 x 1
Domain decomposition rank 0, coordinates 0 0 0

The initial number of communication pulses is: X 2
The initial domain decomposition cell size is: X 1.00 nm

The maximum allowed distance for atoms involved in interactions is:
                 non-bonded interactions           1.260 nm
            two-body bonded interactions  (-rdd)   1.260 nm
          multi-body bonded interactions  (-rdd)   1.000 nm

On host euler05.engr.wisc.edu 1 GPU selected for this run.
Mapping of GPU IDs to the 4 GPU tasks in the 4 ranks on this node:
  PP:0,PP:0,PP:0,PP:0
PP tasks will do (non-perturbed) short-ranged interactions on the GPU
PP task will update and constrain coordinates on the CPU
Using 4 MPI threads

Non-default thread affinity set, disabling internal thread affinity

Using 8 OpenMP threads per tMPI thread

System total charge: 0.000
Will do PME sum in reciprocal space for electrostatic interactions.

++++ PLEASE READ AND CITE THE FOLLOWING REFERENCE ++++
U. Essmann, L. Perera, M. L. Berkowitz, T. Darden, H. Lee and L. G. Pedersen 
A smooth particle mesh Ewald method
J. Chem. Phys. 103 (1995) pp. 8577-8592
-------- -------- --- Thank You --- -------- --------

Using a Gaussian width (1/beta) of 0.384195 nm for Ewald
Potential shift: LJ r^-12: -1.000e+00 r^-6: -1.000e+00, Ewald -8.333e-06
Initialized non-bonded Ewald tables, spacing: 1.02e-03 size: 1176

Generated table with 1130 data points for 1-4 COUL.
Tabscale = 500 points/nm
Generated table with 1130 data points for 1-4 LJ6.
Tabscale = 500 points/nm
Generated table with 1130 data points for 1-4 LJ12.
Tabscale = 500 points/nm


Using GPU 8x8 nonbonded short-range kernels

Using a 8x8 pair-list setup:
  updated every 20 steps, buffer 0.060 nm, rlist 1.260 nm

Using Lorentz-Berthelot Lennard-Jones combination rule
Removing pbc first time

Linking all bonded interactions to atoms


Note that activating steepest-descent energy minimization via the integrator .mdp option and the command gmx mdrun may be available in a different form in a future version of GROMACS, e.g. gmx minimize and an .mdp option.
Initiating Steepest Descents

Atom distribution over 4 domains: av 1200 stddev 25 min 1170 max 1236
Started Steepest Descents on rank 0 Tue Jul 15 15:35:31 2025


Steepest Descents:
   Tolerance (Fmax)   =  1.00000e+03
   Number of steps    =       100000
           Step           Time
              0        0.00000

   Energies (kJ/mol)
           Bond            U-B    Proper Dih.          LJ-14     Coulomb-14
    2.14012e+03    3.38303e+02    4.98331e-01   -4.88465e+01    5.14398e+04
        LJ (SR)   Coulomb (SR)   Coul. recip.      Potential Pressure (bar)
    1.74455e+05   -1.41205e+03    1.91603e+03    2.28829e+05    2.13736e+05


DD  step 0 load imb.: force  2.2%
           Step           Time
              1        1.00000

   Energies (kJ/mol)
           Bond            U-B    Proper Dih.          LJ-14     Coulomb-14
    2.29249e+03    4.22252e+02    1.37910e+00   -4.88846e+01    5.14470e+04
        LJ (SR)   Coulomb (SR)   Coul. recip.      Potential Pressure (bar)
    1.35502e+05   -1.52488e+03    1.90373e+03    1.89995e+05    1.74182e+05

           Step           Time
              2        2.00000

   Energies (kJ/mol)
           Bond            U-B    Proper Dih.          LJ-14     Coulomb-14
    3.62011e+03    8.54715e+02    8.61939e+00   -4.89859e+01    5.14652e+04
        LJ (SR)   Coulomb (SR)   Coul. recip.      Potential Pressure (bar)
    9.11142e+04   -1.67904e+03    1.87580e+03    1.47211e+05    1.30023e+05

           Step           Time
              3        3.00000

   Energies (kJ/mol)
           Bond            U-B    Proper Dih.          LJ-14     Coulomb-14
    7.11063e+03    2.12504e+03    3.62521e+01   -4.91880e+01    5.14982e+04
        LJ (SR)   Coulomb (SR)   Coul. recip.      Potential Pressure (bar)
    5.37909e+04   -1.87521e+03    1.82493e+03    1.14462e+05    9.43069e+04

           Step           Time
              4        4.00000

   Energies (kJ/mol)
           Bond            U-B    Proper Dih.          LJ-14     Coulomb-14
    6.99873e+03    3.90896e+03    1.02376e+02   -4.93182e+01    5.15041e+04
        LJ (SR)   Coulomb (SR)   Coul. recip.      Potential Pressure (bar)
    3.11529e+04   -2.12672e+03    1.76389e+03    9.32550e+04    7.19744e+04

           Step           Time
              5        5.00000

   Energies (kJ/mol)
           Bond            U-B    Proper Dih.          LJ-14     Coulomb-14
    2.46796e+03    5.75901e+03    2.27453e+02   -4.85671e+01    5.13215e+04
        LJ (SR)   Coulomb (SR)   Coul. recip.      Potential Pressure (bar)
    2.06931e+04   -2.56397e+03    1.78331e+03    7.96399e+04    4.65777e+04

           Step           Time
              6        6.00000

   Energies (kJ/mol)
           Bond            U-B    Proper Dih.          LJ-14     Coulomb-14
    8.98822e+03    6.12904e+03    2.77123e+02   -4.82873e+01    5.12748e+04
        LJ (SR)   Coulomb (SR)   Coul. recip.      Potential Pressure (bar)
    1.35251e+04   -2.82059e+03    1.70952e+03    7.90350e+04    4.04250e+04

           Step           Time
              7        7.00000

   Energies (kJ/mol)
           Bond            U-B    Proper Dih.          LJ-14     Coulomb-14
    3.94234e+03    5.35944e+03    2.98424e+02   -4.81469e+01    5.12283e+04
        LJ (SR)   Coulomb (SR)   Coul. recip.      Potential Pressure (bar)
    1.60090e+04   -2.89841e+03    1.75336e+03    7.56443e+04    3.74885e+04

           Step           Time
              8        8.00000

           Step           Time
              9        9.00000

   Energies (kJ/mol)
           Bond            U-B    Proper Dih.          LJ-14     Coulomb-14
    1.66462e+03    5.00587e+03    3.14110e+02   -4.79838e+01    5.12070e+04
        LJ (SR)   Coulomb (SR)   Coul. recip.      Potential Pressure (bar)
    1.29356e+04   -3.01750e+03    1.71814e+03    6.97798e+04    3.61837e+04

           Step           Time
             10       10.00000

   Energies (kJ/mol)
           Bond            U-B    Proper Dih.          LJ-14     Coulomb-14
    2.23120e+03    4.50646e+03    3.61954e+02   -4.77093e+01    5.11473e+04
        LJ (SR)   Coulomb (SR)   Coul. recip.      Potential Pressure (bar)
    1.15041e+04   -3.23742e+03    1.69671e+03    6.81626e+04    3.25693e+04

           Step           Time
             11       11.00000

   Energies (kJ/mol)
           Bond            U-B    Proper Dih.          LJ-14     Coulomb-14
    1.33649e+03    4.27276e+03    3.75322e+02   -4.75411e+01    5.11189e+04
        LJ (SR)   Coulomb (SR)   Coul. recip.      Potential Pressure (bar)
    1.00186e+04   -3.35148e+03    1.68177e+03    6.54048e+04    3.08562e+04

           Step           Time
             12       12.00000

   Energies (kJ/mol)
           Bond            U-B    Proper Dih.          LJ-14     Coulomb-14
    2.04578e+03    3.91368e+03    4.09570e+02   -4.74000e+01    5.10878e+04
        LJ (SR)   Coulomb (SR)   Coul. recip.      Potential Pressure (bar)
    9.35191e+03   -3.50633e+03    1.66494e+03    6.49199e+04    2.91497e+04

           Step           Time
             13       13.00000

   Energies (kJ/mol)
           Bond            U-B    Proper Dih.          LJ-14     Coulomb-14
    1.29187e+03    3.70370e+03    4.22459e+02   -4.72476e+01    5.10609e+04
        LJ (SR)   Coulomb (SR)   Coul. recip.      Potential Pressure (bar)
    8.19026e+03   -3.61330e+03    1.65086e+03    6.26595e+04    2.77637e+04

           Step           Time
             14       14.00000

           Step           Time
             15       15.00000

   Energies (kJ/mol)
           Bond            U-B    Proper Dih.          LJ-14     Coulomb-14
    8.08032e+02    3.53138e+03    4.36107e+02   -4.72107e+01    5.10525e+04
        LJ (SR)   Coulomb (SR)   Coul. recip.      Potential Pressure (bar)
    7.92329e+03   -3.67466e+03    1.64370e+03    6.16732e+04    2.73209e+04

           Step           Time
             16       16.00000

   Energies (kJ/mol)
           Bond            U-B    Proper Dih.          LJ-14     Coulomb-14
    1.41216e+03    3.29822e+03    4.57758e+02   -4.70383e+01    5.10191e+04
        LJ (SR)   Coulomb (SR)   Coul. recip.      Potential Pressure (bar)
    7.00153e+03   -3.81246e+03    1.62610e+03    6.09553e+04    2.56470e+04

           Step           Time
             17       17.00000

   Energies (kJ/mol)
           Bond            U-B    Proper Dih.          LJ-14     Coulomb-14
    9.26296e+02    3.14562e+03    4.71414e+02   -4.70290e+01    5.10161e+04
        LJ (SR)   Coulomb (SR)   Coul. recip.      Potential Pressure (bar)
    6.81168e+03   -3.86881e+03    1.62034e+03    6.00756e+04    2.53905e+04

           Step           Time
             18       18.00000

   Energies (kJ/mol)
           Bond            U-B    Proper Dih.          LJ-14     Coulomb-14
    1.71018e+03    2.98340e+03    4.90178e+02   -4.68768e+01    5.09859e+04
        LJ (SR)   Coulomb (SR)   Coul. recip.      Potential Pressure (bar)
    6.04215e+03   -3.99411e+03    1.60289e+03    5.97737e+04    2.39096e+04

           Step           Time
             19       19.00000

   Energies (kJ/mol)
           Bond            U-B    Proper Dih.          LJ-14     Coulomb-14
    1.38516e+03    2.84608e+03    5.04107e+02   -4.68979e+01    5.09887e+04
        LJ (SR)   Coulomb (SR)   Coul. recip.      Potential Pressure (bar)
    5.92071e+03   -4.04498e+03    1.59929e+03    5.91521e+04    2.37813e+04

           Step           Time
             20       20.00000

           Step           Time
             21       21.00000

   Energies (kJ/mol)
           Bond            U-B    Proper Dih.          LJ-14     Coulomb-14
    5.87352e+02    2.73905e+03    5.12627e+02   -4.68188e+01    5.09733e+04
        LJ (SR)   Coulomb (SR)   Coul. recip.      Potential Pressure (bar)
    5.46992e+03   -4.11124e+03    1.58875e+03    5.77130e+04    2.31997e+04

           Step           Time
             22       22.00000

   Energies (kJ/mol)
           Bond            U-B    Proper Dih.          LJ-14     Coulomb-14
    1.70236e+03    2.32503e+03    5.68515e+02   -4.66462e+01    5.09342e+04
        LJ (SR)   Coulomb (SR)   Coul. recip.      Potential Pressure (bar)
    4.29460e+03   -4.39093e+03    1.55568e+03    5.69428e+04    2.08051e+04

           Step           Time
             23       23.00000

   Energies (kJ/mol)
           Bond            U-B    Proper Dih.          LJ-14     Coulomb-14
    6.48198e+02    2.24572e+03    5.77427e+02   -4.65771e+01    5.09199e+04
        LJ (SR)   Coulomb (SR)   Coul. recip.      Potential Pressure (bar)
    3.87058e+03   -4.46476e+03    1.54273e+03    5.52932e+04    2.03320e+04

           Step           Time
             24       24.00000

           Step           Time
             25       25.00000

   Energies (kJ/mol)
           Bond            U-B    Proper Dih.          LJ-14     Coulomb-14
    6.29146e+02    2.15379e+03    5.90445e+02   -4.65732e+01    5.09182e+04
        LJ (SR)   Coulomb (SR)   Coul. recip.      Potential Pressure (bar)
    3.63032e+03   -4.52646e+03    1.53594e+03    5.48848e+04    2.00386e+04

           Step           Time
             26       26.00000

   Energies (kJ/mol)
           Bond            U-B    Proper Dih.          LJ-14     Coulomb-14
    8.48842e+02    2.08932e+03    6.04142e+02   -4.65023e+01    5.09026e+04
        LJ (SR)   Coulomb (SR)   Coul. recip.      Potential Pressure (bar)
    3.26984e+03   -4.61699e+03    1.52192e+03    5.45732e+04    1.92818e+04

           Step           Time
             27       27.00000

   Energies (kJ/mol)
           Bond            U-B    Proper Dih.          LJ-14     Coulomb-14
    8.74834e+02    2.00592e+03    6.16229e+02   -4.65199e+01    5.09052e+04
        LJ (SR)   Coulomb (SR)   Coul. recip.      Potential Pressure (bar)
    3.08721e+03   -4.66971e+03    1.51762e+03    5.42908e+04    1.90834e+04

           Step           Time
             28       28.00000

   Energies (kJ/mol)
           Bond            U-B    Proper Dih.          LJ-14     Coulomb-14
    1.26856e+03    1.96992e+03    6.29387e+02   -4.64411e+01    5.08876e+04
        LJ (SR)   Coulomb (SR)   Coul. recip.      Potential Pressure (bar)
    2.74812e+03   -4.76335e+03    1.50189e+03    5.41957e+04    1.82586e+04

           Step           Time
             29       29.00000

           Step           Time
             30       30.00000

   Energies (kJ/mol)
           Bond            U-B    Proper Dih.          LJ-14     Coulomb-14
    3.69207e+02    1.89049e+03    6.35173e+02   -4.64623e+01    5.08917e+04
        LJ (SR)   Coulomb (SR)   Coul. recip.      Potential Pressure (bar)
    2.62723e+03   -4.78931e+03    1.50043e+03    5.30785e+04    1.83565e+04

           Step           Time
             31       31.00000

   Energies (kJ/mol)
           Bond            U-B    Proper Dih.          LJ-14     Coulomb-14
    2.21906e+03    1.60071e+03    7.16279e+02   -4.62609e+01    5.08378e+04
        LJ (SR)   Coulomb (SR)   Coul. recip.      Potential Pressure (bar)
    1.15922e+03   -5.26026e+03    1.43442e+03    5.26610e+04    1.48963e+04

           Step           Time
             32       32.00000

   Energies (kJ/mol)
           Bond            U-B    Proper Dih.          LJ-14     Coulomb-14
    4.20384e+02    1.50066e+03    7.21567e+02   -4.63265e+01    5.08516e+04
        LJ (SR)   Coulomb (SR)   Coul. recip.      Potential Pressure (bar)
    1.01404e+03   -5.28123e+03    1.43542e+03    5.06161e+04    1.53953e+04

           Step           Time
             33       33.00000

           Step           Time
             34       34.00000

   Energies (kJ/mol)
           Bond            U-B    Proper Dih.          LJ-14     Coulomb-14
    6.86292e+02    1.48349e+03    7.33216e+02   -4.62930e+01    5.08429e+04
        LJ (SR)   Coulomb (SR)   Coul. recip.      Potential Pressure (bar)
    7.89236e+02   -5.36072e+03    1.42038e+03    5.05485e+04    1.49733e+04

           Step           Time
             35       35.00000

   Energies (kJ/mol)
           Bond            U-B    Proper Dih.          LJ-14     Coulomb-14
    6.31818e+02    1.43861e+03    7.41429e+02   -4.63270e+01    5.08492e+04
        LJ (SR)   Coulomb (SR)   Coul. recip.      Potential Pressure (bar)
    6.63590e+02   -5.40328e+03    1.41882e+03    5.02939e+04    1.48837e+04

           Step           Time
             36       36.00000

           Step           Time
             37       37.00000

   Energies (kJ/mol)
           Bond            U-B    Proper Dih.          LJ-14     Coulomb-14
    2.88792e+02    1.41540e+03    7.46457e+02   -4.63022e+01    5.08433e+04
        LJ (SR)   Coulomb (SR)   Coul. recip.      Potential Pressure (bar)
    5.51465e+02   -5.44391e+03    1.41071e+03    4.97659e+04    1.46999e+04

           Step           Time
             38       38.00000

   Energies (kJ/mol)
           Bond            U-B    Proper Dih.          LJ-14     Coulomb-14
    7.35307e+02    1.32854e+03    7.76032e+02   -4.63048e+01    5.08398e+04
        LJ (SR)   Coulomb (SR)   Coul. recip.      Potential Pressure (bar)
    7.75372e+01   -5.62478e+03    1.38804e+03    4.94742e+04    1.38534e+04

           Step           Time
             39       39.00000

   Energies (kJ/mol)
           Bond            U-B    Proper Dih.          LJ-14     Coulomb-14
    3.43328e+02    1.30794e+03    7.81382e+02   -4.62764e+01    5.08328e+04
        LJ (SR)   Coulomb (SR)   Coul. recip.      Potential Pressure (bar)
   -3.41705e+01   -5.67534e+03    1.37840e+03    4.88880e+04    1.36228e+04

           Step           Time
             40       40.00000

           Step           Time
             41       41.00000

   Energies (kJ/mol)
           Bond            U-B    Proper Dih.          LJ-14     Coulomb-14
    3.35212e+02    1.27919e+03    7.88784e+02   -4.62900e+01    5.08347e+04
        LJ (SR)   Coulomb (SR)   Coul. recip.      Potential Pressure (bar)
   -1.53997e+02   -5.71923e+03    1.37361e+03    4.86920e+04    1.34951e+04

           Step           Time
             42       42.00000

   Energies (kJ/mol)
           Bond            U-B    Proper Dih.          LJ-14     Coulomb-14
    4.21131e+02    1.26549e+03    7.97250e+02   -4.62670e+01    5.08283e+04
        LJ (SR)   Coulomb (SR)   Coul. recip.      Potential Pressure (bar)
   -2.94179e+02   -5.78674e+03    1.36262e+03    4.85476e+04    1.31333e+04

           Step           Time
             43       43.00000

   Energies (kJ/mol)
           Bond            U-B    Proper Dih.          LJ-14     Coulomb-14
    4.36562e+02    1.23555e+03    8.04434e+02   -4.62893e+01    5.08320e+04
        LJ (SR)   Coulomb (SR)   Coul. recip.      Potential Pressure (bar)
   -4.07067e+02   -5.82786e+03    1.35890e+03    4.83863e+04    1.30360e+04

           Step           Time
             44       44.00000

   Energies (kJ/mol)
           Bond            U-B    Proper Dih.          LJ-14     Coulomb-14
    5.82908e+02    1.23170e+03    8.12262e+02   -4.62598e+01    5.08242e+04
        LJ (SR)   Coulomb (SR)   Coul. recip.      Potential Pressure (bar)
   -5.31946e+02   -5.89558e+03    1.34722e+03    4.83245e+04    1.26486e+04

           Step           Time
             45       45.00000

   Energies (kJ/mol)
           Bond            U-B    Proper Dih.          LJ-14     Coulomb-14
    6.74002e+02    1.20020e+03    8.19274e+02   -4.62950e+01    5.08306e+04
        LJ (SR)   Coulomb (SR)   Coul. recip.      Potential Pressure (bar)
   -6.38823e+02   -5.93254e+03    1.34499e+03    4.82514e+04    1.25903e+04

           Step           Time
             46       46.00000

           Step           Time
             47       47.00000

   Energies (kJ/mol)
           Bond            U-B    Proper Dih.          LJ-14     Coulomb-14
    2.42197e+02    1.18234e+03    8.22947e+02   -4.62744e+01    5.08256e+04
        LJ (SR)   Coulomb (SR)   Coul. recip.      Potential Pressure (bar)
   -7.13523e+02   -5.97028e+03    1.33798e+03    4.76810e+04    1.24588e+04

           Step           Time
             48       48.00000

   Energies (kJ/mol)
           Bond            U-B    Proper Dih.          LJ-14     Coulomb-14
    8.04855e+02    1.11285e+03    8.56172e+02   -4.62868e+01    5.08221e+04
        LJ (SR)   Coulomb (SR)   Coul. recip.      Potential Pressure (bar)
   -1.20825e+03   -6.20533e+03    1.30709e+03    4.74432e+04    1.14940e+04

           Step           Time
             49       49.00000

   Energies (kJ/mol)
           Bond            U-B    Proper Dih.          LJ-14     Coulomb-14
    3.18697e+02    1.09248e+03    8.60080e+02   -4.62653e+01    5.08165e+04
        LJ (SR)   Coulomb (SR)   Coul. recip.      Potential Pressure (bar)
   -1.28518e+03   -6.25384e+03    1.29857e+03    4.68010e+04    1.13445e+04

           Step           Time
             50       50.00000

           Step           Time
             51       51.00000

   Energies (kJ/mol)
           Bond            U-B    Proper Dih.          LJ-14     Coulomb-14
    3.30541e+02    1.07380e+03    8.65833e+02   -4.62826e+01    5.08193e+04
        LJ (SR)   Coulomb (SR)   Coul. recip.      Potential Pressure (bar)
   -1.37553e+03   -6.29152e+03    1.29412e+03    4.66702e+04    1.12747e+04

           Step           Time
             52       52.00000

   Energies (kJ/mol)
           Bond            U-B    Proper Dih.          LJ-14     Coulomb-14
    4.20372e+02    1.07047e+03    8.71974e+02   -4.62655e+01    5.08142e+04
        LJ (SR)   Coulomb (SR)   Coul. recip.      Potential Pressure (bar)
   -1.46696e+03   -6.35236e+03    1.28466e+03    4.65961e+04    1.09898e+04

           Step           Time
             53       53.00000

   Energies (kJ/mol)
           Bond            U-B    Proper Dih.          LJ-14     Coulomb-14
    4.69298e+02    1.04964e+03    8.77497e+02   -4.62908e+01    5.08187e+04
        LJ (SR)   Coulomb (SR)   Coul. recip.      Potential Pressure (bar)
   -1.55279e+03   -6.38660e+03    1.28130e+03    4.65107e+04    1.09402e+04

           Step           Time
             54       54.00000

           Step           Time
             55       55.00000

   Energies (kJ/mol)
           Bond            U-B    Proper Dih.          LJ-14     Coulomb-14
    2.20311e+02    1.03925e+03    8.80360e+02   -4.62779e+01    5.08153e+04
        LJ (SR)   Coulomb (SR)   Coul. recip.      Potential Pressure (bar)
   -1.60451e+03   -6.41947e+03    1.27589e+03    4.61609e+04    1.08307e+04

           Step           Time
             56       56.00000

   Energies (kJ/mol)
           Bond            U-B    Proper Dih.          LJ-14     Coulomb-14
    5.73540e+02    9.93952e+02    9.04224e+02   -4.62963e+01    5.08143e+04
        LJ (SR)   Coulomb (SR)   Coul. recip.      Potential Pressure (bar)
   -1.95867e+03   -6.61938e+03    1.24951e+03    4.59112e+04    1.01320e+04

           Step           Time
             57       57.00000

   Energies (kJ/mol)
           Bond            U-B    Proper Dih.          LJ-14     Coulomb-14
    2.74344e+02    9.82962e+02    9.07277e+02   -4.62819e+01    5.08103e+04
        LJ (SR)   Coulomb (SR)   Coul. recip.      Potential Pressure (bar)
   -2.01556e+03   -6.66042e+03    1.24281e+03    4.54955e+04    1.00141e+04

           Step           Time
             58       58.00000

           Step           Time
             59       59.00000

   Energies (kJ/mol)
           Bond            U-B    Proper Dih.          LJ-14     Coulomb-14
    2.78685e+02    9.69318e+02    9.11686e+02   -4.62955e+01    5.08125e+04
        LJ (SR)   Coulomb (SR)   Coul. recip.      Potential Pressure (bar)
   -2.08587e+03   -6.69560e+03    1.23843e+03    4.53828e+04    9.95262e+03

           Step           Time
             60       60.00000

   Energies (kJ/mol)
           Bond            U-B    Proper Dih.          LJ-14     Coulomb-14
    3.46184e+02    9.67275e+02    9.16516e+02   -4.62843e+01    5.08089e+04
        LJ (SR)   Coulomb (SR)   Coul. recip.      Potential Pressure (bar)
   -2.15891e+03   -6.75086e+03    1.23032e+03    4.53131e+04    9.72742e+03

           Step           Time
             61       61.00000

   Energies (kJ/mol)
           Bond            U-B    Proper Dih.          LJ-14     Coulomb-14
    3.73139e+02    9.52066e+02    9.20737e+02   -4.63040e+01    5.08123e+04
        LJ (SR)   Coulomb (SR)   Coul. recip.      Potential Pressure (bar)
   -2.22643e+03   -6.78331e+03    1.22668e+03    4.52289e+04    9.68425e+03

           Step           Time
             62       62.00000

           Step           Time
             63       63.00000

   Energies (kJ/mol)
           Bond            U-B    Proper Dih.          LJ-14     Coulomb-14
    2.09433e+02    9.45199e+02    9.22953e+02   -4.62949e+01    5.08098e+04
        LJ (SR)   Coulomb (SR)   Coul. recip.      Potential Pressure (bar)
   -2.26682e+03   -6.81257e+03    1.22220e+03    4.49839e+04    9.59170e+03

           Step           Time
             64       64.00000

   Energies (kJ/mol)
           Bond            U-B    Proper Dih.          LJ-14     Coulomb-14
    4.56200e+02    9.14972e+02    9.39567e+02   -4.63134e+01    5.08099e+04
        LJ (SR)   Coulomb (SR)   Coul. recip.      Potential Pressure (bar)
   -2.52464e+03   -6.98133e+03    1.20010e+03    4.47685e+04    9.07784e+03

           Step           Time
             65       65.00000

   Energies (kJ/mol)
           Bond            U-B    Proper Dih.          LJ-14     Coulomb-14
    2.56285e+02    9.08074e+02    9.41937e+02   -4.63022e+01    5.08069e+04
        LJ (SR)   Coulomb (SR)   Coul. recip.      Potential Pressure (bar)
   -2.57166e+03   -7.01830e+03    1.19447e+03    4.44714e+04    8.97091e+03

           Step           Time
             66       66.00000

           Step           Time
             67       67.00000

   Energies (kJ/mol)
           Bond            U-B    Proper Dih.          LJ-14     Coulomb-14
    2.50243e+02    8.97533e+02    9.45139e+02   -4.63137e+01    5.08087e+04
        LJ (SR)   Coulomb (SR)   Coul. recip.      Potential Pressure (bar)
   -2.62576e+03   -7.04986e+03    1.19049e+03    4.43702e+04    8.92441e+03

           Step           Time
             68       68.00000

   Energies (kJ/mol)
           Bond            U-B    Proper Dih.          LJ-14     Coulomb-14
    3.15073e+02    8.96525e+02    9.48952e+02   -4.63052e+01    5.08059e+04
        LJ (SR)   Coulomb (SR)   Coul. recip.      Potential Pressure (bar)
   -2.68873e+03   -7.10226e+03    1.18313e+03    4.43122e+04    8.72986e+03

           Step           Time
             69       69.00000

   Energies (kJ/mol)
           Bond            U-B    Proper Dih.          LJ-14     Coulomb-14
    3.22308e+02    8.84519e+02    9.52031e+02   -4.63218e+01    5.08088e+04
        LJ (SR)   Coulomb (SR)   Coul. recip.      Potential Pressure (bar)
   -2.74130e+03   -7.13199e+03    1.17966e+03    4.42277e+04    8.70042e+03

           Step           Time
             70       70.00000

           Step           Time
             71       71.00000

   Energies (kJ/mol)
           Bond            U-B    Proper Dih.          LJ-14     Coulomb-14
    2.05067e+02    8.79605e+02    9.53735e+02   -4.63146e+01    5.08068e+04
        LJ (SR)   Coulomb (SR)   Coul. recip.      Potential Pressure (bar)
   -2.77564e+03   -7.15908e+03    1.17573e+03    4.40399e+04    8.61732e+03

           Step           Time
             72       72.00000

   Energies (kJ/mol)
           Bond            U-B    Proper Dih.          LJ-14     Coulomb-14
    3.45536e+02    8.61454e+02    9.63139e+02   -4.63293e+01    5.08076e+04
        LJ (SR)   Coulomb (SR)   Coul. recip.      Potential Pressure (bar)
   -2.93596e+03   -7.27726e+03    1.16044e+03    4.38786e+04    8.30787e+03

           Step           Time
             73       73.00000

   Energies (kJ/mol)
           Bond            U-B    Proper Dih.          LJ-14     Coulomb-14
    2.32562e+02    8.57205e+02    9.64956e+02   -4.63207e+01    5.08052e+04
        LJ (SR)   Coulomb (SR)   Coul. recip.      Potential Pressure (bar)
   -2.97544e+03   -7.31013e+03    1.15576e+03    4.36838e+04    8.20588e+03

           Step           Time
             74       74.00000

           Step           Time
             75       75.00000

   Energies (kJ/mol)
           Bond            U-B    Proper Dih.          LJ-14     Coulomb-14
    2.17581e+02    8.49400e+02    9.67171e+02   -4.63288e+01    5.08065e+04
        LJ (SR)   Coulomb (SR)   Coul. recip.      Potential Pressure (bar)
   -3.01646e+03   -7.33814e+03    1.15221e+03    4.35919e+04    8.16552e+03

           Step           Time
             76       76.00000

   Energies (kJ/mol)
           Bond            U-B    Proper Dih.          LJ-14     Coulomb-14
    2.64618e+02    8.47078e+02    9.70378e+02   -4.63236e+01    5.08045e+04
        LJ (SR)   Coulomb (SR)   Coul. recip.      Potential Pressure (bar)
   -3.07693e+03   -7.39027e+03    1.14520e+03    4.35182e+04    7.99549e+03

           Step           Time
             77       77.00000

   Energies (kJ/mol)
           Bond            U-B    Proper Dih.          LJ-14     Coulomb-14
    2.39418e+02    8.37979e+02    9.72434e+02   -4.63347e+01    5.08064e+04
        LJ (SR)   Coulomb (SR)   Coul. recip.      Potential Pressure (bar)
   -3.11625e+03   -7.41666e+03    1.14199e+03    4.34189e+04    7.97152e+03

           Step           Time
             78       78.00000

   Energies (kJ/mol)
           Bond            U-B    Proper Dih.          LJ-14     Coulomb-14
    3.23369e+02    8.38996e+02    9.75315e+02   -4.63264e+01    5.08037e+04
        LJ (SR)   Coulomb (SR)   Coul. recip.      Potential Pressure (bar)
   -3.17195e+03   -7.46818e+03    1.13499e+03    4.33900e+04    7.78595e+03

           Step           Time
             79       79.00000

   Energies (kJ/mol)
           Bond            U-B    Proper Dih.          LJ-14     Coulomb-14
    2.89992e+02    8.28039e+02    9.77263e+02   -4.63417e+01    5.08066e+04
        LJ (SR)   Coulomb (SR)   Coul. recip.      Potential Pressure (bar)
   -3.21039e+03   -7.49299e+03    1.13215e+03    4.32843e+04    7.78336e+03

           Step           Time
             80       80.00000

           Step           Time
             81       81.00000

   Energies (kJ/mol)
           Bond            U-B    Proper Dih.          LJ-14     Coulomb-14
    2.05895e+02    8.24628e+02    9.78531e+02   -4.63352e+01    5.08048e+04
        LJ (SR)   Coulomb (SR)   Coul. recip.      Potential Pressure (bar)
   -3.24080e+03   -7.51905e+03    1.12851e+03    4.31362e+04    7.70444e+03

           Step           Time
             82       82.00000

   Energies (kJ/mol)
           Bond            U-B    Proper Dih.          LJ-14     Coulomb-14
    3.14380e+02    8.14331e+02    9.83425e+02   -4.63477e+01    5.08061e+04
        LJ (SR)   Coulomb (SR)   Coul. recip.      Potential Pressure (bar)
   -3.33759e+03   -7.60008e+03    1.11827e+03    4.30525e+04    7.52482e+03

           Step           Time
             83       83.00000

   Energies (kJ/mol)
           Bond            U-B    Proper Dih.          LJ-14     Coulomb-14
    2.33659e+02    8.11505e+02    9.84770e+02   -4.63393e+01    5.08039e+04
        LJ (SR)   Coulomb (SR)   Coul. recip.      Potential Pressure (bar)
   -3.37264e+03   -7.63158e+03    1.11399e+03    4.28973e+04    7.42343e+03

           Step           Time
             84       84.00000

           Step           Time
             85       85.00000

   Energies (kJ/mol)
           Bond            U-B    Proper Dih.          LJ-14     Coulomb-14
    2.11278e+02    8.04963e+02    9.86205e+02   -4.63467e+01    5.08052e+04
        LJ (SR)   Coulomb (SR)   Coul. recip.      Potential Pressure (bar)
   -3.40389e+03   -7.65560e+03    1.11100e+03    4.28128e+04    7.39878e+03

           Step           Time
             86       86.00000

   Energies (kJ/mol)
           Bond            U-B    Proper Dih.          LJ-14     Coulomb-14
    2.66356e+02    8.03574e+02    9.88707e+02   -4.63418e+01    5.08033e+04
        LJ (SR)   Coulomb (SR)   Coul. recip.      Potential Pressure (bar)
   -3.46052e+03   -7.70919e+03    1.10400e+03    4.27499e+04    7.23367e+03

           Step           Time
             87       87.00000

   Energies (kJ/mol)
           Bond            U-B    Proper Dih.          LJ-14     Coulomb-14
    2.30505e+02    7.95584e+02    9.90051e+02   -4.63521e+01    5.08052e+04
        LJ (SR)   Coulomb (SR)   Coul. recip.      Potential Pressure (bar)
   -3.49112e+03   -7.73231e+03    1.10123e+03    4.26528e+04    7.22505e+03

           Step           Time
             88       88.00000

   Energies (kJ/mol)
           Bond            U-B    Proper Dih.          LJ-14     Coulomb-14
    3.25417e+02    7.97658e+02    9.92197e+02   -4.63442e+01    5.08028e+04
        LJ (SR)   Coulomb (SR)   Coul. recip.      Potential Pressure (bar)
   -3.54181e+03   -7.78354e+03    1.09448e+03    4.26408e+04    7.04809e+03

           Step           Time
             89       89.00000

   Energies (kJ/mol)
           Bond            U-B    Proper Dih.          LJ-14     Coulomb-14
    2.76853e+02    7.87646e+02    9.93472e+02   -4.63587e+01    5.08055e+04
        LJ (SR)   Coulomb (SR)   Coul. recip.      Potential Pressure (bar)
   -3.57211e+03   -7.80563e+03    1.09198e+03    4.25314e+04    7.05984e+03

           Step           Time
             90       90.00000

           Step           Time
             91       91.00000

   Energies (kJ/mol)
           Bond            U-B    Proper Dih.          LJ-14     Coulomb-14
    2.08264e+02    7.85045e+02    9.94384e+02   -4.63523e+01    5.08039e+04
        LJ (SR)   Coulomb (SR)   Coul. recip.      Potential Pressure (bar)
   -3.59942e+03   -7.83087e+03    1.08857e+03    4.24035e+04    6.98486e+03

           Step           Time
             92       92.00000

   Energies (kJ/mol)
           Bond            U-B    Proper Dih.          LJ-14     Coulomb-14
    3.06572e+02    7.78083e+02    9.97302e+02   -4.63638e+01    5.08054e+04
        LJ (SR)   Coulomb (SR)   Coul. recip.      Potential Pressure (bar)
   -3.66947e+03   -7.89673e+03    1.08041e+03    4.23552e+04    6.85830e+03

           Step           Time
             93       93.00000

   Energies (kJ/mol)
           Bond            U-B    Proper Dih.          LJ-14     Coulomb-14
    2.37937e+02    7.75989e+02    9.98254e+02   -4.63554e+01    5.08033e+04
        LJ (SR)   Coulomb (SR)   Coul. recip.      Potential Pressure (bar)
   -3.70100e+03   -7.92706e+03    1.07642e+03    4.22175e+04    6.76066e+03

           Step           Time
             94       94.00000

           Step           Time
             95       95.00000

   Energies (kJ/mol)
           Bond            U-B    Proper Dih.          LJ-14     Coulomb-14
    2.10024e+02    7.70151e+02    9.99179e+02   -4.63624e+01    5.08045e+04
        LJ (SR)   Coulomb (SR)   Coul. recip.      Potential Pressure (bar)
   -3.72608e+03   -7.94838e+03    1.07380e+03    4.21369e+04    6.74751e+03

           Step           Time
             96       96.00000

   Energies (kJ/mol)
           Bond            U-B    Proper Dih.          LJ-14     Coulomb-14
    2.73161e+02    7.69760e+02    1.00100e+03   -4.63573e+01    5.08028e+04
        LJ (SR)   Coulomb (SR)   Coul. recip.      Potential Pressure (bar)
   -3.77807e+03   -8.00227e+03    1.06694e+03    4.20870e+04    6.58823e+03

           Step           Time
             97       97.00000

   Energies (kJ/mol)
           Bond            U-B    Proper Dih.          LJ-14     Coulomb-14
    2.29156e+02    7.62356e+02    1.00186e+03   -4.63674e+01    5.08047e+04
        LJ (SR)   Coulomb (SR)   Coul. recip.      Potential Pressure (bar)
   -3.80294e+03   -8.02302e+03    1.06449e+03    4.19902e+04    6.59105e+03

           Step           Time
             98       98.00000

           Step           Time
             99       99.00000

   Energies (kJ/mol)
           Bond            U-B    Proper Dih.          LJ-14     Coulomb-14
    2.08088e+02    7.60872e+02    1.00261e+03   -4.63631e+01    5.08035e+04
        LJ (SR)   Coulomb (SR)   Coul. recip.      Potential Pressure (bar)
   -3.82820e+03   -8.04839e+03    1.06120e+03    4.19134e+04    6.51912e+03

           Step           Time
            100      100.00000

   Energies (kJ/mol)
           Bond            U-B    Proper Dih.          LJ-14     Coulomb-14
    2.44301e+02    7.55097e+02    1.00424e+03   -4.63712e+01    5.08047e+04
        LJ (SR)   Coulomb (SR)   Coul. recip.      Potential Pressure (bar)
   -3.87665e+03   -8.09658e+03    1.05532e+03    4.18440e+04    6.43777e+03

           Step           Time
            101      101.00000

   Energies (kJ/mol)
           Bond            U-B    Proper Dih.          LJ-14     Coulomb-14
    2.28157e+02    7.54176e+02    1.00502e+03   -4.63653e+01    5.08031e+04
        LJ (SR)   Coulomb (SR)   Coul. recip.      Potential Pressure (bar)
   -3.90533e+03   -8.12633e+03    1.05148e+03    4.17640e+04    6.34818e+03

           Step           Time
            102      102.00000

   Energies (kJ/mol)
           Bond            U-B    Proper Dih.          LJ-14     Coulomb-14
    2.76506e+02    7.49334e+02    1.00616e+03   -4.63757e+01    5.08049e+04
        LJ (SR)   Coulomb (SR)   Coul. recip.      Potential Pressure (bar)
   -3.94044e+03   -8.16187e+03    1.04723e+03    4.17355e+04    6.30486e+03

           Step           Time
            103      103.00000

   Energies (kJ/mol)
           Bond            U-B    Proper Dih.          LJ-14     Coulomb-14
    2.69744e+02    7.49622e+02    1.00694e+03   -4.63672e+01    5.08028e+04
        LJ (SR)   Coulomb (SR)   Coul. recip.      Potential Pressure (bar)
   -3.97150e+03   -8.19531e+03    1.04294e+03    4.16589e+04    6.19264e+03

           Step           Time
            104      104.00000

           Step           Time
            105      105.00000

   Energies (kJ/mol)
           Bond            U-B    Proper Dih.          LJ-14     Coulomb-14
    2.02878e+02    7.43095e+02    1.00740e+03   -4.63740e+01    5.08041e+04
        LJ (SR)   Coulomb (SR)   Coul. recip.      Potential Pressure (bar)
   -3.98911e+03   -8.21022e+03    1.04116e+03    4.15530e+04    6.20204e+03

           Step           Time
            106      106.00000

   Energies (kJ/mol)
           Bond            U-B    Proper Dih.          LJ-14     Coulomb-14
    3.23964e+02    7.41854e+02    1.00968e+03   -4.63696e+01    5.08022e+04
        LJ (SR)   Coulomb (SR)   Coul. recip.      Potential Pressure (bar)
   -4.07385e+03   -8.30460e+03    1.02943e+03    4.14823e+04    5.95241e+03

           Step           Time
            107      107.00000

   Energies (kJ/mol)
           Bond            U-B    Proper Dih.          LJ-14     Coulomb-14
    2.15427e+02    7.32736e+02    1.01009e+03   -4.63801e+01    5.08043e+04
        LJ (SR)   Coulomb (SR)   Coul. recip.      Potential Pressure (bar)
   -4.09248e+03   -8.31949e+03    1.02776e+03    4.13320e+04    5.98583e+03

           Step           Time
            108      108.00000

           Step           Time
            109      109.00000

   Energies (kJ/mol)
           Bond            U-B    Proper Dih.          LJ-14     Coulomb-14
    2.28938e+02    7.32216e+02    1.01078e+03   -4.63760e+01    5.08031e+04
        LJ (SR)   Coulomb (SR)   Coul. recip.      Potential Pressure (bar)
   -4.12319e+03   -8.35374e+03    1.02341e+03    4.12751e+04    5.89506e+03

           Step           Time
            110      110.00000

   Energies (kJ/mol)
           Bond            U-B    Proper Dih.          LJ-14     Coulomb-14
    2.29278e+02    7.27509e+02    1.01135e+03   -4.63836e+01    5.08045e+04
        LJ (SR)   Coulomb (SR)   Coul. recip.      Potential Pressure (bar)
   -4.14796e+03   -8.37972e+03    1.02037e+03    4.12189e+04    5.87252e+03

           Step           Time
            111      111.00000

   Energies (kJ/mol)
           Bond            U-B    Proper Dih.          LJ-14     Coulomb-14
    2.60024e+02    7.28353e+02    1.01200e+03   -4.63773e+01    5.08029e+04
        LJ (SR)   Coulomb (SR)   Coul. recip.      Potential Pressure (bar)
   -4.17914e+03   -8.41609e+03    1.01579e+03    4.11774e+04    5.76362e+03

           Step           Time
            112      112.00000

   Energies (kJ/mol)
           Bond            U-B    Proper Dih.          LJ-14     Coulomb-14
    2.59817e+02    7.22853e+02    1.01249e+03   -4.63878e+01    5.08049e+04
        LJ (SR)   Coulomb (SR)   Coul. recip.      Potential Pressure (bar)
   -4.20187e+03   -8.43966e+03    1.01309e+03    4.11252e+04    5.75870e+03

           Step           Time
            113      113.00000

   Energies (kJ/mol)
           Bond            U-B    Proper Dih.          LJ-14     Coulomb-14
    3.19298e+02    7.26057e+02    1.01308e+03   -4.63786e+01    5.08026e+04
        LJ (SR)   Coulomb (SR)   Coul. recip.      Potential Pressure (bar)
   -4.23245e+03   -8.47735e+03    1.00834e+03    4.11132e+04    5.62833e+03

           Step           Time
            114      114.00000

   Energies (kJ/mol)
           Bond            U-B    Proper Dih.          LJ-14     Coulomb-14
    3.27783e+02    7.19567e+02    1.01352e+03   -4.63934e+01    5.08055e+04
        LJ (SR)   Coulomb (SR)   Coul. recip.      Potential Pressure (bar)
   -4.25329e+03   -8.49864e+03    1.00599e+03    4.10740e+04    5.64445e+03

           Step           Time
            115      115.00000

           Step           Time
            116      116.00000

   Energies (kJ/mol)
           Bond            U-B    Proper Dih.          LJ-14     Coulomb-14
    2.06453e+02    7.15645e+02    1.01378e+03   -4.63864e+01    5.08039e+04
        LJ (SR)   Coulomb (SR)   Coul. recip.      Potential Pressure (bar)
   -4.27330e+03   -8.51871e+03    1.00341e+03    4.09048e+04    5.59340e+03

           Step           Time
            117      117.00000

   Energies (kJ/mol)
           Bond            U-B    Proper Dih.          LJ-14     Coulomb-14
    3.59085e+02    7.10898e+02    1.01536e+03   -4.63976e+01    5.08053e+04
        LJ (SR)   Coulomb (SR)   Coul. recip.      Potential Pressure (bar)
   -4.35866e+03   -8.62221e+03    9.90906e+02    4.08543e+04    5.40843e+03

           Step           Time
            118      118.00000

   Energies (kJ/mol)
           Bond            U-B    Proper Dih.          LJ-14     Coulomb-14
    2.34499e+02    7.06702e+02    1.01562e+03   -4.63894e+01    5.08035e+04
        LJ (SR)   Coulomb (SR)   Coul. recip.      Potential Pressure (bar)
   -4.38323e+03   -8.64730e+03    9.87891e+02    4.06713e+04    5.33837e+03

           Step           Time
            119      119.00000

           Step           Time
            120      120.00000

   Energies (kJ/mol)
           Bond            U-B    Proper Dih.          LJ-14     Coulomb-14
    2.29562e+02    7.02873e+02    1.01594e+03   -4.63963e+01    5.08048e+04
        LJ (SR)   Coulomb (SR)   Coul. recip.      Potential Pressure (bar)
   -4.40328e+03   -8.66979e+03    9.85173e+02    4.06188e+04    5.33012e+03

           Step           Time
            121      121.00000

   Energies (kJ/mol)
           Bond            U-B    Proper Dih.          LJ-14     Coulomb-14
    2.67848e+02    7.03870e+02    1.01634e+03   -4.63904e+01    5.08033e+04
        LJ (SR)   Coulomb (SR)   Coul. recip.      Potential Pressure (bar)
   -4.43177e+03   -8.70579e+03    9.80851e+02    4.05882e+04    5.22353e+03

           Step           Time
            122      122.00000

   Energies (kJ/mol)
           Bond            U-B    Proper Dih.          LJ-14     Coulomb-14
    2.61083e+02    6.99099e+02    1.01661e+03   -4.64002e+01    5.08052e+04
        LJ (SR)   Coulomb (SR)   Coul. recip.      Potential Pressure (bar)
   -4.45007e+03   -8.72656e+03    9.78439e+02    4.05374e+04    5.22898e+03

           Step           Time
            123      123.00000

           Step           Time
            124      124.00000

   Energies (kJ/mol)
           Bond            U-B    Proper Dih.          LJ-14     Coulomb-14
    2.08303e+02    6.97142e+02    1.01680e+03   -4.63956e+01    5.08041e+04
        LJ (SR)   Coulomb (SR)   Coul. recip.      Potential Pressure (bar)
   -4.46662e+03   -8.74515e+03    9.76162e+02    4.04444e+04    5.18064e+03

           Step           Time
            125      125.00000

   Energies (kJ/mol)
           Bond            U-B    Proper Dih.          LJ-14     Coulomb-14
    2.81213e+02    6.92261e+02    1.01767e+03   -4.64036e+01    5.08052e+04
        LJ (SR)   Coulomb (SR)   Coul. recip.      Potential Pressure (bar)
   -4.52973e+03   -8.82518e+03    9.66730e+02    4.03618e+04    5.04749e+03

           Step           Time
            126      126.00000

   Energies (kJ/mol)
           Bond            U-B    Proper Dih.          LJ-14     Coulomb-14
    2.26370e+02    6.90434e+02    1.01787e+03   -4.63979e+01    5.08039e+04
        LJ (SR)   Coulomb (SR)   Coul. recip.      Potential Pressure (bar)
   -4.54968e+03   -8.84780e+03    9.63980e+02    4.02587e+04    4.98796e+03

           Step           Time
            127      127.00000

           Step           Time
            128      128.00000

   Energies (kJ/mol)
           Bond            U-B    Proper Dih.          LJ-14     Coulomb-14
    2.16865e+02    6.87300e+02    1.01808e+03   -4.64027e+01    5.08048e+04
        LJ (SR)   Coulomb (SR)   Coul. recip.      Potential Pressure (bar)
   -4.56640e+03   -8.86805e+03    9.61604e+02    4.02078e+04    4.97502e+03

           Step           Time
            129      129.00000

   Energies (kJ/mol)
           Bond            U-B    Proper Dih.          LJ-14     Coulomb-14
    2.47030e+02    6.87379e+02    1.01841e+03   -4.63989e+01    5.08037e+04
        LJ (SR)   Coulomb (SR)   Coul. recip.      Potential Pressure (bar)
   -4.59472e+03   -8.90479e+03    9.57247e+02    4.01679e+04    4.88207e+03

           Step           Time
            130      130.00000

   Energies (kJ/mol)
           Bond            U-B    Proper Dih.          LJ-14     Coulomb-14
    2.31454e+02    6.83461e+02    1.01860e+03   -4.64058e+01    5.08051e+04
        LJ (SR)   Coulomb (SR)   Coul. recip.      Potential Pressure (bar)
   -4.61050e+03   -8.92404e+03    9.55043e+02    4.01127e+04    4.88008e+03

           Step           Time
            131      131.00000

   Energies (kJ/mol)
           Bond            U-B    Proper Dih.          LJ-14     Coulomb-14
    2.85097e+02    6.85362e+02    1.01892e+03   -4.63999e+01    5.08036e+04
        LJ (SR)   Coulomb (SR)   Coul. recip.      Potential Pressure (bar)
   -4.63763e+03   -8.96047e+03    9.50714e+02    4.00992e+04    4.77386e+03

           Step           Time
            132      132.00000

   Energies (kJ/mol)
           Bond            U-B    Proper Dih.          LJ-14     Coulomb-14
    2.64827e+02    6.80337e+02    1.01909e+03   -4.64098e+01    5.08055e+04
        LJ (SR)   Coulomb (SR)   Coul. recip.      Potential Pressure (bar)
   -4.65249e+03   -8.97864e+03    9.48701e+02    4.00409e+04    4.78679e+03

           Step           Time
            133      133.00000

           Step           Time
            134      134.00000

   Energies (kJ/mol)
           Bond            U-B    Proper Dih.          LJ-14     Coulomb-14
    2.13577e+02    6.78536e+02    1.01924e+03   -4.64051e+01    5.08045e+04
        LJ (SR)   Coulomb (SR)   Coul. recip.      Potential Pressure (bar)
   -4.66806e+03   -8.99703e+03    9.46481e+02    3.99508e+04    4.74055e+03

           Step           Time
            135      135.00000

   Energies (kJ/mol)
           Bond            U-B    Proper Dih.          LJ-14     Coulomb-14
    2.89330e+02    6.75641e+02    1.01978e+03   -4.64130e+01    5.08057e+04
        LJ (SR)   Coulomb (SR)   Coul. recip.      Potential Pressure (bar)
   -4.71299e+03   -9.05862e+03    9.39361e+02    3.99118e+04    4.64923e+03

           Step           Time
            136      136.00000

   Energies (kJ/mol)
           Bond            U-B    Proper Dih.          LJ-14     Coulomb-14
    2.33986e+02    6.73881e+02    1.01994e+03   -4.64069e+01    5.08043e+04
        LJ (SR)   Coulomb (SR)   Coul. recip.      Potential Pressure (bar)
   -4.73164e+03   -9.08107e+03    9.36746e+02    3.98097e+04    4.58785e+03

           Step           Time
            137      137.00000

           Step           Time
            138      138.00000

   Energies (kJ/mol)
           Bond            U-B    Proper Dih.          LJ-14     Coulomb-14
    2.20184e+02    6.70839e+02    1.02010e+03   -4.64119e+01    5.08052e+04
        LJ (SR)   Coulomb (SR)   Coul. recip.      Potential Pressure (bar)
   -4.74569e+03   -9.09900e+03    9.34668e+02    3.97599e+04    4.58215e+03

           Step           Time
            139      139.00000

   Energies (kJ/mol)
           Bond            U-B    Proper Dih.          LJ-14     Coulomb-14
    2.57719e+02    6.71457e+02    1.02040e+03   -4.64078e+01    5.08041e+04
        LJ (SR)   Coulomb (SR)   Coul. recip.      Potential Pressure (bar)
   -4.77228e+03   -9.13599e+03    9.30410e+02    3.97295e+04    4.48845e+03

           Step           Time
            140      140.00000

   Energies (kJ/mol)
           Bond            U-B    Proper Dih.          LJ-14     Coulomb-14
    2.36263e+02    6.67515e+02    1.02055e+03   -4.64150e+01    5.08056e+04
        LJ (SR)   Coulomb (SR)   Coul. recip.      Potential Pressure (bar)
   -4.78573e+03   -9.15322e+03    9.28466e+02    3.96730e+04    4.49400e+03

           Step           Time
            141      141.00000

           Step           Time
            142      142.00000

   Energies (kJ/mol)
           Bond            U-B    Proper Dih.          LJ-14     Coulomb-14
    2.15564e+02    6.66570e+02    1.02069e+03   -4.64117e+01    5.08048e+04
        LJ (SR)   Coulomb (SR)   Coul. recip.      Potential Pressure (bar)
   -4.79965e+03   -9.17138e+03    9.26356e+02    3.96165e+04    4.45017e+03

           Step           Time
            143      143.00000

   Energies (kJ/mol)
           Bond            U-B    Proper Dih.          LJ-14     Coulomb-14
    2.49470e+02    6.63654e+02    1.02108e+03   -4.64177e+01    5.08057e+04
        LJ (SR)   Coulomb (SR)   Coul. recip.      Potential Pressure (bar)
   -4.83288e+03   -9.21818e+03    9.21055e+02    3.95635e+04    4.38651e+03

           Step           Time
            144      144.00000

   Energies (kJ/mol)
           Bond            U-B    Proper Dih.          LJ-14     Coulomb-14
    2.29540e+02    6.62944e+02    1.02124e+03   -4.64132e+01    5.08047e+04
        LJ (SR)   Coulomb (SR)   Coul. recip.      Potential Pressure (bar)
   -4.84926e+03   -9.23990e+03    9.18564e+02    3.95014e+04    4.33080e+03

           Step           Time
            145      145.00000

   Energies (kJ/mol)
           Bond            U-B    Proper Dih.          LJ-14     Coulomb-14
    2.76278e+02    6.61042e+02    1.02151e+03   -4.64209e+01    5.08061e+04
        LJ (SR)   Coulomb (SR)   Coul. recip.      Potential Pressure (bar)
   -4.87037e+03   -9.27097e+03    9.15084e+02    3.94922e+04    4.30198e+03

           Step           Time
            146      146.00000

   Energies (kJ/mol)
           Bond            U-B    Proper Dih.          LJ-14     Coulomb-14
    2.59252e+02    6.60958e+02    1.02169e+03   -4.64144e+01    5.08046e+04
        LJ (SR)   Coulomb (SR)   Coul. recip.      Potential Pressure (bar)
   -4.88883e+03   -9.29599e+03    9.12260e+02    3.94275e+04    4.22881e+03

           Step           Time
            147      147.00000

           Step           Time
            148      148.00000

   Energies (kJ/mol)
           Bond            U-B    Proper Dih.          LJ-14     Coulomb-14
    2.16935e+02    6.57020e+02    1.02180e+03   -4.64196e+01    5.08056e+04
        LJ (SR)   Coulomb (SR)   Coul. recip.      Potential Pressure (bar)
   -4.89877e+03   -9.30836e+03    9.10862e+02    3.93587e+04    4.23869e+03

           Step           Time
            149      149.00000

   Energies (kJ/mol)
           Bond            U-B    Proper Dih.          LJ-14     Coulomb-14
    2.94963e+02    6.58427e+02    1.02226e+03   -4.64156e+01    5.08044e+04
        LJ (SR)   Coulomb (SR)   Coul. recip.      Potential Pressure (bar)
   -4.93725e+03   -9.36587e+03    9.04407e+02    3.93349e+04    4.10476e+03

           Step           Time
            150      150.00000

   Energies (kJ/mol)
           Bond            U-B    Proper Dih.          LJ-14     Coulomb-14
    2.29575e+02    6.52870e+02    1.02236e+03   -4.64234e+01    5.08059e+04
        LJ (SR)   Coulomb (SR)   Coul. recip.      Potential Pressure (bar)
   -4.94758e+03   -9.37838e+03    9.03056e+02    3.92414e+04    4.12902e+03

           Step           Time
            151      151.00000

           Step           Time
            152      152.00000

   Energies (kJ/mol)
           Bond            U-B    Proper Dih.          LJ-14     Coulomb-14
    2.30041e+02    6.52718e+02    1.02254e+03   -4.64200e+01    5.08051e+04
        LJ (SR)   Coulomb (SR)   Coul. recip.      Potential Pressure (bar)
   -4.96362e+03   -9.40153e+03    9.00433e+02    3.91993e+04    4.07478e+03

           Step           Time
            153      153.00000

   Energies (kJ/mol)
           Bond            U-B    Proper Dih.          LJ-14     Coulomb-14
    2.42492e+02    6.50350e+02    1.02273e+03   -4.64259e+01    5.08062e+04
        LJ (SR)   Coulomb (SR)   Coul. recip.      Potential Pressure (bar)
   -4.98010e+03   -9.42593e+03    8.97773e+02    3.91671e+04    4.05623e+03

           Step           Time
            154      154.00000

   Energies (kJ/mol)
           Bond            U-B    Proper Dih.          LJ-14     Coulomb-14
    2.51332e+02    6.50888e+02    1.02292e+03   -4.64209e+01    5.08050e+04
        LJ (SR)   Coulomb (SR)   Coul. recip.      Potential Pressure (bar)
   -4.99744e+03   -9.45171e+03    8.94904e+02    3.91295e+04    3.98782e+03

           Step           Time
            155      155.00000

   Energies (kJ/mol)
           Bond            U-B    Proper Dih.          LJ-14     Coulomb-14
    2.69304e+02    6.48321e+02    1.02309e+03   -4.64291e+01    5.08066e+04
        LJ (SR)   Coulomb (SR)   Coul. recip.      Potential Pressure (bar)
   -5.01133e+03   -9.47263e+03    8.92641e+02    3.91095e+04    3.98434e+03

           Step           Time
            156      156.00000

   Energies (kJ/mol)
           Bond            U-B    Proper Dih.          LJ-14     Coulomb-14
    2.93425e+02    6.50202e+02    1.02329e+03   -4.64218e+01    5.08049e+04
        LJ (SR)   Coulomb (SR)   Coul. recip.      Potential Pressure (bar)
   -5.02949e+03   -9.50062e+03    8.89570e+02    3.90848e+04    3.89778e+03

           Step           Time
            157      157.00000

           Step           Time
            158      158.00000

   Energies (kJ/mol)
           Bond            U-B    Proper Dih.          LJ-14     Coulomb-14
    2.17039e+02    6.44825e+02    1.02336e+03   -4.64274e+01    5.08060e+04
        LJ (SR)   Coulomb (SR)   Coul. recip.      Potential Pressure (bar)
   -5.03771e+03   -9.50991e+03    8.88546e+02    3.89857e+04    3.92082e+03


Steepest Descents converged to Fmax < 1000 in 159 steps
Potential Energy  =  3.8985730e+04
Maximum force     =  8.3295038e+02 on atom 4265
Norm of force     =  6.9160283e+01

    D O M A I N   D E C O M P O S I T I O N   S T A T I S T I C S

 av. #atoms communicated per step for force:  2 x 6020.5

Finished mdrun on rank 0 Tue Jul 15 15:35:33 2025

