[Wed Jun 18 11:32:47 AM CDT 2025] Running EM
[Wed Jun 18 11:32:47 AM CDT 2025] Starting EM from scratch
Setting the LD random seed to 389934198

Generated 169542 of the 169653 non-bonded parameter combinations

Generated 119175 of the 169653 1-4 parameter combinations

Excluding 3 bonded neighbours molecule type 'PHBA'

Excluding 3 bonded neighbours molecule type 'DMA'

Excluding 3 bonded neighbours molecule type 'ETAC'

Excluding 3 bonded neighbours molecule type 'ETOH'

Excluding 3 bonded neighbours molecule type 'MEOH'

Excluding 2 bonded neighbours molecule type 'SOL'

atom name 1 in topol.top and box.gro does not match (C1 - C)

atom name 2 in topol.top and box.gro does not match (C2 - C)

atom name 3 in topol.top and box.gro does not match (H1 - H)

atom name 4 in topol.top and box.gro does not match (H2 - H)

atom name 5 in topol.top and box.gro does not match (C3 - C)

atom name 6 in topol.top and box.gro does not match (C4 - C)

atom name 7 in topol.top and box.gro does not match (O1 - O)

atom name 8 in topol.top and box.gro does not match (C5 - C)

atom name 9 in topol.top and box.gro does not match (C6 - C)

atom name 10 in topol.top and box.gro does not match (C7 - C)

atom name 11 in topol.top and box.gro does not match (O2 - O)

atom name 12 in topol.top and box.gro does not match (H3 - H)

atom name 13 in topol.top and box.gro does not match (O3 - O)

atom name 14 in topol.top and box.gro does not match (H4 - H)

atom name 15 in topol.top and box.gro does not match (H5 - H)

atom name 16 in topol.top and box.gro does not match (H6 - H)

atom name 17 in topol.top and box.gro does not match (C1 - C)

atom name 18 in topol.top and box.gro does not match (C2 - C)

atom name 19 in topol.top and box.gro does not match (H1 - H)

atom name 20 in topol.top and box.gro does not match (H2 - H)

(more than 20 non-matching atom names)
Analysing residue names:
There are:   666      Other residues
There are:  9354      Water residues
Analysing residues not classified as Protein/DNA/RNA/Water and splitting into groups...
Calculating fourier grid dimensions for X Y Z
Using a fourier grid of 60x60x200, spacing 0.117 0.117 0.120

Estimate for the relative computational load of the PME mesh part: 0.41

This run will generate roughly 3 Mb of data
[Wed Jun 18 11:32:50 AM CDT 2025] Running NVT for 
[Wed Jun 18 11:32:50 AM CDT 2025] Starting NVT from scratch
[Wed Jun 18 11:32:51 AM CDT 2025] Running NPT for 
[Wed Jun 18 11:32:51 AM CDT 2025] Starting NPT from scratch
[Wed Jun 18 11:32:52 AM CDT 2025] Running NVT_prod for 
[Wed Jun 18 11:32:52 AM CDT 2025] Starting NVT_prod from scratch
