                      :-) GROMACS - gmx mdrun, 2021.5 (-:

                            GROMACS is written by:
     Andrey Alekseenko              Emile Apol              Rossen Apostolov     
         Paul Bauer           Herman J.C. Berendsen           Par Bjelkmar       
       Christian Blau           Viacheslav Bolnykh             Kevin Boyd        
     Aldert van Buuren           Rudi van Drunen             Anton Feenstra      
    Gilles Gouaillardet             Alan Gray               Gerrit Groenhof      
       Anca Hamuraru            Vincent Hindriksen          M. Eric Irrgang      
      Aleksei Iupinov           Christoph Junghans             Joe Jordan        
    Dimitrios Karkoulis            Peter Kasson                Jiri Kraus        
      Carsten Kutzner              Per Larsson              Justin A. Lemkul     
       Viveca Lindahl            Magnus Lundborg             Erik Marklund       
        Pascal Merz             Pieter Meulenhoff            Teemu Murtola       
        Szilard Pall               Sander Pronk              Roland Schulz       
       Michael Shirts            Alexey Shvetsov             Alfons Sijbers      
       Peter Tieleman              Jon Vincent              Teemu Virolainen     
     Christian Wennberg            Maarten Wolf              Artem Zhmurov       
                           and the project leaders:
        Mark Abraham, Berk Hess, Erik Lindahl, and David van der Spoel

Copyright (c) 1991-2000, University of Groningen, The Netherlands.
Copyright (c) 2001-2019, The GROMACS development team at
Uppsala University, Stockholm University and
the Royal Institute of Technology, Sweden.
check out http://www.gromacs.org for more information.

GROMACS is free software; you can redistribute it and/or modify it
under the terms of the GNU Lesser General Public License
as published by the Free Software Foundation; either version 2.1
of the License, or (at your option) any later version.

GROMACS:      gmx mdrun, version 2021.5
Executable:   /usr/local/gromacs_2021.5/bin/gmx
Data prefix:  /usr/local/gromacs_2021.5
Working dir:  /srv/home/apbal/work/REU/mixtures/pHBA/1mix
Process ID:   78335
Command line:
  gmx mdrun -v -deffnm npt -ntomp 10 -nb gpu -bonded cpu -update gpu -ntmpi 1 -cpt 1

GROMACS version:    2021.5
Precision:          mixed
Memory model:       64 bit
MPI library:        thread_mpi
OpenMP support:     enabled (GMX_OPENMP_MAX_THREADS = 256)
GPU support:        CUDA
SIMD instructions:  AVX2_256
FFT library:        fftw-3.3.8-sse2-avx-avx2-avx2_128
RDTSCP usage:       enabled
TNG support:        enabled
Hwloc support:      disabled
Tracing support:    disabled
C compiler:         /usr/bin/cc GNU 9.4.0
C compiler flags:   -mavx2 -mfma -Wno-missing-field-initializers -fexcess-precision=fast -funroll-all-loops -pthread -O3 -DNDEBUG
C++ compiler:       /usr/bin/c++ GNU 9.4.0
C++ compiler flags: -mavx2 -mfma -Wno-missing-field-initializers -fexcess-precision=fast -funroll-all-loops -pthread -fopenmp -O3 -DNDEBUG
CUDA compiler:      /usr/local/cuda-12.2/bin/nvcc nvcc: NVIDIA (R) Cuda compiler driver;Copyright (c) 2005-2023 NVIDIA Corporation;Built on Tue_Aug_15_22:02:13_PDT_2023;Cuda compilation tools, release 12.2, V12.2.140;Build cuda_12.2.r12.2/compiler.33191640_0
CUDA compiler flags:-std=c++17;-gencode;arch=compute_60,code=sm_60;-gencode;arch=compute_61,code=sm_61;-gencode;arch=compute_62,code=sm_62;-gencode;arch=compute_70,code=sm_70;-gencode;arch=compute_75,code=sm_75;-gencode;arch=compute_80,code=sm_80;-gencode;arch=compute_86,code=sm_86;-gencode;arch=compute_89,code=sm_89;-gencode;arch=compute_60,code=compute_60;-gencode;arch=compute_61,code=compute_61;-gencode;arch=compute_62,code=compute_62;-gencode;arch=compute_70,code=compute_70;-gencode;arch=compute_75,code=compute_75;-gencode;arch=compute_80,code=compute_80;-gencode;arch=compute_86,code=compute_86;-gencode;arch=compute_89,code=compute_89;-use_fast_math;-D_FORCE_INLINES;-mavx2 -mfma -Wno-missing-field-initializers -fexcess-precision=fast -funroll-all-loops -pthread -fopenmp -O3 -DNDEBUG
CUDA driver:        12.90
CUDA runtime:       12.20


Running on 1 node with total 96 cores, 96 logical cores, 4 compatible GPUs
Hardware detected:
  CPU info:
    Vendor: AMD
    Brand:  AMD EPYC 9254 24-Core Processor                
    Family: 25   Model: 17   Stepping: 1
    Features: aes amd apic avx avx2 avx512f avx512cd avx512bw avx512vl avx512bf16 avx512secondFMA clfsh cmov cx8 cx16 f16c fma htt lahf misalignsse mmx msr nonstop_tsc pcid pclmuldq pdpe1gb popcnt pse rdrnd rdtscp sha sse2 sse3 sse4a sse4.1 sse4.2 ssse3 x2apic
    Number of AVX-512 FMA units: 1 (AVX2 is faster w/o 2 AVX-512 FMA units)
  Hardware topology: Only logical processor count
  GPU info:
    Number of GPUs detected: 4
    #0: NVIDIA NVIDIA RTX 4000 Ada Generation, compute cap.: 8.9, ECC:  no, stat: compatible
    #1: NVIDIA NVIDIA RTX 4000 SFF Ada Generation, compute cap.: 8.9, ECC:  no, stat: compatible
    #2: NVIDIA NVIDIA RTX 4000 SFF Ada Generation, compute cap.: 8.9, ECC:  no, stat: compatible
    #3: NVIDIA NVIDIA RTX 4000 SFF Ada Generation, compute cap.: 8.9, ECC:  no, stat: compatible


++++ PLEASE READ AND CITE THE FOLLOWING REFERENCE ++++
M. J. Abraham, T. Murtola, R. Schulz, S. Páll, J. C. Smith, B. Hess, E.
Lindahl
GROMACS: High performance molecular simulations through multi-level
parallelism from laptops to supercomputers
SoftwareX 1 (2015) pp. 19-25
-------- -------- --- Thank You --- -------- --------


++++ PLEASE READ AND CITE THE FOLLOWING REFERENCE ++++
S. Páll, M. J. Abraham, C. Kutzner, B. Hess, E. Lindahl
Tackling Exascale Software Challenges in Molecular Dynamics Simulations with
GROMACS
In S. Markidis & E. Laure (Eds.), Solving Software Challenges for Exascale 8759 (2015) pp. 3-27
-------- -------- --- Thank You --- -------- --------


++++ PLEASE READ AND CITE THE FOLLOWING REFERENCE ++++
S. Pronk, S. Páll, R. Schulz, P. Larsson, P. Bjelkmar, R. Apostolov, M. R.
Shirts, J. C. Smith, P. M. Kasson, D. van der Spoel, B. Hess, and E. Lindahl
GROMACS 4.5: a high-throughput and highly parallel open source molecular
simulation toolkit
Bioinformatics 29 (2013) pp. 845-54
-------- -------- --- Thank You --- -------- --------


++++ PLEASE READ AND CITE THE FOLLOWING REFERENCE ++++
B. Hess and C. Kutzner and D. van der Spoel and E. Lindahl
GROMACS 4: Algorithms for highly efficient, load-balanced, and scalable
molecular simulation
J. Chem. Theory Comput. 4 (2008) pp. 435-447
-------- -------- --- Thank You --- -------- --------


++++ PLEASE READ AND CITE THE FOLLOWING REFERENCE ++++
D. van der Spoel, E. Lindahl, B. Hess, G. Groenhof, A. E. Mark and H. J. C.
Berendsen
GROMACS: Fast, Flexible and Free
J. Comp. Chem. 26 (2005) pp. 1701-1719
-------- -------- --- Thank You --- -------- --------


++++ PLEASE READ AND CITE THE FOLLOWING REFERENCE ++++
E. Lindahl and B. Hess and D. van der Spoel
GROMACS 3.0: A package for molecular simulation and trajectory analysis
J. Mol. Mod. 7 (2001) pp. 306-317
-------- -------- --- Thank You --- -------- --------


++++ PLEASE READ AND CITE THE FOLLOWING REFERENCE ++++
H. J. C. Berendsen, D. van der Spoel and R. van Drunen
GROMACS: A message-passing parallel molecular dynamics implementation
Comp. Phys. Comm. 91 (1995) pp. 43-56
-------- -------- --- Thank You --- -------- --------


++++ PLEASE CITE THE DOI FOR THIS VERSION OF GROMACS ++++
https://doi.org/10.5281/zenodo.5850051
-------- -------- --- Thank You --- -------- --------

Input Parameters:
   integrator                     = md
   tinit                          = 0
   dt                             = 0.002
   nsteps                         = 50000
   init-step                      = 0
   simulation-part                = 1
   mts                            = false
   comm-mode                      = Linear
   nstcomm                        = 100
   bd-fric                        = 0
   ld-seed                        = 2092950902
   emtol                          = 10
   emstep                         = 0.01
   niter                          = 20
   fcstep                         = 0
   nstcgsteep                     = 1000
   nbfgscorr                      = 10
   rtpi                           = 0.05
   nstxout                        = 1000
   nstvout                        = 1000
   nstfout                        = 0
   nstlog                         = 1000
   nstcalcenergy                  = 100
   nstenergy                      = 1000
   nstxout-compressed             = 0
   compressed-x-precision         = 1000
   cutoff-scheme                  = Verlet
   nstlist                        = 10
   pbc                            = xyz
   periodic-molecules             = false
   verlet-buffer-tolerance        = 0.005
   rlist                          = 1.4
   coulombtype                    = PME
   coulomb-modifier               = Potential-shift
   rcoulomb-switch                = 0
   rcoulomb                       = 1.4
   epsilon-r                      = 1
   epsilon-rf                     = inf
   vdw-type                       = Cut-off
   vdw-modifier                   = Potential-shift
   rvdw-switch                    = 0
   rvdw                           = 1.4
   DispCorr                       = EnerPres
   table-extension                = 1
   fourierspacing                 = 0.12
   fourier-nx                     = 52
   fourier-ny                     = 52
   fourier-nz                     = 200
   pme-order                      = 4
   ewald-rtol                     = 1e-05
   ewald-rtol-lj                  = 0.001
   lj-pme-comb-rule               = Geometric
   ewald-geometry                 = 0
   epsilon-surface                = 0
   tcoupl                         = V-rescale
   nsttcouple                     = 10
   nh-chain-length                = 0
   print-nose-hoover-chain-variables = false
   pcoupl                         = Berendsen
   pcoupltype                     = Isotropic
   nstpcouple                     = 10
   tau-p                          = 2
   compressibility (3x3):
      compressibility[    0]={ 4.50000e-05,  0.00000e+00,  0.00000e+00}
      compressibility[    1]={ 0.00000e+00,  4.50000e-05,  0.00000e+00}
      compressibility[    2]={ 0.00000e+00,  0.00000e+00,  4.50000e-05}
   ref-p (3x3):
      ref-p[    0]={ 1.00000e+00,  0.00000e+00,  0.00000e+00}
      ref-p[    1]={ 0.00000e+00,  1.00000e+00,  0.00000e+00}
      ref-p[    2]={ 0.00000e+00,  0.00000e+00,  1.00000e+00}
   refcoord-scaling               = No
   posres-com (3):
      posres-com[0]= 0.00000e+00
      posres-com[1]= 0.00000e+00
      posres-com[2]= 0.00000e+00
   posres-comB (3):
      posres-comB[0]= 0.00000e+00
      posres-comB[1]= 0.00000e+00
      posres-comB[2]= 0.00000e+00
   QMMM                           = false
qm-opts:
   ngQM                           = 0
   constraint-algorithm           = Lincs
   continuation                   = false
   Shake-SOR                      = false
   shake-tol                      = 0.0001
   lincs-order                    = 4
   lincs-iter                     = 1
   lincs-warnangle                = 30
   nwall                          = 0
   wall-type                      = 9-3
   wall-r-linpot                  = -1
   wall-atomtype[0]               = -1
   wall-atomtype[1]               = -1
   wall-density[0]                = 0
   wall-density[1]                = 0
   wall-ewald-zfac                = 3
   pull                           = false
   awh                            = false
   rotation                       = false
   interactiveMD                  = false
   disre                          = No
   disre-weighting                = Conservative
   disre-mixed                    = false
   dr-fc                          = 1000
   dr-tau                         = 0
   nstdisreout                    = 100
   orire-fc                       = 0
   orire-tau                      = 0
   nstorireout                    = 100
   free-energy                    = no
   cos-acceleration               = 0
   deform (3x3):
      deform[    0]={ 0.00000e+00,  0.00000e+00,  0.00000e+00}
      deform[    1]={ 0.00000e+00,  0.00000e+00,  0.00000e+00}
      deform[    2]={ 0.00000e+00,  0.00000e+00,  0.00000e+00}
   simulated-tempering            = false
   swapcoords                     = no
   userint1                       = 0
   userint2                       = 0
   userint3                       = 0
   userint4                       = 0
   userreal1                      = 0
   userreal2                      = 0
   userreal3                      = 0
   userreal4                      = 0
   applied-forces:
     electric-field:
       x:
         E0                       = 0
         omega                    = 0
         t0                       = 0
         sigma                    = 0
       y:
         E0                       = 0
         omega                    = 0
         t0                       = 0
         sigma                    = 0
       z:
         E0                       = 0
         omega                    = 0
         t0                       = 0
         sigma                    = 0
     density-guided-simulation:
       active                     = false
       group                      = protein
       similarity-measure         = inner-product
       atom-spreading-weight      = unity
       force-constant             = 1e+09
       gaussian-transform-spreading-width = 0.2
       gaussian-transform-spreading-range-in-multiples-of-width = 4
       reference-density-filename = reference.mrc
       nst                        = 1
       normalize-densities        = true
       adaptive-force-scaling     = false
       adaptive-force-scaling-time-constant = 4
       shift-vector               = 
       transformation-matrix      = 
grpopts:
   nrdf:       78880
   ref-t:         298
   tau-t:         0.1
annealing:          No
annealing-npoints:           0
   acc:	           0           0           0
   nfreeze:           N           N           N
   energygrp-flags[  0]: 0

Changing nstlist from 10 to 100, rlist from 1.4 to 1.459

1 GPU selected for this run.
Mapping of GPU IDs to the 2 GPU tasks in the 1 rank on this node:
  PP:0,PME:0
PP tasks will do (non-perturbed) short-ranged interactions on the GPU
PP task will update and constrain coordinates on the GPU
PME tasks will do all aspects on the GPU
Using 1 MPI thread

Non-default thread affinity set, disabling internal thread affinity

Using 10 OpenMP threads 

System total charge: 0.000
Will do PME sum in reciprocal space for electrostatic interactions.

++++ PLEASE READ AND CITE THE FOLLOWING REFERENCE ++++
U. Essmann, L. Perera, M. L. Berkowitz, T. Darden, H. Lee and L. G. Pedersen 
A smooth particle mesh Ewald method
J. Chem. Phys. 103 (1995) pp. 8577-8592
-------- -------- --- Thank You --- -------- --------

Using a Gaussian width (1/beta) of 0.448228 nm for Ewald
Potential shift: LJ r^-12: -1.764e-02 r^-6: -1.328e-01, Ewald -7.143e-06
Initialized non-bonded Ewald tables, spacing: 1.10e-03 size: 1270

Generated table with 1229 data points for 1-4 COUL.
Tabscale = 500 points/nm
Generated table with 1229 data points for 1-4 LJ6.
Tabscale = 500 points/nm
Generated table with 1229 data points for 1-4 LJ12.
Tabscale = 500 points/nm
Long Range LJ corr.: <C6> 3.6355e-04


Using GPU 8x8 nonbonded short-range kernels

Using a dual 8x8 pair-list setup updated with dynamic, rolling pruning:
  outer list: updated every 100 steps, buffer 0.059 nm, rlist 1.459 nm
  inner list: updated every  30 steps, buffer 0.002 nm, rlist 1.402 nm
At tolerance 0.005 kJ/mol/ps per atom, equivalent classical 1x1 list would be:
  outer list: updated every 100 steps, buffer 0.224 nm, rlist 1.624 nm
  inner list: updated every  30 steps, buffer 0.111 nm, rlist 1.511 nm

Using Lorentz-Berthelot Lennard-Jones combination rule
Removing pbc first time

Initializing LINear Constraint Solver

++++ PLEASE READ AND CITE THE FOLLOWING REFERENCE ++++
B. Hess and H. Bekker and H. J. C. Berendsen and J. G. E. M. Fraaije
LINCS: A Linear Constraint Solver for molecular simulations
J. Comp. Chem. 18 (1997) pp. 1463-1472
-------- -------- --- Thank You --- -------- --------

The number of constraints is 5078

++++ PLEASE READ AND CITE THE FOLLOWING REFERENCE ++++
S. Miyamoto and P. A. Kollman
SETTLE: An Analytical Version of the SHAKE and RATTLE Algorithms for Rigid
Water Models
J. Comp. Chem. 13 (1992) pp. 952-962
-------- -------- --- Thank You --- -------- --------


++++ PLEASE READ AND CITE THE FOLLOWING REFERENCE ++++
G. Bussi, D. Donadio and M. Parrinello
Canonical sampling through velocity rescaling
J. Chem. Phys. 126 (2007) pp. 014101
-------- -------- --- Thank You --- -------- --------

There are: 37462 Atoms

Updating coordinates and applying constraints on the GPU.

Constraining the starting coordinates (step 0)

Constraining the coordinates at t0-dt (step 0)
Center of mass motion removal mode is Linear
We have the following groups for center of mass motion removal:
  0:  rest
RMS relative constraint deviation after constraining: 4.46e-06
Initial temperature: 298.941 K

Started mdrun on rank 0 Tue Jun 17 17:32:28 2025

           Step           Time
              0        0.00000

   Energies (kJ/mol)
           Bond            U-B    Proper Dih.  Improper Dih.          LJ-14
    4.06691e+03    1.66196e+04    6.57492e+03    6.98293e+02    2.15758e+03
     Coulomb-14        LJ (SR)  Disper. corr.   Coulomb (SR)   Coul. recip.
   -1.90966e+04    2.89112e+04   -9.00541e+02   -4.61050e+05    1.76257e+03
      Potential    Kinetic En.   Total Energy  Conserved En.    Temperature
   -4.20257e+05    1.00517e+05   -3.19740e+05   -3.19739e+05    3.06526e+02
 Pres. DC (bar) Pressure (bar)   Constr. rmsd
   -1.73251e+01   -3.98093e+01    4.46000e-06

           Step           Time
           1000        2.00000

   Energies (kJ/mol)
           Bond            U-B    Proper Dih.  Improper Dih.          LJ-14
    3.89516e+03    1.73019e+04    6.51169e+03    7.03310e+02    2.10651e+03
     Coulomb-14        LJ (SR)  Disper. corr.   Coulomb (SR)   Coul. recip.
   -1.91091e+04    2.93055e+04   -9.04771e+02   -4.61515e+05    1.72880e+03
      Potential    Kinetic En.   Total Energy  Conserved En.    Temperature
   -4.19976e+05    9.69998e+04   -3.22976e+05   -3.19613e+05    2.95801e+02
 Pres. DC (bar) Pressure (bar)   Constr. rmsd
   -1.74880e+01   -4.79206e+01    4.46000e-06

           Step           Time
           2000        4.00000

   Energies (kJ/mol)
           Bond            U-B    Proper Dih.  Improper Dih.          LJ-14
    3.89960e+03    1.72998e+04    6.69625e+03    6.74214e+02    2.23187e+03
     Coulomb-14        LJ (SR)  Disper. corr.   Coulomb (SR)   Coul. recip.
   -1.94112e+04    2.94930e+04   -9.09436e+02   -4.61801e+05    1.75594e+03
      Potential    Kinetic En.   Total Energy  Conserved En.    Temperature
   -4.20071e+05    9.74365e+04   -3.22634e+05   -3.19590e+05    2.97133e+02
 Pres. DC (bar) Pressure (bar)   Constr. rmsd
   -1.76686e+01   -1.15946e+02    4.46000e-06

step 2400: timed with pme grid 52 52 200, coulomb cutoff 1.400: 149.3 M-cycles
step 2600: timed with pme grid 42 42 168, coulomb cutoff 1.667: 181.0 M-cycles
step 2800: timed with pme grid 44 44 192, coulomb cutoff 1.591: 172.7 M-cycles
step 3000: timed with pme grid 48 48 192, coulomb cutoff 1.458: 153.7 M-cycles
           Step           Time
           3000        6.00000

   Energies (kJ/mol)
           Bond            U-B    Proper Dih.  Improper Dih.          LJ-14
    3.88990e+03    1.71137e+04    6.49202e+03    6.24560e+02    2.17036e+03
     Coulomb-14        LJ (SR)  Disper. corr.   Coulomb (SR)   Coul. recip.
   -1.91726e+04    2.85548e+04   -9.13592e+02   -4.62065e+05    1.64851e+03
      Potential    Kinetic En.   Total Energy  Conserved En.    Temperature
   -4.21657e+05    9.85863e+04   -3.23071e+05   -3.19622e+05    3.00639e+02
 Pres. DC (bar) Pressure (bar)   Constr. rmsd
   -1.78304e+01   -5.65747e+01    4.46000e-06

step 3200: timed with pme grid 52 52 200, coulomb cutoff 1.400: 148.9 M-cycles
              optimal pme grid 52 52 200, coulomb cutoff 1.400
           Step           Time
           4000        8.00000

   Energies (kJ/mol)
           Bond            U-B    Proper Dih.  Improper Dih.          LJ-14
    4.02025e+03    1.73461e+04    6.54270e+03    7.18687e+02    2.13394e+03
     Coulomb-14        LJ (SR)  Disper. corr.   Coulomb (SR)   Coul. recip.
   -1.95203e+04    2.86293e+04   -9.17828e+02   -4.62896e+05    1.75482e+03
      Potential    Kinetic En.   Total Energy  Conserved En.    Temperature
   -4.22188e+05    9.69198e+04   -3.25269e+05   -3.19530e+05    2.95557e+02
 Pres. DC (bar) Pressure (bar)   Constr. rmsd
   -1.79959e+01   -1.63566e+02    4.46000e-06

           Step           Time
           5000       10.00000

   Energies (kJ/mol)
           Bond            U-B    Proper Dih.  Improper Dih.          LJ-14
    4.00560e+03    1.74443e+04    6.63975e+03    6.02247e+02    2.21547e+03
     Coulomb-14        LJ (SR)  Disper. corr.   Coulomb (SR)   Coul. recip.
   -1.92910e+04    2.85726e+04   -9.21967e+02   -4.63232e+05    1.72073e+03
      Potential    Kinetic En.   Total Energy  Conserved En.    Temperature
   -4.22244e+05    9.75490e+04   -3.24695e+05   -3.19518e+05    2.97476e+02
 Pres. DC (bar) Pressure (bar)   Constr. rmsd
   -1.81584e+01   -1.66066e+02    4.46000e-06

           Step           Time
           6000       12.00000

   Energies (kJ/mol)
           Bond            U-B    Proper Dih.  Improper Dih.          LJ-14
    3.88622e+03    1.76703e+04    6.53042e+03    5.91689e+02    2.20154e+03
     Coulomb-14        LJ (SR)  Disper. corr.   Coulomb (SR)   Coul. recip.
   -1.89906e+04    2.90910e+04   -9.24732e+02   -4.63474e+05    1.65201e+03
      Potential    Kinetic En.   Total Energy  Conserved En.    Temperature
   -4.21766e+05    9.72048e+04   -3.24562e+05   -3.19502e+05    2.96426e+02
 Pres. DC (bar) Pressure (bar)   Constr. rmsd
   -1.82674e+01   -5.44905e+01    4.46000e-06

           Step           Time
           7000       14.00000

   Energies (kJ/mol)
           Bond            U-B    Proper Dih.  Improper Dih.          LJ-14
    3.95436e+03    1.71684e+04    6.54175e+03    6.94336e+02    2.17100e+03
     Coulomb-14        LJ (SR)  Disper. corr.   Coulomb (SR)   Coul. recip.
   -1.94226e+04    2.78389e+04   -9.28734e+02   -4.61137e+05    1.65504e+03
      Potential    Kinetic En.   Total Energy  Conserved En.    Temperature
   -4.21464e+05    9.83577e+04   -3.23106e+05   -3.19484e+05    2.99942e+02
 Pres. DC (bar) Pressure (bar)   Constr. rmsd
   -1.84257e+01   -1.35694e+02    4.46000e-06

           Step           Time
           8000       16.00000

   Energies (kJ/mol)
           Bond            U-B    Proper Dih.  Improper Dih.          LJ-14
    3.77428e+03    1.74498e+04    6.57616e+03    6.43697e+02    2.18575e+03
     Coulomb-14        LJ (SR)  Disper. corr.   Coulomb (SR)   Coul. recip.
   -1.96507e+04    2.88035e+04   -9.32294e+02   -4.62996e+05    1.61379e+03
      Potential    Kinetic En.   Total Energy  Conserved En.    Temperature
   -4.22532e+05    9.69494e+04   -3.25583e+05   -3.19460e+05    2.95647e+02
 Pres. DC (bar) Pressure (bar)   Constr. rmsd
   -1.85671e+01   -2.23402e+01    4.46000e-06

           Step           Time
           9000       18.00000

   Energies (kJ/mol)
           Bond            U-B    Proper Dih.  Improper Dih.          LJ-14
    3.90948e+03    1.73836e+04    6.39581e+03    6.71417e+02    2.19632e+03
     Coulomb-14        LJ (SR)  Disper. corr.   Coulomb (SR)   Coul. recip.
   -1.94095e+04    2.81637e+04   -9.34575e+02   -4.63212e+05    1.56895e+03
      Potential    Kinetic En.   Total Energy  Conserved En.    Temperature
   -4.23267e+05    9.72321e+04   -3.26034e+05   -3.19456e+05    2.96510e+02
 Pres. DC (bar) Pressure (bar)   Constr. rmsd
   -1.86580e+01   -1.07691e+02    4.46000e-06

           Step           Time
          10000       20.00000

   Energies (kJ/mol)
           Bond            U-B    Proper Dih.  Improper Dih.          LJ-14
    3.73124e+03    1.77832e+04    6.57511e+03    6.71696e+02    2.15003e+03
     Coulomb-14        LJ (SR)  Disper. corr.   Coulomb (SR)   Coul. recip.
   -1.97140e+04    2.78279e+04   -9.37401e+02   -4.61707e+05    1.59129e+03
      Potential    Kinetic En.   Total Energy  Conserved En.    Temperature
   -4.22028e+05    9.72386e+04   -3.24789e+05   -3.19397e+05    2.96529e+02
 Pres. DC (bar) Pressure (bar)   Constr. rmsd
   -1.87709e+01   -1.86109e+02    4.46000e-06

           Step           Time
          11000       22.00000

   Energies (kJ/mol)
           Bond            U-B    Proper Dih.  Improper Dih.          LJ-14
    3.79080e+03    1.71849e+04    6.59900e+03    6.65150e+02    2.16745e+03
     Coulomb-14        LJ (SR)  Disper. corr.   Coulomb (SR)   Coul. recip.
   -1.98634e+04    2.83768e+04   -9.40472e+02   -4.63132e+05    1.61863e+03
      Potential    Kinetic En.   Total Energy  Conserved En.    Temperature
   -4.23533e+05    9.79129e+04   -3.25620e+05   -3.19432e+05    2.98586e+02
 Pres. DC (bar) Pressure (bar)   Constr. rmsd
   -1.88939e+01   -6.66104e+01    4.46000e-06

           Step           Time
          12000       24.00000

   Energies (kJ/mol)
           Bond            U-B    Proper Dih.  Improper Dih.          LJ-14
    3.89958e+03    1.72048e+04    6.42969e+03    6.77100e+02    2.20169e+03
     Coulomb-14        LJ (SR)  Disper. corr.   Coulomb (SR)   Coul. recip.
   -1.96783e+04    2.81181e+04   -9.43925e+02   -4.63999e+05    1.62208e+03
      Potential    Kinetic En.   Total Energy  Conserved En.    Temperature
   -4.24468e+05    9.72944e+04   -3.27174e+05   -3.19403e+05    2.96699e+02
 Pres. DC (bar) Pressure (bar)   Constr. rmsd
   -1.90328e+01   -1.01342e+02    4.46000e-06

           Step           Time
          13000       26.00000

   Energies (kJ/mol)
           Bond            U-B    Proper Dih.  Improper Dih.          LJ-14
    3.87156e+03    1.69011e+04    6.75608e+03    6.84175e+02    2.18839e+03
     Coulomb-14        LJ (SR)  Disper. corr.   Coulomb (SR)   Coul. recip.
   -1.96131e+04    2.83379e+04   -9.46354e+02   -4.64484e+05    1.62354e+03
      Potential    Kinetic En.   Total Energy  Conserved En.    Temperature
   -4.24681e+05    9.80590e+04   -3.26622e+05   -3.19399e+05    2.99031e+02
 Pres. DC (bar) Pressure (bar)   Constr. rmsd
   -1.91308e+01   -7.73855e+01    4.46000e-06

           Step           Time
          14000       28.00000

   Energies (kJ/mol)
           Bond            U-B    Proper Dih.  Improper Dih.          LJ-14
    3.74171e+03    1.71564e+04    6.51007e+03    7.29345e+02    2.22077e+03
     Coulomb-14        LJ (SR)  Disper. corr.   Coulomb (SR)   Coul. recip.
   -1.95349e+04    2.82669e+04   -9.48887e+02   -4.63945e+05    1.59543e+03
      Potential    Kinetic En.   Total Energy  Conserved En.    Temperature
   -4.24208e+05    9.81329e+04   -3.26075e+05   -3.19374e+05    2.99257e+02
 Pres. DC (bar) Pressure (bar)   Constr. rmsd
   -1.92332e+01   -1.05431e+02    4.46000e-06

           Step           Time
          15000       30.00000

   Energies (kJ/mol)
           Bond            U-B    Proper Dih.  Improper Dih.          LJ-14
    3.73850e+03    1.71908e+04    6.65884e+03    6.64851e+02    2.19516e+03
     Coulomb-14        LJ (SR)  Disper. corr.   Coulomb (SR)   Coul. recip.
   -1.96440e+04    2.79611e+04   -9.51736e+02   -4.64432e+05    1.55841e+03
      Potential    Kinetic En.   Total Energy  Conserved En.    Temperature
   -4.25060e+05    9.78432e+04   -3.27216e+05   -3.19336e+05    2.98373e+02
 Pres. DC (bar) Pressure (bar)   Constr. rmsd
   -1.93488e+01   -6.80282e+01    4.46000e-06

           Step           Time
          16000       32.00000

   Energies (kJ/mol)
           Bond            U-B    Proper Dih.  Improper Dih.          LJ-14
    3.78808e+03    1.71207e+04    6.51291e+03    6.44770e+02    2.15749e+03
     Coulomb-14        LJ (SR)  Disper. corr.   Coulomb (SR)   Coul. recip.
   -1.99554e+04    2.70032e+04   -9.53715e+02   -4.62559e+05    1.52527e+03
      Potential    Kinetic En.   Total Energy  Conserved En.    Temperature
   -4.24715e+05    9.80018e+04   -3.26714e+05   -3.19329e+05    2.98857e+02
 Pres. DC (bar) Pressure (bar)   Constr. rmsd
   -1.94293e+01   -7.61130e+01    4.46000e-06

           Step           Time
          17000       34.00000

   Energies (kJ/mol)
           Bond            U-B    Proper Dih.  Improper Dih.          LJ-14
    3.74804e+03    1.71253e+04    6.41488e+03    6.65928e+02    2.23477e+03
     Coulomb-14        LJ (SR)  Disper. corr.   Coulomb (SR)   Coul. recip.
   -1.97577e+04    2.75992e+04   -9.55622e+02   -4.63795e+05    1.56881e+03
      Potential    Kinetic En.   Total Energy  Conserved En.    Temperature
   -4.25151e+05    9.74381e+04   -3.27713e+05   -3.19313e+05    2.97138e+02
 Pres. DC (bar) Pressure (bar)   Constr. rmsd
   -1.95070e+01   -4.03420e+01    4.46000e-06

           Step           Time
          18000       36.00000

   Energies (kJ/mol)
           Bond            U-B    Proper Dih.  Improper Dih.          LJ-14
    3.69206e+03    1.70380e+04    6.46576e+03    6.21368e+02    2.07991e+03
     Coulomb-14        LJ (SR)  Disper. corr.   Coulomb (SR)   Coul. recip.
   -1.97617e+04    2.80779e+04   -9.56584e+02   -4.64030e+05    1.54710e+03
      Potential    Kinetic En.   Total Energy  Conserved En.    Temperature
   -4.25226e+05    9.72391e+04   -3.27987e+05   -3.19302e+05    2.96531e+02
 Pres. DC (bar) Pressure (bar)   Constr. rmsd
   -1.95462e+01    7.78421e+00    4.46000e-06

           Step           Time
          19000       38.00000

   Energies (kJ/mol)
           Bond            U-B    Proper Dih.  Improper Dih.          LJ-14
    3.75734e+03    1.73197e+04    6.38782e+03    7.14817e+02    2.07843e+03
     Coulomb-14        LJ (SR)  Disper. corr.   Coulomb (SR)   Coul. recip.
   -1.95225e+04    2.80412e+04   -9.57544e+02   -4.65591e+05    1.58364e+03
      Potential    Kinetic En.   Total Energy  Conserved En.    Temperature
   -4.26188e+05    9.76535e+04   -3.28535e+05   -3.19232e+05    2.97794e+02
 Pres. DC (bar) Pressure (bar)   Constr. rmsd
   -1.95855e+01   -3.73969e+01    4.46000e-06

Writing checkpoint, step 19300 at Tue Jun 17 17:33:28 2025


           Step           Time
          20000       40.00000

   Energies (kJ/mol)
           Bond            U-B    Proper Dih.  Improper Dih.          LJ-14
    3.78253e+03    1.70878e+04    6.49012e+03    7.08481e+02    2.09079e+03
     Coulomb-14        LJ (SR)  Disper. corr.   Coulomb (SR)   Coul. recip.
   -1.94880e+04    2.69193e+04   -9.58086e+02   -4.64625e+05    1.49121e+03
      Potential    Kinetic En.   Total Energy  Conserved En.    Temperature
   -4.26501e+05    9.73032e+04   -3.29198e+05   -3.19251e+05    2.96726e+02
 Pres. DC (bar) Pressure (bar)   Constr. rmsd
   -1.96076e+01   -4.08385e+01    4.46000e-06

           Step           Time
          21000       42.00000

   Energies (kJ/mol)
           Bond            U-B    Proper Dih.  Improper Dih.          LJ-14
    3.83455e+03    1.73521e+04    6.56507e+03    6.98325e+02    2.19807e+03
     Coulomb-14        LJ (SR)  Disper. corr.   Coulomb (SR)   Coul. recip.
   -1.95695e+04    2.68709e+04   -9.58458e+02   -4.65244e+05    1.49499e+03
      Potential    Kinetic En.   Total Energy  Conserved En.    Temperature
   -4.26758e+05    9.82732e+04   -3.28485e+05   -3.19217e+05    2.99684e+02
 Pres. DC (bar) Pressure (bar)   Constr. rmsd
   -1.96228e+01   -3.84906e+00    4.46000e-06

           Step           Time
          22000       44.00000

   Energies (kJ/mol)
           Bond            U-B    Proper Dih.  Improper Dih.          LJ-14
    3.90368e+03    1.69743e+04    6.33952e+03    6.58168e+02    2.20097e+03
     Coulomb-14        LJ (SR)  Disper. corr.   Coulomb (SR)   Coul. recip.
   -1.99545e+04    2.61604e+04   -9.58075e+02   -4.64606e+05    1.47657e+03
      Potential    Kinetic En.   Total Energy  Conserved En.    Temperature
   -4.27805e+05    9.78574e+04   -3.29948e+05   -3.19211e+05    2.98416e+02
 Pres. DC (bar) Pressure (bar)   Constr. rmsd
   -1.96071e+01   -1.26877e+02    4.46000e-06

           Step           Time
          23000       46.00000

   Energies (kJ/mol)
           Bond            U-B    Proper Dih.  Improper Dih.          LJ-14
    3.79491e+03    1.67485e+04    6.45413e+03    6.43851e+02    2.12870e+03
     Coulomb-14        LJ (SR)  Disper. corr.   Coulomb (SR)   Coul. recip.
   -1.97455e+04    2.64258e+04   -9.57949e+02   -4.65828e+05    1.43159e+03
      Potential    Kinetic En.   Total Energy  Conserved En.    Temperature
   -4.28904e+05    9.90220e+04   -3.29882e+05   -3.19226e+05    3.01968e+02
 Pres. DC (bar) Pressure (bar)   Constr. rmsd
   -1.96020e+01   -1.10158e+02    4.46000e-06

           Step           Time
          24000       48.00000

   Energies (kJ/mol)
           Bond            U-B    Proper Dih.  Improper Dih.          LJ-14
    3.63413e+03    1.71965e+04    6.51635e+03    7.22303e+02    2.29182e+03
     Coulomb-14        LJ (SR)  Disper. corr.   Coulomb (SR)   Coul. recip.
   -1.98569e+04    2.77334e+04   -9.59719e+02   -4.66441e+05    1.43810e+03
      Potential    Kinetic En.   Total Energy  Conserved En.    Temperature
   -4.27725e+05    9.76473e+04   -3.30078e+05   -3.19179e+05    2.97776e+02
 Pres. DC (bar) Pressure (bar)   Constr. rmsd
   -1.96744e+01    9.57403e+01    4.46000e-06

           Step           Time
          25000       50.00000

   Energies (kJ/mol)
           Bond            U-B    Proper Dih.  Improper Dih.          LJ-14
    3.82577e+03    1.69047e+04    6.47285e+03    6.28054e+02    2.19942e+03
     Coulomb-14        LJ (SR)  Disper. corr.   Coulomb (SR)   Coul. recip.
   -1.95509e+04    2.63954e+04   -9.60791e+02   -4.64796e+05    1.46668e+03
      Potential    Kinetic En.   Total Energy  Conserved En.    Temperature
   -4.27414e+05    9.76117e+04   -3.29803e+05   -3.19165e+05    2.97667e+02
 Pres. DC (bar) Pressure (bar)   Constr. rmsd
   -1.97184e+01    2.20154e+01    4.46000e-06

           Step           Time
          26000       52.00000

   Energies (kJ/mol)
           Bond            U-B    Proper Dih.  Improper Dih.          LJ-14
    3.76948e+03    1.69528e+04    6.33611e+03    6.62677e+02    2.16894e+03
     Coulomb-14        LJ (SR)  Disper. corr.   Coulomb (SR)   Coul. recip.
   -1.94202e+04    2.76528e+04   -9.61216e+02   -4.66278e+05    1.46590e+03
      Potential    Kinetic En.   Total Energy  Conserved En.    Temperature
   -4.27651e+05    9.74343e+04   -3.30217e+05   -3.19130e+05    2.97126e+02
 Pres. DC (bar) Pressure (bar)   Constr. rmsd
   -1.97358e+01   -1.81469e+01    4.46000e-06

           Step           Time
          27000       54.00000

   Energies (kJ/mol)
           Bond            U-B    Proper Dih.  Improper Dih.          LJ-14
    3.80060e+03    1.70903e+04    6.42976e+03    6.46157e+02    2.16067e+03
     Coulomb-14        LJ (SR)  Disper. corr.   Coulomb (SR)   Coul. recip.
   -1.99165e+04    2.68399e+04   -9.62801e+02   -4.64929e+05    1.43972e+03
      Potential    Kinetic En.   Total Energy  Conserved En.    Temperature
   -4.27401e+05    9.84531e+04   -3.28948e+05   -3.19120e+05    3.00233e+02
 Pres. DC (bar) Pressure (bar)   Constr. rmsd
   -1.98009e+01   -8.71502e+01    4.46000e-06

           Step           Time
          28000       56.00000

   Energies (kJ/mol)
           Bond            U-B    Proper Dih.  Improper Dih.          LJ-14
    3.74639e+03    1.73169e+04    6.37599e+03    7.20803e+02    2.23708e+03
     Coulomb-14        LJ (SR)  Disper. corr.   Coulomb (SR)   Coul. recip.
   -1.99896e+04    2.60014e+04   -9.65168e+02   -4.62118e+05    1.48671e+03
      Potential    Kinetic En.   Total Energy  Conserved En.    Temperature
   -4.25188e+05    9.77819e+04   -3.27406e+05   -3.19093e+05    2.98186e+02
 Pres. DC (bar) Pressure (bar)   Constr. rmsd
   -1.98982e+01   -7.02252e+01    4.46000e-06

           Step           Time
          29000       58.00000

   Energies (kJ/mol)
           Bond            U-B    Proper Dih.  Improper Dih.          LJ-14
    3.62438e+03    1.68888e+04    6.47792e+03    6.37458e+02    2.19141e+03
     Coulomb-14        LJ (SR)  Disper. corr.   Coulomb (SR)   Coul. recip.
   -1.97867e+04    2.61712e+04   -9.68023e+02   -4.64024e+05    1.45456e+03
      Potential    Kinetic En.   Total Energy  Conserved En.    Temperature
   -4.27332e+05    9.76193e+04   -3.29713e+05   -3.19102e+05    2.97690e+02
 Pres. DC (bar) Pressure (bar)   Constr. rmsd
   -2.00160e+01    3.88149e+01    4.46000e-06

           Step           Time
          30000       60.00000

   Energies (kJ/mol)
           Bond            U-B    Proper Dih.  Improper Dih.          LJ-14
    3.68226e+03    1.69371e+04    6.50802e+03    6.74173e+02    2.20441e+03
     Coulomb-14        LJ (SR)  Disper. corr.   Coulomb (SR)   Coul. recip.
   -1.98325e+04    2.65306e+04   -9.70490e+02   -4.64489e+05    1.46126e+03
      Potential    Kinetic En.   Total Energy  Conserved En.    Temperature
   -4.27294e+05    9.87878e+04   -3.28506e+05   -3.19083e+05    3.01254e+02
 Pres. DC (bar) Pressure (bar)   Constr. rmsd
   -2.01181e+01    7.21170e+00    4.46000e-06

           Step           Time
          31000       62.00000

   Energies (kJ/mol)
           Bond            U-B    Proper Dih.  Improper Dih.          LJ-14
    3.86766e+03    1.67473e+04    6.52606e+03    6.28816e+02    2.16703e+03
     Coulomb-14        LJ (SR)  Disper. corr.   Coulomb (SR)   Coul. recip.
   -2.03170e+04    2.74546e+04   -9.72391e+02   -4.65261e+05    1.47064e+03
      Potential    Kinetic En.   Total Energy  Conserved En.    Temperature
   -4.27688e+05    9.79788e+04   -3.29710e+05   -3.19058e+05    2.98787e+02
 Pres. DC (bar) Pressure (bar)   Constr. rmsd
   -2.01969e+01    2.09273e+01    4.46000e-06

           Step           Time
          32000       64.00000

   Energies (kJ/mol)
           Bond            U-B    Proper Dih.  Improper Dih.          LJ-14
    3.51486e+03    1.68656e+04    6.49068e+03    6.19017e+02    2.15965e+03
     Coulomb-14        LJ (SR)  Disper. corr.   Coulomb (SR)   Coul. recip.
   -2.00390e+04    2.61726e+04   -9.74349e+02   -4.64371e+05    1.41065e+03
      Potential    Kinetic En.   Total Energy  Conserved En.    Temperature
   -4.28151e+05    9.81068e+04   -3.30044e+05   -3.19059e+05    2.99177e+02
 Pres. DC (bar) Pressure (bar)   Constr. rmsd
   -2.02782e+01   -7.58184e+01    4.46000e-06

           Step           Time
          33000       66.00000

   Energies (kJ/mol)
           Bond            U-B    Proper Dih.  Improper Dih.          LJ-14
    3.76141e+03    1.66991e+04    6.51053e+03    6.81029e+02    2.17289e+03
     Coulomb-14        LJ (SR)  Disper. corr.   Coulomb (SR)   Coul. recip.
   -1.98519e+04    2.57173e+04   -9.75989e+02   -4.64232e+05    1.48031e+03
      Potential    Kinetic En.   Total Energy  Conserved En.    Temperature
   -4.28037e+05    9.86671e+04   -3.29370e+05   -3.19046e+05    3.00885e+02
 Pres. DC (bar) Pressure (bar)   Constr. rmsd
   -2.03465e+01   -1.73679e+02    4.46000e-06

           Step           Time
          34000       68.00000

   Energies (kJ/mol)
           Bond            U-B    Proper Dih.  Improper Dih.          LJ-14
    3.90259e+03    1.68368e+04    6.60174e+03    6.33568e+02    2.23336e+03
     Coulomb-14        LJ (SR)  Disper. corr.   Coulomb (SR)   Coul. recip.
   -1.98365e+04    2.59553e+04   -9.77483e+02   -4.63783e+05    1.51764e+03
      Potential    Kinetic En.   Total Energy  Conserved En.    Temperature
   -4.26916e+05    9.73330e+04   -3.29583e+05   -3.18975e+05    2.96817e+02
 Pres. DC (bar) Pressure (bar)   Constr. rmsd
   -2.04088e+01   -8.48302e+01    4.46000e-06

           Step           Time
          35000       70.00000

   Energies (kJ/mol)
           Bond            U-B    Proper Dih.  Improper Dih.          LJ-14
    3.78274e+03    1.68096e+04    6.36980e+03    7.11826e+02    2.21756e+03
     Coulomb-14        LJ (SR)  Disper. corr.   Coulomb (SR)   Coul. recip.
   -1.99278e+04    2.67942e+04   -9.78767e+02   -4.65973e+05    1.44521e+03
      Potential    Kinetic En.   Total Energy  Conserved En.    Temperature
   -4.28749e+05    9.76081e+04   -3.31141e+05   -3.18977e+05    2.97656e+02
 Pres. DC (bar) Pressure (bar)   Constr. rmsd
   -2.04624e+01   -6.25015e+01    4.46000e-06

           Step           Time
          36000       72.00000

   Energies (kJ/mol)
           Bond            U-B    Proper Dih.  Improper Dih.          LJ-14
    3.74806e+03    1.71664e+04    6.53014e+03    7.13828e+02    2.22577e+03
     Coulomb-14        LJ (SR)  Disper. corr.   Coulomb (SR)   Coul. recip.
   -2.02230e+04    2.71658e+04   -9.81904e+02   -4.65466e+05    1.49733e+03
      Potential    Kinetic En.   Total Energy  Conserved En.    Temperature
   -4.27624e+05    9.77513e+04   -3.29872e+05   -3.18944e+05    2.98093e+02
 Pres. DC (bar) Pressure (bar)   Constr. rmsd
   -2.05937e+01    8.14727e+01    4.46000e-06

           Step           Time
          37000       74.00000

   Energies (kJ/mol)
           Bond            U-B    Proper Dih.  Improper Dih.          LJ-14
    3.78440e+03    1.70004e+04    6.56026e+03    7.09018e+02    2.25570e+03
     Coulomb-14        LJ (SR)  Disper. corr.   Coulomb (SR)   Coul. recip.
   -2.02999e+04    2.67732e+04   -9.83703e+02   -4.64360e+05    1.45879e+03
      Potential    Kinetic En.   Total Energy  Conserved En.    Temperature
   -4.27102e+05    9.70026e+04   -3.30099e+05   -3.18915e+05    2.95810e+02
 Pres. DC (bar) Pressure (bar)   Constr. rmsd
   -2.06691e+01   -7.35288e+01    4.46000e-06

           Step           Time
          38000       76.00000

   Energies (kJ/mol)
           Bond            U-B    Proper Dih.  Improper Dih.          LJ-14
    3.74365e+03    1.73286e+04    6.30123e+03    7.01477e+02    2.24626e+03
     Coulomb-14        LJ (SR)  Disper. corr.   Coulomb (SR)   Coul. recip.
   -2.03066e+04    2.71904e+04   -9.85608e+02   -4.64786e+05    1.46658e+03
      Potential    Kinetic En.   Total Energy  Conserved En.    Temperature
   -4.27100e+05    9.82988e+04   -3.28801e+05   -3.18913e+05    2.99762e+02
 Pres. DC (bar) Pressure (bar)   Constr. rmsd
   -2.07492e+01    1.62157e+01    4.46000e-06

           Step           Time
          39000       78.00000

   Energies (kJ/mol)
           Bond            U-B    Proper Dih.  Improper Dih.          LJ-14
    3.55974e+03    1.69591e+04    6.50461e+03    7.03302e+02    2.22493e+03
     Coulomb-14        LJ (SR)  Disper. corr.   Coulomb (SR)   Coul. recip.
   -2.04661e+04    2.61162e+04   -9.87357e+02   -4.65274e+05    1.45850e+03
      Potential    Kinetic En.   Total Energy  Conserved En.    Temperature
   -4.29201e+05    9.70378e+04   -3.32164e+05   -3.18934e+05    2.95917e+02
 Pres. DC (bar) Pressure (bar)   Constr. rmsd
   -2.08228e+01    3.92048e+01    4.46000e-06

           Step           Time
          40000       80.00000

   Energies (kJ/mol)
           Bond            U-B    Proper Dih.  Improper Dih.          LJ-14
    3.85957e+03    1.72983e+04    6.47141e+03    6.79976e+02    2.15457e+03
     Coulomb-14        LJ (SR)  Disper. corr.   Coulomb (SR)   Coul. recip.
   -2.05703e+04    2.65087e+04   -9.89060e+02   -4.64771e+05    1.48565e+03
      Potential    Kinetic En.   Total Energy  Conserved En.    Temperature
   -4.27872e+05    9.78826e+04   -3.29989e+05   -3.18863e+05    2.98493e+02
 Pres. DC (bar) Pressure (bar)   Constr. rmsd
   -2.08946e+01   -1.09671e+02    4.46000e-06

           Step           Time
          41000       82.00000

   Energies (kJ/mol)
           Bond            U-B    Proper Dih.  Improper Dih.          LJ-14
    3.87999e+03    1.71866e+04    6.49908e+03    7.48912e+02    2.19088e+03
     Coulomb-14        LJ (SR)  Disper. corr.   Coulomb (SR)   Coul. recip.
   -2.02690e+04    2.64342e+04   -9.90455e+02   -4.64230e+05    1.39352e+03
      Potential    Kinetic En.   Total Energy  Conserved En.    Temperature
   -4.27157e+05    9.74677e+04   -3.29689e+05   -3.18860e+05    2.97228e+02
 Pres. DC (bar) Pressure (bar)   Constr. rmsd
   -2.09536e+01    3.48446e+01    4.46000e-06

           Step           Time
          42000       84.00000

   Energies (kJ/mol)
           Bond            U-B    Proper Dih.  Improper Dih.          LJ-14
    3.78261e+03    1.72087e+04    6.44535e+03    7.42592e+02    2.19725e+03
     Coulomb-14        LJ (SR)  Disper. corr.   Coulomb (SR)   Coul. recip.
   -2.02263e+04    2.67228e+04   -9.92656e+02   -4.65348e+05    1.40312e+03
      Potential    Kinetic En.   Total Energy  Conserved En.    Temperature
   -4.28065e+05    9.76050e+04   -3.30460e+05   -3.18824e+05    2.97647e+02
 Pres. DC (bar) Pressure (bar)   Constr. rmsd
   -2.10467e+01   -7.55218e+01    4.46000e-06

           Step           Time
          43000       86.00000

   Energies (kJ/mol)
           Bond            U-B    Proper Dih.  Improper Dih.          LJ-14
    3.94642e+03    1.73143e+04    6.42234e+03    6.49197e+02    2.10098e+03
     Coulomb-14        LJ (SR)  Disper. corr.   Coulomb (SR)   Coul. recip.
   -1.98470e+04    2.70469e+04   -9.95180e+02   -4.65543e+05    1.46045e+03
      Potential    Kinetic En.   Total Energy  Conserved En.    Temperature
   -4.27445e+05    9.74783e+04   -3.29966e+05   -3.18795e+05    2.97260e+02
 Pres. DC (bar) Pressure (bar)   Constr. rmsd
   -2.11538e+01   -1.25429e+02    4.46000e-06

           Step           Time
          44000       88.00000

   Energies (kJ/mol)
           Bond            U-B    Proper Dih.  Improper Dih.          LJ-14
    3.71583e+03    1.71039e+04    6.36740e+03    6.57157e+02    2.26524e+03
     Coulomb-14        LJ (SR)  Disper. corr.   Coulomb (SR)   Coul. recip.
   -1.97619e+04    2.64922e+04   -9.98129e+02   -4.65335e+05    1.47067e+03
      Potential    Kinetic En.   Total Energy  Conserved En.    Temperature
   -4.28023e+05    9.77165e+04   -3.30306e+05   -3.18820e+05    2.97987e+02
 Pres. DC (bar) Pressure (bar)   Constr. rmsd
   -2.12792e+01    9.62419e+00    4.46000e-06

           Step           Time
          45000       90.00000

   Energies (kJ/mol)
           Bond            U-B    Proper Dih.  Improper Dih.          LJ-14
    3.91890e+03    1.74386e+04    6.37522e+03    6.36794e+02    2.18064e+03
     Coulomb-14        LJ (SR)  Disper. corr.   Coulomb (SR)   Coul. recip.
   -1.98749e+04    2.69177e+04   -1.00051e+03   -4.64754e+05    1.51011e+03
      Potential    Kinetic En.   Total Energy  Conserved En.    Temperature
   -4.26651e+05    9.68688e+04   -3.29782e+05   -3.18751e+05    2.95401e+02
 Pres. DC (bar) Pressure (bar)   Constr. rmsd
   -2.13807e+01   -1.48302e+02    4.46000e-06

           Step           Time
          46000       92.00000

   Energies (kJ/mol)
           Bond            U-B    Proper Dih.  Improper Dih.          LJ-14
    3.87780e+03    1.72632e+04    6.24364e+03    6.89325e+02    2.21277e+03
     Coulomb-14        LJ (SR)  Disper. corr.   Coulomb (SR)   Coul. recip.
   -1.99692e+04    2.68237e+04   -1.00289e+03   -4.65498e+05    1.44176e+03
      Potential    Kinetic En.   Total Energy  Conserved En.    Temperature
   -4.27918e+05    9.74889e+04   -3.30429e+05   -3.18755e+05    2.97293e+02
 Pres. DC (bar) Pressure (bar)   Constr. rmsd
   -2.14823e+01   -7.98479e+01    4.46000e-06

           Step           Time
          47000       94.00000

   Energies (kJ/mol)
           Bond            U-B    Proper Dih.  Improper Dih.          LJ-14
    3.62536e+03    1.74143e+04    6.35082e+03    6.96676e+02    2.18952e+03
     Coulomb-14        LJ (SR)  Disper. corr.   Coulomb (SR)   Coul. recip.
   -2.02495e+04    2.69811e+04   -1.00577e+03   -4.65728e+05    1.44615e+03
      Potential    Kinetic En.   Total Energy  Conserved En.    Temperature
   -4.28279e+05    9.85610e+04   -3.29718e+05   -3.18764e+05    3.00562e+02
 Pres. DC (bar) Pressure (bar)   Constr. rmsd
   -2.16061e+01    2.36134e+01    4.46000e-06

           Step           Time
          48000       96.00000

   Energies (kJ/mol)
           Bond            U-B    Proper Dih.  Improper Dih.          LJ-14
    3.69239e+03    1.71278e+04    6.53026e+03    6.44966e+02    2.22357e+03
     Coulomb-14        LJ (SR)  Disper. corr.   Coulomb (SR)   Coul. recip.
   -2.00560e+04    2.79939e+04   -1.00731e+03   -4.66598e+05    1.49812e+03
      Potential    Kinetic En.   Total Energy  Conserved En.    Temperature
   -4.27951e+05    9.80448e+04   -3.29906e+05   -3.18758e+05    2.98988e+02
 Pres. DC (bar) Pressure (bar)   Constr. rmsd
   -2.16721e+01    1.22484e+02    4.46000e-06

Writing checkpoint, step 48400 at Tue Jun 17 17:34:28 2025


           Step           Time
          49000       98.00000

   Energies (kJ/mol)
           Bond            U-B    Proper Dih.  Improper Dih.          LJ-14
    3.79393e+03    1.67255e+04    6.46671e+03    6.82713e+02    2.24635e+03
     Coulomb-14        LJ (SR)  Disper. corr.   Coulomb (SR)   Coul. recip.
   -1.99674e+04    2.65697e+04   -1.00948e+03   -4.64528e+05    1.51156e+03
      Potential    Kinetic En.   Total Energy  Conserved En.    Temperature
   -4.27508e+05    9.78028e+04   -3.29706e+05   -3.18743e+05    2.98250e+02
 Pres. DC (bar) Pressure (bar)   Constr. rmsd
   -2.17657e+01    2.69568e+01    4.46000e-06

           Step           Time
          50000      100.00000

Writing checkpoint, step 50000 at Tue Jun 17 17:34:32 2025


   Energies (kJ/mol)
           Bond            U-B    Proper Dih.  Improper Dih.          LJ-14
    3.84164e+03    1.69035e+04    6.49518e+03    6.58851e+02    2.19797e+03
     Coulomb-14        LJ (SR)  Disper. corr.   Coulomb (SR)   Coul. recip.
   -2.00791e+04    2.65915e+04   -1.01202e+03   -4.65169e+05    1.43382e+03
      Potential    Kinetic En.   Total Energy  Conserved En.    Temperature
   -4.28138e+05    9.75004e+04   -3.30638e+05   -3.18719e+05    2.97328e+02
 Pres. DC (bar) Pressure (bar)   Constr. rmsd
   -2.18753e+01   -1.01501e+02    4.46000e-06


Energy conservation over simulation part #1 of length 100 ns, time 0 to 100 ns
  Conserved energy drift: 2.72e-04 kJ/mol/ps per atom


	<======  ###############  ==>
	<====  A V E R A G E S  ====>
	<==  ###############  ======>

	Statistics over 50001 steps using 501 frames

   Energies (kJ/mol)
           Bond            U-B    Proper Dih.  Improper Dih.          LJ-14
    3.81041e+03    1.71378e+04    6.49379e+03    6.79708e+02    2.18618e+03
     Coulomb-14        LJ (SR)  Disper. corr.   Coulomb (SR)   Coul. recip.
   -1.98201e+04    2.73543e+04   -9.62491e+02   -4.64268e+05    1.52190e+03
      Potential    Kinetic En.   Total Energy  Conserved En.    Temperature
   -4.25866e+05    9.77481e+04   -3.28118e+05   -3.19160e+05    2.98083e+02
 Pres. DC (bar) Pressure (bar)   Constr. rmsd
   -1.98047e+01   -5.37733e+01    0.00000e+00

          Box-X          Box-Y          Box-Z
    5.86964e+00    5.86964e+00    2.34785e+01

   Total Virial (kJ/mol)
    3.41917e+04    2.61663e+00   -4.98351e+01
    2.61504e+00    3.41832e+04   -3.91596e+01
   -4.98349e+01   -3.91692e+01    3.33326e+04

   Pressure (bar)
   -6.69893e+01   -5.02126e-01    2.26904e+00
   -5.02061e-01   -6.90119e+01    1.32927e+00
    2.26902e+00    1.32965e+00   -2.53186e+01


	M E G A - F L O P S   A C C O U N T I N G

 NB=Group-cutoff nonbonded kernels    NxN=N-by-N cluster Verlet kernels
 RF=Reaction-Field  VdW=Van der Waals  QSTab=quadratic-spline table
 W3=SPC/TIP3p  W4=TIP4p (single or pairs)
 V&F=Potential and force  V=Potential only  F=Force only

 Computing:                               M-Number         M-Flops  % Flops
-----------------------------------------------------------------------------
 Pair Search distance check            3166.369520       28497.326     0.0
 NxN Ewald Elec. + LJ [F]           2834613.055296   187084461.650    98.2
 NxN Ewald Elec. + LJ [V&F]           28691.588992     3070000.022     1.6
 1,4 nonbonded interactions             748.514970       67366.347     0.0
 Shift-X                                 18.768462         112.611     0.0
 Bonds                                  171.653433       10127.553     0.0
 Propers                                678.513570      155379.608     0.1
 Impropers                               28.650573        5959.319     0.0
 Virial                                 187.572507        3376.305     0.0
 Stop-CM                                 18.805924         188.059     0.0
 P-Coupling                             187.347462        1124.085     0.0
 Calc-Ekin                              374.694924       10116.763     0.0
 Lincs                                    0.010156           0.609     0.0
 Lincs-Mat                                0.090312           0.361     0.0
 Constraint-V                             0.038581           0.347     0.0
 Settle                                   0.018950           7.011     0.0
 Urey-Bradley                           726.864537      133016.210     0.1
-----------------------------------------------------------------------------
 Total                                               190569734.186   100.0
-----------------------------------------------------------------------------


     R E A L   C Y C L E   A N D   T I M E   A C C O U N T I N G

On 1 MPI rank, each using 10 OpenMP threads

 Computing:          Num   Num      Call    Wall time         Giga-Cycles
                     Ranks Threads  Count      (s)         total sum    %
-----------------------------------------------------------------------------
 Neighbor search        1   10        501       2.266         65.699   1.8
 Launch GPU ops.        1   10      99501       4.101        118.919   3.3
 Force                  1   10      50001      30.250        877.236  24.4
 Wait PME GPU gather    1   10      50001       0.018          0.528   0.0
 Reduce GPU PME F       1   10      50001       0.882         25.576   0.7
 Wait GPU NB local      1   10      45000       0.027          0.795   0.0
 Wait GPU state copy    1   10      62504      12.064        349.859   9.7
 NB X/F buffer ops.     1   10       5001       1.226         35.548   1.0
 Write traj.            1   10         53       2.124         61.600   1.7
 Constraints            1   10          2       0.001          0.039   0.0
 Rest                                          71.261       2066.551  57.4
-----------------------------------------------------------------------------
 Total                                        124.221       3602.350 100.0
-----------------------------------------------------------------------------

               Core t (s)   Wall t (s)        (%)
       Time:     1242.196      124.221     1000.0
                 (ns/day)    (hour/ns)
Performance:       69.555        0.345
Finished mdrun on rank 0 Tue Jun 17 17:34:32 2025

