                      :-) GROMACS - gmx mdrun, 2021.5 (-:

                            GROMACS is written by:
     Andrey Alekseenko              Emile Apol              Rossen Apostolov     
         Paul Bauer           Herman J.C. Berendsen           Par Bjelkmar       
       Christian Blau           Viacheslav Bolnykh             Kevin Boyd        
     Aldert van Buuren           Rudi van Drunen             Anton Feenstra      
    Gilles Gouaillardet             Alan Gray               Gerrit Groenhof      
       Anca Hamuraru            Vincent Hindriksen          M. Eric Irrgang      
      Aleksei Iupinov           Christoph Junghans             Joe Jordan        
    Dimitrios Karkoulis            Peter Kasson                Jiri Kraus        
      Carsten Kutzner              Per Larsson              Justin A. Lemkul     
       Viveca Lindahl            Magnus Lundborg             Erik Marklund       
        Pascal Merz             Pieter Meulenhoff            Teemu Murtola       
        Szilard Pall               Sander Pronk              Roland Schulz       
       Michael Shirts            Alexey Shvetsov             Alfons Sijbers      
       Peter Tieleman              Jon Vincent              Teemu Virolainen     
     Christian Wennberg            Maarten Wolf              Artem Zhmurov       
                           and the project leaders:
        Mark Abraham, Berk Hess, Erik Lindahl, and David van der Spoel

Copyright (c) 1991-2000, University of Groningen, The Netherlands.
Copyright (c) 2001-2019, The GROMACS development team at
Uppsala University, Stockholm University and
the Royal Institute of Technology, Sweden.
check out http://www.gromacs.org for more information.

GROMACS is free software; you can redistribute it and/or modify it
under the terms of the GNU Lesser General Public License
as published by the Free Software Foundation; either version 2.1
of the License, or (at your option) any later version.

GROMACS:      gmx mdrun, version 2021.5
Executable:   /usr/local/gromacs_2021.5/bin/gmx
Data prefix:  /usr/local/gromacs_2021.5
Working dir:  /srv/home/apbal/work/REU/mixtures/pHBA/1mix
Process ID:   78223
Command line:
  gmx mdrun -v -deffnm nvt -ntomp 10 -nb gpu -bonded cpu -update gpu -ntmpi 1 -cpt 1

GROMACS version:    2021.5
Precision:          mixed
Memory model:       64 bit
MPI library:        thread_mpi
OpenMP support:     enabled (GMX_OPENMP_MAX_THREADS = 256)
GPU support:        CUDA
SIMD instructions:  AVX2_256
FFT library:        fftw-3.3.8-sse2-avx-avx2-avx2_128
RDTSCP usage:       enabled
TNG support:        enabled
Hwloc support:      disabled
Tracing support:    disabled
C compiler:         /usr/bin/cc GNU 9.4.0
C compiler flags:   -mavx2 -mfma -Wno-missing-field-initializers -fexcess-precision=fast -funroll-all-loops -pthread -O3 -DNDEBUG
C++ compiler:       /usr/bin/c++ GNU 9.4.0
C++ compiler flags: -mavx2 -mfma -Wno-missing-field-initializers -fexcess-precision=fast -funroll-all-loops -pthread -fopenmp -O3 -DNDEBUG
CUDA compiler:      /usr/local/cuda-12.2/bin/nvcc nvcc: NVIDIA (R) Cuda compiler driver;Copyright (c) 2005-2023 NVIDIA Corporation;Built on Tue_Aug_15_22:02:13_PDT_2023;Cuda compilation tools, release 12.2, V12.2.140;Build cuda_12.2.r12.2/compiler.33191640_0
CUDA compiler flags:-std=c++17;-gencode;arch=compute_60,code=sm_60;-gencode;arch=compute_61,code=sm_61;-gencode;arch=compute_62,code=sm_62;-gencode;arch=compute_70,code=sm_70;-gencode;arch=compute_75,code=sm_75;-gencode;arch=compute_80,code=sm_80;-gencode;arch=compute_86,code=sm_86;-gencode;arch=compute_89,code=sm_89;-gencode;arch=compute_60,code=compute_60;-gencode;arch=compute_61,code=compute_61;-gencode;arch=compute_62,code=compute_62;-gencode;arch=compute_70,code=compute_70;-gencode;arch=compute_75,code=compute_75;-gencode;arch=compute_80,code=compute_80;-gencode;arch=compute_86,code=compute_86;-gencode;arch=compute_89,code=compute_89;-use_fast_math;-D_FORCE_INLINES;-mavx2 -mfma -Wno-missing-field-initializers -fexcess-precision=fast -funroll-all-loops -pthread -fopenmp -O3 -DNDEBUG
CUDA driver:        12.90
CUDA runtime:       12.20


Running on 1 node with total 96 cores, 96 logical cores, 4 compatible GPUs
Hardware detected:
  CPU info:
    Vendor: AMD
    Brand:  AMD EPYC 9254 24-Core Processor                
    Family: 25   Model: 17   Stepping: 1
    Features: aes amd apic avx avx2 avx512f avx512cd avx512bw avx512vl avx512bf16 avx512secondFMA clfsh cmov cx8 cx16 f16c fma htt lahf misalignsse mmx msr nonstop_tsc pcid pclmuldq pdpe1gb popcnt pse rdrnd rdtscp sha sse2 sse3 sse4a sse4.1 sse4.2 ssse3 x2apic
    Number of AVX-512 FMA units: 1 (AVX2 is faster w/o 2 AVX-512 FMA units)
  Hardware topology: Only logical processor count
  GPU info:
    Number of GPUs detected: 4
    #0: NVIDIA NVIDIA RTX 4000 Ada Generation, compute cap.: 8.9, ECC:  no, stat: compatible
    #1: NVIDIA NVIDIA RTX 4000 SFF Ada Generation, compute cap.: 8.9, ECC:  no, stat: compatible
    #2: NVIDIA NVIDIA RTX 4000 SFF Ada Generation, compute cap.: 8.9, ECC:  no, stat: compatible
    #3: NVIDIA NVIDIA RTX 4000 SFF Ada Generation, compute cap.: 8.9, ECC:  no, stat: compatible


++++ PLEASE READ AND CITE THE FOLLOWING REFERENCE ++++
M. J. Abraham, T. Murtola, R. Schulz, S. Páll, J. C. Smith, B. Hess, E.
Lindahl
GROMACS: High performance molecular simulations through multi-level
parallelism from laptops to supercomputers
SoftwareX 1 (2015) pp. 19-25
-------- -------- --- Thank You --- -------- --------


++++ PLEASE READ AND CITE THE FOLLOWING REFERENCE ++++
S. Páll, M. J. Abraham, C. Kutzner, B. Hess, E. Lindahl
Tackling Exascale Software Challenges in Molecular Dynamics Simulations with
GROMACS
In S. Markidis & E. Laure (Eds.), Solving Software Challenges for Exascale 8759 (2015) pp. 3-27
-------- -------- --- Thank You --- -------- --------


++++ PLEASE READ AND CITE THE FOLLOWING REFERENCE ++++
S. Pronk, S. Páll, R. Schulz, P. Larsson, P. Bjelkmar, R. Apostolov, M. R.
Shirts, J. C. Smith, P. M. Kasson, D. van der Spoel, B. Hess, and E. Lindahl
GROMACS 4.5: a high-throughput and highly parallel open source molecular
simulation toolkit
Bioinformatics 29 (2013) pp. 845-54
-------- -------- --- Thank You --- -------- --------


++++ PLEASE READ AND CITE THE FOLLOWING REFERENCE ++++
B. Hess and C. Kutzner and D. van der Spoel and E. Lindahl
GROMACS 4: Algorithms for highly efficient, load-balanced, and scalable
molecular simulation
J. Chem. Theory Comput. 4 (2008) pp. 435-447
-------- -------- --- Thank You --- -------- --------


++++ PLEASE READ AND CITE THE FOLLOWING REFERENCE ++++
D. van der Spoel, E. Lindahl, B. Hess, G. Groenhof, A. E. Mark and H. J. C.
Berendsen
GROMACS: Fast, Flexible and Free
J. Comp. Chem. 26 (2005) pp. 1701-1719
-------- -------- --- Thank You --- -------- --------


++++ PLEASE READ AND CITE THE FOLLOWING REFERENCE ++++
E. Lindahl and B. Hess and D. van der Spoel
GROMACS 3.0: A package for molecular simulation and trajectory analysis
J. Mol. Mod. 7 (2001) pp. 306-317
-------- -------- --- Thank You --- -------- --------


++++ PLEASE READ AND CITE THE FOLLOWING REFERENCE ++++
H. J. C. Berendsen, D. van der Spoel and R. van Drunen
GROMACS: A message-passing parallel molecular dynamics implementation
Comp. Phys. Comm. 91 (1995) pp. 43-56
-------- -------- --- Thank You --- -------- --------


++++ PLEASE CITE THE DOI FOR THIS VERSION OF GROMACS ++++
https://doi.org/10.5281/zenodo.5850051
-------- -------- --- Thank You --- -------- --------

Input Parameters:
   integrator                     = md
   tinit                          = 0
   dt                             = 0.002
   nsteps                         = 25000
   init-step                      = 0
   simulation-part                = 1
   mts                            = false
   comm-mode                      = Linear
   nstcomm                        = 100
   bd-fric                        = 0
   ld-seed                        = 1861221508
   emtol                          = 10
   emstep                         = 0.01
   niter                          = 20
   fcstep                         = 0
   nstcgsteep                     = 1000
   nbfgscorr                      = 10
   rtpi                           = 0.05
   nstxout                        = 1000
   nstvout                        = 1000
   nstfout                        = 0
   nstlog                         = 1000
   nstcalcenergy                  = 100
   nstenergy                      = 1000
   nstxout-compressed             = 0
   compressed-x-precision         = 1000
   cutoff-scheme                  = Verlet
   nstlist                        = 10
   pbc                            = xyz
   periodic-molecules             = false
   verlet-buffer-tolerance        = 0.005
   rlist                          = 1.4
   coulombtype                    = PME
   coulomb-modifier               = Potential-shift
   rcoulomb-switch                = 0
   rcoulomb                       = 1.4
   epsilon-r                      = 1
   epsilon-rf                     = inf
   vdw-type                       = Cut-off
   vdw-modifier                   = Potential-shift
   rvdw-switch                    = 0
   rvdw                           = 1.4
   DispCorr                       = EnerPres
   table-extension                = 1
   fourierspacing                 = 0.12
   fourier-nx                     = 52
   fourier-ny                     = 52
   fourier-nz                     = 200
   pme-order                      = 4
   ewald-rtol                     = 1e-05
   ewald-rtol-lj                  = 0.001
   lj-pme-comb-rule               = Geometric
   ewald-geometry                 = 0
   epsilon-surface                = 0
   tcoupl                         = V-rescale
   nsttcouple                     = 10
   nh-chain-length                = 0
   print-nose-hoover-chain-variables = false
   pcoupl                         = No
   pcoupltype                     = Isotropic
   nstpcouple                     = -1
   tau-p                          = 1
   compressibility (3x3):
      compressibility[    0]={ 0.00000e+00,  0.00000e+00,  0.00000e+00}
      compressibility[    1]={ 0.00000e+00,  0.00000e+00,  0.00000e+00}
      compressibility[    2]={ 0.00000e+00,  0.00000e+00,  0.00000e+00}
   ref-p (3x3):
      ref-p[    0]={ 0.00000e+00,  0.00000e+00,  0.00000e+00}
      ref-p[    1]={ 0.00000e+00,  0.00000e+00,  0.00000e+00}
      ref-p[    2]={ 0.00000e+00,  0.00000e+00,  0.00000e+00}
   refcoord-scaling               = No
   posres-com (3):
      posres-com[0]= 0.00000e+00
      posres-com[1]= 0.00000e+00
      posres-com[2]= 0.00000e+00
   posres-comB (3):
      posres-comB[0]= 0.00000e+00
      posres-comB[1]= 0.00000e+00
      posres-comB[2]= 0.00000e+00
   QMMM                           = false
qm-opts:
   ngQM                           = 0
   constraint-algorithm           = Lincs
   continuation                   = false
   Shake-SOR                      = false
   shake-tol                      = 0.0001
   lincs-order                    = 4
   lincs-iter                     = 1
   lincs-warnangle                = 30
   nwall                          = 0
   wall-type                      = 9-3
   wall-r-linpot                  = -1
   wall-atomtype[0]               = -1
   wall-atomtype[1]               = -1
   wall-density[0]                = 0
   wall-density[1]                = 0
   wall-ewald-zfac                = 3
   pull                           = false
   awh                            = false
   rotation                       = false
   interactiveMD                  = false
   disre                          = No
   disre-weighting                = Conservative
   disre-mixed                    = false
   dr-fc                          = 1000
   dr-tau                         = 0
   nstdisreout                    = 100
   orire-fc                       = 0
   orire-tau                      = 0
   nstorireout                    = 100
   free-energy                    = no
   cos-acceleration               = 0
   deform (3x3):
      deform[    0]={ 0.00000e+00,  0.00000e+00,  0.00000e+00}
      deform[    1]={ 0.00000e+00,  0.00000e+00,  0.00000e+00}
      deform[    2]={ 0.00000e+00,  0.00000e+00,  0.00000e+00}
   simulated-tempering            = false
   swapcoords                     = no
   userint1                       = 0
   userint2                       = 0
   userint3                       = 0
   userint4                       = 0
   userreal1                      = 0
   userreal2                      = 0
   userreal3                      = 0
   userreal4                      = 0
   applied-forces:
     electric-field:
       x:
         E0                       = 0
         omega                    = 0
         t0                       = 0
         sigma                    = 0
       y:
         E0                       = 0
         omega                    = 0
         t0                       = 0
         sigma                    = 0
       z:
         E0                       = 0
         omega                    = 0
         t0                       = 0
         sigma                    = 0
     density-guided-simulation:
       active                     = false
       group                      = protein
       similarity-measure         = inner-product
       atom-spreading-weight      = unity
       force-constant             = 1e+09
       gaussian-transform-spreading-width = 0.2
       gaussian-transform-spreading-range-in-multiples-of-width = 4
       reference-density-filename = reference.mrc
       nst                        = 1
       normalize-densities        = true
       adaptive-force-scaling     = false
       adaptive-force-scaling-time-constant = 4
       shift-vector               = 
       transformation-matrix      = 
grpopts:
   nrdf:       78880
   ref-t:         298
   tau-t:         0.1
annealing:          No
annealing-npoints:           0
   acc:	           0           0           0
   nfreeze:           N           N           N
   energygrp-flags[  0]: 0

Changing nstlist from 10 to 100, rlist from 1.4 to 1.459

1 GPU selected for this run.
Mapping of GPU IDs to the 2 GPU tasks in the 1 rank on this node:
  PP:0,PME:0
PP tasks will do (non-perturbed) short-ranged interactions on the GPU
PP task will update and constrain coordinates on the GPU
PME tasks will do all aspects on the GPU
Using 1 MPI thread

Non-default thread affinity set, disabling internal thread affinity

Using 10 OpenMP threads 

System total charge: 0.000
Will do PME sum in reciprocal space for electrostatic interactions.

++++ PLEASE READ AND CITE THE FOLLOWING REFERENCE ++++
U. Essmann, L. Perera, M. L. Berkowitz, T. Darden, H. Lee and L. G. Pedersen 
A smooth particle mesh Ewald method
J. Chem. Phys. 103 (1995) pp. 8577-8592
-------- -------- --- Thank You --- -------- --------

Using a Gaussian width (1/beta) of 0.448228 nm for Ewald
Potential shift: LJ r^-12: -1.764e-02 r^-6: -1.328e-01, Ewald -7.143e-06
Initialized non-bonded Ewald tables, spacing: 1.10e-03 size: 1270

Generated table with 1229 data points for 1-4 COUL.
Tabscale = 500 points/nm
Generated table with 1229 data points for 1-4 LJ6.
Tabscale = 500 points/nm
Generated table with 1229 data points for 1-4 LJ12.
Tabscale = 500 points/nm
Long Range LJ corr.: <C6> 3.6355e-04


Using GPU 8x8 nonbonded short-range kernels

Using a dual 8x8 pair-list setup updated with dynamic, rolling pruning:
  outer list: updated every 100 steps, buffer 0.059 nm, rlist 1.459 nm
  inner list: updated every  30 steps, buffer 0.002 nm, rlist 1.402 nm
At tolerance 0.005 kJ/mol/ps per atom, equivalent classical 1x1 list would be:
  outer list: updated every 100 steps, buffer 0.224 nm, rlist 1.624 nm
  inner list: updated every  30 steps, buffer 0.111 nm, rlist 1.511 nm

Using Lorentz-Berthelot Lennard-Jones combination rule
Removing pbc first time

Initializing LINear Constraint Solver

++++ PLEASE READ AND CITE THE FOLLOWING REFERENCE ++++
B. Hess and H. Bekker and H. J. C. Berendsen and J. G. E. M. Fraaije
LINCS: A Linear Constraint Solver for molecular simulations
J. Comp. Chem. 18 (1997) pp. 1463-1472
-------- -------- --- Thank You --- -------- --------

The number of constraints is 5078

++++ PLEASE READ AND CITE THE FOLLOWING REFERENCE ++++
S. Miyamoto and P. A. Kollman
SETTLE: An Analytical Version of the SHAKE and RATTLE Algorithms for Rigid
Water Models
J. Comp. Chem. 13 (1992) pp. 952-962
-------- -------- --- Thank You --- -------- --------


++++ PLEASE READ AND CITE THE FOLLOWING REFERENCE ++++
G. Bussi, D. Donadio and M. Parrinello
Canonical sampling through velocity rescaling
J. Chem. Phys. 126 (2007) pp. 014101
-------- -------- --- Thank You --- -------- --------

There are: 37462 Atoms

Updating coordinates and applying constraints on the GPU.

Constraining the starting coordinates (step 0)

Constraining the coordinates at t0-dt (step 0)
Center of mass motion removal mode is Linear
We have the following groups for center of mass motion removal:
  0:  rest
RMS relative constraint deviation after constraining: 4.58e-06
Initial temperature: 300.02 K

Started mdrun on rank 0 Tue Jun 17 17:31:27 2025

           Step           Time
              0        0.00000

   Energies (kJ/mol)
           Bond            U-B    Proper Dih.  Improper Dih.          LJ-14
    4.28393e+02    1.95008e+03    5.19641e+03    3.44928e+01    1.53412e+03
     Coulomb-14        LJ (SR)  Disper. corr.   Coulomb (SR)   Coul. recip.
   -1.40862e+04    2.43940e+04   -9.00541e+02   -3.67839e+05    2.97387e+03
      Potential    Kinetic En.   Total Energy  Conserved En.    Temperature
   -3.46314e+05    9.84195e+04   -2.47895e+05   -2.47895e+05    3.00130e+02
 Pres. DC (bar) Pressure (bar)   Constr. rmsd
   -1.73251e+01   -1.54697e+03    4.58102e-06

           Step           Time
           1000        2.00000

   Energies (kJ/mol)
           Bond            U-B    Proper Dih.  Improper Dih.          LJ-14
    2.47067e+03    1.16909e+04    7.34354e+03    5.68854e+02    2.09896e+03
     Coulomb-14        LJ (SR)  Disper. corr.   Coulomb (SR)   Coul. recip.
   -1.56644e+04    3.03204e+04   -9.00541e+02   -3.89847e+05    3.23420e+03
      Potential    Kinetic En.   Total Energy  Conserved En.    Temperature
   -3.48684e+05    9.87947e+04   -2.49889e+05   -2.46399e+05    3.01275e+02
 Pres. DC (bar) Pressure (bar)   Constr. rmsd
   -1.73251e+01   -4.69469e+02    4.58102e-06

           Step           Time
           2000        4.00000

   Energies (kJ/mol)
           Bond            U-B    Proper Dih.  Improper Dih.          LJ-14
    2.51930e+03    1.21734e+04    7.19744e+03    6.63851e+02    2.07942e+03
     Coulomb-14        LJ (SR)  Disper. corr.   Coulomb (SR)   Coul. recip.
   -1.65527e+04    3.10520e+04   -9.00541e+02   -4.07032e+05    2.93990e+03
      Potential    Kinetic En.   Total Energy  Conserved En.    Temperature
   -3.65860e+05    9.79010e+04   -2.67959e+05   -2.46303e+05    2.98549e+02
 Pres. DC (bar) Pressure (bar)   Constr. rmsd
   -1.73251e+01   -3.19626e+02    4.58102e-06

           Step           Time
           3000        6.00000

   Energies (kJ/mol)
           Bond            U-B    Proper Dih.  Improper Dih.          LJ-14
    2.68010e+03    1.27603e+04    7.23259e+03    5.65490e+02    2.03181e+03
     Coulomb-14        LJ (SR)  Disper. corr.   Coulomb (SR)   Coul. recip.
   -1.71739e+04    3.12714e+04   -9.00541e+02   -4.14901e+05    2.92756e+03
      Potential    Kinetic En.   Total Energy  Conserved En.    Temperature
   -3.73506e+05    9.77338e+04   -2.75773e+05   -2.46237e+05    2.98039e+02
 Pres. DC (bar) Pressure (bar)   Constr. rmsd
   -1.73251e+01   -3.33550e+02    4.58102e-06

           Step           Time
           4000        8.00000

   Energies (kJ/mol)
           Bond            U-B    Proper Dih.  Improper Dih.          LJ-14
    2.79997e+03    1.32713e+04    6.98920e+03    5.80058e+02    2.09645e+03
     Coulomb-14        LJ (SR)  Disper. corr.   Coulomb (SR)   Coul. recip.
   -1.74642e+04    2.86761e+04   -9.00541e+02   -4.19265e+05    2.68373e+03
      Potential    Kinetic En.   Total Energy  Conserved En.    Temperature
   -3.80533e+05    9.75240e+04   -2.83009e+05   -2.46206e+05    2.97400e+02
 Pres. DC (bar) Pressure (bar)   Constr. rmsd
   -1.73251e+01   -4.50189e+02    4.58102e-06

           Step           Time
           5000       10.00000

   Energies (kJ/mol)
           Bond            U-B    Proper Dih.  Improper Dih.          LJ-14
    2.97992e+03    1.38405e+04    6.96251e+03    6.22626e+02    2.18589e+03
     Coulomb-14        LJ (SR)  Disper. corr.   Coulomb (SR)   Coul. recip.
   -1.76669e+04    3.02564e+04   -9.00541e+02   -4.26564e+05    2.50748e+03
      Potential    Kinetic En.   Total Energy  Conserved En.    Temperature
   -3.85776e+05    9.82149e+04   -2.87561e+05   -2.46133e+05    2.99506e+02
 Pres. DC (bar) Pressure (bar)   Constr. rmsd
   -1.73251e+01   -1.86790e+02    4.58102e-06

step 5500: timed with pme grid 52 52 200, coulomb cutoff 1.400: 118.4 M-cycles
step 5700: timed with pme grid 42 42 168, coulomb cutoff 1.667: 130.1 M-cycles
step 5900: timed with pme grid 36 36 144, coulomb cutoff 1.944: 163.9 M-cycles
           Step           Time
           6000       12.00000

   Energies (kJ/mol)
           Bond            U-B    Proper Dih.  Improper Dih.          LJ-14
    3.12423e+03    1.39724e+04    6.77876e+03    6.52522e+02    2.13375e+03
     Coulomb-14        LJ (SR)  Disper. corr.   Coulomb (SR)   Coul. recip.
   -1.79420e+04    3.12925e+04   -9.00541e+02   -4.30342e+05    1.34961e+03
      Potential    Kinetic En.   Total Energy  Conserved En.    Temperature
   -3.89880e+05    9.80503e+04   -2.91830e+05   -2.46080e+05    2.99005e+02
 Pres. DC (bar) Pressure (bar)   Constr. rmsd
   -1.73251e+01   -2.56030e+02    4.58102e-06

step 6100: timed with pme grid 40 40 160, coulomb cutoff 1.750: 156.8 M-cycles
step 6300: timed with pme grid 42 42 168, coulomb cutoff 1.667: 129.2 M-cycles
step 6500: timed with pme grid 44 44 192, coulomb cutoff 1.591: 125.4 M-cycles
step 6700: timed with pme grid 48 48 192, coulomb cutoff 1.458: 115.0 M-cycles
step 6900: timed with pme grid 52 52 200, coulomb cutoff 1.400: 117.9 M-cycles
              optimal pme grid 48 48 192, coulomb cutoff 1.458
           Step           Time
           7000       14.00000

   Energies (kJ/mol)
           Bond            U-B    Proper Dih.  Improper Dih.          LJ-14
    3.03629e+03    1.46099e+04    6.86502e+03    6.49252e+02    2.20116e+03
     Coulomb-14        LJ (SR)  Disper. corr.   Coulomb (SR)   Coul. recip.
   -1.80994e+04    3.07678e+04   -9.00541e+02   -4.34231e+05    2.15795e+03
      Potential    Kinetic En.   Total Energy  Conserved En.    Temperature
   -3.92943e+05    9.74453e+04   -2.95498e+05   -2.46013e+05    2.97160e+02
 Pres. DC (bar) Pressure (bar)   Constr. rmsd
   -1.73251e+01   -2.35937e+02    4.58102e-06

           Step           Time
           8000       16.00000

   Energies (kJ/mol)
           Bond            U-B    Proper Dih.  Improper Dih.          LJ-14
    3.36873e+03    1.48386e+04    6.89745e+03    6.68202e+02    2.11836e+03
     Coulomb-14        LJ (SR)  Disper. corr.   Coulomb (SR)   Coul. recip.
   -1.83120e+04    3.09764e+04   -9.00541e+02   -4.38802e+05    2.06857e+03
      Potential    Kinetic En.   Total Energy  Conserved En.    Temperature
   -3.97078e+05    9.77006e+04   -2.99377e+05   -2.45985e+05    2.97938e+02
 Pres. DC (bar) Pressure (bar)   Constr. rmsd
   -1.73251e+01   -1.10319e+02    4.58102e-06

           Step           Time
           9000       18.00000

   Energies (kJ/mol)
           Bond            U-B    Proper Dih.  Improper Dih.          LJ-14
    3.14410e+03    1.51655e+04    6.84532e+03    6.60155e+02    2.19379e+03
     Coulomb-14        LJ (SR)  Disper. corr.   Coulomb (SR)   Coul. recip.
   -1.82018e+04    3.10137e+04   -9.00541e+02   -4.41270e+05    2.04239e+03
      Potential    Kinetic En.   Total Energy  Conserved En.    Temperature
   -3.99307e+05    9.76098e+04   -3.01697e+05   -2.45950e+05    2.97661e+02
 Pres. DC (bar) Pressure (bar)   Constr. rmsd
   -1.73251e+01   -9.65443e+01    4.58102e-06

           Step           Time
          10000       20.00000

   Energies (kJ/mol)
           Bond            U-B    Proper Dih.  Improper Dih.          LJ-14
    3.38421e+03    1.52247e+04    6.91675e+03    6.59767e+02    2.21669e+03
     Coulomb-14        LJ (SR)  Disper. corr.   Coulomb (SR)   Coul. recip.
   -1.87509e+04    3.00100e+04   -9.00541e+02   -4.41945e+05    2.04104e+03
      Potential    Kinetic En.   Total Energy  Conserved En.    Temperature
   -4.01143e+05    9.84450e+04   -3.02698e+05   -2.45933e+05    3.00208e+02
 Pres. DC (bar) Pressure (bar)   Constr. rmsd
   -1.73251e+01   -1.37953e+02    4.58102e-06

           Step           Time
          11000       22.00000

   Energies (kJ/mol)
           Bond            U-B    Proper Dih.  Improper Dih.          LJ-14
    3.48364e+03    1.57109e+04    6.67283e+03    6.77495e+02    2.15961e+03
     Coulomb-14        LJ (SR)  Disper. corr.   Coulomb (SR)   Coul. recip.
   -1.89759e+04    3.02737e+04   -9.00541e+02   -4.44461e+05    1.97215e+03
      Potential    Kinetic En.   Total Energy  Conserved En.    Temperature
   -4.03387e+05    9.73937e+04   -3.05994e+05   -2.45851e+05    2.97002e+02
 Pres. DC (bar) Pressure (bar)   Constr. rmsd
   -1.73251e+01   -1.72540e+02    4.58102e-06

           Step           Time
          12000       24.00000

   Energies (kJ/mol)
           Bond            U-B    Proper Dih.  Improper Dih.          LJ-14
    3.48614e+03    1.56756e+04    6.83255e+03    6.65133e+02    2.18081e+03
     Coulomb-14        LJ (SR)  Disper. corr.   Coulomb (SR)   Coul. recip.
   -1.90580e+04    2.95793e+04   -9.00541e+02   -4.46177e+05    1.90487e+03
      Potential    Kinetic En.   Total Energy  Conserved En.    Temperature
   -4.05812e+05    9.77109e+04   -3.08101e+05   -2.45835e+05    2.97970e+02
 Pres. DC (bar) Pressure (bar)   Constr. rmsd
   -1.73251e+01   -1.71654e+02    4.58102e-06

           Step           Time
          13000       26.00000

   Energies (kJ/mol)
           Bond            U-B    Proper Dih.  Improper Dih.          LJ-14
    3.46844e+03    1.60923e+04    6.73552e+03    7.09087e+02    2.14890e+03
     Coulomb-14        LJ (SR)  Disper. corr.   Coulomb (SR)   Coul. recip.
   -1.90745e+04    2.93644e+04   -9.00541e+02   -4.47506e+05    1.79290e+03
      Potential    Kinetic En.   Total Energy  Conserved En.    Temperature
   -4.07169e+05    9.78779e+04   -3.09291e+05   -2.45800e+05    2.98479e+02
 Pres. DC (bar) Pressure (bar)   Constr. rmsd
   -1.73251e+01   -1.96389e+02    4.58102e-06

           Step           Time
          14000       28.00000

   Energies (kJ/mol)
           Bond            U-B    Proper Dih.  Improper Dih.          LJ-14
    3.49174e+03    1.58984e+04    6.82842e+03    5.98834e+02    2.14422e+03
     Coulomb-14        LJ (SR)  Disper. corr.   Coulomb (SR)   Coul. recip.
   -1.90762e+04    2.96114e+04   -9.00541e+02   -4.49761e+05    1.84098e+03
      Potential    Kinetic En.   Total Energy  Conserved En.    Temperature
   -4.09324e+05    9.73690e+04   -3.11955e+05   -2.45761e+05    2.96927e+02
 Pres. DC (bar) Pressure (bar)   Constr. rmsd
   -1.73251e+01   -1.48772e+02    4.58102e-06

           Step           Time
          15000       30.00000

   Energies (kJ/mol)
           Bond            U-B    Proper Dih.  Improper Dih.          LJ-14
    3.50454e+03    1.61999e+04    6.53384e+03    7.26438e+02    2.26468e+03
     Coulomb-14        LJ (SR)  Disper. corr.   Coulomb (SR)   Coul. recip.
   -1.90775e+04    2.96663e+04   -9.00541e+02   -4.51325e+05    1.81894e+03
      Potential    Kinetic En.   Total Energy  Conserved En.    Temperature
   -4.10588e+05    9.80933e+04   -3.12495e+05   -2.45710e+05    2.99136e+02
 Pres. DC (bar) Pressure (bar)   Constr. rmsd
   -1.73251e+01   -1.08093e+02    4.58102e-06

           Step           Time
          16000       32.00000

   Energies (kJ/mol)
           Bond            U-B    Proper Dih.  Improper Dih.          LJ-14
    3.56374e+03    1.65064e+04    6.49818e+03    7.01400e+02    2.13066e+03
     Coulomb-14        LJ (SR)  Disper. corr.   Coulomb (SR)   Coul. recip.
   -1.91392e+04    2.95320e+04   -9.00541e+02   -4.52287e+05    1.73066e+03
      Potential    Kinetic En.   Total Energy  Conserved En.    Temperature
   -4.11663e+05    9.79143e+04   -3.13749e+05   -2.45695e+05    2.98590e+02
 Pres. DC (bar) Pressure (bar)   Constr. rmsd
   -1.73251e+01   -2.37078e+02    4.58102e-06

           Step           Time
          17000       34.00000

   Energies (kJ/mol)
           Bond            U-B    Proper Dih.  Improper Dih.          LJ-14
    3.53050e+03    1.62325e+04    6.45954e+03    7.02718e+02    2.21532e+03
     Coulomb-14        LJ (SR)  Disper. corr.   Coulomb (SR)   Coul. recip.
   -1.96416e+04    3.02787e+04   -9.00541e+02   -4.54610e+05    1.72562e+03
      Potential    Kinetic En.   Total Energy  Conserved En.    Temperature
   -4.14008e+05    9.76742e+04   -3.16333e+05   -2.45666e+05    2.97858e+02
 Pres. DC (bar) Pressure (bar)   Constr. rmsd
   -1.73251e+01   -4.24079e+01    4.58102e-06

           Step           Time
          18000       36.00000

   Energies (kJ/mol)
           Bond            U-B    Proper Dih.  Improper Dih.          LJ-14
    3.70796e+03    1.63363e+04    6.49294e+03    6.92445e+02    2.16970e+03
     Coulomb-14        LJ (SR)  Disper. corr.   Coulomb (SR)   Coul. recip.
   -1.95573e+04    2.91648e+04   -9.00541e+02   -4.54805e+05    1.68124e+03
      Potential    Kinetic En.   Total Energy  Conserved En.    Temperature
   -4.15018e+05    9.65968e+04   -3.18421e+05   -2.45630e+05    2.94572e+02
 Pres. DC (bar) Pressure (bar)   Constr. rmsd
   -1.73251e+01   -2.19729e+02    4.58102e-06

           Step           Time
          19000       38.00000

   Energies (kJ/mol)
           Bond            U-B    Proper Dih.  Improper Dih.          LJ-14
    3.72936e+03    1.64187e+04    6.42667e+03    6.56816e+02    2.15675e+03
     Coulomb-14        LJ (SR)  Disper. corr.   Coulomb (SR)   Coul. recip.
   -1.92893e+04    2.90055e+04   -9.00541e+02   -4.56069e+05    1.66554e+03
      Potential    Kinetic En.   Total Energy  Conserved En.    Temperature
   -4.16199e+05    9.75801e+04   -3.18619e+05   -2.45617e+05    2.97571e+02
 Pres. DC (bar) Pressure (bar)   Constr. rmsd
   -1.73251e+01   -1.46009e+02    4.58102e-06

           Step           Time
          20000       40.00000

   Energies (kJ/mol)
           Bond            U-B    Proper Dih.  Improper Dih.          LJ-14
    3.50807e+03    1.64022e+04    6.57295e+03    6.70847e+02    2.21639e+03
     Coulomb-14        LJ (SR)  Disper. corr.   Coulomb (SR)   Coul. recip.
   -1.92246e+04    2.90581e+04   -9.00541e+02   -4.57209e+05    1.59932e+03
      Potential    Kinetic En.   Total Energy  Conserved En.    Temperature
   -4.17306e+05    9.79198e+04   -3.19386e+05   -2.45605e+05    2.98607e+02
 Pres. DC (bar) Pressure (bar)   Constr. rmsd
   -1.73251e+01   -1.91321e+01    4.58102e-06

           Step           Time
          21000       42.00000

   Energies (kJ/mol)
           Bond            U-B    Proper Dih.  Improper Dih.          LJ-14
    3.71982e+03    1.65649e+04    6.55059e+03    6.80264e+02    2.23440e+03
     Coulomb-14        LJ (SR)  Disper. corr.   Coulomb (SR)   Coul. recip.
   -1.92288e+04    2.82502e+04   -9.00541e+02   -4.57562e+05    1.57987e+03
      Potential    Kinetic En.   Total Energy  Conserved En.    Temperature
   -4.18112e+05    9.78758e+04   -3.20236e+05   -2.45558e+05    2.98472e+02
 Pres. DC (bar) Pressure (bar)   Constr. rmsd
   -1.73251e+01   -7.97514e+01    4.58102e-06

           Step           Time
          22000       44.00000

   Energies (kJ/mol)
           Bond            U-B    Proper Dih.  Improper Dih.          LJ-14
    3.60252e+03    1.62103e+04    6.50679e+03    6.50451e+02    2.14606e+03
     Coulomb-14        LJ (SR)  Disper. corr.   Coulomb (SR)   Coul. recip.
   -1.91179e+04    2.91806e+04   -9.00541e+02   -4.58563e+05    1.58396e+03
      Potential    Kinetic En.   Total Energy  Conserved En.    Temperature
   -4.18701e+05    9.86947e+04   -3.20006e+05   -2.45585e+05    3.00970e+02
 Pres. DC (bar) Pressure (bar)   Constr. rmsd
   -1.73251e+01   -1.12247e+02    4.58102e-06

           Step           Time
          23000       46.00000

   Energies (kJ/mol)
           Bond            U-B    Proper Dih.  Improper Dih.          LJ-14
    3.68619e+03    1.66775e+04    6.56435e+03    5.98959e+02    2.14764e+03
     Coulomb-14        LJ (SR)  Disper. corr.   Coulomb (SR)   Coul. recip.
   -1.92140e+04    2.88573e+04   -9.00541e+02   -4.59825e+05    1.53359e+03
      Potential    Kinetic En.   Total Energy  Conserved En.    Temperature
   -4.19874e+05    9.80750e+04   -3.21799e+05   -2.45515e+05    2.99080e+02
 Pres. DC (bar) Pressure (bar)   Constr. rmsd
   -1.73251e+01   -1.18217e+02    4.58102e-06

           Step           Time
          24000       48.00000

   Energies (kJ/mol)
           Bond            U-B    Proper Dih.  Improper Dih.          LJ-14
    3.73536e+03    1.65779e+04    6.40318e+03    6.65006e+02    2.11561e+03
     Coulomb-14        LJ (SR)  Disper. corr.   Coulomb (SR)   Coul. recip.
   -1.92424e+04    2.87446e+04   -9.00541e+02   -4.60632e+05    1.51108e+03
      Potential    Kinetic En.   Total Energy  Conserved En.    Temperature
   -4.21023e+05    9.76902e+04   -3.23332e+05   -2.45494e+05    2.97906e+02
 Pres. DC (bar) Pressure (bar)   Constr. rmsd
   -1.73251e+01   -3.46001e+01    4.58102e-06

           Step           Time
          25000       50.00000

Writing checkpoint, step 25000 at Tue Jun 17 17:32:13 2025


   Energies (kJ/mol)
           Bond            U-B    Proper Dih.  Improper Dih.          LJ-14
    3.97083e+03    1.65293e+04    6.56965e+03    7.05731e+02    2.15724e+03
     Coulomb-14        LJ (SR)  Disper. corr.   Coulomb (SR)   Coul. recip.
   -1.91036e+04    2.88961e+04   -9.00541e+02   -4.60891e+05    1.56968e+03
      Potential    Kinetic En.   Total Energy  Conserved En.    Temperature
   -4.20497e+05    9.83258e+04   -3.22171e+05   -2.45447e+05    2.99845e+02
 Pres. DC (bar) Pressure (bar)   Constr. rmsd
   -1.73251e+01   -2.68862e+01    4.58102e-06


Energy conservation over simulation part #1 of length 50 ns, time 0 to 50 ns
  Conserved energy drift: 1.31e-03 kJ/mol/ps per atom


	<======  ###############  ==>
	<====  A V E R A G E S  ====>
	<==  ###############  ======>

	Statistics over 25001 steps using 251 frames

   Energies (kJ/mol)
           Bond            U-B    Proper Dih.  Improper Dih.          LJ-14
    3.30929e+03    1.51809e+04    6.72559e+03    6.50747e+02    2.14936e+03
     Coulomb-14        LJ (SR)  Disper. corr.   Coulomb (SR)   Coul. recip.
   -1.84724e+04    2.97585e+04   -9.00541e+02   -4.40178e+05    2.02375e+03
      Potential    Kinetic En.   Total Energy  Conserved En.    Temperature
   -3.99753e+05    9.79352e+04   -3.01817e+05   -2.45865e+05    2.98654e+02
 Pres. DC (bar) Pressure (bar)   Constr. rmsd
   -1.73251e+01   -1.89651e+02    0.00000e+00

   Total Virial (kJ/mol)
    3.77548e+04   -5.86125e+01   -3.80452e+02
   -5.86122e+01    3.78896e+04    8.38454e+01
   -3.80439e+02    8.38297e+01    3.70925e+04

   Pressure (bar)
   -2.00229e+02    1.97151e+00    1.75428e+01
    1.97150e+00   -2.08686e+02   -3.85870e+00
    1.75423e+01   -3.85810e+00   -1.60037e+02


       P P   -   P M E   L O A D   B A L A N C I N G

 PP/PME load balancing changed the cut-off and PME settings:
           particle-particle                    PME
            rcoulomb  rlist            grid      spacing   1/beta
   initial  1.400 nm  1.402 nm      52  52 200   0.120 nm  0.448 nm
   final    1.458 nm  1.460 nm      48  48 192   0.125 nm  0.467 nm
 cost-ratio           1.13             0.82
 (note that these numbers concern only part of the total PP and PME load)


	M E G A - F L O P S   A C C O U N T I N G

 NB=Group-cutoff nonbonded kernels    NxN=N-by-N cluster Verlet kernels
 RF=Reaction-Field  VdW=Van der Waals  QSTab=quadratic-spline table
 W3=SPC/TIP3p  W4=TIP4p (single or pairs)
 V&F=Potential and force  V=Potential only  F=Force only

 Computing:                               M-Number         M-Flops  % Flops
-----------------------------------------------------------------------------
 Pair Search distance check            1175.294752       10577.653     0.0
 NxN Ewald Elec. + LJ [F]           1088515.308672    71842010.372    98.1
 NxN Ewald Elec. + LJ [V&F]           11051.049216     1182462.266     1.6
 1,4 nonbonded interactions             374.264970       33683.847     0.0
 Shift-X                                  9.402962          56.418     0.0
 Bonds                                   85.828433        5063.878     0.0
 Propers                                339.263570       77691.358     0.1
 Impropers                               14.325573        2979.719     0.0
 Virial                                   9.414257         169.457     0.0
 Stop-CM                                  9.440424          94.404     0.0
 Calc-Ekin                              187.384924        5059.393     0.0
 Lincs                                    0.010156           0.609     0.0
 Lincs-Mat                                0.090312           0.361     0.0
 Constraint-V                             0.038581           0.347     0.0
 Settle                                   0.018950           7.011     0.0
 Urey-Bradley                           363.439537       66509.435     0.1
-----------------------------------------------------------------------------
 Total                                                73226366.529   100.0
-----------------------------------------------------------------------------


     R E A L   C Y C L E   A N D   T I M E   A C C O U N T I N G

On 1 MPI rank, each using 10 OpenMP threads

 Computing:          Num   Num      Call    Wall time         Giga-Cycles
                     Ranks Threads  Count      (s)         total sum    %
-----------------------------------------------------------------------------
 Neighbor search        1   10        251       0.910         26.378   1.9
 Launch GPU ops.        1   10      49751       1.587         46.009   3.4
 Force                  1   10      25001       3.043         88.242   6.5
 Wait PME GPU gather    1   10      25001       0.007          0.190   0.0
 Reduce GPU PME F       1   10      25001       0.008          0.221   0.0
 Wait GPU NB local      1   10      24750       0.014          0.403   0.0
 Wait GPU state copy    1   10      31254       5.043        146.234  10.8
 NB X/F buffer ops.     1   10        251       0.023          0.677   0.0
 Write traj.            1   10         26       0.567         16.453   1.2
 Constraints            1   10          2       0.031          0.893   0.1
 Rest                                          35.568       1031.471  76.0
-----------------------------------------------------------------------------
 Total                                         46.800       1357.169 100.0
-----------------------------------------------------------------------------

               Core t (s)   Wall t (s)        (%)
       Time:      467.989       46.800     1000.0
                 (ns/day)    (hour/ns)
Performance:       92.312        0.260
Finished mdrun on rank 0 Tue Jun 17 17:32:14 2025

