                      :-) GROMACS - gmx mdrun, 2021.5 (-:

                            GROMACS is written by:
     Andrey Alekseenko              Emile Apol              Rossen Apostolov     
         Paul Bauer           Herman J.C. Berendsen           Par Bjelkmar       
       Christian Blau           Viacheslav Bolnykh             Kevin Boyd        
     Aldert van Buuren           Rudi van Drunen             Anton Feenstra      
    Gilles Gouaillardet             Alan Gray               Gerrit Groenhof      
       Anca Hamuraru            Vincent Hindriksen          M. Eric Irrgang      
      Aleksei Iupinov           Christoph Junghans             Joe Jordan        
    Dimitrios Karkoulis            Peter Kasson                Jiri Kraus        
      Carsten Kutzner              Per Larsson              Justin A. Lemkul     
       Viveca Lindahl            Magnus Lundborg             Erik Marklund       
        Pascal Merz             Pieter Meulenhoff            Teemu Murtola       
        Szilard Pall               Sander Pronk              Roland Schulz       
       Michael Shirts            Alexey Shvetsov             Alfons Sijbers      
       Peter Tieleman              Jon Vincent              Teemu Virolainen     
     Christian Wennberg            Maarten Wolf              Artem Zhmurov       
                           and the project leaders:
        Mark Abraham, Berk Hess, Erik Lindahl, and David van der Spoel

Copyright (c) 1991-2000, University of Groningen, The Netherlands.
Copyright (c) 2001-2019, The GROMACS development team at
Uppsala University, Stockholm University and
the Royal Institute of Technology, Sweden.
check out http://www.gromacs.org for more information.

GROMACS is free software; you can redistribute it and/or modify it
under the terms of the GNU Lesser General Public License
as published by the Free Software Foundation; either version 2.1
of the License, or (at your option) any later version.

GROMACS:      gmx mdrun, version 2021.5
Executable:   /usr/local/gromacs_2021.5/bin/gmx
Data prefix:  /usr/local/gromacs_2021.5
Working dir:  /srv/home/apbal/work/REU/mixtures/pHBA/1mix
Process ID:   76356
Command line:
  gmx mdrun -v -deffnm nvt_prod -ntomp 10 -nb gpu -bonded cpu -update gpu -ntmpi 1 -cpt 1

GROMACS version:    2021.5
Precision:          mixed
Memory model:       64 bit
MPI library:        thread_mpi
OpenMP support:     enabled (GMX_OPENMP_MAX_THREADS = 256)
GPU support:        CUDA
SIMD instructions:  AVX2_256
FFT library:        fftw-3.3.8-sse2-avx-avx2-avx2_128
RDTSCP usage:       enabled
TNG support:        enabled
Hwloc support:      disabled
Tracing support:    disabled
C compiler:         /usr/bin/cc GNU 9.4.0
C compiler flags:   -mavx2 -mfma -Wno-missing-field-initializers -fexcess-precision=fast -funroll-all-loops -pthread -O3 -DNDEBUG
C++ compiler:       /usr/bin/c++ GNU 9.4.0
C++ compiler flags: -mavx2 -mfma -Wno-missing-field-initializers -fexcess-precision=fast -funroll-all-loops -pthread -fopenmp -O3 -DNDEBUG
CUDA compiler:      /usr/local/cuda-12.2/bin/nvcc nvcc: NVIDIA (R) Cuda compiler driver;Copyright (c) 2005-2023 NVIDIA Corporation;Built on Tue_Aug_15_22:02:13_PDT_2023;Cuda compilation tools, release 12.2, V12.2.140;Build cuda_12.2.r12.2/compiler.33191640_0
CUDA compiler flags:-std=c++17;-gencode;arch=compute_60,code=sm_60;-gencode;arch=compute_61,code=sm_61;-gencode;arch=compute_62,code=sm_62;-gencode;arch=compute_70,code=sm_70;-gencode;arch=compute_75,code=sm_75;-gencode;arch=compute_80,code=sm_80;-gencode;arch=compute_86,code=sm_86;-gencode;arch=compute_89,code=sm_89;-gencode;arch=compute_60,code=compute_60;-gencode;arch=compute_61,code=compute_61;-gencode;arch=compute_62,code=compute_62;-gencode;arch=compute_70,code=compute_70;-gencode;arch=compute_75,code=compute_75;-gencode;arch=compute_80,code=compute_80;-gencode;arch=compute_86,code=compute_86;-gencode;arch=compute_89,code=compute_89;-use_fast_math;-D_FORCE_INLINES;-mavx2 -mfma -Wno-missing-field-initializers -fexcess-precision=fast -funroll-all-loops -pthread -fopenmp -O3 -DNDEBUG
CUDA driver:        12.90
CUDA runtime:       12.20


Running on 1 node with total 96 cores, 96 logical cores, 4 compatible GPUs
Hardware detected:
  CPU info:
    Vendor: AMD
    Brand:  AMD EPYC 9254 24-Core Processor                
    Family: 25   Model: 17   Stepping: 1
    Features: aes amd apic avx avx2 avx512f avx512cd avx512bw avx512vl avx512bf16 avx512secondFMA clfsh cmov cx8 cx16 f16c fma htt lahf misalignsse mmx msr nonstop_tsc pcid pclmuldq pdpe1gb popcnt pse rdrnd rdtscp sha sse2 sse3 sse4a sse4.1 sse4.2 ssse3 x2apic
    Number of AVX-512 FMA units: 1 (AVX2 is faster w/o 2 AVX-512 FMA units)
  Hardware topology: Only logical processor count
  GPU info:
    Number of GPUs detected: 4
    #0: NVIDIA NVIDIA RTX 4000 Ada Generation, compute cap.: 8.9, ECC:  no, stat: compatible
    #1: NVIDIA NVIDIA RTX 4000 SFF Ada Generation, compute cap.: 8.9, ECC:  no, stat: compatible
    #2: NVIDIA NVIDIA RTX 4000 SFF Ada Generation, compute cap.: 8.9, ECC:  no, stat: compatible
    #3: NVIDIA NVIDIA RTX 4000 SFF Ada Generation, compute cap.: 8.9, ECC:  no, stat: compatible


++++ PLEASE READ AND CITE THE FOLLOWING REFERENCE ++++
M. J. Abraham, T. Murtola, R. Schulz, S. Páll, J. C. Smith, B. Hess, E.
Lindahl
GROMACS: High performance molecular simulations through multi-level
parallelism from laptops to supercomputers
SoftwareX 1 (2015) pp. 19-25
-------- -------- --- Thank You --- -------- --------


++++ PLEASE READ AND CITE THE FOLLOWING REFERENCE ++++
S. Páll, M. J. Abraham, C. Kutzner, B. Hess, E. Lindahl
Tackling Exascale Software Challenges in Molecular Dynamics Simulations with
GROMACS
In S. Markidis & E. Laure (Eds.), Solving Software Challenges for Exascale 8759 (2015) pp. 3-27
-------- -------- --- Thank You --- -------- --------


++++ PLEASE READ AND CITE THE FOLLOWING REFERENCE ++++
S. Pronk, S. Páll, R. Schulz, P. Larsson, P. Bjelkmar, R. Apostolov, M. R.
Shirts, J. C. Smith, P. M. Kasson, D. van der Spoel, B. Hess, and E. Lindahl
GROMACS 4.5: a high-throughput and highly parallel open source molecular
simulation toolkit
Bioinformatics 29 (2013) pp. 845-54
-------- -------- --- Thank You --- -------- --------


++++ PLEASE READ AND CITE THE FOLLOWING REFERENCE ++++
B. Hess and C. Kutzner and D. van der Spoel and E. Lindahl
GROMACS 4: Algorithms for highly efficient, load-balanced, and scalable
molecular simulation
J. Chem. Theory Comput. 4 (2008) pp. 435-447
-------- -------- --- Thank You --- -------- --------


++++ PLEASE READ AND CITE THE FOLLOWING REFERENCE ++++
D. van der Spoel, E. Lindahl, B. Hess, G. Groenhof, A. E. Mark and H. J. C.
Berendsen
GROMACS: Fast, Flexible and Free
J. Comp. Chem. 26 (2005) pp. 1701-1719
-------- -------- --- Thank You --- -------- --------


++++ PLEASE READ AND CITE THE FOLLOWING REFERENCE ++++
E. Lindahl and B. Hess and D. van der Spoel
GROMACS 3.0: A package for molecular simulation and trajectory analysis
J. Mol. Mod. 7 (2001) pp. 306-317
-------- -------- --- Thank You --- -------- --------


++++ PLEASE READ AND CITE THE FOLLOWING REFERENCE ++++
H. J. C. Berendsen, D. van der Spoel and R. van Drunen
GROMACS: A message-passing parallel molecular dynamics implementation
Comp. Phys. Comm. 91 (1995) pp. 43-56
-------- -------- --- Thank You --- -------- --------


++++ PLEASE CITE THE DOI FOR THIS VERSION OF GROMACS ++++
https://doi.org/10.5281/zenodo.5850051
-------- -------- --- Thank You --- -------- --------

Input Parameters:
   integrator                     = md
   tinit                          = 0
   dt                             = 0.002
   nsteps                         = 2500000
   init-step                      = 0
   simulation-part                = 1
   mts                            = false
   comm-mode                      = Linear
   nstcomm                        = 100
   bd-fric                        = 0
   ld-seed                        = 2139029502
   emtol                          = 10
   emstep                         = 0.01
   niter                          = 20
   fcstep                         = 0
   nstcgsteep                     = 1000
   nbfgscorr                      = 10
   rtpi                           = 0.05
   nstxout                        = 1000
   nstvout                        = 1000
   nstfout                        = 0
   nstlog                         = 1000
   nstcalcenergy                  = 100
   nstenergy                      = 1000
   nstxout-compressed             = 0
   compressed-x-precision         = 1000
   cutoff-scheme                  = Verlet
   nstlist                        = 10
   pbc                            = xyz
   periodic-molecules             = false
   verlet-buffer-tolerance        = 0.005
   rlist                          = 1.4
   coulombtype                    = PME
   coulomb-modifier               = Potential-shift
   rcoulomb-switch                = 0
   rcoulomb                       = 1.4
   epsilon-r                      = 1
   epsilon-rf                     = inf
   vdw-type                       = Cut-off
   vdw-modifier                   = Potential-shift
   rvdw-switch                    = 0
   rvdw                           = 1.4
   DispCorr                       = EnerPres
   table-extension                = 1
   fourierspacing                 = 0.12
   fourier-nx                     = 52
   fourier-ny                     = 52
   fourier-nz                     = 200
   pme-order                      = 4
   ewald-rtol                     = 1e-05
   ewald-rtol-lj                  = 0.001
   lj-pme-comb-rule               = Geometric
   ewald-geometry                 = 0
   epsilon-surface                = 0
   tcoupl                         = V-rescale
   nsttcouple                     = 10
   nh-chain-length                = 0
   print-nose-hoover-chain-variables = false
   pcoupl                         = No
   pcoupltype                     = Isotropic
   nstpcouple                     = -1
   tau-p                          = 1
   compressibility (3x3):
      compressibility[    0]={ 0.00000e+00,  0.00000e+00,  0.00000e+00}
      compressibility[    1]={ 0.00000e+00,  0.00000e+00,  0.00000e+00}
      compressibility[    2]={ 0.00000e+00,  0.00000e+00,  0.00000e+00}
   ref-p (3x3):
      ref-p[    0]={ 0.00000e+00,  0.00000e+00,  0.00000e+00}
      ref-p[    1]={ 0.00000e+00,  0.00000e+00,  0.00000e+00}
      ref-p[    2]={ 0.00000e+00,  0.00000e+00,  0.00000e+00}
   refcoord-scaling               = No
   posres-com (3):
      posres-com[0]= 0.00000e+00
      posres-com[1]= 0.00000e+00
      posres-com[2]= 0.00000e+00
   posres-comB (3):
      posres-comB[0]= 0.00000e+00
      posres-comB[1]= 0.00000e+00
      posres-comB[2]= 0.00000e+00
   QMMM                           = false
qm-opts:
   ngQM                           = 0
   constraint-algorithm           = Lincs
   continuation                   = false
   Shake-SOR                      = false
   shake-tol                      = 0.0001
   lincs-order                    = 4
   lincs-iter                     = 1
   lincs-warnangle                = 30
   nwall                          = 0
   wall-type                      = 9-3
   wall-r-linpot                  = -1
   wall-atomtype[0]               = -1
   wall-atomtype[1]               = -1
   wall-density[0]                = 0
   wall-density[1]                = 0
   wall-ewald-zfac                = 3
   pull                           = false
   awh                            = false
   rotation                       = false
   interactiveMD                  = false
   disre                          = No
   disre-weighting                = Conservative
   disre-mixed                    = false
   dr-fc                          = 1000
   dr-tau                         = 0
   nstdisreout                    = 100
   orire-fc                       = 0
   orire-tau                      = 0
   nstorireout                    = 100
   free-energy                    = no
   cos-acceleration               = 0
   deform (3x3):
      deform[    0]={ 0.00000e+00,  0.00000e+00,  0.00000e+00}
      deform[    1]={ 0.00000e+00,  0.00000e+00,  0.00000e+00}
      deform[    2]={ 0.00000e+00,  0.00000e+00,  0.00000e+00}
   simulated-tempering            = false
   swapcoords                     = no
   userint1                       = 0
   userint2                       = 0
   userint3                       = 0
   userint4                       = 0
   userreal1                      = 0
   userreal2                      = 0
   userreal3                      = 0
   userreal4                      = 0
   applied-forces:
     electric-field:
       x:
         E0                       = 0
         omega                    = 0
         t0                       = 0
         sigma                    = 0
       y:
         E0                       = 0
         omega                    = 0
         t0                       = 0
         sigma                    = 0
       z:
         E0                       = 0
         omega                    = 0
         t0                       = 0
         sigma                    = 0
     density-guided-simulation:
       active                     = false
       group                      = protein
       similarity-measure         = inner-product
       atom-spreading-weight      = unity
       force-constant             = 1e+09
       gaussian-transform-spreading-width = 0.2
       gaussian-transform-spreading-range-in-multiples-of-width = 4
       reference-density-filename = reference.mrc
       nst                        = 1
       normalize-densities        = true
       adaptive-force-scaling     = false
       adaptive-force-scaling-time-constant = 4
       shift-vector               = 
       transformation-matrix      = 
grpopts:
   nrdf:       78880
   ref-t:         298
   tau-t:         0.1
annealing:          No
annealing-npoints:           0
   acc:	           0           0           0
   nfreeze:           N           N           N
   energygrp-flags[  0]: 0

Changing nstlist from 10 to 100, rlist from 1.4 to 1.459

1 GPU selected for this run.
Mapping of GPU IDs to the 2 GPU tasks in the 1 rank on this node:
  PP:0,PME:0
PP tasks will do (non-perturbed) short-ranged interactions on the GPU
PP task will update and constrain coordinates on the GPU
PME tasks will do all aspects on the GPU
Using 1 MPI thread

Non-default thread affinity set, disabling internal thread affinity

Using 10 OpenMP threads 

System total charge: 0.000
Will do PME sum in reciprocal space for electrostatic interactions.

++++ PLEASE READ AND CITE THE FOLLOWING REFERENCE ++++
U. Essmann, L. Perera, M. L. Berkowitz, T. Darden, H. Lee and L. G. Pedersen 
A smooth particle mesh Ewald method
J. Chem. Phys. 103 (1995) pp. 8577-8592
-------- -------- --- Thank You --- -------- --------

Using a Gaussian width (1/beta) of 0.448228 nm for Ewald
Potential shift: LJ r^-12: -1.764e-02 r^-6: -1.328e-01, Ewald -7.143e-06
Initialized non-bonded Ewald tables, spacing: 1.10e-03 size: 1270

Generated table with 1229 data points for 1-4 COUL.
Tabscale = 500 points/nm
Generated table with 1229 data points for 1-4 LJ6.
Tabscale = 500 points/nm
Generated table with 1229 data points for 1-4 LJ12.
Tabscale = 500 points/nm
Long Range LJ corr.: <C6> 3.6355e-04


Using GPU 8x8 nonbonded short-range kernels

Using a dual 8x8 pair-list setup updated with dynamic, rolling pruning:
  outer list: updated every 100 steps, buffer 0.059 nm, rlist 1.459 nm
  inner list: updated every  30 steps, buffer 0.002 nm, rlist 1.402 nm
At tolerance 0.005 kJ/mol/ps per atom, equivalent classical 1x1 list would be:
  outer list: updated every 100 steps, buffer 0.224 nm, rlist 1.624 nm
  inner list: updated every  30 steps, buffer 0.111 nm, rlist 1.511 nm

Using Lorentz-Berthelot Lennard-Jones combination rule
Removing pbc first time

Initializing LINear Constraint Solver

++++ PLEASE READ AND CITE THE FOLLOWING REFERENCE ++++
B. Hess and H. Bekker and H. J. C. Berendsen and J. G. E. M. Fraaije
LINCS: A Linear Constraint Solver for molecular simulations
J. Comp. Chem. 18 (1997) pp. 1463-1472
-------- -------- --- Thank You --- -------- --------

The number of constraints is 5078

++++ PLEASE READ AND CITE THE FOLLOWING REFERENCE ++++
S. Miyamoto and P. A. Kollman
SETTLE: An Analytical Version of the SHAKE and RATTLE Algorithms for Rigid
Water Models
J. Comp. Chem. 13 (1992) pp. 952-962
-------- -------- --- Thank You --- -------- --------


++++ PLEASE READ AND CITE THE FOLLOWING REFERENCE ++++
G. Bussi, D. Donadio and M. Parrinello
Canonical sampling through velocity rescaling
J. Chem. Phys. 126 (2007) pp. 014101
-------- -------- --- Thank You --- -------- --------

There are: 37462 Atoms

Updating coordinates and applying constraints on the GPU.

Constraining the starting coordinates (step 0)

Constraining the coordinates at t0-dt (step 0)
Center of mass motion removal mode is Linear
We have the following groups for center of mass motion removal:
  0:  rest
RMS relative constraint deviation after constraining: 4.51e-06
Initial temperature: 299.812 K

Started mdrun on rank 0 Tue Jun 17 16:06:12 2025

           Step           Time
              0        0.00000

   Energies (kJ/mol)
           Bond            U-B    Proper Dih.  Improper Dih.          LJ-14
    3.89873e+03    1.70336e+04    6.49008e+03    6.06298e+02    2.20763e+03
     Coulomb-14        LJ (SR)  Disper. corr.   Coulomb (SR)   Coul. recip.
   -1.93877e+04    3.03332e+04   -9.00541e+02   -4.59448e+05    1.83086e+03
      Potential    Kinetic En.   Total Energy  Conserved En.    Temperature
   -4.17336e+05    1.00871e+05   -3.16465e+05   -3.16465e+05    3.07607e+02
 Pres. DC (bar) Pressure (bar)   Constr. rmsd
   -1.73251e+01   -1.15515e+02    4.50804e-06

           Step           Time
           1000        2.00000

   Energies (kJ/mol)
           Bond            U-B    Proper Dih.  Improper Dih.          LJ-14
    3.88171e+03    1.73493e+04    6.50900e+03    6.63128e+02    2.27322e+03
     Coulomb-14        LJ (SR)  Disper. corr.   Coulomb (SR)   Coul. recip.
   -1.95195e+04    3.05260e+04   -9.00541e+02   -4.60711e+05    1.92982e+03
      Potential    Kinetic En.   Total Energy  Conserved En.    Temperature
   -4.17999e+05    9.73762e+04   -3.20623e+05   -3.16327e+05    2.96949e+02
 Pres. DC (bar) Pressure (bar)   Constr. rmsd
   -1.73251e+01   -4.93082e+01    4.50804e-06

           Step           Time
           2000        4.00000

   Energies (kJ/mol)
           Bond            U-B    Proper Dih.  Improper Dih.          LJ-14
    3.77595e+03    1.73621e+04    6.39389e+03    7.33925e+02    2.21676e+03
     Coulomb-14        LJ (SR)  Disper. corr.   Coulomb (SR)   Coul. recip.
   -1.97051e+04    3.02132e+04   -9.00541e+02   -4.59385e+05    1.82042e+03
      Potential    Kinetic En.   Total Energy  Conserved En.    Temperature
   -4.17475e+05    9.79352e+04   -3.19540e+05   -3.16327e+05    2.98653e+02
 Pres. DC (bar) Pressure (bar)   Constr. rmsd
   -1.73251e+01   -4.85144e+01    4.50804e-06

           Step           Time
           3000        6.00000

   Energies (kJ/mol)
           Bond            U-B    Proper Dih.  Improper Dih.          LJ-14
    3.91694e+03    1.71983e+04    6.33561e+03    6.36964e+02    2.14411e+03
     Coulomb-14        LJ (SR)  Disper. corr.   Coulomb (SR)   Coul. recip.
   -1.95443e+04    2.97383e+04   -9.00541e+02   -4.58358e+05    1.78828e+03
      Potential    Kinetic En.   Total Energy  Conserved En.    Temperature
   -4.17045e+05    9.84483e+04   -3.18596e+05   -3.16309e+05    3.00218e+02
 Pres. DC (bar) Pressure (bar)   Constr. rmsd
   -1.73251e+01   -6.82397e+01    4.50804e-06

           Step           Time
           4000        8.00000

   Energies (kJ/mol)
           Bond            U-B    Proper Dih.  Improper Dih.          LJ-14
    3.88144e+03    1.72169e+04    6.45842e+03    7.43598e+02    2.20849e+03
     Coulomb-14        LJ (SR)  Disper. corr.   Coulomb (SR)   Coul. recip.
   -1.98526e+04    3.05551e+04   -9.00541e+02   -4.60144e+05    1.83783e+03
      Potential    Kinetic En.   Total Energy  Conserved En.    Temperature
   -4.17996e+05    9.82922e+04   -3.19703e+05   -3.16260e+05    2.99742e+02
 Pres. DC (bar) Pressure (bar)   Constr. rmsd
   -1.73251e+01   -8.82990e+01    4.50804e-06

           Step           Time
           5000       10.00000

   Energies (kJ/mol)
           Bond            U-B    Proper Dih.  Improper Dih.          LJ-14
    3.73907e+03    1.72886e+04    6.46991e+03    7.06399e+02    2.17336e+03
     Coulomb-14        LJ (SR)  Disper. corr.   Coulomb (SR)   Coul. recip.
   -2.03249e+04    2.94079e+04   -9.00541e+02   -4.59414e+05    1.81953e+03
      Potential    Kinetic En.   Total Energy  Conserved En.    Temperature
   -4.19035e+05    9.73010e+04   -3.21734e+05   -3.16263e+05    2.96720e+02
 Pres. DC (bar) Pressure (bar)   Constr. rmsd
   -1.73251e+01   -1.44428e+02    4.50804e-06

           Step           Time
           6000       12.00000

   Energies (kJ/mol)
           Bond            U-B    Proper Dih.  Improper Dih.          LJ-14
    3.80216e+03    1.69337e+04    6.47049e+03    7.01307e+02    2.16269e+03
     Coulomb-14        LJ (SR)  Disper. corr.   Coulomb (SR)   Coul. recip.
   -2.00808e+04    2.96583e+04   -9.00541e+02   -4.60408e+05    1.79130e+03
      Potential    Kinetic En.   Total Energy  Conserved En.    Temperature
   -4.19870e+05    9.69304e+04   -3.22939e+05   -3.16246e+05    2.95589e+02
 Pres. DC (bar) Pressure (bar)   Constr. rmsd
   -1.73251e+01   -1.63159e+02    4.50804e-06

           Step           Time
           7000       14.00000

   Energies (kJ/mol)
           Bond            U-B    Proper Dih.  Improper Dih.          LJ-14
    3.84904e+03    1.69280e+04    6.42323e+03    6.93482e+02    2.16174e+03
     Coulomb-14        LJ (SR)  Disper. corr.   Coulomb (SR)   Coul. recip.
   -2.00008e+04    2.94890e+04   -9.00541e+02   -4.61189e+05    1.70639e+03
      Potential    Kinetic En.   Total Energy  Conserved En.    Temperature
   -4.20839e+05    9.82269e+04   -3.22612e+05   -3.16241e+05    2.99543e+02
 Pres. DC (bar) Pressure (bar)   Constr. rmsd
   -1.73251e+01   -5.30776e+01    4.50804e-06

step 7800: timed with pme grid 52 52 200, coulomb cutoff 1.400: 139.1 M-cycles
step 8000: timed with pme grid 42 42 168, coulomb cutoff 1.667: 176.8 M-cycles
           Step           Time
           8000       16.00000

   Energies (kJ/mol)
           Bond            U-B    Proper Dih.  Improper Dih.          LJ-14
    3.72185e+03    1.70906e+04    6.55859e+03    6.26320e+02    2.15843e+03
     Coulomb-14        LJ (SR)  Disper. corr.   Coulomb (SR)   Coul. recip.
   -2.03984e+04    2.97680e+04   -9.00541e+02   -4.60577e+05    1.20502e+03
      Potential    Kinetic En.   Total Energy  Conserved En.    Temperature
   -4.20747e+05    9.71949e+04   -3.23552e+05   -3.16188e+05    2.96396e+02
 Pres. DC (bar) Pressure (bar)   Constr. rmsd
   -1.73251e+01   -4.64059e+01    4.50804e-06

step 8200: timed with pme grid 44 44 192, coulomb cutoff 1.591: 161.6 M-cycles
step 8400: timed with pme grid 48 48 192, coulomb cutoff 1.458: 143.7 M-cycles
step 8600: timed with pme grid 52 52 200, coulomb cutoff 1.400: 142.5 M-cycles
              optimal pme grid 52 52 200, coulomb cutoff 1.400
           Step           Time
           9000       18.00000

   Energies (kJ/mol)
           Bond            U-B    Proper Dih.  Improper Dih.          LJ-14
    3.77916e+03    1.65911e+04    6.36785e+03    6.93322e+02    2.13216e+03
     Coulomb-14        LJ (SR)  Disper. corr.   Coulomb (SR)   Coul. recip.
   -2.02593e+04    2.94854e+04   -9.00541e+02   -4.60789e+05    1.81812e+03
      Potential    Kinetic En.   Total Energy  Conserved En.    Temperature
   -4.21082e+05    9.79366e+04   -3.23145e+05   -3.16197e+05    2.98658e+02
 Pres. DC (bar) Pressure (bar)   Constr. rmsd
   -1.73251e+01   -5.69704e+01    4.50804e-06

           Step           Time
          10000       20.00000

   Energies (kJ/mol)
           Bond            U-B    Proper Dih.  Improper Dih.          LJ-14
    3.80053e+03    1.68334e+04    6.47377e+03    6.20561e+02    2.24606e+03
     Coulomb-14        LJ (SR)  Disper. corr.   Coulomb (SR)   Coul. recip.
   -2.02102e+04    2.93927e+04   -9.00541e+02   -4.60578e+05    1.75698e+03
      Potential    Kinetic En.   Total Energy  Conserved En.    Temperature
   -4.20565e+05    9.81392e+04   -3.22426e+05   -3.16177e+05    2.99276e+02
 Pres. DC (bar) Pressure (bar)   Constr. rmsd
   -1.73251e+01    5.42309e+01    4.50804e-06

           Step           Time
          11000       22.00000

   Energies (kJ/mol)
           Bond            U-B    Proper Dih.  Improper Dih.          LJ-14
    3.82212e+03    1.70042e+04    6.32237e+03    7.00113e+02    2.15378e+03
     Coulomb-14        LJ (SR)  Disper. corr.   Coulomb (SR)   Coul. recip.
   -2.00767e+04    2.84133e+04   -9.00541e+02   -4.62597e+05    1.67697e+03
      Potential    Kinetic En.   Total Energy  Conserved En.    Temperature
   -4.23481e+05    9.76968e+04   -3.25784e+05   -3.16140e+05    2.97927e+02
 Pres. DC (bar) Pressure (bar)   Constr. rmsd
   -1.73251e+01   -3.07955e+01    4.50804e-06

           Step           Time
          12000       24.00000

   Energies (kJ/mol)
           Bond            U-B    Proper Dih.  Improper Dih.          LJ-14
    3.80535e+03    1.68289e+04    6.53554e+03    7.52612e+02    2.10005e+03
     Coulomb-14        LJ (SR)  Disper. corr.   Coulomb (SR)   Coul. recip.
   -2.04228e+04    2.89442e+04   -9.00541e+02   -4.62570e+05    1.64214e+03
      Potential    Kinetic En.   Total Energy  Conserved En.    Temperature
   -4.23285e+05    9.78240e+04   -3.25461e+05   -3.16154e+05    2.98315e+02
 Pres. DC (bar) Pressure (bar)   Constr. rmsd
   -1.73251e+01   -4.55379e+01    4.50804e-06

           Step           Time
          13000       26.00000

   Energies (kJ/mol)
           Bond            U-B    Proper Dih.  Improper Dih.          LJ-14
    3.71104e+03    1.68115e+04    6.47519e+03    7.54885e+02    2.22805e+03
     Coulomb-14        LJ (SR)  Disper. corr.   Coulomb (SR)   Coul. recip.
   -2.06467e+04    2.92177e+04   -9.00541e+02   -4.63704e+05    1.64175e+03
      Potential    Kinetic En.   Total Energy  Conserved En.    Temperature
   -4.24411e+05    9.79842e+04   -3.26427e+05   -3.16127e+05    2.98803e+02
 Pres. DC (bar) Pressure (bar)   Constr. rmsd
   -1.73251e+01    1.73145e+00    4.50804e-06

           Step           Time
          14000       28.00000

   Energies (kJ/mol)
           Bond            U-B    Proper Dih.  Improper Dih.          LJ-14
    3.80733e+03    1.70863e+04    6.52212e+03    6.80677e+02    2.14315e+03
     Coulomb-14        LJ (SR)  Disper. corr.   Coulomb (SR)   Coul. recip.
   -2.02243e+04    2.91998e+04   -9.00541e+02   -4.64146e+05    1.67845e+03
      Potential    Kinetic En.   Total Energy  Conserved En.    Temperature
   -4.24153e+05    9.85334e+04   -3.25620e+05   -3.16074e+05    3.00478e+02
 Pres. DC (bar) Pressure (bar)   Constr. rmsd
   -1.73251e+01    1.38606e+02    4.50804e-06

           Step           Time
          15000       30.00000

   Energies (kJ/mol)
           Bond            U-B    Proper Dih.  Improper Dih.          LJ-14
    3.78187e+03    1.67327e+04    6.43230e+03    7.18861e+02    2.11649e+03
     Coulomb-14        LJ (SR)  Disper. corr.   Coulomb (SR)   Coul. recip.
   -2.00960e+04    2.76153e+04   -9.00541e+02   -4.61559e+05    1.69293e+03
      Potential    Kinetic En.   Total Energy  Conserved En.    Temperature
   -4.23465e+05    9.70234e+04   -3.26442e+05   -3.16054e+05    2.95873e+02
 Pres. DC (bar) Pressure (bar)   Constr. rmsd
   -1.73251e+01   -1.44933e+02    4.50804e-06

           Step           Time
          16000       32.00000

   Energies (kJ/mol)
           Bond            U-B    Proper Dih.  Improper Dih.          LJ-14
    3.69488e+03    1.67801e+04    6.48702e+03    6.19273e+02    2.16710e+03
     Coulomb-14        LJ (SR)  Disper. corr.   Coulomb (SR)   Coul. recip.
   -1.99645e+04    2.74524e+04   -9.00541e+02   -4.62039e+05    1.51999e+03
      Potential    Kinetic En.   Total Energy  Conserved En.    Temperature
   -4.24184e+05    9.71194e+04   -3.27064e+05   -3.16041e+05    2.96166e+02
 Pres. DC (bar) Pressure (bar)   Constr. rmsd
   -1.73251e+01   -2.18520e+01    4.50804e-06

           Step           Time
          17000       34.00000

   Energies (kJ/mol)
           Bond            U-B    Proper Dih.  Improper Dih.          LJ-14
    3.63689e+03    1.67706e+04    6.45934e+03    6.08883e+02    2.23977e+03
     Coulomb-14        LJ (SR)  Disper. corr.   Coulomb (SR)   Coul. recip.
   -2.01389e+04    2.74254e+04   -9.00541e+02   -4.64294e+05    1.52616e+03
      Potential    Kinetic En.   Total Energy  Conserved En.    Temperature
   -4.26666e+05    9.76721e+04   -3.28994e+05   -3.15997e+05    2.97851e+02
 Pres. DC (bar) Pressure (bar)   Constr. rmsd
   -1.73251e+01    6.20441e+01    4.50804e-06

           Step           Time
          18000       36.00000

   Energies (kJ/mol)
           Bond            U-B    Proper Dih.  Improper Dih.          LJ-14
    3.76954e+03    1.74047e+04    6.40802e+03    6.77805e+02    2.18423e+03
     Coulomb-14        LJ (SR)  Disper. corr.   Coulomb (SR)   Coul. recip.
   -2.03620e+04    2.73752e+04   -9.00541e+02   -4.64640e+05    1.49813e+03
      Potential    Kinetic En.   Total Energy  Conserved En.    Temperature
   -4.26585e+05    9.74536e+04   -3.29132e+05   -3.15945e+05    2.97185e+02
 Pres. DC (bar) Pressure (bar)   Constr. rmsd
   -1.73251e+01    2.97859e+01    4.50804e-06

           Step           Time
          19000       38.00000

   Energies (kJ/mol)
           Bond            U-B    Proper Dih.  Improper Dih.          LJ-14
    3.91150e+03    1.70197e+04    6.38838e+03    6.92941e+02    2.18191e+03
     Coulomb-14        LJ (SR)  Disper. corr.   Coulomb (SR)   Coul. recip.
   -2.03755e+04    2.68797e+04   -9.00541e+02   -4.65346e+05    1.54136e+03
      Potential    Kinetic En.   Total Energy  Conserved En.    Temperature
   -4.28007e+05    9.79638e+04   -3.30043e+05   -3.15990e+05    2.98741e+02
 Pres. DC (bar) Pressure (bar)   Constr. rmsd
   -1.73251e+01   -8.96671e+00    4.50804e-06

           Step           Time
          20000       40.00000

   Energies (kJ/mol)
           Bond            U-B    Proper Dih.  Improper Dih.          LJ-14
    3.65671e+03    1.69417e+04    6.63657e+03    7.06893e+02    2.32140e+03
     Coulomb-14        LJ (SR)  Disper. corr.   Coulomb (SR)   Coul. recip.
   -2.02375e+04    2.71775e+04   -9.00541e+02   -4.65178e+05    1.47417e+03
      Potential    Kinetic En.   Total Energy  Conserved En.    Temperature
   -4.27401e+05    9.73360e+04   -3.30065e+05   -3.15960e+05    2.96826e+02
 Pres. DC (bar) Pressure (bar)   Constr. rmsd
   -1.73251e+01    2.85852e+01    4.50804e-06

           Step           Time
          21000       42.00000

   Energies (kJ/mol)
           Bond            U-B    Proper Dih.  Improper Dih.          LJ-14
    3.74984e+03    1.72216e+04    6.38756e+03    7.07008e+02    2.09202e+03
     Coulomb-14        LJ (SR)  Disper. corr.   Coulomb (SR)   Coul. recip.
   -2.02197e+04    2.70798e+04   -9.00541e+02   -4.63927e+05    1.48298e+03
      Potential    Kinetic En.   Total Energy  Conserved En.    Temperature
   -4.26326e+05    9.74604e+04   -3.28866e+05   -3.15903e+05    2.97206e+02
 Pres. DC (bar) Pressure (bar)   Constr. rmsd
   -1.73251e+01   -7.79559e+01    4.50804e-06

           Step           Time
          22000       44.00000

   Energies (kJ/mol)
           Bond            U-B    Proper Dih.  Improper Dih.          LJ-14
    3.76465e+03    1.70897e+04    6.41394e+03    7.18670e+02    2.22407e+03
     Coulomb-14        LJ (SR)  Disper. corr.   Coulomb (SR)   Coul. recip.
   -2.02797e+04    2.70219e+04   -9.00541e+02   -4.64040e+05    1.44508e+03
      Potential    Kinetic En.   Total Energy  Conserved En.    Temperature
   -4.26542e+05    9.81481e+04   -3.28394e+05   -3.15900e+05    2.99303e+02
 Pres. DC (bar) Pressure (bar)   Constr. rmsd
   -1.73251e+01    6.37732e+01    4.50804e-06

           Step           Time
          23000       46.00000

   Energies (kJ/mol)
           Bond            U-B    Proper Dih.  Improper Dih.          LJ-14
    3.83289e+03    1.69671e+04    6.35440e+03    5.99018e+02    2.22168e+03
     Coulomb-14        LJ (SR)  Disper. corr.   Coulomb (SR)   Coul. recip.
   -2.07486e+04    2.57457e+04   -9.00541e+02   -4.62345e+05    1.44782e+03
      Potential    Kinetic En.   Total Energy  Conserved En.    Temperature
   -4.26825e+05    9.74262e+04   -3.29399e+05   -3.15896e+05    2.97101e+02
 Pres. DC (bar) Pressure (bar)   Constr. rmsd
   -1.73251e+01   -3.25430e+01    4.50804e-06

           Step           Time
          24000       48.00000

   Energies (kJ/mol)
           Bond            U-B    Proper Dih.  Improper Dih.          LJ-14
    4.02825e+03    1.72085e+04    6.44427e+03    6.47525e+02    2.16045e+03
     Coulomb-14        LJ (SR)  Disper. corr.   Coulomb (SR)   Coul. recip.
   -2.03082e+04    2.67874e+04   -9.00541e+02   -4.64512e+05    1.44998e+03
      Potential    Kinetic En.   Total Energy  Conserved En.    Temperature
   -4.26995e+05    9.74407e+04   -3.29554e+05   -3.15832e+05    2.97146e+02
 Pres. DC (bar) Pressure (bar)   Constr. rmsd
   -1.73251e+01   -1.54150e+02    4.50804e-06

           Step           Time
          25000       50.00000

   Energies (kJ/mol)
           Bond            U-B    Proper Dih.  Improper Dih.          LJ-14
    3.85169e+03    1.68755e+04    6.42794e+03    5.96656e+02    2.08704e+03
     Coulomb-14        LJ (SR)  Disper. corr.   Coulomb (SR)   Coul. recip.
   -2.02486e+04    2.72669e+04   -9.00541e+02   -4.65096e+05    1.39555e+03
      Potential    Kinetic En.   Total Energy  Conserved En.    Temperature
   -4.27744e+05    9.80403e+04   -3.29703e+05   -3.15850e+05    2.98974e+02
 Pres. DC (bar) Pressure (bar)   Constr. rmsd
   -1.73251e+01   -7.37029e+01    4.50804e-06

           Step           Time
          26000       52.00000

   Energies (kJ/mol)
           Bond            U-B    Proper Dih.  Improper Dih.          LJ-14
    3.80842e+03    1.72534e+04    6.36167e+03    7.00939e+02    2.13505e+03
     Coulomb-14        LJ (SR)  Disper. corr.   Coulomb (SR)   Coul. recip.
   -2.05266e+04    2.70223e+04   -9.00541e+02   -4.65005e+05    1.47007e+03
      Potential    Kinetic En.   Total Energy  Conserved En.    Temperature
   -4.27680e+05    9.76585e+04   -3.30022e+05   -3.15796e+05    2.97810e+02
 Pres. DC (bar) Pressure (bar)   Constr. rmsd
   -1.73251e+01   -1.18426e+01    4.50804e-06

           Step           Time
          27000       54.00000

   Energies (kJ/mol)
           Bond            U-B    Proper Dih.  Improper Dih.          LJ-14
    3.74141e+03    1.71960e+04    6.55331e+03    7.40553e+02    2.26399e+03
     Coulomb-14        LJ (SR)  Disper. corr.   Coulomb (SR)   Coul. recip.
   -2.08431e+04    2.79844e+04   -9.00541e+02   -4.65044e+05    1.51593e+03
      Potential    Kinetic En.   Total Energy  Conserved En.    Temperature
   -4.26792e+05    9.80891e+04   -3.28702e+05   -3.15811e+05    2.99123e+02
 Pres. DC (bar) Pressure (bar)   Constr. rmsd
   -1.73251e+01    1.39720e+02    4.50804e-06

           Step           Time
          28000       56.00000

   Energies (kJ/mol)
           Bond            U-B    Proper Dih.  Improper Dih.          LJ-14
    3.72912e+03    1.68733e+04    6.42888e+03    6.51743e+02    2.19487e+03
     Coulomb-14        LJ (SR)  Disper. corr.   Coulomb (SR)   Coul. recip.
   -2.08534e+04    2.68686e+04   -9.00541e+02   -4.65273e+05    1.43755e+03
      Potential    Kinetic En.   Total Energy  Conserved En.    Temperature
   -4.28843e+05    9.73633e+04   -3.31479e+05   -3.15785e+05    2.96910e+02
 Pres. DC (bar) Pressure (bar)   Constr. rmsd
   -1.73251e+01   -5.99778e+01    4.50804e-06

           Step           Time
          29000       58.00000

   Energies (kJ/mol)
           Bond            U-B    Proper Dih.  Improper Dih.          LJ-14
    3.88013e+03    1.71790e+04    6.43154e+03    7.07077e+02    2.15400e+03
     Coulomb-14        LJ (SR)  Disper. corr.   Coulomb (SR)   Coul. recip.
   -2.04110e+04    2.63140e+04   -9.00541e+02   -4.62944e+05    1.46242e+03
      Potential    Kinetic En.   Total Energy  Conserved En.    Temperature
   -4.26127e+05    9.79269e+04   -3.28200e+05   -3.15793e+05    2.98628e+02
 Pres. DC (bar) Pressure (bar)   Constr. rmsd
   -1.73251e+01   -3.69918e+01    4.50804e-06

           Step           Time
          30000       60.00000

   Energies (kJ/mol)
           Bond            U-B    Proper Dih.  Improper Dih.          LJ-14
    3.96084e+03    1.73979e+04    6.41529e+03    6.23953e+02    2.17190e+03
     Coulomb-14        LJ (SR)  Disper. corr.   Coulomb (SR)   Coul. recip.
   -2.08196e+04    2.60046e+04   -9.00541e+02   -4.63070e+05    1.52806e+03
      Potential    Kinetic En.   Total Energy  Conserved En.    Temperature
   -4.26688e+05    9.74298e+04   -3.29258e+05   -3.15717e+05    2.97112e+02
 Pres. DC (bar) Pressure (bar)   Constr. rmsd
   -1.73251e+01   -1.34052e+02    4.50804e-06

           Step           Time
          31000       62.00000

   Energies (kJ/mol)
           Bond            U-B    Proper Dih.  Improper Dih.          LJ-14
    3.69821e+03    1.71900e+04    6.34912e+03    7.47914e+02    2.09414e+03
     Coulomb-14        LJ (SR)  Disper. corr.   Coulomb (SR)   Coul. recip.
   -2.03778e+04    2.70660e+04   -9.00541e+02   -4.65712e+05    1.50395e+03
      Potential    Kinetic En.   Total Energy  Conserved En.    Temperature
   -4.28341e+05    9.79166e+04   -3.30424e+05   -3.15739e+05    2.98597e+02
 Pres. DC (bar) Pressure (bar)   Constr. rmsd
   -1.73251e+01   -3.53327e+01    4.50804e-06

           Step           Time
          32000       64.00000

   Energies (kJ/mol)
           Bond            U-B    Proper Dih.  Improper Dih.          LJ-14
    3.84966e+03    1.72039e+04    6.48797e+03    6.51797e+02    2.15487e+03
     Coulomb-14        LJ (SR)  Disper. corr.   Coulomb (SR)   Coul. recip.
   -2.04510e+04    2.71801e+04   -9.00541e+02   -4.64802e+05    1.44360e+03
      Potential    Kinetic En.   Total Energy  Conserved En.    Temperature
   -4.27182e+05    9.77503e+04   -3.29431e+05   -3.15702e+05    2.98090e+02
 Pres. DC (bar) Pressure (bar)   Constr. rmsd
   -1.73251e+01   -3.80616e+01    4.50804e-06

           Step           Time
          33000       66.00000

   Energies (kJ/mol)
           Bond            U-B    Proper Dih.  Improper Dih.          LJ-14
    3.79410e+03    1.73298e+04    6.41642e+03    7.25289e+02    2.19463e+03
     Coulomb-14        LJ (SR)  Disper. corr.   Coulomb (SR)   Coul. recip.
   -2.05911e+04    2.62866e+04   -9.00541e+02   -4.64781e+05    1.39699e+03
      Potential    Kinetic En.   Total Energy  Conserved En.    Temperature
   -4.28129e+05    9.72202e+04   -3.30909e+05   -3.15676e+05    2.96473e+02
 Pres. DC (bar) Pressure (bar)   Constr. rmsd
   -1.73251e+01   -3.25276e+01    4.50804e-06

           Step           Time
          34000       68.00000

   Energies (kJ/mol)
           Bond            U-B    Proper Dih.  Improper Dih.          LJ-14
    3.93319e+03    1.70311e+04    6.39077e+03    6.56864e+02    2.18990e+03
     Coulomb-14        LJ (SR)  Disper. corr.   Coulomb (SR)   Coul. recip.
   -2.03449e+04    2.76375e+04   -9.00541e+02   -4.67055e+05    1.44554e+03
      Potential    Kinetic En.   Total Energy  Conserved En.    Temperature
   -4.29015e+05    9.75653e+04   -3.31450e+05   -3.15632e+05    2.97526e+02
 Pres. DC (bar) Pressure (bar)   Constr. rmsd
   -1.73251e+01   -3.30505e+01    4.50804e-06

           Step           Time
          35000       70.00000

   Energies (kJ/mol)
           Bond            U-B    Proper Dih.  Improper Dih.          LJ-14
    3.98718e+03    1.73831e+04    6.41111e+03    6.99550e+02    2.27864e+03
     Coulomb-14        LJ (SR)  Disper. corr.   Coulomb (SR)   Coul. recip.
   -2.05105e+04    2.68994e+04   -9.00541e+02   -4.65106e+05    1.47815e+03
      Potential    Kinetic En.   Total Energy  Conserved En.    Temperature
   -4.27380e+05    9.77088e+04   -3.29672e+05   -3.15629e+05    2.97963e+02
 Pres. DC (bar) Pressure (bar)   Constr. rmsd
   -1.73251e+01    6.00502e+01    4.50804e-06

           Step           Time
          36000       72.00000

   Energies (kJ/mol)
           Bond            U-B    Proper Dih.  Improper Dih.          LJ-14
    3.96586e+03    1.75243e+04    6.50031e+03    7.13057e+02    2.12267e+03
     Coulomb-14        LJ (SR)  Disper. corr.   Coulomb (SR)   Coul. recip.
   -2.03832e+04    2.57734e+04   -9.00541e+02   -4.63166e+05    1.42703e+03
      Potential    Kinetic En.   Total Energy  Conserved En.    Temperature
   -4.26423e+05    9.77357e+04   -3.28687e+05   -3.15602e+05    2.98045e+02
 Pres. DC (bar) Pressure (bar)   Constr. rmsd
   -1.73251e+01   -9.87142e+01    4.50804e-06

           Step           Time
          37000       74.00000

   Energies (kJ/mol)
           Bond            U-B    Proper Dih.  Improper Dih.          LJ-14
    3.91340e+03    1.71847e+04    6.55292e+03    6.39034e+02    2.21881e+03
     Coulomb-14        LJ (SR)  Disper. corr.   Coulomb (SR)   Coul. recip.
   -2.04214e+04    2.73686e+04   -9.00541e+02   -4.65433e+05    1.46985e+03
      Potential    Kinetic En.   Total Energy  Conserved En.    Temperature
   -4.27408e+05    9.75994e+04   -3.29808e+05   -3.15624e+05    2.97630e+02
 Pres. DC (bar) Pressure (bar)   Constr. rmsd
   -1.73251e+01    6.39784e+01    4.50804e-06

           Step           Time
          38000       76.00000

   Energies (kJ/mol)
           Bond            U-B    Proper Dih.  Improper Dih.          LJ-14
    4.06464e+03    1.68462e+04    6.44596e+03    6.72402e+02    2.15657e+03
     Coulomb-14        LJ (SR)  Disper. corr.   Coulomb (SR)   Coul. recip.
   -2.00303e+04    2.59870e+04   -9.00541e+02   -4.64169e+05    1.44415e+03
      Potential    Kinetic En.   Total Energy  Conserved En.    Temperature
   -4.27483e+05    9.76775e+04   -3.29805e+05   -3.15603e+05    2.97868e+02
 Pres. DC (bar) Pressure (bar)   Constr. rmsd
   -1.73251e+01   -1.28912e+02    4.50804e-06

           Step           Time
          39000       78.00000

   Energies (kJ/mol)
           Bond            U-B    Proper Dih.  Improper Dih.          LJ-14
    3.85190e+03    1.72710e+04    6.45605e+03    7.31814e+02    2.20269e+03
     Coulomb-14        LJ (SR)  Disper. corr.   Coulomb (SR)   Coul. recip.
   -2.01819e+04    2.68055e+04   -9.00541e+02   -4.65096e+05    1.50363e+03
      Potential    Kinetic En.   Total Energy  Conserved En.    Temperature
   -4.27355e+05    9.80626e+04   -3.29293e+05   -3.15567e+05    2.99042e+02
 Pres. DC (bar) Pressure (bar)   Constr. rmsd
   -1.73251e+01   -2.64506e+01    4.50804e-06

           Step           Time
          40000       80.00000

   Energies (kJ/mol)
           Bond            U-B    Proper Dih.  Improper Dih.          LJ-14
    3.73749e+03    1.68082e+04    6.43524e+03    6.60242e+02    2.22110e+03
     Coulomb-14        LJ (SR)  Disper. corr.   Coulomb (SR)   Coul. recip.
   -2.03168e+04    2.69677e+04   -9.00541e+02   -4.63474e+05    1.47737e+03
      Potential    Kinetic En.   Total Energy  Conserved En.    Temperature
   -4.26384e+05    9.76695e+04   -3.28715e+05   -3.15554e+05    2.97843e+02
 Pres. DC (bar) Pressure (bar)   Constr. rmsd
   -1.73251e+01    2.95569e+01    4.50804e-06

           Step           Time
          41000       82.00000

   Energies (kJ/mol)
           Bond            U-B    Proper Dih.  Improper Dih.          LJ-14
    3.87962e+03    1.69319e+04    6.38048e+03    6.69988e+02    2.12898e+03
     Coulomb-14        LJ (SR)  Disper. corr.   Coulomb (SR)   Coul. recip.
   -2.02723e+04    2.67666e+04   -9.00541e+02   -4.64569e+05    1.45337e+03
      Potential    Kinetic En.   Total Energy  Conserved En.    Temperature
   -4.27531e+05    9.77052e+04   -3.29826e+05   -3.15554e+05    2.97952e+02
 Pres. DC (bar) Pressure (bar)   Constr. rmsd
   -1.73251e+01   -6.40670e+01    4.50804e-06

           Step           Time
          42000       84.00000

   Energies (kJ/mol)
           Bond            U-B    Proper Dih.  Improper Dih.          LJ-14
    3.80474e+03    1.70589e+04    6.42521e+03    7.07787e+02    2.24159e+03
     Coulomb-14        LJ (SR)  Disper. corr.   Coulomb (SR)   Coul. recip.
   -2.04614e+04    2.63962e+04   -9.00541e+02   -4.63928e+05    1.41342e+03
      Potential    Kinetic En.   Total Energy  Conserved En.    Temperature
   -4.27242e+05    9.82956e+04   -3.28947e+05   -3.15530e+05    2.99753e+02
 Pres. DC (bar) Pressure (bar)   Constr. rmsd
   -1.73251e+01   -1.14523e+02    4.50804e-06

           Step           Time
          43000       86.00000

   Energies (kJ/mol)
           Bond            U-B    Proper Dih.  Improper Dih.          LJ-14
    3.77995e+03    1.70151e+04    6.42067e+03    6.80352e+02    2.15028e+03
     Coulomb-14        LJ (SR)  Disper. corr.   Coulomb (SR)   Coul. recip.
   -2.01979e+04    2.63329e+04   -9.00541e+02   -4.64127e+05    1.37591e+03
      Potential    Kinetic En.   Total Energy  Conserved En.    Temperature
   -4.27470e+05    9.74038e+04   -3.30066e+05   -3.15512e+05    2.97033e+02
 Pres. DC (bar) Pressure (bar)   Constr. rmsd
   -1.73251e+01   -6.12211e+01    4.50804e-06

           Step           Time
          44000       88.00000

   Energies (kJ/mol)
           Bond            U-B    Proper Dih.  Improper Dih.          LJ-14
    3.87293e+03    1.69976e+04    6.18815e+03    6.54485e+02    2.24141e+03
     Coulomb-14        LJ (SR)  Disper. corr.   Coulomb (SR)   Coul. recip.
   -1.99360e+04    2.62374e+04   -9.00541e+02   -4.63712e+05    1.45485e+03
      Potential    Kinetic En.   Total Energy  Conserved En.    Temperature
   -4.26901e+05    9.78244e+04   -3.29077e+05   -3.15473e+05    2.98316e+02
 Pres. DC (bar) Pressure (bar)   Constr. rmsd
   -1.73251e+01   -7.45056e+01    4.50804e-06

           Step           Time
          45000       90.00000

   Energies (kJ/mol)
           Bond            U-B    Proper Dih.  Improper Dih.          LJ-14
    3.76766e+03    1.75902e+04    6.34857e+03    6.59989e+02    2.19822e+03
     Coulomb-14        LJ (SR)  Disper. corr.   Coulomb (SR)   Coul. recip.
   -2.01112e+04    2.56289e+04   -9.00541e+02   -4.63153e+05    1.41277e+03
      Potential    Kinetic En.   Total Energy  Conserved En.    Temperature
   -4.26558e+05    9.81000e+04   -3.28458e+05   -3.15441e+05    2.99156e+02
 Pres. DC (bar) Pressure (bar)   Constr. rmsd
   -1.73251e+01   -1.28968e+02    4.50804e-06

           Step           Time
          46000       92.00000

   Energies (kJ/mol)
           Bond            U-B    Proper Dih.  Improper Dih.          LJ-14
    3.82570e+03    1.74014e+04    6.39526e+03    6.69627e+02    2.19097e+03
     Coulomb-14        LJ (SR)  Disper. corr.   Coulomb (SR)   Coul. recip.
   -2.01617e+04    2.62356e+04   -9.00541e+02   -4.63368e+05    1.53422e+03
      Potential    Kinetic En.   Total Energy  Conserved En.    Temperature
   -4.26178e+05    9.75632e+04   -3.28615e+05   -3.15468e+05    2.97519e+02
 Pres. DC (bar) Pressure (bar)   Constr. rmsd
   -1.73251e+01   -8.69045e+01    4.50804e-06

           Step           Time
          47000       94.00000

   Energies (kJ/mol)
           Bond            U-B    Proper Dih.  Improper Dih.          LJ-14
    3.81226e+03    1.75614e+04    6.45376e+03    6.57241e+02    2.16869e+03
     Coulomb-14        LJ (SR)  Disper. corr.   Coulomb (SR)   Coul. recip.
   -2.06643e+04    2.74614e+04   -9.00541e+02   -4.65362e+05    1.41638e+03
      Potential    Kinetic En.   Total Energy  Conserved En.    Temperature
   -4.27396e+05    9.82265e+04   -3.29169e+05   -3.15417e+05    2.99542e+02
 Pres. DC (bar) Pressure (bar)   Constr. rmsd
   -1.73251e+01    2.75332e+01    4.50804e-06

           Step           Time
          48000       96.00000

   Energies (kJ/mol)
           Bond            U-B    Proper Dih.  Improper Dih.          LJ-14
    3.69541e+03    1.68377e+04    6.51837e+03    7.20670e+02    2.27296e+03
     Coulomb-14        LJ (SR)  Disper. corr.   Coulomb (SR)   Coul. recip.
   -2.03601e+04    2.60547e+04   -9.00541e+02   -4.64048e+05    1.48890e+03
      Potential    Kinetic En.   Total Energy  Conserved En.    Temperature
   -4.27720e+05    9.78065e+04   -3.29913e+05   -3.15443e+05    2.98261e+02
 Pres. DC (bar) Pressure (bar)   Constr. rmsd
   -1.73251e+01   -9.47170e+01    4.50804e-06

                                                                                                                                                                                                                                                                                                                                                                                                                                                   Conserved En.    Temperature
   -4.27275e+05    9.75243e+04   -3.29750e+05   -3.15382e+05    2.97401e+02
 Pres. DC (bar) Pressure (bar)   Constr. rmsd
   -1.73251e+01   -2.86544e+01    4.50804e-06

           Step           Time
          50000      100.00000

   Energies (kJ/mol)
           Bond            U-B    Proper Dih.  Improper Dih.          LJ-14
    3.99913e+03    1.74343e+04    6.47581e+03    6.27423e+02    2.10310e+03
     Coulomb-14        LJ (SR)  Disper. corr.   Coulomb (SR)   Coul. recip.
   -2.03905e+04    2.62332e+04   -9.00541e+02   -4.63802e+05    1.42490e+03
      Potential    Kinetic En.   Total Energy  Conserved En.    Temperature
   -4.26796e+05    9.83578e+04   -3.28438e+05   -3.15355e+05    2.99942e+02
 Pres. DC (bar) Pressure (bar)   Constr. rmsd
   -1.73251e+01   -1.16826e+02    4.50804e-06

           Step           Time
          51000      102.00000

   Energies (kJ/mol)
           Bond            U-B    Proper Dih.  Improper Dih.          LJ-14
    3.89658e+03    1.76281e+04    6.51554e+03    6.36263e+02    2.14242e+03
     Coulomb-14        LJ (SR)  Disper. corr.   Coulomb (SR)   Coul. recip.
   -2.08350e+04    2.60508e+04   -9.00541e+02   -4.63818e+05    1.45881e+03
      Potential    Kinetic En.   Total Energy  Conserved En.    Temperature
   -4.27225e+05    9.79626e+04   -3.29263e+05   -3.15347e+05    2.98737e+02
 Pres. DC (bar) Pressure (bar)   Constr. rmsd
   -1.73251e+01   -1.71519e+02    4.50804e-06

           Step           Time
          52000      104.00000

   Energies (kJ/mol)
           Bond            U-B    Proper Dih.  Improper Dih.          LJ-14
    3.90836e+03    1.73123e+04    6.28822e+03    7.86228e+02    2.13960e+03
     Coulomb-14        LJ (SR)  Disper. corr.   Coulomb (SR)   Coul. recip.
   -2.00586e+04    2.70546e+04   -9.00541e+02   -4.65533e+05    1.45212e+03
      Potential    Kinetic En.   Total Energy  Conserved En.    Temperature
   -4.27551e+05    9.90317e+04   -3.28519e+05   -3.15324e+05    3.01997e+02
 Pres. DC (bar) Pressure (bar)   Constr. rmsd
   -1.73251e+01   -9.13952e+01    4.50804e-06

           Step           Time
          53000      106.00000

   Energies (kJ/mol)
           Bond            U-B    Proper Dih.  Improper Dih.          LJ-14
    3.78152e+03    1.72707e+04    6.21858e+03    7.13070e+02    2.16574e+03
     Coulomb-14        LJ (SR)  Disper. corr.   Coulomb (SR)   Coul. recip.
   -2.03797e+04    2.78516e+04   -9.00541e+02   -4.64483e+05    1.55180e+03
      Potential    Kinetic En.   Total Energy  Conserved En.    Temperature
   -4.26210e+05    9.76649e+04   -3.28546e+05   -3.15289e+05    2.97829e+02
 Pres. DC (bar) Pressure (bar)   Constr. rmsd
   -1.73251e+01    5.26167e+01    4.50804e-06

           Step           Time
          54000      108.00000

   Energies (kJ/mol)
           Bond            U-B    Proper Dih.  Improper Dih.          LJ-14
    3.66150e+03    1.74418e+04    6.42696e+03    6.52450e+02    2.19171e+03
     Coulomb-14        LJ (SR)  Disper. corr.   Coulomb (SR)   Coul. recip.
   -2.03230e+04    2.65428e+04   -9.00541e+02   -4.64660e+05    1.41466e+03
      Potential    Kinetic En.   Total Energy  Conserved En.    Temperature
   -4.27552e+05    9.80474e+04   -3.29504e+05   -3.15295e+05    2.98996e+02
 Pres. DC (bar) Pressure (bar)   Constr. rmsd
   -1.73251e+01    1.05144e+01    4.50804e-06

           Step           Time
          55000      110.00000

   Energies (kJ/mol)
           Bond            U-B    Proper Dih.  Improper Dih.          LJ-14
    3.88177e+03    1.71083e+04    6.34789e+03    6.77962e+02    2.14098e+03
     Coulomb-14        LJ (SR)  Disper. corr.   Coulomb (SR)   Coul. recip.
   -2.01648e+04    2.71225e+04   -9.00541e+02   -4.64928e+05    1.49191e+03
      Potential    Kinetic En.   Total Energy  Conserved En.    Temperature
   -4.27222e+05    9.78157e+04   -3.29406e+05   -3.15269e+05    2.98289e+02
 Pres. DC (bar) Pressure (bar)   Constr. rmsd
   -1.73251e+01    3.60546e+01    4.50804e-06

           Step           Time
          56000      112.00000

   Energies (kJ/mol)
           Bond            U-B    Proper Dih.  Improper Dih.          LJ-14
    3.86213e+03    1.72448e+04    6.30261e+03    7.12163e+02    2.11461e+03
     Coulomb-14        LJ (SR)  Disper. corr.   Coulomb (SR)   Coul. recip.
   -2.04196e+04    2.63935e+04   -9.00541e+02   -4.63814e+05    1.45427e+03
      Potential    Kinetic En.   Total Energy  Conserved En.    Temperature
   -4.27050e+05    9.74413e+04   -3.29609e+05   -3.15263e+05    2.97148e+02
 Pres. DC (bar) Pressure (bar)   Constr. rmsd
   -1.73251e+01   -1.13424e+02    4.50804e-06

           Step           Time
          57000      114.00000

   Energies (kJ/mol)
           Bond            U-B    Proper Dih.  Improper Dih.          LJ-14
    3.81834e+03    1.70364e+04    6.17628e+03    6.98706e+02    2.16815e+03
     Coulomb-14        LJ (SR)  Disper. corr.   Coulomb (SR)   Coul. recip.
   -2.02520e+04    2.76147e+04   -9.00541e+02   -4.65652e+05    1.41525e+03
      Potential    Kinetic En.   Total Energy  Conserved En.    Temperature
   -4.27877e+05    9.74399e+04   -3.30437e+05   -3.15220e+05    2.97143e+02
 Pres. DC (bar) Pressure (bar)   Constr. rmsd
   -1.73251e+01    1.25810e+02    4.50804e-06

           Step           Time
          58000      116.00000

   Energies (kJ/mol)
           Bond            U-B    Proper Dih.  Improper Dih.          LJ-14
    3.82858e+03    1.74689e+04    6.33205e+03    6.54773e+02    2.24407e+03
     Coulomb-14        LJ (SR)  Disper. corr.   Coulomb (SR)   Coul. recip.
   -2.01314e+04    2.68251e+04   -9.00541e+02   -4.64252e+05    1.49761e+03
      Potential    Kinetic En.   Total Energy  Conserved En.    Temperature
   -4.26433e+05    9.81261e+04   -3.28307e+05   -3.15202e+05    2.99236e+02
 Pres. DC (bar) Pressure (bar)   Constr. rmsd
   -1.73251e+01    3.23656e+01    4.50804e-06

           Step           Time
          59000      118.00000

   Energies (kJ/mol)
           Bond            U-B    Proper Dih.  Improper Dih.          LJ-14
    3.72184e+03    1.70685e+04    6.42853e+03    6.92317e+02    2.26120e+03
     Coulomb-14        LJ (SR)  Disper. corr.   Coulomb (SR)   Coul. recip.
   -2.00881e+04    2.66558e+04   -9.00541e+02   -4.64435e+05    1.42142e+03
      Potential    Kinetic En.   Total Energy  Conserved En.    Temperature
   -4.27174e+05    9.81058e+04   -3.29068e+05   -3.15193e+05    2.99174e+02
 Pres. DC (bar) Pressure (bar)   Constr. rmsd
   -1.73251e+01    6.50700e+00    4.50804e-06

           Step           Time
          60000      120.00000

   Energies (kJ/mol)
           Bond            U-B    Proper Dih.  Improper Dih.          LJ-14
    3.65943e+03    1.69977e+04    6.34341e+03    6.74904e+02    2.17572e+03
     Coulomb-14        LJ (SR)  Disper. corr.   Coulomb (SR)   Coul. recip.
   -2.03509e+04    2.70335e+04   -9.00541e+02   -4.65296e+05    1.44633e+03
      Potential    Kinetic En.   Total Energy  Conserved En.    Temperature
   -4.28217e+05    9.74402e+04   -3.30776e+05   -3.15207e+05    2.97144e+02
 Pres. DC (bar) Pressure (bar)   Constr. rmsd
   -1.73251e+01   -3.52997e+01    4.50804e-06

           Step           Time
          61000      122.00000

   Energies (kJ/mol)
           Bond            U-B    Proper Dih.  Improper Dih.          LJ-14
    3.77522e+03    1.70009e+04    6.55090e+03    6.76046e+02    2.11699e+03
     Coulomb-14        LJ (SR)  Disper. corr.   Coulomb (SR)   Coul. recip.
   -2.00052e+04    2.75276e+04   -9.00541e+02   -4.66140e+05    1.39817e+03
      Potential    Kinetic En.   Total Energy  Conserved En.    Temperature
   -4.28000e+05    9.79280e+04   -3.30072e+05   -3.15184e+05    2.98632e+02
 Pres. DC (bar) Pressure (bar)   Constr. rmsd
   -1.73251e+01    5.38743e+00    4.50804e-06

           Step           Time
          62000      124.00000

   Energies (kJ/mol)
           Bond            U-B    Proper Dih.  Improper Dih.          LJ-14
    3.78202e+03    1.71484e+04    6.18206e+03    6.43369e+02    2.17040e+03
     Coulomb-14        LJ (SR)  Disper. corr.   Coulomb (SR)   Coul. recip.
   -2.00623e+04    2.59734e+04   -9.00541e+02   -4.63786e+05    1.42086e+03
      Potential    Kinetic En.   Total Energy  Conserved En.    Temperature
   -4.27428e+05    9.75919e+04   -3.29836e+05   -3.15155e+05    2.97607e+02
 Pres. DC (bar) Pressure (bar)   Constr. rmsd
   -1.73251e+01   -5.72977e+01    4.50804e-06

           Step           Time
          63000      126.00000

   Energies (kJ/mol)
           Bond            U-B    Proper Dih.  Improper Dih.          LJ-14
    3.92595e+03    1.73628e+04    6.28098e+03    6.25943e+02    2.23141e+03
     Coulomb-14        LJ (SR)  Disper. corr.   Coulomb (SR)   Coul. recip.
   -2.06355e+04    2.73744e+04   -9.00541e+02   -4.65800e+05    1.40405e+03
      Potential    Kinetic En.   Total Energy  Conserved En.    Temperature
   -4.28131e+05    9.76966e+04   -3.30434e+05   -3.15125e+05    2.97926e+02
 Pres. DC (bar) Pressure (bar)   Constr. rmsd
   -1.73251e+01    2.33443e+00    4.50804e-06

           Step           Time
          64000      128.00000

   Energies (kJ/mol)
           Bond            U-B    Proper Dih.  Improper Dih.          LJ-14
    3.76139e+03    1.69903e+04    6.50803e+03    7.31502e+02    2.23254e+03
     Coulomb-14        LJ (SR)  Disper. corr.   Coulomb (SR)   Coul. recip.
   -2.02023e+04    2.65541e+04   -9.00541e+02   -4.65179e+05    1.47634e+03
      Potential    Kinetic En.   Total Energy  Conserved En.    Temperature
   -4.28027e+05    9.80838e+04   -3.29944e+05   -3.15109e+05    2.99107e+02
 Pres. DC (bar) Pressure (bar)   Constr. rmsd
   -1.73251e+01   -2.50319e+01    4.50804e-06

           Step           Time
          65000      130.00000

   Energies (kJ/mol)
           Bond            U-B    Proper Dih.  Improper Dih.          LJ-14
    3.83448e+03    1.71859e+04    6.41628e+03    7.01324e+02    2.19344e+03
     Coulomb-14        LJ (SR)  Disper. corr.   Coulomb (SR)   Coul. recip.
   -2.04428e+04    2.59862e+04   -9.00541e+02   -4.63783e+05    1.42985e+03
      Potential    Kinetic En.   Total Energy  Conserved En.    Temperature
   -4.27379e+05    9.81965e+04   -3.29182e+05   -3.15095e+05    2.99450e+02
 Pres. DC (bar) Pressure (bar)   Constr. rmsd
   -1.73251e+01   -1.02399e+02    4.50804e-06

           Step           Time
          66000      132.00000

   Energies (kJ/mol)
           Bond            U-B    Proper Dih.  Improper Dih.          LJ-14
    3.89046e+03    1.71024e+04    6.45766e+03    6.06029e+02    2.20798e+03
     Coulomb-14        LJ (SR)  Disper. corr.   Coulomb (SR)   Coul. recip.
   -2.05560e+04    2.64926e+04   -9.00541e+02   -4.64600e+05    1.52010e+03
      Potential    Kinetic En.   Total Energy  Conserved En.    Temperature
   -4.27779e+05    9.81675e+04   -3.29612e+05   -3.15071e+05    2.99362e+02
 Pres. DC (bar) Pressure (bar)   Constr. rmsd
   -1.73251e+01    1.95059e+01    4.50804e-06

           Step           Time
          67000      134.00000

   Energies (kJ/mol)
           Bond            U-B    Proper Dih.  Improper Dih.          LJ-14
    3.70664e+03    1.72882e+04    6.32041e+03    6.66371e+02    2.17209e+03
     Coulomb-14        LJ (SR)  Disper. corr.   Coulomb (SR)   Coul. recip.
   -2.03894e+04    2.66793e+04   -9.00541e+02   -4.64199e+05    1.44860e+03
      Potential    Kinetic En.   Total Energy  Conserved En.    Temperature
   -4.27208e+05    9.80863e+04   -3.29121e+05   -3.15042e+05    2.99114e+02
 Pres. DC (bar) Pressure (bar)   Constr. rmsd
   -1.73251e+01    1.12382e+01    4.50804e-06

           Step           Time
          68000      136.00000

   Energies (kJ/mol)
           Bond            U-B    Proper Dih.  Improper Dih.          LJ-14
    3.77893e+03    1.72855e+04    6.37529e+03    6.33054e+02    2.11728e+03
     Coulomb-14        LJ (SR)  Disper. corr.   Coulomb (SR)   Coul. recip.
   -1.99407e+04    2.67187e+04   -9.00541e+02   -4.63713e+05    1.45359e+03
      Potential    Kinetic En.   Total Energy  Conserved En.    Temperature
   -4.26192e+05    9.83954e+04   -3.27796e+05   -3.15025e+05    3.00057e+02
 Pres. DC (bar) Pressure (bar)   Constr. rmsd
   -1.73251e+01   -5.34039e+01    4.50804e-06

           Step           Time
          69000      138.00000

   Energies (kJ/mol)
           Bond            U-B    Proper Dih.  Improper Dih.          LJ-14
    3.93619e+03    1.73384e+04    6.36500e+03    7.41817e+02    2.09513e+03
     Coulomb-14        LJ (SR)  Disper. corr.   Coulomb (SR)   Coul. recip.
   -2.02969e+04    2.68338e+04   -9.00541e+02   -4.63973e+05    1.41964e+03
      Potential    Kinetic En.   Total Energy  Conserved En.    Temperature
   -4.26440e+05    9.79397e+04   -3.28501e+05   -3.14988e+05    2.98667e+02
 Pres. DC (bar) Pressure (bar)   Constr. rmsd
   -1.73251e+01   -1.33795e+02    4.50804e-06

           Step           Time
          70000      140.00000

   Energies (kJ/mol)
           Bond            U-B    Proper Dih.  Improper Dih.          LJ-14
    3.83106e+03    1.72402e+04    6.42480e+03    6.90152e+02    2.16921e+03
     Coulomb-14        LJ (SR)  Disper. corr.   Coulomb (SR)   Coul. recip.
   -1.97901e+04    2.68723e+04   -9.00541e+02   -4.64536e+05    1.50589e+03
      Potential    Kinetic En.   Total Energy  Conserved En.    Temperature
   -4.26493e+05    9.83834e+04   -3.28109e+05   -3.14978e+05    3.00020e+02
 Pres. DC (bar) Pressure (bar)   Constr. rmsd
   -1.73251e+01   -7.76836e+01    4.50804e-06

           Step           Time
          71000      142.00000

   Energies (kJ/mol)
           Bond            U-B    Proper Dih.  Improper Dih.          LJ-14
    3.82415e+03    1.73039e+04    6.38714e+03    6.57519e+02    2.22171e+03
     Coulomb-14        LJ (SR)  Disper. corr.   Coulomb (SR)   Coul. recip.
   -2.07694e+04    2.73218e+04   -9.00541e+02   -4.64764e+05    1.44735e+03
      Potential    Kinetic En.   Total Energy  Conserved En.    Temperature
   -4.27270e+05    9.75119e+04   -3.29758e+05   -3.14947e+05    2.97363e+02
 Pres. DC (bar) Pressure (bar)   Constr. rmsd
   -1.73251e+01   -2.45369e+01    4.50804e-06

           Step           Time
          72000      144.00000

Writing checkpoint, step 72000 at Tue Jun 17 16:07:15 2025


   Energies (kJ/mol)
           Bond            U-B    Proper Dih.  Improper Dih.          LJ-14
    3.81874e+03    1.69975e+04    6.51805e+03    6.73254e+02    2.20014e+03
     Coulomb-14        LJ (SR)  Disper. corr.   Coulomb (SR)   Coul. recip.
   -2.06031e+04    2.82417e+04   -9.00541e+02   -4.64937e+05    1.44291e+03
      Potential    Kinetic En.   Total Energy  Conserved En.    Temperature
   -4.26548e+05    9.73341e+04   -3.29214e+05   -3.14958e+05    2.96820e+02
 Pres. DC (bar) Pressure (bar)   Constr. rmsd
   -1.73251e+01    1.05315e+02    4.50804e-06

           Step           Time
          73000      146.00000

   Energies (kJ/mol)
           Bond            U-B    Proper Dih.  Improper Dih.          LJ-14
    3.84584e+03    1.70518e+04    6.55145e+03    7.04527e+02    2.14432e+03
     Coulomb-14        LJ (SR)  Disper. corr.   Coulomb (SR)   Coul. recip.
   -2.05082e+04    2.64078e+04   -9.00541e+02   -4.64523e+05    1.47319e+03
      Potential    Kinetic En.   Total Energy  Conserved En.    Temperature
   -4.27753e+05    9.77556e+04   -3.29997e+05   -3.14949e+05    2.98106e+02
 Pres. DC (bar) Pressure (bar)   Constr. rmsd
   -1.73251e+01   -8.66579e+01    4.50804e-06

           Step           Time
          74000      148.00000

   Energies (kJ/mol)
           Bond            U-B    Proper Dih.  Improper Dih.          LJ-14
    3.70863e+03    1.70788e+04    6.32206e+03    5.41595e+02    2.19726e+03
     Coulomb-14        LJ (SR)  Disper. corr.   Coulomb (SR)   Coul. recip.
   -2.02931e+04    2.72392e+04   -9.00541e+02   -4.64997e+05    1.45273e+03
      Potential    Kinetic En.   Total Energy  Conserved En.    Temperature
   -4.27650e+05    9.75292e+04   -3.30121e+05   -3.14923e+05    2.97416e+02
 Pres. DC (bar) Pressure (bar)   Constr. rmsd
   -1.73251e+01   -1.27148e+01    4.50804e-06

           Step           Time
          75000      150.00000

   Energies (kJ/mol)
           Bond            U-B    Proper Dih.  Improper Dih.          LJ-14
    3.75771e+03    1.68238e+04    6.26275e+03    6.81725e+02    2.16684e+03
     Coulomb-14        LJ (SR)  Disper. corr.   Coulomb (SR)   Coul. recip.
   -2.03825e+04    2.64824e+04   -9.00541e+02   -4.64323e+05    1.44088e+03
      Potential    Kinetic En.   Total Energy  Conserved En.    Temperature
   -4.27990e+05    9.77566e+04   -3.30234e+05   -3.14909e+05    2.98109e+02
 Pres. DC (bar) Pressure (bar)   Constr. rmsd
   -1.73251e+01   -1.17738e+02    4.50804e-06

           Step           Time
          76000      152.00000

   Energies (kJ/mol)
           Bond            U-B    Proper Dih.  Improper Dih.          LJ-14
    3.91232e+03    1.66985e+04    6.40696e+03    7.13188e+02    2.21548e+03
     Coulomb-14        LJ (SR)  Disper. corr.   Coulomb (SR)   Coul. recip.
   -2.05848e+04    2.64101e+04   -9.00541e+02   -4.62813e+05    1.51045e+03
      Potential    Kinetic En.   Total Energy  Conserved En.    Temperature
   -4.26431e+05    9.70140e+04   -3.29417e+05   -3.14883e+05    2.95844e+02
 Pres. DC (bar) Pressure (bar)   Constr. rmsd
   -1.73251e+01   -1.06292e+02    4.50804e-06

           Step           Time
          77000      154.00000

   Energies (kJ/mol)
           Bond            U-B    Proper Dih.  Improper Dih.          LJ-14
    3.65963e+03    1.70382e+04    6.46472e+03    7.28010e+02    2.24728e+03
     Coulomb-14        LJ (SR)  Disper. corr.   Coulomb (SR)   Coul. recip.
   -2.02522e+04    2.55575e+04   -9.00541e+02   -4.61859e+05    1.45701e+03
      Potential    Kinetic En.   Total Energy  Conserved En.    Temperature
   -4.25860e+05    9.71893e+04   -3.28671e+05   -3.14876e+05    2.96379e+02
 Pres. DC (bar) Pressure (bar)   Constr. rmsd
   -1.73251e+01   -7.21948e+01    4.50804e-06

           Step           Time
          78000      156.00000

   Energies (kJ/mol)
           Bond            U-B    Proper Dih.  Improper Dih.          LJ-14
    3.77199e+03    1.68343e+04    6.42752e+03    7.59503e+02    2.25304e+03
     Coulomb-14        LJ (SR)  Disper. corr.   Coulomb (SR)   Coul. recip.
   -2.01632e+04    2.71238e+04   -9.00541e+02   -4.64734e+05    1.50719e+03
      Potential    Kinetic En.   Total Energy  Conserved En.    Temperature
   -4.27120e+05    9.88759e+04   -3.28244e+05   -3.14880e+05    3.01522e+02
 Pres. DC (bar) Pressure (bar)   Constr. rmsd
   -1.73251e+01   -7.18291e+01    4.50804e-06

           Step           Time
          79000      158.00000

   Energies (kJ/mol)
           Bond            U-B    Proper Dih.  Improper Dih.          LJ-14
    3.70883e+03    1.70578e+04    6.30662e+03    7.37310e+02    2.28713e+03
     Coulomb-14        LJ (SR)  Disper. corr.   Coulomb (SR)   Coul. recip.
   -2.04104e+04    2.72405e+04   -9.00541e+02   -4.64892e+05    1.51258e+03
      Potential    Kinetic En.   Total Energy  Conserved En.    Temperature
   -4.27352e+05    9.83399e+04   -3.29012e+05   -3.14817e+05    2.99888e+02
 Pres. DC (bar) Pressure (bar)   Constr. rmsd
   -1.73251e+01    2.95504e+01    4.50804e-06

           Step           Time
          80000      160.00000

   Energies (kJ/mol)
           Bond            U-B    Proper Dih.  Improper Dih.          LJ-14
    3.65878e+03    1.69564e+04    6.35954e+03    5.87549e+02    2.27225e+03
     Coulomb-14        LJ (SR)  Disper. corr.   Coulomb (SR)   Coul. recip.
   -2.05105e+04    2.76098e+04   -9.00541e+02   -4.65903e+05    1.42373e+03
      Potential    Kinetic En.   Total Energy  Conserved En.    Temperature
   -4.28446e+05    9.70880e+04   -3.31358e+05   -3.14795e+05    2.96070e+02
 Pres. DC (bar) Pressure (bar)   Constr. rmsd
   -1.73251e+01    9.95084e+01    4.50804e-06

           Step           Time
          81000      162.00000

   Energies (kJ/mol)
           Bond            U-B    Proper Dih.  Improper Dih.          LJ-14
    3.85460e+03    1.69533e+04    6.41844e+03    6.63487e+02    2.22688e+03
     Coulomb-14        LJ (SR)  Disper. corr.   Coulomb (SR)   Coul. recip.
   -2.06352e+04    2.66010e+04   -9.00541e+02   -4.64732e+05    1.49715e+03
      Potential    Kinetic En.   Total Energy  Conserved En.    Temperature
   -4.28052e+05    9.80754e+04   -3.29977e+05   -3.14801e+05    2.99081e+02
 Pres. DC (bar) Pressure (bar)   Constr. rmsd
   -1.73251e+01   -4.06282e+01    4.50804e-06

           Step           Time
          82000      164.00000

   Energies (kJ/mol)
           Bond            U-B    Proper Dih.  Improper Dih.          LJ-14
    3.85356e+03    1.68155e+04    6.37359e+03    6.60349e+02    2.20967e+03
     Coulomb-14        LJ (SR)  Disper. corr.   Coulomb (SR)   Coul. recip.
   -2.08183e+04    2.47588e+04   -9.00541e+02   -4.62397e+05    1.43934e+03
      Potential    Kinetic En.   Total Energy  Conserved En.    Temperature
   -4.28005e+05    9.83570e+04   -3.29648e+05   -3.14787e+05    2.99940e+02
 Pres. DC (bar) Pressure (bar)   Constr. rmsd
   -1.73251e+01   -9.68490e+01    4.50804e-06

           Step           Time
          83000      166.00000

   Energies (kJ/mol)
           Bond            U-B    Proper Dih.  Improper Dih.          LJ-14
    3.70227e+03    1.74129e+04    6.22894e+03    6.34126e+02    2.18326e+03
     Coulomb-14        LJ (SR)  Disper. corr.   Coulomb (SR)   Coul. recip.
   -2.03493e+04    2.68340e+04   -9.00541e+02   -4.64549e+05    1.48474e+03
      Potential    Kinetic En.   Total Energy  Conserved En.    Temperature
   -4.27318e+05    9.79175e+04   -3.29401e+05   -3.14733e+05    2.98600e+02
 Pres. DC (bar) Pressure (bar)   Constr. rmsd
   -1.73251e+01   -4.69240e+01    4.50804e-06

           Step           Time
          84000      168.00000

   Energies (kJ/mol)
           Bond            U-B    Proper Dih.  Improper Dih.          LJ-14
    3.69173e+03    1.70800e+04    6.31055e+03    6.37323e+02    2.16529e+03
     Coulomb-14        LJ (SR)  Disper. corr.   Coulomb (SR)   Coul. recip.
   -2.04962e+04    2.60986e+04   -9.00541e+02   -4.62560e+05    1.47515e+03
      Potential    Kinetic En.   Total Energy  Conserved En.    Temperature
   -4.26498e+05    9.78879e+04   -3.28610e+05   -3.14792e+05    2.98509e+02
 Pres. DC (bar) Pressure (bar)   Constr. rmsd
   -1.73251e+01   -6.23615e+01    4.50804e-06

           Step           Time
          85000      170.00000

   Energies (kJ/mol)
           Bond            U-B    Proper Dih.  Improper Dih.          LJ-14
    3.62605e+03    1.76736e+04    6.23142e+03    6.47930e+02    2.21368e+03
     Coulomb-14        LJ (SR)  Disper. corr.   Coulomb (SR)   Coul. recip.
   -2.05837e+04    2.70307e+04   -9.00541e+02   -4.64790e+05    1.43631e+03
      Potential    Kinetic En.   Total Energy  Conserved En.    Temperature
   -4.27414e+05    9.89667e+04   -3.28448e+05   -3.14709e+05    3.01799e+02
 Pres. DC (bar) Pressure (bar)   Constr. rmsd
   -1.73251e+01    4.50993e+01    4.50804e-06

           Step           Time
          86000      172.00000

   Energies (kJ/mol)
           Bond            U-B    Proper Dih.  Improper Dih.          LJ-14
    3.84317e+03    1.70998e+04    6.32937e+03    6.40771e+02    2.22965e+03
     Coulomb-14        LJ (SR)  Disper. corr.   Coulomb (SR)   Coul. recip.
   -2.05360e+04    2.89240e+04   -9.00541e+02   -4.65996e+05    1.47730e+03
      Potential    Kinetic En.   Total Energy  Conserved En.    Temperature
   -4.26889e+05    9.91816e+04   -3.27707e+05   -3.14722e+05    3.02454e+02
 Pres. DC (bar) Pressure (bar)   Constr. rmsd
   -1.73251e+01    1.14017e+02    4.50804e-06

           Step           Time
          87000      174.00000

   Energies (kJ/mol)
           Bond            U-B    Proper Dih.  Improper Dih.          LJ-14
    3.77349e+03    1.74732e+04    6.29612e+03    6.48577e+02    2.13481e+03
     Coulomb-14        LJ (SR)  Disper. corr.   Coulomb (SR)   Coul. recip.
   -2.03909e+04    2.70990e+04   -9.00541e+02   -4.64832e+05    1.41496e+03
      Potential    Kinetic En.   Total Energy  Conserved En.    Temperature
   -4.27283e+05    9.72676e+04   -3.30016e+05   -3.14662e+05    2.96618e+02
 Pres. DC (bar) Pressure (bar)   Constr. rmsd
   -1.73251e+01   -7.59699e+01    4.50804e-06

           Step           Time
          88000      176.00000

   Energies (kJ/mol)
           Bond            U-B    Proper Dih.  Improper Dih.          LJ-14
    3.77548e+03    1.73647e+04    6.25592e+03    6.82724e+02    2.19137e+03
     Coulomb-14        LJ (SR)  Disper. corr.   Coulomb (SR)   Coul. recip.
   -2.02959e+04    2.67358e+04   -9.00541e+02   -4.65165e+05    1.49307e+03
      Potential    Kinetic En.   Total Energy  Conserved En.    Temperature
   -4.27862e+05    9.79129e+04   -3.29949e+05   -3.14645e+05    2.98585e+02
 Pres. DC (bar) Pressure (bar)   Constr. rmsd
   -1.73251e+01   -1.12712e+02    4.50804e-06

           Step           Time
          89000      178.00000

   Energies (kJ/mol)
           Bond            U-B    Proper Dih.  Improper Dih.          LJ-14
    3.78309e+03    1.70809e+04    6.33012e+03    6.48773e+02    2.13955e+03
     Coulomb-14        LJ (SR)  Disper. corr.   Coulomb (SR)   Coul. recip.
   -2.04722e+04    2.61748e+04   -9.00541e+02   -4.63862e+05    1.47020e+03
      Potential    Kinetic En.   Total Energy  Conserved En.    Temperature
   -4.27607e+05    9.80280e+04   -3.29579e+05   -3.14654e+05    2.98937e+02
 Pres. DC (bar) Pressure (bar)   Constr. rmsd
   -1.73251e+01   -1.18854e+02    4.50804e-06

           Step           Time
          90000      180.00000

   Energies (kJ/mol)
           Bond            U-B    Proper Dih.  Improper Dih.          LJ-14
    3.72435e+03    1.73037e+04    6.21462e+03    6.45078e+02    2.18147e+03
     Coulomb-14        LJ (SR)  Disper. corr.   Coulomb (SR)   Coul. recip.
   -2.06282e+04    2.69586e+04   -9.00541e+02   -4.64254e+05    1.44062e+03
      Potential    Kinetic En.   Total Energy  Conserved En.    Temperature
   -4.27314e+05    9.76322e+04   -3.29682e+05   -3.14612e+05    2.97730e+02
 Pres. DC (bar) Pressure (bar)   Constr. rmsd
   -1.73251e+01    4.61784e+01    4.50804e-06

           Step           Time
          91000      182.00000

   Energies (kJ/mol)
           Bond            U-B    Proper Dih.  Improper Dih.          LJ-14
    3.90855e+03    1.66679e+04    6.28439e+03    6.35005e+02    2.17122e+03
     Coulomb-14        LJ (SR)  Disper. corr.   Coulomb (SR)   Coul. recip.
   -2.06647e+04    2.65978e+04   -9.00541e+02   -4.63705e+05    1.45893e+03
      Potential    Kinetic En.   Total Energy  Conserved En.    Temperature
   -4.27546e+05    9.81662e+04   -3.29380e+05   -3.14621e+05    2.99358e+02
 Pres. DC (bar) Pressure (bar)   Constr. rmsd
   -1.73251e+01   -2.15801e+01    4.50804e-06

           Step           Time
          92000      184.00000

   Energies (kJ/mol)
           Bond            U-B    Proper Dih.  Improper Dih.          LJ-14
    3.68454e+03    1.73248e+04    6.33483e+03    7.10650e+02    2.21479e+03
     Coulomb-14        LJ (SR)  Disper. corr.   Coulomb (SR)   Coul. recip.
   -2.12681e+04    2.70666e+04   -9.00541e+02   -4.64608e+05    1.52960e+03
      Potential    Kinetic En.   Total Energy  Conserved En.    Temperature
   -4.27911e+05    9.81065e+04   -3.29804e+05   -3.14588e+05    2.99176e+02
 Pres. DC (bar) Pressure (bar)   Constr. rmsd
   -1.73251e+01    6.84101e+01    4.50804e-06

           Step           Time
          93000      186.00000

   Energies (kJ/mol)
           Bond            U-B    Proper Dih.  Improper Dih.          LJ-14
    3.98988e+03    1.71202e+04    6.39515e+03    6.54390e+02    2.22224e+03
     Coulomb-14        LJ (SR)  Disper. corr.   Coulomb (SR)   Coul. recip.
   -2.10891e+04    2.64844e+04   -9.00541e+02   -4.62898e+05    1.58725e+03
      Potential    Kinetic En.   Total Energy  Conserved En.    Temperature
   -4.26434e+05    9.82039e+04   -3.28230e+05   -3.14568e+05    2.99473e+02
 Pres. DC (bar) Pressure (bar)   Constr. rmsd
   -1.73251e+01   -1.73458e+01    4.50804e-06

           Step           Time
          94000      188.00000

   Energies (kJ/mol)
           Bond            U-B    Proper Dih.  Improper Dih.          LJ-14
    3.79207e+03    1.73824e+04    6.19467e+03    6.34220e+02    2.16823e+03
     Coulomb-14        LJ (SR)  Disper. corr.   Coulomb (SR)   Coul. recip.
   -2.06481e+04    2.73110e+04   -9.00541e+02   -4.65040e+05    1.49317e+03
      Potential    Kinetic En.   Total Energy  Conserved En.    Temperature
   -4.27613e+05    9.76106e+04   -3.30002e+05   -3.14531e+05    2.97664e+02
 Pres. DC (bar) Pressure (bar)   Constr. rmsd
   -1.73251e+01   -6.85737e+01    4.50804e-06

           Step           Time
          95000      190.00000

   Energies (kJ/mol)
           Bond            U-B    Proper Dih.  Improper Dih.          LJ-14
    3.85996e+03    1.66511e+04    6.24450e+03    6.28652e+02    2.15420e+03
     Coulomb-14        LJ (SR)  Disper. corr.   Coulomb (SR)   Coul. recip.
   -2.08711e+04    2.65573e+04   -9.00541e+02   -4.64586e+05    1.47360e+03
      Potential    Kinetic En.   Total Energy  Conserved En.    Temperature
   -4.28788e+05    9.77379e+04   -3.31050e+05   -3.14554e+05    2.98052e+02
 Pres. DC (bar) Pressure (bar)   Constr. rmsd
   -1.73251e+01   -5.33044e+01    4.50804e-06

           Step           Time
          96000      192.00000

   Energies (kJ/mol)
           Bond            U-B    Proper Dih.  Improper Dih.          LJ-14
    3.69821e+03    1.72344e+04    6.28913e+03    7.10613e+02    2.26150e+03
     Coulomb-14        LJ (SR)  Disper. corr.   Coulomb (SR)   Coul. recip.
   -2.11407e+04    2.73085e+04   -9.00541e+02   -4.63940e+05    1.41424e+03
      Potential    Kinetic En.   Total Energy  Conserved En.    Temperature
   -4.27065e+05    9.84554e+04   -3.28609e+05   -3.14529e+05    3.00240e+02
 Pres. DC (bar) Pressure (bar)   Constr. rmsd
   -1.73251e+01    1.27316e+02    4.50804e-06

           Step           Time
          97000      194.00000

   Energies (kJ/mol)
           Bond            U-B    Proper Dih.  Improper Dih.          LJ-14
    3.74006e+03    1.71077e+04    6.44842e+03    6.50207e+02    2.22062e+03
     Coulomb-14        LJ (SR)  Disper. corr.   Coulomb (SR)   Coul. recip.
   -2.06249e+04    2.63801e+04   -9.00541e+02   -4.63575e+05    1.43925e+03
      Potential    Kinetic En.   Total Energy  Conserved En.    Temperature
   -4.27114e+05    9.79022e+04   -3.29211e+05   -3.14505e+05    2.98553e+02
 Pres. DC (bar) Pressure (bar)   Constr. rmsd
   -1.73251e+01   -1.56771e+02    4.50804e-06

           Step           Time
          98000      196.00000

   Energies (kJ/mol)
           Bond            U-B    Proper Dih.  Improper Dih.          LJ-14
    3.80528e+03    1.69513e+04    6.36018e+03    6.81517e+02    2.19417e+03
     Coulomb-14        LJ (SR)  Disper. corr.   Coulomb (SR)   Coul. recip.
   -2.06201e+04    2.70992e+04   -9.00541e+02   -4.64518e+05    1.55201e+03
      Potential    Kinetic En.   Total Energy  Conserved En.    Temperature
   -4.27395e+05    9.74774e+04   -3.29917e+05   -3.14461e+05    2.97257e+02
 Pres. DC (bar) Pressure (bar)   Constr. rmsd
   -1.73251e+01    5.43507e+01    4.50804e-06

           Step           Time
          99000      198.00000

   Energies (kJ/mol)
           Bond            U-B    Proper Dih.  Improper Dih.          LJ-14
    3.71837e+03    1.70235e+04    6.37422e+03    6.02743e+02    2.22144e+03
     Coulomb-14        LJ (SR)  Disper. corr.   Coulomb (SR)   Coul. recip.
   -2.04241e+04    2.64394e+04   -9.00541e+02   -4.64819e+05    1.41322e+03
      Potential    Kinetic En.   Total Energy  Conserved En.    Temperature
   -4.28351e+05    9.70855e+04   -3.31265e+05   -3.14446e+05    2.96063e+02
 Pres. DC (bar) Pressure (bar)   Constr. rmsd
   -1.73251e+01   -1.30625e+02    4.50804e-06

           Step           Time
         100000      200.00000

   Energies (kJ/mol)
           Bond            U-B    Proper Dih.  Improper Dih.          LJ-14
    3.74545e+03    1.65018e+04    6.33774e+03    6.95752e+02    2.13191e+03
     Coulomb-14        LJ (SR)  Disper. corr.   Coulomb (SR)   Coul. recip.
   -2.01799e+04    2.67275e+04   -9.00541e+02   -4.65217e+05    1.44228e+03
      Potential    Kinetic En.   Total Energy  Conserved En.    Temperature
   -4.28715e+05    9.77851e+04   -3.30930e+05   -3.14483e+05    2.98196e+02
 Pres. DC (bar) Pressure (bar)   Constr. rmsd
   -1.73251e+01   -1.03038e+02    4.50804e-06

           Step           Time
         101000      202.00000

   Energies (kJ/mol)
           Bond            U-B    Proper Dih.  Improper Dih.          LJ-14
    3.81752e+03    1.72341e+04    6.26266e+03    6.43805e+02    2.25945e+03
     Coulomb-14        LJ (SR)  Disper. corr.   Coulomb (SR)   Coul. recip.
   -2.05677e+04    2.68683e+04   -9.00541e+02   -4.64346e+05    1.40205e+03
      Potential    Kinetic En.   Total Energy  Conserved En.    Temperature
   -4.27326e+05    9.78667e+04   -3.29459e+05   -3.14404e+05    2.98445e+02
 Pres. DC (bar) Pressure (bar)   Constr. rmsd
   -1.73251e+01    3.56655e+01    4.50804e-06

           Step           Time
         102000      204.00000

   Energies (kJ/mol)
           Bond            U-B    Proper Dih.  Improper Dih.          LJ-14
    3.78054e+03    1.71708e+04    6.43509e+03    7.12749e+02    2.18635e+03
     Coulomb-14        LJ (SR)  Disper. corr.   Coulomb (SR)   Coul. recip.
   -2.02054e+04    2.71147e+04   -9.00541e+02   -4.64648e+05    1.45566e+03
      Potential    Kinetic En.   Total Energy  Conserved En.    Temperature
   -4.26898e+05    9.72927e+04   -3.29606e+05   -3.14394e+05    2.96694e+02
 Pres. DC (bar) Pressure (bar)   Constr. rmsd
   -1.73251e+01   -7.87851e+01    4.50804e-06

           Step           Time
         103000      206.00000

   Energies (kJ/mol)
           Bond            U-B    Proper Dih.  Improper Dih.          LJ-14
    3.87055e+03    1.69552e+04    6.27171e+03    6.59658e+02    2.12904e+03
     Coulomb-14        LJ (SR)  Disper. corr.   Coulomb (SR)   Coul. recip.
   -1.98670e+04    2.66676e+04   -9.00541e+02   -4.65753e+05    1.48038e+03
      Potential    Kinetic En.   Total Energy  Conserved En.    Temperature
   -4.28486e+05    9.80331e+04   -3.30453e+05   -3.14406e+05    2.98952e+02
 Pres. DC (bar) Pressure (bar)   Constr. rmsd
   -1.73251e+01   -4.56029e+01    4.50804e-06

           Step           Time
         104000      208.00000

   Energies (kJ/mol)
           Bond            U-B    Proper Dih.  Improper Dih.          LJ-14
    3.80377e+03    1.71024e+04    6.30054e+03    6.40783e+02    2.10354e+03
     Coulomb-14        LJ (SR)  Disper. corr.   Coulomb (SR)   Coul. recip.
   -2.04124e+04    2.60870e+04   -9.00541e+02   -4.63378e+05    1.49902e+03
      Potential    Kinetic En.   Total Energy  Conserved En.    Temperature
   -4.27154e+05    9.72332e+04   -3.29921e+05   -3.14354e+05    2.96513e+02
 Pres. DC (bar) Pressure (bar)   Constr. rmsd
   -1.73251e+01   -1.67857e+02    4.50804e-06

           Step           Time
         105000      210.00000

   Energies (kJ/mol)
           Bond            U-B    Proper Dih.  Improper Dih.          LJ-14
    3.85410e+03    1.69513e+04    6.40274e+03    7.26670e+02    2.10232e+03
     Coulomb-14        LJ (SR)  Disper. corr.   Coulomb (SR)   Coul. recip.
   -2.01250e+04    2.77681e+04   -9.00541e+02   -4.64701e+05    1.51876e+03
      Potential    Kinetic En.   Total Energy  Conserved En.    Temperature
   -4.26403e+05    9.82349e+04   -3.28168e+05   -3.14357e+05    2.99567e+02
 Pres. DC (bar) Pressure (bar)   Constr. rmsd
   -1.73251e+01   -4.33110e+01    4.50804e-06

           Step           Time
         106000      212.00000

   Energies (kJ/mol)
           Bond            U-B    Proper Dih.  Improper Dih.          LJ-14
    3.83290e+03    1.72651e+04    6.32426e+03    7.12701e+02    2.16835e+03
     Coulomb-14        LJ (SR)  Disper. corr.   Coulomb (SR)   Coul. recip.
   -2.09766e+04    2.69735e+04   -9.00541e+02   -4.63774e+05    1.56700e+03
      Potential    Kinetic En.   Total Energy  Conserved En.    Temperature
   -4.26807e+05    9.79509e+04   -3.28856e+05   -3.14327e+05    2.98702e+02
 Pres. DC (bar) Pressure (bar)   Constr. rmsd
   -1.73251e+01    1.64937e+01    4.50804e-06

           Step           Time
         107000      214.00000

   Energies (kJ/mol)
           Bond            U-B    Proper Dih.  Improper Dih.          LJ-14
    3.87317e+03    1.73436e+04    6.55507e+03    6.99963e+02    2.18672e+03
     Coulomb-14        LJ (SR)  Disper. corr.   Coulomb (SR)   Coul. recip.
   -2.05058e+04    2.63500e+04   -9.00541e+02   -4.64011e+05    1.50018e+03
      Potential    Kinetic En.   Total Energy  Conserved En.    Temperature
   -4.26909e+05    9.76923e+04   -3.29216e+05   -3.14284e+05    2.97913e+02
 Pres. DC (bar) Pressure (bar)   Constr. rmsd
   -1.73251e+01   -6.94347e+01    4.50804e-06

           Step           Time
         108000      216.00000

   Energies (kJ/mol)
           Bond            U-B    Proper Dih.  Improper Dih.          LJ-14
    3.76264e+03    1.70729e+04    6.47320e+03    6.07491e+02    2.14178e+03
     Coulomb-14        LJ (SR)  Disper. corr.   Coulomb (SR)   Coul. recip.
   -2.02505e+04    2.65621e+04   -9.00541e+02   -4.63479e+05    1.49838e+03
      Potential    Kinetic En.   Total Energy  Conserved En.    Temperature
   -4.26511e+05    9.75935e+04   -3.28918e+05   -3.14305e+05    2.97612e+02
 Pres. DC (bar) Pressure (bar)   Constr. rmsd
   -1.73251e+01   -6.52436e+01    4.50804e-06

           Step           Time
         109000      218.00000

   Energies (kJ/mol)
           Bond            U-B    Proper Dih.  Improper Dih.          LJ-14
    3.71193e+03    1.69455e+04    6.36716e+03    6.42416e+02    2.21326e+03
     Coulomb-14        LJ (SR)  Disper. corr.   Coulomb (SR)   Coul. recip.
   -2.01575e+04    2.63775e+04   -9.00541e+02   -4.64193e+05    1.45356e+03
      Potential    Kinetic En.   Total Energy  Conserved En.    Temperature
   -4.27540e+05    9.72017e+04   -3.30338e+05   -3.14284e+05    2.96417e+02
 Pres. DC (bar) Pressure (bar)   Constr. rmsd
   -1.73251e+01   -5.16270e+01    4.50804e-06

