                      :-) GROMACS - gmx mdrun, 2021.5 (-:

                            GROMACS is written by:
     Andrey Alekseenko              Emile Apol              Rossen Apostolov     
         Paul Bauer           Herman J.C. Berendsen           Par Bjelkmar       
       Christian Blau           Viacheslav Bolnykh             Kevin Boyd        
     Aldert van Buuren           Rudi van Drunen             Anton Feenstra      
    Gilles Gouaillardet             Alan Gray               Gerrit Groenhof      
       Anca Hamuraru            Vincent Hindriksen          M. Eric Irrgang      
      Aleksei Iupinov           Christoph Junghans             Joe Jordan        
    Dimitrios Karkoulis            Peter Kasson                Jiri Kraus        
      Carsten Kutzner              Per Larsson              Justin A. Lemkul     
       Viveca Lindahl            Magnus Lundborg             Erik Marklund       
        Pascal Merz             Pieter Meulenhoff            Teemu Murtola       
        Szilard Pall               Sander Pronk              Roland Schulz       
       Michael Shirts            Alexey Shvetsov             Alfons Sijbers      
       Peter Tieleman              Jon Vincent              Teemu Virolainen     
     Christian Wennberg            Maarten Wolf              Artem Zhmurov       
                           and the project leaders:
        Mark Abraham, Berk Hess, Erik Lindahl, and David van der Spoel

Copyright (c) 1991-2000, University of Groningen, The Netherlands.
Copyright (c) 2001-2019, The GROMACS development team at
Uppsala University, Stockholm University and
the Royal Institute of Technology, Sweden.
check out http://www.gromacs.org for more information.

GROMACS is free software; you can redistribute it and/or modify it
under the terms of the GNU Lesser General Public License
as published by the Free Software Foundation; either version 2.1
of the License, or (at your option) any later version.

GROMACS:      gmx mdrun, version 2021.5
Executable:   /usr/local/gromacs_2021.5/bin/gmx
Data prefix:  /usr/local/gromacs_2021.5
Working dir:  /srv/home/apbal/work/REU/mixtures/pure_mix/SOL-MEOH-TIP5
Process ID:   1013964
Command line:
  gmx mdrun -v -deffnm npt_pr -ntomp 10 -nb gpu -bonded cpu -update cpu -ntmpi 1 -cpt 1

GROMACS version:    2021.5
Precision:          mixed
Memory model:       64 bit
MPI library:        thread_mpi
OpenMP support:     enabled (GMX_OPENMP_MAX_THREADS = 256)
GPU support:        CUDA
SIMD instructions:  AVX2_256
FFT library:        fftw-3.3.8-sse2-avx-avx2-avx2_128
RDTSCP usage:       enabled
TNG support:        enabled
Hwloc support:      disabled
Tracing support:    disabled
C compiler:         /usr/bin/cc GNU 9.4.0
C compiler flags:   -mavx2 -mfma -Wno-missing-field-initializers -fexcess-precision=fast -funroll-all-loops -pthread -O3 -DNDEBUG
C++ compiler:       /usr/bin/c++ GNU 9.4.0
C++ compiler flags: -mavx2 -mfma -Wno-missing-field-initializers -fexcess-precision=fast -funroll-all-loops -pthread -fopenmp -O3 -DNDEBUG
CUDA compiler:      /usr/local/cuda-12.2/bin/nvcc nvcc: NVIDIA (R) Cuda compiler driver;Copyright (c) 2005-2023 NVIDIA Corporation;Built on Tue_Aug_15_22:02:13_PDT_2023;Cuda compilation tools, release 12.2, V12.2.140;Build cuda_12.2.r12.2/compiler.33191640_0
CUDA compiler flags:-std=c++17;-gencode;arch=compute_60,code=sm_60;-gencode;arch=compute_61,code=sm_61;-gencode;arch=compute_62,code=sm_62;-gencode;arch=compute_70,code=sm_70;-gencode;arch=compute_75,code=sm_75;-gencode;arch=compute_80,code=sm_80;-gencode;arch=compute_86,code=sm_86;-gencode;arch=compute_89,code=sm_89;-gencode;arch=compute_60,code=compute_60;-gencode;arch=compute_61,code=compute_61;-gencode;arch=compute_62,code=compute_62;-gencode;arch=compute_70,code=compute_70;-gencode;arch=compute_75,code=compute_75;-gencode;arch=compute_80,code=compute_80;-gencode;arch=compute_86,code=compute_86;-gencode;arch=compute_89,code=compute_89;-use_fast_math;-D_FORCE_INLINES;-mavx2 -mfma -Wno-missing-field-initializers -fexcess-precision=fast -funroll-all-loops -pthread -fopenmp -O3 -DNDEBUG
CUDA driver:        12.90
CUDA runtime:       12.20


Running on 1 node with total 128 cores, 128 logical cores, 1 compatible GPU
Hardware detected:
  CPU info:
    Vendor: AMD
    Brand:  AMD EPYC 7513 32-Core Processor                
    Family: 25   Model: 1   Stepping: 1
    Features: aes amd apic avx avx2 clfsh cmov cx8 cx16 f16c fma htt lahf misalignsse mmx msr nonstop_tsc pcid pclmuldq pdpe1gb popcnt pse rdrnd rdtscp sha sse2 sse3 sse4a sse4.1 sse4.2 ssse3
  Hardware topology: Only logical processor count
  GPU info:
    Number of GPUs detected: 1
    #0: NVIDIA NVIDIA RTX A4500, compute cap.: 8.6, ECC:  no, stat: compatible


++++ PLEASE READ AND CITE THE FOLLOWING REFERENCE ++++
M. J. Abraham, T. Murtola, R. Schulz, S. Páll, J. C. Smith, B. Hess, E.
Lindahl
GROMACS: High performance molecular simulations through multi-level
parallelism from laptops to supercomputers
SoftwareX 1 (2015) pp. 19-25
-------- -------- --- Thank You --- -------- --------


++++ PLEASE READ AND CITE THE FOLLOWING REFERENCE ++++
S. Páll, M. J. Abraham, C. Kutzner, B. Hess, E. Lindahl
Tackling Exascale Software Challenges in Molecular Dynamics Simulations with
GROMACS
In S. Markidis & E. Laure (Eds.), Solving Software Challenges for Exascale 8759 (2015) pp. 3-27
-------- -------- --- Thank You --- -------- --------


++++ PLEASE READ AND CITE THE FOLLOWING REFERENCE ++++
S. Pronk, S. Páll, R. Schulz, P. Larsson, P. Bjelkmar, R. Apostolov, M. R.
Shirts, J. C. Smith, P. M. Kasson, D. van der Spoel, B. Hess, and E. Lindahl
GROMACS 4.5: a high-throughput and highly parallel open source molecular
simulation toolkit
Bioinformatics 29 (2013) pp. 845-54
-------- -------- --- Thank You --- -------- --------


++++ PLEASE READ AND CITE THE FOLLOWING REFERENCE ++++
B. Hess and C. Kutzner and D. van der Spoel and E. Lindahl
GROMACS 4: Algorithms for highly efficient, load-balanced, and scalable
molecular simulation
J. Chem. Theory Comput. 4 (2008) pp. 435-447
-------- -------- --- Thank You --- -------- --------


++++ PLEASE READ AND CITE THE FOLLOWING REFERENCE ++++
D. van der Spoel, E. Lindahl, B. Hess, G. Groenhof, A. E. Mark and H. J. C.
Berendsen
GROMACS: Fast, Flexible and Free
J. Comp. Chem. 26 (2005) pp. 1701-1719
-------- -------- --- Thank You --- -------- --------


++++ PLEASE READ AND CITE THE FOLLOWING REFERENCE ++++
E. Lindahl and B. Hess and D. van der Spoel
GROMACS 3.0: A package for molecular simulation and trajectory analysis
J. Mol. Mod. 7 (2001) pp. 306-317
-------- -------- --- Thank You --- -------- --------


++++ PLEASE READ AND CITE THE FOLLOWING REFERENCE ++++
H. J. C. Berendsen, D. van der Spoel and R. van Drunen
GROMACS: A message-passing parallel molecular dynamics implementation
Comp. Phys. Comm. 91 (1995) pp. 43-56
-------- -------- --- Thank You --- -------- --------


++++ PLEASE CITE THE DOI FOR THIS VERSION OF GROMACS ++++
https://doi.org/10.5281/zenodo.5850051
-------- -------- --- Thank You --- -------- --------

Input Parameters:
   integrator                     = md
   tinit                          = 0
   dt                             = 0.002
   nsteps                         = 500000
   init-step                      = 0
   simulation-part                = 1
   mts                            = false
   comm-mode                      = Linear
   nstcomm                        = 100
   bd-fric                        = 0
   ld-seed                        = 2008543229
   emtol                          = 10
   emstep                         = 0.01
   niter                          = 20
   fcstep                         = 0
   nstcgsteep                     = 1000
   nbfgscorr                      = 10
   rtpi                           = 0.05
   nstxout                        = 50000
   nstvout                        = 50000
   nstfout                        = 0
   nstlog                         = 50000
   nstcalcenergy                  = 100
   nstenergy                      = 50000
   nstxout-compressed             = 50000
   compressed-x-precision         = 1000
   cutoff-scheme                  = Verlet
   nstlist                        = 10
   pbc                            = xyz
   periodic-molecules             = false
   verlet-buffer-tolerance        = 0.005
   rlist                          = 1.4
   coulombtype                    = PME
   coulomb-modifier               = Potential-shift
   rcoulomb-switch                = 0
   rcoulomb                       = 1.4
   epsilon-r                      = 1
   epsilon-rf                     = inf
   vdw-type                       = Cut-off
   vdw-modifier                   = Potential-shift
   rvdw-switch                    = 0
   rvdw                           = 1.4
   DispCorr                       = EnerPres
   table-extension                = 1
   fourierspacing                 = 0.12
   fourier-nx                     = 52
   fourier-ny                     = 52
   fourier-nz                     = 200
   pme-order                      = 4
   ewald-rtol                     = 1e-05
   ewald-rtol-lj                  = 0.001
   lj-pme-comb-rule               = Geometric
   ewald-geometry                 = 0
   epsilon-surface                = 0
   tcoupl                         = V-rescale
   nsttcouple                     = 10
   nh-chain-length                = 0
   print-nose-hoover-chain-variables = false
   pcoupl                         = Parrinello-Rahman
   pcoupltype                     = Isotropic
   nstpcouple                     = 10
   tau-p                          = 2
   compressibility (3x3):
      compressibility[    0]={ 4.50000e-05,  0.00000e+00,  0.00000e+00}
      compressibility[    1]={ 0.00000e+00,  4.50000e-05,  0.00000e+00}
      compressibility[    2]={ 0.00000e+00,  0.00000e+00,  4.50000e-05}
   ref-p (3x3):
      ref-p[    0]={ 1.00000e+00,  0.00000e+00,  0.00000e+00}
      ref-p[    1]={ 0.00000e+00,  1.00000e+00,  0.00000e+00}
      ref-p[    2]={ 0.00000e+00,  0.00000e+00,  1.00000e+00}
   refcoord-scaling               = No
   posres-com (3):
      posres-com[0]= 0.00000e+00
      posres-com[1]= 0.00000e+00
      posres-com[2]= 0.00000e+00
   posres-comB (3):
      posres-comB[0]= 0.00000e+00
      posres-comB[1]= 0.00000e+00
      posres-comB[2]= 0.00000e+00
   QMMM                           = false
qm-opts:
   ngQM                           = 0
   constraint-algorithm           = Lincs
   continuation                   = false
   Shake-SOR                      = false
   shake-tol                      = 0.0001
   lincs-order                    = 4
   lincs-iter                     = 1
   lincs-warnangle                = 30
   nwall                          = 0
   wall-type                      = 9-3
   wall-r-linpot                  = -1
   wall-atomtype[0]               = -1
   wall-atomtype[1]               = -1
   wall-density[0]                = 0
   wall-density[1]                = 0
   wall-ewald-zfac                = 3
   pull                           = false
   awh                            = false
   rotation                       = false
   interactiveMD                  = false
   disre                          = No
   disre-weighting                = Conservative
   disre-mixed                    = false
   dr-fc                          = 1000
   dr-tau                         = 0
   nstdisreout                    = 100
   orire-fc                       = 0
   orire-tau                      = 0
   nstorireout                    = 100
   free-energy                    = no
   cos-acceleration               = 0
   deform (3x3):
      deform[    0]={ 0.00000e+00,  0.00000e+00,  0.00000e+00}
      deform[    1]={ 0.00000e+00,  0.00000e+00,  0.00000e+00}
      deform[    2]={ 0.00000e+00,  0.00000e+00,  0.00000e+00}
   simulated-tempering            = false
   swapcoords                     = no
   userint1                       = 0
   userint2                       = 0
   userint3                       = 0
   userint4                       = 0
   userreal1                      = 0
   userreal2                      = 0
   userreal3                      = 0
   userreal4                      = 0
   applied-forces:
     electric-field:
       x:
         E0                       = 0
         omega                    = 0
         t0                       = 0
         sigma                    = 0
       y:
         E0                       = 0
         omega                    = 0
         t0                       = 0
         sigma                    = 0
       z:
         E0                       = 0
         omega                    = 0
         t0                       = 0
         sigma                    = 0
     density-guided-simulation:
       active                     = false
       group                      = protein
       similarity-measure         = inner-product
       atom-spreading-weight      = unity
       force-constant             = 1e+09
       gaussian-transform-spreading-width = 0.2
       gaussian-transform-spreading-range-in-multiples-of-width = 4
       reference-density-filename = reference.mrc
       nst                        = 1
       normalize-densities        = true
       adaptive-force-scaling     = false
       adaptive-force-scaling-time-constant = 4
       shift-vector               = 
       transformation-matrix      = 
grpopts:
   nrdf:      169903
   ref-t:         298
   tau-t:         0.1
annealing:          No
annealing-npoints:           0
   acc:	           0           0           0
   nfreeze:           N           N           N
   energygrp-flags[  0]: 0

Changing nstlist from 10 to 50, rlist from 1.4 to 1.519

1 GPU selected for this run.
Mapping of GPU IDs to the 2 GPU tasks in the 1 rank on this node:
  PP:0,PME:0
PP tasks will do (non-perturbed) short-ranged interactions on the GPU
PP task will update and constrain coordinates on the CPU
PME tasks will do all aspects on the GPU
Using 1 MPI thread

Non-default thread affinity set, disabling internal thread affinity

Using 10 OpenMP threads 

System total charge: 0.000
Will do PME sum in reciprocal space for electrostatic interactions.

++++ PLEASE READ AND CITE THE FOLLOWING REFERENCE ++++
U. Essmann, L. Perera, M. L. Berkowitz, T. Darden, H. Lee and L. G. Pedersen 
A smooth particle mesh Ewald method
J. Chem. Phys. 103 (1995) pp. 8577-8592
-------- -------- --- Thank You --- -------- --------

Using a Gaussian width (1/beta) of 0.448228 nm for Ewald
Potential shift: LJ r^-12: -1.764e-02 r^-6: -1.328e-01, Ewald -7.143e-06
Initialized non-bonded Ewald tables, spacing: 1.10e-03 size: 1270

Generated table with 1259 data points for 1-4 COUL.
Tabscale = 500 points/nm
Generated table with 1259 data points for 1-4 LJ6.
Tabscale = 500 points/nm
Generated table with 1259 data points for 1-4 LJ12.
Tabscale = 500 points/nm
Long Range LJ corr.: <C6> 1.8275e-04


Using GPU 8x8 nonbonded short-range kernels

Using a dual 8x8 pair-list setup updated with dynamic, rolling pruning:
  outer list: updated every 50 steps, buffer 0.119 nm, rlist 1.519 nm
  inner list: updated every 22 steps, buffer 0.004 nm, rlist 1.404 nm
At tolerance 0.005 kJ/mol/ps per atom, equivalent classical 1x1 list would be:
  outer list: updated every 50 steps, buffer 0.328 nm, rlist 1.728 nm
  inner list: updated every 22 steps, buffer 0.111 nm, rlist 1.511 nm

Using Lorentz-Berthelot Lennard-Jones combination rule
Removing pbc first time

Initializing LINear Constraint Solver

++++ PLEASE READ AND CITE THE FOLLOWING REFERENCE ++++
B. Hess and H. Bekker and H. J. C. Berendsen and J. G. E. M. Fraaije
LINCS: A Linear Constraint Solver for molecular simulations
J. Comp. Chem. 18 (1997) pp. 1463-1472
-------- -------- --- Thank You --- -------- --------

The number of constraints is 20000

++++ PLEASE READ AND CITE THE FOLLOWING REFERENCE ++++
S. Miyamoto and P. A. Kollman
SETTLE: An Analytical Version of the SHAKE and RATTLE Algorithms for Rigid
Water Models
J. Comp. Chem. 13 (1992) pp. 952-962
-------- -------- --- Thank You --- -------- --------


++++ PLEASE READ AND CITE THE FOLLOWING REFERENCE ++++
G. Bussi, D. Donadio and M. Parrinello
Canonical sampling through velocity rescaling
J. Chem. Phys. 126 (2007) pp. 014101
-------- -------- --- Thank You --- -------- --------

There are: 79953 Atoms
There are: 33302 VSites

Constraining the starting coordinates (step 0)

Constraining the coordinates at t0-dt (step 0)
Center of mass motion removal mode is Linear
We have the following groups for center of mass motion removal:
  0:  rest
RMS relative constraint deviation after constraining: 4.74e-06
Initial temperature: 300.328 K

Started mdrun on rank 0 Mon Jul 14 16:48:59 2025

           Step           Time
              0        0.00000

   Energies (kJ/mol)
           Bond            U-B    Proper Dih.          LJ-14     Coulomb-14
    6.94416e+03    3.93284e+04    6.36412e+03   -3.08704e+02    3.19883e+05
        LJ (SR)  Disper. corr.   Coulomb (SR)   Coul. recip.      Potential
    8.41085e+04   -4.29545e+03   -9.47343e+05    2.30560e+03   -4.93013e+05
    Kinetic En.   Total Energy  Conserved En.    Temperature Pres. DC (bar)
    2.19505e+05   -2.73508e+05   -2.73458e+05    3.10770e+02   -8.56789e+01
 Pressure (bar)   Constr. rmsd
    6.38661e+01    5.29555e-06

step 1100: timed with pme grid 52 52 200, coulomb cutoff 1.400: 608.4 M-cycles
step 1200: timed with pme grid 42 42 168, coulomb cutoff 1.646: 754.9 M-cycles
step 1300: timed with pme grid 44 44 192, coulomb cutoff 1.572: 728.4 M-cycles
step 1400: timed with pme grid 48 48 192, coulomb cutoff 1.441: 669.5 M-cycles
step 1500: timed with pme grid 52 52 200, coulomb cutoff 1.400: 597.8 M-cycles
              optimal pme grid 52 52 200, coulomb cutoff 1.400
Writing checkpoint, step 11250 at Mon Jul 14 16:49:59 2025


Writing checkpoint, step 24250 at Mon Jul 14 16:50:59 2025


Writing checkpoint, step 37200 at Mon Jul 14 16:51:59 2025


           Step           Time
          50000      100.00000

   Energies (kJ/mol)
           Bond            U-B    Proper Dih.          LJ-14     Coulomb-14
    6.58323e+03    3.82419e+04    6.36916e+03   -3.08327e+02    3.19841e+05
        LJ (SR)  Disper. corr.   Coulomb (SR)   Coul. recip.      Potential
    8.42771e+04   -4.30062e+03   -9.47681e+05    2.29517e+03   -4.94682e+05
    Kinetic En.   Total Energy  Conserved En.    Temperature Pres. DC (bar)
    2.09499e+05   -2.85183e+05   -2.73093e+05    2.96604e+02   -8.58851e+01
 Pressure (bar)   Constr. rmsd
   -6.30267e+01    4.80639e-06

Writing checkpoint, step 50150 at Mon Jul 14 16:52:59 2025


Writing checkpoint, step 63050 at Mon Jul 14 16:53:59 2025


Writing checkpoint, step 75950 at Mon Jul 14 16:54:59 2025


Writing checkpoint, step 88850 at Mon Jul 14 16:55:59 2025


           Step           Time
         100000      200.00000

   Energies (kJ/mol)
           Bond            U-B    Proper Dih.          LJ-14     Coulomb-14
    6.72313e+03    3.92251e+04    6.55482e+03   -3.09929e+02    3.20045e+05
        LJ (SR)  Disper. corr.   Coulomb (SR)   Coul. recip.      Potential
    8.74214e+04   -4.29239e+03   -9.52758e+05    2.33007e+03   -4.95060e+05
    Kinetic En.   Total Energy  Conserved En.    Temperature Pres. DC (bar)
    2.10982e+05   -2.84078e+05   -2.72856e+05    2.98703e+02   -8.55568e+01
 Pressure (bar)   Constr. rmsd
    1.03586e+02    4.77330e-06

Writing checkpoint, step 101650 at Mon Jul 14 16:56:59 2025


Writing checkpoint, step 114050 at Mon Jul 14 16:57:59 2025


Writing checkpoint, step 126850 at Mon Jul 14 16:58:59 2025


Writing checkpoint, step 139000 at Mon Jul 14 16:59:59 2025


           Step           Time
         150000      300.00000

   Energies (kJ/mol)
           Bond            U-B    Proper Dih.          LJ-14     Coulomb-14
    6.79140e+03    3.88201e+04    6.39528e+03   -3.07747e+02    3.19774e+05
        LJ (SR)  Disper. corr.   Coulomb (SR)   Coul. recip.      Potential
    8.53666e+04   -4.30947e+03   -9.49066e+05    2.30485e+03   -4.94232e+05
    Kinetic En.   Total Energy  Conserved En.    Temperature Pres. DC (bar)
    2.11288e+05   -2.82943e+05   -2.72945e+05    2.99137e+02   -8.62391e+01
 Pressure (bar)   Constr. rmsd
    6.31994e+01    4.75068e-06

Writing checkpoint, step 151850 at Mon Jul 14 17:00:59 2025


Writing checkpoint, step 164600 at Mon Jul 14 17:01:59 2025


Writing checkpoint, step 177250 at Mon Jul 14 17:02:59 2025


Writing checkpoint, step 190150 at Mon Jul 14 17:03:59 2025


           Step           Time
         200000      400.00000

   Energies (kJ/mol)
           Bond            U-B    Proper Dih.          LJ-14     Coulomb-14
    6.75926e+03    3.88044e+04    6.51874e+03   -3.08461e+02    3.19846e+05
        LJ (SR)  Disper. corr.   Coulomb (SR)   Coul. recip.      Potential
    8.70229e+04   -4.29953e+03   -9.51802e+05    2.29923e+03   -4.95160e+05
    Kinetic En.   Total Energy  Conserved En.    Temperature Pres. DC (bar)
    2.10280e+05   -2.84880e+05   -2.72952e+05    2.97709e+02   -8.58418e+01
 Pressure (bar)   Constr. rmsd
    1.19066e+02    4.80871e-06

Writing checkpoint, step 203100 at Mon Jul 14 17:04:59 2025


Writing checkpoint, step 215500 at Mon Jul 14 17:05:59 2025


Writing checkpoint, step 228100 at Mon Jul 14 17:06:59 2025


Writing checkpoint, step 240900 at Mon Jul 14 17:07:59 2025


           Step           Time
         250000      500.00000

   Energies (kJ/mol)
           Bond            U-B    Proper Dih.          LJ-14     Coulomb-14
    6.74663e+03    3.83128e+04    6.43525e+03   -3.08348e+02    3.19836e+05
        LJ (SR)  Disper. corr.   Coulomb (SR)   Coul. recip.      Potential
    8.48821e+04   -4.30032e+03   -9.49070e+05    2.32304e+03   -4.95143e+05
    Kinetic En.   Total Energy  Conserved En.    Temperature Pres. DC (bar)
    2.10077e+05   -2.85066e+05   -2.73011e+05    2.97422e+02   -8.58733e+01
 Pressure (bar)   Constr. rmsd
    1.33195e+01    4.78949e-06

Writing checkpoint, step 253800 at Mon Jul 14 17:08:59 2025


Writing checkpoint, step 266400 at Mon Jul 14 17:09:59 2025


Writing checkpoint, step 279250 at Mon Jul 14 17:10:59 2025


Writing checkpoint, step 291400 at Mon Jul 14 17:11:59 2025


           Step           Time
         300000      600.00000

   Energies (kJ/mol)
           Bond            U-B    Proper Dih.          LJ-14     Coulomb-14
    6.84403e+03    3.89260e+04    6.62055e+03   -3.07887e+02    3.19748e+05
        LJ (SR)  Disper. corr.   Coulomb (SR)   Coul. recip.      Potential
    8.59374e+04   -4.31524e+03   -9.50355e+05    2.34086e+03   -4.94562e+05
    Kinetic En.   Total Energy  Conserved En.    Temperature Pres. DC (bar)
    2.09915e+05   -2.84647e+05   -2.72877e+05    2.97192e+02   -8.64700e+01
 Pressure (bar)   Constr. rmsd
    1.34971e+02    4.77240e-06

Writing checkpoint, step 304100 at Mon Jul 14 17:12:59 2025


Writing checkpoint, step 316800 at Mon Jul 14 17:13:59 2025


Writing checkpoint, step 329600 at Mon Jul 14 17:14:59 2025


Writing checkpoint, step 342350 at Mon Jul 14 17:15:59 2025


           Step           Time
         350000      700.00000

   Energies (kJ/mol)
           Bond            U-B    Proper Dih.          LJ-14     Coulomb-14
    6.70372e+03    3.84749e+04    6.58123e+03   -3.07025e+02    3.19654e+05
        LJ (SR)  Disper. corr.   Coulomb (SR)   Coul. recip.      Potential
    8.58712e+04   -4.31088e+03   -9.51236e+05    2.25951e+03   -4.96309e+05
    Kinetic En.   Total Energy  Conserved En.    Temperature Pres. DC (bar)
    2.11951e+05   -2.84358e+05   -2.72881e+05    3.00075e+02   -8.62956e+01
 Pressure (bar)   Constr. rmsd
    1.68180e+02    4.73820e-06

Writing checkpoint, step 355150 at Mon Jul 14 17:16:59 2025


Writing checkpoint, step 367800 at Mon Jul 14 17:17:59 2025


Writing checkpoint, step 380350 at Mon Jul 14 17:18:59 2025


Writing checkpoint, step 393100 at Mon Jul 14 17:19:59 2025


           Step           Time
         400000      800.00000

   Energies (kJ/mol)
           Bond            U-B    Proper Dih.          LJ-14     Coulomb-14
    6.71217e+03    3.89501e+04    6.50799e+03   -3.08372e+02    3.19828e+05
        LJ (SR)  Disper. corr.   Coulomb (SR)   Coul. recip.      Potential
    8.64330e+04   -4.29786e+03   -9.51793e+05    2.27390e+03   -4.95695e+05
    Kinetic En.   Total Energy  Conserved En.    Temperature Pres. DC (bar)
    2.09499e+05   -2.86196e+05   -2.72843e+05    2.96603e+02   -8.57750e+01
 Pressure (bar)   Constr. rmsd
    1.57798e+01    4.80926e-06

Writing checkpoint, step 405900 at Mon Jul 14 17:20:59 2025


Writing checkpoint, step 418550 at Mon Jul 14 17:21:59 2025


Writing checkpoint, step 431400 at Mon Jul 14 17:22:59 2025


Writing checkpoint, step 444200 at Mon Jul 14 17:23:59 2025


           Step           Time
         450000      900.00000

   Energies (kJ/mol)
           Bond            U-B    Proper Dih.          LJ-14     Coulomb-14
    6.80806e+03    3.93072e+04    6.50873e+03   -3.06840e+02    3.19619e+05
        LJ (SR)  Disper. corr.   Coulomb (SR)   Coul. recip.      Potential
    8.36319e+04   -4.29192e+03   -9.46961e+05    2.28960e+03   -4.93395e+05
    Kinetic En.   Total Energy  Conserved En.    Temperature Pres. DC (bar)
    2.10172e+05   -2.83224e+05   -2.72687e+05    2.97556e+02   -8.55382e+01
 Pressure (bar)   Constr. rmsd
   -2.01615e+01    4.72016e-06

Writing checkpoint, step 456850 at Mon Jul 14 17:24:59 2025


Writing checkpoint, step 469700 at Mon Jul 14 17:25:59 2025


Writing checkpoint, step 482450 at Mon Jul 14 17:26:59 2025


Writing checkpoint, step 495200 at Mon Jul 14 17:27:59 2025


           Step           Time
         500000     1000.00000

Writing checkpoint, step 500000 at Mon Jul 14 17:28:21 2025


   Energies (kJ/mol)
           Bond            U-B    Proper Dih.          LJ-14     Coulomb-14
    6.79627e+03    3.90212e+04    6.68625e+03   -3.06616e+02    3.19531e+05
        LJ (SR)  Disper. corr.   Coulomb (SR)   Coul. recip.      Potential
    8.40277e+04   -4.28793e+03   -9.46512e+05    2.33685e+03   -4.92707e+05
    Kinetic En.   Total Energy  Conserved En.    Temperature Pres. DC (bar)
    2.10995e+05   -2.81712e+05   -2.72943e+05    2.98721e+02   -8.53793e+01
 Pressure (bar)   Constr. rmsd
   -1.68098e+02    4.83755e-06


Energy conservation over simulation part #1 of length 1000 ns, time 0 to 1000 ns
  Conserved energy drift: 4.54e-06 kJ/mol/ps per atom


	<======  ###############  ==>
	<====  A V E R A G E S  ====>
	<==  ###############  ======>

	Statistics over 500001 steps using 5001 frames

   Energies (kJ/mol)
           Bond            U-B    Proper Dih.          LJ-14     Coulomb-14
    6.77997e+03    3.89371e+04    6.54087e+03   -3.07753e+02    3.19728e+05
        LJ (SR)  Disper. corr.   Coulomb (SR)   Coul. recip.      Potential
    8.52589e+04   -4.30140e+03   -9.49850e+05    2.29818e+03   -4.94916e+05
    Kinetic En.   Total Energy  Conserved En.    Temperature Pres. DC (bar)
    2.10504e+05   -2.84411e+05   -2.72892e+05    2.98027e+02   -8.59168e+01
 Pressure (bar)   Constr. rmsd
    1.56885e-01    0.00000e+00

          Box-X          Box-Y          Box-Z
    5.92408e+00    5.92408e+00    2.36963e+01

   Total Virial (kJ/mol)
    7.01906e+04   -6.40318e+01   -1.59832e+01
   -6.37115e+01    7.01258e+04    2.06714e+01
   -1.52416e+01    2.05790e+01    7.01857e+04

   Pressure (bar)
   -5.70634e-01    2.44150e+00    6.96430e-01
    2.42871e+00    1.89442e+00   -9.80883e-01
    6.66826e-01   -9.77191e-01   -8.53133e-01


	M E G A - F L O P S   A C C O U N T I N G

 NB=Group-cutoff nonbonded kernels    NxN=N-by-N cluster Verlet kernels
 RF=Reaction-Field  VdW=Van der Waals  QSTab=quadratic-spline table
 W3=SPC/TIP3p  W4=TIP4p (single or pairs)
 V&F=Potential and force  V=Potential only  F=Force only

 Computing:                               M-Number         M-Flops  % Flops
-----------------------------------------------------------------------------
 Pair Search distance check          257880.846976     2320927.623     0.0
 NxN Ewald Elec. + LJ [F]         121803513.115904  8039031865.650    98.2
 NxN Ewald Elec. + LJ [V&F]         1230583.792192   131672465.765     1.6
 1,4 nonbonded interactions            7500.015000      675001.350     0.0
 Shift-X                               1132.663255        6795.980     0.0
 Bonds                                 2500.005000      147500.295     0.0
 Propers                               7500.015000     1717503.435     0.0
 Virial                                5665.113300      101972.039     0.0
 Stop-CM                                566.501510        5665.015     0.0
 Calc-Ekin                            11325.726510      305794.616     0.0
 Lincs                                10000.060000      600003.600     0.0
 Lincs-Mat                            90000.540000      360002.160     0.0
 Constraint-V                         44976.679906      404790.119     0.0
 Constraint-Vir                        3497.719953       83945.279     0.0
 Settle                                8325.549953     3080453.483     0.0
 Virtual Site 3out                    18316.166604     1593506.495     0.0
 Urey-Bradley                         17500.035000     3202506.405     0.0
-----------------------------------------------------------------------------
 Total                                              8185310699.307   100.0
-----------------------------------------------------------------------------


     R E A L   C Y C L E   A N D   T I M E   A C C O U N T I N G

On 1 MPI rank, each using 10 OpenMP threads

 Computing:          Num   Num      Call    Wall time         Giga-Cycles
                     Ranks Threads  Count      (s)         total sum    %
-----------------------------------------------------------------------------
 Vsite constr.          1   10     500001     114.601       2979.664   4.9
 Neighbor search        1   10      10001     140.819       3661.329   6.0
 Launch GPU ops.        1   10     500001      59.858       1556.328   2.5
 Force                  1   10     500001     152.026       3952.713   6.4
 Wait PME GPU gather    1   10     500001     169.924       4418.053   7.2
 Reduce GPU PME F       1   10     500001      22.537        585.977   1.0
 Wait GPU NB local                            173.347       4507.051   7.3
 NB X/F buffer ops.     1   10     990001     381.622       9922.253  16.2
 Vsite spread           1   10     550002     108.511       2821.310   4.6
 Write traj.            1   10         50      25.225        655.867   1.1
 Update                 1   10     500001      93.520       2431.544   4.0
 Constraints            1   10     500003     118.326       3076.492   5.0
 Rest                                         802.599      20867.750  34.0
-----------------------------------------------------------------------------
 Total                                       2362.916      61436.331 100.0
-----------------------------------------------------------------------------

               Core t (s)   Wall t (s)        (%)
       Time:    23629.154     2362.916     1000.0
                         39:22
                 (ns/day)    (hour/ns)
Performance:       36.565        0.656
Finished mdrun on rank 0 Mon Jul 14 17:28:22 2025

