           :-) GROMACS - gmx mdrun, 2023.3-Ubuntu_2023.3_1ubuntu3 (-:

Copyright 1991-2023 The GROMACS Authors.
GROMACS is free software; you can redistribute it and/or modify it
under the terms of the GNU Lesser General Public License
as published by the Free Software Foundation; either version 2.1
of the License, or (at your option) any later version.

                         Current GROMACS contributors:
       Mark Abraham           Andrey Alekseenko           Cathrine Bergh      
      Christian Blau            Eliane Briand             Mahesh Doijade      
    Stefan Fleischmann           Vytas Gapsys              Gaurav Garg        
      Sergey Gorelov         Gilles Gouaillardet            Alan Gray         
     M. Eric Irrgang         Farzaneh Jalalypour            Joe Jordan        
    Christoph Junghans        Prashanth Kanduri          Sebastian Keller     
     Carsten Kutzner           Justin A. Lemkul          Magnus Lundborg      
       Pascal Merz              Vedran Miletic            Dmitry Morozov      
       Szilard Pall             Roland Schulz             Michael Shirts      
     Alexey Shvetsov            Balint Soproni         David van der Spoel    
      Philip Turner             Carsten Uphoff           Alessandra Villa     
 Sebastian Wingbermuehle        Artem Zhmurov       

                         Previous GROMACS contributors:
        Emile Apol             Rossen Apostolov           James Barnett       
  Herman J.C. Berendsen          Par Bjelkmar           Viacheslav Bolnykh    
        Kevin Boyd            Aldert van Buuren          Carlo Camilloni      
     Rudi van Drunen            Anton Feenstra           Oliver Fleetwood     
     Gerrit Groenhof            Bert de Groot             Anca Hamuraru       
    Vincent Hindriksen          Victor Holanda           Aleksei Iupinov      
   Dimitrios Karkoulis           Peter Kasson             Sebastian Kehl      
        Jiri Kraus               Per Larsson              Viveca Lindahl      
      Erik Marklund           Pieter Meulenhoff           Teemu Murtola       
       Sander Pronk             Alfons Sijbers            Peter Tieleman      
       Jon Vincent             Teemu Virolainen         Christian Wennberg    
       Maarten Wolf       

                  Coordinated by the GROMACS project leaders:
                    Paul Bauer, Berk Hess, and Erik Lindahl

GROMACS:      gmx mdrun, version 2023.3-Ubuntu_2023.3_1ubuntu3
Executable:   /usr/bin/gmx
Data prefix:  /usr
Working dir:  /home/apbal/work/REU/mixtures/halogenated/1mix
Process ID:   27013
Command line:
  gmx mdrun -deffnm npt

GROMACS version:    2023.3-Ubuntu_2023.3_1ubuntu3
Precision:          mixed
Memory model:       64 bit
MPI library:        thread_mpi
OpenMP support:     enabled (GMX_OPENMP_MAX_THREADS = 128)
GPU support:        disabled
SIMD instructions:  SSE4.1
CPU FFT library:    fftw-3.3.10-sse2-avx
GPU FFT library:    none
Multi-GPU FFT:      none
RDTSCP usage:       enabled
TNG support:        enabled
Hwloc support:      hwloc-2.8.0
Tracing support:    disabled
C compiler:         /usr/bin/cc GNU 13.2.0
C compiler flags:   -fexcess-precision=fast -funroll-all-loops -msse4.1 -Wno-missing-field-initializers -O3 -DNDEBUG
C++ compiler:       /usr/bin/c++ GNU 13.2.0
C++ compiler flags: -fexcess-precision=fast -funroll-all-loops -msse4.1 -Wno-missing-field-initializers -Wno-cast-function-type-strict SHELL:-fopenmp -O3 -DNDEBUG
BLAS library:       External - detected on the system
LAPACK library:     External - detected on the system


Running on 1 node with total 8 cores, 16 processing units
Hardware detected on host cbe-rvl017:
  CPU info:
    Vendor: Intel
    Brand:  11th Gen Intel(R) Core(TM) i7-11700K @ 3.60GHz
    Family: 6   Model: 167   Stepping: 1
    Features: aes apic avx avx2 avx512f avx512cd avx512bw avx512vl avx512secondFMA clfsh cmov cx8 cx16 f16c fma htt intel lahf mmx msr nonstop_tsc pcid pclmuldq pdcm pdpe1gb popcnt pse rdrnd rdtscp sha sse2 sse3 sse4.1 sse4.2 ssse3 tdt x2apic
    Number of AVX-512 FMA units: Cannot run AVX-512 detection - assuming 2
  Hardware topology: Full, with devices
    Packages, cores, and logical processors:
    [indices refer to OS logical processors]
      Package  0: [   0   1] [   2   3] [   4   5] [   6   7] [   8   9] [  10  11] [  12  13] [  14  15]
    CPU limit set by OS: -1   Recommended max number of threads: 16
    Numa nodes:
      Node  0 (16624336896 bytes mem):   0   1   2   3   4   5   6   7   8   9  10  11  12  13  14  15
      Latency:
               0
         0  1.00
    Caches:
      L1: 49152 bytes, linesize 64 bytes, assoc. 12, shared 2 ways
      L2: 524288 bytes, linesize 64 bytes, assoc. 8, shared 2 ways
      L3: 16777216 bytes, linesize 64 bytes, assoc. 16, shared 16 ways
    PCI devices:
      5582:00:00.0  Id: 1af4:1043  Class: 0x0100  Numa: 0
      d958:00:00.0  Id: 1414:008e  Class: 0x0302  Numa: 0
      e4df:00:00.0  Id: 1414:008e  Class: 0x0302  Numa: 0

Likely fastest SIMD instructions supported by all nodes: AVX_512
SIMD instructions selected at compile time:              SSE4.1


++++ PLEASE READ AND CITE THE FOLLOWING REFERENCE ++++
M. J. Abraham, T. Murtola, R. Schulz, S. Páll, J. C. Smith, B. Hess, E.
Lindahl
GROMACS: High performance molecular simulations through multi-level
parallelism from laptops to supercomputers
SoftwareX 1 (2015) pp. 19-25
-------- -------- --- Thank You --- -------- --------


++++ PLEASE READ AND CITE THE FOLLOWING REFERENCE ++++
S. Páll, M. J. Abraham, C. Kutzner, B. Hess, E. Lindahl
Tackling Exascale Software Challenges in Molecular Dynamics Simulations with
GROMACS
In S. Markidis & E. Laure (Eds.), Solving Software Challenges for Exascale 8759 (2015) pp. 3-27
-------- -------- --- Thank You --- -------- --------


++++ PLEASE READ AND CITE THE FOLLOWING REFERENCE ++++
S. Pronk, S. Páll, R. Schulz, P. Larsson, P. Bjelkmar, R. Apostolov, M. R.
Shirts, J. C. Smith, P. M. Kasson, D. van der Spoel, B. Hess, and E. Lindahl
GROMACS 4.5: a high-throughput and highly parallel open source molecular
simulation toolkit
Bioinformatics 29 (2013) pp. 845-54
-------- -------- --- Thank You --- -------- --------


++++ PLEASE READ AND CITE THE FOLLOWING REFERENCE ++++
B. Hess and C. Kutzner and D. van der Spoel and E. Lindahl
GROMACS 4: Algorithms for highly efficient, load-balanced, and scalable
molecular simulation
J. Chem. Theory Comput. 4 (2008) pp. 435-447
-------- -------- --- Thank You --- -------- --------


++++ PLEASE READ AND CITE THE FOLLOWING REFERENCE ++++
D. van der Spoel, E. Lindahl, B. Hess, G. Groenhof, A. E. Mark and H. J. C.
Berendsen
GROMACS: Fast, Flexible and Free
J. Comp. Chem. 26 (2005) pp. 1701-1719
-------- -------- --- Thank You --- -------- --------


++++ PLEASE READ AND CITE THE FOLLOWING REFERENCE ++++
E. Lindahl and B. Hess and D. van der Spoel
GROMACS 3.0: A package for molecular simulation and trajectory analysis
J. Mol. Mod. 7 (2001) pp. 306-317
-------- -------- --- Thank You --- -------- --------


++++ PLEASE READ AND CITE THE FOLLOWING REFERENCE ++++
H. J. C. Berendsen, D. van der Spoel and R. van Drunen
GROMACS: A message-passing parallel molecular dynamics implementation
Comp. Phys. Comm. 91 (1995) pp. 43-56
-------- -------- --- Thank You --- -------- --------

Input Parameters:
   integrator                     = md
   tinit                          = 0
   dt                             = 0.002
   nsteps                         = 50000
   init-step                      = 0
   simulation-part                = 1
   mts                            = false
   comm-mode                      = Linear
   nstcomm                        = 100
   bd-fric                        = 0
   ld-seed                        = 1954475479
   emtol                          = 10
   emstep                         = 0.01
   niter                          = 20
   fcstep                         = 0
   nstcgsteep                     = 1000
   nbfgscorr                      = 10
   rtpi                           = 0.05
   nstxout                        = 1000
   nstvout                        = 1000
   nstfout                        = 0
   nstlog                         = 1000
   nstcalcenergy                  = 100
   nstenergy                      = 1000
   nstxout-compressed             = 0
   compressed-x-precision         = 1000
   cutoff-scheme                  = Verlet
   nstlist                        = 10
   pbc                            = xy
   periodic-molecules             = false
   verlet-buffer-tolerance        = 0.005
   rlist                          = 1.4
   coulombtype                    = PME
   coulomb-modifier               = Potential-shift
   rcoulomb-switch                = 0
   rcoulomb                       = 1.4
   epsilon-r                      = 1
   epsilon-rf                     = inf
   vdw-type                       = Cut-off
   vdw-modifier                   = Potential-shift
   rvdw-switch                    = 0
   rvdw                           = 1.4
   DispCorr                       = EnerPres
   table-extension                = 1
   fourierspacing                 = 0.12
   fourier-nx                     = 84
   fourier-ny                     = 84
   fourier-nz                     = 768
   pme-order                      = 4
   ewald-rtol                     = 1e-05
   ewald-rtol-lj                  = 0.001
   lj-pme-comb-rule               = Geometric
   ewald-geometry                 = 3dc
   epsilon-surface                = 0
   ensemble-temperature-setting   = constant
   ensemble-temperature           = 298
   tcoupl                         = V-rescale
   nsttcouple                     = 10
   nh-chain-length                = 0
   print-nose-hoover-chain-variables = false
   pcoupl                         = Parrinello-Rahman
   pcoupltype                     = Isotropic
   nstpcouple                     = 50
   tau-p                          = 2
   compressibility (3x3):
      compressibility[    0]={ 4.50000e-05,  0.00000e+00,  0.00000e+00}
      compressibility[    1]={ 0.00000e+00,  4.50000e-05,  0.00000e+00}
      compressibility[    2]={ 0.00000e+00,  0.00000e+00,  4.50000e-05}
   ref-p (3x3):
      ref-p[    0]={ 1.00000e+00,  0.00000e+00,  0.00000e+00}
      ref-p[    1]={ 0.00000e+00,  1.00000e+00,  0.00000e+00}
      ref-p[    2]={ 0.00000e+00,  0.00000e+00,  1.00000e+00}
   refcoord-scaling               = No
   posres-com (3):
      posres-com[0]= 0.00000e+00
      posres-com[1]= 0.00000e+00
      posres-com[2]= 0.00000e+00
   posres-comB (3):
      posres-comB[0]= 0.00000e+00
      posres-comB[1]= 0.00000e+00
      posres-comB[2]= 0.00000e+00
   QMMM                           = false
qm-opts:
   ngQM                           = 0
   constraint-algorithm           = Lincs
   continuation                   = false
   Shake-SOR                      = false
   shake-tol                      = 0.0001
   lincs-order                    = 4
   lincs-iter                     = 1
   lincs-warnangle                = 30
   nwall                          = 2
   wall-type                      = 12-6
   wall-r-linpot                  = -1
   wall-atomtype[0]               = 1
   wall-atomtype[1]               = 1
   wall-density[0]                = 0
   wall-density[1]                = 0
   wall-ewald-zfac                = 3
   pull                           = false
   awh                            = false
   rotation                       = false
   interactiveMD                  = false
   disre                          = No
   disre-weighting                = Conservative
   disre-mixed                    = false
   dr-fc                          = 1000
   dr-tau                         = 0
   nstdisreout                    = 100
   orire-fc                       = 0
   orire-tau                      = 0
   nstorireout                    = 100
   free-energy                    = no
   cos-acceleration               = 0
   deform (3x3):
      deform[    0]={ 0.00000e+00,  0.00000e+00,  0.00000e+00}
      deform[    1]={ 0.00000e+00,  0.00000e+00,  0.00000e+00}
      deform[    2]={ 0.00000e+00,  0.00000e+00,  0.00000e+00}
   simulated-tempering            = false
   swapcoords                     = no
   userint1                       = 0
   userint2                       = 0
   userint3                       = 0
   userint4                       = 0
   userreal1                      = 0
   userreal2                      = 0
   userreal3                      = 0
   userreal4                      = 0
   applied-forces:
     electric-field:
       x:
         E0                       = 0
         omega                    = 0
         t0                       = 0
         sigma                    = 0
       y:
         E0                       = 0
         omega                    = 0
         t0                       = 0
         sigma                    = 0
       z:
         E0                       = 0
         omega                    = 0
         t0                       = 0
         sigma                    = 0
     density-guided-simulation:
       active                     = false
       group                      = protein
       similarity-measure         = inner-product
       atom-spreading-weight      = unity
       force-constant             = 1e+09
       gaussian-transform-spreading-width = 0.2
       gaussian-transform-spreading-range-in-multiples-of-width = 4
       reference-density-filename = reference.mrc
       nst                        = 1
       normalize-densities        = true
       adaptive-force-scaling     = false
       adaptive-force-scaling-time-constant = 4
       shift-vector               = 
       transformation-matrix      = 
     qmmm-cp2k:
       active                     = false
       qmgroup                    = System
       qmmethod                   = PBE
       qmfilenames                = 
       qmcharge                   = 0
       qmmultiplicity             = 1
grpopts:
   nrdf:      127418
   ref-t:         298
   tau-t:         0.1
annealing:          No
annealing-npoints:           0
   acc:	           0           0           0
   nfreeze:           N           N           N
   energygrp-flags[  0]: 0 0 0
   energygrp-flags[  1]: 0 0 0
   energygrp-flags[  2]: 0 0 0

Changing nstlist from 10 to 100, rlist from 1.4 to 1.4

Update groups can not be used for this system because atoms that are (in)directly constrained together are interdispersed with other atoms

Initializing Domain Decomposition on 1 ranks
Dynamic load balancing: auto
Minimum cell size due to atom displacement: 0.776 nm
Initial maximum distances in bonded interactions:
    two-body bonded interactions: 0.385 nm, LJ-14, atoms 82 85
  multi-body bonded interactions: 0.385 nm, Proper Dih., atoms 85 82
Minimum cell size due to bonded interactions: 0.424 nm
Maximum distance for 5 constraints, at 120 deg. angles, all-trans: 0.222 nm
Estimated maximum distance required for P-LINCS: 0.222 nm
Using 0 separate PME ranks because: there are too few total ranks for efficient splitting
Optimizing the DD grid for 1 cells with a minimum initial size of 0.776 nm
The maximum allowed number of cells is: X 12 Y 12 Z 38
Domain decomposition grid 1 x 1 x 1, separate PME ranks 0
PME domain decomposition: 1 x 1 x 1

The initial number of communication pulses is:
The initial domain decomposition cell size is:

The maximum allowed distance for atoms involved in interactions is:
                 non-bonded interactions           1.400 nm
(the following are initial values, they could change due to box deformation)
            two-body bonded interactions  (-rdd)   1.400 nm
          multi-body bonded interactions  (-rdd)   1.400 nm
  atoms separated by up to 5 constraints  (-rcon) 10.000 nm

When dynamic load balancing gets turned on, these settings will change to:
The maximum number of communication pulses is:
The minimum size for domain decomposition cells is 1.400 nm
The requested allowed shrink of DD cells (option -dds) is: 0.80
The allowed shrink of domain decomposition cells is:
The maximum allowed distance for atoms involved in interactions is:
                 non-bonded interactions           1.400 nm
            two-body bonded interactions  (-rdd)   1.400 nm
          multi-body bonded interactions  (-rdd)   1.400 nm
  atoms separated by up to 5 constraints  (-rcon)  1.400 nm

Using 1 MPI thread
Using 16 OpenMP threads 

System total charge: 0.000
Will do PME sum in reciprocal space for electrostatic interactions.

++++ PLEASE READ AND CITE THE FOLLOWING REFERENCE ++++
U. Essmann, L. Perera, M. L. Berkowitz, T. Darden, H. Lee and L. G. Pedersen 
A smooth particle mesh Ewald method
J. Chem. Phys. 103 (1995) pp. 8577-8592
-------- -------- --- Thank You --- -------- --------

Using the Ewald3DC correction for systems with a slab geometry.

++++ PLEASE READ AND CITE THE FOLLOWING REFERENCE ++++
Y. In-Chul and M. L. Berkowitz
Ewald summation for systems with slab geometry
J. Chem. Phys. 111 (1999) pp. 3155-3162
-------- -------- --- Thank You --- -------- --------

Using a Gaussian width (1/beta) of 0.448228 nm for Ewald
Potential shift: LJ r^-12: -1.764e-02 r^-6: -1.328e-01, Ewald -7.143e-06
Initialized non-bonded Coulomb Ewald tables, spacing: 1.10e-03 size: 1270

Generated table with 1200 data points for 1-4 COUL.
Tabscale = 500 points/nm
Generated table with 1200 data points for 1-4 LJ6.
Tabscale = 500 points/nm
Generated table with 1200 data points for 1-4 LJ12.
Tabscale = 500 points/nm
Long Range LJ corr.: <C6> 4.0186e-04


Using SIMD 4x4 nonbonded short-range kernels

Using a 4x4 pair-list setup:
  updated every 100 steps, buffer 0.000 nm, rlist 1.400 nm
At tolerance 0.005 kJ/mol/ps per atom, equivalent classical 1x1 list would be:
  updated every 100 steps, buffer 0.106 nm, rlist 1.506 nm

The non-bonded pair calculation algorithm tolerates a few missing pair interactions close to the cut-off. This can lead to a systematic overestimation of the pressure due to missing LJ interactions. The error in the average pressure due to missing LJ interactions is at most 0.50 bar.
The pressure error can be controlled by setting the environment variable GMX_VERLET_BUFFER_PRESSURE_TOLERANCE to the allowed error in units of bar.

Using Lorentz-Berthelot Lennard-Jones combination rule
Removing pbc first time

Linking all bonded interactions to atoms


Pinning threads with an auto-selected logical cpu stride of 1

Initializing Parallel LINear Constraint Solver

++++ PLEASE READ AND CITE THE FOLLOWING REFERENCE ++++
B. Hess
P-LINCS: A Parallel Linear Constraint Solver for molecular simulation
J. Chem. Theory Comput. 4 (2008) pp. 116-122
-------- -------- --- Thank You --- -------- --------

The number of constraints is 14060
There are constraints between atoms in different decomposition domains,
will communicate selected coordinates each lincs iteration

++++ PLEASE READ AND CITE THE FOLLOWING REFERENCE ++++
S. Miyamoto and P. A. Kollman
SETTLE: An Analytical Version of the SHAKE and RATTLE Algorithms for Rigid
Water Models
J. Comp. Chem. 13 (1992) pp. 952-962
-------- -------- --- Thank You --- -------- --------


++++ PLEASE READ AND CITE THE FOLLOWING REFERENCE ++++
G. Bussi, D. Donadio and M. Parrinello
Canonical sampling through velocity rescaling
J. Chem. Phys. 126 (2007) pp. 014101
-------- -------- --- Thank You --- -------- --------

There are: 49160 Atoms
Atom distribution over 1 domains: av 49160 stddev 0 min 49160 max 49160

Constraining the starting coordinates (step 0)

Constraining the coordinates at t0-dt (step 0)
Center of mass motion removal mode is Linear
We have the following groups for center of mass motion removal:
  0:  rest
RMS relative constraint deviation after constraining: 3.79e-06
Initial temperature: 300.881 K

Started mdrun on rank 0 Mon Jun 16 13:51:30 2025

           Step           Time
              0        0.00000

   Energies (kJ/mol)
           Bond          Angle            U-B    Proper Dih.  Improper Dih.
    8.48397e+02    3.86371e+02    6.67479e+02    1.26993e+02    3.30539e-01
          LJ-14     Coulomb-14        LJ (SR)  Disper. corr.   Coulomb (SR)
   -1.96129e+03   -1.61875e+05   -6.01339e+04   -4.92870e+02   -9.53545e+04
   Coul. recip.      Potential    Kinetic En.   Total Energy  Conserved En.
    4.83094e+03   -3.12958e+05    1.59495e+05   -1.53463e+05   -1.53282e+05
    Temperature Pres. DC (bar) Pressure (bar)   Constr. rmsd
    3.01101e+02   -2.73536e+00   -1.22328e+02    3.76554e-06

           Step           Time
           1000        2.00000

   Energies (kJ/mol)
           Bond          Angle            U-B    Proper Dih.  Improper Dih.
    1.91596e+04    2.58468e+04    2.08587e+04    2.79863e+02    5.36855e+00
          LJ-14     Coulomb-14        LJ (SR)  Disper. corr.   Coulomb (SR)
   -1.90715e+03   -1.62471e+05   -5.82581e+04   -4.96094e+02   -1.04385e+05
   Coul. recip.      Potential    Kinetic En.   Total Energy  Conserved En.
    3.72064e+03   -2.57646e+05    1.57716e+05   -9.99302e+04   -1.48958e+05
    Temperature Pres. DC (bar) Pressure (bar)   Constr. rmsd
    2.97742e+02   -2.77117e+00    3.16758e+02    3.29457e-06

           Step           Time
           2000        4.00000

   Energies (kJ/mol)
           Bond          Angle            U-B    Proper Dih.  Improper Dih.
    1.90596e+04    2.73459e+04    2.20678e+04    2.57081e+02    2.59089e+01
          LJ-14     Coulomb-14        LJ (SR)  Disper. corr.   Coulomb (SR)
   -1.91927e+03   -1.62690e+05   -6.07579e+04   -4.98356e+02   -1.09248e+05
   Coul. recip.      Potential    Kinetic En.   Total Energy  Conserved En.
    3.63760e+03   -2.62720e+05    1.57794e+05   -1.04925e+05   -1.47063e+05
    Temperature Pres. DC (bar) Pressure (bar)   Constr. rmsd
    2.97891e+02   -2.79643e+00    5.70598e+02    3.35375e-06

           Step           Time
           3000        6.00000

   Energies (kJ/mol)
           Bond          Angle            U-B    Proper Dih.  Improper Dih.
    1.95998e+04    2.82241e+04    2.19580e+04    2.30321e+02    4.02860e+00
          LJ-14     Coulomb-14        LJ (SR)  Disper. corr.   Coulomb (SR)
   -1.92256e+03   -1.62841e+05   -6.35637e+04   -4.92357e+02   -1.13773e+05
   Coul. recip.      Potential    Kinetic En.   Total Energy  Conserved En.
    3.41363e+03   -2.69163e+05    1.60311e+05   -1.08852e+05   -1.34062e+05
    Temperature Pres. DC (bar) Pressure (bar)   Constr. rmsd
    3.02642e+02   -2.72968e+00    1.09068e+01    3.32670e-06

           Step           Time
           4000        8.00000

   Energies (kJ/mol)
           Bond          Angle            U-B    Proper Dih.  Improper Dih.
    2.34956e+04    3.58181e+04    2.10039e+04    2.27800e+02    6.50192e+00
          LJ-14     Coulomb-14        LJ (SR)  Disper. corr.   Coulomb (SR)
   -1.91050e+03   -1.62821e+05   -6.25431e+04   -4.77828e+02   -1.19860e+05
   Coul. recip.      Potential    Kinetic En.   Total Energy  Conserved En.
    3.25659e+03   -2.63804e+05    1.59858e+05   -1.03946e+05   -1.00925e+05
    Temperature Pres. DC (bar) Pressure (bar)   Constr. rmsd
    3.01786e+02   -2.57138e+00   -1.00995e+03    3.26103e-06

           Step           Time
           5000       10.00000

   Energies (kJ/mol)
           Bond          Angle            U-B    Proper Dih.  Improper Dih.
    2.60070e+04    4.24622e+04    1.95127e+04    2.75440e+02    8.41131e+00
          LJ-14     Coulomb-14        LJ (SR)  Disper. corr.   Coulomb (SR)
   -1.95759e+03   -1.62589e+05   -6.46857e+04   -4.68748e+02   -1.25982e+05
   Coul. recip.      Potential    Kinetic En.   Total Energy  Conserved En.
    3.00641e+03   -2.64411e+05    1.61418e+05   -1.02993e+05   -6.48915e+04
    Temperature Pres. DC (bar) Pressure (bar)   Constr. rmsd
    3.04732e+02   -2.47484e+00   -1.36115e+03    3.15389e-06

           Step           Time
           6000       12.00000

   Energies (kJ/mol)
           Bond          Angle            U-B    Proper Dih.  Improper Dih.
    2.84299e+04    3.48137e+04    1.94167e+04    2.37152e+02    1.81468e+01
          LJ-14     Coulomb-14        LJ (SR)  Disper. corr.   Coulomb (SR)
   -1.90834e+03   -1.62430e+05   -7.02994e+04   -4.71262e+02   -1.30076e+05
   Coul. recip.      Potential    Kinetic En.   Total Energy  Conserved En.
    2.96777e+03   -2.79302e+05    1.63100e+05   -1.16202e+05   -4.34750e+04
    Temperature Pres. DC (bar) Pressure (bar)   Constr. rmsd
    3.07907e+02   -2.50139e+00   -1.48560e+03    3.16496e-06

           Step           Time
           7000       14.00000

   Energies (kJ/mol)
           Bond          Angle            U-B    Proper Dih.  Improper Dih.
    2.83153e+04    3.14035e+04    1.98651e+04    2.52241e+02    8.23237e+00
          LJ-14     Coulomb-14        LJ (SR)  Disper. corr.   Coulomb (SR)
   -1.88856e+03   -1.62175e+05   -7.64494e+04   -4.79310e+02   -1.32542e+05
   Coul. recip.      Potential    Kinetic En.   Total Energy  Conserved En.
    2.91273e+03   -2.90777e+05    1.61340e+05   -1.29437e+05   -2.21326e+04
    Temperature Pres. DC (bar) Pressure (bar)   Constr. rmsd
    3.04585e+02   -2.58730e+00   -1.14956e+03    3.16521e-06

           Step           Time
           8000       16.00000

   Energies (kJ/mol)
           Bond          Angle            U-B    Proper Dih.  Improper Dih.
    2.69396e+04    3.18233e+04    2.03712e+04    2.59378e+02    1.55603e+01
          LJ-14     Coulomb-14        LJ (SR)  Disper. corr.   Coulomb (SR)
   -1.85778e+03   -1.62220e+05   -8.13874e+04   -4.90075e+02   -1.33196e+05
   Coul. recip.      Potential    Kinetic En.   Total Energy  Conserved En.
    2.83854e+03   -2.96904e+05    1.60308e+05   -1.36597e+05    1.99244e+03
    Temperature Pres. DC (bar) Pressure (bar)   Constr. rmsd
    3.02635e+02   -2.70450e+00   -2.10480e+01    3.09304e-06

           Step           Time
           9000       18.00000

   Energies (kJ/mol)
           Bond          Angle            U-B    Proper Dih.  Improper Dih.
    2.67173e+04    3.31108e+04    2.08162e+04    2.69755e+02    2.91970e+00
          LJ-14     Coulomb-14        LJ (SR)  Disper. corr.   Coulomb (SR)
   -1.90274e+03   -1.62292e+05   -8.67454e+04   -4.98382e+02   -1.34535e+05
   Coul. recip.      Potential    Kinetic En.   Total Energy  Conserved En.
    2.75014e+03   -3.02306e+05    1.60504e+05   -1.41802e+05    1.74065e+04
    Temperature Pres. DC (bar) Pressure (bar)   Constr. rmsd
    3.03006e+02   -2.79672e+00    1.07140e+03    3.10183e-06

           Step           Time
          10000       20.00000

   Energies (kJ/mol)
           Bond          Angle            U-B    Proper Dih.  Improper Dih.
    2.74658e+04    3.39127e+04    2.03154e+04    2.57672e+02    1.16039e+01
          LJ-14     Coulomb-14        LJ (SR)  Disper. corr.   Coulomb (SR)
   -1.92262e+03   -1.62496e+05   -8.97840e+04   -5.05720e+02   -1.35885e+05
   Coul. recip.      Potential    Kinetic En.   Total Energy  Conserved En.
    2.66691e+03   -3.05963e+05    1.59065e+05   -1.46898e+05    2.64670e+04
    Temperature Pres. DC (bar) Pressure (bar)   Constr. rmsd
    3.00290e+02   -2.87947e+00    1.72154e+03    3.08805e-06

           Step           Time
          11000       22.00000

   Energies (kJ/mol)
           Bond          Angle            U-B    Proper Dih.  Improper Dih.
    2.62925e+04    3.37127e+04    1.98325e+04    2.51631e+02    5.66306e+00
          LJ-14     Coulomb-14        LJ (SR)  Disper. corr.   Coulomb (SR)
   -1.91761e+03   -1.62718e+05   -9.14465e+04   -5.05533e+02   -1.37443e+05
   Coul. recip.      Potential    Kinetic En.   Total Energy  Conserved En.
    2.54511e+03   -3.11390e+05    1.57724e+05   -1.53667e+05    3.89738e+04
    Temperature Pres. DC (bar) Pressure (bar)   Constr. rmsd
    2.97757e+02   -2.87733e+00    1.55678e+03    3.08101e-06

           Step           Time
          12000       24.00000

   Energies (kJ/mol)
           Bond          Angle            U-B    Proper Dih.  Improper Dih.
    2.64833e+04    3.11194e+04    1.98492e+04    2.41448e+02    1.40006e+01
          LJ-14     Coulomb-14        LJ (SR)  Disper. corr.   Coulomb (SR)
   -1.92885e+03   -1.62900e+05   -9.07367e+04   -4.96663e+02   -1.39210e+05
   Coul. recip.      Potential    Kinetic En.   Total Energy  Conserved En.
    2.45853e+03   -3.15106e+05    1.58095e+05   -1.57011e+05    6.07570e+04
    Temperature Pres. DC (bar) Pressure (bar)   Constr. rmsd
    2.98459e+02   -2.77751e+00    4.56718e+02    3.16005e-06

           Step           Time
          13000       26.00000

   Energies (kJ/mol)
           Bond          Angle            U-B    Proper Dih.  Improper Dih.
    2.87969e+04    3.17027e+04    1.96458e+04    2.36864e+02    1.48235e+01
          LJ-14     Coulomb-14        LJ (SR)  Disper. corr.   Coulomb (SR)
   -1.91784e+03   -1.62763e+05   -8.95194e+04   -4.85430e+02   -1.40136e+05
   Coul. recip.      Potential    Kinetic En.   Total Energy  Conserved En.
    2.51480e+03   -3.11909e+05    1.60643e+05   -1.51266e+05    8.37104e+04
    Temperature Pres. DC (bar) Pressure (bar)   Constr. rmsd
    3.03268e+02   -2.65362e+00   -5.57893e+02    3.12364e-06

           Step           Time
          14000       28.00000

   Energies (kJ/mol)
           Bond          Angle            U-B    Proper Dih.  Improper Dih.
    3.00344e+04    3.70049e+04    1.99910e+04    2.40048e+02    8.42674e+00
          LJ-14     Coulomb-14        LJ (SR)  Disper. corr.   Coulomb (SR)
   -1.92561e+03   -1.62631e+05   -8.82790e+04   -4.76722e+02   -1.42495e+05
   Coul. recip.      Potential    Kinetic En.   Total Energy  Conserved En.
    2.47932e+03   -3.06050e+05    1.58731e+05   -1.47319e+05    1.01204e+05
    Temperature Pres. DC (bar) Pressure (bar)   Constr. rmsd
    2.99658e+02   -2.55952e+00   -9.59247e+02    3.11911e-06

           Step           Time
          15000       30.00000

   Energies (kJ/mol)
           Bond          Angle            U-B    Proper Dih.  Improper Dih.
    2.98440e+04    3.89669e+04    2.01093e+04    2.55074e+02    5.42529e+00
          LJ-14     Coulomb-14        LJ (SR)  Disper. corr.   Coulomb (SR)
   -1.91048e+03   -1.62430e+05   -9.01486e+04   -4.74766e+02   -1.43736e+05
   Coul. recip.      Potential    Kinetic En.   Total Energy  Conserved En.
    2.37785e+03   -3.07142e+05    1.56946e+05   -1.50196e+05    1.15885e+05
    Temperature Pres. DC (bar) Pressure (bar)   Constr. rmsd
    2.96289e+02   -2.53861e+00   -1.17576e+03    3.10161e-06

           Step           Time
          16000       32.00000

   Energies (kJ/mol)
           Bond          Angle            U-B    Proper Dih.  Improper Dih.
    2.94377e+04    3.54477e+04    2.03020e+04    2.32051e+02    7.15764e+00
          LJ-14     Coulomb-14        LJ (SR)  Disper. corr.   Coulomb (SR)
   -1.90378e+03   -1.62324e+05   -9.14721e+04   -4.80200e+02   -1.45472e+05
   Coul. recip.      Potential    Kinetic En.   Total Energy  Conserved En.
    2.37576e+03   -3.13849e+05    1.58787e+05   -1.55062e+05    1.34621e+05
    Temperature Pres. DC (bar) Pressure (bar)   Constr. rmsd
    2.99764e+02   -2.59690e+00   -1.24976e+03    3.13446e-06

           Step           Time
          17000       34.00000

   Energies (kJ/mol)
           Bond          Angle            U-B    Proper Dih.  Improper Dih.
    2.77677e+04    3.22603e+04    2.08454e+04    2.44219e+02    8.80740e+00
          LJ-14     Coulomb-14        LJ (SR)  Disper. corr.   Coulomb (SR)
   -1.90502e+03   -1.62174e+05   -9.52116e+04   -4.91998e+02   -1.44911e+05
   Coul. recip.      Potential    Kinetic En.   Total Energy  Conserved En.
    2.46665e+03   -3.21101e+05    1.61384e+05   -1.59717e+05    1.62313e+05
    Temperature Pres. DC (bar) Pressure (bar)   Constr. rmsd
    3.04667e+02   -2.72572e+00   -7.30026e+02    3.11520e-06

Writing checkpoint, step 17700 at Mon Jun 16 14:06:33 2025


           Step           Time
          18000       36.00000

   Energies (kJ/mol)
           Bond          Angle            U-B    Proper Dih.  Improper Dih.
    2.69565e+04    3.32761e+04    2.15188e+04    2.41175e+02    9.00104e+00
          LJ-14     Coulomb-14        LJ (SR)  Disper. corr.   Coulomb (SR)
   -1.91955e+03   -1.62218e+05   -9.90231e+04   -5.09040e+02   -1.45869e+05
   Coul. recip.      Potential    Kinetic En.   Total Energy  Conserved En.
    2.37562e+03   -3.25161e+05    1.61770e+05   -1.63392e+05    1.90545e+05
    Temperature Pres. DC (bar) Pressure (bar)   Constr. rmsd
    3.05395e+02   -2.91730e+00    6.62700e+02    2.98711e-06

           Step           Time
          19000       38.00000

   Energies (kJ/mol)
           Bond          Angle            U-B    Proper Dih.  Improper Dih.
    2.80515e+04    3.48530e+04    2.09325e+04    2.30442e+02    8.61620e+00
          LJ-14     Coulomb-14        LJ (SR)  Disper. corr.   Coulomb (SR)
   -1.91338e+03   -1.62415e+05   -1.03419e+05   -5.23836e+02   -1.46139e+05
   Coul. recip.      Potential    Kinetic En.   Total Energy  Conserved En.
    2.29256e+03   -3.28042e+05    1.59030e+05   -1.69012e+05    2.03371e+05
    Temperature Pres. DC (bar) Pressure (bar)   Constr. rmsd
    3.00223e+02   -3.08890e+00    1.91608e+03    3.01077e-06

           Step           Time
          20000       40.00000

   Energies (kJ/mol)
           Bond          Angle            U-B    Proper Dih.  Improper Dih.
    2.69931e+04    3.52886e+04    2.03971e+04    2.81930e+02    1.20032e+01
          LJ-14     Coulomb-14        LJ (SR)  Disper. corr.   Coulomb (SR)
   -1.91364e+03   -1.62717e+05   -1.04538e+05   -5.24628e+02   -1.46204e+05
   Coul. recip.      Potential    Kinetic En.   Total Energy  Conserved En.
    2.28809e+03   -3.30637e+05    1.57301e+05   -1.73337e+05    2.17737e+05
    Temperature Pres. DC (bar) Pressure (bar)   Constr. rmsd
    2.96958e+02   -3.09823e+00    1.73143e+03    2.99825e-06

           Step           Time
          21000       42.00000

   Energies (kJ/mol)
           Bond          Angle            U-B    Proper Dih.  Improper Dih.
    2.72085e+04    3.28796e+04    2.03315e+04    2.31995e+02    1.28670e+01
          LJ-14     Coulomb-14        LJ (SR)  Disper. corr.   Coulomb (SR)
   -1.93223e+03   -1.62810e+05   -1.03420e+05   -5.14798e+02   -1.46729e+05
   Coul. recip.      Potential    Kinetic En.   Total Energy  Conserved En.
    2.31493e+03   -3.32426e+05    1.57844e+05   -1.74582e+05    2.43739e+05
    Temperature Pres. DC (bar) Pressure (bar)   Constr. rmsd
    2.97984e+02   -2.98349e+00    3.82935e+02    3.06661e-06

           Step           Time
          22000       44.00000

   Energies (kJ/mol)
           Bond          Angle            U-B    Proper Dih.  Improper Dih.
    3.04076e+04    3.37092e+04    2.02536e+04    2.50965e+02    1.07758e+01
          LJ-14     Coulomb-14        LJ (SR)  Disper. corr.   Coulomb (SR)
   -1.93324e+03   -1.62767e+05   -1.00205e+05   -5.02673e+02   -1.47105e+05
   Coul. recip.      Potential    Kinetic En.   Total Energy  Conserved En.
    2.27193e+03   -3.25609e+05    1.61292e+05   -1.64317e+05    2.69043e+05
    Temperature Pres. DC (bar) Pressure (bar)   Constr. rmsd
    3.04493e+02   -2.84495e+00   -8.71701e+02    3.05927e-06

           Step           Time
          23000       46.00000

   Energies (kJ/mol)
           Bond          Angle            U-B    Proper Dih.  Improper Dih.
    3.06365e+04    4.00100e+04    2.03975e+04    2.61350e+02    1.26439e+01
          LJ-14     Coulomb-14        LJ (SR)  Disper. corr.   Coulomb (SR)
   -1.93341e+03   -1.62573e+05   -9.80069e+04   -4.96053e+02   -1.49887e+05
   Coul. recip.      Potential    Kinetic En.   Total Energy  Conserved En.
    2.20045e+03   -3.19378e+05    1.56941e+05   -1.62437e+05    2.86270e+05
    Temperature Pres. DC (bar) Pressure (bar)   Constr. rmsd
    2.96279e+02   -2.77071e+00   -1.20521e+03    3.05703e-06

           Step           Time
          24000       48.00000

   Energies (kJ/mol)
           Bond          Angle            U-B    Proper Dih.  Improper Dih.
    2.96895e+04    3.75004e+04    2.03577e+04    2.25643e+02    1.58906e+01
          LJ-14     Coulomb-14        LJ (SR)  Disper. corr.   Coulomb (SR)
   -1.89159e+03   -1.62410e+05   -9.81216e+04   -5.00239e+02   -1.50559e+05
   Coul. recip.      Potential    Kinetic En.   Total Energy  Conserved En.
    2.25182e+03   -3.23441e+05    1.58458e+05   -1.64984e+05    3.03476e+05
    Temperature Pres. DC (bar) Pressure (bar)   Constr. rmsd
    2.99143e+02   -2.81755e+00   -1.17876e+03    3.04064e-06

           Step           Time
          25000       50.00000

   Energies (kJ/mol)
           Bond          Angle            U-B    Proper Dih.  Improper Dih.
    2.80610e+04    3.32266e+04    2.10332e+04    2.48675e+02    1.48029e+01
          LJ-14     Coulomb-14        LJ (SR)  Disper. corr.   Coulomb (SR)
   -1.89263e+03   -1.62228e+05   -1.01576e+05   -5.13784e+02   -1.49968e+05
   Coul. recip.      Potential    Kinetic En.   Total Energy  Conserved En.
    2.15670e+03   -3.31437e+05    1.60592e+05   -1.70846e+05    3.28244e+05
    Temperature Pres. DC (bar) Pressure (bar)   Constr. rmsd
    3.03171e+02   -2.97179e+00   -8.73904e+02    3.03125e-06

           Step           Time
          26000       52.00000

   Energies (kJ/mol)
           Bond          Angle            U-B    Proper Dih.  Improper Dih.
    2.72421e+04    3.39182e+04    2.17661e+04    2.62517e+02    5.43063e+00
          LJ-14     Coulomb-14        LJ (SR)  Disper. corr.   Coulomb (SR)
   -1.91592e+03   -1.62188e+05   -1.05676e+05   -5.36628e+02   -1.49538e+05
   Coul. recip.      Potential    Kinetic En.   Total Energy  Conserved En.
    2.17429e+03   -3.34486e+05    1.60724e+05   -1.73762e+05    3.58318e+05
    Temperature Pres. DC (bar) Pressure (bar)   Constr. rmsd
    3.03420e+02   -3.24122e+00    7.93632e+02    3.01981e-06

           Step           Time
          27000       54.00000

   Energies (kJ/mol)
           Bond          Angle            U-B    Proper Dih.  Improper Dih.
    2.81207e+04    3.59447e+04    2.10828e+04    2.68329e+02    1.89723e+01
          LJ-14     Coulomb-14        LJ (SR)  Disper. corr.   Coulomb (SR)
   -1.89332e+03   -1.62416e+05   -1.09006e+05   -5.52442e+02   -1.48874e+05
   Coul. recip.      Potential    Kinetic En.   Total Energy  Conserved En.
    2.22581e+03   -3.35081e+05    1.59279e+05   -1.75802e+05    3.69560e+05
    Temperature Pres. DC (bar) Pressure (bar)   Constr. rmsd
    3.00692e+02   -3.43458e+00    2.03372e+03    2.98145e-06

           Step           Time
          28000       56.00000

   Energies (kJ/mol)
           Bond          Angle            U-B    Proper Dih.  Improper Dih.
    2.67076e+04    3.37456e+04    2.05510e+04    2.38440e+02    8.12441e+00
          LJ-14     Coulomb-14        LJ (SR)  Disper. corr.   Coulomb (SR)
   -1.94493e+03   -1.62844e+05   -1.08195e+05   -5.48707e+02   -1.49254e+05
   Coul. recip.      Potential    Kinetic En.   Total Energy  Conserved En.
    2.17476e+03   -3.39360e+05    1.57900e+05   -1.81461e+05    3.88373e+05
    Temperature Pres. DC (bar) Pressure (bar)   Constr. rmsd
    2.98089e+02   -3.38841e+00    1.25514e+03    2.97035e-06

           Step           Time
          29000       58.00000

   Energies (kJ/mol)
           Bond          Angle            U-B    Proper Dih.  Improper Dih.
    2.92631e+04    3.24722e+04    2.04310e+04    2.15595e+02    8.50319e+00
          LJ-14     Coulomb-14        LJ (SR)  Disper. corr.   Coulomb (SR)
   -1.91548e+03   -1.62826e+05   -1.03027e+05   -5.32937e+02   -1.50354e+05
   Coul. recip.      Potential    Kinetic En.   Total Energy  Conserved En.
    2.28525e+03   -3.33979e+05    1.60062e+05   -1.73917e+05    4.19489e+05
    Temperature Pres. DC (bar) Pressure (bar)   Constr. rmsd
    3.02171e+02   -3.19689e+00   -5.31909e+02    3.02166e-06

           Step           Time
          30000       60.00000

   Energies (kJ/mol)
           Bond          Angle            U-B    Proper Dih.  Improper Dih.
    3.08920e+04    3.88839e+04    2.03520e+04    2.49624e+02    9.50262e+00
          LJ-14     Coulomb-14        LJ (SR)  Disper. corr.   Coulomb (SR)
   -1.95359e+03   -1.62637e+05   -1.00453e+05   -5.21117e+02   -1.49470e+05
   Coul. recip.      Potential    Kinetic En.   Total Energy  Conserved En.
    2.13938e+03   -3.22509e+05    1.57743e+05   -1.64766e+05    4.37915e+05
    Temperature Pres. DC (bar) Pressure (bar)   Constr. rmsd
    2.97793e+02   -3.05700e+00   -1.20305e+03    3.00825e-06

           Step           Time
          31000       62.00000

   Energies (kJ/mol)
           Bond          Angle            U-B    Proper Dih.  Improper Dih.
    2.97680e+04    3.92669e+04    2.03963e+04    2.91832e+02    3.95583e+00
          LJ-14     Coulomb-14        LJ (SR)  Disper. corr.   Coulomb (SR)
   -1.87732e+03   -1.62396e+05   -1.00272e+05   -5.23479e+02   -1.50488e+05
   Coul. recip.      Potential    Kinetic En.   Total Energy  Conserved En.
    2.19253e+03   -3.23638e+05    1.56929e+05   -1.66709e+05    4.54851e+05
    Temperature Pres. DC (bar) Pressure (bar)   Constr. rmsd
    2.96257e+02   -3.08471e+00   -1.18850e+03    3.07495e-06

           Step           Time
          32000       64.00000

   Energies (kJ/mol)
           Bond          Angle            U-B    Proper Dih.  Improper Dih.
    2.80065e+04    3.36079e+04    2.12340e+04    2.49837e+02    7.01961e+00
          LJ-14     Coulomb-14        LJ (SR)  Disper. corr.   Coulomb (SR)
   -1.91113e+03   -1.62211e+05   -1.03044e+05   -5.38701e+02   -1.50506e+05
   Coul. recip.      Potential    Kinetic En.   Total Energy  Conserved En.
    2.16274e+03   -3.32942e+05    1.60307e+05   -1.72635e+05    4.81519e+05
    Temperature Pres. DC (bar) Pressure (bar)   Constr. rmsd
    3.02634e+02   -3.26625e+00   -9.97377e+02    2.96841e-06

           Step           Time
          33000       66.00000

   Energies (kJ/mol)
           Bond          Angle            U-B    Proper Dih.  Improper Dih.
    2.67449e+04    3.45377e+04    2.12811e+04    2.73079e+02    8.72905e+00
          LJ-14     Coulomb-14        LJ (SR)  Disper. corr.   Coulomb (SR)
   -1.89186e+03   -1.62201e+05   -1.07177e+05   -5.62181e+02   -1.49359e+05
   Coul. recip.      Potential    Kinetic En.   Total Energy  Conserved En.
    2.14355e+03   -3.36202e+05    1.61961e+05   -1.74240e+05    5.07338e+05
    Temperature Pres. DC (bar) Pressure (bar)   Constr. rmsd
    3.05757e+02   -3.55646e+00    7.08603e+02    2.96854e-06

           Step           Time
          34000       68.00000

Writing checkpoint, step 34000 at Mon Jun 16 14:21:30 2025


   Energies (kJ/mol)
           Bond          Angle            U-B    Proper Dih.  Improper Dih.
    2.76089e+04    3.60914e+04    2.10054e+04    2.48599e+02    4.67670e+00
          LJ-14     Coulomb-14        LJ (SR)  Disper. corr.   Coulomb (SR)
   -1.91615e+03   -1.62499e+05   -1.09661e+05   -5.78567e+02   -1.48777e+05
   Coul. recip.      Potential    Kinetic En.   Total Energy  Conserved En.
    2.08623e+03   -3.36386e+05    1.58060e+05   -1.78325e+05    5.18693e+05
    Temperature Pres. DC (bar) Pressure (bar)   Constr. rmsd
    2.98393e+02   -3.76631e+00    2.02740e+03    2.91581e-06

           Step           Time
          35000       70.00000

   Energies (kJ/mol)
           Bond          Angle            U-B    Proper Dih.  Improper Dih.
    2.68530e+04    3.33878e+04    2.05893e+04    2.48725e+02    9.15679e+00
          LJ-14     Coulomb-14        LJ (SR)  Disper. corr.   Coulomb (SR)
   -1.93297e+03   -1.62926e+05   -1.07662e+05   -5.70178e+02   -1.48126e+05
   Coul. recip.      Potential    Kinetic En.   Total Energy  Conserved En.
    2.26473e+03   -3.37864e+05    1.57335e+05   -1.80529e+05    5.42727e+05
    Temperature Pres. DC (bar) Pressure (bar)   Constr. rmsd
    2.97024e+02   -3.65812e+00    6.45740e+02    2.92931e-06

           Step           Time
          36000       72.00000

   Energies (kJ/mol)
           Bond          Angle            U-B    Proper Dih.  Improper Dih.
    3.08173e+04    3.43078e+04    2.03523e+04    2.25319e+02    1.03382e+01
          LJ-14     Coulomb-14        LJ (SR)  Disper. corr.   Coulomb (SR)
   -1.92478e+03   -1.62723e+05   -1.01599e+05   -5.52959e+02   -1.49124e+05
   Coul. recip.      Potential    Kinetic En.   Total Energy  Conserved En.
    2.12540e+03   -3.28085e+05    1.60210e+05   -1.67875e+05    5.70243e+05
    Temperature Pres. DC (bar) Pressure (bar)   Constr. rmsd
    3.02451e+02   -3.44101e+00   -1.07568e+03    3.00884e-06

           Step           Time
          37000       74.00000

   Energies (kJ/mol)
           Bond          Angle            U-B    Proper Dih.  Improper Dih.
    3.00924e+04    4.04522e+04    2.03514e+04    2.81109e+02    4.50173e+00
          LJ-14     Coulomb-14        LJ (SR)  Disper. corr.   Coulomb (SR)
   -1.91331e+03   -1.62460e+05   -9.93700e+04   -5.47732e+02   -1.50144e+05
   Coul. recip.      Potential    Kinetic En.   Total Energy  Conserved En.
    2.18074e+03   -3.21073e+05    1.56366e+05   -1.64707e+05    5.85596e+05
    Temperature Pres. DC (bar) Pressure (bar)   Constr. rmsd
    2.95194e+02   -3.37641e+00   -1.26059e+03    3.06847e-06

           Step           Time
          38000       76.00000

   Energies (kJ/mol)
           Bond          Angle            U-B    Proper Dih.  Improper Dih.
    2.91005e+04    3.54019e+04    2.10746e+04    2.75495e+02    7.99597e+00
          LJ-14     Coulomb-14        LJ (SR)  Disper. corr.   Coulomb (SR)
   -1.88891e+03   -1.62218e+05   -1.00735e+05   -5.57008e+02   -1.50115e+05
   Coul. recip.      Potential    Kinetic En.   Total Energy  Conserved En.
    2.21350e+03   -3.27440e+05    1.58825e+05   -1.68616e+05    6.07064e+05
    Temperature Pres. DC (bar) Pressure (bar)   Constr. rmsd
    2.99835e+02   -3.49146e+00   -1.32396e+03    2.95853e-06

           Step           Time
          39000       78.00000

   Energies (kJ/mol)
           Bond          Angle            U-B    Proper Dih.  Improper Dih.
    2.66442e+04    3.36638e+04    2.18660e+04    2.77298e+02    6.43960e+00
          LJ-14     Coulomb-14        LJ (SR)  Disper. corr.   Coulomb (SR)
   -1.90044e+03   -1.62123e+05   -1.04307e+05   -5.83450e+02   -1.50602e+05
   Coul. recip.      Potential    Kinetic En.   Total Energy  Conserved En.
    2.27243e+03   -3.34786e+05    1.61517e+05   -1.73269e+05    6.42033e+05
    Temperature Pres. DC (bar) Pressure (bar)   Constr. rmsd
    3.04918e+02   -3.83001e+00    2.06888e+02    2.92217e-06

           Step           Time
          40000       80.00000

   Energies (kJ/mol)
           Bond          Angle            U-B    Proper Dih.  Improper Dih.
    2.86166e+04    3.67181e+04    2.10712e+04    2.44936e+02    8.14632e+00
          LJ-14     Coulomb-14        LJ (SR)  Disper. corr.   Coulomb (SR)
   -1.94614e+03   -1.62481e+05   -1.09355e+05   -6.07932e+02   -1.49704e+05
   Coul. recip.      Potential    Kinetic En.   Total Energy  Conserved En.
    2.24866e+03   -3.35187e+05    1.57951e+05   -1.77236e+05    6.58216e+05
    Temperature Pres. DC (bar) Pressure (bar)   Constr. rmsd
    2.98186e+02   -4.15741e+00    2.24632e+03    2.92401e-06

           Step           Time
          41000       82.00000

   Energies (kJ/mol)
           Bond          Angle            U-B    Proper Dih.  Improper Dih.
    2.62826e+04    3.49222e+04    2.02374e+04    2.44894e+02    4.47804e+00
          LJ-14     Coulomb-14        LJ (SR)  Disper. corr.   Coulomb (SR)
   -1.92696e+03   -1.62888e+05   -1.08804e+05   -6.01741e+02   -1.48333e+05
   Coul. recip.      Potential    Kinetic En.   Total Energy  Conserved En.
    2.21362e+03   -3.38648e+05    1.57568e+05   -1.81080e+05    6.81136e+05
    Temperature Pres. DC (bar) Pressure (bar)   Constr. rmsd
    2.97463e+02   -4.07335e+00    1.13322e+03    2.82456e-06

           Step           Time
          42000       84.00000

   Energies (kJ/mol)
           Bond          Angle            U-B    Proper Dih.  Improper Dih.
    3.14182e+04    3.44803e+04    2.01117e+04    2.31686e+02    1.03734e+01
          LJ-14     Coulomb-14        LJ (SR)  Disper. corr.   Coulomb (SR)
   -1.91905e+03   -1.62798e+05   -1.03260e+05   -5.79403e+02   -1.49131e+05
   Coul. recip.      Potential    Kinetic En.   Total Energy  Conserved En.
    2.11792e+03   -3.29316e+05    1.61143e+05   -1.68173e+05    7.14397e+05
    Temperature Pres. DC (bar) Pressure (bar)   Constr. rmsd
    3.04212e+02   -3.77717e+00   -1.07946e+03    2.94930e-06

           Step           Time
          43000       86.00000

   Energies (kJ/mol)
           Bond          Angle            U-B    Proper Dih.  Improper Dih.
    3.00048e+04    4.08899e+04    2.03340e+04    2.78719e+02    1.22915e+01
          LJ-14     Coulomb-14        LJ (SR)  Disper. corr.   Coulomb (SR)
   -1.90652e+03   -1.62544e+05   -1.00619e+05   -5.73875e+02   -1.51494e+05
   Coul. recip.      Potential    Kinetic En.   Total Energy  Conserved En.
    2.14223e+03   -3.23475e+05    1.56781e+05   -1.66694e+05    7.29940e+05
    Temperature Pres. DC (bar) Pressure (bar)   Constr. rmsd
    2.95977e+02   -3.70560e+00   -1.11309e+03    2.91922e-06

           Step           Time
          44000       88.00000

   Energies (kJ/mol)
           Bond          Angle            U-B    Proper Dih.  Improper Dih.
    2.97618e+04    3.44047e+04    2.07564e+04    2.37893e+02    5.40523e+00
          LJ-14     Coulomb-14        LJ (SR)  Disper. corr.   Coulomb (SR)
   -1.88530e+03   -1.62263e+05   -1.01302e+05   -5.85491e+02   -1.49621e+05
   Coul. recip.      Potential    Kinetic En.   Total Energy  Conserved En.
    2.26128e+03   -3.28229e+05    1.59685e+05   -1.68544e+05    7.51149e+05
    Temperature Pres. DC (bar) Pressure (bar)   Constr. rmsd
    3.01459e+02   -3.85679e+00   -1.18820e+03    2.93722e-06

           Step           Time
          45000       90.00000

   Energies (kJ/mol)
           Bond          Angle            U-B    Proper Dih.  Improper Dih.
    2.62337e+04    3.47235e+04    2.16573e+04    2.34309e+02    1.07476e+01
          LJ-14     Coulomb-14        LJ (SR)  Disper. corr.   Coulomb (SR)
   -1.88902e+03   -1.62243e+05   -1.06488e+05   -6.17349e+02   -1.50692e+05
   Coul. recip.      Potential    Kinetic En.   Total Energy  Conserved En.
    2.16887e+03   -3.36901e+05    1.62116e+05   -1.74785e+05    7.82908e+05
    Temperature Pres. DC (bar) Pressure (bar)   Constr. rmsd
    3.06050e+02   -4.28693e+00    8.89121e+02    2.87712e-06

           Step           Time
          46000       92.00000

   Energies (kJ/mol)
           Bond          Angle            U-B    Proper Dih.  Improper Dih.
    2.79011e+04    3.68784e+04    2.07524e+04    2.44778e+02    1.13568e+01
          LJ-14     Coulomb-14        LJ (SR)  Disper. corr.   Coulomb (SR)
   -1.91291e+03   -1.62644e+05   -1.10216e+05   -6.33762e+02   -1.48762e+05
   Coul. recip.      Potential    Kinetic En.   Total Energy  Conserved En.
    2.15230e+03   -3.36229e+05    1.56644e+05   -1.79585e+05    7.94007e+05
    Temperature Pres. DC (bar) Pressure (bar)   Constr. rmsd
    2.95719e+02   -4.51741e+00    2.23515e+03    2.83107e-06

           Step           Time
          47000       94.00000

   Energies (kJ/mol)
           Bond          Angle            U-B    Proper Dih.  Improper Dih.
    2.73668e+04    3.19874e+04    1.97739e+04    2.49265e+02    4.55812e+00
          LJ-14     Coulomb-14        LJ (SR)  Disper. corr.   Coulomb (SR)
   -1.92491e+03   -1.62783e+05   -1.05295e+05   -6.13932e+02   -1.49122e+05
   Coul. recip.      Potential    Kinetic En.   Total Energy  Conserved En.
    2.08165e+03   -3.38275e+05    1.60097e+05   -1.78177e+05    8.26015e+05
    Temperature Pres. DC (bar) Pressure (bar)   Constr. rmsd
    3.02238e+02   -4.23971e+00   -1.85401e+02    2.89185e-06

           Step           Time
          48000       96.00000

   Energies (kJ/mol)
           Bond          Angle            U-B    Proper Dih.  Improper Dih.
    3.07165e+04    3.85475e+04    2.00915e+04    2.41067e+02    1.07158e+01
          LJ-14     Coulomb-14        LJ (SR)  Disper. corr.   Coulomb (SR)
   -1.91974e+03   -1.62565e+05   -9.95679e+04   -5.96767e+02   -1.51853e+05
   Coul. recip.      Potential    Kinetic En.   Total Energy  Conserved En.
    2.20868e+03   -3.24687e+05    1.57065e+05   -1.67622e+05    8.47357e+05
    Temperature Pres. DC (bar) Pressure (bar)   Constr. rmsd
    2.96513e+02   -4.00643e+00   -1.26650e+03    3.00087e-06

           Step           Time
          49000       98.00000

   Energies (kJ/mol)
           Bond          Angle            U-B    Proper Dih.  Improper Dih.
    2.92990e+04    3.75464e+04    2.07208e+04    2.48169e+02    1.14398e+01
          LJ-14     Coulomb-14        LJ (SR)  Disper. corr.   Coulomb (SR)
   -1.86049e+03   -1.62349e+05   -9.96045e+04   -6.03236e+02   -1.52099e+05
   Coul. recip.      Potential    Kinetic En.   Total Energy  Conserved En.
    2.12576e+03   -3.26565e+05    1.56893e+05   -1.69672e+05    8.65758e+05
    Temperature Pres. DC (bar) Pressure (bar)   Constr. rmsd
    2.96189e+02   -4.09357e+00   -1.32968e+03    2.96127e-06

           Step           Time
          50000      100.00000

Writing checkpoint, step 50000 at Mon Jun 16 14:36:18 2025


   Energies (kJ/mol)
           Bond          Angle            U-B    Proper Dih.  Improper Dih.
    2.68019e+04    3.32095e+04    2.15895e+04    2.72375e+02    7.20030e+00
          LJ-14     Coulomb-14        LJ (SR)  Disper. corr.   Coulomb (SR)
   -1.90556e+03   -1.62105e+05   -1.04901e+05   -6.34520e+02   -1.50286e+05
   Coul. recip.      Potential    Kinetic En.   Total Energy  Conserved En.
    2.13607e+03   -3.35815e+05    1.61478e+05   -1.74337e+05    8.96630e+05
    Temperature Pres. DC (bar) Pressure (bar)   Constr. rmsd
    3.04844e+02   -4.52819e+00   -4.64671e+01    2.91269e-06


Energy conservation over simulation part #1 of length 100 ps, time 0 to 100 ps
  Conserved energy drift: 2.14e-01 kJ/mol/ps per atom


	<======  ###############  ==>
	<====  A V E R A G E S  ====>
	<==  ###############  ======>

	Statistics over 50001 steps using 501 frames

   Energies (kJ/mol)
           Bond          Angle            U-B    Proper Dih.  Improper Dih.
    2.75062e+04    3.44010e+04    2.05554e+04    2.45543e+02    9.80647e+00
          LJ-14     Coulomb-14        LJ (SR)  Disper. corr.   Coulomb (SR)
   -1.91354e+03   -1.62504e+05   -9.51210e+04   -5.34426e+02   -1.42535e+05
   Coul. recip.      Potential    Kinetic En.   Total Energy  Conserved En.
    2.43896e+03   -3.17452e+05    1.58983e+05   -1.58468e+05    3.40594e+05
    Temperature Pres. DC (bar) Pressure (bar)   Constr. rmsd
    3.00135e+02   -3.23880e+00    1.13068e+01    0.00000e+00

          Box-X          Box-Y          Box-Z
    9.75020e+00    9.75020e+00    2.92506e+01

   Total Virial (kJ/mol)
    5.53506e+04    4.79372e+01    4.14078e+01
    4.80038e+01    5.52376e+04   -1.55849e+02
    4.14523e+01   -1.55895e+02    5.37701e+04

   Pressure (bar)
    4.07050e+00   -2.54121e-01   -3.44904e-01
   -2.54954e-01    4.89530e+00    2.19271e+00
   -3.45451e-01    2.19333e+00    2.49545e+01

   Total Dipole (D)
   -5.77393e+01   -1.76694e+02   -4.61942e+00

  Epot (kJ/mol)        Coul-SR          LJ-SR        Coul-14          LJ-14   
      rest-rest   -1.42535e+05   -9.51128e+04   -1.62504e+05   -1.91354e+03
     rest-wall0    0.00000e+00   -8.18085e+00    0.00000e+00    0.00000e+00
     rest-wall1    0.00000e+00   -1.41738e-02    0.00000e+00    0.00000e+00
    wall0-wall0    0.00000e+00    0.00000e+00    0.00000e+00    0.00000e+00
    wall0-wall1    0.00000e+00    0.00000e+00    0.00000e+00    0.00000e+00
    wall1-wall1    0.00000e+00    0.00000e+00    0.00000e+00    0.00000e+00


	M E G A - F L O P S   A C C O U N T I N G

 NB=Group-cutoff nonbonded kernels    NxN=N-by-N cluster Verlet kernels
 RF=Reaction-Field  VdW=Van der Waals  QSTab=quadratic-spline table
 W3=SPC/TIP3p  W4=TIP4p (single or pairs)
 V&F=Potential and force  V=Potential only  F=Force only

 Computing:                               M-Number         M-Flops  % Flops
-----------------------------------------------------------------------------
 Pair Search distance check            9072.688584       81654.197     0.0
 NxN QSTab Elec. + LJ [F]           1803393.481032    73939132.722    42.4
 NxN QSTab Elec. + LJ [V&F]           18256.642904     1077141.931     0.6
 NxN QSTab Elec. [F]                   2157.568776       73357.338     0.0
 NxN QSTab Elec. [V&F]                   21.836264         895.287     0.0
 1,4 nonbonded interactions             464.509290       41805.836     0.0
 Calc Weights                          7374.147480      265469.309     0.2
 Spread Q Bspline                    157315.146240      314630.292     0.2
 Gather F Bspline                    157315.146240      943890.877     0.5
 3D-FFT                            12122345.542062    96978764.336    55.6
 Solve PME                              352.807056       22579.652     0.0
 Reset In Box                            24.629160          73.887     0.0
 CG-CoM                                  24.678320          74.035     0.0
 Bonds                                 1055.021100       62246.245     0.0
 Angles                                1500.030000      252005.040     0.1
 Propers                                 17.500350        4007.580     0.0
 Impropers                                0.500010         104.002     0.0
 Walls                                 2458.049160       76199.524     0.0
 Virial                                  49.254205         886.576     0.0
 Stop-CM                                 24.678320         246.783     0.0
 Calc-Ekin                              491.698320       13275.855     0.0
 Lincs                                  703.042180       42182.531     0.0
 Lincs-Mat                             5400.324000       21601.296     0.0
 Constraint-V                          1706.068240       15354.614     0.0
 Constraint-Vir                          20.080060         481.921     0.0
 Settle                                 100.006000       37002.220     0.0
 Urey-Bradley                          1061.521230      194258.385     0.1
-----------------------------------------------------------------------------
 Total                                               174459322.274   100.0
-----------------------------------------------------------------------------


    D O M A I N   D E C O M P O S I T I O N   S T A T I S T I C S

 av. #atoms communicated per step for force:  2 x 0.0
 av. #atoms communicated per step for LINCS:  2 x 0.0


      R E A L   C Y C L E   A N D   T I M E   A C C O U N T I N G

On 1 MPI rank, each using 16 OpenMP threads

 Activity:              Num   Num      Call    Wall time         Giga-Cycles
                        Ranks Threads  Count      (s)         total sum    %
--------------------------------------------------------------------------------
 Domain decomp.            1   16        501       2.823        162.625   0.1
 Neighbor search           1   16        501       3.489        200.949   0.1
 Force                     1   16      50001     546.504      31478.731  20.3
 PME mesh                  1   16      50001    2053.752     118296.480  76.4
 NB X/F buffer ops.        1   16      99501      26.248       1511.890   1.0
 Write traj.               1   16         52       0.573         33.025   0.0
 Update                    1   16      50001      22.618       1302.780   0.8
 Constraints               1   16      50003      23.043       1327.254   0.9
 Rest                                              9.042        520.801   0.3
--------------------------------------------------------------------------------
 Total                                          2688.091     154834.534 100.0
--------------------------------------------------------------------------------
 Breakdown of PME mesh activities
--------------------------------------------------------------------------------
 PME spread                1   16      50001     292.263      16834.426  10.9
 PME gather                1   16      50001     290.525      16734.317  10.8
 PME 3D-FFT                1   16     100002    1402.870      80805.533  52.2
 PME solve Elec            1   16      50001      62.246       3585.366   2.3
--------------------------------------------------------------------------------

               Core t (s)   Wall t (s)        (%)
       Time:    43009.458     2688.091     1600.0
                         44:48
                 (ns/day)    (hour/ns)
Performance:        3.214        7.467
Finished mdrun on rank 0 Mon Jun 16 14:36:18 2025

