                      :-) GROMACS - gmx mdrun, 2021.5 (-:

                            GROMACS is written by:
     Andrey Alekseenko              Emile Apol              Rossen Apostolov     
         Paul Bauer           Herman J.C. Berendsen           Par Bjelkmar       
       Christian Blau           Viacheslav Bolnykh             Kevin Boyd        
     Aldert van Buuren           Rudi van Drunen             Anton Feenstra      
    Gilles Gouaillardet             Alan Gray               Gerrit Groenhof      
       Anca Hamuraru            Vincent Hindriksen          M. Eric Irrgang      
      Aleksei Iupinov           Christoph Junghans             Joe Jordan        
    Dimitrios Karkoulis            Peter Kasson                Jiri Kraus        
      Carsten Kutzner              Per Larsson              Justin A. Lemkul     
       Viveca Lindahl            Magnus Lundborg             Erik Marklund       
        Pascal Merz             Pieter Meulenhoff            Teemu Murtola       
        Szilard Pall               Sander Pronk              Roland Schulz       
       Michael Shirts            Alexey Shvetsov             Alfons Sijbers      
       Peter Tieleman              Jon Vincent              Teemu Virolainen     
     Christian Wennberg            Maarten Wolf              Artem Zhmurov       
                           and the project leaders:
        Mark Abraham, Berk Hess, Erik Lindahl, and David van der Spoel

Copyright (c) 1991-2000, University of Groningen, The Netherlands.
Copyright (c) 2001-2019, The GROMACS development team at
Uppsala University, Stockholm University and
the Royal Institute of Technology, Sweden.
check out http://www.gromacs.org for more information.

GROMACS is free software; you can redistribute it and/or modify it
under the terms of the GNU Lesser General Public License
as published by the Free Software Foundation; either version 2.1
of the License, or (at your option) any later version.

GROMACS:      gmx mdrun, version 2021.5
Executable:   /usr/local/gromacs_2021.5/bin/gmx
Data prefix:  /usr/local/gromacs_2021.5
Working dir:  /srv/home/apbal/work/REU/numb_dens/ETAC
Process ID:   276299
Command line:
  gmx mdrun -v -deffnm npt -ntomp 10 -nb gpu -bonded cpu -update gpu -ntmpi 1 -cpt 1

GROMACS version:    2021.5
Precision:          mixed
Memory model:       64 bit
MPI library:        thread_mpi
OpenMP support:     enabled (GMX_OPENMP_MAX_THREADS = 256)
GPU support:        CUDA
SIMD instructions:  AVX2_256
FFT library:        fftw-3.3.8-sse2-avx-avx2-avx2_128
RDTSCP usage:       enabled
TNG support:        enabled
Hwloc support:      disabled
Tracing support:    disabled
C compiler:         /usr/bin/cc GNU 9.4.0
C compiler flags:   -mavx2 -mfma -Wno-missing-field-initializers -fexcess-precision=fast -funroll-all-loops -pthread -O3 -DNDEBUG
C++ compiler:       /usr/bin/c++ GNU 9.4.0
C++ compiler flags: -mavx2 -mfma -Wno-missing-field-initializers -fexcess-precision=fast -funroll-all-loops -pthread -fopenmp -O3 -DNDEBUG
CUDA compiler:      /usr/local/cuda-12.2/bin/nvcc nvcc: NVIDIA (R) Cuda compiler driver;Copyright (c) 2005-2023 NVIDIA Corporation;Built on Tue_Aug_15_22:02:13_PDT_2023;Cuda compilation tools, release 12.2, V12.2.140;Build cuda_12.2.r12.2/compiler.33191640_0
CUDA compiler flags:-std=c++17;-gencode;arch=compute_60,code=sm_60;-gencode;arch=compute_61,code=sm_61;-gencode;arch=compute_62,code=sm_62;-gencode;arch=compute_70,code=sm_70;-gencode;arch=compute_75,code=sm_75;-gencode;arch=compute_80,code=sm_80;-gencode;arch=compute_86,code=sm_86;-gencode;arch=compute_89,code=sm_89;-gencode;arch=compute_60,code=compute_60;-gencode;arch=compute_61,code=compute_61;-gencode;arch=compute_62,code=compute_62;-gencode;arch=compute_70,code=compute_70;-gencode;arch=compute_75,code=compute_75;-gencode;arch=compute_80,code=compute_80;-gencode;arch=compute_86,code=compute_86;-gencode;arch=compute_89,code=compute_89;-use_fast_math;-D_FORCE_INLINES;-mavx2 -mfma -Wno-missing-field-initializers -fexcess-precision=fast -funroll-all-loops -pthread -fopenmp -O3 -DNDEBUG
CUDA driver:        12.90
CUDA runtime:       12.20


Running on 1 node with total 128 cores, 128 logical cores, 1 compatible GPU
Hardware detected:
  CPU info:
    Vendor: AMD
    Brand:  AMD EPYC 7513 32-Core Processor                
    Family: 25   Model: 1   Stepping: 1
    Features: aes amd apic avx avx2 clfsh cmov cx8 cx16 f16c fma htt lahf misalignsse mmx msr nonstop_tsc pcid pclmuldq pdpe1gb popcnt pse rdrnd rdtscp sha sse2 sse3 sse4a sse4.1 sse4.2 ssse3
  Hardware topology: Only logical processor count
  GPU info:
    Number of GPUs detected: 1
    #0: NVIDIA NVIDIA RTX A4500, compute cap.: 8.6, ECC:  no, stat: compatible


++++ PLEASE READ AND CITE THE FOLLOWING REFERENCE ++++
M. J. Abraham, T. Murtola, R. Schulz, S. Páll, J. C. Smith, B. Hess, E.
Lindahl
GROMACS: High performance molecular simulations through multi-level
parallelism from laptops to supercomputers
SoftwareX 1 (2015) pp. 19-25
-------- -------- --- Thank You --- -------- --------


++++ PLEASE READ AND CITE THE FOLLOWING REFERENCE ++++
S. Páll, M. J. Abraham, C. Kutzner, B. Hess, E. Lindahl
Tackling Exascale Software Challenges in Molecular Dynamics Simulations with
GROMACS
In S. Markidis & E. Laure (Eds.), Solving Software Challenges for Exascale 8759 (2015) pp. 3-27
-------- -------- --- Thank You --- -------- --------


++++ PLEASE READ AND CITE THE FOLLOWING REFERENCE ++++
S. Pronk, S. Páll, R. Schulz, P. Larsson, P. Bjelkmar, R. Apostolov, M. R.
Shirts, J. C. Smith, P. M. Kasson, D. van der Spoel, B. Hess, and E. Lindahl
GROMACS 4.5: a high-throughput and highly parallel open source molecular
simulation toolkit
Bioinformatics 29 (2013) pp. 845-54
-------- -------- --- Thank You --- -------- --------


++++ PLEASE READ AND CITE THE FOLLOWING REFERENCE ++++
B. Hess and C. Kutzner and D. van der Spoel and E. Lindahl
GROMACS 4: Algorithms for highly efficient, load-balanced, and scalable
molecular simulation
J. Chem. Theory Comput. 4 (2008) pp. 435-447
-------- -------- --- Thank You --- -------- --------


++++ PLEASE READ AND CITE THE FOLLOWING REFERENCE ++++
D. van der Spoel, E. Lindahl, B. Hess, G. Groenhof, A. E. Mark and H. J. C.
Berendsen
GROMACS: Fast, Flexible and Free
J. Comp. Chem. 26 (2005) pp. 1701-1719
-------- -------- --- Thank You --- -------- --------


++++ PLEASE READ AND CITE THE FOLLOWING REFERENCE ++++
E. Lindahl and B. Hess and D. van der Spoel
GROMACS 3.0: A package for molecular simulation and trajectory analysis
J. Mol. Mod. 7 (2001) pp. 306-317
-------- -------- --- Thank You --- -------- --------


++++ PLEASE READ AND CITE THE FOLLOWING REFERENCE ++++
H. J. C. Berendsen, D. van der Spoel and R. van Drunen
GROMACS: A message-passing parallel molecular dynamics implementation
Comp. Phys. Comm. 91 (1995) pp. 43-56
-------- -------- --- Thank You --- -------- --------


++++ PLEASE CITE THE DOI FOR THIS VERSION OF GROMACS ++++
https://doi.org/10.5281/zenodo.5850051
-------- -------- --- Thank You --- -------- --------

Input Parameters:
   integrator                     = md
   tinit                          = 0
   dt                             = 0.002
   nsteps                         = 500000
   init-step                      = 0
   simulation-part                = 1
   mts                            = false
   comm-mode                      = Linear
   nstcomm                        = 100
   bd-fric                        = 0
   ld-seed                        = -3162385
   emtol                          = 10
   emstep                         = 0.01
   niter                          = 20
   fcstep                         = 0
   nstcgsteep                     = 1000
   nbfgscorr                      = 10
   rtpi                           = 0.05
   nstxout                        = 5000
   nstvout                        = 5000
   nstfout                        = 0
   nstlog                         = 5000
   nstcalcenergy                  = 100
   nstenergy                      = 5000
   nstxout-compressed             = 5000
   compressed-x-precision         = 1000
   cutoff-scheme                  = Verlet
   nstlist                        = 10
   pbc                            = xyz
   periodic-molecules             = false
   verlet-buffer-tolerance        = 0.005
   rlist                          = 1.4
   coulombtype                    = PME
   coulomb-modifier               = Potential-shift
   rcoulomb-switch                = 0
   rcoulomb                       = 1.4
   epsilon-r                      = 1
   epsilon-rf                     = inf
   vdw-type                       = Cut-off
   vdw-modifier                   = Potential-shift
   rvdw-switch                    = 0
   rvdw                           = 1.4
   DispCorr                       = EnerPres
   table-extension                = 1
   fourierspacing                 = 0.12
   fourier-nx                     = 52
   fourier-ny                     = 52
   fourier-nz                     = 200
   pme-order                      = 4
   ewald-rtol                     = 1e-05
   ewald-rtol-lj                  = 0.001
   lj-pme-comb-rule               = Geometric
   ewald-geometry                 = 0
   epsilon-surface                = 0
   tcoupl                         = V-rescale
   nsttcouple                     = 10
   nh-chain-length                = 0
   print-nose-hoover-chain-variables = false
   pcoupl                         = Berendsen
   pcoupltype                     = Isotropic
   nstpcouple                     = 10
   tau-p                          = 2
   compressibility (3x3):
      compressibility[    0]={ 4.50000e-05,  0.00000e+00,  0.00000e+00}
      compressibility[    1]={ 0.00000e+00,  4.50000e-05,  0.00000e+00}
      compressibility[    2]={ 0.00000e+00,  0.00000e+00,  4.50000e-05}
   ref-p (3x3):
      ref-p[    0]={ 1.00000e+00,  0.00000e+00,  0.00000e+00}
      ref-p[    1]={ 0.00000e+00,  1.00000e+00,  0.00000e+00}
      ref-p[    2]={ 0.00000e+00,  0.00000e+00,  1.00000e+00}
   refcoord-scaling               = No
   posres-com (3):
      posres-com[0]= 0.00000e+00
      posres-com[1]= 0.00000e+00
      posres-com[2]= 0.00000e+00
   posres-comB (3):
      posres-comB[0]= 0.00000e+00
      posres-comB[1]= 0.00000e+00
      posres-comB[2]= 0.00000e+00
   QMMM                           = false
qm-opts:
   ngQM                           = 0
   constraint-algorithm           = Lincs
   continuation                   = false
   Shake-SOR                      = false
   shake-tol                      = 0.0001
   lincs-order                    = 4
   lincs-iter                     = 1
   lincs-warnangle                = 30
   nwall                          = 0
   wall-type                      = 9-3
   wall-r-linpot                  = -1
   wall-atomtype[0]               = -1
   wall-atomtype[1]               = -1
   wall-density[0]                = 0
   wall-density[1]                = 0
   wall-ewald-zfac                = 3
   pull                           = false
   awh                            = false
   rotation                       = false
   interactiveMD                  = false
   disre                          = No
   disre-weighting                = Conservative
   disre-mixed                    = false
   dr-fc                          = 1000
   dr-tau                         = 0
   nstdisreout                    = 100
   orire-fc                       = 0
   orire-tau                      = 0
   nstorireout                    = 100
   free-energy                    = no
   cos-acceleration               = 0
   deform (3x3):
      deform[    0]={ 0.00000e+00,  0.00000e+00,  0.00000e+00}
      deform[    1]={ 0.00000e+00,  0.00000e+00,  0.00000e+00}
      deform[    2]={ 0.00000e+00,  0.00000e+00,  0.00000e+00}
   simulated-tempering            = false
   swapcoords                     = no
   userint1                       = 0
   userint2                       = 0
   userint3                       = 0
   userint4                       = 0
   userreal1                      = 0
   userreal2                      = 0
   userreal3                      = 0
   userreal4                      = 0
   applied-forces:
     electric-field:
       x:
         E0                       = 0
         omega                    = 0
         t0                       = 0
         sigma                    = 0
       y:
         E0                       = 0
         omega                    = 0
         t0                       = 0
         sigma                    = 0
       z:
         E0                       = 0
         omega                    = 0
         t0                       = 0
         sigma                    = 0
     density-guided-simulation:
       active                     = false
       group                      = protein
       similarity-measure         = inner-product
       atom-spreading-weight      = unity
       force-constant             = 1e+09
       gaussian-transform-spreading-width = 0.2
       gaussian-transform-spreading-range-in-multiples-of-width = 4
       reference-density-filename = reference.mrc
       nst                        = 1
       normalize-densities        = true
       adaptive-force-scaling     = false
       adaptive-force-scaling-time-constant = 4
       shift-vector               = 
       transformation-matrix      = 
grpopts:
   nrdf:      134263
   ref-t:         298
   tau-t:         0.1
annealing:          No
annealing-npoints:           0
   acc:	           0           0           0
   nfreeze:           N           N           N
   energygrp-flags[  0]: 0

Changing nstlist from 10 to 100, rlist from 1.4 to 1.4

1 GPU selected for this run.
Mapping of GPU IDs to the 2 GPU tasks in the 1 rank on this node:
  PP:0,PME:0
PP tasks will do (non-perturbed) short-ranged interactions on the GPU
PP task will update and constrain coordinates on the GPU
PME tasks will do all aspects on the GPU
Using 1 MPI thread

Non-default thread affinity set, disabling internal thread affinity

Using 10 OpenMP threads 

System total charge: 0.000
Will do PME sum in reciprocal space for electrostatic interactions.

++++ PLEASE READ AND CITE THE FOLLOWING REFERENCE ++++
U. Essmann, L. Perera, M. L. Berkowitz, T. Darden, H. Lee and L. G. Pedersen 
A smooth particle mesh Ewald method
J. Chem. Phys. 103 (1995) pp. 8577-8592
-------- -------- --- Thank You --- -------- --------

Using a Gaussian width (1/beta) of 0.448228 nm for Ewald
Potential shift: LJ r^-12: -1.764e-02 r^-6: -1.328e-01, Ewald -7.143e-06
Initialized non-bonded Ewald tables, spacing: 1.10e-03 size: 1270

Generated table with 1200 data points for 1-4 COUL.
Tabscale = 500 points/nm
Generated table with 1200 data points for 1-4 LJ6.
Tabscale = 500 points/nm
Generated table with 1200 data points for 1-4 LJ12.
Tabscale = 500 points/nm
Long Range LJ corr.: <C6> 6.0112e-04


Using GPU 8x8 nonbonded short-range kernels

Using a 8x8 pair-list setup:
  updated every 100 steps, buffer 0.000 nm, rlist 1.400 nm
At tolerance 0.005 kJ/mol/ps per atom, equivalent classical 1x1 list would be:
  updated every 100 steps, buffer 0.162 nm, rlist 1.562 nm

Using Lorentz-Berthelot Lennard-Jones combination rule
Removing pbc first time

Initializing LINear Constraint Solver

++++ PLEASE READ AND CITE THE FOLLOWING REFERENCE ++++
B. Hess and H. Bekker and H. J. C. Berendsen and J. G. E. M. Fraaije
LINCS: A Linear Constraint Solver for molecular simulations
J. Comp. Chem. 18 (1997) pp. 1463-1472
-------- -------- --- Thank You --- -------- --------

The number of constraints is 31592

++++ PLEASE READ AND CITE THE FOLLOWING REFERENCE ++++
G. Bussi, D. Donadio and M. Parrinello
Canonical sampling through velocity rescaling
J. Chem. Phys. 126 (2007) pp. 014101
-------- -------- --- Thank You --- -------- --------

There are: 55286 Atoms

Updating coordinates and applying constraints on the GPU.

Constraining the starting coordinates (step 0)

Constraining the coordinates at t0-dt (step 0)
Center of mass motion removal mode is Linear
We have the following groups for center of mass motion removal:
  0:  rest
RMS relative constraint deviation after constraining: 5.03e-06
Initial temperature: 299.903 K

Started mdrun on rank 0 Fri Jun 27 22:00:18 2025

           Step           Time
              0        0.00000

   Energies (kJ/mol)
           Bond            U-B    Proper Dih.  Improper Dih.          LJ-14
    2.09365e+03    9.20382e+03    1.79039e+03    2.58770e+02    6.18172e+03
     Coulomb-14        LJ (SR)  Disper. corr.   Coulomb (SR)   Coul. recip.
   -9.08961e+05   -6.75406e+04   -3.24405e+03    1.24233e+05    3.20985e+03
      Potential    Kinetic En.   Total Energy  Conserved En.    Temperature
   -8.32775e+05    1.67545e+05   -6.65230e+05   -6.65214e+05    3.00172e+02
 Pres. DC (bar) Pressure (bar)   Constr. rmsd
   -6.23905e+01    2.42624e+03    5.02682e-06

           Step           Time
           5000       10.00000

   Energies (kJ/mol)
           Bond            U-B    Proper Dih.  Improper Dih.          LJ-14
    1.78668e+04    9.54734e+04    1.28551e+04    4.61590e+03    8.03250e+03
     Coulomb-14        LJ (SR)  Disper. corr.   Coulomb (SR)   Coul. recip.
   -9.39212e+05   -7.43347e+04   -3.34171e+03    1.43768e+05    2.04855e+03
      Potential    Kinetic En.   Total Energy  Conserved En.    Temperature
   -7.32228e+05    1.66070e+05   -5.66158e+05   -6.57607e+05    2.97529e+02
 Pres. DC (bar) Pressure (bar)   Constr. rmsd
   -6.62008e+01   -5.07047e+02    5.02682e-06

step 5600: timed with pme grid 52 52 200, coulomb cutoff 1.400: 235.2 M-cycles
step 5800: timed with pme grid 42 42 168, coulomb cutoff 1.667: 248.3 M-cycles
step 6000: timed with pme grid 36 36 144, coulomb cutoff 1.944: 308.3 M-cycles
step 6200: timed with pme grid 40 40 160, coulomb cutoff 1.750: 274.0 M-cycles
step 6400: timed with pme grid 42 42 168, coulomb cutoff 1.667: 245.9 M-cycles
step 6600: timed with pme grid 44 44 192, coulomb cutoff 1.591: 240.7 M-cycles
step 6800: timed with pme grid 48 48 192, coulomb cutoff 1.458: 257.5 M-cycles
step 7000: timed with pme grid 52 52 200, coulomb cutoff 1.400: 265.1 M-cycles
              optimal pme grid 52 52 200, coulomb cutoff 1.400
           Step           Time
          10000       20.00000

   Energies (kJ/mol)
           Bond            U-B    Proper Dih.  Improper Dih.          LJ-14
    1.86084e+04    9.77348e+04    1.23790e+04    4.60944e+03    8.12051e+03
     Coulomb-14        LJ (SR)  Disper. corr.   Coulomb (SR)   Coul. recip.
   -9.38183e+05   -8.31791e+04   -3.59026e+03    1.40274e+05    1.93991e+03
      Potential    Kinetic En.   Total Energy  Conserved En.    Temperature
   -7.41286e+05    1.66264e+05   -5.75022e+05   -6.56523e+05    2.97878e+02
 Pres. DC (bar) Pressure (bar)   Constr. rmsd
   -7.64077e+01   -3.19180e+02    5.02682e-06

           Step           Time
          15000       30.00000

   Energies (kJ/mol)
           Bond            U-B    Proper Dih.  Improper Dih.          LJ-14
    1.92925e+04    9.87644e+04    1.20892e+04    4.59658e+03    8.00565e+03
     Coulomb-14        LJ (SR)  Disper. corr.   Coulomb (SR)   Coul. recip.
   -9.37023e+05   -9.07510e+04   -3.85503e+03    1.37345e+05    1.79775e+03
      Potential    Kinetic En.   Total Energy  Conserved En.    Temperature
   -7.49738e+05    1.65800e+05   -5.83938e+05   -6.55560e+05    2.97047e+02
 Pres. DC (bar) Pressure (bar)   Constr. rmsd
   -8.80854e+01   -2.97479e+02    5.02682e-06

           Step           Time
          20000       40.00000

   Energies (kJ/mol)
           Bond            U-B    Proper Dih.  Improper Dih.          LJ-14
    1.99259e+04    9.99463e+04    1.15180e+04    4.60652e+03    8.07229e+03
     Coulomb-14        LJ (SR)  Disper. corr.   Coulomb (SR)   Coul. recip.
   -9.36575e+05   -9.51230e+04   -4.04880e+03    1.35595e+05    1.71504e+03
      Potential    Kinetic En.   Total Energy  Conserved En.    Temperature
   -7.54368e+05    1.66095e+05   -5.88273e+05   -6.54584e+05    2.97575e+02
 Pres. DC (bar) Pressure (bar)   Constr. rmsd
   -9.71581e+01   -8.79068e+01    5.02682e-06

           Step           Time
          25000       50.00000

   Energies (kJ/mol)
           Bond            U-B    Proper Dih.  Improper Dih.          LJ-14
    1.98618e+04    1.01002e+05    1.14148e+04    4.52347e+03    7.94963e+03
     Coulomb-14        LJ (SR)  Disper. corr.   Coulomb (SR)   Coul. recip.
   -9.38220e+05   -9.81409e+04   -4.20986e+03    1.36546e+05    1.66032e+03
      Potential    Kinetic En.   Total Energy  Conserved En.    Temperature
   -7.57613e+05    1.65614e+05   -5.91998e+05   -6.53662e+05    2.96714e+02
 Pres. DC (bar) Pressure (bar)   Constr. rmsd
   -1.05037e+02   -4.62670e+01    5.02682e-06

           Step           Time
          30000       60.00000

   Energies (kJ/mol)
           Bond            U-B    Proper Dih.  Improper Dih.          LJ-14
    2.01954e+04    9.97618e+04    1.11400e+04    4.66738e+03    8.07594e+03
     Coulomb-14        LJ (SR)  Disper. corr.   Coulomb (SR)   Coul. recip.
   -9.35858e+05   -1.00605e+05   -4.29713e+03    1.33385e+05    1.57750e+03
      Potential    Kinetic En.   Total Energy  Conserved En.    Temperature
   -7.61958e+05    1.65700e+05   -5.96257e+05   -6.52891e+05    2.96867e+02
 Pres. DC (bar) Pressure (bar)   Constr. rmsd
   -1.09435e+02   -2.50949e+02    5.02682e-06

           Step           Time
          35000       70.00000

   Energies (kJ/mol)
           Bond            U-B    Proper Dih.  Improper Dih.          LJ-14
    2.03341e+04    1.00847e+05    1.11178e+04    4.53158e+03    8.23820e+03
     Coulomb-14        LJ (SR)  Disper. corr.   Coulomb (SR)   Coul. recip.
   -9.35990e+05   -1.01787e+05   -4.34540e+03    1.33458e+05    1.58427e+03
      Potential    Kinetic En.   Total Energy  Conserved En.    Temperature
   -7.62012e+05    1.66564e+05   -5.95448e+05   -6.51891e+05    2.98415e+02
 Pres. DC (bar) Pressure (bar)   Constr. rmsd
   -1.11906e+02   -2.41358e+01    5.02682e-06

           Step           Time
          40000       80.00000

   Energies (kJ/mol)
           Bond            U-B    Proper Dih.  Improper Dih.          LJ-14
    2.06062e+04    1.00984e+05    1.12854e+04    4.71483e+03    7.94213e+03
     Coulomb-14        LJ (SR)  Disper. corr.   Coulomb (SR)   Coul. recip.
   -9.36220e+05   -1.02561e+05   -4.36606e+03    1.33345e+05    1.58390e+03
      Potential    Kinetic En.   Total Energy  Conserved En.    Temperature
   -7.62686e+05    1.65381e+05   -5.97305e+05   -6.51026e+05    2.96295e+02
 Pres. DC (bar) Pressure (bar)   Constr. rmsd
   -1.12972e+02   -7.74808e+01    5.02682e-06

           Step           Time
          45000       90.00000

   Energies (kJ/mol)
           Bond            U-B    Proper Dih.  Improper Dih.          LJ-14
    2.00331e+04    1.00984e+05    1.13731e+04    4.80279e+03    8.10067e+03
     Coulomb-14        LJ (SR)  Disper. corr.   Coulomb (SR)   Coul. recip.
   -9.36216e+05   -1.02246e+05   -4.35777e+03    1.32808e+05    1.54159e+03
      Potential    Kinetic En.   Total Energy  Conserved En.    Temperature
   -7.63176e+05    1.66993e+05   -5.96183e+05   -6.50341e+05    2.99184e+02
 Pres. DC (bar) Pressure (bar)   Constr. rmsd
   -1.12543e+02    1.39675e+02    5.02682e-06

           Step           Time
          50000      100.00000

   Energies (kJ/mol)
           Bond            U-B    Proper Dih.  Improper Dih.          LJ-14
    1.99579e+04    1.01014e+05    1.11442e+04    4.63740e+03    8.17577e+03
     Coulomb-14        LJ (SR)  Disper. corr.   Coulomb (SR)   Coul. recip.
   -9.35775e+05   -1.02869e+05   -4.35570e+03    1.33038e+05    1.57634e+03
      Potential    Kinetic En.   Total Energy  Conserved En.    Temperature
   -7.63456e+05    1.66258e+05   -5.97198e+05   -6.49504e+05    2.97867e+02
 Pres. DC (bar) Pressure (bar)   Constr. rmsd
   -1.12437e+02    7.93881e+01    5.02682e-06

Writing checkpoint, step 51900 at Fri Jun 27 22:01:18 2025


           Step           Time
          55000      110.00000

   Energies (kJ/mol)
           Bond            U-B    Proper Dih.  Improper Dih.          LJ-14
    2.00123e+04    1.00143e+05    1.12157e+04    4.62761e+03    8.00594e+03
     Coulomb-14        LJ (SR)  Disper. corr.   Coulomb (SR)   Coul. recip.
   -9.34852e+05   -1.02668e+05   -4.35995e+03    1.32276e+05    1.50023e+03
      Potential    Kinetic En.   Total Energy  Conserved En.    Temperature
   -7.64099e+05    1.65183e+05   -5.98915e+05   -6.48705e+05    2.95941e+02
 Pres. DC (bar) Pressure (bar)   Constr. rmsd
   -1.12656e+02   -7.27924e+01    5.02682e-06

           Step           Time
          60000      120.00000

   Energies (kJ/mol)
           Bond            U-B    Proper Dih.  Improper Dih.          LJ-14
    1.98818e+04    1.00537e+05    1.11794e+04    4.76358e+03    8.05050e+03
     Coulomb-14        LJ (SR)  Disper. corr.   Coulomb (SR)   Coul. recip.
   -9.35894e+05   -1.02431e+05   -4.36330e+03    1.33066e+05    1.52894e+03
      Potential    Kinetic En.   Total Energy  Conserved En.    Temperature
   -7.63681e+05    1.67329e+05   -5.96353e+05   -6.47881e+05    2.99785e+02
 Pres. DC (bar) Pressure (bar)   Constr. rmsd
   -1.12829e+02    1.05700e+02    5.02682e-06

           Step           Time
          65000      130.00000

   Energies (kJ/mol)
           Bond            U-B    Proper Dih.  Improper Dih.          LJ-14
    1.98751e+04    1.00890e+05    1.13343e+04    4.76668e+03    8.18447e+03
     Coulomb-14        LJ (SR)  Disper. corr.   Coulomb (SR)   Coul. recip.
   -9.35393e+05   -1.02861e+05   -4.36805e+03    1.32630e+05    1.51714e+03
      Potential    Kinetic En.   Total Energy  Conserved En.    Temperature
   -7.63424e+05    1.66679e+05   -5.96745e+05   -6.47064e+05    2.98620e+02
 Pres. DC (bar) Pressure (bar)   Constr. rmsd
   -1.13075e+02    8.04645e+01    5.02682e-06

           Step           Time
          70000      140.00000

   Energies (kJ/mol)
           Bond            U-B    Proper Dih.  Improper Dih.          LJ-14
    2.01864e+04    1.01234e+05    1.14380e+04    4.77398e+03    8.34781e+03
     Coulomb-14        LJ (SR)  Disper. corr.   Coulomb (SR)   Coul. recip.
   -9.35654e+05   -1.02612e+05   -4.36288e+03    1.32089e+05    1.55468e+03
      Potential    Kinetic En.   Total Energy  Conserved En.    Temperature
   -7.63005e+05    1.66855e+05   -5.96150e+05   -6.46207e+05    2.98936e+02
 Pres. DC (bar) Pressure (bar)   Constr. rmsd
   -1.12807e+02    1.54934e+02    5.02682e-06

           Step           Time
          75000      150.00000

   Energies (kJ/mol)
           Bond            U-B    Proper Dih.  Improper Dih.          LJ-14
    2.03953e+04    1.01196e+05    1.16083e+04    4.77906e+03    8.32645e+03
     Coulomb-14        LJ (SR)  Disper. corr.   Coulomb (SR)   Coul. recip.
   -9.36115e+05   -1.02895e+05   -4.36511e+03    1.32906e+05    1.62881e+03
      Potential    Kinetic En.   Total Energy  Conserved En.    Temperature
   -7.62535e+05    1.66317e+05   -5.96218e+05   -6.45359e+05    2.97972e+02
 Pres. DC (bar) Pressure (bar)   Constr. rmsd
   -1.12923e+02    4.66212e+01    5.02682e-06

           Step           Time
          80000      160.00000

   Energies (kJ/mol)
           Bond            U-B    Proper Dih.  Improper Dih.          LJ-14
    2.01034e+04    1.00873e+05    1.12055e+04    4.90210e+03    8.15964e+03
     Coulomb-14        LJ (SR)  Disper. corr.   Coulomb (SR)   Coul. recip.
   -9.35563e+05   -1.03184e+05   -4.37636e+03    1.32511e+05    1.49777e+03
      Potential    Kinetic En.   Total Energy  Conserved En.    Temperature
   -7.63871e+05    1.66023e+05   -5.97848e+05   -6.44514e+05    2.97446e+02
 Pres. DC (bar) Pressure (bar)   Constr. rmsd
   -1.13505e+02    6.37038e+01    5.02682e-06

           Step           Time
          85000      170.00000

   Energies (kJ/mol)
           Bond            U-B    Proper Dih.  Improper Dih.          LJ-14
    1.96900e+04    1.00144e+05    1.11594e+04    4.72317e+03    8.17642e+03
     Coulomb-14        LJ (SR)  Disper. corr.   Coulomb (SR)   Coul. recip.
   -9.35683e+05   -1.03055e+05   -4.36960e+03    1.32739e+05    1.54120e+03
      Potential    Kinetic En.   Total Energy  Conserved En.    Temperature
   -7.64934e+05    1.66775e+05   -5.98159e+05   -6.43836e+05    2.98794e+02
 Pres. DC (bar) Pressure (bar)   Constr. rmsd
   -1.13155e+02   -4.57599e+01    5.02682e-06

           Step           Time
          90000      180.00000

   Energies (kJ/mol)
           Bond            U-B    Proper Dih.  Improper Dih.          LJ-14
    2.00560e+04    1.00691e+05    1.12381e+04    4.76071e+03    7.98594e+03
     Coulomb-14        LJ (SR)  Disper. corr.   Coulomb (SR)   Coul. recip.
   -9.36251e+05   -1.03092e+05   -4.37488e+03    1.32997e+05    1.50183e+03
      Potential    Kinetic En.   Total Energy  Conserved En.    Temperature
   -7.64488e+05    1.65754e+05   -5.98733e+05   -6.42924e+05    2.96965e+02
 Pres. DC (bar) Pressure (bar)   Constr. rmsd
   -1.13429e+02   -1.29690e+02    5.02682e-06

           Step           Time
          95000      190.00000

   Energies (kJ/mol)
           Bond            U-B    Proper Dih.  Improper Dih.          LJ-14
    2.00179e+04    1.00583e+05    1.11812e+04    4.79581e+03    8.10783e+03
     Coulomb-14        LJ (SR)  Disper. corr.   Coulomb (SR)   Coul. recip.
   -9.35842e+05   -1.03636e+05   -4.37230e+03    1.32477e+05    1.47222e+03
      Potential    Kinetic En.   Total Energy  Conserved En.    Temperature
   -7.65216e+05    1.66048e+05   -5.99168e+05   -6.42120e+05    2.97490e+02
 Pres. DC (bar) Pressure (bar)   Constr. rmsd
   -1.13295e+02    5.54564e+01    5.02682e-06

           Step           Time
         100000      200.00000

   Energies (kJ/mol)
           Bond            U-B    Proper Dih.  Improper Dih.          LJ-14
    2.06203e+04    1.01315e+05    1.13541e+04    4.72208e+03    8.12097e+03
     Coulomb-14        LJ (SR)  Disper. corr.   Coulomb (SR)   Coul. recip.
   -9.35525e+05   -1.02907e+05   -4.37506e+03    1.32136e+05    1.53298e+03
      Potential    Kinetic En.   Total Energy  Conserved En.    Temperature
   -7.63006e+05    1.66590e+05   -5.96416e+05   -6.41215e+05    2.98462e+02
 Pres. DC (bar) Pressure (bar)   Constr. rmsd
   -1.13438e+02    2.73879e+02    5.02682e-06

           Step           Time
         105000      210.00000

   Energies (kJ/mol)
           Bond            U-B    Proper Dih.  Improper Dih.          LJ-14
    1.99073e+04    1.00452e+05    1.13894e+04    4.67195e+03    8.19253e+03
     Coulomb-14        LJ (SR)  Disper. corr.   Coulomb (SR)   Coul. recip.
   -9.34603e+05   -1.03008e+05   -4.37230e+03    1.31772e+05    1.53958e+03
      Potential    Kinetic En.   Total Energy  Conserved En.    Temperature
   -7.64059e+05    1.66004e+05   -5.98055e+05   -6.40372e+05    2.97411e+02
 Pres. DC (bar) Pressure (bar)   Constr. rmsd
   -1.13295e+02   -3.96816e+01    5.02682e-06

           Step           Time
         110000      220.00000

   Energies (kJ/mol)
           Bond            U-B    Proper Dih.  Improper Dih.          LJ-14
    2.02643e+04    1.00741e+05    1.13823e+04    4.74090e+03    8.08735e+03
     Coulomb-14        LJ (SR)  Disper. corr.   Coulomb (SR)   Coul. recip.
   -9.35043e+05   -1.02908e+05   -4.37258e+03    1.31669e+05    1.57949e+03
      Potential    Kinetic En.   Total Energy  Conserved En.    Temperature
   -7.63860e+05    1.66437e+05   -5.97422e+05   -6.39578e+05    2.98187e+02
 Pres. DC (bar) Pressure (bar)   Constr. rmsd
   -1.13309e+02   -7.09021e+00    5.02682e-06

           Step           Time
         115000      230.00000

   Energies (kJ/mol)
           Bond            U-B    Proper Dih.  Improper Dih.          LJ-14
    2.01593e+04    1.01873e+05    1.11027e+04    4.66909e+03    8.17538e+03
     Coulomb-14        LJ (SR)  Disper. corr.   Coulomb (SR)   Coul. recip.
   -9.37171e+05   -1.02467e+05   -4.37312e+03    1.33710e+05    1.49398e+03
      Potential    Kinetic En.   Total Energy  Conserved En.    Temperature
   -7.62828e+05    1.66583e+05   -5.96246e+05   -6.38719e+05    2.98449e+02
 Pres. DC (bar) Pressure (bar)   Constr. rmsd
   -1.13338e+02    2.30989e+02    5.02682e-06

Writing checkpoint, step 115900 at Fri Jun 27 22:02:18 2025


           Step           Time
         120000      240.00000

   Energies (kJ/mol)
           Bond            U-B    Proper Dih.  Improper Dih.          LJ-14
    2.08358e+04    1.02255e+05    1.11275e+04    4.69382e+03    8.24693e+03
     Coulomb-14        LJ (SR)  Disper. corr.   Coulomb (SR)   Coul. recip.
   -9.35504e+05   -1.02556e+05   -4.36307e+03    1.32530e+05    1.61933e+03
      Potential    Kinetic En.   Total Energy  Conserved En.    Temperature
   -7.61115e+05    1.67266e+05   -5.93849e+05   -6.37867e+05    2.99673e+02
 Pres. DC (bar) Pressure (bar)   Constr. rmsd
   -1.12817e+02   -5.97630e+01    5.02682e-06

           Step           Time
         125000      250.00000

   Energies (kJ/mol)
           Bond            U-B    Proper Dih.  Improper Dih.          LJ-14
    1.98109e+04    1.00841e+05    1.12119e+04    4.50257e+03    8.01779e+03
     Coulomb-14        LJ (SR)  Disper. corr.   Coulomb (SR)   Coul. recip.
   -9.35517e+05   -1.03313e+05   -4.37226e+03    1.32144e+05    1.59463e+03
      Potential    Kinetic En.   Total Energy  Conserved En.    Temperature
   -7.65080e+05    1.65428e+05   -5.99652e+05   -6.37128e+05    2.96380e+02
 Pres. DC (bar) Pressure (bar)   Constr. rmsd
   -1.13293e+02    1.14231e+02    5.02682e-06

           Step           Time
         130000      260.00000

   Energies (kJ/mol)
           Bond            U-B    Proper Dih.  Improper Dih.          LJ-14
    1.98937e+04    1.00322e+05    1.12563e+04    4.64834e+03    8.19684e+03
     Coulomb-14        LJ (SR)  Disper. corr.   Coulomb (SR)   Coul. recip.
   -9.35663e+05   -1.03035e+05   -4.37516e+03    1.31819e+05    1.52893e+03
      Potential    Kinetic En.   Total Energy  Conserved En.    Temperature
   -7.65408e+05    1.66361e+05   -5.99047e+05   -6.36303e+05    2.98052e+02
 Pres. DC (bar) Pressure (bar)   Constr. rmsd
   -1.13443e+02    4.49444e+02    5.02682e-06

           Step           Time
         135000      270.00000

   Energies (kJ/mol)
           Bond            U-B    Proper Dih.  Improper Dih.          LJ-14
    2.00964e+04    1.00994e+05    1.13454e+04    4.61067e+03    8.18497e+03
     Coulomb-14        LJ (SR)  Disper. corr.   Coulomb (SR)   Coul. recip.
   -9.34934e+05   -1.02881e+05   -4.37612e+03    1.32094e+05    1.56589e+03
      Potential    Kinetic En.   Total Energy  Conserved En.    Temperature
   -7.63300e+05    1.66882e+05   -5.96418e+05   -6.35408e+05    2.98985e+02
 Pres. DC (bar) Pressure (bar)   Constr. rmsd
   -1.13493e+02   -3.79701e+01    5.02682e-06

           Step           Time
         140000      280.00000

   Energies (kJ/mol)
           Bond            U-B    Proper Dih.  Improper Dih.          LJ-14
    1.97979e+04    1.00156e+05    1.13135e+04    4.57802e+03    8.22483e+03
     Coulomb-14        LJ (SR)  Disper. corr.   Coulomb (SR)   Coul. recip.
   -9.35515e+05   -1.02511e+05   -4.36360e+03    1.32123e+05    1.55273e+03
      Potential    Kinetic En.   Total Energy  Conserved En.    Temperature
   -7.64644e+05    1.66227e+05   -5.98417e+05   -6.34650e+05    2.97810e+02
 Pres. DC (bar) Pressure (bar)   Constr. rmsd
   -1.12845e+02    9.70437e+01    5.02682e-06

           Step           Time
         145000      290.00000

   Energies (kJ/mol)
           Bond            U-B    Proper Dih.  Improper Dih.          LJ-14
    2.04631e+04    1.00615e+05    1.14290e+04    4.76469e+03    8.12948e+03
     Coulomb-14        LJ (SR)  Disper. corr.   Coulomb (SR)   Coul. recip.
   -9.36401e+05   -1.03203e+05   -4.36815e+03    1.33329e+05    1.56934e+03
      Potential    Kinetic En.   Total Energy  Conserved En.    Temperature
   -7.63672e+05    1.65553e+05   -5.98120e+05   -6.33757e+05    2.96603e+02
 Pres. DC (bar) Pressure (bar)   Constr. rmsd
   -1.13080e+02   -1.06013e+02    5.02682e-06

           Step           Time
         150000      300.00000

   Energies (kJ/mol)
           Bond            U-B    Proper Dih.  Improper Dih.          LJ-14
    2.02493e+04    1.02159e+05    1.13386e+04    4.71699e+03    8.12052e+03
     Coulomb-14        LJ (SR)  Disper. corr.   Coulomb (SR)   Coul. recip.
   -9.36680e+05   -1.03553e+05   -4.38172e+03    1.33067e+05    1.56869e+03
      Potential    Kinetic En.   Total Energy  Conserved En.    Temperature
   -7.63395e+05    1.66492e+05   -5.96903e+05   -6.32837e+05    2.98286e+02
 Pres. DC (bar) Pressure (bar)   Constr. rmsd
   -1.13783e+02   -9.23006e+00    5.02682e-06

           Step           Time
         155000      310.00000

   Energies (kJ/mol)
           Bond            U-B    Proper Dih.  Improper Dih.          LJ-14
    2.01076e+04    1.00658e+05    1.13612e+04    4.65505e+03    8.25390e+03
     Coulomb-14        LJ (SR)  Disper. corr.   Coulomb (SR)   Coul. recip.
   -9.34652e+05   -1.03439e+05   -4.38260e+03    1.31336e+05    1.51195e+03
      Potential    Kinetic En.   Total Energy  Conserved En.    Temperature
   -7.64591e+05    1.65557e+05   -5.99034e+05   -6.32104e+05    2.96612e+02
 Pres. DC (bar) Pressure (bar)   Constr. rmsd
   -1.13829e+02   -1.46483e+01    5.02682e-06

           Step           Time
         160000      320.00000

   Energies (kJ/mol)
           Bond            U-B    Proper Dih.  Improper Dih.          LJ-14
    2.04072e+04    1.00921e+05    1.14747e+04    4.62175e+03    8.22387e+03
     Coulomb-14        LJ (SR)  Disper. corr.   Coulomb (SR)   Coul. recip.
   -9.36208e+05   -1.02999e+05   -4.38519e+03    1.32943e+05    1.48538e+03
      Potential    Kinetic En.   Total Energy  Conserved En.    Temperature
   -7.63515e+05    1.66455e+05   -5.97060e+05   -6.31173e+05    2.98219e+02
 Pres. DC (bar) Pressure (bar)   Constr. rmsd
   -1.13963e+02   -1.87569e+02    5.02682e-06

           Step           Time
         165000      330.00000

   Energies (kJ/mol)
           Bond            U-B    Proper Dih.  Improper Dih.          LJ-14
    2.02055e+04    1.00296e+05    1.11999e+04    4.68222e+03    8.10004e+03
     Coulomb-14        LJ (SR)  Disper. corr.   Coulomb (SR)   Coul. recip.
   -9.35154e+05   -1.03004e+05   -4.37049e+03    1.32359e+05    1.57068e+03
      Potential    Kinetic En.   Total Energy  Conserved En.    Temperature
   -7.64115e+05    1.66175e+05   -5.97940e+05   -6.30404e+05    2.97717e+02
 Pres. DC (bar) Pressure (bar)   Constr. rmsd
   -1.13201e+02   -1.14991e+02    5.02682e-06

           Step           Time
         170000      340.00000

   Energies (kJ/mol)
           Bond            U-B    Proper Dih.  Improper Dih.          LJ-14
    2.03443e+04    1.01083e+05    1.16489e+04    4.72151e+03    8.16643e+03
     Coulomb-14        LJ (SR)  Disper. corr.   Coulomb (SR)   Coul. recip.
   -9.36385e+05   -1.02237e+05   -4.36248e+03    1.33288e+05    1.53971e+03
      Potential    Kinetic En.   Total Energy  Conserved En.    Temperature
   -7.62192e+05    1.65542e+05   -5.96651e+05   -6.29528e+05    2.96583e+02
 Pres. DC (bar) Pressure (bar)   Constr. rmsd
   -1.12787e+02    7.81670e+01    5.02682e-06

           Step           Time
         175000      350.00000

   Energies (kJ/mol)
           Bond            U-B    Proper Dih.  Improper Dih.          LJ-14
    2.03448e+04    1.01476e+05    1.12444e+04    4.49939e+03    8.13608e+03
     Coulomb-14        LJ (SR)  Disper. corr.   Coulomb (SR)   Coul. recip.
   -9.36493e+05   -1.02916e+05   -4.37463e+03    1.32966e+05    1.55208e+03
      Potential    Kinetic En.   Total Energy  Conserved En.    Temperature
   -7.63566e+05    1.66231e+05   -5.97335e+05   -6.28803e+05    2.97818e+02
 Pres. DC (bar) Pressure (bar)   Constr. rmsd
   -1.13416e+02    3.25297e+02    5.02682e-06

Writing checkpoint, step 179900 at Fri Jun 27 22:03:18 2025


           Step           Time
         180000      360.00000

   Energies (kJ/mol)
           Bond            U-B    Proper Dih.  Improper Dih.          LJ-14
    2.05289e+04    1.00667e+05    1.13253e+04    4.76438e+03    7.88070e+03
     Coulomb-14        LJ (SR)  Disper. corr.   Coulomb (SR)   Coul. recip.
   -9.35938e+05   -1.02956e+05   -4.37881e+03    1.32575e+05    1.57634e+03
      Potential    Kinetic En.   Total Energy  Conserved En.    Temperature
   -7.63957e+05    1.65954e+05   -5.98002e+05   -6.27945e+05    2.97323e+02
 Pres. DC (bar) Pressure (bar)   Constr. rmsd
   -1.13632e+02    5.02405e+01    5.02682e-06

           Step           Time
         185000      370.00000

   Energies (kJ/mol)
           Bond            U-B    Proper Dih.  Improper Dih.          LJ-14
    2.02095e+04    1.00402e+05    1.14068e+04    4.47177e+03    7.93314e+03
     Coulomb-14        LJ (SR)  Disper. corr.   Coulomb (SR)   Coul. recip.
   -9.35472e+05   -1.03271e+05   -4.38099e+03    1.32521e+05    1.55588e+03
      Potential    Kinetic En.   Total Energy  Conserved En.    Temperature
   -7.64624e+05    1.66330e+05   -5.98294e+05   -6.27145e+05    2.97995e+02
 Pres. DC (bar) Pressure (bar)   Constr. rmsd
   -1.13746e+02    1.26107e+02    5.02682e-06

           Step           Time
         190000      380.00000

   Energies (kJ/mol)
           Bond            U-B    Proper Dih.  Improper Dih.          LJ-14
    2.01018e+04    1.01202e+05    1.15470e+04    4.85400e+03    8.18063e+03
     Coulomb-14        LJ (SR)  Disper. corr.   Coulomb (SR)   Coul. recip.
   -9.35824e+05   -1.03347e+05   -4.37799e+03    1.32575e+05    1.51324e+03
      Potential    Kinetic En.   Total Energy  Conserved En.    Temperature
   -7.63575e+05    1.65312e+05   -5.98263e+05   -6.26278e+05    2.96172e+02
 Pres. DC (bar) Pressure (bar)   Constr. rmsd
   -1.13590e+02    2.30728e+02    5.02682e-06

           Step           Time
         195000      390.00000

   Energies (kJ/mol)
           Bond            U-B    Proper Dih.  Improper Dih.          LJ-14
    2.00554e+04    1.01409e+05    1.10753e+04    4.68741e+03    8.21013e+03
     Coulomb-14        LJ (SR)  Disper. corr.   Coulomb (SR)   Coul. recip.
   -9.35838e+05   -1.03190e+05   -4.37742e+03    1.32132e+05    1.56484e+03
      Potential    Kinetic En.   Total Energy  Conserved En.    Temperature
   -7.64272e+05    1.65886e+05   -5.98387e+05   -6.25410e+05    2.97199e+02
 Pres. DC (bar) Pressure (bar)   Constr. rmsd
   -1.13560e+02   -1.02010e+02    5.02682e-06

           Step           Time
         200000      400.00000

   Energies (kJ/mol)
           Bond            U-B    Proper Dih.  Improper Dih.          LJ-14
    2.01717e+04    1.01379e+05    1.12100e+04    4.62575e+03    8.13396e+03
     Coulomb-14        LJ (SR)  Disper. corr.   Coulomb (SR)   Coul. recip.
   -9.35539e+05   -1.03186e+05   -4.37825e+03    1.32352e+05    1.50662e+03
      Potential    Kinetic En.   Total Energy  Conserved En.    Temperature
   -7.63723e+05    1.65531e+05   -5.98192e+05   -6.24600e+05    2.96565e+02
 Pres. DC (bar) Pressure (bar)   Constr. rmsd
   -1.13603e+02    2.61516e+02    5.02682e-06

           Step           Time
         205000      410.00000

   Energies (kJ/mol)
           Bond            U-B    Proper Dih.  Improper Dih.          LJ-14
    1.99911e+04    1.01569e+05    1.12113e+04    4.72630e+03    8.16133e+03
     Coulomb-14        LJ (SR)  Disper. corr.   Coulomb (SR)   Coul. recip.
   -9.35604e+05   -1.03469e+05   -4.37547e+03    1.32671e+05    1.59636e+03
      Potential    Kinetic En.   Total Energy  Conserved En.    Temperature
   -7.63521e+05    1.65980e+05   -5.97542e+05   -6.23736e+05    2.97368e+02
 Pres. DC (bar) Pressure (bar)   Constr. rmsd
   -1.13459e+02   -3.47064e+01    5.02682e-06

           Step           Time
         210000      420.00000

   Energies (kJ/mol)
           Bond            U-B    Proper Dih.  Improper Dih.          LJ-14
    2.00232e+04    1.00545e+05    1.15225e+04    4.70464e+03    8.16151e+03
     Coulomb-14        LJ (SR)  Disper. corr.   Coulomb (SR)   Coul. recip.
   -9.36418e+05   -1.03002e+05   -4.37860e+03    1.33316e+05    1.60699e+03
      Potential    Kinetic En.   Total Energy  Conserved En.    Temperature
   -7.63919e+05    1.65580e+05   -5.98339e+05   -6.22974e+05    2.96652e+02
 Pres. DC (bar) Pressure (bar)   Constr. rmsd
   -1.13622e+02   -7.03685e+01    5.02682e-06

           Step           Time
         215000      430.00000

   Energies (kJ/mol)
           Bond            U-B    Proper Dih.  Improper Dih.          LJ-14
    2.00482e+04    1.00849e+05    1.14079e+04    4.54854e+03    8.30328e+03
     Coulomb-14        LJ (SR)  Disper. corr.   Coulomb (SR)   Coul. recip.
   -9.34852e+05   -1.03116e+05   -4.38386e+03    1.31497e+05    1.55084e+03
      Potential    Kinetic En.   Total Energy  Conserved En.    Temperature
   -7.64147e+05    1.66737e+05   -5.97410e+05   -6.22136e+05    2.98725e+02
 Pres. DC (bar) Pressure (bar)   Constr. rmsd
   -1.13894e+02    1.25826e+02    5.02682e-06

           Step           Time
         220000      440.00000

   Energies (kJ/mol)
           Bond            U-B    Proper Dih.  Improper Dih.          LJ-14
    2.05254e+04    9.99165e+04    1.14886e+04    4.78055e+03    8.29917e+03
     Coulomb-14        LJ (SR)  Disper. corr.   Coulomb (SR)   Coul. recip.
   -9.35028e+05   -1.03234e+05   -4.38109e+03    1.31430e+05    1.54308e+03
      Potential    Kinetic En.   Total Energy  Conserved En.    Temperature
   -7.64660e+05    1.66213e+05   -5.98447e+05   -6.21309e+05    2.97786e+02
 Pres. DC (bar) Pressure (bar)   Constr. rmsd
   -1.13751e+02   -5.95466e+00    5.02682e-06

           Step           Time
         225000      450.00000

   Energies (kJ/mol)
           Bond            U-B    Proper Dih.  Improper Dih.          LJ-14
    2.02686e+04    1.01043e+05    1.12669e+04    4.76657e+03    8.03342e+03
     Coulomb-14        LJ (SR)  Disper. corr.   Coulomb (SR)   Coul. recip.
   -9.35330e+05   -1.03776e+05   -4.38090e+03    1.32341e+05    1.55230e+03
      Potential    Kinetic En.   Total Energy  Conserved En.    Temperature
   -7.64215e+05    1.66183e+05   -5.98032e+05   -6.20401e+05    2.97733e+02
 Pres. DC (bar) Pressure (bar)   Constr. rmsd
   -1.13741e+02   -4.43693e+02    5.02682e-06

           Step           Time
         230000      460.00000

   Energies (kJ/mol)
           Bond            U-B    Proper Dih.  Improper Dih.          LJ-14
    2.03825e+04    1.00881e+05    1.12096e+04    4.68709e+03    8.09774e+03
     Coulomb-14        LJ (SR)  Disper. corr.   Coulomb (SR)   Coul. recip.
   -9.36220e+05   -1.03360e+05   -4.37529e+03    1.32890e+05    1.57731e+03
      Potential    Kinetic En.   Total Energy  Conserved En.    Temperature
   -7.64230e+05    1.66784e+05   -5.97446e+05   -6.19591e+05    2.98809e+02
 Pres. DC (bar) Pressure (bar)   Constr. rmsd
   -1.13450e+02   -2.61905e+02    5.02682e-06

           Step           Time
         235000      470.00000

   Energies (kJ/mol)
           Bond            U-B    Proper Dih.  Improper Dih.          LJ-14
    2.02102e+04    1.00336e+05    1.11266e+04    4.80594e+03    8.29751e+03
     Coulomb-14        LJ (SR)  Disper. corr.   Coulomb (SR)   Coul. recip.
   -9.35586e+05   -1.02628e+05   -4.36421e+03    1.32410e+05    1.53657e+03
      Potential    Kinetic En.   Total Energy  Conserved En.    Temperature
   -7.63855e+05    1.66722e+05   -5.97133e+05   -6.18862e+05    2.98698e+02
 Pres. DC (bar) Pressure (bar)   Constr. rmsd
   -1.12876e+02   -7.41063e+00    5.02682e-06

           Step           Time
         240000      480.00000

   Energies (kJ/mol)
           Bond            U-B    Proper Dih.  Improper Dih.          LJ-14
    2.01220e+04    1.00112e+05    1.13929e+04    4.81403e+03    8.04903e+03
     Coulomb-14        LJ (SR)  Disper. corr.   Coulomb (SR)   Coul. recip.
   -9.34662e+05   -1.02608e+05   -4.36397e+03    1.32161e+05    1.54817e+03
      Potential    Kinetic En.   Total Energy  Conserved En.    Temperature
   -7.63435e+05    1.66547e+05   -5.96888e+05   -6.18009e+05    2.98385e+02
 Pres. DC (bar) Pressure (bar)   Constr. rmsd
   -1.12864e+02   -1.24863e+02    5.02682e-06

Writing checkpoint, step 244800 at Fri Jun 27 22:04:18 2025


           Step           Time
         245000      490.00000

   Energies (kJ/mol)
           Bond            U-B    Proper Dih.  Improper Dih.          LJ-14
    2.01638e+04    1.00235e+05    1.13113e+04    4.71569e+03    8.29646e+03
     Coulomb-14        LJ (SR)  Disper. corr.   Coulomb (SR)   Coul. recip.
   -9.34144e+05   -1.02676e+05   -4.36608e+03    1.30865e+05    1.56110e+03
      Potential    Kinetic En.   Total Energy  Conserved En.    Temperature
   -7.64038e+05    1.66430e+05   -5.97608e+05   -6.17148e+05    2.98174e+02
 Pres. DC (bar) Pressure (bar)   Constr. rmsd
   -1.12973e+02    2.08265e+02    5.02682e-06

           Step           Time
         250000      500.00000

   Energies (kJ/mol)
           Bond            U-B    Proper Dih.  Improper Dih.          LJ-14
    2.02669e+04    1.02182e+05    1.12481e+04    4.82990e+03    8.10014e+03
     Coulomb-14        LJ (SR)  Disper. corr.   Coulomb (SR)   Coul. recip.
   -9.35692e+05   -1.02603e+05   -4.36839e+03    1.32745e+05    1.58040e+03
      Potential    Kinetic En.   Total Energy  Conserved En.    Temperature
   -7.61711e+05    1.67068e+05   -5.94643e+05   -6.16222e+05    2.99318e+02
 Pres. DC (bar) Pressure (bar)   Constr. rmsd
   -1.13092e+02   -1.90266e+02    5.02682e-06

           Step           Time
         255000      510.00000

   Energies (kJ/mol)
           Bond            U-B    Proper Dih.  Improper Dih.          LJ-14
    1.99827e+04    1.00504e+05    1.13591e+04    4.77323e+03    8.20025e+03
     Coulomb-14        LJ (SR)  Disper. corr.   Coulomb (SR)   Coul. recip.
   -9.36254e+05   -1.03424e+05   -4.37496e+03    1.32876e+05    1.57613e+03
      Potential    Kinetic En.   Total Energy  Conserved En.    Temperature
   -7.64782e+05    1.66378e+05   -5.98404e+05   -6.15480e+05    2.98081e+02
 Pres. DC (bar) Pressure (bar)   Constr. rmsd
   -1.13433e+02    7.10430e+01    5.02682e-06

           Step           Time
         260000      520.00000

   Energies (kJ/mol)
           Bond            U-B    Proper Dih.  Improper Dih.          LJ-14
    2.02303e+04    1.00165e+05    1.10455e+04    4.76702e+03    8.25703e+03
     Coulomb-14        LJ (SR)  Disper. corr.   Coulomb (SR)   Coul. recip.
   -9.35714e+05   -1.03123e+05   -4.37916e+03    1.32438e+05    1.50410e+03
      Potential    Kinetic En.   Total Energy  Conserved En.    Temperature
   -7.64810e+05    1.66248e+05   -5.98562e+05   -6.14644e+05    2.97849e+02
 Pres. DC (bar) Pressure (bar)   Constr. rmsd
   -1.13651e+02   -6.45847e+00    5.02682e-06

           Step           Time
         265000      530.00000

   Energies (kJ/mol)
           Bond            U-B    Proper Dih.  Improper Dih.          LJ-14
    2.02730e+04    1.00897e+05    1.13032e+04    4.77357e+03    8.10183e+03
     Coulomb-14        LJ (SR)  Disper. corr.   Coulomb (SR)   Coul. recip.
   -9.35881e+05   -1.03582e+05   -4.38407e+03    1.32685e+05    1.55419e+03
      Potential    Kinetic En.   Total Energy  Conserved En.    Temperature
   -7.64259e+05    1.66328e+05   -5.97932e+05   -6.13803e+05    2.97992e+02
 Pres. DC (bar) Pressure (bar)   Constr. rmsd
   -1.13905e+02    6.70881e+01    5.02682e-06

           Step           Time
         270000      540.00000

   Energies (kJ/mol)
           Bond            U-B    Proper Dih.  Improper Dih.          LJ-14
    2.03174e+04    1.00287e+05    1.13511e+04    4.69675e+03    8.10536e+03
     Coulomb-14        LJ (SR)  Disper. corr.   Coulomb (SR)   Coul. recip.
   -9.35896e+05   -1.03466e+05   -4.38094e+03    1.32471e+05    1.59053e+03
      Potential    Kinetic En.   Total Energy  Conserved En.    Temperature
   -7.64924e+05    1.66991e+05   -5.97933e+05   -6.13007e+05    2.99181e+02
 Pres. DC (bar) Pressure (bar)   Constr. rmsd
   -1.13743e+02    1.39314e+02    5.02682e-06

           Step           Time
         275000      550.00000

   Energies (kJ/mol)
           Bond            U-B    Proper Dih.  Improper Dih.          LJ-14
    2.00223e+04    1.01288e+05    1.14899e+04    4.84265e+03    7.98839e+03
     Coulomb-14        LJ (SR)  Disper. corr.   Coulomb (SR)   Coul. recip.
   -9.35925e+05   -1.03522e+05   -4.37546e+03    1.32988e+05    1.54328e+03
      Potential    Kinetic En.   Total Energy  Conserved En.    Temperature
   -7.63660e+05    1.67522e+05   -5.96138e+05   -6.12168e+05    3.00131e+02
 Pres. DC (bar) Pressure (bar)   Constr. rmsd
   -1.13459e+02   -1.52059e+02    5.02682e-06

           Step           Time
         280000      560.00000

   Energies (kJ/mol)
           Bond            U-B    Proper Dih.  Improper Dih.          LJ-14
    2.01764e+04    1.00326e+05    1.16333e+04    4.81686e+03    8.32831e+03
     Coulomb-14        LJ (SR)  Disper. corr.   Coulomb (SR)   Coul. recip.
   -9.36356e+05   -1.03390e+05   -4.37540e+03    1.33122e+05    1.57225e+03
      Potential    Kinetic En.   Total Energy  Conserved En.    Temperature
   -7.64146e+05    1.67309e+05   -5.96837e+05   -6.11367e+05    2.99751e+02
 Pres. DC (bar) Pressure (bar)   Constr. rmsd
   -1.13456e+02    6.24424e+01    5.02682e-06

           Step           Time
         285000      570.00000

   Energies (kJ/mol)
           Bond            U-B    Proper Dih.  Improper Dih.          LJ-14
    2.02173e+04    1.00990e+05    1.18116e+04    4.52886e+03    8.12210e+03
     Coulomb-14        LJ (SR)  Disper. corr.   Coulomb (SR)   Coul. recip.
   -9.35318e+05   -1.03414e+05   -4.37962e+03    1.31966e+05    1.58990e+03
      Potential    Kinetic En.   Total Energy  Conserved En.    Temperature
   -7.63886e+05    1.66150e+05   -5.97736e+05   -6.10445e+05    2.97673e+02
 Pres. DC (bar) Pressure (bar)   Constr. rmsd
   -1.13674e+02    1.65870e+02    5.02682e-06

           Step           Time
         290000      580.00000

   Energies (kJ/mol)
           Bond            U-B    Proper Dih.  Improper Dih.          LJ-14
    1.99561e+04    1.01062e+05    1.13946e+04    4.70333e+03    8.14585e+03
     Coulomb-14        LJ (SR)  Disper. corr.   Coulomb (SR)   Coul. recip.
   -9.34760e+05   -1.02603e+05   -4.36561e+03    1.31340e+05    1.52189e+03
      Potential    Kinetic En.   Total Energy  Conserved En.    Temperature
   -7.63604e+05    1.65554e+05   -5.98050e+05   -6.09591e+05    2.96606e+02
 Pres. DC (bar) Pressure (bar)   Constr. rmsd
   -1.12949e+02    1.06151e+02    5.02682e-06

           Step           Time
         295000      590.00000

   Energies (kJ/mol)
           Bond            U-B    Proper Dih.  Improper Dih.          LJ-14
    2.02044e+04    1.00550e+05    1.11380e+04    4.73816e+03    8.25753e+03
     Coulomb-14        LJ (SR)  Disper. corr.   Coulomb (SR)   Coul. recip.
   -9.35878e+05   -1.02472e+05   -4.37193e+03    1.32668e+05    1.56451e+03
      Potential    Kinetic En.   Total Energy  Conserved En.    Temperature
   -7.63602e+05    1.66066e+05   -5.97536e+05   -6.08783e+05    2.97523e+02
 Pres. DC (bar) Pressure (bar)   Constr. rmsd
   -1.13276e+02    5.46443e+01    5.02682e-06

           Step           Time
         300000      600.00000

   Energies (kJ/mol)
           Bond            U-B    Proper Dih.  Improper Dih.          LJ-14
    2.02342e+04    1.01200e+05    1.13348e+04    4.68608e+03    8.29033e+03
     Coulomb-14        LJ (SR)  Disper. corr.   Coulomb (SR)   Coul. recip.
   -9.36423e+05   -1.02683e+05   -4.37552e+03    1.33052e+05    1.50135e+03
      Potential    Kinetic En.   Total Energy  Conserved En.    Temperature
   -7.63183e+05    1.66653e+05   -5.96530e+05   -6.07939e+05    2.98574e+02
 Pres. DC (bar) Pressure (bar)   Constr. rmsd
   -1.13462e+02    1.65033e+02    5.02682e-06

           Step           Time
         305000      610.00000

   Energies (kJ/mol)
           Bond            U-B    Proper Dih.  Improper Dih.          LJ-14
    1.98973e+04    1.01498e+05    1.14492e+04    4.69708e+03    8.01469e+03
     Coulomb-14        LJ (SR)  Disper. corr.   Coulomb (SR)   Coul. recip.
   -9.36594e+05   -1.03208e+05   -4.37764e+03    1.33284e+05    1.54103e+03
      Potential    Kinetic En.   Total Energy  Conserved En.    Temperature
   -7.63798e+05    1.66202e+05   -5.97596e+05   -6.07114e+05    2.97767e+02
 Pres. DC (bar) Pressure (bar)   Constr. rmsd
   -1.13572e+02   -1.02785e+02    5.02682e-06

Writing checkpoint, step 308900 at Fri Jun 27 22:05:18 2025


           Step           Time
         310000      620.00000

   Energies (kJ/mol)
           Bond            U-B    Proper Dih.  Improper Dih.          LJ-14
    2.04245e+04    1.01258e+05    1.11595e+04    4.76167e+03    8.10727e+03
     Coulomb-14        LJ (SR)  Disper. corr.   Coulomb (SR)   Coul. recip.
   -9.36394e+05   -1.03179e+05   -4.38137e+03    1.32976e+05    1.56667e+03
      Potential    Kinetic En.   Total Energy  Conserved En.    Temperature
   -7.63700e+05    1.66462e+05   -5.97238e+05   -6.06269e+05    2.98232e+02
 Pres. DC (bar) Pressure (bar)   Constr. rmsd
   -1.13765e+02    2.49513e+02    5.02682e-06

           Step           Time
         315000      630.00000

   Energies (kJ/mol)
           Bond            U-B    Proper Dih.  Improper Dih.          LJ-14
    2.01179e+04    1.00457e+05    1.14219e+04    4.69338e+03    8.20792e+03
     Coulomb-14        LJ (SR)  Disper. corr.   Coulomb (SR)   Coul. recip.
   -9.34110e+05   -1.03672e+05   -4.38266e+03    1.30662e+05    1.53370e+03
      Potential    Kinetic En.   Total Energy  Conserved En.    Temperature
   -7.65070e+05    1.66895e+05   -5.98176e+05   -6.05443e+05    2.99007e+02
 Pres. DC (bar) Pressure (bar)   Constr. rmsd
   -1.13832e+02   -1.61878e+02    5.02682e-06

           Step           Time
         320000      640.00000

   Energies (kJ/mol)
           Bond            U-B    Proper Dih.  Improper Dih.          LJ-14
    2.04630e+04    1.00528e+05    1.15668e+04    4.63653e+03    8.18855e+03
     Coulomb-14        LJ (SR)  Disper. corr.   Coulomb (SR)   Coul. recip.
   -9.35086e+05   -1.03595e+05   -4.38196e+03    1.32064e+05    1.56597e+03
      Potential    Kinetic En.   Total Energy  Conserved En.    Temperature
   -7.64050e+05    1.67000e+05   -5.97050e+05   -6.04641e+05    2.99197e+02
 Pres. DC (bar) Pressure (bar)   Constr. rmsd
   -1.13796e+02    8.89123e+01    5.02682e-06

           Step           Time
         325000      650.00000

   Energies (kJ/mol)
           Bond            U-B    Proper Dih.  Improper Dih.          LJ-14
    2.02197e+04    1.00680e+05    1.12453e+04    4.78837e+03    8.25775e+03
     Coulomb-14        LJ (SR)  Disper. corr.   Coulomb (SR)   Coul. recip.
   -9.34718e+05   -1.03556e+05   -4.38622e+03    1.31634e+05    1.58166e+03
      Potential    Kinetic En.   Total Energy  Conserved En.    Temperature
   -7.64253e+05    1.66271e+05   -5.97982e+05   -6.03828e+05    2.97889e+02
 Pres. DC (bar) Pressure (bar)   Constr. rmsd
   -1.14017e+02   -2.21445e+01    5.02682e-06

           Step           Time
         330000      660.00000

   Energies (kJ/mol)
           Bond            U-B    Proper Dih.  Improper Dih.          LJ-14
    2.02619e+04    1.01534e+05    1.10758e+04    4.73545e+03    8.01955e+03
     Coulomb-14        LJ (SR)  Disper. corr.   Coulomb (SR)   Coul. recip.
   -9.36322e+05   -1.03660e+05   -4.39816e+03    1.32523e+05    1.48786e+03
      Potential    Kinetic En.   Total Energy  Conserved En.    Temperature
   -7.64743e+05    1.65951e+05   -5.98792e+05   -6.02900e+05    2.97316e+02
 Pres. DC (bar) Pressure (bar)   Constr. rmsd
   -1.14638e+02   -4.65236e+01    5.02682e-06

           Step           Time
         335000      670.00000

   Energies (kJ/mol)
           Bond            U-B    Proper Dih.  Improper Dih.          LJ-14
    2.04094e+04    1.00914e+05    1.14100e+04    4.90750e+03    8.15808e+03
     Coulomb-14        LJ (SR)  Disper. corr.   Coulomb (SR)   Coul. recip.
   -9.36127e+05   -1.03288e+05   -4.38666e+03    1.32799e+05    1.55703e+03
      Potential    Kinetic En.   Total Energy  Conserved En.    Temperature
   -7.63646e+05    1.67058e+05   -5.96589e+05   -6.02103e+05    2.99299e+02
 Pres. DC (bar) Pressure (bar)   Constr. rmsd
   -1.14040e+02   -1.17378e+02    5.02682e-06

           Step           Time
         340000      680.00000

   Energies (kJ/mol)
           Bond            U-B    Proper Dih.  Improper Dih.          LJ-14
    2.03046e+04    1.01408e+05    1.13852e+04    4.88954e+03    8.11149e+03
     Coulomb-14        LJ (SR)  Disper. corr.   Coulomb (SR)   Coul. recip.
   -9.34755e+05   -1.03451e+05   -4.38413e+03    1.31516e+05    1.51282e+03
      Potential    Kinetic En.   Total Energy  Conserved En.    Temperature
   -7.63462e+05    1.66250e+05   -5.97212e+05   -6.01276e+05    2.97853e+02
 Pres. DC (bar) Pressure (bar)   Constr. rmsd
   -1.13908e+02   -1.12808e+02    5.02682e-06

           Step           Time
         345000      690.00000

   Energies (kJ/mol)
           Bond            U-B    Proper Dih.  Improper Dih.          LJ-14
    2.04896e+04    1.01747e+05    1.14292e+04    4.64242e+03    8.01166e+03
     Coulomb-14        LJ (SR)  Disper. corr.   Coulomb (SR)   Coul. recip.
   -9.37347e+05   -1.03064e+05   -4.37834e+03    1.34347e+05    1.53635e+03
      Potential    Kinetic En.   Total Energy  Conserved En.    Temperature
   -7.62586e+05    1.66473e+05   -5.96113e+05   -6.00448e+05    2.98252e+02
 Pres. DC (bar) Pressure (bar)   Constr. rmsd
   -1.13608e+02   -1.54993e+01    5.02682e-06

           Step           Time
         350000      700.00000

   Energies (kJ/mol)
           Bond            U-B    Proper Dih.  Improper Dih.          LJ-14
    2.02546e+04    1.00622e+05    1.12330e+04    4.82934e+03    8.14185e+03
     Coulomb-14        LJ (SR)  Disper. corr.   Coulomb (SR)   Coul. recip.
   -9.35875e+05   -1.03010e+05   -4.36962e+03    1.32552e+05    1.57485e+03
      Potential    Kinetic En.   Total Energy  Conserved En.    Temperature
   -7.64046e+05    1.65172e+05   -5.98874e+05   -5.99623e+05    2.95921e+02
 Pres. DC (bar) Pressure (bar)   Constr. rmsd
   -1.13156e+02   -3.32555e+01    5.02682e-06

           Step           Time
         355000      710.00000

   Energies (kJ/mol)
           Bond            U-B    Proper Dih.  Improper Dih.          LJ-14
    2.03623e+04    1.00474e+05    1.14178e+04    4.57923e+03    8.23580e+03
     Coulomb-14        LJ (SR)  Disper. corr.   Coulomb (SR)   Coul. recip.
   -9.35824e+05   -1.03175e+05   -4.37103e+03    1.32603e+05    1.53912e+03
      Potential    Kinetic En.   Total Energy  Conserved En.    Temperature
   -7.64158e+05    1.66147e+05   -5.98010e+05   -5.98832e+05    2.97668e+02
 Pres. DC (bar) Pressure (bar)   Constr. rmsd
   -1.13229e+02   -1.26589e+02    5.02682e-06

           Step           Time
         360000      720.00000

   Energies (kJ/mol)
           Bond            U-B    Proper Dih.  Improper Dih.          LJ-14
    2.00314e+04    1.00569e+05    1.11691e+04    4.62302e+03    8.05991e+03
     Coulomb-14        LJ (SR)  Disper. corr.   Coulomb (SR)   Coul. recip.
   -9.35748e+05   -1.02424e+05   -4.36383e+03    1.32564e+05    1.55935e+03
      Potential    Kinetic En.   Total Energy  Conserved En.    Temperature
   -7.63960e+05    1.66394e+05   -5.97566e+05   -5.98042e+05    2.98110e+02
 Pres. DC (bar) Pressure (bar)   Constr. rmsd
   -1.12857e+02   -2.78554e+02    5.02682e-06

           Step           Time
         365000      730.00000

   Energies (kJ/mol)
           Bond            U-B    Proper Dih.  Improper Dih.          LJ-14
    2.00450e+04    1.00635e+05    1.14066e+04    4.84286e+03    8.16017e+03
     Coulomb-14        LJ (SR)  Disper. corr.   Coulomb (SR)   Coul. recip.
   -9.35866e+05   -1.02402e+05   -4.36738e+03    1.32682e+05    1.50731e+03
      Potential    Kinetic En.   Total Energy  Conserved En.    Temperature
   -7.63357e+05    1.65879e+05   -5.97479e+05   -5.97178e+05    2.97187e+02
 Pres. DC (bar) Pressure (bar)   Constr. rmsd
   -1.13040e+02    2.41320e+01    5.02682e-06

           Step           Time
         370000      740.00000

   Energies (kJ/mol)
           Bond            U-B    Proper Dih.  Improper Dih.          LJ-14
    1.98367e+04    1.00792e+05    1.14225e+04    4.67703e+03    8.20552e+03
     Coulomb-14        LJ (SR)  Disper. corr.   Coulomb (SR)   Coul. recip.
   -9.35329e+05   -1.03049e+05   -4.37406e+03    1.32220e+05    1.52970e+03
      Potential    Kinetic En.   Total Energy  Conserved En.    Temperature
   -7.64070e+05    1.65052e+05   -5.99017e+05   -5.96350e+05    2.95707e+02
 Pres. DC (bar) Pressure (bar)   Constr. rmsd
   -1.13386e+02    2.32050e+01    5.02682e-06

Writing checkpoint, step 372800 at Fri Jun 27 22:06:18 2025


           Step           Time
         375000      750.00000

   Energies (kJ/mol)
           Bond            U-B    Proper Dih.  Improper Dih.          LJ-14
    2.01000e+04    1.01035e+05    1.14265e+04    4.66076e+03    8.15367e+03
     Coulomb-14        LJ (SR)  Disper. corr.   Coulomb (SR)   Coul. recip.
   -9.36129e+05   -1.02664e+05   -4.36573e+03    1.33301e+05    1.64262e+03
      Potential    Kinetic En.   Total Energy  Conserved En.    Temperature
   -7.62840e+05    1.66640e+05   -5.96200e+05   -5.95527e+05    2.98552e+02
 Pres. DC (bar) Pressure (bar)   Constr. rmsd
   -1.12955e+02   -2.16910e+02    5.02682e-06

           Step           Time
         380000      760.00000

   Energies (kJ/mol)
           Bond            U-B    Proper Dih.  Improper Dih.          LJ-14
    2.04985e+04    1.00876e+05    1.13102e+04    4.78777e+03    8.14199e+03
     Coulomb-14        LJ (SR)  Disper. corr.   Coulomb (SR)   Coul. recip.
   -9.35635e+05   -1.03146e+05   -4.37622e+03    1.32723e+05    1.56005e+03
      Potential    Kinetic En.   Total Energy  Conserved En.    Temperature
   -7.63260e+05    1.66217e+05   -5.97043e+05   -5.94689e+05    2.97793e+02
 Pres. DC (bar) Pressure (bar)   Constr. rmsd
   -1.13498e+02   -3.35062e+02    5.02682e-06

           Step           Time
         385000      770.00000

   Energies (kJ/mol)
           Bond            U-B    Proper Dih.  Improper Dih.          LJ-14
    2.00158e+04    1.00452e+05    1.11540e+04    4.68243e+03    8.20606e+03
     Coulomb-14        LJ (SR)  Disper. corr.   Coulomb (SR)   Coul. recip.
   -9.35406e+05   -1.03429e+05   -4.38105e+03    1.32249e+05    1.54056e+03
      Potential    Kinetic En.   Total Energy  Conserved En.    Temperature
   -7.64916e+05    1.64978e+05   -5.99938e+05   -5.93872e+05    2.95573e+02
 Pres. DC (bar) Pressure (bar)   Constr. rmsd
   -1.13749e+02   -9.43929e+01    5.02682e-06

           Step           Time
         390000      780.00000

   Energies (kJ/mol)
           Bond            U-B    Proper Dih.  Improper Dih.          LJ-14
    2.02794e+04    1.01248e+05    1.14451e+04    4.93550e+03    8.19775e+03
     Coulomb-14        LJ (SR)  Disper. corr.   Coulomb (SR)   Coul. recip.
   -9.36452e+05   -1.02556e+05   -4.36997e+03    1.32999e+05    1.48647e+03
      Potential    Kinetic En.   Total Energy  Conserved En.    Temperature
   -7.62787e+05    1.66627e+05   -5.96159e+05   -5.93047e+05    2.98528e+02
 Pres. DC (bar) Pressure (bar)   Constr. rmsd
   -1.13174e+02    1.27226e+02    5.02682e-06

           Step           Time
         395000      790.00000

   Energies (kJ/mol)
           Bond            U-B    Proper Dih.  Improper Dih.          LJ-14
    2.00787e+04    1.01721e+05    1.14615e+04    4.73432e+03    8.06846e+03
     Coulomb-14        LJ (SR)  Disper. corr.   Coulomb (SR)   Coul. recip.
   -9.36081e+05   -1.03222e+05   -4.37372e+03    1.33067e+05    1.56116e+03
      Potential    Kinetic En.   Total Energy  Conserved En.    Temperature
   -7.62985e+05    1.66694e+05   -5.96291e+05   -5.92261e+05    2.98648e+02
 Pres. DC (bar) Pressure (bar)   Constr. rmsd
   -1.13368e+02    8.79482e+01    5.02682e-06

           Step           Time
         400000      800.00000

   Energies (kJ/mol)
           Bond            U-B    Proper Dih.  Improper Dih.          LJ-14
    2.01208e+04    1.00961e+05    1.13334e+04    4.68608e+03    8.07904e+03
     Coulomb-14        LJ (SR)  Disper. corr.   Coulomb (SR)   Coul. recip.
   -9.35815e+05   -1.02957e+05   -4.36992e+03    1.32866e+05    1.57119e+03
      Potential    Kinetic En.   Total Energy  Conserved En.    Temperature
   -7.63526e+05    1.66331e+05   -5.97195e+05   -5.91425e+05    2.97997e+02
 Pres. DC (bar) Pressure (bar)   Constr. rmsd
   -1.13172e+02    2.29201e+02    5.02682e-06

           Step           Time
         405000      810.00000

   Energies (kJ/mol)
           Bond            U-B    Proper Dih.  Improper Dih.          LJ-14
    2.01994e+04    1.00081e+05    1.14819e+04    4.73361e+03    8.15176e+03
     Coulomb-14        LJ (SR)  Disper. corr.   Coulomb (SR)   Coul. recip.
   -9.35174e+05   -1.03121e+05   -4.37343e+03    1.32162e+05    1.55696e+03
      Potential    Kinetic En.   Total Energy  Conserved En.    Temperature
   -7.64302e+05    1.67204e+05   -5.97098e+05   -5.90645e+05    2.99562e+02
 Pres. DC (bar) Pressure (bar)   Constr. rmsd
   -1.13354e+02    3.19447e+01    5.02682e-06

           Step           Time
         410000      820.00000

   Energies (kJ/mol)
           Bond            U-B    Proper Dih.  Improper Dih.          LJ-14
    1.98399e+04    1.00336e+05    1.14396e+04    4.74047e+03    7.92063e+03
     Coulomb-14        LJ (SR)  Disper. corr.   Coulomb (SR)   Coul. recip.
   -9.36056e+05   -1.02966e+05   -4.36864e+03    1.33055e+05    1.58295e+03
      Potential    Kinetic En.   Total Energy  Conserved En.    Temperature
   -7.64476e+05    1.66211e+05   -5.98265e+05   -5.89837e+05    2.97783e+02
 Pres. DC (bar) Pressure (bar)   Constr. rmsd
   -1.13105e+02    1.62547e+02    5.02682e-06

           Step           Time
         415000      830.00000

   Energies (kJ/mol)
           Bond            U-B    Proper Dih.  Improper Dih.          LJ-14
    2.03196e+04    1.00617e+05    1.12230e+04    4.69655e+03    8.03922e+03
     Coulomb-14        LJ (SR)  Disper. corr.   Coulomb (SR)   Coul. recip.
   -9.35267e+05   -1.03187e+05   -4.36263e+03    1.32457e+05    1.59781e+03
      Potential    Kinetic En.   Total Energy  Conserved En.    Temperature
   -7.63867e+05    1.66249e+05   -5.97619e+05   -5.88931e+05    2.97850e+02
 Pres. DC (bar) Pressure (bar)   Constr. rmsd
   -1.12795e+02   -2.08116e+02    5.02682e-06

           Step           Time
         420000      840.00000

   Energies (kJ/mol)
           Bond            U-B    Proper Dih.  Improper Dih.          LJ-14
    1.99963e+04    1.01188e+05    1.12947e+04    4.64594e+03    8.04300e+03
     Coulomb-14        LJ (SR)  Disper. corr.   Coulomb (SR)   Coul. recip.
   -9.35792e+05   -1.02963e+05   -4.37378e+03    1.33228e+05    1.54066e+03
      Potential    Kinetic En.   Total Energy  Conserved En.    Temperature
   -7.63192e+05    1.66523e+05   -5.96669e+05   -5.88059e+05    2.98341e+02
 Pres. DC (bar) Pressure (bar)   Constr. rmsd
   -1.13372e+02   -2.90488e+02    5.02682e-06

           Step           Time
         425000      850.00000

   Energies (kJ/mol)
           Bond            U-B    Proper Dih.  Improper Dih.          LJ-14
    2.01320e+04    1.01281e+05    1.10863e+04    4.68935e+03    7.91843e+03
     Coulomb-14        LJ (SR)  Disper. corr.   Coulomb (SR)   Coul. recip.
   -9.35786e+05   -1.02701e+05   -4.37092e+03    1.32561e+05    1.60978e+03
      Potential    Kinetic En.   Total Energy  Conserved En.    Temperature
   -7.63581e+05    1.66322e+05   -5.97259e+05   -5.87214e+05    2.97981e+02
 Pres. DC (bar) Pressure (bar)   Constr. rmsd
   -1.13223e+02   -2.59861e+02    5.02682e-06

           Step           Time
         430000      860.00000

   Energies (kJ/mol)
           Bond            U-B    Proper Dih.  Improper Dih.          LJ-14
    2.01070e+04    1.00424e+05    1.14879e+04    4.69306e+03    8.22042e+03
     Coulomb-14        LJ (SR)  Disper. corr.   Coulomb (SR)   Coul. recip.
   -9.35542e+05   -1.02580e+05   -4.37203e+03    1.32627e+05    1.59077e+03
      Potential    Kinetic En.   Total Energy  Conserved En.    Temperature
   -7.63343e+05    1.65173e+05   -5.98171e+05   -5.86426e+05    2.95922e+02
 Pres. DC (bar) Pressure (bar)   Constr. rmsd
   -1.13281e+02    4.99120e+01    5.02682e-06

           Step           Time
         435000      870.00000

   Energies (kJ/mol)
           Bond            U-B    Proper Dih.  Improper Dih.          LJ-14
    2.02197e+04    1.00229e+05    1.12832e+04    4.71039e+03    8.21686e+03
     Coulomb-14        LJ (SR)  Disper. corr.   Coulomb (SR)   Coul. recip.
   -9.35088e+05   -1.02956e+05   -4.37530e+03    1.32132e+05    1.54336e+03
      Potential    Kinetic En.   Total Energy  Conserved En.    Temperature
   -7.64084e+05    1.66695e+05   -5.97389e+05   -5.85649e+05    2.98650e+02
 Pres. DC (bar) Pressure (bar)   Constr. rmsd
   -1.13450e+02   -4.06670e+01    5.02682e-06

Writing checkpoint, step 436800 at Fri Jun 27 22:07:18 2025


           Step           Time
         440000      880.00000

   Energies (kJ/mol)
           Bond            U-B    Proper Dih.  Improper Dih.          LJ-14
    2.00050e+04    1.01211e+05    1.14567e+04    4.79689e+03    8.25671e+03
     Coulomb-14        LJ (SR)  Disper. corr.   Coulomb (SR)   Coul. recip.
   -9.36728e+05   -1.02478e+05   -4.36702e+03    1.33465e+05    1.51701e+03
      Potential    Kinetic En.   Total Energy  Conserved En.    Temperature
   -7.62865e+05    1.66077e+05   -5.96788e+05   -5.84842e+05    2.97542e+02
 Pres. DC (bar) Pressure (bar)   Constr. rmsd
   -1.13021e+02    1.67358e+02    5.02682e-06

           Step           Time
         445000      890.00000

   Energies (kJ/mol)
           Bond            U-B    Proper Dih.  Improper Dih.          LJ-14
    1.98060e+04    1.00530e+05    1.14188e+04    4.83114e+03    8.31377e+03
     Coulomb-14        LJ (SR)  Disper. corr.   Coulomb (SR)   Coul. recip.
   -9.35774e+05   -1.02651e+05   -4.36539e+03    1.32130e+05    1.56073e+03
      Potential    Kinetic En.   Total Energy  Conserved En.    Temperature
   -7.64199e+05    1.66765e+05   -5.97434e+05   -5.84011e+05    2.98776e+02
 Pres. DC (bar) Pressure (bar)   Constr. rmsd
   -1.12938e+02    1.19435e+02    5.02682e-06

           Step           Time
         450000      900.00000

   Energies (kJ/mol)
           Bond            U-B    Proper Dih.  Improper Dih.          LJ-14
    2.03136e+04    1.01012e+05    1.15650e+04    4.78761e+03    8.14632e+03
     Coulomb-14        LJ (SR)  Disper. corr.   Coulomb (SR)   Coul. recip.
   -9.35725e+05   -1.03015e+05   -4.36382e+03    1.32745e+05    1.56928e+03
      Potential    Kinetic En.   Total Energy  Conserved En.    Temperature
   -7.62965e+05    1.65854e+05   -5.97111e+05   -5.83110e+05    2.97142e+02
 Pres. DC (bar) Pressure (bar)   Constr. rmsd
   -1.12856e+02   -2.28898e+02    5.02682e-06

           Step           Time
         455000      910.00000

   Energies (kJ/mol)
           Bond            U-B    Proper Dih.  Improper Dih.          LJ-14
    2.01495e+04    1.01359e+05    1.13411e+04    4.70340e+03    8.08274e+03
     Coulomb-14        LJ (SR)  Disper. corr.   Coulomb (SR)   Coul. recip.
   -9.36159e+05   -1.03007e+05   -4.37827e+03    1.33217e+05    1.58177e+03
      Potential    Kinetic En.   Total Energy  Conserved En.    Temperature
   -7.63109e+05    1.66314e+05   -5.96795e+05   -5.82237e+05    2.97967e+02
 Pres. DC (bar) Pressure (bar)   Constr. rmsd
   -1.13604e+02   -3.56460e+01    5.02682e-06

           Step           Time
         460000      920.00000

   Energies (kJ/mol)
           Bond            U-B    Proper Dih.  Improper Dih.          LJ-14
    2.04643e+04    1.01669e+05    1.11462e+04    4.81898e+03    8.17216e+03
     Coulomb-14        LJ (SR)  Disper. corr.   Coulomb (SR)   Coul. recip.
   -9.35670e+05   -1.03539e+05   -4.37731e+03    1.32161e+05    1.51800e+03
      Potential    Kinetic En.   Total Energy  Conserved En.    Temperature
   -7.63637e+05    1.66916e+05   -5.96721e+05   -5.81429e+05    2.99045e+02
 Pres. DC (bar) Pressure (bar)   Constr. rmsd
   -1.13555e+02   -2.19447e+02    5.02682e-06

           Step           Time
         465000      930.00000

   Energies (kJ/mol)
           Bond            U-B    Proper Dih.  Improper Dih.          LJ-14
    2.04090e+04    1.01781e+05    1.10421e+04    4.73116e+03    7.98720e+03
     Coulomb-14        LJ (SR)  Disper. corr.   Coulomb (SR)   Coul. recip.
   -9.35788e+05   -1.03369e+05   -4.38329e+03    1.32333e+05    1.49680e+03
      Potential    Kinetic En.   Total Energy  Conserved En.    Temperature
   -7.63760e+05    1.66667e+05   -5.97093e+05   -5.80551e+05    2.98599e+02
 Pres. DC (bar) Pressure (bar)   Constr. rmsd
   -1.13865e+02   -2.65023e+02    5.02682e-06

           Step           Time
         470000      940.00000

   Energies (kJ/mol)
           Bond            U-B    Proper Dih.  Improper Dih.          LJ-14
    2.04188e+04    1.00935e+05    1.13887e+04    4.58180e+03    8.25462e+03
     Coulomb-14        LJ (SR)  Disper. corr.   Coulomb (SR)   Coul. recip.
   -9.35688e+05   -1.03751e+05   -4.38883e+03    1.32303e+05    1.55627e+03
      Potential    Kinetic En.   Total Energy  Conserved En.    Temperature
   -7.64390e+05    1.66579e+05   -5.97811e+05   -5.79778e+05    2.98442e+02
 Pres. DC (bar) Pressure (bar)   Constr. rmsd
   -1.14153e+02    5.38318e+01    5.02682e-06

           Step           Time
         475000      950.00000

   Energies (kJ/mol)
           Bond            U-B    Proper Dih.  Improper Dih.          LJ-14
    2.01569e+04    1.00215e+05    1.14504e+04    4.70572e+03    8.03577e+03
     Coulomb-14        LJ (SR)  Disper. corr.   Coulomb (SR)   Coul. recip.
   -9.36511e+05   -1.03532e+05   -4.38089e+03    1.33335e+05    1.54058e+03
      Potential    Kinetic En.   Total Energy  Conserved En.    Temperature
   -7.64984e+05    1.66503e+05   -5.98481e+05   -5.79037e+05    2.98306e+02
 Pres. DC (bar) Pressure (bar)   Constr. rmsd
   -1.13740e+02    7.95730e+01    5.02682e-06

           Step           Time
         480000      960.00000

   Energies (kJ/mol)
           Bond            U-B    Proper Dih.  Improper Dih.          LJ-14
    2.01522e+04    1.01428e+05    1.12623e+04    4.73822e+03    8.02457e+03
     Coulomb-14        LJ (SR)  Disper. corr.   Coulomb (SR)   Coul. recip.
   -9.35285e+05   -1.03288e+05   -4.37756e+03    1.32054e+05    1.54194e+03
      Potential    Kinetic En.   Total Energy  Conserved En.    Temperature
   -7.63749e+05    1.66538e+05   -5.97211e+05   -5.78093e+05    2.98368e+02
 Pres. DC (bar) Pressure (bar)   Constr. rmsd
   -1.13567e+02   -1.75163e+02    5.02682e-06

           Step           Time
         485000      970.00000

   Energies (kJ/mol)
           Bond            U-B    Proper Dih.  Improper Dih.          LJ-14
    1.99370e+04    1.01614e+05    1.14281e+04    4.90465e+03    8.04487e+03
     Coulomb-14        LJ (SR)  Disper. corr.   Coulomb (SR)   Coul. recip.
   -9.36738e+05   -1.03258e+05   -4.38435e+03    1.32804e+05    1.53274e+03
      Potential    Kinetic En.   Total Energy  Conserved En.    Temperature
   -7.64115e+05    1.65770e+05   -5.98344e+05   -5.77262e+05    2.96993e+02
 Pres. DC (bar) Pressure (bar)   Constr. rmsd
   -1.13920e+02    3.38459e+02    5.02682e-06

           Step           Time
         490000      980.00000

   Energies (kJ/mol)
           Bond            U-B    Proper Dih.  Improper Dih.          LJ-14
    2.03668e+04    1.00777e+05    1.12099e+04    4.56864e+03    8.15816e+03
     Coulomb-14        LJ (SR)  Disper. corr.   Coulomb (SR)   Coul. recip.
   -9.34174e+05   -1.03397e+05   -4.38642e+03    1.31068e+05    1.48960e+03
      Potential    Kinetic En.   Total Energy  Conserved En.    Temperature
   -7.64319e+05    1.67127e+05   -5.97192e+05   -5.76443e+05    2.99423e+02
 Pres. DC (bar) Pressure (bar)   Constr. rmsd
   -1.14027e+02   -1.06197e+02    5.02682e-06

           Step           Time
         495000      990.00000

   Energies (kJ/mol)
           Bond            U-B    Proper Dih.  Improper Dih.          LJ-14
    2.01287e+04    1.00612e+05    1.13789e+04    4.69716e+03    8.08605e+03
     Coulomb-14        LJ (SR)  Disper. corr.   Coulomb (SR)   Coul. recip.
   -9.35646e+05   -1.03354e+05   -4.37781e+03    1.33002e+05    1.62184e+03
      Potential    Kinetic En.   Total Energy  Conserved En.    Temperature
   -7.63851e+05    1.66208e+05   -5.97643e+05   -5.75695e+05    2.97777e+02
 Pres. DC (bar) Pressure (bar)   Constr. rmsd
   -1.13580e+02    8.04761e+00    5.02682e-06

           Step           Time
         500000     1000.00000

Writing checkpoint, step 500000 at Fri Jun 27 22:08:18 2025


   Energies (kJ/mol)
           Bond            U-B    Proper Dih.  Improper Dih.          LJ-14
    2.01050e+04    1.00792e+05    1.14229e+04    4.89898e+03    8.06454e+03
     Coulomb-14        LJ (SR)  Disper. corr.   Coulomb (SR)   Coul. recip.
   -9.34942e+05   -1.03116e+05   -4.36718e+03    1.31853e+05    1.55469e+03
      Potential    Kinetic En.   Total Energy  Conserved En.    Temperature
   -7.63734e+05    1.65756e+05   -5.97978e+05   -5.74746e+05    2.96967e+02
 Pres. DC (bar) Pressure (bar)   Constr. rmsd
   -1.13030e+02   -2.12334e+02    5.02682e-06


Energy conservation over simulation part #1 of length 1000 ns, time 0 to 1000 ns
  Conserved energy drift: 1.64e-03 kJ/mol/ps per atom


	<======  ###############  ==>
	<====  A V E R A G E S  ====>
	<==  ###############  ======>

	Statistics over 500001 steps using 5001 frames

   Energies (kJ/mol)
           Bond            U-B    Proper Dih.  Improper Dih.          LJ-14
    2.01103e+04    1.00672e+05    1.13891e+04    4.71337e+03    8.14184e+03
     Coulomb-14        LJ (SR)  Disper. corr.   Coulomb (SR)   Coul. recip.
   -9.35835e+05   -1.02053e+05   -4.33892e+03    1.32893e+05    1.56602e+03
      Potential    Kinetic En.   Total Energy  Conserved En.    Temperature
   -7.62741e+05    1.66334e+05   -5.96407e+05   -6.16323e+05    2.98003e+02
 Pres. DC (bar) Pressure (bar)   Constr. rmsd
   -1.11731e+02   -1.08075e+01    0.00000e+00

          Box-X          Box-Y          Box-Z
    5.44805e+00    5.44805e+00    2.17922e+01

   Total Virial (kJ/mol)
    5.56340e+04   -5.30622e+01    7.11729e+01
   -5.30644e+01    5.56976e+04   -3.23196e+01
    7.11687e+01   -3.23218e+01    5.57423e+04

   Pressure (bar)
   -8.22118e+00    2.28173e+00   -3.16417e+00
    2.28184e+00   -1.07012e+01    1.72415e+00
   -3.16395e+00    1.72426e+00   -1.35003e+01


	M E G A - F L O P S   A C C O U N T I N G

 NB=Group-cutoff nonbonded kernels    NxN=N-by-N cluster Verlet kernels
 RF=Reaction-Field  VdW=Van der Waals  QSTab=quadratic-spline table
 W3=SPC/TIP3p  W4=TIP4p (single or pairs)
 V&F=Potential and force  V=Potential only  F=Force only

 Computing:                               M-Number         M-Flops  % Flops
-----------------------------------------------------------------------------
 Pair Search distance check           52264.100960      470376.909     0.0
 NxN Ewald Elec. + LJ [F]          35966747.101824  2373805308.720    97.6
 NxN Ewald Elec. + LJ [V&F]          363373.636352    38880979.090     1.6
 1,4 nonbonded interactions           39490.078980     3554107.108     0.1
 Shift-X                                276.485286        1658.912     0.0
 Bonds                                 9872.519745      582478.665     0.0
 Propers                              23694.047388     5425936.852     0.2
 Impropers                             1974.503949      410696.821     0.0
 Virial                                2766.605331       49798.896     0.0
 Stop-CM                                276.540572        2765.406     0.0
 P-Coupling                            2764.355286       16586.132     0.0
 Calc-Ekin                             5528.710572      149275.185     0.0
 Lincs                                    0.063184           3.791     0.0
 Lincs-Mat                                0.663432           2.654     0.0
 Constraint-V                             0.063184           0.569     0.0
 Urey-Bradley                         43439.086878     7949352.899     0.3
-----------------------------------------------------------------------------
 Total                                              2431299328.608   100.0
-----------------------------------------------------------------------------


     R E A L   C Y C L E   A N D   T I M E   A C C O U N T I N G

On 1 MPI rank, each using 10 OpenMP threads

 Computing:          Num   Num      Call    Wall time         Giga-Cycles
                     Ranks Threads  Count      (s)         total sum    %
-----------------------------------------------------------------------------
 Neighbor search        1   10       5001      38.049        989.265   7.9
 Launch GPU ops.        1   10     995001      51.614       1341.961  10.7
 Force                  1   10     500001     300.871       7822.655  62.6
 Wait PME GPU gather    1   10     500001       0.118          3.071   0.0
 Reduce GPU PME F       1   10     500001       1.180         30.679   0.2
 Wait GPU NB local      1   10     450000       0.309          8.040   0.1
 Wait GPU state copy    1   10     625004      47.956       1246.854  10.0
 NB X/F buffer ops.     1   10      50001       6.085        158.217   1.3
 Write traj.            1   10        108      10.172        264.484   2.1
 Constraints            1   10          2       0.003          0.084   0.0
 Rest                                          24.257        630.683   5.0
-----------------------------------------------------------------------------
 Total                                        480.614      12495.992 100.0
-----------------------------------------------------------------------------

               Core t (s)   Wall t (s)        (%)
       Time:     4806.132      480.614     1000.0
                 (ns/day)    (hour/ns)
Performance:      179.770        0.134
Finished mdrun on rank 0 Fri Jun 27 22:08:19 2025

