                      :-) GROMACS - gmx mdrun, 2021.5 (-:

                            GROMACS is written by:
     Andrey Alekseenko              Emile Apol              Rossen Apostolov     
         Paul Bauer           Herman J.C. Berendsen           Par Bjelkmar       
       Christian Blau           Viacheslav Bolnykh             Kevin Boyd        
     Aldert van Buuren           Rudi van Drunen             Anton Feenstra      
    Gilles Gouaillardet             Alan Gray               Gerrit Groenhof      
       Anca Hamuraru            Vincent Hindriksen          M. Eric Irrgang      
      Aleksei Iupinov           Christoph Junghans             Joe Jordan        
    Dimitrios Karkoulis            Peter Kasson                Jiri Kraus        
      Carsten Kutzner              Per Larsson              Justin A. Lemkul     
       Viveca Lindahl            Magnus Lundborg             Erik Marklund       
        Pascal Merz             Pieter Meulenhoff            Teemu Murtola       
        Szilard Pall               Sander Pronk              Roland Schulz       
       Michael Shirts            Alexey Shvetsov             Alfons Sijbers      
       Peter Tieleman              Jon Vincent              Teemu Virolainen     
     Christian Wennberg            Maarten Wolf              Artem Zhmurov       
                           and the project leaders:
        Mark Abraham, Berk Hess, Erik Lindahl, and David van der Spoel

Copyright (c) 1991-2000, University of Groningen, The Netherlands.
Copyright (c) 2001-2019, The GROMACS development team at
Uppsala University, Stockholm University and
the Royal Institute of Technology, Sweden.
check out http://www.gromacs.org for more information.

GROMACS is free software; you can redistribute it and/or modify it
under the terms of the GNU Lesser General Public License
as published by the Free Software Foundation; either version 2.1
of the License, or (at your option) any later version.

GROMACS:      gmx mdrun, version 2021.5
Executable:   /usr/local/gromacs_2021.5/bin/gmx
Data prefix:  /usr/local/gromacs_2021.5
Working dir:  /srv/home/apbal/work/REU/numb_dens/DMA
Process ID:   270727
Command line:
  gmx mdrun -v -deffnm npt -ntomp 10 -nb gpu -bonded cpu -update gpu -ntmpi 1 -cpt 1

GROMACS version:    2021.5
Precision:          mixed
Memory model:       64 bit
MPI library:        thread_mpi
OpenMP support:     enabled (GMX_OPENMP_MAX_THREADS = 256)
GPU support:        CUDA
SIMD instructions:  AVX2_256
FFT library:        fftw-3.3.8-sse2-avx-avx2-avx2_128
RDTSCP usage:       enabled
TNG support:        enabled
Hwloc support:      disabled
Tracing support:    disabled
C compiler:         /usr/bin/cc GNU 9.4.0
C compiler flags:   -mavx2 -mfma -Wno-missing-field-initializers -fexcess-precision=fast -funroll-all-loops -pthread -O3 -DNDEBUG
C++ compiler:       /usr/bin/c++ GNU 9.4.0
C++ compiler flags: -mavx2 -mfma -Wno-missing-field-initializers -fexcess-precision=fast -funroll-all-loops -pthread -fopenmp -O3 -DNDEBUG
CUDA compiler:      /usr/local/cuda-12.2/bin/nvcc nvcc: NVIDIA (R) Cuda compiler driver;Copyright (c) 2005-2023 NVIDIA Corporation;Built on Tue_Aug_15_22:02:13_PDT_2023;Cuda compilation tools, release 12.2, V12.2.140;Build cuda_12.2.r12.2/compiler.33191640_0
CUDA compiler flags:-std=c++17;-gencode;arch=compute_60,code=sm_60;-gencode;arch=compute_61,code=sm_61;-gencode;arch=compute_62,code=sm_62;-gencode;arch=compute_70,code=sm_70;-gencode;arch=compute_75,code=sm_75;-gencode;arch=compute_80,code=sm_80;-gencode;arch=compute_86,code=sm_86;-gencode;arch=compute_89,code=sm_89;-gencode;arch=compute_60,code=compute_60;-gencode;arch=compute_61,code=compute_61;-gencode;arch=compute_62,code=compute_62;-gencode;arch=compute_70,code=compute_70;-gencode;arch=compute_75,code=compute_75;-gencode;arch=compute_80,code=compute_80;-gencode;arch=compute_86,code=compute_86;-gencode;arch=compute_89,code=compute_89;-use_fast_math;-D_FORCE_INLINES;-mavx2 -mfma -Wno-missing-field-initializers -fexcess-precision=fast -funroll-all-loops -pthread -fopenmp -O3 -DNDEBUG
CUDA driver:        12.90
CUDA runtime:       12.20


Running on 1 node with total 128 cores, 128 logical cores, 1 compatible GPU
Hardware detected:
  CPU info:
    Vendor: AMD
    Brand:  AMD EPYC 7513 32-Core Processor                
    Family: 25   Model: 1   Stepping: 1
    Features: aes amd apic avx avx2 clfsh cmov cx8 cx16 f16c fma htt lahf misalignsse mmx msr nonstop_tsc pcid pclmuldq pdpe1gb popcnt pse rdrnd rdtscp sha sse2 sse3 sse4a sse4.1 sse4.2 ssse3
  Hardware topology: Only logical processor count
  GPU info:
    Number of GPUs detected: 1
    #0: NVIDIA NVIDIA RTX A4500, compute cap.: 8.6, ECC:  no, stat: compatible


++++ PLEASE READ AND CITE THE FOLLOWING REFERENCE ++++
M. J. Abraham, T. Murtola, R. Schulz, S. Páll, J. C. Smith, B. Hess, E.
Lindahl
GROMACS: High performance molecular simulations through multi-level
parallelism from laptops to supercomputers
SoftwareX 1 (2015) pp. 19-25
-------- -------- --- Thank You --- -------- --------


++++ PLEASE READ AND CITE THE FOLLOWING REFERENCE ++++
S. Páll, M. J. Abraham, C. Kutzner, B. Hess, E. Lindahl
Tackling Exascale Software Challenges in Molecular Dynamics Simulations with
GROMACS
In S. Markidis & E. Laure (Eds.), Solving Software Challenges for Exascale 8759 (2015) pp. 3-27
-------- -------- --- Thank You --- -------- --------


++++ PLEASE READ AND CITE THE FOLLOWING REFERENCE ++++
S. Pronk, S. Páll, R. Schulz, P. Larsson, P. Bjelkmar, R. Apostolov, M. R.
Shirts, J. C. Smith, P. M. Kasson, D. van der Spoel, B. Hess, and E. Lindahl
GROMACS 4.5: a high-throughput and highly parallel open source molecular
simulation toolkit
Bioinformatics 29 (2013) pp. 845-54
-------- -------- --- Thank You --- -------- --------


++++ PLEASE READ AND CITE THE FOLLOWING REFERENCE ++++
B. Hess and C. Kutzner and D. van der Spoel and E. Lindahl
GROMACS 4: Algorithms for highly efficient, load-balanced, and scalable
molecular simulation
J. Chem. Theory Comput. 4 (2008) pp. 435-447
-------- -------- --- Thank You --- -------- --------


++++ PLEASE READ AND CITE THE FOLLOWING REFERENCE ++++
D. van der Spoel, E. Lindahl, B. Hess, G. Groenhof, A. E. Mark and H. J. C.
Berendsen
GROMACS: Fast, Flexible and Free
J. Comp. Chem. 26 (2005) pp. 1701-1719
-------- -------- --- Thank You --- -------- --------


++++ PLEASE READ AND CITE THE FOLLOWING REFERENCE ++++
E. Lindahl and B. Hess and D. van der Spoel
GROMACS 3.0: A package for molecular simulation and trajectory analysis
J. Mol. Mod. 7 (2001) pp. 306-317
-------- -------- --- Thank You --- -------- --------


++++ PLEASE READ AND CITE THE FOLLOWING REFERENCE ++++
H. J. C. Berendsen, D. van der Spoel and R. van Drunen
GROMACS: A message-passing parallel molecular dynamics implementation
Comp. Phys. Comm. 91 (1995) pp. 43-56
-------- -------- --- Thank You --- -------- --------


++++ PLEASE CITE THE DOI FOR THIS VERSION OF GROMACS ++++
https://doi.org/10.5281/zenodo.5850051
-------- -------- --- Thank You --- -------- --------

Input Parameters:
   integrator                     = md
   tinit                          = 0
   dt                             = 0.002
   nsteps                         = 500000
   init-step                      = 0
   simulation-part                = 1
   mts                            = false
   comm-mode                      = Linear
   nstcomm                        = 100
   bd-fric                        = 0
   ld-seed                        = 2130673567
   emtol                          = 10
   emstep                         = 0.01
   niter                          = 20
   fcstep                         = 0
   nstcgsteep                     = 1000
   nbfgscorr                      = 10
   rtpi                           = 0.05
   nstxout                        = 5000
   nstvout                        = 5000
   nstfout                        = 0
   nstlog                         = 5000
   nstcalcenergy                  = 100
   nstenergy                      = 5000
   nstxout-compressed             = 5000
   compressed-x-precision         = 1000
   cutoff-scheme                  = Verlet
   nstlist                        = 10
   pbc                            = xyz
   periodic-molecules             = false
   verlet-buffer-tolerance        = 0.005
   rlist                          = 1.4
   coulombtype                    = PME
   coulomb-modifier               = Potential-shift
   rcoulomb-switch                = 0
   rcoulomb                       = 1.4
   epsilon-r                      = 1
   epsilon-rf                     = inf
   vdw-type                       = Cut-off
   vdw-modifier                   = Potential-shift
   rvdw-switch                    = 0
   rvdw                           = 1.4
   DispCorr                       = EnerPres
   table-extension                = 1
   fourierspacing                 = 0.12
   fourier-nx                     = 52
   fourier-ny                     = 52
   fourier-nz                     = 200
   pme-order                      = 4
   ewald-rtol                     = 1e-05
   ewald-rtol-lj                  = 0.001
   lj-pme-comb-rule               = Geometric
   ewald-geometry                 = 0
   epsilon-surface                = 0
   tcoupl                         = V-rescale
   nsttcouple                     = 10
   nh-chain-length                = 0
   print-nose-hoover-chain-variables = false
   pcoupl                         = Berendsen
   pcoupltype                     = Isotropic
   nstpcouple                     = 10
   tau-p                          = 2
   compressibility (3x3):
      compressibility[    0]={ 4.50000e-05,  0.00000e+00,  0.00000e+00}
      compressibility[    1]={ 0.00000e+00,  4.50000e-05,  0.00000e+00}
      compressibility[    2]={ 0.00000e+00,  0.00000e+00,  4.50000e-05}
   ref-p (3x3):
      ref-p[    0]={ 1.00000e+00,  0.00000e+00,  0.00000e+00}
      ref-p[    1]={ 0.00000e+00,  1.00000e+00,  0.00000e+00}
      ref-p[    2]={ 0.00000e+00,  0.00000e+00,  1.00000e+00}
   refcoord-scaling               = No
   posres-com (3):
      posres-com[0]= 0.00000e+00
      posres-com[1]= 0.00000e+00
      posres-com[2]= 0.00000e+00
   posres-comB (3):
      posres-comB[0]= 0.00000e+00
      posres-comB[1]= 0.00000e+00
      posres-comB[2]= 0.00000e+00
   QMMM                           = false
qm-opts:
   ngQM                           = 0
   constraint-algorithm           = Lincs
   continuation                   = false
   Shake-SOR                      = false
   shake-tol                      = 0.0001
   lincs-order                    = 4
   lincs-iter                     = 1
   lincs-warnangle                = 30
   nwall                          = 0
   wall-type                      = 9-3
   wall-r-linpot                  = -1
   wall-atomtype[0]               = -1
   wall-atomtype[1]               = -1
   wall-density[0]                = 0
   wall-density[1]                = 0
   wall-ewald-zfac                = 3
   pull                           = false
   awh                            = false
   rotation                       = false
   interactiveMD                  = false
   disre                          = No
   disre-weighting                = Conservative
   disre-mixed                    = false
   dr-fc                          = 1000
   dr-tau                         = 0
   nstdisreout                    = 100
   orire-fc                       = 0
   orire-tau                      = 0
   nstorireout                    = 100
   free-energy                    = no
   cos-acceleration               = 0
   deform (3x3):
      deform[    0]={ 0.00000e+00,  0.00000e+00,  0.00000e+00}
      deform[    1]={ 0.00000e+00,  0.00000e+00,  0.00000e+00}
      deform[    2]={ 0.00000e+00,  0.00000e+00,  0.00000e+00}
   simulated-tempering            = false
   swapcoords                     = no
   userint1                       = 0
   userint2                       = 0
   userint3                       = 0
   userint4                       = 0
   userreal1                      = 0
   userreal2                      = 0
   userreal3                      = 0
   userreal4                      = 0
   applied-forces:
     electric-field:
       x:
         E0                       = 0
         omega                    = 0
         t0                       = 0
         sigma                    = 0
       y:
         E0                       = 0
         omega                    = 0
         t0                       = 0
         sigma                    = 0
       z:
         E0                       = 0
         omega                    = 0
         t0                       = 0
         sigma                    = 0
     density-guided-simulation:
       active                     = false
       group                      = protein
       similarity-measure         = inner-product
       atom-spreading-weight      = unity
       force-constant             = 1e+09
       gaussian-transform-spreading-width = 0.2
       gaussian-transform-spreading-range-in-multiples-of-width = 4
       reference-density-filename = reference.mrc
       nst                        = 1
       normalize-densities        = true
       adaptive-force-scaling     = false
       adaptive-force-scaling-time-constant = 4
       shift-vector               = 
       transformation-matrix      = 
grpopts:
   nrdf:      111357
   ref-t:         298
   tau-t:         0.1
annealing:          No
annealing-npoints:           0
   acc:	           0           0           0
   nfreeze:           N           N           N
   energygrp-flags[  0]: 0

Changing nstlist from 10 to 100, rlist from 1.4 to 1.4

1 GPU selected for this run.
Mapping of GPU IDs to the 2 GPU tasks in the 1 rank on this node:
  PP:0,PME:0
PP tasks will do (non-perturbed) short-ranged interactions on the GPU
PP task will update and constrain coordinates on the GPU
PME tasks will do all aspects on the GPU
Using 1 MPI thread

Non-default thread affinity set, disabling internal thread affinity

Using 10 OpenMP threads 

System total charge: 0.000
Will do PME sum in reciprocal space for electrostatic interactions.

++++ PLEASE READ AND CITE THE FOLLOWING REFERENCE ++++
U. Essmann, L. Perera, M. L. Berkowitz, T. Darden, H. Lee and L. G. Pedersen 
A smooth particle mesh Ewald method
J. Chem. Phys. 103 (1995) pp. 8577-8592
-------- -------- --- Thank You --- -------- --------

Using a Gaussian width (1/beta) of 0.448228 nm for Ewald
Potential shift: LJ r^-12: -1.764e-02 r^-6: -1.328e-01, Ewald -7.143e-06
Initialized non-bonded Ewald tables, spacing: 1.10e-03 size: 1270

Generated table with 1200 data points for 1-4 COUL.
Tabscale = 500 points/nm
Generated table with 1200 data points for 1-4 LJ6.
Tabscale = 500 points/nm
Generated table with 1200 data points for 1-4 LJ12.
Tabscale = 500 points/nm
Long Range LJ corr.: <C6> 6.2994e-04


Using GPU 8x8 nonbonded short-range kernels

Using a 8x8 pair-list setup:
  updated every 100 steps, buffer 0.000 nm, rlist 1.400 nm
At tolerance 0.005 kJ/mol/ps per atom, equivalent classical 1x1 list would be:
  updated every 100 steps, buffer 0.143 nm, rlist 1.543 nm

Using Lorentz-Berthelot Lennard-Jones combination rule
Removing pbc first time

Initializing LINear Constraint Solver

++++ PLEASE READ AND CITE THE FOLLOWING REFERENCE ++++
B. Hess and H. Bekker and H. J. C. Berendsen and J. G. E. M. Fraaije
LINCS: A Linear Constraint Solver for molecular simulations
J. Comp. Chem. 18 (1997) pp. 1463-1472
-------- -------- --- Thank You --- -------- --------

The number of constraints is 24360

++++ PLEASE READ AND CITE THE FOLLOWING REFERENCE ++++
G. Bussi, D. Donadio and M. Parrinello
Canonical sampling through velocity rescaling
J. Chem. Phys. 126 (2007) pp. 014101
-------- -------- --- Thank You --- -------- --------

There are: 45240 Atoms

Updating coordinates and applying constraints on the GPU.

Constraining the starting coordinates (step 0)

Constraining the coordinates at t0-dt (step 0)
Center of mass motion removal mode is Linear
We have the following groups for center of mass motion removal:
  0:  rest
RMS relative constraint deviation after constraining: 4.53e-06
Initial temperature: 300.029 K

Started mdrun on rank 0 Mon Jun 30 19:24:50 2025

           Step           Time
              0        0.00000

   Energies (kJ/mol)
           Bond            U-B    Proper Dih.  Improper Dih.          LJ-14
    1.50947e+03    1.27693e+04    3.74980e+04    2.36089e+02    4.34501e+03
     Coulomb-14        LJ (SR)  Disper. corr.   Coulomb (SR)   Coul. recip.
    4.53529e+05   -4.41979e+04   -2.27601e+03   -3.83049e+05    2.85752e+03
      Potential    Kinetic En.   Total Energy  Conserved En.    Temperature
    8.32214e+04    1.39021e+05    2.22243e+05    2.22253e+05    3.00303e+02
 Pres. DC (bar) Pressure (bar)   Constr. rmsd
   -4.37794e+01    1.99882e+03    4.53009e-06

step  600: timed with pme grid 52 52 200, coulomb cutoff 1.400: 12279.7 M-cycles
step  800: timed with pme grid 42 42 168, coulomb cutoff 1.667: 12144.5 M-cycles
step 1000: timed with pme grid 36 36 144, coulomb cutoff 1.944: 12058.5 M-cycles
step 1200: timed with pme grid 32 32 128, coulomb cutoff 2.188: 6047.3 M-cycles
step 1200: the maximum allowed grid scaling limits the PME load balancing to a coulomb cut-off of 2.333
Writing checkpoint, step 1300 at Mon Jun 30 19:25:53 2025


step 1400: timed with pme grid 32 32 120, coulomb cutoff 2.333: 7518.8 M-cycles
step 1600: timed with pme grid 32 32 128, coulomb cutoff 2.188: 5914.8 M-cycles
step 1800: timed with pme grid 32 32 128, coulomb cutoff 2.188: 5870.6 M-cycles
              optimal pme grid 32 32 128, coulomb cutoff 2.188
           Step           Time
           5000       10.00000

   Energies (kJ/mol)
           Bond            U-B    Proper Dih.  Improper Dih.          LJ-14
    1.91639e+04    8.88690e+04    4.93876e+04    3.97172e+03    7.90385e+03
     Coulomb-14        LJ (SR)  Disper. corr.   Coulomb (SR)   Coul. recip.
    4.12020e+05   -6.29352e+04   -2.46385e+03   -3.60752e+05    5.07432e+02
      Potential    Kinetic En.   Total Energy  Conserved En.    Temperature
    1.55673e+05    1.38704e+05    2.94376e+05    2.28347e+05    2.99617e+02
 Pres. DC (bar) Pressure (bar)   Constr. rmsd
   -5.12974e+01   -5.72849e+02    4.53009e-06

Writing checkpoint, step 7400 at Mon Jun 30 19:26:50 2025


           Step           Time
          10000       20.00000

   Energies (kJ/mol)
           Bond            U-B    Proper Dih.  Improper Dih.          LJ-14
    1.99232e+04    8.97968e+04    4.71545e+04    3.88206e+03    7.87548e+03
     Coulomb-14        LJ (SR)  Disper. corr.   Coulomb (SR)   Coul. recip.
    4.05401e+05   -7.31174e+04   -2.67778e+03   -3.58569e+05    4.46618e+02
      Potential    Kinetic En.   Total Energy  Conserved En.    Temperature
    1.40115e+05    1.37517e+05    2.77632e+05    2.29090e+05    2.97054e+02
 Pres. DC (bar) Pressure (bar)   Constr. rmsd
   -6.05848e+01   -1.44036e+02    4.53009e-06

Writing checkpoint, step 11400 at Mon Jun 30 19:27:50 2025


Writing checkpoint, step 14200 at Mon Jun 30 19:28:50 2025


           Step           Time
          15000       30.00000

   Energies (kJ/mol)
           Bond            U-B    Proper Dih.  Improper Dih.          LJ-14
    2.02405e+04    9.18688e+04    4.60068e+04    4.04442e+03    7.75872e+03
     Coulomb-14        LJ (SR)  Disper. corr.   Coulomb (SR)   Coul. recip.
    4.01931e+05   -7.95797e+04   -2.90607e+03   -3.58231e+05    4.03565e+02
      Potential    Kinetic En.   Total Energy  Conserved En.    Temperature
    1.31538e+05    1.37473e+05    2.69011e+05    2.29803e+05    2.96959e+02
 Pres. DC (bar) Pressure (bar)   Constr. rmsd
   -7.13476e+01   -4.84107e+02    4.53009e-06

Writing checkpoint, step 16900 at Mon Jun 30 19:29:50 2025


Writing checkpoint, step 18500 at Mon Jun 30 19:30:51 2025


           Step           Time
          20000       40.00000

   Energies (kJ/mol)
           Bond            U-B    Proper Dih.  Improper Dih.          LJ-14
    1.99538e+04    9.26249e+04    4.51702e+04    4.03843e+03    7.60922e+03
     Coulomb-14        LJ (SR)  Disper. corr.   Coulomb (SR)   Coul. recip.
    3.99634e+05   -8.35574e+04   -3.13602e+03   -3.57738e+05    3.74156e+02
      Potential    Kinetic En.   Total Energy  Conserved En.    Temperature
    1.24974e+05    1.38239e+05    2.63212e+05    2.30384e+05    2.98613e+02
 Pres. DC (bar) Pressure (bar)   Constr. rmsd
   -8.30773e+01   -3.15761e+02    4.53009e-06

Writing checkpoint, step 20100 at Mon Jun 30 19:31:52 2025


Writing checkpoint, step 22200 at Mon Jun 30 19:32:51 2025


           Step           Time
          25000       50.00000

   Energies (kJ/mol)
           Bond            U-B    Proper Dih.  Improper Dih.          LJ-14
    2.01807e+04    9.19897e+04    4.47091e+04    4.07770e+03    7.78734e+03
     Coulomb-14        LJ (SR)  Disper. corr.   Coulomb (SR)   Coul. recip.
    3.98627e+05   -8.63676e+04   -3.32850e+03   -3.57504e+05    3.44852e+02
      Potential    Kinetic En.   Total Energy  Conserved En.    Temperature
    1.20516e+05    1.37298e+05    2.57815e+05    2.30883e+05    2.96581e+02
 Pres. DC (bar) Pressure (bar)   Constr. rmsd
   -9.35816e+01    2.26875e+01    4.53009e-06

           Step           Time
          30000       60.00000

   Energies (kJ/mol)
           Bond            U-B    Proper Dih.  Improper Dih.          LJ-14
    2.01184e+04    9.25683e+04    4.45905e+04    4.10254e+03    7.72145e+03
     Coulomb-14        LJ (SR)  Disper. corr.   Coulomb (SR)   Coul. recip.
    3.97942e+05   -8.78828e+04   -3.49027e+03   -3.57670e+05    3.59130e+02
      Potential    Kinetic En.   Total Energy  Conserved En.    Temperature
    1.18359e+05    1.37361e+05    2.55721e+05    2.31404e+05    2.96717e+02
 Pres. DC (bar) Pressure (bar)   Constr. rmsd
   -1.02894e+02   -1.60922e+02    4.53009e-06

           Step           Time
          35000       70.00000

   Energies (kJ/mol)
           Bond            U-B    Proper Dih.  Improper Dih.          LJ-14
    2.03117e+04    9.27908e+04    4.48404e+04    4.15594e+03    7.80726e+03
     Coulomb-14        LJ (SR)  Disper. corr.   Coulomb (SR)   Coul. recip.
    3.98020e+05   -8.87533e+04   -3.61806e+03   -3.57615e+05    3.08186e+02
      Potential    Kinetic En.   Total Energy  Conserved En.    Temperature
    1.18248e+05    1.38656e+05    2.56904e+05    2.31827e+05    2.99514e+02
 Pres. DC (bar) Pressure (bar)   Constr. rmsd
   -1.10562e+02   -5.09001e+01    4.53009e-06

           Step           Time
          40000       80.00000

   Energies (kJ/mol)
           Bond            U-B    Proper Dih.  Improper Dih.          LJ-14
    2.04932e+04    9.25801e+04    4.44938e+04    3.99735e+03    7.67995e+03
     Coulomb-14        LJ (SR)  Disper. corr.   Coulomb (SR)   Coul. recip.
    3.97034e+05   -8.99779e+04   -3.74617e+03   -3.57172e+05    3.44048e+02
      Potential    Kinetic En.   Total Energy  Conserved En.    Temperature
    1.15727e+05    1.37096e+05    2.52823e+05    2.32317e+05    2.96145e+02
 Pres. DC (bar) Pressure (bar)   Constr. rmsd
   -1.18526e+02    2.52126e+02    4.53009e-06

           Step           Time
          45000       90.00000

   Energies (kJ/mol)
           Bond            U-B    Proper Dih.  Improper Dih.          LJ-14
    2.04534e+04    9.20405e+04    4.45673e+04    4.12076e+03    7.66066e+03
     Coulomb-14        LJ (SR)  Disper. corr.   Coulomb (SR)   Coul. recip.
    3.97120e+05   -9.10472e+04   -3.85758e+03   -3.58120e+05    3.07653e+02
      Potential    Kinetic En.   Total Energy  Conserved En.    Temperature
    1.13245e+05    1.37004e+05    2.50250e+05    2.32764e+05    2.95946e+02
 Pres. DC (bar) Pressure (bar)   Constr. rmsd
   -1.25677e+02   -6.09933e+00    4.53009e-06

           Step           Time
          50000      100.00000

   Energies (kJ/mol)
           Bond            U-B    Proper Dih.  Improper Dih.          LJ-14
    2.05700e+04    9.18279e+04    4.44534e+04    4.17742e+03    7.67675e+03
     Coulomb-14        LJ (SR)  Disper. corr.   Coulomb (SR)   Coul. recip.
    3.96940e+05   -9.18934e+04   -3.94064e+03   -3.58069e+05    2.91568e+02
      Potential    Kinetic En.   Total Energy  Conserved En.    Temperature
    1.12034e+05    1.37350e+05    2.49383e+05    2.33171e+05    2.96692e+02
 Pres. DC (bar) Pressure (bar)   Constr. rmsd
   -1.31145e+02   -1.57538e+02    4.53009e-06

           Step           Time
          55000      110.00000

   Energies (kJ/mol)
           Bond            U-B    Proper Dih.  Improper Dih.          LJ-14
    2.03706e+04    9.28520e+04    4.41818e+04    4.08342e+03    7.56796e+03
     Coulomb-14        LJ (SR)  Disper. corr.   Coulomb (SR)   Coul. recip.
    3.96271e+05   -9.35686e+04   -4.02827e+03   -3.57487e+05    2.73375e+02
      Potential    Kinetic En.   Total Energy  Conserved En.    Temperature
    1.10516e+05    1.38396e+05    2.48911e+05    2.33602e+05    2.98951e+02
 Pres. DC (bar) Pressure (bar)   Constr. rmsd
   -1.37040e+02   -1.23358e+02    4.53009e-06

Writing checkpoint, step 58400 at Mon Jun 30 19:33:50 2025


           Step           Time
          60000      120.00000

   Energies (kJ/mol)
           Bond            U-B    Proper Dih.  Improper Dih.          LJ-14
    1.99889e+04    9.21674e+04    4.44870e+04    4.18041e+03    7.79351e+03
     Coulomb-14        LJ (SR)  Disper. corr.   Coulomb (SR)   Coul. recip.
    3.96324e+05   -9.43434e+04   -4.08695e+03   -3.58106e+05    2.86758e+02
      Potential    Kinetic En.   Total Energy  Conserved En.    Temperature
    1.08691e+05    1.38492e+05    2.47183e+05    2.33984e+05    2.99159e+02
 Pres. DC (bar) Pressure (bar)   Constr. rmsd
   -1.41059e+02   -1.12358e+02    4.53009e-06

           Step           Time
          65000      130.00000

   Energies (kJ/mol)
           Bond            U-B    Proper Dih.  Improper Dih.          LJ-14
    2.06978e+04    9.22938e+04    4.42972e+04    4.17107e+03    7.59756e+03
     Coulomb-14        LJ (SR)  Disper. corr.   Coulomb (SR)   Coul. recip.
    3.96483e+05   -9.43392e+04   -4.09973e+03   -3.58270e+05    2.76412e+02
      Potential    Kinetic En.   Total Energy  Conserved En.    Temperature
    1.09108e+05    1.38242e+05    2.47350e+05    2.34463e+05    2.98620e+02
 Pres. DC (bar) Pressure (bar)   Constr. rmsd
   -1.41942e+02   -5.56284e+01    4.53009e-06

           Step           Time
          70000      140.00000

   Energies (kJ/mol)
           Bond            U-B    Proper Dih.  Improper Dih.          LJ-14
    2.03582e+04    9.24579e+04    4.43696e+04    4.28940e+03    7.57296e+03
     Coulomb-14        LJ (SR)  Disper. corr.   Coulomb (SR)   Coul. recip.
    3.95991e+05   -9.53050e+04   -4.12925e+03   -3.58249e+05    2.83966e+02
      Potential    Kinetic En.   Total Energy  Conserved En.    Temperature
    1.07639e+05    1.38755e+05    2.46395e+05    2.34840e+05    2.99728e+02
 Pres. DC (bar) Pressure (bar)   Constr. rmsd
   -1.43993e+02   -1.95502e+02    4.53009e-06

           Step           Time
          75000      150.00000

   Energies (kJ/mol)
           Bond            U-B    Proper Dih.  Improper Dih.          LJ-14
    2.07429e+04    9.20948e+04    4.38462e+04    4.17679e+03    7.67600e+03
     Coulomb-14        LJ (SR)  Disper. corr.   Coulomb (SR)   Coul. recip.
    3.95738e+05   -9.55414e+04   -4.13039e+03   -3.57784e+05    2.63961e+02
      Potential    Kinetic En.   Total Energy  Conserved En.    Temperature
    1.07083e+05    1.38833e+05    2.45916e+05    2.35305e+05    2.99897e+02
 Pres. DC (bar) Pressure (bar)   Constr. rmsd
   -1.44073e+02   -1.53428e+02    4.53009e-06

           Step           Time
          80000      160.00000

   Energies (kJ/mol)
           Bond            U-B    Proper Dih.  Improper Dih.          LJ-14
    2.03280e+04    9.21946e+04    4.42990e+04    4.09809e+03    7.60031e+03
     Coulomb-14        LJ (SR)  Disper. corr.   Coulomb (SR)   Coul. recip.
    3.95759e+05   -9.48140e+04   -4.13418e+03   -3.58193e+05    2.84170e+02
      Potential    Kinetic En.   Total Energy  Conserved En.    Temperature
    1.07422e+05    1.36940e+05    2.44362e+05    2.35750e+05    2.95807e+02
 Pres. DC (bar) Pressure (bar)   Constr. rmsd
   -1.44337e+02   -8.45372e+01    4.53009e-06

Writing checkpoint, step 81800 at Mon Jun 30 19:34:51 2025


Writing checkpoint, step 84200 at Mon Jun 30 19:35:51 2025


           Step           Time
          85000      170.00000

   Energies (kJ/mol)
           Bond            U-B    Proper Dih.  Improper Dih.          LJ-14
    2.08979e+04    9.26903e+04    4.41748e+04    4.00792e+03    7.71128e+03
     Coulomb-14        LJ (SR)  Disper. corr.   Coulomb (SR)   Coul. recip.
    3.95043e+05   -9.49158e+04   -4.13180e+03   -3.57168e+05    2.95735e+02
      Potential    Kinetic En.   Total Energy  Conserved En.    Temperature
    1.08605e+05    1.38879e+05    2.47484e+05    2.36113e+05    2.99995e+02
 Pres. DC (bar) Pressure (bar)   Constr. rmsd
   -1.44171e+02   -2.04921e+02    4.53009e-06

           Step           Time
          90000      180.00000

   Energies (kJ/mol)
           Bond            U-B    Proper Dih.  Improper Dih.          LJ-14
    2.03651e+04    9.26926e+04    4.42137e+04    4.07900e+03    7.68948e+03
     Coulomb-14        LJ (SR)  Disper. corr.   Coulomb (SR)   Coul. recip.
    3.94810e+05   -9.49548e+04   -4.13588e+03   -3.57297e+05    2.88383e+02
      Potential    Kinetic En.   Total Energy  Conserved En.    Temperature
    1.07750e+05    1.37561e+05    2.45311e+05    2.36569e+05    2.97148e+02
 Pres. DC (bar) Pressure (bar)   Constr. rmsd
   -1.44456e+02   -5.25494e+01    4.53009e-06

           Step           Time
          95000      190.00000

   Energies (kJ/mol)
           Bond            U-B    Proper Dih.  Improper Dih.          LJ-14
    2.05746e+04    9.25216e+04    4.41288e+04    4.13688e+03    7.66683e+03
     Coulomb-14        LJ (SR)  Disper. corr.   Coulomb (SR)   Coul. recip.
    3.95049e+05   -9.55593e+04   -4.14400e+03   -3.57823e+05    2.89010e+02
      Potential    Kinetic En.   Total Energy  Conserved En.    Temperature
    1.06841e+05    1.38143e+05    2.44983e+05    2.37005e+05    2.98406e+02
 Pres. DC (bar) Pressure (bar)   Constr. rmsd
   -1.45023e+02   -1.02688e+02    4.53009e-06

           Step           Time
         100000      200.00000

   Energies (kJ/mol)
           Bond            U-B    Proper Dih.  Improper Dih.          LJ-14
    2.01448e+04    9.29113e+04    4.43350e+04    4.09623e+03    7.80998e+03
     Coulomb-14        LJ (SR)  Disper. corr.   Coulomb (SR)   Coul. recip.
    3.94846e+05   -9.53902e+04   -4.14309e+03   -3.57378e+05    2.84809e+02
      Potential    Kinetic En.   Total Energy  Conserved En.    Temperature
    1.07518e+05    1.37214e+05    2.44731e+05    2.37469e+05    2.96398e+02
 Pres. DC (bar) Pressure (bar)   Constr. rmsd
   -1.44959e+02   -5.99198e+01    4.53009e-06

           Step           Time
         105000      210.00000

   Energies (kJ/mol)
           Bond            U-B    Proper Dih.  Improper Dih.          LJ-14
    2.03993e+04    9.30497e+04    4.39716e+04    4.11586e+03    7.73591e+03
     Coulomb-14        LJ (SR)  Disper. corr.   Coulomb (SR)   Coul. recip.
    3.95413e+05   -9.54375e+04   -4.14402e+03   -3.58172e+05    2.73273e+02
      Potential    Kinetic En.   Total Energy  Conserved En.    Temperature
    1.07205e+05    1.38649e+05    2.45854e+05    2.37858e+05    2.99499e+02
 Pres. DC (bar) Pressure (bar)   Constr. rmsd
   -1.45024e+02    7.72483e+01    4.53009e-06

           Step           Time
         110000      220.00000

   Energies (kJ/mol)
           Bond            U-B    Proper Dih.  Improper Dih.          LJ-14
    2.02901e+04    9.26344e+04    4.39120e+04    3.99252e+03    7.71537e+03
     Coulomb-14        LJ (SR)  Disper. corr.   Coulomb (SR)   Coul. recip.
    3.95316e+05   -9.55141e+04   -4.14180e+03   -3.57814e+05    2.85587e+02
      Potential    Kinetic En.   Total Energy  Conserved En.    Temperature
    1.06676e+05    1.38261e+05    2.44937e+05    2.38187e+05    2.98660e+02
 Pres. DC (bar) Pressure (bar)   Constr. rmsd
   -1.44869e+02   -2.14439e+02    4.53009e-06

           Step           Time
         115000      230.00000

   Energies (kJ/mol)
           Bond            U-B    Proper Dih.  Improper Dih.          LJ-14
    2.03174e+04    9.28686e+04    4.38613e+04    4.31569e+03    7.72251e+03
     Coulomb-14        LJ (SR)  Disper. corr.   Coulomb (SR)   Coul. recip.
    3.94721e+05   -9.49990e+04   -4.14854e+03   -3.57685e+05    2.80777e+02
      Potential    Kinetic En.   Total Energy  Conserved En.    Temperature
    1.07255e+05    1.37154e+05    2.44409e+05    2.38665e+05    2.96270e+02
 Pres. DC (bar) Pressure (bar)   Constr. rmsd
   -1.45341e+02    1.05553e+02    4.53009e-06

Writing checkpoint, step 118000 at Mon Jun 30 19:36:50 2025


           Step           Time
         120000      240.00000

   Energies (kJ/mol)
           Bond            U-B    Proper Dih.  Improper Dih.          LJ-14
    2.02948e+04    9.21007e+04    4.37049e+04    4.06136e+03    7.57510e+03
     Coulomb-14        LJ (SR)  Disper. corr.   Coulomb (SR)   Coul. recip.
    3.95053e+05   -9.51786e+04   -4.14091e+03   -3.57712e+05    2.95953e+02
      Potential    Kinetic En.   Total Energy  Conserved En.    Temperature
    1.06055e+05    1.38036e+05    2.44091e+05    2.38988e+05    2.98175e+02
 Pres. DC (bar) Pressure (bar)   Constr. rmsd
   -1.44807e+02   -1.49924e+02    4.53009e-06

           Step           Time
         125000      250.00000

   Energies (kJ/mol)
           Bond            U-B    Proper Dih.  Improper Dih.          LJ-14
    2.06542e+04    9.25307e+04    4.39445e+04    4.18670e+03    7.60396e+03
     Coulomb-14        LJ (SR)  Disper. corr.   Coulomb (SR)   Coul. recip.
    3.94697e+05   -9.48991e+04   -4.14358e+03   -3.57819e+05    2.84982e+02
      Potential    Kinetic En.   Total Energy  Conserved En.    Temperature
    1.07040e+05    1.38583e+05    2.45623e+05    2.39423e+05    2.99356e+02
 Pres. DC (bar) Pressure (bar)   Constr. rmsd
   -1.44994e+02    4.49735e+02    4.53009e-06

           Step           Time
         130000      260.00000

   Energies (kJ/mol)
           Bond            U-B    Proper Dih.  Improper Dih.          LJ-14
    2.06519e+04    9.22913e+04    4.39651e+04    3.95614e+03    7.54325e+03
     Coulomb-14        LJ (SR)  Disper. corr.   Coulomb (SR)   Coul. recip.
    3.94849e+05   -9.60420e+04   -4.15443e+03   -3.57830e+05    2.44757e+02
      Potential    Kinetic En.   Total Energy  Conserved En.    Temperature
    1.05475e+05    1.39054e+05    2.44529e+05    2.39812e+05    3.00374e+02
 Pres. DC (bar) Pressure (bar)   Constr. rmsd
   -1.45754e+02   -9.49699e+01    4.53009e-06

           Step           Time
         135000      270.00000

   Energies (kJ/mol)
           Bond            U-B    Proper Dih.  Improper Dih.          LJ-14
    2.06720e+04    9.19968e+04    4.38959e+04    4.13143e+03    7.51619e+03
     Coulomb-14        LJ (SR)  Disper. corr.   Coulomb (SR)   Coul. recip.
    3.95137e+05   -9.58212e+04   -4.15599e+03   -3.57814e+05    2.62459e+02
      Potential    Kinetic En.   Total Energy  Conserved En.    Temperature
    1.05821e+05    1.39297e+05    2.45117e+05    2.40231e+05    3.00898e+02
 Pres. DC (bar) Pressure (bar)   Constr. rmsd
   -1.45863e+02   -4.77128e+01    4.53009e-06

           Step           Time
         140000      280.00000

   Energies (kJ/mol)
           Bond            U-B    Proper Dih.  Improper Dih.          LJ-14
    2.00402e+04    9.33740e+04    4.36396e+04    4.12470e+03    7.66240e+03
     Coulomb-14        LJ (SR)  Disper. corr.   Coulomb (SR)   Coul. recip.
    3.94610e+05   -9.55366e+04   -4.15475e+03   -3.57425e+05    2.85366e+02
      Potential    Kinetic En.   Total Energy  Conserved En.    Temperature
    1.06620e+05    1.38319e+05    2.44939e+05    2.40697e+05    2.98787e+02
 Pres. DC (bar) Pressure (bar)   Constr. rmsd
   -1.45776e+02   -1.39156e+02    4.53009e-06

           Step           Time
         145000      290.00000

   Energies (kJ/mol)
           Bond            U-B    Proper Dih.  Improper Dih.          LJ-14
    2.05365e+04    9.27248e+04    4.39573e+04    4.10749e+03    7.58426e+03
     Coulomb-14        LJ (SR)  Disper. corr.   Coulomb (SR)   Coul. recip.
    3.94459e+05   -9.59163e+04   -4.15441e+03   -3.57359e+05    2.48907e+02
      Potential    Kinetic En.   Total Energy  Conserved En.    Temperature
    1.06189e+05    1.38856e+05    2.45045e+05    2.41143e+05    2.99945e+02
 Pres. DC (bar) Pressure (bar)   Constr. rmsd
   -1.45752e+02   -1.47947e+02    4.53009e-06

Writing checkpoint, step 148100 at Mon Jun 30 19:37:52 2025


           Step           Time
         150000      300.00000

   Energies (kJ/mol)
           Bond            U-B    Proper Dih.  Improper Dih.          LJ-14
    2.01609e+04    9.21083e+04    4.38794e+04    3.97607e+03    7.73709e+03
     Coulomb-14        LJ (SR)  Disper. corr.   Coulomb (SR)   Coul. recip.
    3.94516e+05   -9.56808e+04   -4.14916e+03   -3.57359e+05    2.62392e+02
      Potential    Kinetic En.   Total Energy  Conserved En.    Temperature
    1.05452e+05    1.36690e+05    2.42142e+05    2.41527e+05    2.95268e+02
 Pres. DC (bar) Pressure (bar)   Constr. rmsd
   -1.45384e+02    4.87223e+01    4.53009e-06

           Step           Time
         155000      310.00000

   Energies (kJ/mol)
           Bond            U-B    Proper Dih.  Improper Dih.          LJ-14
    2.05185e+04    9.25509e+04    4.38702e+04    4.01695e+03    7.66634e+03
     Coulomb-14        LJ (SR)  Disper. corr.   Coulomb (SR)   Coul. recip.
    3.94107e+05   -9.57506e+04   -4.14246e+03   -3.57007e+05    2.87265e+02
      Potential    Kinetic En.   Total Energy  Conserved En.    Temperature
    1.06117e+05    1.38257e+05    2.44374e+05    2.41939e+05    2.98651e+02
 Pres. DC (bar) Pressure (bar)   Constr. rmsd
   -1.44915e+02   -6.83767e+01    4.53009e-06

           Step           Time
         160000      320.00000

   Energies (kJ/mol)
           Bond            U-B    Proper Dih.  Improper Dih.          LJ-14
    2.04782e+04    9.28095e+04    4.38207e+04    3.98833e+03    7.43313e+03
     Coulomb-14        LJ (SR)  Disper. corr.   Coulomb (SR)   Coul. recip.
    3.94065e+05   -9.53729e+04   -4.14228e+03   -3.56778e+05    2.57867e+02
      Potential    Kinetic En.   Total Energy  Conserved En.    Temperature
    1.06560e+05    1.38267e+05    2.44827e+05    2.42390e+05    2.98674e+02
 Pres. DC (bar) Pressure (bar)   Constr. rmsd
   -1.44902e+02   -2.16837e+02    4.53009e-06

           Step           Time
         165000      330.00000

   Energies (kJ/mol)
           Bond            U-B    Proper Dih.  Improper Dih.          LJ-14
    2.01665e+04    9.29211e+04    4.37951e+04    4.09243e+03    7.68510e+03
     Coulomb-14        LJ (SR)  Disper. corr.   Coulomb (SR)   Coul. recip.
    3.94092e+05   -9.58976e+04   -4.15254e+03   -3.56864e+05    3.02660e+02
      Potential    Kinetic En.   Total Energy  Conserved En.    Temperature
    1.06141e+05    1.37801e+05    2.43942e+05    2.42769e+05    2.97667e+02
 Pres. DC (bar) Pressure (bar)   Constr. rmsd
   -1.45621e+02   -1.69015e+01    4.53009e-06

           Step           Time
         170000      340.00000

Writing checkpoint, step 170000 at Mon Jun 30 19:38:50 2025


   Energies (kJ/mol)
           Bond            U-B    Proper Dih.  Improper Dih.          LJ-14
    2.04624e+04    9.21975e+04    4.37171e+04    4.08767e+03    7.67613e+03
     Coulomb-14        LJ (SR)  Disper. corr.   Coulomb (SR)   Coul. recip.
    3.94255e+05   -9.59521e+04   -4.14833e+03   -3.56985e+05    2.71615e+02
      Potential    Kinetic En.   Total Energy  Conserved En.    Temperature
    1.05582e+05    1.37660e+05    2.43242e+05    2.43204e+05    2.97363e+02
 Pres. DC (bar) Pressure (bar)   Constr. rmsd
   -1.45326e+02    3.20078e+02    4.53009e-06

           Step           Time
         175000      350.00000

   Energies (kJ/mol)
           Bond            U-B    Proper Dih.  Improper Dih.          LJ-14
    2.02737e+04    9.19091e+04    4.37589e+04    4.06983e+03    7.83879e+03
     Coulomb-14        LJ (SR)  Disper. corr.   Coulomb (SR)   Coul. recip.
    3.94250e+05   -9.60852e+04   -4.15162e+03   -3.56649e+05    2.66052e+02
      Potential    Kinetic En.   Total Energy  Conserved En.    Temperature
    1.05480e+05    1.37810e+05    2.43290e+05    2.43588e+05    2.97687e+02
 Pres. DC (bar) Pressure (bar)   Constr. rmsd
   -1.45557e+02    2.46021e+02    4.53009e-06

           Step           Time
         180000      360.00000

   Energies (kJ/mol)
           Bond            U-B    Proper Dih.  Improper Dih.          LJ-14
    2.07402e+04    9.24348e+04    4.36853e+04    3.90057e+03    7.56795e+03
     Coulomb-14        LJ (SR)  Disper. corr.   Coulomb (SR)   Coul. recip.
    3.94225e+05   -9.62442e+04   -4.15980e+03   -3.57251e+05    2.52729e+02
      Potential    Kinetic En.   Total Energy  Conserved En.    Temperature
    1.05152e+05    1.38631e+05    2.43784e+05    2.44044e+05    2.99460e+02
 Pres. DC (bar) Pressure (bar)   Constr. rmsd
   -1.46130e+02   -1.31541e+02    4.53009e-06

           Step           Time
         185000      370.00000

   Energies (kJ/mol)
           Bond            U-B    Proper Dih.  Improper Dih.          LJ-14
    2.04777e+04    9.22538e+04    4.34033e+04    4.00553e+03    7.53830e+03
     Coulomb-14        LJ (SR)  Disper. corr.   Coulomb (SR)   Coul. recip.
    3.93297e+05   -9.52209e+04   -4.14483e+03   -3.56105e+05    2.84038e+02
      Potential    Kinetic En.   Total Energy  Conserved En.    Temperature
    1.05789e+05    1.38424e+05    2.44213e+05    2.44424e+05    2.99013e+02
 Pres. DC (bar) Pressure (bar)   Constr. rmsd
   -1.45081e+02    1.37930e+02    4.53009e-06

           Step           Time
         190000      380.00000

   Energies (kJ/mol)
           Bond            U-B    Proper Dih.  Improper Dih.          LJ-14
    2.04682e+04    9.27480e+04    4.38534e+04    4.13816e+03    7.68175e+03
     Coulomb-14        LJ (SR)  Disper. corr.   Coulomb (SR)   Coul. recip.
    3.93810e+05   -9.50689e+04   -4.14483e+03   -3.56807e+05    2.75662e+02
      Potential    Kinetic En.   Total Energy  Conserved En.    Temperature
    1.06954e+05    1.39071e+05    2.46026e+05    2.44781e+05    3.00411e+02
 Pres. DC (bar) Pressure (bar)   Constr. rmsd
   -1.45081e+02   -1.20229e+02    4.53009e-06

           Step           Time
         195000      390.00000

   Energies (kJ/mol)
           Bond            U-B    Proper Dih.  Improper Dih.          LJ-14
    2.00596e+04    9.21953e+04    4.36653e+04    4.06521e+03    7.64394e+03
     Coulomb-14        LJ (SR)  Disper. corr.   Coulomb (SR)   Coul. recip.
    3.95204e+05   -9.56580e+04   -4.15108e+03   -3.57418e+05    2.53196e+02
      Potential    Kinetic En.   Total Energy  Conserved En.    Temperature
    1.05860e+05    1.37541e+05    2.43400e+05    2.45217e+05    2.97105e+02
 Pres. DC (bar) Pressure (bar)   Constr. rmsd
   -1.45519e+02    3.06946e+02    4.53009e-06

           Step           Time
         200000      400.00000

   Energies (kJ/mol)
           Bond            U-B    Proper Dih.  Improper Dih.          LJ-14
    2.04462e+04    9.22597e+04    4.36143e+04    4.06362e+03    7.59477e+03
     Coulomb-14        LJ (SR)  Disper. corr.   Coulomb (SR)   Coul. recip.
    3.94307e+05   -9.56824e+04   -4.14764e+03   -3.57477e+05    2.57950e+02
      Potential    Kinetic En.   Total Energy  Conserved En.    Temperature
    1.05237e+05    1.38241e+05    2.43478e+05    2.45635e+05    2.98618e+02
 Pres. DC (bar) Pressure (bar)   Constr. rmsd
   -1.45278e+02   -1.36281e+02    4.53009e-06

           Step           Time
         205000      410.00000

   Energies (kJ/mol)
           Bond            U-B    Proper Dih.  Improper Dih.          LJ-14
    2.04036e+04    9.23356e+04    4.40591e+04    3.99856e+03    7.75376e+03
     Coulomb-14        LJ (SR)  Disper. corr.   Coulomb (SR)   Coul. recip.
    3.94591e+05   -9.55173e+04   -4.14957e+03   -3.57445e+05    2.78205e+02
      Potential    Kinetic En.   Total Energy  Conserved En.    Temperature
    1.06308e+05    1.37411e+05    2.43718e+05    2.46085e+05    2.96824e+02
 Pres. DC (bar) Pressure (bar)   Constr. rmsd
   -1.45413e+02   -1.43069e+02    4.53009e-06

Writing checkpoint, step 206400 at Mon Jun 30 19:39:50 2025


           Step           Time
         210000      420.00000

   Energies (kJ/mol)
           Bond            U-B    Proper Dih.  Improper Dih.          LJ-14
    2.08610e+04    9.27164e+04    4.36731e+04    4.17786e+03    7.57428e+03
     Coulomb-14        LJ (SR)  Disper. corr.   Coulomb (SR)   Coul. recip.
    3.94064e+05   -9.55325e+04   -4.14850e+03   -3.56965e+05    2.70136e+02
      Potential    Kinetic En.   Total Energy  Conserved En.    Temperature
    1.06691e+05    1.37461e+05    2.44151e+05    2.46570e+05    2.96932e+02
 Pres. DC (bar) Pressure (bar)   Constr. rmsd
   -1.45338e+02   -1.79495e+02    4.53009e-06

           Step           Time
         215000      430.00000

   Energies (kJ/mol)
           Bond            U-B    Proper Dih.  Improper Dih.          LJ-14
    2.03331e+04    9.23448e+04    4.38717e+04    3.90941e+03    7.62550e+03
     Coulomb-14        LJ (SR)  Disper. corr.   Coulomb (SR)   Coul. recip.
    3.93910e+05   -9.57049e+04   -4.15061e+03   -3.56743e+05    2.58456e+02
      Potential    Kinetic En.   Total Energy  Conserved En.    Temperature
    1.05654e+05    1.38033e+05    2.43687e+05    2.46898e+05    2.98169e+02
 Pres. DC (bar) Pressure (bar)   Constr. rmsd
   -1.45486e+02   -1.45749e+02    4.53009e-06

           Step           Time
         220000      440.00000

   Energies (kJ/mol)
           Bond            U-B    Proper Dih.  Improper Dih.          LJ-14
    2.04917e+04    9.24082e+04    4.40109e+04    4.10793e+03    7.66702e+03
     Coulomb-14        LJ (SR)  Disper. corr.   Coulomb (SR)   Coul. recip.
    3.94439e+05   -9.58183e+04   -4.14867e+03   -3.56817e+05    2.59436e+02
      Potential    Kinetic En.   Total Energy  Conserved En.    Temperature
    1.06600e+05    1.38786e+05    2.45386e+05    2.47308e+05    2.99795e+02
 Pres. DC (bar) Pressure (bar)   Constr. rmsd
   -1.45350e+02   -1.39505e+02    4.53009e-06

           Step           Time
         225000      450.00000

   Energies (kJ/mol)
           Bond            U-B    Proper Dih.  Improper Dih.          LJ-14
    2.01538e+04    9.24520e+04    4.38078e+04    4.08454e+03    7.63184e+03
     Coulomb-14        LJ (SR)  Disper. corr.   Coulomb (SR)   Coul. recip.
    3.93675e+05   -9.54611e+04   -4.15069e+03   -3.56627e+05    2.64016e+02
      Potential    Kinetic En.   Total Energy  Conserved En.    Temperature
    1.05830e+05    1.38458e+05    2.44288e+05    2.47656e+05    2.99086e+02
 Pres. DC (bar) Pressure (bar)   Constr. rmsd
   -1.45492e+02    2.65808e+02    4.53009e-06

           Step           Time
         230000      460.00000

   Energies (kJ/mol)
           Bond            U-B    Proper Dih.  Improper Dih.          LJ-14
    2.05236e+04    9.19546e+04    4.38285e+04    4.13109e+03    7.60813e+03
     Coulomb-14        LJ (SR)  Disper. corr.   Coulomb (SR)   Coul. recip.
    3.94290e+05   -9.56629e+04   -4.14902e+03   -3.57054e+05    2.86951e+02
      Potential    Kinetic En.   Total Energy  Conserved En.    Temperature
    1.05757e+05    1.37615e+05    2.43372e+05    2.48115e+05    2.97265e+02
 Pres. DC (bar) Pressure (bar)   Constr. rmsd
   -1.45374e+02   -1.57235e+02    4.53009e-06

           Step           Time
         235000      470.00000

   Energies (kJ/mol)
           Bond            U-B    Proper Dih.  Improper Dih.          LJ-14
    2.02101e+04    9.28841e+04    4.37696e+04    4.01596e+03    7.80729e+03
     Coulomb-14        LJ (SR)  Disper. corr.   Coulomb (SR)   Coul. recip.
    3.93639e+05   -9.53988e+04   -4.13632e+03   -3.56817e+05    2.62251e+02
      Potential    Kinetic En.   Total Energy  Conserved En.    Temperature
    1.06236e+05    1.38108e+05    2.44345e+05    2.48556e+05    2.98330e+02
 Pres. DC (bar) Pressure (bar)   Constr. rmsd
   -1.44486e+02    1.59236e+02    4.53009e-06

           Step           Time
         240000      480.00000

   Energies (kJ/mol)
           Bond            U-B    Proper Dih.  Improper Dih.          LJ-14
    2.05553e+04    9.25619e+04    4.35573e+04    4.10293e+03    7.55147e+03
     Coulomb-14        LJ (SR)  Disper. corr.   Coulomb (SR)   Coul. recip.
    3.94275e+05   -9.54057e+04   -4.14719e+03   -3.56938e+05    2.70600e+02
      Potential    Kinetic En.   Total Energy  Conserved En.    Temperature
    1.06384e+05    1.37780e+05    2.44164e+05    2.48986e+05    2.97622e+02
 Pres. DC (bar) Pressure (bar)   Constr. rmsd
   -1.45246e+02   -2.99536e+02    4.53009e-06

Writing checkpoint, step 242500 at Mon Jun 30 19:40:50 2025


           Step           Time
         245000      490.00000

   Energies (kJ/mol)
           Bond            U-B    Proper Dih.  Improper Dih.          LJ-14
    2.06898e+04    9.29474e+04    4.35422e+04    4.19067e+03    7.61246e+03
     Coulomb-14        LJ (SR)  Disper. corr.   Coulomb (SR)   Coul. recip.
    3.93957e+05   -9.55872e+04   -4.14688e+03   -3.57033e+05    2.79389e+02
      Potential    Kinetic En.   Total Energy  Conserved En.    Temperature
    1.06452e+05    1.38267e+05    2.44718e+05    2.49384e+05    2.98673e+02
 Pres. DC (bar) Pressure (bar)   Constr. rmsd
   -1.45225e+02   -4.26236e+02    4.53009e-06

           Step           Time
         250000      500.00000

   Energies (kJ/mol)
           Bond            U-B    Proper Dih.  Improper Dih.          LJ-14
    2.06968e+04    9.23753e+04    4.38600e+04    4.15032e+03    7.59910e+03
     Coulomb-14        LJ (SR)  Disper. corr.   Coulomb (SR)   Coul. recip.
    3.94286e+05   -9.53282e+04   -4.13978e+03   -3.56548e+05    2.41470e+02
      Potential    Kinetic En.   Total Energy  Conserved En.    Temperature
    1.07193e+05    1.38730e+05    2.45923e+05    2.49793e+05    2.99673e+02
 Pres. DC (bar) Pressure (bar)   Constr. rmsd
   -1.44728e+02   -1.86004e+02    4.53009e-06

           Step           Time
         255000      510.00000

   Energies (kJ/mol)
           Bond            U-B    Proper Dih.  Improper Dih.          LJ-14
    2.09659e+04    9.22478e+04    4.36737e+04    4.03008e+03    7.64357e+03
     Coulomb-14        LJ (SR)  Disper. corr.   Coulomb (SR)   Coul. recip.
    3.94164e+05   -9.53604e+04   -4.14494e+03   -3.57113e+05    2.87115e+02
      Potential    Kinetic En.   Total Energy  Conserved En.    Temperature
    1.06394e+05    1.37822e+05    2.44216e+05    2.50208e+05    2.97713e+02
 Pres. DC (bar) Pressure (bar)   Constr. rmsd
   -1.45089e+02   -1.51783e+02    4.53009e-06

           Step           Time
         260000      520.00000

   Energies (kJ/mol)
           Bond            U-B    Proper Dih.  Improper Dih.          LJ-14
    2.00277e+04    9.24193e+04    4.38298e+04    4.08363e+03    7.68601e+03
     Coulomb-14        LJ (SR)  Disper. corr.   Coulomb (SR)   Coul. recip.
    3.95425e+05   -9.51297e+04   -4.14290e+03   -3.57788e+05    2.81395e+02
      Potential    Kinetic En.   Total Energy  Conserved En.    Temperature
    1.06692e+05    1.37397e+05    2.44089e+05    2.50557e+05    2.96795e+02
 Pres. DC (bar) Pressure (bar)   Constr. rmsd
   -1.44946e+02    4.48442e+01    4.53009e-06

           Step           Time
         265000      530.00000

   Energies (kJ/mol)
           Bond            U-B    Proper Dih.  Improper Dih.          LJ-14
    2.07988e+04    9.23345e+04    4.40295e+04    4.09272e+03    7.62058e+03
     Coulomb-14        LJ (SR)  Disper. corr.   Coulomb (SR)   Coul. recip.
    3.95033e+05   -9.56876e+04   -4.14521e+03   -3.57678e+05    2.52798e+02
      Potential    Kinetic En.   Total Energy  Conserved En.    Temperature
    1.06651e+05    1.37395e+05    2.44046e+05    2.51006e+05    2.96791e+02
 Pres. DC (bar) Pressure (bar)   Constr. rmsd
   -1.45107e+02   -4.59020e+02    4.53009e-06

           Step           Time
         270000      540.00000

   Energies (kJ/mol)
           Bond            U-B    Proper Dih.  Improper Dih.          LJ-14
    2.01749e+04    9.19102e+04    4.41163e+04    3.96840e+03    7.64798e+03
     Coulomb-14        LJ (SR)  Disper. corr.   Coulomb (SR)   Coul. recip.
    3.95011e+05   -9.52030e+04   -4.13822e+03   -3.57638e+05    2.77557e+02
      Potential    Kinetic En.   Total Energy  Conserved En.    Temperature
    1.06127e+05    1.38712e+05    2.44839e+05    2.51372e+05    2.99636e+02
 Pres. DC (bar) Pressure (bar)   Constr. rmsd
   -1.44619e+02    1.62080e+02    4.53009e-06

           Step           Time
         275000      550.00000

   Energies (kJ/mol)
           Bond            U-B    Proper Dih.  Improper Dih.          LJ-14
    2.03436e+04    9.31659e+04    4.39729e+04    4.11866e+03    7.50813e+03
     Coulomb-14        LJ (SR)  Disper. corr.   Coulomb (SR)   Coul. recip.
    3.95129e+05   -9.50462e+04   -4.13488e+03   -3.57887e+05    2.61945e+02
      Potential    Kinetic En.   Total Energy  Conserved En.    Temperature
    1.07432e+05    1.37821e+05    2.45252e+05    2.51828e+05    2.97710e+02
 Pres. DC (bar) Pressure (bar)   Constr. rmsd
   -1.44385e+02   -1.20640e+02    4.53009e-06

Writing checkpoint, step 278400 at Mon Jun 30 19:41:50 2025


           Step           Time
         280000      560.00000

   Energies (kJ/mol)
           Bond            U-B    Proper Dih.  Improper Dih.          LJ-14
    2.05185e+04    9.22306e+04    4.37453e+04    4.04762e+03    7.67556e+03
     Coulomb-14        LJ (SR)  Disper. corr.   Coulomb (SR)   Coul. recip.
    3.95450e+05   -9.51565e+04   -4.14348e+03   -3.58089e+05    2.71980e+02
      Potential    Kinetic En.   Total Energy  Conserved En.    Temperature
    1.06551e+05    1.38289e+05    2.44841e+05    2.52183e+05    2.98722e+02
 Pres. DC (bar) Pressure (bar)   Constr. rmsd
   -1.44986e+02   -1.53186e+02    4.53009e-06

           Step           Time
         285000      570.00000

   Energies (kJ/mol)
           Bond            U-B    Proper Dih.  Improper Dih.          LJ-14
    2.04389e+04    9.25717e+04    4.39450e+04    4.20286e+03    7.62643e+03
     Coulomb-14        LJ (SR)  Disper. corr.   Coulomb (SR)   Coul. recip.
    3.94873e+05   -9.50220e+04   -4.14601e+03   -3.57749e+05    2.54445e+02
      Potential    Kinetic En.   Total Energy  Conserved En.    Temperature
    1.06995e+05    1.36886e+05    2.43882e+05    2.52660e+05    2.95691e+02
 Pres. DC (bar) Pressure (bar)   Constr. rmsd
   -1.45164e+02   -1.56011e+02    4.53009e-06

           Step           Time
         290000      580.00000

   Energies (kJ/mol)
           Bond            U-B    Proper Dih.  Improper Dih.          LJ-14
    2.05453e+04    9.27468e+04    4.39341e+04    4.14378e+03    7.52911e+03
     Coulomb-14        LJ (SR)  Disper. corr.   Coulomb (SR)   Coul. recip.
    3.94608e+05   -9.56014e+04   -4.14362e+03   -3.57303e+05    2.69288e+02
      Potential    Kinetic En.   Total Energy  Conserved En.    Temperature
    1.06729e+05    1.37363e+05    2.44092e+05    2.53072e+05    2.96721e+02
 Pres. DC (bar) Pressure (bar)   Constr. rmsd
   -1.44997e+02   -4.47174e+01    4.53009e-06

           Step           Time
         295000      590.00000

   Energies (kJ/mol)
           Bond            U-B    Proper Dih.  Improper Dih.          LJ-14
    2.08830e+04    9.20462e+04    4.40365e+04    4.20083e+03    7.41073e+03
     Coulomb-14        LJ (SR)  Disper. corr.   Coulomb (SR)   Coul. recip.
    3.93956e+05   -9.52983e+04   -4.13692e+03   -3.56794e+05    2.48536e+02
      Potential    Kinetic En.   Total Energy  Conserved En.    Temperature
    1.06553e+05    1.38180e+05    2.44733e+05    2.53409e+05    2.98487e+02
 Pres. DC (bar) Pressure (bar)   Constr. rmsd
   -1.44528e+02   -2.20612e+02    4.53009e-06

           Step           Time
         300000      600.00000

   Energies (kJ/mol)
           Bond            U-B    Proper Dih.  Improper Dih.          LJ-14
    2.01136e+04    9.21339e+04    4.39314e+04    4.06897e+03    7.84998e+03
     Coulomb-14        LJ (SR)  Disper. corr.   Coulomb (SR)   Coul. recip.
    3.95140e+05   -9.52859e+04   -4.14317e+03   -3.57543e+05    2.63559e+02
      Potential    Kinetic En.   Total Energy  Conserved En.    Temperature
    1.06530e+05    1.38729e+05    2.45259e+05    2.53807e+05    2.99671e+02
 Pres. DC (bar) Pressure (bar)   Constr. rmsd
   -1.44965e+02    3.34922e+02    4.53009e-06

           Step           Time
         305000      610.00000

   Energies (kJ/mol)
           Bond            U-B    Proper Dih.  Improper Dih.          LJ-14
    2.05717e+04    9.21637e+04    4.38600e+04    4.11091e+03    7.73044e+03
     Coulomb-14        LJ (SR)  Disper. corr.   Coulomb (SR)   Coul. recip.
    3.95125e+05   -9.51221e+04   -4.13853e+03   -3.57586e+05    2.52044e+02
      Potential    Kinetic En.   Total Energy  Conserved En.    Temperature
    1.06967e+05    1.37942e+05    2.44909e+05    2.54267e+05    2.97971e+02
 Pres. DC (bar) Pressure (bar)   Constr. rmsd
   -1.44640e+02   -3.26399e+02    4.53009e-06

           Step           Time
         310000      620.00000

   Energies (kJ/mol)
           Bond            U-B    Proper Dih.  Improper Dih.          LJ-14
    2.06288e+04    9.22783e+04    4.38524e+04    4.10064e+03    7.49922e+03
     Coulomb-14        LJ (SR)  Disper. corr.   Coulomb (SR)   Coul. recip.
    3.94770e+05   -9.52122e+04   -4.14046e+03   -3.57346e+05    2.93467e+02
      Potential    Kinetic En.   Total Energy  Conserved En.    Temperature
    1.06725e+05    1.37975e+05    2.44700e+05    2.54661e+05    2.98043e+02
 Pres. DC (bar) Pressure (bar)   Constr. rmsd
   -1.44776e+02    3.52996e+02    4.53009e-06

Writing checkpoint, step 314300 at Mon Jun 30 19:42:50 2025


           Step           Time
         315000      630.00000

   Energies (kJ/mol)
           Bond            U-B    Proper Dih.  Improper Dih.          LJ-14
    2.00290e+04    9.20031e+04    4.40335e+04    4.09337e+03    7.57048e+03
     Coulomb-14        LJ (SR)  Disper. corr.   Coulomb (SR)   Coul. recip.
    3.95189e+05   -9.54792e+04   -4.13926e+03   -3.57673e+05    2.86444e+02
      Potential    Kinetic En.   Total Energy  Conserved En.    Temperature
    1.05914e+05    1.38336e+05    2.44250e+05    2.55028e+05    2.98824e+02
 Pres. DC (bar) Pressure (bar)   Constr. rmsd
   -1.44691e+02    4.43635e+01    4.53009e-06

           Step           Time
         320000      640.00000

   Energies (kJ/mol)
           Bond            U-B    Proper Dih.  Improper Dih.          LJ-14
    2.01869e+04    9.25225e+04    4.40356e+04    4.13042e+03    7.59180e+03
     Coulomb-14        LJ (SR)  Disper. corr.   Coulomb (SR)   Coul. recip.
    3.94862e+05   -9.52739e+04   -4.13726e+03   -3.57570e+05    2.84423e+02
      Potential    Kinetic En.   Total Energy  Conserved En.    Temperature
    1.06633e+05    1.38162e+05    2.44796e+05    2.55472e+05    2.98448e+02
 Pres. DC (bar) Pressure (bar)   Constr. rmsd
   -1.44552e+02   -9.22175e+01    4.53009e-06

           Step           Time
         325000      650.00000

   Energies (kJ/mol)
           Bond            U-B    Proper Dih.  Improper Dih.          LJ-14
    2.00165e+04    9.28065e+04    4.37275e+04    4.04255e+03    7.58143e+03
     Coulomb-14        LJ (SR)  Disper. corr.   Coulomb (SR)   Coul. recip.
    3.95221e+05   -9.52503e+04   -4.14425e+03   -3.57553e+05    2.66195e+02
      Potential    Kinetic En.   Total Energy  Conserved En.    Temperature
    1.06715e+05    1.38425e+05    2.45140e+05    2.55880e+05    2.99016e+02
 Pres. DC (bar) Pressure (bar)   Constr. rmsd
   -1.45041e+02    1.53765e+02    4.53009e-06

           Step           Time
         330000      660.00000

   Energies (kJ/mol)
           Bond            U-B    Proper Dih.  Improper Dih.          LJ-14
    2.03318e+04    9.36228e+04    4.39222e+04    4.10953e+03    7.52526e+03
     Coulomb-14        LJ (SR)  Disper. corr.   Coulomb (SR)   Coul. recip.
    3.94727e+05   -9.53629e+04   -4.14491e+03   -3.57094e+05    2.59639e+02
      Potential    Kinetic En.   Total Energy  Conserved En.    Temperature
    1.07897e+05    1.38415e+05    2.46311e+05    2.56322e+05    2.98992e+02
 Pres. DC (bar) Pressure (bar)   Constr. rmsd
   -1.45087e+02    7.71857e+01    4.53009e-06

           Step           Time
         335000      670.00000

   Energies (kJ/mol)
           Bond            U-B    Proper Dih.  Improper Dih.          LJ-14
    2.02189e+04    9.27830e+04    4.40433e+04    4.14470e+03    7.58478e+03
     Coulomb-14        LJ (SR)  Disper. corr.   Coulomb (SR)   Coul. recip.
    3.95649e+05   -9.54649e+04   -4.14604e+03   -3.57844e+05    2.72676e+02
      Potential    Kinetic En.   Total Energy  Conserved En.    Temperature
    1.07241e+05    1.37322e+05    2.44563e+05    2.56764e+05    2.96631e+02
 Pres. DC (bar) Pressure (bar)   Constr. rmsd
   -1.45166e+02    1.13829e+02    4.53009e-06

           Step           Time
         340000      680.00000

   Energies (kJ/mol)
           Bond            U-B    Proper Dih.  Improper Dih.          LJ-14
    2.05430e+04    9.21676e+04    4.36488e+04    4.04343e+03    7.55478e+03
     Coulomb-14        LJ (SR)  Disper. corr.   Coulomb (SR)   Coul. recip.
    3.94888e+05   -9.55295e+04   -4.14144e+03   -3.57219e+05    2.57173e+02
      Potential    Kinetic En.   Total Energy  Conserved En.    Temperature
    1.06212e+05    1.37770e+05    2.43982e+05    2.57157e+05    2.97599e+02
 Pres. DC (bar) Pressure (bar)   Constr. rmsd
   -1.44844e+02   -3.63425e+02    4.53009e-06

           Step           Time
         345000      690.00000

   Energies (kJ/mol)
           Bond            U-B    Proper Dih.  Improper Dih.          LJ-14
    2.03984e+04    9.29229e+04    4.39329e+04    4.13096e+03    7.64346e+03
     Coulomb-14        LJ (SR)  Disper. corr.   Coulomb (SR)   Coul. recip.
    3.95368e+05   -9.53665e+04   -4.14465e+03   -3.57713e+05    2.67406e+02
      Potential    Kinetic En.   Total Energy  Conserved En.    Temperature
    1.07440e+05    1.37365e+05    2.44805e+05    2.57632e+05    2.96725e+02
 Pres. DC (bar) Pressure (bar)   Constr. rmsd
   -1.45068e+02   -4.18404e+01    4.53009e-06

           Step           Time
         350000      700.00000

   Energies (kJ/mol)
           Bond            U-B    Proper Dih.  Improper Dih.          LJ-14
    2.03206e+04    9.25252e+04    4.38600e+04    4.12097e+03    7.62134e+03
     Coulomb-14        LJ (SR)  Disper. corr.   Coulomb (SR)   Coul. recip.
    3.94709e+05   -9.54316e+04   -4.13742e+03   -3.57439e+05    2.64205e+02
      Potential    Kinetic En.   Total Energy  Conserved En.    Temperature
    1.06413e+05    1.38107e+05    2.44520e+05    2.57955e+05    2.98328e+02
 Pres. DC (bar) Pressure (bar)   Constr. rmsd
   -1.44563e+02   -1.80142e+02    4.53009e-06

Writing checkpoint, step 350400 at Mon Jun 30 19:43:50 2025


           Step           Time
         355000      710.00000

   Energies (kJ/mol)
           Bond            U-B    Proper Dih.  Improper Dih.          LJ-14
    2.06143e+04    9.22430e+04    4.36732e+04    4.04441e+03    7.60040e+03
     Coulomb-14        LJ (SR)  Disper. corr.   Coulomb (SR)   Coul. recip.
    3.95810e+05   -9.48793e+04   -4.13075e+03   -3.58119e+05    2.84450e+02
      Potential    Kinetic En.   Total Energy  Conserved En.    Temperature
    1.07140e+05    1.38470e+05    2.45610e+05    2.58420e+05    2.99112e+02
 Pres. DC (bar) Pressure (bar)   Constr. rmsd
   -1.44097e+02   -3.53216e+02    4.53009e-06

           Step           Time
         360000      720.00000

   Energies (kJ/mol)
           Bond            U-B    Proper Dih.  Improper Dih.          LJ-14
    2.03324e+04    9.32265e+04    4.37118e+04    4.17173e+03    7.35084e+03
     Coulomb-14        LJ (SR)  Disper. corr.   Coulomb (SR)   Coul. recip.
    3.95280e+05   -9.54507e+04   -4.14889e+03   -3.57854e+05    2.66951e+02
      Potential    Kinetic En.   Total Energy  Conserved En.    Temperature
    1.06886e+05    1.38899e+05    2.45785e+05    2.58794e+05    3.00039e+02
 Pres. DC (bar) Pressure (bar)   Constr. rmsd
   -1.45365e+02   -3.39243e+02    4.53009e-06

           Step           Time
         365000      730.00000

   Energies (kJ/mol)
           Bond            U-B    Proper Dih.  Improper Dih.          LJ-14
    2.03318e+04    9.24106e+04    4.38871e+04    4.08807e+03    7.70245e+03
     Coulomb-14        LJ (SR)  Disper. corr.   Coulomb (SR)   Coul. recip.
    3.94926e+05   -9.51987e+04   -4.14257e+03   -3.57760e+05    2.50613e+02
      Potential    Kinetic En.   Total Energy  Conserved En.    Temperature
    1.06496e+05    1.38758e+05    2.45254e+05    2.59217e+05    2.99735e+02
 Pres. DC (bar) Pressure (bar)   Constr. rmsd
   -1.44923e+02   -2.85212e+02    4.53009e-06

           Step           Time
         370000      740.00000

   Energies (kJ/mol)
           Bond            U-B    Proper Dih.  Improper Dih.          LJ-14
    2.01699e+04    9.23179e+04    4.38097e+04    4.03885e+03    7.60326e+03
     Coulomb-14        LJ (SR)  Disper. corr.   Coulomb (SR)   Coul. recip.
    3.95207e+05   -9.53481e+04   -4.14612e+03   -3.57844e+05    2.55938e+02
      Potential    Kinetic En.   Total Energy  Conserved En.    Temperature
    1.06064e+05    1.37433e+05    2.43497e+05    2.59618e+05    2.96871e+02
 Pres. DC (bar) Pressure (bar)   Constr. rmsd
   -1.45171e+02   -1.93000e+02    4.53009e-06

           Step           Time
         375000      750.00000

   Energies (kJ/mol)
           Bond            U-B    Proper Dih.  Improper Dih.          LJ-14
    2.07106e+04    9.22855e+04    4.40011e+04    4.03332e+03    7.72228e+03
     Coulomb-14        LJ (SR)  Disper. corr.   Coulomb (SR)   Coul. recip.
    3.95502e+05   -9.53641e+04   -4.14478e+03   -3.58149e+05    2.95733e+02
      Potential    Kinetic En.   Total Energy  Conserved En.    Temperature
    1.06893e+05    1.38240e+05    2.45133e+05    2.60002e+05    2.98616e+02
 Pres. DC (bar) Pressure (bar)   Constr. rmsd
   -1.45077e+02   -1.47328e+02    4.53009e-06

           Step           Time
         380000      760.00000

   Energies (kJ/mol)
           Bond            U-B    Proper Dih.  Improper Dih.          LJ-14
    2.03975e+04    9.26068e+04    4.38613e+04    4.03466e+03    7.66578e+03
     Coulomb-14        LJ (SR)  Disper. corr.   Coulomb (SR)   Coul. recip.
    3.95074e+05   -9.52202e+04   -4.14566e+03   -3.57698e+05    3.11363e+02
      Potential    Kinetic En.   Total Energy  Conserved En.    Temperature
    1.06887e+05    1.37686e+05    2.44574e+05    2.60460e+05    2.97420e+02
 Pres. DC (bar) Pressure (bar)   Constr. rmsd
   -1.45139e+02    9.85742e+01    4.53009e-06

           Step           Time
         385000      770.00000

   Energies (kJ/mol)
           Bond            U-B    Proper Dih.  Improper Dih.          LJ-14
    2.04447e+04    9.27124e+04    4.37743e+04    4.05869e+03    7.37178e+03
     Coulomb-14        LJ (SR)  Disper. corr.   Coulomb (SR)   Coul. recip.
    3.94548e+05   -9.53936e+04   -4.14018e+03   -3.56556e+05    2.77905e+02
      Potential    Kinetic En.   Total Energy  Conserved En.    Temperature
    1.07098e+05    1.37818e+05    2.44916e+05    2.60873e+05    2.97704e+02
 Pres. DC (bar) Pressure (bar)   Constr. rmsd
   -1.44756e+02   -3.35497e+02    4.53009e-06

Writing checkpoint, step 386100 at Mon Jun 30 19:44:50 2025


           Step           Time
         390000      780.00000

   Energies (kJ/mol)
           Bond            U-B    Proper Dih.  Improper Dih.          LJ-14
    2.03137e+04    9.27357e+04    4.37368e+04    3.94766e+03    7.49113e+03
     Coulomb-14        LJ (SR)  Disper. corr.   Coulomb (SR)   Coul. recip.
    3.94181e+05   -9.57974e+04   -4.14838e+03   -3.56928e+05    2.79537e+02
      Potential    Kinetic En.   Total Energy  Conserved En.    Temperature
    1.05812e+05    1.38529e+05    2.44341e+05    2.61237e+05    2.99240e+02
 Pres. DC (bar) Pressure (bar)   Constr. rmsd
   -1.45329e+02    1.24157e+01    4.53009e-06

           Step           Time
         395000      790.00000

   Energies (kJ/mol)
           Bond            U-B    Proper Dih.  Improper Dih.          LJ-14
    2.05255e+04    9.27545e+04    4.36776e+04    4.17027e+03    7.71902e+03
     Coulomb-14        LJ (SR)  Disper. corr.   Coulomb (SR)   Coul. recip.
    3.94429e+05   -9.53954e+04   -4.14459e+03   -3.57498e+05    2.57591e+02
      Potential    Kinetic En.   Total Energy  Conserved En.    Temperature
    1.06496e+05    1.37585e+05    2.44081e+05    2.61731e+05    2.97200e+02
 Pres. DC (bar) Pressure (bar)   Constr. rmsd
   -1.45064e+02    3.79916e+02    4.53009e-06

           Step           Time
         400000      800.00000

   Energies (kJ/mol)
           Bond            U-B    Proper Dih.  Improper Dih.          LJ-14
    2.02364e+04    9.16739e+04    4.38586e+04    4.17172e+03    7.77064e+03
     Coulomb-14        LJ (SR)  Disper. corr.   Coulomb (SR)   Coul. recip.
    3.94655e+05   -9.57332e+04   -4.14502e+03   -3.57547e+05    2.74299e+02
      Potential    Kinetic En.   Total Energy  Conserved En.    Temperature
    1.05216e+05    1.38772e+05    2.43988e+05    2.62021e+05    2.99764e+02
 Pres. DC (bar) Pressure (bar)   Constr. rmsd
   -1.45094e+02   -1.22866e+01    4.53009e-06

           Step           Time
         405000      810.00000

   Energies (kJ/mol)
           Bond            U-B    Proper Dih.  Improper Dih.          LJ-14
    2.06109e+04    9.24834e+04    4.36642e+04    4.01772e+03    7.74502e+03
     Coulomb-14        LJ (SR)  Disper. corr.   Coulomb (SR)   Coul. recip.
    3.93794e+05   -9.52131e+04   -4.14560e+03   -3.56715e+05    2.88125e+02
      Potential    Kinetic En.   Total Energy  Conserved En.    Temperature
    1.06530e+05    1.37908e+05    2.44438e+05    2.62465e+05    2.97898e+02
 Pres. DC (bar) Pressure (bar)   Constr. rmsd
   -1.45135e+02   -6.48238e+01    4.53009e-06

           Step           Time
         410000      820.00000

   Energies (kJ/mol)
           Bond            U-B    Proper Dih.  Improper Dih.          LJ-14
    2.07884e+04    9.18580e+04    4.36888e+04    4.15729e+03    7.56456e+03
     Coulomb-14        LJ (SR)  Disper. corr.   Coulomb (SR)   Coul. recip.
    3.94388e+05   -9.58457e+04   -4.14824e+03   -3.56817e+05    2.72353e+02
      Potential    Kinetic En.   Total Energy  Conserved En.    Temperature
    1.05907e+05    1.37590e+05    2.43497e+05    2.62926e+05    2.97210e+02
 Pres. DC (bar) Pressure (bar)   Constr. rmsd
   -1.45320e+02   -2.77926e+02    4.53009e-06

           Step           Time
         415000      830.00000

   Energies (kJ/mol)
           Bond            U-B    Proper Dih.  Improper Dih.          LJ-14
    2.05646e+04    9.27956e+04    4.36474e+04    3.97364e+03    7.63560e+03
     Coulomb-14        LJ (SR)  Disper. corr.   Coulomb (SR)   Coul. recip.
    3.94210e+05   -9.54852e+04   -4.15099e+03   -3.56955e+05    2.84611e+02
      Potential    Kinetic En.   Total Energy  Conserved En.    Temperature
    1.06520e+05    1.38127e+05    2.44647e+05    2.63303e+05    2.98371e+02
 Pres. DC (bar) Pressure (bar)   Constr. rmsd
   -1.45512e+02   -1.43971e+02    4.53009e-06

           Step           Time
         420000      840.00000

   Energies (kJ/mol)
           Bond            U-B    Proper Dih.  Improper Dih.          LJ-14
    2.02702e+04    9.36451e+04    4.35986e+04    4.20213e+03    7.70076e+03
     Coulomb-14        LJ (SR)  Disper. corr.   Coulomb (SR)   Coul. recip.
    3.94668e+05   -9.54847e+04   -4.15023e+03   -3.57721e+05    2.63755e+02
      Potential    Kinetic En.   Total Energy  Conserved En.    Temperature
    1.06992e+05    1.38059e+05    2.45051e+05    2.63746e+05    2.98225e+02
 Pres. DC (bar) Pressure (bar)   Constr. rmsd
   -1.45459e+02    2.06694e+02    4.53009e-06

Writing checkpoint, step 422500 at Mon Jun 30 19:45:50 2025


           Step           Time
         425000      850.00000

   Energies (kJ/mol)
           Bond            U-B    Proper Dih.  Improper Dih.          LJ-14
    2.04938e+04    9.21806e+04    4.39499e+04    4.04604e+03    7.69217e+03
     Coulomb-14        LJ (SR)  Disper. corr.   Coulomb (SR)   Coul. recip.
    3.95064e+05   -9.54499e+04   -4.14542e+03   -3.57614e+05    2.72175e+02
      Potential    Kinetic En.   Total Energy  Conserved En.    Temperature
    1.06489e+05    1.38152e+05    2.44642e+05    2.64130e+05    2.98426e+02
 Pres. DC (bar) Pressure (bar)   Constr. rmsd
   -1.45122e+02   -1.29158e+02    4.53009e-06

           Step           Time
         430000      860.00000

   Energies (kJ/mol)
           Bond            U-B    Proper Dih.  Improper Dih.          LJ-14
    2.02294e+04    9.22203e+04    4.35725e+04    3.95924e+03    7.46327e+03
     Coulomb-14        LJ (SR)  Disper. corr.   Coulomb (SR)   Coul. recip.
    3.94085e+05   -9.55389e+04   -4.13610e+03   -3.56731e+05    2.74620e+02
      Potential    Kinetic En.   Total Energy  Conserved En.    Temperature
    1.05398e+05    1.37552e+05    2.42950e+05    2.64541e+05    2.97130e+02
 Pres. DC (bar) Pressure (bar)   Constr. rmsd
   -1.44471e+02   -2.90522e+02    4.53009e-06

           Step           Time
         435000      870.00000

   Energies (kJ/mol)
           Bond            U-B    Proper Dih.  Improper Dih.          LJ-14
    2.06887e+04    9.18404e+04    4.38570e+04    4.05742e+03    7.67543e+03
     Coulomb-14        LJ (SR)  Disper. corr.   Coulomb (SR)   Coul. recip.
    3.94913e+05   -9.53562e+04   -4.14799e+03   -3.57938e+05    2.93026e+02
      Potential    Kinetic En.   Total Energy  Conserved En.    Temperature
    1.05883e+05    1.36448e+05    2.42331e+05    2.64967e+05    2.94745e+02
 Pres. DC (bar) Pressure (bar)   Constr. rmsd
   -1.45302e+02   -1.15057e+02    4.53009e-06

           Step           Time
         440000      880.00000

   Energies (kJ/mol)
           Bond            U-B    Proper Dih.  Improper Dih.          LJ-14
    2.02654e+04    9.22226e+04    4.34285e+04    4.10475e+03    7.48349e+03
     Coulomb-14        LJ (SR)  Disper. corr.   Coulomb (SR)   Coul. recip.
    3.94834e+05   -9.55331e+04   -4.14465e+03   -3.57345e+05    2.65905e+02
      Potential    Kinetic En.   Total Energy  Conserved En.    Temperature
    1.05581e+05    1.37962e+05    2.43543e+05    2.65296e+05    2.98015e+02
 Pres. DC (bar) Pressure (bar)   Constr. rmsd
   -1.45068e+02   -2.41756e+02    4.53009e-06

           Step           Time
         445000      890.00000

   Energies (kJ/mol)
           Bond            U-B    Proper Dih.  Improper Dih.          LJ-14
    2.01510e+04    9.17705e+04    4.33497e+04    4.09537e+03    7.64280e+03
     Coulomb-14        LJ (SR)  Disper. corr.   Coulomb (SR)   Coul. recip.
    3.94692e+05   -9.55242e+04   -4.15277e+03   -3.57418e+05    2.61418e+02
      Potential    Kinetic En.   Total Energy  Conserved En.    Temperature
    1.04867e+05    1.37457e+05    2.42324e+05    2.65723e+05    2.96924e+02
 Pres. DC (bar) Pressure (bar)   Constr. rmsd
   -1.45637e+02   -1.21755e+02    4.53009e-06

           Step           Time
         450000      900.00000

   Energies (kJ/mol)
           Bond            U-B    Proper Dih.  Improper Dih.          LJ-14
    2.07416e+04    9.21174e+04    4.32752e+04    4.32852e+03    7.61730e+03
     Coulomb-14        LJ (SR)  Disper. corr.   Coulomb (SR)   Coul. recip.
    3.94701e+05   -9.53295e+04   -4.15300e+03   -3.57582e+05    2.43456e+02
      Potential    Kinetic En.   Total Energy  Conserved En.    Temperature
    1.05961e+05    1.37796e+05    2.43757e+05    2.66194e+05    2.97657e+02
 Pres. DC (bar) Pressure (bar)   Constr. rmsd
   -1.45653e+02   -1.94584e+02    4.53009e-06

           Step           Time
         455000      910.00000

   Energies (kJ/mol)
           Bond            U-B    Proper Dih.  Improper Dih.          LJ-14
    2.04838e+04    9.16796e+04    4.36620e+04    4.07475e+03    7.46648e+03
     Coulomb-14        LJ (SR)  Disper. corr.   Coulomb (SR)   Coul. recip.
    3.94624e+05   -9.56386e+04   -4.14565e+03   -3.57219e+05    2.85101e+02
      Potential    Kinetic En.   Total Energy  Conserved En.    Temperature
    1.05272e+05    1.37987e+05    2.43260e+05    2.66498e+05    2.98069e+02
 Pres. DC (bar) Pressure (bar)   Constr. rmsd
   -1.45138e+02   -1.24523e+02    4.53009e-06

Writing checkpoint, step 458800 at Mon Jun 30 19:46:50 2025


           Step           Time
         460000      920.00000

   Energies (kJ/mol)
           Bond            U-B    Proper Dih.  Improper Dih.          LJ-14
    2.03373e+04    9.18333e+04    4.37738e+04    4.06435e+03    7.59932e+03
     Coulomb-14        LJ (SR)  Disper. corr.   Coulomb (SR)   Coul. recip.
    3.94921e+05   -9.57753e+04   -4.14819e+03   -3.57343e+05    2.58065e+02
      Potential    Kinetic En.   Total Energy  Conserved En.    Temperature
    1.05521e+05    1.37440e+05    2.42961e+05    2.66939e+05    2.96886e+02
 Pres. DC (bar) Pressure (bar)   Constr. rmsd
   -1.45316e+02    3.08931e+01    4.53009e-06

           Step           Time
         465000      930.00000

   Energies (kJ/mol)
           Bond            U-B    Proper Dih.  Improper Dih.          LJ-14
    2.02610e+04    9.22861e+04    4.37695e+04    3.99309e+03    7.67116e+03
     Coulomb-14        LJ (SR)  Disper. corr.   Coulomb (SR)   Coul. recip.
    3.94378e+05   -9.58157e+04   -4.15890e+03   -3.57184e+05    2.81383e+02
      Potential    Kinetic En.   Total Energy  Conserved En.    Temperature
    1.05482e+05    1.37706e+05    2.43188e+05    2.67360e+05    2.97461e+02
 Pres. DC (bar) Pressure (bar)   Constr. rmsd
   -1.46067e+02    1.51053e+02    4.53009e-06

           Step           Time
         470000      940.00000

   Energies (kJ/mol)
           Bond            U-B    Proper Dih.  Improper Dih.          LJ-14
    2.03124e+04    9.23040e+04    4.38032e+04    3.95374e+03    7.69446e+03
     Coulomb-14        LJ (SR)  Disper. corr.   Coulomb (SR)   Coul. recip.
    3.94335e+05   -9.58038e+04   -4.15475e+03   -3.57108e+05    2.63541e+02
      Potential    Kinetic En.   Total Energy  Conserved En.    Temperature
    1.05599e+05    1.37313e+05    2.42913e+05    2.67752e+05    2.96614e+02
 Pres. DC (bar) Pressure (bar)   Constr. rmsd
   -1.45776e+02    2.06418e+02    4.53009e-06

           Step           Time
         475000      950.00000

   Energies (kJ/mol)
           Bond            U-B    Proper Dih.  Improper Dih.          LJ-14
    2.04247e+04    9.28696e+04    4.35643e+04    4.10837e+03    7.89446e+03
     Coulomb-14        LJ (SR)  Disper. corr.   Coulomb (SR)   Coul. recip.
    3.94865e+05   -9.57877e+04   -4.15451e+03   -3.57593e+05    2.88313e+02
      Potential    Kinetic En.   Total Energy  Conserved En.    Temperature
    1.06479e+05    1.37364e+05    2.43843e+05    2.68265e+05    2.96724e+02
 Pres. DC (bar) Pressure (bar)   Constr. rmsd
   -1.45759e+02    2.15690e+02    4.53009e-06

           Step           Time
         480000      960.00000

   Energies (kJ/mol)
           Bond            U-B    Proper Dih.  Improper Dih.          LJ-14
    2.02614e+04    9.17576e+04    4.39794e+04    3.98116e+03    7.63820e+03
     Coulomb-14        LJ (SR)  Disper. corr.   Coulomb (SR)   Coul. recip.
    3.94957e+05   -9.53303e+04   -4.14181e+03   -3.57213e+05    2.75412e+02
      Potential    Kinetic En.   Total Energy  Conserved En.    Temperature
    1.06165e+05    1.38341e+05    2.44506e+05    2.68585e+05    2.98833e+02
 Pres. DC (bar) Pressure (bar)   Constr. rmsd
   -1.44869e+02    2.95662e+02    4.53009e-06

           Step           Time
         485000      970.00000

   Energies (kJ/mol)
           Bond            U-B    Proper Dih.  Improper Dih.          LJ-14
    2.04632e+04    9.29336e+04    4.38789e+04    4.12514e+03    7.63132e+03
     Coulomb-14        LJ (SR)  Disper. corr.   Coulomb (SR)   Coul. recip.
    3.95085e+05   -9.49149e+04   -4.13488e+03   -3.57595e+05    2.67081e+02
      Potential    Kinetic En.   Total Energy  Conserved En.    Temperature
    1.07740e+05    1.38774e+05    2.46514e+05    2.68992e+05    2.99770e+02
 Pres. DC (bar) Pressure (bar)   Constr. rmsd
   -1.44385e+02    2.10898e+02    4.53009e-06

           Step           Time
         490000      980.00000

   Energies (kJ/mol)
           Bond            U-B    Proper Dih.  Improper Dih.          LJ-14
    2.03302e+04    9.22702e+04    4.38809e+04    4.17238e+03    7.48302e+03
     Coulomb-14        LJ (SR)  Disper. corr.   Coulomb (SR)   Coul. recip.
    3.94146e+05   -9.45617e+04   -4.13496e+03   -3.56893e+05    2.86863e+02
      Potential    Kinetic En.   Total Energy  Conserved En.    Temperature
    1.06980e+05    1.38509e+05    2.45489e+05    2.69342e+05    2.99196e+02
 Pres. DC (bar) Pressure (bar)   Constr. rmsd
   -1.44391e+02   -7.03482e+01    4.53009e-06

Writing checkpoint, step 491000 at Mon Jun 30 19:47:50 2025


           Step           Time
         495000      990.00000

   Energies (kJ/mol)
           Bond            U-B    Proper Dih.  Improper Dih.          LJ-14
    2.05246e+04    9.31098e+04    4.40941e+04    4.16394e+03    7.66060e+03
     Coulomb-14        LJ (SR)  Disper. corr.   Coulomb (SR)   Coul. recip.
    3.94804e+05   -9.51381e+04   -4.13749e+03   -3.57173e+05    2.67561e+02
      Potential    Kinetic En.   Total Energy  Conserved En.    Temperature
    1.08176e+05    1.38216e+05    2.46392e+05    2.69846e+05    2.98562e+02
 Pres. DC (bar) Pressure (bar)   Constr. rmsd
   -1.44568e+02   -8.63364e+01    4.53009e-06

           Step           Time
         500000     1000.00000

Writing checkpoint, step 500000 at Mon Jun 30 19:48:10 2025


   Energies (kJ/mol)
           Bond            U-B    Proper Dih.  Improper Dih.          LJ-14
    2.07465e+04    9.26592e+04    4.36085e+04    4.04808e+03    7.76176e+03
     Coulomb-14        LJ (SR)  Disper. corr.   Coulomb (SR)   Coul. recip.
    3.94603e+05   -9.47754e+04   -4.14449e+03   -3.57133e+05    2.52460e+02
      Potential    Kinetic En.   Total Energy  Conserved En.    Temperature
    1.07627e+05    1.38504e+05    2.46130e+05    2.70234e+05    2.99185e+02
 Pres. DC (bar) Pressure (bar)   Constr. rmsd
   -1.45057e+02   -3.43614e+02    4.53009e-06


Energy conservation over simulation part #1 of length 1000 ns, time 0 to 1000 ns
  Conserved energy drift: 1.06e-03 kJ/mol/ps per atom


	<======  ###############  ==>
	<====  A V E R A G E S  ====>
	<==  ###############  ======>

	Statistics over 500001 steps using 5001 frames

   Energies (kJ/mol)
           Bond            U-B    Proper Dih.  Improper Dih.          LJ-14
    2.03680e+04    9.23080e+04    4.40397e+04    4.07327e+03    7.65893e+03
     Coulomb-14        LJ (SR)  Disper. corr.   Coulomb (SR)   Coul. recip.
    3.95547e+05   -9.39405e+04   -4.05002e+03   -3.57604e+05    2.86943e+02
      Potential    Kinetic En.   Total Energy  Conserved En.    Temperature
    1.08688e+05    1.37959e+05    2.46647e+05    2.49678e+05    2.98009e+02
 Pres. DC (bar) Pressure (bar)   Constr. rmsd
   -1.39368e+02   -2.59631e+01    0.00000e+00

          Box-X          Box-Y          Box-Z
    4.96092e+00    4.96092e+00    1.98437e+01

   Total Virial (kJ/mol)
    4.63469e+04   -4.19261e+01    1.06447e+02
   -4.19256e+01    4.64999e+04   -5.79245e+01
    1.06444e+02   -5.79253e+01    4.66234e+04

   Pressure (bar)
   -1.84691e+01    3.03375e+00   -6.39748e+00
    3.03372e+00   -2.79713e+01    3.43775e+00
   -6.39729e+00    3.43782e+00   -3.14489e+01


       P P   -   P M E   L O A D   B A L A N C I N G

 PP/PME load balancing changed the cut-off and PME settings:
           particle-particle                    PME
            rcoulomb  rlist            grid      spacing   1/beta
   initial  1.400 nm  1.400 nm      52  52 200   0.120 nm  0.448 nm
   final    2.188 nm  2.188 nm      32  32 128   0.188 nm  0.700 nm
 cost-ratio           3.81             0.24
 (note that these numbers concern only part of the total PP and PME load)


	M E G A - F L O P S   A C C O U N T I N G

 NB=Group-cutoff nonbonded kernels    NxN=N-by-N cluster Verlet kernels
 RF=Reaction-Field  VdW=Van der Waals  QSTab=quadratic-spline table
 W3=SPC/TIP3p  W4=TIP4p (single or pairs)
 V&F=Potential and force  V=Potential only  F=Force only

 Computing:                               M-Number         M-Flops  % Flops
-----------------------------------------------------------------------------
 Pair Search distance check           67272.453792      605452.084     0.0
 NxN Ewald Elec. + LJ [F]          86821199.549568  5730199170.271    98.0
 NxN Ewald Elec. + LJ [V&F]          877161.112512    93856239.039     1.6
 1,4 nonbonded interactions           42630.085260     3836707.673     0.1
 Shift-X                                226.245240        1357.471     0.0
 Bonds                                 9570.019140      564631.129     0.0
 Propers                              41760.083520     9563059.126     0.2
 Impropers                             1740.003480      361920.724     0.0
 Virial                                2264.295285       40757.315     0.0
 Stop-CM                                226.290480        2262.905     0.0
 P-Coupling                            2262.045240       13572.271     0.0
 Calc-Ekin                             4524.090480      122150.443     0.0
 Lincs                                    0.048720           2.923     0.0
 Lincs-Mat                                0.417600           1.670     0.0
 Constraint-V                             0.048720           0.438     0.0
 Urey-Bradley                         38280.076560     7005254.010     0.1
-----------------------------------------------------------------------------
 Total                                              5846172539.495   100.0
-----------------------------------------------------------------------------


     R E A L   C Y C L E   A N D   T I M E   A C C O U N T I N G

On 1 MPI rank, each using 10 OpenMP threads

 Computing:          Num   Num      Call    Wall time         Giga-Cycles
                     Ranks Threads  Count      (s)         total sum    %
-----------------------------------------------------------------------------
 Neighbor search        1   10       5001      62.703       1630.293   4.5
 Launch GPU ops.        1   10     995001      45.515       1183.384   3.2
 Force                  1   10     500001     926.041      24077.175  66.1
 Wait PME GPU gather    1   10     500001       0.123          3.202   0.0
 Reduce GPU PME F       1   10     500001      16.418        426.858   1.2
 Wait GPU NB local      1   10     450000       0.322          8.379   0.0
 Wait GPU state copy    1   10     625004     215.602       5605.687  15.4
 NB X/F buffer ops.     1   10      50001      20.153        523.988   1.4
 Write traj.            1   10        123      22.343        580.929   1.6
 Constraints            1   10          2       0.015          0.386   0.0
 Rest                                          92.559       2406.543   6.6
-----------------------------------------------------------------------------
 Total                                       1401.794      36446.823 100.0
-----------------------------------------------------------------------------

               Core t (s)   Wall t (s)        (%)
       Time:    14017.931     1401.794     1000.0
                 (ns/day)    (hour/ns)
Performance:       61.635        0.389
Finished mdrun on rank 0 Mon Jun 30 19:48:12 2025

