                      :-) GROMACS - gmx mdrun, 2021.5 (-:

                            GROMACS is written by:
     Andrey Alekseenko              Emile Apol              Rossen Apostolov     
         Paul Bauer           Herman J.C. Berendsen           Par Bjelkmar       
       Christian Blau           Viacheslav Bolnykh             Kevin Boyd        
     Aldert van Buuren           Rudi van Drunen             Anton Feenstra      
    Gilles Gouaillardet             Alan Gray               Gerrit Groenhof      
       Anca Hamuraru            Vincent Hindriksen          M. Eric Irrgang      
      Aleksei Iupinov           Christoph Junghans             Joe Jordan        
    Dimitrios Karkoulis            Peter Kasson                Jiri Kraus        
      Carsten Kutzner              Per Larsson              Justin A. Lemkul     
       Viveca Lindahl            Magnus Lundborg             Erik Marklund       
        Pascal Merz             Pieter Meulenhoff            Teemu Murtola       
        Szilard Pall               Sander Pronk              Roland Schulz       
       Michael Shirts            Alexey Shvetsov             Alfons Sijbers      
       Peter Tieleman              Jon Vincent              Teemu Virolainen     
     Christian Wennberg            Maarten Wolf              Artem Zhmurov       
                           and the project leaders:
        Mark Abraham, Berk Hess, Erik Lindahl, and David van der Spoel

Copyright (c) 1991-2000, University of Groningen, The Netherlands.
Copyright (c) 2001-2019, The GROMACS development team at
Uppsala University, Stockholm University and
the Royal Institute of Technology, Sweden.
check out http://www.gromacs.org for more information.

GROMACS is free software; you can redistribute it and/or modify it
under the terms of the GNU Lesser General Public License
as published by the Free Software Foundation; either version 2.1
of the License, or (at your option) any later version.

GROMACS:      gmx mdrun, version 2021.5
Executable:   /usr/local/gromacs_2021.5/bin/gmx
Data prefix:  /usr/local/gromacs_2021.5
Working dir:  /srv/home/apbal/work/REU/numb_dens/MEOH
Process ID:   430319
Command line:
  gmx mdrun -v -deffnm npt -ntomp 10 -nb gpu -bonded cpu -update gpu -ntmpi 1 -cpt 1

GROMACS version:    2021.5
Precision:          mixed
Memory model:       64 bit
MPI library:        thread_mpi
OpenMP support:     enabled (GMX_OPENMP_MAX_THREADS = 256)
GPU support:        CUDA
SIMD instructions:  AVX2_256
FFT library:        fftw-3.3.8-sse2-avx-avx2-avx2_128
RDTSCP usage:       enabled
TNG support:        enabled
Hwloc support:      disabled
Tracing support:    disabled
C compiler:         /usr/bin/cc GNU 9.4.0
C compiler flags:   -mavx2 -mfma -Wno-missing-field-initializers -fexcess-precision=fast -funroll-all-loops -pthread -O3 -DNDEBUG
C++ compiler:       /usr/bin/c++ GNU 9.4.0
C++ compiler flags: -mavx2 -mfma -Wno-missing-field-initializers -fexcess-precision=fast -funroll-all-loops -pthread -fopenmp -O3 -DNDEBUG
CUDA compiler:      /usr/local/cuda-12.2/bin/nvcc nvcc: NVIDIA (R) Cuda compiler driver;Copyright (c) 2005-2023 NVIDIA Corporation;Built on Tue_Aug_15_22:02:13_PDT_2023;Cuda compilation tools, release 12.2, V12.2.140;Build cuda_12.2.r12.2/compiler.33191640_0
CUDA compiler flags:-std=c++17;-gencode;arch=compute_60,code=sm_60;-gencode;arch=compute_61,code=sm_61;-gencode;arch=compute_62,code=sm_62;-gencode;arch=compute_70,code=sm_70;-gencode;arch=compute_75,code=sm_75;-gencode;arch=compute_80,code=sm_80;-gencode;arch=compute_86,code=sm_86;-gencode;arch=compute_89,code=sm_89;-gencode;arch=compute_60,code=compute_60;-gencode;arch=compute_61,code=compute_61;-gencode;arch=compute_62,code=compute_62;-gencode;arch=compute_70,code=compute_70;-gencode;arch=compute_75,code=compute_75;-gencode;arch=compute_80,code=compute_80;-gencode;arch=compute_86,code=compute_86;-gencode;arch=compute_89,code=compute_89;-use_fast_math;-D_FORCE_INLINES;-mavx2 -mfma -Wno-missing-field-initializers -fexcess-precision=fast -funroll-all-loops -pthread -fopenmp -O3 -DNDEBUG
CUDA driver:        12.90
CUDA runtime:       12.20


Running on 1 node with total 128 cores, 128 logical cores, 1 compatible GPU
Hardware detected:
  CPU info:
    Vendor: AMD
    Brand:  AMD EPYC 7513 32-Core Processor                
    Family: 25   Model: 1   Stepping: 1
    Features: aes amd apic avx avx2 clfsh cmov cx8 cx16 f16c fma htt lahf misalignsse mmx msr nonstop_tsc pcid pclmuldq pdpe1gb popcnt pse rdrnd rdtscp sha sse2 sse3 sse4a sse4.1 sse4.2 ssse3
  Hardware topology: Only logical processor count
  GPU info:
    Number of GPUs detected: 1
    #0: NVIDIA NVIDIA RTX A4500, compute cap.: 8.6, ECC:  no, stat: compatible


++++ PLEASE READ AND CITE THE FOLLOWING REFERENCE ++++
M. J. Abraham, T. Murtola, R. Schulz, S. Páll, J. C. Smith, B. Hess, E.
Lindahl
GROMACS: High performance molecular simulations through multi-level
parallelism from laptops to supercomputers
SoftwareX 1 (2015) pp. 19-25
-------- -------- --- Thank You --- -------- --------


++++ PLEASE READ AND CITE THE FOLLOWING REFERENCE ++++
S. Páll, M. J. Abraham, C. Kutzner, B. Hess, E. Lindahl
Tackling Exascale Software Challenges in Molecular Dynamics Simulations with
GROMACS
In S. Markidis & E. Laure (Eds.), Solving Software Challenges for Exascale 8759 (2015) pp. 3-27
-------- -------- --- Thank You --- -------- --------


++++ PLEASE READ AND CITE THE FOLLOWING REFERENCE ++++
S. Pronk, S. Páll, R. Schulz, P. Larsson, P. Bjelkmar, R. Apostolov, M. R.
Shirts, J. C. Smith, P. M. Kasson, D. van der Spoel, B. Hess, and E. Lindahl
GROMACS 4.5: a high-throughput and highly parallel open source molecular
simulation toolkit
Bioinformatics 29 (2013) pp. 845-54
-------- -------- --- Thank You --- -------- --------


++++ PLEASE READ AND CITE THE FOLLOWING REFERENCE ++++
B. Hess and C. Kutzner and D. van der Spoel and E. Lindahl
GROMACS 4: Algorithms for highly efficient, load-balanced, and scalable
molecular simulation
J. Chem. Theory Comput. 4 (2008) pp. 435-447
-------- -------- --- Thank You --- -------- --------


++++ PLEASE READ AND CITE THE FOLLOWING REFERENCE ++++
D. van der Spoel, E. Lindahl, B. Hess, G. Groenhof, A. E. Mark and H. J. C.
Berendsen
GROMACS: Fast, Flexible and Free
J. Comp. Chem. 26 (2005) pp. 1701-1719
-------- -------- --- Thank You --- -------- --------


++++ PLEASE READ AND CITE THE FOLLOWING REFERENCE ++++
E. Lindahl and B. Hess and D. van der Spoel
GROMACS 3.0: A package for molecular simulation and trajectory analysis
J. Mol. Mod. 7 (2001) pp. 306-317
-------- -------- --- Thank You --- -------- --------


++++ PLEASE READ AND CITE THE FOLLOWING REFERENCE ++++
H. J. C. Berendsen, D. van der Spoel and R. van Drunen
GROMACS: A message-passing parallel molecular dynamics implementation
Comp. Phys. Comm. 91 (1995) pp. 43-56
-------- -------- --- Thank You --- -------- --------


++++ PLEASE CITE THE DOI FOR THIS VERSION OF GROMACS ++++
https://doi.org/10.5281/zenodo.5850051
-------- -------- --- Thank You --- -------- --------

Input Parameters:
   integrator                     = md
   tinit                          = 0
   dt                             = 0.002
   nsteps                         = 250000
   init-step                      = 0
   simulation-part                = 1
   mts                            = false
   comm-mode                      = Linear
   nstcomm                        = 100
   bd-fric                        = 0
   ld-seed                        = -659751748
   emtol                          = 10
   emstep                         = 0.01
   niter                          = 20
   fcstep                         = 0
   nstcgsteep                     = 1000
   nbfgscorr                      = 10
   rtpi                           = 0.05
   nstxout                        = 5000
   nstvout                        = 5000
   nstfout                        = 0
   nstlog                         = 5000
   nstcalcenergy                  = 100
   nstenergy                      = 5000
   nstxout-compressed             = 5000
   compressed-x-precision         = 1000
   cutoff-scheme                  = Verlet
   nstlist                        = 10
   pbc                            = xyz
   periodic-molecules             = false
   verlet-buffer-tolerance        = 0.005
   rlist                          = 1.4
   coulombtype                    = PME
   coulomb-modifier               = Potential-shift
   rcoulomb-switch                = 0
   rcoulomb                       = 1.4
   epsilon-r                      = 1
   epsilon-rf                     = inf
   vdw-type                       = Cut-off
   vdw-modifier                   = Potential-shift
   rvdw-switch                    = 0
   rvdw                           = 1.4
   DispCorr                       = EnerPres
   table-extension                = 1
   fourierspacing                 = 0.12
   fourier-nx                     = 72
   fourier-ny                     = 72
   fourier-nz                     = 240
   pme-order                      = 4
   ewald-rtol                     = 1e-05
   ewald-rtol-lj                  = 0.001
   lj-pme-comb-rule               = Geometric
   ewald-geometry                 = 0
   epsilon-surface                = 0
   tcoupl                         = V-rescale
   nsttcouple                     = 10
   nh-chain-length                = 0
   print-nose-hoover-chain-variables = false
   pcoupl                         = Berendsen
   pcoupltype                     = Isotropic
   nstpcouple                     = 10
   tau-p                          = 2
   compressibility (3x3):
      compressibility[    0]={ 4.50000e-05,  0.00000e+00,  0.00000e+00}
      compressibility[    1]={ 0.00000e+00,  4.50000e-05,  0.00000e+00}
      compressibility[    2]={ 0.00000e+00,  0.00000e+00,  4.50000e-05}
   ref-p (3x3):
      ref-p[    0]={ 1.00000e+00,  0.00000e+00,  0.00000e+00}
      ref-p[    1]={ 0.00000e+00,  1.00000e+00,  0.00000e+00}
      ref-p[    2]={ 0.00000e+00,  0.00000e+00,  1.00000e+00}
   refcoord-scaling               = No
   posres-com (3):
      posres-com[0]= 0.00000e+00
      posres-com[1]= 0.00000e+00
      posres-com[2]= 0.00000e+00
   posres-comB (3):
      posres-comB[0]= 0.00000e+00
      posres-comB[1]= 0.00000e+00
      posres-comB[2]= 0.00000e+00
   QMMM                           = false
qm-opts:
   ngQM                           = 0
   constraint-algorithm           = Lincs
   continuation                   = false
   Shake-SOR                      = false
   shake-tol                      = 0.0001
   lincs-order                    = 4
   lincs-iter                     = 1
   lincs-warnangle                = 30
   nwall                          = 0
   wall-type                      = 9-3
   wall-r-linpot                  = -1
   wall-atomtype[0]               = -1
   wall-atomtype[1]               = -1
   wall-density[0]                = 0
   wall-density[1]                = 0
   wall-ewald-zfac                = 3
   pull                           = false
   awh                            = false
   rotation                       = false
   interactiveMD                  = false
   disre                          = No
   disre-weighting                = Conservative
   disre-mixed                    = false
   dr-fc                          = 1000
   dr-tau                         = 0
   nstdisreout                    = 100
   orire-fc                       = 0
   orire-tau                      = 0
   nstorireout                    = 100
   free-energy                    = no
   cos-acceleration               = 0
   deform (3x3):
      deform[    0]={ 0.00000e+00,  0.00000e+00,  0.00000e+00}
      deform[    1]={ 0.00000e+00,  0.00000e+00,  0.00000e+00}
      deform[    2]={ 0.00000e+00,  0.00000e+00,  0.00000e+00}
   simulated-tempering            = false
   swapcoords                     = no
   userint1                       = 0
   userint2                       = 0
   userint3                       = 0
   userint4                       = 0
   userreal1                      = 0
   userreal2                      = 0
   userreal3                      = 0
   userreal4                      = 0
   applied-forces:
     electric-field:
       x:
         E0                       = 0
         omega                    = 0
         t0                       = 0
         sigma                    = 0
       y:
         E0                       = 0
         omega                    = 0
         t0                       = 0
         sigma                    = 0
       z:
         E0                       = 0
         omega                    = 0
         t0                       = 0
         sigma                    = 0
     density-guided-simulation:
       active                     = false
       group                      = protein
       similarity-measure         = inner-product
       atom-spreading-weight      = unity
       force-constant             = 1e+09
       gaussian-transform-spreading-width = 0.2
       gaussian-transform-spreading-range-in-multiples-of-width = 4
       reference-density-filename = reference.mrc
       nst                        = 1
       normalize-densities        = true
       adaptive-force-scaling     = false
       adaptive-force-scaling-time-constant = 4
       shift-vector               = 
       transformation-matrix      = 
grpopts:
   nrdf:      139997
   ref-t:         298
   tau-t:         0.1
annealing:          No
annealing-npoints:           0
   acc:	           0           0           0
   nfreeze:           N           N           N
   energygrp-flags[  0]: 0

Changing nstlist from 10 to 100, rlist from 1.4 to 1.4

1 GPU selected for this run.
Mapping of GPU IDs to the 2 GPU tasks in the 1 rank on this node:
  PP:0,PME:0
PP tasks will do (non-perturbed) short-ranged interactions on the GPU
PP task will update and constrain coordinates on the GPU
PME tasks will do all aspects on the GPU
Using 1 MPI thread

Non-default thread affinity set, disabling internal thread affinity

Using 10 OpenMP threads 

System total charge: 0.000
Will do PME sum in reciprocal space for electrostatic interactions.

++++ PLEASE READ AND CITE THE FOLLOWING REFERENCE ++++
U. Essmann, L. Perera, M. L. Berkowitz, T. Darden, H. Lee and L. G. Pedersen 
A smooth particle mesh Ewald method
J. Chem. Phys. 103 (1995) pp. 8577-8592
-------- -------- --- Thank You --- -------- --------

Using a Gaussian width (1/beta) of 0.448228 nm for Ewald
Potential shift: LJ r^-12: -1.764e-02 r^-6: -1.328e-01, Ewald -7.143e-06
Initialized non-bonded Ewald tables, spacing: 1.10e-03 size: 1270

Generated table with 1200 data points for 1-4 COUL.
Tabscale = 500 points/nm
Generated table with 1200 data points for 1-4 LJ6.
Tabscale = 500 points/nm
Generated table with 1200 data points for 1-4 LJ12.
Tabscale = 500 points/nm
Long Range LJ corr.: <C6> 5.5025e-04


Using GPU 8x8 nonbonded short-range kernels

Using a 8x8 pair-list setup:
  updated every 100 steps, buffer 0.000 nm, rlist 1.400 nm
At tolerance 0.005 kJ/mol/ps per atom, equivalent classical 1x1 list would be:
  updated every 100 steps, buffer 0.131 nm, rlist 1.531 nm

Using Lorentz-Berthelot Lennard-Jones combination rule
Removing pbc first time

Initializing LINear Constraint Solver

++++ PLEASE READ AND CITE THE FOLLOWING REFERENCE ++++
B. Hess and H. Bekker and H. J. C. Berendsen and J. G. E. M. Fraaije
LINCS: A Linear Constraint Solver for molecular simulations
J. Comp. Chem. 18 (1997) pp. 1463-1472
-------- -------- --- Thank You --- -------- --------

The number of constraints is 40000

++++ PLEASE READ AND CITE THE FOLLOWING REFERENCE ++++
G. Bussi, D. Donadio and M. Parrinello
Canonical sampling through velocity rescaling
J. Chem. Phys. 126 (2007) pp. 014101
-------- -------- --- Thank You --- -------- --------

There are: 60000 Atoms

Updating coordinates and applying constraints on the GPU.

Constraining the starting coordinates (step 0)

Constraining the coordinates at t0-dt (step 0)
Center of mass motion removal mode is Linear
We have the following groups for center of mass motion removal:
  0:  rest
RMS relative constraint deviation after constraining: 4.84e-06
Initial temperature: 300.432 K

Started mdrun on rank 0 Thu Jul  3 14:56:36 2025

           Step           Time
              0        0.00000

   Energies (kJ/mol)
           Bond            U-B    Proper Dih.          LJ-14     Coulomb-14
    1.28470e+03    6.17808e+03    7.58056e+03   -5.80253e+02    6.36153e+05
        LJ (SR)  Disper. corr.   Coulomb (SR)   Coul. recip.      Potential
   -7.61301e+04   -1.68526e+03   -1.65898e+05    5.42369e+03    4.12326e+05
    Kinetic En.   Total Energy  Conserved En.    Temperature Pres. DC (bar)
    1.74941e+05    5.87267e+05    5.87293e+05    3.00586e+02   -1.56366e+01
 Pressure (bar)   Constr. rmsd
   -3.64321e+02    4.83766e-06

           Step           Time
           5000       10.00000

   Energies (kJ/mol)
           Bond            U-B    Proper Dih.          LJ-14     Coulomb-14
    1.08703e+04    6.34586e+04    1.41969e+04   -6.10333e+02    6.38802e+05
        LJ (SR)  Disper. corr.   Coulomb (SR)   Coul. recip.      Potential
   -7.01894e+04   -1.69201e+03   -2.17168e+05    4.25206e+03    4.41920e+05
    Kinetic En.   Total Energy  Conserved En.    Temperature Pres. DC (bar)
    1.73980e+05    6.15901e+05    5.93629e+05    2.98936e+02   -1.57620e+01
 Pressure (bar)   Constr. rmsd
    3.50255e+01    4.83766e-06

step 6500: timed with pme grid 72 72 240, coulomb cutoff 1.400: 206.4 M-cycles
step 6700: timed with pme grid 60 60 216, coulomb cutoff 1.556: 221.8 M-cycles
step 6900: timed with pme grid 56 56 192, coulomb cutoff 1.701: 250.0 M-cycles
step 7100: timed with pme grid 56 56 200, coulomb cutoff 1.667: 246.8 M-cycles
step 7300: timed with pme grid 60 60 200, coulomb cutoff 1.633: 231.5 M-cycles
step 7500: timed with pme grid 60 60 208, coulomb cutoff 1.571: 230.9 M-cycles
step 7700: timed with pme grid 60 60 216, coulomb cutoff 1.556: 221.1 M-cycles
step 7900: timed with pme grid 64 64 216, coulomb cutoff 1.512: 222.9 M-cycles
step 8100: timed with pme grid 64 64 224, coulomb cutoff 1.458: 218.0 M-cycles
step 8300: timed with pme grid 72 72 240, coulomb cutoff 1.400: 204.6 M-cycles
              optimal pme grid 72 72 240, coulomb cutoff 1.400
           Step           Time
          10000       20.00000

   Energies (kJ/mol)
           Bond            U-B    Proper Dih.          LJ-14     Coulomb-14
    1.19334e+04    7.11000e+04    1.37563e+04   -6.14907e+02    6.39383e+05
        LJ (SR)  Disper. corr.   Coulomb (SR)   Coul. recip.      Potential
   -7.30949e+04   -1.70121e+03   -2.37908e+05    3.90438e+03    4.26758e+05
    Kinetic En.   Total Energy  Conserved En.    Temperature Pres. DC (bar)
    1.74315e+05    6.01072e+05    5.94078e+05    2.99510e+02   -1.59337e+01
 Pressure (bar)   Constr. rmsd
   -1.97089e+01    4.83766e-06

           Step           Time
          15000       30.00000

   Energies (kJ/mol)
           Bond            U-B    Proper Dih.          LJ-14     Coulomb-14
    1.28664e+04    7.37136e+04    1.34731e+04   -6.13188e+02    6.39145e+05
        LJ (SR)  Disper. corr.   Coulomb (SR)   Coul. recip.      Potential
   -7.51169e+04   -1.70775e+03   -2.45807e+05    3.71349e+03    4.19666e+05
    Kinetic En.   Total Energy  Conserved En.    Temperature Pres. DC (bar)
    1.73458e+05    5.93124e+05    5.94113e+05    2.98038e+02   -1.60563e+01
 Pressure (bar)   Constr. rmsd
   -5.04793e+01    4.83766e-06

           Step           Time
          20000       40.00000

   Energies (kJ/mol)
           Bond            U-B    Proper Dih.          LJ-14     Coulomb-14
    1.29180e+04    7.56326e+04    1.36320e+04   -6.16232e+02    6.39528e+05
        LJ (SR)  Disper. corr.   Coulomb (SR)   Coul. recip.      Potential
   -7.58507e+04   -1.71565e+03   -2.52162e+05    3.50773e+03    4.14874e+05
    Kinetic En.   Total Energy  Conserved En.    Temperature Pres. DC (bar)
    1.72995e+05    5.87869e+05    5.94155e+05    2.97243e+02   -1.62049e+01
 Pressure (bar)   Constr. rmsd
   -2.50852e+01    4.83766e-06

           Step           Time
          25000       50.00000

   Energies (kJ/mol)
           Bond            U-B    Proper Dih.          LJ-14     Coulomb-14
    1.32392e+04    7.59794e+04    1.32083e+04   -6.14171e+02    6.39306e+05
        LJ (SR)  Disper. corr.   Coulomb (SR)   Coul. recip.      Potential
   -7.75754e+04   -1.72502e+03   -2.54584e+05    3.29069e+03    4.10525e+05
    Kinetic En.   Total Energy  Conserved En.    Temperature Pres. DC (bar)
    1.72850e+05    5.83375e+05    5.94014e+05    2.96993e+02   -1.63821e+01
 Pressure (bar)   Constr. rmsd
    7.96918e+00    4.83766e-06

           Step           Time
          30000       60.00000

   Energies (kJ/mol)
           Bond            U-B    Proper Dih.          LJ-14     Coulomb-14
    1.30137e+04    7.65552e+04    1.30627e+04   -6.14581e+02    6.39396e+05
        LJ (SR)  Disper. corr.   Coulomb (SR)   Coul. recip.      Potential
   -7.73098e+04   -1.73294e+03   -2.56911e+05    3.29863e+03    4.08758e+05
    Kinetic En.   Total Energy  Conserved En.    Temperature Pres. DC (bar)
    1.73103e+05    5.81861e+05    5.93923e+05    2.97428e+02   -1.65328e+01
 Pressure (bar)   Constr. rmsd
   -1.52347e+01    4.83766e-06

           Step           Time
          35000       70.00000

   Energies (kJ/mol)
           Bond            U-B    Proper Dih.          LJ-14     Coulomb-14
    1.34634e+04    7.68379e+04    1.31745e+04   -6.14990e+02    6.39399e+05
        LJ (SR)  Disper. corr.   Coulomb (SR)   Coul. recip.      Potential
   -7.93186e+04   -1.74332e+03   -2.56746e+05    3.20055e+03    4.07652e+05
    Kinetic En.   Total Energy  Conserved En.    Temperature Pres. DC (bar)
    1.73098e+05    5.80750e+05    5.93839e+05    2.97419e+02   -1.67312e+01
 Pressure (bar)   Constr. rmsd
   -3.32598e+00    4.83766e-06

           Step           Time
          40000       80.00000

   Energies (kJ/mol)
           Bond            U-B    Proper Dih.          LJ-14     Coulomb-14
    1.30882e+04    7.74239e+04    1.32100e+04   -6.15051e+02    6.39384e+05
        LJ (SR)  Disper. corr.   Coulomb (SR)   Coul. recip.      Potential
   -7.89411e+04   -1.75672e+03   -2.60030e+05    3.08009e+03    4.04844e+05
    Kinetic En.   Total Energy  Conserved En.    Temperature Pres. DC (bar)
    1.72905e+05    5.77749e+05    5.93707e+05    2.97087e+02   -1.69890e+01
 Pressure (bar)   Constr. rmsd
   -5.65789e+01    4.83766e-06

           Step           Time
          45000       90.00000

   Energies (kJ/mol)
           Bond            U-B    Proper Dih.          LJ-14     Coulomb-14
    1.33838e+04    7.68212e+04    1.31862e+04   -6.14113e+02    6.39226e+05
        LJ (SR)  Disper. corr.   Coulomb (SR)   Coul. recip.      Potential
   -8.12157e+04   -1.77108e+03   -2.59911e+05    2.95830e+03    4.02063e+05
    Kinetic En.   Total Energy  Conserved En.    Temperature Pres. DC (bar)
    1.72803e+05    5.74866e+05    5.93547e+05    2.96912e+02   -1.72675e+01
 Pressure (bar)   Constr. rmsd
   -1.10292e+02    4.83766e-06

           Step           Time
          50000      100.00000

   Energies (kJ/mol)
           Bond            U-B    Proper Dih.          LJ-14     Coulomb-14
    1.35281e+04    7.67460e+04    1.30808e+04   -6.13942e+02    6.39256e+05
        LJ (SR)  Disper. corr.   Coulomb (SR)   Coul. recip.      Potential
   -8.29186e+04   -1.78259e+03   -2.59535e+05    2.90175e+03    4.00662e+05
    Kinetic En.   Total Energy  Conserved En.    Temperature Pres. DC (bar)
    1.73543e+05    5.74205e+05    5.93399e+05    2.98184e+02   -1.74925e+01
 Pressure (bar)   Constr. rmsd
   -5.98005e+01    4.83766e-06

           Step           Time
          55000      110.00000

   Energies (kJ/mol)
           Bond            U-B    Proper Dih.          LJ-14     Coulomb-14
    1.36585e+04    7.67232e+04    1.30815e+04   -6.15317e+02    6.39407e+05
        LJ (SR)  Disper. corr.   Coulomb (SR)   Coul. recip.      Potential
   -8.29862e+04   -1.79308e+03   -2.60206e+05    2.91717e+03    4.00187e+05
    Kinetic En.   Total Energy  Conserved En.    Temperature Pres. DC (bar)
    1.73471e+05    5.73658e+05    5.93260e+05    2.98061e+02   -1.76986e+01
 Pressure (bar)   Constr. rmsd
   -3.63555e+01    4.83766e-06

Writing checkpoint, step 56000 at Thu Jul  3 14:57:37 2025


           Step           Time
          60000      120.00000

   Energies (kJ/mol)
           Bond            U-B    Proper Dih.          LJ-14     Coulomb-14
    1.35696e+04    7.72723e+04    1.31636e+04   -6.15213e+02    6.39464e+05
        LJ (SR)  Disper. corr.   Coulomb (SR)   Coul. recip.      Potential
   -8.33608e+04   -1.80892e+03   -2.60616e+05    2.67179e+03    3.99740e+05
    Kinetic En.   Total Energy  Conserved En.    Temperature Pres. DC (bar)
    1.73619e+05    5.73359e+05    5.93085e+05    2.98314e+02   -1.80124e+01
 Pressure (bar)   Constr. rmsd
   -7.28827e+00    4.83766e-06

           Step           Time
          65000      130.00000

   Energies (kJ/mol)
           Bond            U-B    Proper Dih.          LJ-14     Coulomb-14
    1.36012e+04    7.68545e+04    1.31951e+04   -6.14181e+02    6.39264e+05
        LJ (SR)  Disper. corr.   Coulomb (SR)   Coul. recip.      Potential
   -8.40897e+04   -1.82363e+03   -2.60933e+05    2.56872e+03    3.98023e+05
    Kinetic En.   Total Energy  Conserved En.    Temperature Pres. DC (bar)
    1.73415e+05    5.71438e+05    5.92980e+05    2.97964e+02   -1.83061e+01
 Pressure (bar)   Constr. rmsd
   -4.06570e+01    4.83766e-06

           Step           Time
          70000      140.00000

   Energies (kJ/mol)
           Bond            U-B    Proper Dih.          LJ-14     Coulomb-14
    1.34029e+04    7.76344e+04    1.32947e+04   -6.14543e+02    6.39312e+05
        LJ (SR)  Disper. corr.   Coulomb (SR)   Coul. recip.      Potential
   -8.58627e+04   -1.83625e+03   -2.60451e+05    2.61201e+03    3.97491e+05
    Kinetic En.   Total Energy  Conserved En.    Temperature Pres. DC (bar)
    1.74302e+05    5.71793e+05    5.92822e+05    2.99489e+02   -1.85601e+01
 Pressure (bar)   Constr. rmsd
   -2.66975e+01    4.83766e-06

           Step           Time
          75000      150.00000

   Energies (kJ/mol)
           Bond            U-B    Proper Dih.          LJ-14     Coulomb-14
    1.33810e+04    7.71278e+04    1.30692e+04   -6.14983e+02    6.39426e+05
        LJ (SR)  Disper. corr.   Coulomb (SR)   Coul. recip.      Potential
   -8.49158e+04   -1.84847e+03   -2.61423e+05    2.52747e+03    3.96729e+05
    Kinetic En.   Total Energy  Conserved En.    Temperature Pres. DC (bar)
    1.74018e+05    5.70747e+05    5.92583e+05    2.99001e+02   -1.88077e+01
 Pressure (bar)   Constr. rmsd
   -5.66795e+01    4.83766e-06

           Step           Time
          80000      160.00000

   Energies (kJ/mol)
           Bond            U-B    Proper Dih.          LJ-14     Coulomb-14
    1.35899e+04    7.81444e+04    1.32778e+04   -6.17037e+02    6.39669e+05
        LJ (SR)  Disper. corr.   Coulomb (SR)   Coul. recip.      Potential
   -8.60891e+04   -1.86177e+03   -2.61376e+05    2.46376e+03    3.97201e+05
    Kinetic En.   Total Energy  Conserved En.    Temperature Pres. DC (bar)
    1.73319e+05    5.70520e+05    5.92513e+05    2.97799e+02   -1.90789e+01
 Pressure (bar)   Constr. rmsd
   -1.28373e+01    4.83766e-06

           Step           Time
          85000      170.00000

   Energies (kJ/mol)
           Bond            U-B    Proper Dih.          LJ-14     Coulomb-14
    1.33050e+04    7.84035e+04    1.30140e+04   -6.13599e+02    6.39249e+05
        LJ (SR)  Disper. corr.   Coulomb (SR)   Coul. recip.      Potential
   -8.55676e+04   -1.87604e+03   -2.63132e+05    2.48403e+03    3.95266e+05
    Kinetic En.   Total Energy  Conserved En.    Temperature Pres. DC (bar)
    1.73964e+05    5.69231e+05    5.92401e+05    2.98908e+02   -1.93722e+01
 Pressure (bar)   Constr. rmsd
    5.93693e+00    4.83766e-06

           Step           Time
          90000      180.00000

   Energies (kJ/mol)
           Bond            U-B    Proper Dih.          LJ-14     Coulomb-14
    1.35096e+04    7.82484e+04    1.32751e+04   -6.16466e+02    6.39600e+05
        LJ (SR)  Disper. corr.   Coulomb (SR)   Coul. recip.      Potential
   -8.59860e+04   -1.89096e+03   -2.61246e+05    2.52031e+03    3.97414e+05
    Kinetic En.   Total Energy  Conserved En.    Temperature Pres. DC (bar)
    1.73512e+05    5.70926e+05    5.92192e+05    2.98131e+02   -1.96813e+01
 Pressure (bar)   Constr. rmsd
   -3.11207e+01    4.83766e-06

           Step           Time
          95000      190.00000

   Energies (kJ/mol)
           Bond            U-B    Proper Dih.          LJ-14     Coulomb-14
    1.35896e+04    7.72499e+04    1.32750e+04   -6.14534e+02    6.39304e+05
        LJ (SR)  Disper. corr.   Coulomb (SR)   Coul. recip.      Potential
   -8.55495e+04   -1.90529e+03   -2.61688e+05    2.56722e+03    3.96228e+05
    Kinetic En.   Total Energy  Conserved En.    Temperature Pres. DC (bar)
    1.72570e+05    5.68798e+05    5.91981e+05    2.96513e+02   -1.99803e+01
 Pressure (bar)   Constr. rmsd
   -5.64447e+01    4.83766e-06

           Step           Time
         100000      200.00000

   Energies (kJ/mol)
           Bond            U-B    Proper Dih.          LJ-14     Coulomb-14
    1.34789e+04    7.73107e+04    1.32974e+04   -6.15283e+02    6.39459e+05
        LJ (SR)  Disper. corr.   Coulomb (SR)   Coul. recip.      Potential
   -8.57347e+04   -1.91608e+03   -2.61964e+05    2.47589e+03    3.95792e+05
    Kinetic En.   Total Energy  Conserved En.    Temperature Pres. DC (bar)
    1.73453e+05    5.69245e+05    5.91807e+05    2.98029e+02   -2.02069e+01
 Pressure (bar)   Constr. rmsd
   -9.27594e+01    4.83766e-06

           Step           Time
         105000      210.00000

   Energies (kJ/mol)
           Bond            U-B    Proper Dih.          LJ-14     Coulomb-14
    1.35889e+04    7.78875e+04    1.33517e+04   -6.14961e+02    6.39357e+05
        LJ (SR)  Disper. corr.   Coulomb (SR)   Coul. recip.      Potential
   -8.53605e+04   -1.93232e+03   -2.61943e+05    2.46757e+03    3.96802e+05
    Kinetic En.   Total Energy  Conserved En.    Temperature Pres. DC (bar)
    1.73741e+05    5.70543e+05    5.91646e+05    2.98524e+02   -2.05506e+01
 Pressure (bar)   Constr. rmsd
   -3.92177e+01    4.83766e-06

           Step           Time
         110000      220.00000

   Energies (kJ/mol)
           Bond            U-B    Proper Dih.          LJ-14     Coulomb-14
    1.33771e+04    7.77520e+04    1.29317e+04   -6.14404e+02    6.39392e+05
        LJ (SR)  Disper. corr.   Coulomb (SR)   Coul. recip.      Potential
   -8.62723e+04   -1.94966e+03   -2.61709e+05    2.42483e+03    3.95332e+05
    Kinetic En.   Total Energy  Conserved En.    Temperature Pres. DC (bar)
    1.73024e+05    5.68356e+05    5.91484e+05    2.97293e+02   -2.09206e+01
 Pressure (bar)   Constr. rmsd
   -4.28597e+01    4.83766e-06

           Step           Time
         115000      230.00000

   Energies (kJ/mol)
           Bond            U-B    Proper Dih.          LJ-14     Coulomb-14
    1.36932e+04    7.79856e+04    1.29993e+04   -6.16058e+02    6.39585e+05
        LJ (SR)  Disper. corr.   Coulomb (SR)   Coul. recip.      Potential
   -8.63569e+04   -1.96394e+03   -2.62717e+05    2.47363e+03    3.95083e+05
    Kinetic En.   Total Energy  Conserved En.    Temperature Pres. DC (bar)
    1.73613e+05    5.68697e+05    5.91355e+05    2.98305e+02   -2.12279e+01
 Pressure (bar)   Constr. rmsd
   -9.54996e+01    4.83766e-06

           Step           Time
         120000      240.00000

   Energies (kJ/mol)
           Bond            U-B    Proper Dih.          LJ-14     Coulomb-14
    1.33946e+04    7.80121e+04    1.33994e+04   -6.16152e+02    6.39546e+05
        LJ (SR)  Disper. corr.   Coulomb (SR)   Coul. recip.      Potential
   -8.69256e+04   -1.97875e+03   -2.61458e+05    2.44433e+03    3.95818e+05
    Kinetic En.   Total Energy  Conserved En.    Temperature Pres. DC (bar)
    1.73867e+05    5.69685e+05    5.91114e+05    2.98740e+02   -2.15490e+01
 Pressure (bar)   Constr. rmsd
    2.13435e+01    4.83766e-06

Writing checkpoint, step 122000 at Thu Jul  3 14:58:37 2025


           Step           Time
         125000      250.00000

   Energies (kJ/mol)
           Bond            U-B    Proper Dih.          LJ-14     Coulomb-14
    1.32965e+04    7.77772e+04    1.31708e+04   -6.14356e+02    6.39347e+05
        LJ (SR)  Disper. corr.   Coulomb (SR)   Coul. recip.      Potential
   -8.64688e+04   -1.99502e+03   -2.62219e+05    2.53578e+03    3.94830e+05
    Kinetic En.   Total Energy  Conserved En.    Temperature Pres. DC (bar)
    1.72992e+05    5.67822e+05    5.90958e+05    2.97237e+02   -2.19043e+01
 Pressure (bar)   Constr. rmsd
   -6.96519e-01    4.83766e-06

           Step           Time
         130000      260.00000

   Energies (kJ/mol)
           Bond            U-B    Proper Dih.          LJ-14     Coulomb-14
    1.31944e+04    7.78701e+04    1.33313e+04   -6.15053e+02    6.39355e+05
        LJ (SR)  Disper. corr.   Coulomb (SR)   Coul. recip.      Potential
   -8.57774e+04   -2.00821e+03   -2.63092e+05    2.37860e+03    3.94636e+05
    Kinetic En.   Total Energy  Conserved En.    Temperature Pres. DC (bar)
    1.73210e+05    5.67847e+05    5.90741e+05    2.97612e+02   -2.21945e+01
 Pressure (bar)   Constr. rmsd
   -7.63675e+00    4.83766e-06

           Step           Time
         135000      270.00000

   Energies (kJ/mol)
           Bond            U-B    Proper Dih.          LJ-14     Coulomb-14
    1.36951e+04    7.81714e+04    1.30103e+04   -6.13098e+02    6.39148e+05
        LJ (SR)  Disper. corr.   Coulomb (SR)   Coul. recip.      Potential
   -8.66649e+04   -2.02546e+03   -2.60680e+05    2.55004e+03    3.96591e+05
    Kinetic En.   Total Energy  Conserved En.    Temperature Pres. DC (bar)
    1.73304e+05    5.69895e+05    5.90678e+05    2.97774e+02   -2.25772e+01
 Pressure (bar)   Constr. rmsd
   -5.29298e+01    4.83766e-06

           Step           Time
         140000      280.00000

   Energies (kJ/mol)
           Bond            U-B    Proper Dih.          LJ-14     Coulomb-14
    1.32918e+04    7.76857e+04    1.30798e+04   -6.14887e+02    6.39384e+05
        LJ (SR)  Disper. corr.   Coulomb (SR)   Coul. recip.      Potential
   -8.56377e+04   -2.04020e+03   -2.61288e+05    2.50199e+03    3.96363e+05
    Kinetic En.   Total Energy  Conserved En.    Temperature Pres. DC (bar)
    1.72774e+05    5.69136e+05    5.90461e+05    2.96862e+02   -2.29065e+01
 Pressure (bar)   Constr. rmsd
   -9.53798e+01    4.83766e-06

           Step           Time
         145000      290.00000

   Energies (kJ/mol)
           Bond            U-B    Proper Dih.          LJ-14     Coulomb-14
    1.32621e+04    7.69717e+04    1.31176e+04   -6.13751e+02    6.39250e+05
        LJ (SR)  Disper. corr.   Coulomb (SR)   Coul. recip.      Potential
   -8.59071e+04   -2.06023e+03   -2.61430e+05    2.46251e+03    3.95053e+05
    Kinetic En.   Total Energy  Conserved En.    Temperature Pres. DC (bar)
    1.73125e+05    5.68178e+05    5.90227e+05    2.97466e+02   -2.33580e+01
 Pressure (bar)   Constr. rmsd
   -1.95039e+01    4.83766e-06

           Step           Time
         150000      300.00000

   Energies (kJ/mol)
           Bond            U-B    Proper Dih.          LJ-14     Coulomb-14
    1.36569e+04    7.75229e+04    1.31675e+04   -6.16123e+02    6.39514e+05
        LJ (SR)  Disper. corr.   Coulomb (SR)   Coul. recip.      Potential
   -8.63750e+04   -2.07888e+03   -2.62319e+05    2.44723e+03    3.94920e+05
    Kinetic En.   Total Energy  Conserved En.    Temperature Pres. DC (bar)
    1.73401e+05    5.68321e+05    5.90084e+05    2.97940e+02   -2.37824e+01
 Pressure (bar)   Constr. rmsd
   -2.10560e+00    4.83766e-06

           Step           Time
         155000      310.00000

   Energies (kJ/mol)
           Bond            U-B    Proper Dih.          LJ-14     Coulomb-14
    1.34558e+04    7.71754e+04    1.28427e+04   -6.14007e+02    6.39346e+05
        LJ (SR)  Disper. corr.   Coulomb (SR)   Coul. recip.      Potential
   -8.70339e+04   -2.09368e+03   -2.61447e+05    2.50687e+03    3.94139e+05
    Kinetic En.   Total Energy  Conserved En.    Temperature Pres. DC (bar)
    1.72623e+05    5.66761e+05    5.89879e+05    2.96603e+02   -2.41219e+01
 Pressure (bar)   Constr. rmsd
   -2.40913e+01    4.83766e-06

           Step           Time
         160000      320.00000

   Energies (kJ/mol)
           Bond            U-B    Proper Dih.          LJ-14     Coulomb-14
    1.33790e+04    7.81313e+04    1.32196e+04   -6.15581e+02    6.39397e+05
        LJ (SR)  Disper. corr.   Coulomb (SR)   Coul. recip.      Potential
   -8.60915e+04   -2.10949e+03   -2.61693e+05    2.45890e+03    3.96076e+05
    Kinetic En.   Total Energy  Conserved En.    Temperature Pres. DC (bar)
    1.73811e+05    5.69887e+05    5.89758e+05    2.98644e+02   -2.44871e+01
 Pressure (bar)   Constr. rmsd
   -6.19534e+01    4.83766e-06

           Step           Time
         165000      330.00000

   Energies (kJ/mol)
           Bond            U-B    Proper Dih.          LJ-14     Coulomb-14
    1.37949e+04    7.68738e+04    1.31288e+04   -6.14027e+02    6.39300e+05
        LJ (SR)  Disper. corr.   Coulomb (SR)   Coul. recip.      Potential
   -8.56592e+04   -2.13104e+03   -2.64066e+05    2.39796e+03    3.93025e+05
    Kinetic En.   Total Energy  Conserved En.    Temperature Pres. DC (bar)
    1.73152e+05    5.66177e+05    5.89545e+05    2.97512e+02   -2.49894e+01
 Pressure (bar)   Constr. rmsd
    4.25385e+01    4.83766e-06

           Step           Time
         170000      340.00000

   Energies (kJ/mol)
           Bond            U-B    Proper Dih.          LJ-14     Coulomb-14
    1.34950e+04    7.79030e+04    1.31821e+04   -6.16144e+02    6.39476e+05
        LJ (SR)  Disper. corr.   Coulomb (SR)   Coul. recip.      Potential
   -8.60684e+04   -2.14780e+03   -2.62154e+05    2.52262e+03    3.95592e+05
    Kinetic En.   Total Energy  Conserved En.    Temperature Pres. DC (bar)
    1.72340e+05    5.67932e+05    5.89395e+05    2.96117e+02   -2.53836e+01
 Pressure (bar)   Constr. rmsd
    1.90090e+01    4.83766e-06

           Step           Time
         175000      350.00000

   Energies (kJ/mol)
           Bond            U-B    Proper Dih.          LJ-14     Coulomb-14
    1.34838e+04    7.79063e+04    1.33090e+04   -6.14716e+02    6.39298e+05
        LJ (SR)  Disper. corr.   Coulomb (SR)   Coul. recip.      Potential
   -8.62796e+04   -2.16810e+03   -2.62223e+05    2.42109e+03    3.95132e+05
    Kinetic En.   Total Energy  Conserved En.    Temperature Pres. DC (bar)
    1.73254e+05    5.68387e+05    5.89222e+05    2.97688e+02   -2.58653e+01
 Pressure (bar)   Constr. rmsd
   -1.04637e+02    4.83766e-06

           Step           Time
         180000      360.00000

   Energies (kJ/mol)
           Bond            U-B    Proper Dih.          LJ-14     Coulomb-14
    1.31697e+04    7.72226e+04    1.31478e+04   -6.14003e+02    6.39276e+05
        LJ (SR)  Disper. corr.   Coulomb (SR)   Coul. recip.      Potential
   -8.62741e+04   -2.18625e+03   -2.61826e+05    2.40609e+03    3.94322e+05
    Kinetic En.   Total Energy  Conserved En.    Temperature Pres. DC (bar)
    1.74129e+05    5.68451e+05    5.88904e+05    2.99191e+02   -2.62996e+01
 Pressure (bar)   Constr. rmsd
   -5.14880e+01    4.83766e-06

           Step           Time
         185000      370.00000

   Energies (kJ/mol)
           Bond            U-B    Proper Dih.          LJ-14     Coulomb-14
    1.33211e+04    7.74643e+04    1.32708e+04   -6.13953e+02    6.39163e+05
        LJ (SR)  Disper. corr.   Coulomb (SR)   Coul. recip.      Potential
   -8.67598e+04   -2.20869e+03   -2.61338e+05    2.44797e+03    3.94746e+05
    Kinetic En.   Total Energy  Conserved En.    Temperature Pres. DC (bar)
    1.73482e+05    5.68228e+05    5.88840e+05    2.98079e+02   -2.68417e+01
 Pressure (bar)   Constr. rmsd
   -5.83078e+01    4.83766e-06

Writing checkpoint, step 187900 at Thu Jul  3 14:59:37 2025


           Step           Time
         190000      380.00000

   Energies (kJ/mol)
           Bond            U-B    Proper Dih.          LJ-14     Coulomb-14
    1.33280e+04    7.80031e+04    1.32256e+04   -6.16419e+02    6.39570e+05
        LJ (SR)  Disper. corr.   Coulomb (SR)   Coul. recip.      Potential
   -8.53936e+04   -2.22992e+03   -2.62518e+05    2.47358e+03    3.95842e+05
    Kinetic En.   Total Energy  Conserved En.    Temperature Pres. DC (bar)
    1.72995e+05    5.68837e+05    5.88669e+05    2.97242e+02   -2.73598e+01
 Pressure (bar)   Constr. rmsd
    3.64726e+01    4.83766e-06

           Step           Time
         195000      390.00000

   Energies (kJ/mol)
           Bond            U-B    Proper Dih.          LJ-14     Coulomb-14
    1.34329e+04    7.70847e+04    1.30537e+04   -6.15030e+02    6.39493e+05
        LJ (SR)  Disper. corr.   Coulomb (SR)   Coul. recip.      Potential
   -8.59615e+04   -2.24840e+03   -2.63030e+05    2.45304e+03    3.93662e+05
    Kinetic En.   Total Energy  Conserved En.    Temperature Pres. DC (bar)
    1.74217e+05    5.67879e+05    5.88422e+05    2.99342e+02   -2.78147e+01
 Pressure (bar)   Constr. rmsd
    6.06213e+00    4.83766e-06

           Step           Time
         200000      400.00000

   Energies (kJ/mol)
           Bond            U-B    Proper Dih.          LJ-14     Coulomb-14
    1.33249e+04    7.85391e+04    1.31761e+04   -6.14971e+02    6.39400e+05
        LJ (SR)  Disper. corr.   Coulomb (SR)   Coul. recip.      Potential
   -8.55905e+04   -2.26819e+03   -2.61527e+05    2.42970e+03    3.96868e+05
    Kinetic En.   Total Energy  Conserved En.    Temperature Pres. DC (bar)
    1.72521e+05    5.69389e+05    5.88394e+05    2.96428e+02   -2.83059e+01
 Pressure (bar)   Constr. rmsd
    4.33423e+01    4.83766e-06

           Step           Time
         205000      410.00000

   Energies (kJ/mol)
           Bond            U-B    Proper Dih.          LJ-14     Coulomb-14
    1.32039e+04    7.75829e+04    1.30013e+04   -6.14653e+02    6.39366e+05
        LJ (SR)  Disper. corr.   Coulomb (SR)   Coul. recip.      Potential
   -8.65636e+04   -2.29868e+03   -2.61430e+05    2.45024e+03    3.94698e+05
    Kinetic En.   Total Energy  Conserved En.    Temperature Pres. DC (bar)
    1.73224e+05    5.67922e+05    5.88086e+05    2.97636e+02   -2.90715e+01
 Pressure (bar)   Constr. rmsd
    3.55886e+01    4.83766e-06

           Step           Time
         210000      420.00000

   Energies (kJ/mol)
           Bond            U-B    Proper Dih.          LJ-14     Coulomb-14
    1.33144e+04    7.76780e+04    1.30968e+04   -6.14608e+02    6.39348e+05
        LJ (SR)  Disper. corr.   Coulomb (SR)   Coul. recip.      Potential
   -8.72025e+04   -2.32050e+03   -2.61015e+05    2.42274e+03    3.94708e+05
    Kinetic En.   Total Energy  Conserved En.    Temperature Pres. DC (bar)
    1.72897e+05    5.67604e+05    5.87993e+05    2.97073e+02   -2.96252e+01
 Pressure (bar)   Constr. rmsd
   -9.24763e+01    4.83766e-06

           Step           Time
         215000      430.00000

   Energies (kJ/mol)
           Bond            U-B    Proper Dih.          LJ-14     Coulomb-14
    1.36508e+04    7.75732e+04    1.31903e+04   -6.16982e+02    6.39657e+05
        LJ (SR)  Disper. corr.   Coulomb (SR)   Coul. recip.      Potential
   -8.68380e+04   -2.34174e+03   -2.61508e+05    2.42795e+03    3.95194e+05
    Kinetic En.   Total Energy  Conserved En.    Temperature Pres. DC (bar)
    1.72711e+05    5.67906e+05    5.87773e+05    2.96755e+02   -3.01698e+01
 Pressure (bar)   Constr. rmsd
   -5.04468e+01    4.83766e-06

           Step           Time
         220000      440.00000

   Energies (kJ/mol)
           Bond            U-B    Proper Dih.          LJ-14     Coulomb-14
    1.33158e+04    7.70701e+04    1.29772e+04   -6.16772e+02    6.39727e+05
        LJ (SR)  Disper. corr.   Coulomb (SR)   Coul. recip.      Potential
   -8.63904e+04   -2.36858e+03   -2.62885e+05    2.45109e+03    3.93281e+05
    Kinetic En.   Total Energy  Conserved En.    Temperature Pres. DC (bar)
    1.73116e+05    5.66396e+05    5.87500e+05    2.97450e+02   -3.08645e+01
 Pressure (bar)   Constr. rmsd
    1.36893e+01    4.83766e-06

           Step           Time
         225000      450.00000

   Energies (kJ/mol)
           Bond            U-B    Proper Dih.          LJ-14     Coulomb-14
    1.34857e+04    7.74659e+04    1.30655e+04   -6.15880e+02    6.39545e+05
        LJ (SR)  Disper. corr.   Coulomb (SR)   Coul. recip.      Potential
   -8.63447e+04   -2.38754e+03   -2.62733e+05    2.44998e+03    3.93931e+05
    Kinetic En.   Total Energy  Conserved En.    Temperature Pres. DC (bar)
    1.74688e+05    5.68619e+05    5.87379e+05    3.00151e+02   -3.13603e+01
 Pressure (bar)   Constr. rmsd
    1.74000e+01    4.83766e-06

           Step           Time
         230000      460.00000

   Energies (kJ/mol)
           Bond            U-B    Proper Dih.          LJ-14     Coulomb-14
    1.37639e+04    7.77651e+04    1.32757e+04   -6.14277e+02    6.39360e+05
        LJ (SR)  Disper. corr.   Coulomb (SR)   Coul. recip.      Potential
   -8.73281e+04   -2.41400e+03   -2.62883e+05    2.40947e+03    3.93335e+05
    Kinetic En.   Total Energy  Conserved En.    Temperature Pres. DC (bar)
    1.74377e+05    5.67712e+05    5.87220e+05    2.99617e+02   -3.20585e+01
 Pressure (bar)   Constr. rmsd
   -1.04613e+02    4.83766e-06

           Step           Time
         235000      470.00000

   Energies (kJ/mol)
           Bond            U-B    Proper Dih.          LJ-14     Coulomb-14
    1.35511e+04    7.73901e+04    1.28203e+04   -6.14810e+02    6.39467e+05
        LJ (SR)  Disper. corr.   Coulomb (SR)   Coul. recip.      Potential
   -8.70290e+04   -2.43938e+03   -2.63513e+05    2.31976e+03    3.91952e+05
    Kinetic En.   Total Energy  Conserved En.    Temperature Pres. DC (bar)
    1.73626e+05    5.65577e+05    5.87024e+05    2.98326e+02   -3.27354e+01
 Pressure (bar)   Constr. rmsd
   -1.27498e+02    4.83766e-06

           Step           Time
         240000      480.00000

   Energies (kJ/mol)
           Bond            U-B    Proper Dih.          LJ-14     Coulomb-14
    1.33451e+04    7.69562e+04    1.32875e+04   -6.15061e+02    6.39374e+05
        LJ (SR)  Disper. corr.   Coulomb (SR)   Coul. recip.      Potential
   -8.70743e+04   -2.46325e+03   -2.61850e+05    2.36634e+03    3.93327e+05
    Kinetic En.   Total Energy  Conserved En.    Temperature Pres. DC (bar)
    1.73701e+05    5.67028e+05    5.86818e+05    2.98456e+02   -3.33787e+01
 Pressure (bar)   Constr. rmsd
   -4.98436e+01    4.83766e-06

           Step           Time
         245000      490.00000

   Energies (kJ/mol)
           Bond            U-B    Proper Dih.          LJ-14     Coulomb-14
    1.34705e+04    7.74782e+04    1.35250e+04   -6.15691e+02    6.39398e+05
        LJ (SR)  Disper. corr.   Coulomb (SR)   Coul. recip.      Potential
   -8.58911e+04   -2.49165e+03   -2.61447e+05    2.43706e+03    3.95863e+05
    Kinetic En.   Total Energy  Conserved En.    Temperature Pres. DC (bar)
    1.73366e+05    5.69230e+05    5.86642e+05    2.97880e+02   -3.41521e+01
 Pressure (bar)   Constr. rmsd
   -1.02893e+01    4.83766e-06

           Step           Time
         250000      500.00000

Writing checkpoint, step 250000 at Thu Jul  3 15:00:33 2025


   Energies (kJ/mol)
           Bond            U-B    Proper Dih.          LJ-14     Coulomb-14
    1.30513e+04    7.77364e+04    1.30192e+04   -6.16052e+02    6.39543e+05
        LJ (SR)  Disper. corr.   Coulomb (SR)   Coul. recip.      Potential
   -8.51171e+04   -2.52501e+03   -2.61989e+05    2.40618e+03    3.95510e+05
    Kinetic En.   Total Energy  Conserved En.    Temperature Pres. DC (bar)
    1.72569e+05    5.68079e+05    5.86494e+05    2.96511e+02   -3.50721e+01
 Pressure (bar)   Constr. rmsd
    4.03077e+01    4.83766e-06


Energy conservation over simulation part #1 of length 500 ns, time 0 to 500 ns
  Conserved energy drift: -2.66e-05 kJ/mol/ps per atom


	<======  ###############  ==>
	<====  A V E R A G E S  ====>
	<==  ###############  ======>

	Statistics over 250001 steps using 2501 frames

   Energies (kJ/mol)
           Bond            U-B    Proper Dih.          LJ-14     Coulomb-14
    1.32468e+04    7.67374e+04    1.32045e+04   -6.14562e+02    6.39340e+05
        LJ (SR)  Disper. corr.   Coulomb (SR)   Coul. recip.      Potential
   -8.39182e+04   -2.02673e+03   -2.58926e+05    2.67887e+03    3.99721e+05
    Kinetic En.   Total Energy  Conserved En.    Temperature Pres. DC (bar)
    1.73442e+05    5.73163e+05    5.90792e+05    2.98010e+02   -2.29218e+01
 Pressure (bar)   Constr. rmsd
   -3.53542e+01    0.00000e+00

          Box-X          Box-Y          Box-Z
    7.54638e+00    7.54638e+00    2.64123e+01

   Total Virial (kJ/mol)
    5.95711e+04    3.09673e+00    2.23501e+01
    3.09558e+00    5.95524e+04   -6.57816e+01
    2.23498e+01   -6.57755e+01    5.90193e+04

   Pressure (bar)
   -4.02287e+01   -6.05477e-01   -7.80371e-01
   -6.05444e-01   -4.00210e+01    1.23258e+00
   -7.80358e-01    1.23244e+00   -2.58130e+01


	M E G A - F L O P S   A C C O U N T I N G

 NB=Group-cutoff nonbonded kernels    NxN=N-by-N cluster Verlet kernels
 RF=Reaction-Field  VdW=Van der Waals  QSTab=quadratic-spline table
 W3=SPC/TIP3p  W4=TIP4p (single or pairs)
 V&F=Potential and force  V=Potential only  F=Force only

 Computing:                               M-Number         M-Flops  % Flops
-----------------------------------------------------------------------------
 Pair Search distance check           23308.711200      209778.401     0.0
 NxN Ewald Elec. + LJ [F]          18154038.405888  1198166534.789    97.9
 NxN Ewald Elec. + LJ [V&F]          183450.603072    19629214.529     1.6
 1,4 nonbonded interactions            7500.030000      675002.700     0.1
 Shift-X                                150.060000         900.360     0.0
 Bonds                                 2500.010000      147500.590     0.0
 Propers                               7500.030000     1717506.870     0.1
 Virial                                1501.185045       27021.331     0.0
 Stop-CM                                150.120000        1501.200     0.0
 P-Coupling                            1500.060000        9000.360     0.0
 Calc-Ekin                             3000.120000       81003.240     0.0
 Lincs                                    0.080000           4.800     0.0
 Lincs-Mat                                0.720000           2.880     0.0
 Constraint-V                             0.080000           0.720     0.0
 Urey-Bradley                         17500.070000     3202512.810     0.3
-----------------------------------------------------------------------------
 Total                                              1223867485.579   100.0
-----------------------------------------------------------------------------


     R E A L   C Y C L E   A N D   T I M E   A C C O U N T I N G

On 1 MPI rank, each using 10 OpenMP threads

 Computing:          Num   Num      Call    Wall time         Giga-Cycles
                     Ranks Threads  Count      (s)         total sum    %
-----------------------------------------------------------------------------
 Neighbor search        1   10       2501      15.940        414.449   6.7
 Launch GPU ops.        1   10     497501      21.647        562.827   9.1
 Force                  1   10     250001      96.219       2501.707  40.5
 Wait PME GPU gather    1   10     250001       0.054          1.396   0.0
 Reduce GPU PME F       1   10     250001       0.511         13.286   0.2
 Wait GPU NB local      1   10     225000       0.140          3.642   0.1
 Wait GPU state copy    1   10     312504      76.663       1993.233  32.3
 NB X/F buffer ops.     1   10      25001       3.509         91.239   1.5
 Write traj.            1   10         54       3.158         82.103   1.3
 Constraints            1   10          2       0.004          0.112   0.0
 Rest                                          19.659        511.126   8.3
-----------------------------------------------------------------------------
 Total                                        237.504       6175.118 100.0
-----------------------------------------------------------------------------

               Core t (s)   Wall t (s)        (%)
       Time:     2375.032      237.504     1000.0
                 (ns/day)    (hour/ns)
Performance:      181.892        0.132
Finished mdrun on rank 0 Thu Jul  3 15:00:34 2025

