                      :-) GROMACS - gmx mdrun, 2021.5 (-:

                            GROMACS is written by:
     Andrey Alekseenko              Emile Apol              Rossen Apostolov     
         Paul Bauer           Herman J.C. Berendsen           Par Bjelkmar       
       Christian Blau           Viacheslav Bolnykh             Kevin Boyd        
     Aldert van Buuren           Rudi van Drunen             Anton Feenstra      
    Gilles Gouaillardet             Alan Gray               Gerrit Groenhof      
       Anca Hamuraru            Vincent Hindriksen          M. Eric Irrgang      
      Aleksei Iupinov           Christoph Junghans             Joe Jordan        
    Dimitrios Karkoulis            Peter Kasson                Jiri Kraus        
      Carsten Kutzner              Per Larsson              Justin A. Lemkul     
       Viveca Lindahl            Magnus Lundborg             Erik Marklund       
        Pascal Merz             Pieter Meulenhoff            Teemu Murtola       
        Szilard Pall               Sander Pronk              Roland Schulz       
       Michael Shirts            Alexey Shvetsov             Alfons Sijbers      
       Peter Tieleman              Jon Vincent              Teemu Virolainen     
     Christian Wennberg            Maarten Wolf              Artem Zhmurov       
                           and the project leaders:
        Mark Abraham, Berk Hess, Erik Lindahl, and David van der Spoel

Copyright (c) 1991-2000, University of Groningen, The Netherlands.
Copyright (c) 2001-2019, The GROMACS development team at
Uppsala University, Stockholm University and
the Royal Institute of Technology, Sweden.
check out http://www.gromacs.org for more information.

GROMACS is free software; you can redistribute it and/or modify it
under the terms of the GNU Lesser General Public License
as published by the Free Software Foundation; either version 2.1
of the License, or (at your option) any later version.

GROMACS:      gmx mdrun, version 2021.5
Executable:   /usr/local/gromacs_2021.5/bin/gmx
Data prefix:  /usr/local/gromacs_2021.5
Working dir:  /srv/home/apbal/work/REU/numb_dens/MEOH
Process ID:   241473
Command line:
  gmx mdrun -v -deffnm npt_prod -ntomp 10 -nb gpu -bonded cpu -update gpu -ntmpi 1 -cpt 1

GROMACS version:    2021.5
Precision:          mixed
Memory model:       64 bit
MPI library:        thread_mpi
OpenMP support:     enabled (GMX_OPENMP_MAX_THREADS = 256)
GPU support:        CUDA
SIMD instructions:  AVX2_256
FFT library:        fftw-3.3.8-sse2-avx-avx2-avx2_128
RDTSCP usage:       enabled
TNG support:        enabled
Hwloc support:      disabled
Tracing support:    disabled
C compiler:         /usr/bin/cc GNU 9.4.0
C compiler flags:   -mavx2 -mfma -Wno-missing-field-initializers -fexcess-precision=fast -funroll-all-loops -pthread -O3 -DNDEBUG
C++ compiler:       /usr/bin/c++ GNU 9.4.0
C++ compiler flags: -mavx2 -mfma -Wno-missing-field-initializers -fexcess-precision=fast -funroll-all-loops -pthread -fopenmp -O3 -DNDEBUG
CUDA compiler:      /usr/local/cuda-12.2/bin/nvcc nvcc: NVIDIA (R) Cuda compiler driver;Copyright (c) 2005-2023 NVIDIA Corporation;Built on Tue_Aug_15_22:02:13_PDT_2023;Cuda compilation tools, release 12.2, V12.2.140;Build cuda_12.2.r12.2/compiler.33191640_0
CUDA compiler flags:-std=c++17;-gencode;arch=compute_60,code=sm_60;-gencode;arch=compute_61,code=sm_61;-gencode;arch=compute_62,code=sm_62;-gencode;arch=compute_70,code=sm_70;-gencode;arch=compute_75,code=sm_75;-gencode;arch=compute_80,code=sm_80;-gencode;arch=compute_86,code=sm_86;-gencode;arch=compute_89,code=sm_89;-gencode;arch=compute_60,code=compute_60;-gencode;arch=compute_61,code=compute_61;-gencode;arch=compute_62,code=compute_62;-gencode;arch=compute_70,code=compute_70;-gencode;arch=compute_75,code=compute_75;-gencode;arch=compute_80,code=compute_80;-gencode;arch=compute_86,code=compute_86;-gencode;arch=compute_89,code=compute_89;-use_fast_math;-D_FORCE_INLINES;-mavx2 -mfma -Wno-missing-field-initializers -fexcess-precision=fast -funroll-all-loops -pthread -fopenmp -O3 -DNDEBUG
CUDA driver:        12.90
CUDA runtime:       12.20


Running on 1 node with total 128 cores, 128 logical cores, 1 compatible GPU
Hardware detected:
  CPU info:
    Vendor: AMD
    Brand:  AMD EPYC 7513 32-Core Processor                
    Family: 25   Model: 1   Stepping: 1
    Features: aes amd apic avx avx2 clfsh cmov cx8 cx16 f16c fma htt lahf misalignsse mmx msr nonstop_tsc pcid pclmuldq pdpe1gb popcnt pse rdrnd rdtscp sha sse2 sse3 sse4a sse4.1 sse4.2 ssse3
  Hardware topology: Only logical processor count
  GPU info:
    Number of GPUs detected: 1
    #0: NVIDIA NVIDIA RTX A4500, compute cap.: 8.6, ECC:  no, stat: compatible


++++ PLEASE READ AND CITE THE FOLLOWING REFERENCE ++++
M. J. Abraham, T. Murtola, R. Schulz, S. Páll, J. C. Smith, B. Hess, E.
Lindahl
GROMACS: High performance molecular simulations through multi-level
parallelism from laptops to supercomputers
SoftwareX 1 (2015) pp. 19-25
-------- -------- --- Thank You --- -------- --------


++++ PLEASE READ AND CITE THE FOLLOWING REFERENCE ++++
S. Páll, M. J. Abraham, C. Kutzner, B. Hess, E. Lindahl
Tackling Exascale Software Challenges in Molecular Dynamics Simulations with
GROMACS
In S. Markidis & E. Laure (Eds.), Solving Software Challenges for Exascale 8759 (2015) pp. 3-27
-------- -------- --- Thank You --- -------- --------


++++ PLEASE READ AND CITE THE FOLLOWING REFERENCE ++++
S. Pronk, S. Páll, R. Schulz, P. Larsson, P. Bjelkmar, R. Apostolov, M. R.
Shirts, J. C. Smith, P. M. Kasson, D. van der Spoel, B. Hess, and E. Lindahl
GROMACS 4.5: a high-throughput and highly parallel open source molecular
simulation toolkit
Bioinformatics 29 (2013) pp. 845-54
-------- -------- --- Thank You --- -------- --------


++++ PLEASE READ AND CITE THE FOLLOWING REFERENCE ++++
B. Hess and C. Kutzner and D. van der Spoel and E. Lindahl
GROMACS 4: Algorithms for highly efficient, load-balanced, and scalable
molecular simulation
J. Chem. Theory Comput. 4 (2008) pp. 435-447
-------- -------- --- Thank You --- -------- --------


++++ PLEASE READ AND CITE THE FOLLOWING REFERENCE ++++
D. van der Spoel, E. Lindahl, B. Hess, G. Groenhof, A. E. Mark and H. J. C.
Berendsen
GROMACS: Fast, Flexible and Free
J. Comp. Chem. 26 (2005) pp. 1701-1719
-------- -------- --- Thank You --- -------- --------


++++ PLEASE READ AND CITE THE FOLLOWING REFERENCE ++++
E. Lindahl and B. Hess and D. van der Spoel
GROMACS 3.0: A package for molecular simulation and trajectory analysis
J. Mol. Mod. 7 (2001) pp. 306-317
-------- -------- --- Thank You --- -------- --------


++++ PLEASE READ AND CITE THE FOLLOWING REFERENCE ++++
H. J. C. Berendsen, D. van der Spoel and R. van Drunen
GROMACS: A message-passing parallel molecular dynamics implementation
Comp. Phys. Comm. 91 (1995) pp. 43-56
-------- -------- --- Thank You --- -------- --------


++++ PLEASE CITE THE DOI FOR THIS VERSION OF GROMACS ++++
https://doi.org/10.5281/zenodo.5850051
-------- -------- --- Thank You --- -------- --------

Input Parameters:
   integrator                     = md
   tinit                          = 0
   dt                             = 0.002
   nsteps                         = 25000000
   init-step                      = 0
   simulation-part                = 1
   mts                            = false
   comm-mode                      = Linear
   nstcomm                        = 100
   bd-fric                        = 0
   ld-seed                        = -39387141
   emtol                          = 10
   emstep                         = 0.01
   niter                          = 20
   fcstep                         = 0
   nstcgsteep                     = 1000
   nbfgscorr                      = 10
   rtpi                           = 0.05
   nstxout                        = 50000
   nstvout                        = 50000
   nstfout                        = 0
   nstlog                         = 50000
   nstcalcenergy                  = 100
   nstenergy                      = 50000
   nstxout-compressed             = 50000
   compressed-x-precision         = 1000
   cutoff-scheme                  = Verlet
   nstlist                        = 10
   pbc                            = xyz
   periodic-molecules             = false
   verlet-buffer-tolerance        = 0.005
   rlist                          = 1.4
   coulombtype                    = PME
   coulomb-modifier               = Potential-shift
   rcoulomb-switch                = 0
   rcoulomb                       = 1.4
   epsilon-r                      = 1
   epsilon-rf                     = inf
   vdw-type                       = Cut-off
   vdw-modifier                   = Potential-shift
   rvdw-switch                    = 0
   rvdw                           = 1.4
   DispCorr                       = EnerPres
   table-extension                = 1
   fourierspacing                 = 0.12
   fourier-nx                     = 48
   fourier-ny                     = 48
   fourier-nz                     = 192
   pme-order                      = 4
   ewald-rtol                     = 1e-05
   ewald-rtol-lj                  = 0.001
   lj-pme-comb-rule               = Geometric
   ewald-geometry                 = 0
   epsilon-surface                = 0
   tcoupl                         = V-rescale
   nsttcouple                     = 10
   nh-chain-length                = 0
   print-nose-hoover-chain-variables = false
   pcoupl                         = Parrinello-Rahman
   pcoupltype                     = Semiisotropic
   nstpcouple                     = 10
   tau-p                          = 2
   compressibility (3x3):
      compressibility[    0]={ 4.50000e-05,  0.00000e+00,  0.00000e+00}
      compressibility[    1]={ 0.00000e+00,  4.50000e-05,  0.00000e+00}
      compressibility[    2]={ 0.00000e+00,  0.00000e+00,  4.50000e-05}
   ref-p (3x3):
      ref-p[    0]={ 1.00000e+00,  0.00000e+00,  0.00000e+00}
      ref-p[    1]={ 0.00000e+00,  1.00000e+00,  0.00000e+00}
      ref-p[    2]={ 0.00000e+00,  0.00000e+00,  1.00000e+00}
   refcoord-scaling               = No
   posres-com (3):
      posres-com[0]= 0.00000e+00
      posres-com[1]= 0.00000e+00
      posres-com[2]= 0.00000e+00
   posres-comB (3):
      posres-comB[0]= 0.00000e+00
      posres-comB[1]= 0.00000e+00
      posres-comB[2]= 0.00000e+00
   QMMM                           = false
qm-opts:
   ngQM                           = 0
   constraint-algorithm           = Lincs
   continuation                   = false
   Shake-SOR                      = false
   shake-tol                      = 0.0001
   lincs-order                    = 4
   lincs-iter                     = 1
   lincs-warnangle                = 30
   nwall                          = 0
   wall-type                      = 9-3
   wall-r-linpot                  = -1
   wall-atomtype[0]               = -1
   wall-atomtype[1]               = -1
   wall-density[0]                = 0
   wall-density[1]                = 0
   wall-ewald-zfac                = 3
   pull                           = false
   awh                            = false
   rotation                       = false
   interactiveMD                  = false
   disre                          = No
   disre-weighting                = Conservative
   disre-mixed                    = false
   dr-fc                          = 1000
   dr-tau                         = 0
   nstdisreout                    = 100
   orire-fc                       = 0
   orire-tau                      = 0
   nstorireout                    = 100
   free-energy                    = no
   cos-acceleration               = 0
   deform (3x3):
      deform[    0]={ 0.00000e+00,  0.00000e+00,  0.00000e+00}
      deform[    1]={ 0.00000e+00,  0.00000e+00,  0.00000e+00}
      deform[    2]={ 0.00000e+00,  0.00000e+00,  0.00000e+00}
   simulated-tempering            = false
   swapcoords                     = no
   userint1                       = 0
   userint2                       = 0
   userint3                       = 0
   userint4                       = 0
   userreal1                      = 0
   userreal2                      = 0
   userreal3                      = 0
   userreal4                      = 0
   applied-forces:
     electric-field:
       x:
         E0                       = 0
         omega                    = 0
         t0                       = 0
         sigma                    = 0
       y:
         E0                       = 0
         omega                    = 0
         t0                       = 0
         sigma                    = 0
       z:
         E0                       = 0
         omega                    = 0
         t0                       = 0
         sigma                    = 0
     density-guided-simulation:
       active                     = false
       group                      = protein
       similarity-measure         = inner-product
       atom-spreading-weight      = unity
       force-constant             = 1e+09
       gaussian-transform-spreading-width = 0.2
       gaussian-transform-spreading-range-in-multiples-of-width = 4
       reference-density-filename = reference.mrc
       nst                        = 1
       normalize-densities        = true
       adaptive-force-scaling     = false
       adaptive-force-scaling-time-constant = 4
       shift-vector               = 
       transformation-matrix      = 
grpopts:
   nrdf:      139997
   ref-t:         298
   tau-t:         0.1
annealing:          No
annealing-npoints:           0
   acc:	           0           0           0
   nfreeze:           N           N           N
   energygrp-flags[  0]: 0

Changing nstlist from 10 to 100, rlist from 1.4 to 1.408

1 GPU selected for this run.
Mapping of GPU IDs to the 2 GPU tasks in the 1 rank on this node:
  PP:0,PME:0
PP tasks will do (non-perturbed) short-ranged interactions on the GPU
PP task will update and constrain coordinates on the GPU
PME tasks will do all aspects on the GPU
Using 1 MPI thread

Non-default thread affinity set, disabling internal thread affinity

Using 10 OpenMP threads 

System total charge: 0.000
Will do PME sum in reciprocal space for electrostatic interactions.

++++ PLEASE READ AND CITE THE FOLLOWING REFERENCE ++++
U. Essmann, L. Perera, M. L. Berkowitz, T. Darden, H. Lee and L. G. Pedersen 
A smooth particle mesh Ewald method
J. Chem. Phys. 103 (1995) pp. 8577-8592
-------- -------- --- Thank You --- -------- --------

Using a Gaussian width (1/beta) of 0.448228 nm for Ewald
Potential shift: LJ r^-12: -1.764e-02 r^-6: -1.328e-01, Ewald -7.143e-06
Initialized non-bonded Ewald tables, spacing: 1.10e-03 size: 1270

Generated table with 1204 data points for 1-4 COUL.
Tabscale = 500 points/nm
Generated table with 1204 data points for 1-4 LJ6.
Tabscale = 500 points/nm
Generated table with 1204 data points for 1-4 LJ12.
Tabscale = 500 points/nm
Long Range LJ corr.: <C6> 5.5025e-04


Using GPU 8x8 nonbonded short-range kernels

Using a 8x8 pair-list setup:
  updated every 100 steps, buffer 0.008 nm, rlist 1.408 nm
At tolerance 0.005 kJ/mol/ps per atom, equivalent classical 1x1 list would be:
  updated every 100 steps, buffer 0.201 nm, rlist 1.601 nm

Using Lorentz-Berthelot Lennard-Jones combination rule
Removing pbc first time

Initializing LINear Constraint Solver

++++ PLEASE READ AND CITE THE FOLLOWING REFERENCE ++++
B. Hess and H. Bekker and H. J. C. Berendsen and J. G. E. M. Fraaije
LINCS: A Linear Constraint Solver for molecular simulations
J. Comp. Chem. 18 (1997) pp. 1463-1472
-------- -------- --- Thank You --- -------- --------

The number of constraints is 40000

++++ PLEASE READ AND CITE THE FOLLOWING REFERENCE ++++
G. Bussi, D. Donadio and M. Parrinello
Canonical sampling through velocity rescaling
J. Chem. Phys. 126 (2007) pp. 014101
-------- -------- --- Thank You --- -------- --------

There are: 60000 Atoms

Updating coordinates and applying constraints on the GPU.

Constraining the starting coordinates (step 0)

Constraining the coordinates at t0-dt (step 0)
Center of mass motion removal mode is Linear
We have the following groups for center of mass motion removal:
  0:  rest
RMS relative constraint deviation after constraining: 4.56e-06
Initial temperature: 300.009 K

Started mdrun on rank 0 Mon Jun 30 11:40:12 2025

           Step           Time
              0        0.00000

   Energies (kJ/mol)
           Bond            U-B    Proper Dih.          LJ-14     Coulomb-14
    1.37278e+04    7.76799e+04    1.30997e+04   -6.14296e+02    6.39329e+05
        LJ (SR)  Disper. corr.   Coulomb (SR)   Coul. recip.      Potential
   -9.04164e+04   -4.47504e+03   -2.65064e+05    2.23260e+03    3.85500e+05
    Kinetic En.   Total Energy  Conserved En.    Temperature Pres. DC (bar)
    1.85223e+05    5.70723e+05    5.70764e+05    3.18253e+02   -1.10078e+02
 Pressure (bar)   Constr. rmsd
   -8.31800e+01    4.56393e-06

step  600: timed with pme grid 48 48 192, coulomb cutoff 1.400: 5774.3 M-cycles
step  800: timed with pme grid 42 42 168, coulomb cutoff 1.535: 5797.6 M-cycles
step 1000: timed with pme grid 36 36 144, coulomb cutoff 1.791: 5828.9 M-cycles
step 1200: timed with pme grid 32 32 128, coulomb cutoff 2.015: 5919.9 M-cycles
step 1200: the maximum allowed grid scaling limits the PME load balancing to a coulomb cut-off of 2.149
step 1400: timed with pme grid 32 32 120, coulomb cutoff 2.149: 5904.3 M-cycles
step 1600: timed with pme grid 32 32 128, coulomb cutoff 2.015: 5906.9 M-cycles
step 1800: timed with pme grid 36 36 144, coulomb cutoff 1.791: 5870.4 M-cycles
step 2000: timed with pme grid 40 40 160, coulomb cutoff 1.612: 5732.7 M-cycles
step 2200: timed with pme grid 42 42 168, coulomb cutoff 1.535: 5789.8 M-cycles
Writing checkpoint, step 2300 at Mon Jun 30 11:41:17 2025


step 2400: timed with pme grid 44 44 192, coulomb cutoff 1.466: 1034.6 M-cycles
              optimal pme grid 44 44 192, coulomb cutoff 1.466
           Step           Time
          50000      100.00000

   Energies (kJ/mol)
           Bond            U-B    Proper Dih.          LJ-14     Coulomb-14
    1.86739e+04    1.10812e+05    1.05116e+04   -6.14632e+02    6.39245e+05
        LJ (SR)  Disper. corr.   Coulomb (SR)   Coul. recip.      Potential
   -1.16517e+04    2.13096e+00   -2.19879e+05    2.24052e+01    5.47121e+05
    Kinetic En.   Total Energy  Conserved En.    Temperature Pres. DC (bar)
    1.74670e+05    7.21791e+05    1.90227e+07    3.00121e+02   -2.07094e-08
 Pressure (bar)   Constr. rmsd
   -1.10415e-03    4.56393e-06


Step 63161  Warning: Pressure scaling more than 1%. This may mean your system
 is not yet equilibrated. Use of Parrinello-Rahman pressure coupling during
equilibration can lead to simulation instability, and is discouraged.

Step 63171  Warning: Pressure scaling more than 1%. This may mean your system
 is not yet equilibrated. Use of Parrinello-Rahman pressure coupling during
equilibration can lead to simulation instability, and is discouraged.

Step 63181  Warning: Pressure scaling more than 1%. This may mean your system
 is not yet equilibrated. Use of Parrinello-Rahman pressure coupling during
equilibration can lead to simulation instability, and is discouraged.

Step 63191  Warning: Pressure scaling more than 1%. This may mean your system
 is not yet equilibrated. Use of Parrinello-Rahman pressure coupling during
equilibration can lead to simulation instability, and is discouraged.

Step 63201  Warning: Pressure scaling more than 1%. This may mean your system
 is not yet equilibrated. Use of Parrinello-Rahman pressure coupling during
equilibration can lead to simulation instability, and is discouraged.

Step 63211  Warning: Pressure scaling more than 1%. This may mean your system
 is not yet equilibrated. Use of Parrinello-Rahman pressure coupling during
equilibration can lead to simulation instability, and is discouraged.

Step 63221  Warning: Pressure scaling more than 1%. This may mean your system
 is not yet equilibrated. Use of Parrinello-Rahman pressure coupling during
equilibration can lead to simulation instability, and is discouraged.

Step 63231  Warning: Pressure scaling more than 1%. This may mean your system
 is not yet equilibrated. Use of Parrinello-Rahman pressure coupling during
equilibration can lead to simulation instability, and is discouraged.

Step 63241  Warning: Pressure scaling more than 1%. This may mean your system
 is not yet equilibrated. Use of Parrinello-Rahman pressure coupling during
equilibration can lead to simulation instability, and is discouraged.

Step 63251  Warning: Pressure scaling more than 1%. This may mean your system
 is not yet equilibrated. Use of Parrinello-Rahman pressure coupling during
equilibration can lead to simulation instability, and is discouraged.

Step 63261  Warning: Pressure scaling more than 1%. This may mean your system
 is not yet equilibrated. Use of Parrinello-Rahman pressure coupling during
equilibration can lead to simulation instability, and is discouraged.

Step 63271  Warning: Pressure scaling more than 1%. This may mean your system
 is not yet equilibrated. Use of Parrinello-Rahman pressure coupling during
equilibration can lead to simulation instability, and is discouraged.

Step 63281  Warning: Pressure scaling more than 1%. This may mean your system
 is not yet equilibrated. Use of Parrinello-Rahman pressure coupling during
equilibration can lead to simulation instability, and is discouraged.

Step 63291  Warning: Pressure scaling more than 1%. This may mean your system
 is not yet equilibrated. Use of Parrinello-Rahman pressure coupling during
equilibration can lead to simulation instability, and is discouraged.

Step 63301  Warning: Pressure scaling more than 1%. This may mean your system
 is not yet equilibrated. Use of Parrinello-Rahman pressure coupling during
equilibration can lead to simulation instability, and is discouraged.

Step 63311  Warning: Pressure scaling more than 1%. This may mean your system
 is not yet equilibrated. Use of Parrinello-Rahman pressure coupling during
equilibration can lead to simulation instability, and is discouraged.

Step 63321  Warning: Pressure scaling more than 1%. This may mean your system
 is not yet equilibrated. Use of Parrinello-Rahman pressure coupling during
equilibration can lead to simulation instability, and is discouraged.

Step 63331  Warning: Pressure scaling more than 1%. This may mean your system
 is not yet equilibrated. Use of Parrinello-Rahman pressure coupling during
equilibration can lead to simulation instability, and is discouraged.

Step 63341  Warning: Pressure scaling more than 1%. This may mean your system
 is not yet equilibrated. Use of Parrinello-Rahman pressure coupling during
equilibration can lead to simulation instability, and is discouraged.

Step 63351  Warning: Pressure scaling more than 1%. This may mean your system
 is not yet equilibrated. Use of Parrinello-Rahman pressure coupling during
equilibration can lead to simulation instability, and is discouraged.

Step 63361  Warning: Pressure scaling more than 1%. This may mean your system
 is not yet equilibrated. Use of Parrinello-Rahman pressure coupling during
equilibration can lead to simulation instability, and is discouraged.

Step 63371  Warning: Pressure scaling more than 1%. This may mean your system
 is not yet equilibrated. Use of Parrinello-Rahman pressure coupling during
equilibration can lead to simulation instability, and is discouraged.

Step 63381  Warning: Pressure scaling more than 1%. This may mean your system
 is not yet equilibrated. Use of Parrinello-Rahman pressure coupling during
equilibration can lead to simulation instability, and is discouraged.

Step 63391  Warning: Pressure scaling more than 1%. This may mean your system
 is not yet equilibrated. Use of Parrinello-Rahman pressure coupling during
equilibration can lead to simulation instability, and is discouraged.

Step 63401  Warning: Pressure scaling more than 1%. This may mean your system
 is not yet equilibrated. Use of Parrinello-Rahman pressure coupling during
equilibration can lead to simulation instability, and is discouraged.

Step 63411  Warning: Pressure scaling more than 1%. This may mean your system
 is not yet equilibrated. Use of Parrinello-Rahman pressure coupling during
equilibration can lead to simulation instability, and is discouraged.

Step 63421  Warning: Pressure scaling more than 1%. This may mean your system
 is not yet equilibrated. Use of Parrinello-Rahman pressure coupling during
equilibration can lead to simulation instability, and is discouraged.

Step 63431  Warning: Pressure scaling more than 1%. This may mean your system
 is not yet equilibrated. Use of Parrinello-Rahman pressure coupling during
equilibration can lead to simulation instability, and is discouraged.

Step 63441  Warning: Pressure scaling more than 1%. This may mean your system
 is not yet equilibrated. Use of Parrinello-Rahman pressure coupling during
equilibration can lead to simulation instability, and is discouraged.

Step 63451  Warning: Pressure scaling more than 1%. This may mean your system
 is not yet equilibrated. Use of Parrinello-Rahman pressure coupling during
equilibration can lead to simulation instability, and is discouraged.

Step 63461  Warning: Pressure scaling more than 1%. This may mean your system
 is not yet equilibrated. Use of Parrinello-Rahman pressure coupling during
equilibration can lead to simulation instability, and is discouraged.

Step 63471  Warning: Pressure scaling more than 1%. This may mean your system
 is not yet equilibrated. Use of Parrinello-Rahman pressure coupling during
equilibration can lead to simulation instability, and is discouraged.

Step 63481  Warning: Pressure scaling more than 1%. This may mean your system
 is not yet equilibrated. Use of Parrinello-Rahman pressure coupling during
equilibration can lead to simulation instability, and is discouraged.

Step 63491  Warning: Pressure scaling more than 1%. This may mean your system
 is not yet equilibrated. Use of Parrinello-Rahman pressure coupling during
equilibration can lead to simulation instability, and is discouraged.

Step 63501  Warning: Pressure scaling more than 1%. This may mean your system
 is not yet equilibrated. Use of Parrinello-Rahman pressure coupling during
equilibration can lead to simulation instability, and is discouraged.

Step 63511  Warning: Pressure scaling more than 1%. This may mean your system
 is not yet equilibrated. Use of Parrinello-Rahman pressure coupling during
equilibration can lead to simulation instability, and is discouraged.

Step 63521  Warning: Pressure scaling more than 1%. This may mean your system
 is not yet equilibrated. Use of Parrinello-Rahman pressure coupling during
equilibration can lead to simulation instability, and is discouraged.

Step 63531  Warning: Pressure scaling more than 1%. This may mean your system
 is not yet equilibrated. Use of Parrinello-Rahman pressure coupling during
equilibration can lead to simulation instability, and is discouraged.

Step 63541  Warning: Pressure scaling more than 1%. This may mean your system
 is not yet equilibrated. Use of Parrinello-Rahman pressure coupling during
equilibration can lead to simulation instability, and is discouraged.

Step 63551  Warning: Pressure scaling more than 1%. This may mean your system
 is not yet equilibrated. Use of Parrinello-Rahman pressure coupling during
equilibration can lead to simulation instability, and is discouraged.

Step 63561  Warning: Pressure scaling more than 1%. This may mean your system
 is not yet equilibrated. Use of Parrinello-Rahman pressure coupling during
equilibration can lead to simulation instability, and is discouraged.

Step 63571  Warning: Pressure scaling more than 1%. This may mean your system
 is not yet equilibrated. Use of Parrinello-Rahman pressure coupling during
equilibration can lead to simulation instability, and is discouraged.

Step 63581  Warning: Pressure scaling more than 1%. This may mean your system
 is not yet equilibrated. Use of Parrinello-Rahman pressure coupling during
equilibration can lead to simulation instability, and is discouraged.

Step 63591  Warning: Pressure scaling more than 1%. This may mean your system
 is not yet equilibrated. Use of Parrinello-Rahman pressure coupling during
equilibration can lead to simulation instability, and is discouraged.

Step 63601  Warning: Pressure scaling more than 1%. This may mean your system
 is not yet equilibrated. Use of Parrinello-Rahman pressure coupling during
equilibration can lead to simulation instability, and is discouraged.

Step 63611  Warning: Pressure scaling more than 1%. This may mean your system
 is not yet equilibrated. Use of Parrinello-Rahman pressure coupling during
equilibration can lead to simulation instability, and is discouraged.

Step 63621  Warning: Pressure scaling more than 1%. This may mean your system
 is not yet equilibrated. Use of Parrinello-Rahman pressure coupling during
equilibration can lead to simulation instability, and is discouraged.

Step 63631  Warning: Pressure scaling more than 1%. This may mean your system
 is not yet equilibrated. Use of Parrinello-Rahman pressure coupling during
equilibration can lead to simulation instability, and is discouraged.

Step 63641  Warning: Pressure scaling more than 1%. This may mean your system
 is not yet equilibrated. Use of Parrinello-Rahman pressure coupling during
equilibration can lead to simulation instability, and is discouraged.

Step 63651  Warning: Pressure scaling more than 1%. This may mean your system
 is not yet equilibrated. Use of Parrinello-Rahman pressure coupling during
equilibration can lead to simulation instability, and is discouraged.

Step 63661  Warning: Pressure scaling more than 1%. This may mean your system
 is not yet equilibrated. Use of Parrinello-Rahman pressure coupling during
equilibration can lead to simulation instability, and is discouraged.

Step 63671  Warning: Pressure scaling more than 1%. This may mean your system
 is not yet equilibrated. Use of Parrinello-Rahman pressure coupling during
equilibration can lead to simulation instability, and is discouraged.

Step 63681  Warning: Pressure scaling more than 1%. This may mean your system
 is not yet equilibrated. Use of Parrinello-Rahman pressure coupling during
equilibration can lead to simulation instability, and is discouraged.

Step 63691  Warning: Pressure scaling more than 1%. This may mean your system
 is not yet equilibrated. Use of Parrinello-Rahman pressure coupling during
equilibration can lead to simulation instability, and is discouraged.

Step 63701  Warning: Pressure scaling more than 1%. This may mean your system
 is not yet equilibrated. Use of Parrinello-Rahman pressure coupling during
equilibration can lead to simulation instability, and is discouraged.

Step 63711  Warning: Pressure scaling more than 1%. This may mean your system
 is not yet equilibrated. Use of Parrinello-Rahman pressure coupling during
equilibration can lead to simulation instability, and is discouraged.

Step 63721  Warning: Pressure scaling more than 1%. This may mean your system
 is not yet equilibrated. Use of Parrinello-Rahman pressure coupling during
equilibration can lead to simulation instability, and is discouraged.

Step 63731  Warning: Pressure scaling more than 1%. This may mean your system
 is not yet equilibrated. Use of Parrinello-Rahman pressure coupling during
equilibration can lead to simulation instability, and is discouraged.

Step 63741  Warning: Pressure scaling more than 1%. This may mean your system
 is not yet equilibrated. Use of Parrinello-Rahman pressure coupling during
equilibration can lead to simulation instability, and is discouraged.

Step 63751  Warning: Pressure scaling more than 1%. This may mean your system
 is not yet equilibrated. Use of Parrinello-Rahman pressure coupling during
equilibration can lead to simulation instability, and is discouraged.

Step 63761  Warning: Pressure scaling more than 1%. This may mean your system
 is not yet equilibrated. Use of Parrinello-Rahman pressure coupling during
equilibration can lead to simulation instability, and is discouraged.

Step 63771  Warning: Pressure scaling more than 1%. This may mean your system
 is not yet equilibrated. Use of Parrinello-Rahman pressure coupling during
equilibration can lead to simulation instability, and is discouraged.

Step 63781  Warning: Pressure scaling more than 1%. This may mean your system
 is not yet equilibrated. Use of Parrinello-Rahman pressure coupling during
equilibration can lead to simulation instability, and is discouraged.

Step 63791  Warning: Pressure scaling more than 1%. This may mean your system
 is not yet equilibrated. Use of Parrinello-Rahman pressure coupling during
equilibration can lead to simulation instability, and is discouraged.

Step 63801  Warning: Pressure scaling more than 1%. This may mean your system
 is not yet equilibrated. Use of Parrinello-Rahman pressure coupling during
equilibration can lead to simulation instability, and is discouraged.

Step 63811  Warning: Pressure scaling more than 1%. This may mean your system
 is not yet equilibrated. Use of Parrinello-Rahman pressure coupling during
equilibration can lead to simulation instability, and is discouraged.

Step 63821  Warning: Pressure scaling more than 1%. This may mean your system
 is not yet equilibrated. Use of Parrinello-Rahman pressure coupling during
equilibration can lead to simulation instability, and is discouraged.

Step 63831  Warning: Pressure scaling more than 1%. This may mean your system
 is not yet equilibrated. Use of Parrinello-Rahman pressure coupling during
equilibration can lead to simulation instability, and is discouraged.

Step 63841  Warning: Pressure scaling more than 1%. This may mean your system
 is not yet equilibrated. Use of Parrinello-Rahman pressure coupling during
equilibration can lead to simulation instability, and is discouraged.

Step 63851  Warning: Pressure scaling more than 1%. This may mean your system
 is not yet equilibrated. Use of Parrinello-Rahman pressure coupling during
equilibration can lead to simulation instability, and is discouraged.

Step 63861  Warning: Pressure scaling more than 1%. This may mean your system
 is not yet equilibrated. Use of Parrinello-Rahman pressure coupling during
equilibration can lead to simulation instability, and is discouraged.

Step 63871  Warning: Pressure scaling more than 1%. This may mean your system
 is not yet equilibrated. Use of Parrinello-Rahman pressure coupling during
equilibration can lead to simulation instability, and is discouraged.

Step 63881  Warning: Pressure scaling more than 1%. This may mean your system
 is not yet equilibrated. Use of Parrinello-Rahman pressure coupling during
equilibration can lead to sim