                      :-) GROMACS - gmx mdrun, 2021.5 (-:

                            GROMACS is written by:
     Andrey Alekseenko              Emile Apol              Rossen Apostolov     
         Paul Bauer           Herman J.C. Berendsen           Par Bjelkmar       
       Christian Blau           Viacheslav Bolnykh             Kevin Boyd        
     Aldert van Buuren           Rudi van Drunen             Anton Feenstra      
    Gilles Gouaillardet             Alan Gray               Gerrit Groenhof      
       Anca Hamuraru            Vincent Hindriksen          M. Eric Irrgang      
      Aleksei Iupinov           Christoph Junghans             Joe Jordan        
    Dimitrios Karkoulis            Peter Kasson                Jiri Kraus        
      Carsten Kutzner              Per Larsson              Justin A. Lemkul     
       Viveca Lindahl            Magnus Lundborg             Erik Marklund       
        Pascal Merz             Pieter Meulenhoff            Teemu Murtola       
        Szilard Pall               Sander Pronk              Roland Schulz       
       Michael Shirts            Alexey Shvetsov             Alfons Sijbers      
       Peter Tieleman              Jon Vincent              Teemu Virolainen     
     Christian Wennberg            Maarten Wolf              Artem Zhmurov       
                           and the project leaders:
        Mark Abraham, Berk Hess, Erik Lindahl, and David van der Spoel

Copyright (c) 1991-2000, University of Groningen, The Netherlands.
Copyright (c) 2001-2019, The GROMACS development team at
Uppsala University, Stockholm University and
the Royal Institute of Technology, Sweden.
check out http://www.gromacs.org for more information.

GROMACS is free software; you can redistribute it and/or modify it
under the terms of the GNU Lesser General Public License
as published by the Free Software Foundation; either version 2.1
of the License, or (at your option) any later version.

GROMACS:      gmx mdrun, version 2021.5
Executable:   /usr/local/gromacs_2021.5/bin/gmx
Data prefix:  /usr/local/gromacs_2021.5
Working dir:  /srv/home/apbal/work/REU/numb_dens/MEOH
Process ID:   589097
Command line:
  gmx mdrun -v -deffnm npt_pr -ntomp 10 -nb gpu -bonded cpu -update gpu -ntmpi 1 -cpt 1

GROMACS version:    2021.5
Precision:          mixed
Memory model:       64 bit
MPI library:        thread_mpi
OpenMP support:     enabled (GMX_OPENMP_MAX_THREADS = 256)
GPU support:        CUDA
SIMD instructions:  AVX2_256
FFT library:        fftw-3.3.8-sse2-avx-avx2-avx2_128
RDTSCP usage:       enabled
TNG support:        enabled
Hwloc support:      disabled
Tracing support:    disabled
C compiler:         /usr/bin/cc GNU 9.4.0
C compiler flags:   -mavx2 -mfma -Wno-missing-field-initializers -fexcess-precision=fast -funroll-all-loops -pthread -O3 -DNDEBUG
C++ compiler:       /usr/bin/c++ GNU 9.4.0
C++ compiler flags: -mavx2 -mfma -Wno-missing-field-initializers -fexcess-precision=fast -funroll-all-loops -pthread -fopenmp -O3 -DNDEBUG
CUDA compiler:      /usr/local/cuda-12.2/bin/nvcc nvcc: NVIDIA (R) Cuda compiler driver;Copyright (c) 2005-2023 NVIDIA Corporation;Built on Tue_Aug_15_22:02:13_PDT_2023;Cuda compilation tools, release 12.2, V12.2.140;Build cuda_12.2.r12.2/compiler.33191640_0
CUDA compiler flags:-std=c++17;-gencode;arch=compute_60,code=sm_60;-gencode;arch=compute_61,code=sm_61;-gencode;arch=compute_62,code=sm_62;-gencode;arch=compute_70,code=sm_70;-gencode;arch=compute_75,code=sm_75;-gencode;arch=compute_80,code=sm_80;-gencode;arch=compute_86,code=sm_86;-gencode;arch=compute_89,code=sm_89;-gencode;arch=compute_60,code=compute_60;-gencode;arch=compute_61,code=compute_61;-gencode;arch=compute_62,code=compute_62;-gencode;arch=compute_70,code=compute_70;-gencode;arch=compute_75,code=compute_75;-gencode;arch=compute_80,code=compute_80;-gencode;arch=compute_86,code=compute_86;-gencode;arch=compute_89,code=compute_89;-use_fast_math;-D_FORCE_INLINES;-mavx2 -mfma -Wno-missing-field-initializers -fexcess-precision=fast -funroll-all-loops -pthread -fopenmp -O3 -DNDEBUG
CUDA driver:        12.90
CUDA runtime:       12.20


Running on 1 node with total 128 cores, 128 logical cores, 1 compatible GPU
Hardware detected:
  CPU info:
    Vendor: AMD
    Brand:  AMD EPYC 7513 32-Core Processor                
    Family: 25   Model: 1   Stepping: 1
    Features: aes amd apic avx avx2 clfsh cmov cx8 cx16 f16c fma htt lahf misalignsse mmx msr nonstop_tsc pcid pclmuldq pdpe1gb popcnt pse rdrnd rdtscp sha sse2 sse3 sse4a sse4.1 sse4.2 ssse3
  Hardware topology: Only logical processor count
  GPU info:
    Number of GPUs detected: 1
    #0: NVIDIA NVIDIA RTX A4500, compute cap.: 8.6, ECC:  no, stat: compatible


++++ PLEASE READ AND CITE THE FOLLOWING REFERENCE ++++
M. J. Abraham, T. Murtola, R. Schulz, S. Páll, J. C. Smith, B. Hess, E.
Lindahl
GROMACS: High performance molecular simulations through multi-level
parallelism from laptops to supercomputers
SoftwareX 1 (2015) pp. 19-25
-------- -------- --- Thank You --- -------- --------


++++ PLEASE READ AND CITE THE FOLLOWING REFERENCE ++++
S. Páll, M. J. Abraham, C. Kutzner, B. Hess, E. Lindahl
Tackling Exascale Software Challenges in Molecular Dynamics Simulations with
GROMACS
In S. Markidis & E. Laure (Eds.), Solving Software Challenges for Exascale 8759 (2015) pp. 3-27
-------- -------- --- Thank You --- -------- --------


++++ PLEASE READ AND CITE THE FOLLOWING REFERENCE ++++
S. Pronk, S. Páll, R. Schulz, P. Larsson, P. Bjelkmar, R. Apostolov, M. R.
Shirts, J. C. Smith, P. M. Kasson, D. van der Spoel, B. Hess, and E. Lindahl
GROMACS 4.5: a high-throughput and highly parallel open source molecular
simulation toolkit
Bioinformatics 29 (2013) pp. 845-54
-------- -------- --- Thank You --- -------- --------


++++ PLEASE READ AND CITE THE FOLLOWING REFERENCE ++++
B. Hess and C. Kutzner and D. van der Spoel and E. Lindahl
GROMACS 4: Algorithms for highly efficient, load-balanced, and scalable
molecular simulation
J. Chem. Theory Comput. 4 (2008) pp. 435-447
-------- -------- --- Thank You --- -------- --------


++++ PLEASE READ AND CITE THE FOLLOWING REFERENCE ++++
D. van der Spoel, E. Lindahl, B. Hess, G. Groenhof, A. E. Mark and H. J. C.
Berendsen
GROMACS: Fast, Flexible and Free
J. Comp. Chem. 26 (2005) pp. 1701-1719
-------- -------- --- Thank You --- -------- --------


++++ PLEASE READ AND CITE THE FOLLOWING REFERENCE ++++
E. Lindahl and B. Hess and D. van der Spoel
GROMACS 3.0: A package for molecular simulation and trajectory analysis
J. Mol. Mod. 7 (2001) pp. 306-317
-------- -------- --- Thank You --- -------- --------


++++ PLEASE READ AND CITE THE FOLLOWING REFERENCE ++++
H. J. C. Berendsen, D. van der Spoel and R. van Drunen
GROMACS: A message-passing parallel molecular dynamics implementation
Comp. Phys. Comm. 91 (1995) pp. 43-56
-------- -------- --- Thank You --- -------- --------


++++ PLEASE CITE THE DOI FOR THIS VERSION OF GROMACS ++++
https://doi.org/10.5281/zenodo.5850051
-------- -------- --- Thank You --- -------- --------

Input Parameters:
   integrator                     = md
   tinit                          = 0
   dt                             = 0.002
   nsteps                         = 500000
   init-step                      = 0
   simulation-part                = 1
   mts                            = false
   comm-mode                      = Linear
   nstcomm                        = 100
   bd-fric                        = 0
   ld-seed                        = -270008324
   emtol                          = 10
   emstep                         = 0.01
   niter                          = 20
   fcstep                         = 0
   nstcgsteep                     = 1000
   nbfgscorr                      = 10
   rtpi                           = 0.05
   nstxout                        = 50000
   nstvout                        = 50000
   nstfout                        = 0
   nstlog                         = 50000
   nstcalcenergy                  = 100
   nstenergy                      = 50000
   nstxout-compressed             = 50000
   compressed-x-precision         = 1000
   cutoff-scheme                  = Verlet
   nstlist                        = 10
   pbc                            = xyz
   periodic-molecules             = false
   verlet-buffer-tolerance        = 0.005
   rlist                          = 1.4
   coulombtype                    = PME
   coulomb-modifier               = Potential-shift
   rcoulomb-switch                = 0
   rcoulomb                       = 1.4
   epsilon-r                      = 1
   epsilon-rf                     = inf
   vdw-type                       = Cut-off
   vdw-modifier                   = Potential-shift
   rvdw-switch                    = 0
   rvdw                           = 1.4
   DispCorr                       = EnerPres
   table-extension                = 1
   fourierspacing                 = 0.12
   fourier-nx                     = 44
   fourier-ny                     = 44
   fourier-nz                     = 192
   pme-order                      = 4
   ewald-rtol                     = 1e-05
   ewald-rtol-lj                  = 0.001
   lj-pme-comb-rule               = Geometric
   ewald-geometry                 = 0
   epsilon-surface                = 0
   tcoupl                         = V-rescale
   nsttcouple                     = 10
   nh-chain-length                = 0
   print-nose-hoover-chain-variables = false
   pcoupl                         = Parrinello-Rahman
   pcoupltype                     = Isotropic
   nstpcouple                     = 10
   tau-p                          = 2
   compressibility (3x3):
      compressibility[    0]={ 4.50000e-05,  0.00000e+00,  0.00000e+00}
      compressibility[    1]={ 0.00000e+00,  4.50000e-05,  0.00000e+00}
      compressibility[    2]={ 0.00000e+00,  0.00000e+00,  4.50000e-05}
   ref-p (3x3):
      ref-p[    0]={ 1.00000e+00,  0.00000e+00,  0.00000e+00}
      ref-p[    1]={ 0.00000e+00,  1.00000e+00,  0.00000e+00}
      ref-p[    2]={ 0.00000e+00,  0.00000e+00,  1.00000e+00}
   refcoord-scaling               = No
   posres-com (3):
      posres-com[0]= 0.00000e+00
      posres-com[1]= 0.00000e+00
      posres-com[2]= 0.00000e+00
   posres-comB (3):
      posres-comB[0]= 0.00000e+00
      posres-comB[1]= 0.00000e+00
      posres-comB[2]= 0.00000e+00
   QMMM                           = false
qm-opts:
   ngQM                           = 0
   constraint-algorithm           = Lincs
   continuation                   = false
   Shake-SOR                      = false
   shake-tol                      = 0.0001
   lincs-order                    = 4
   lincs-iter                     = 1
   lincs-warnangle                = 30
   nwall                          = 0
   wall-type                      = 9-3
   wall-r-linpot                  = -1
   wall-atomtype[0]               = -1
   wall-atomtype[1]               = -1
   wall-density[0]                = 0
   wall-density[1]                = 0
   wall-ewald-zfac                = 3
   pull                           = false
   awh                            = false
   rotation                       = false
   interactiveMD                  = false
   disre                          = No
   disre-weighting                = Conservative
   disre-mixed                    = false
   dr-fc                          = 1000
   dr-tau                         = 0
   nstdisreout                    = 100
   orire-fc                       = 0
   orire-tau                      = 0
   nstorireout                    = 100
   free-energy                    = no
   cos-acceleration               = 0
   deform (3x3):
      deform[    0]={ 0.00000e+00,  0.00000e+00,  0.00000e+00}
      deform[    1]={ 0.00000e+00,  0.00000e+00,  0.00000e+00}
      deform[    2]={ 0.00000e+00,  0.00000e+00,  0.00000e+00}
   simulated-tempering            = false
   swapcoords                     = no
   userint1                       = 0
   userint2                       = 0
   userint3                       = 0
   userint4                       = 0
   userreal1                      = 0
   userreal2                      = 0
   userreal3                      = 0
   userreal4                      = 0
   applied-forces:
     electric-field:
       x:
         E0                       = 0
         omega                    = 0
         t0                       = 0
         sigma                    = 0
       y:
         E0                       = 0
         omega                    = 0
         t0                       = 0
         sigma                    = 0
       z:
         E0                       = 0
         omega                    = 0
         t0                       = 0
         sigma                    = 0
     density-guided-simulation:
       active                     = false
       group                      = protein
       similarity-measure         = inner-product
       atom-spreading-weight      = unity
       force-constant             = 1e+09
       gaussian-transform-spreading-width = 0.2
       gaussian-transform-spreading-range-in-multiples-of-width = 4
       reference-density-filename = reference.mrc
       nst                        = 1
       normalize-densities        = true
       adaptive-force-scaling     = false
       adaptive-force-scaling-time-constant = 4
       shift-vector               = 
       transformation-matrix      = 
grpopts:
   nrdf:       69997
   ref-t:         298
   tau-t:         0.1
annealing:          No
annealing-npoints:           0
   acc:	           0           0           0
   nfreeze:           N           N           N
   energygrp-flags[  0]: 0

Changing nstlist from 10 to 100, rlist from 1.4 to 1.4

1 GPU selected for this run.
Mapping of GPU IDs to the 2 GPU tasks in the 1 rank on this node:
  PP:0,PME:0
PP tasks will do (non-perturbed) short-ranged interactions on the GPU
PP task will update and constrain coordinates on the GPU
PME tasks will do all aspects on the GPU
Using 1 MPI thread

Non-default thread affinity set, disabling internal thread affinity

Using 10 OpenMP threads 

System total charge: 0.000
Will do PME sum in reciprocal space for electrostatic interactions.

++++ PLEASE READ AND CITE THE FOLLOWING REFERENCE ++++
U. Essmann, L. Perera, M. L. Berkowitz, T. Darden, H. Lee and L. G. Pedersen 
A smooth particle mesh Ewald method
J. Chem. Phys. 103 (1995) pp. 8577-8592
-------- -------- --- Thank You --- -------- --------

Using a Gaussian width (1/beta) of 0.448228 nm for Ewald
Potential shift: LJ r^-12: -1.764e-02 r^-6: -1.328e-01, Ewald -7.143e-06
Initialized non-bonded Ewald tables, spacing: 1.10e-03 size: 1270

Generated table with 1200 data points for 1-4 COUL.
Tabscale = 500 points/nm
Generated table with 1200 data points for 1-4 LJ6.
Tabscale = 500 points/nm
Generated table with 1200 data points for 1-4 LJ12.
Tabscale = 500 points/nm
Long Range LJ corr.: <C6> 5.5025e-04


Using GPU 8x8 nonbonded short-range kernels

Using a 8x8 pair-list setup:
  updated every 100 steps, buffer 0.000 nm, rlist 1.400 nm
At tolerance 0.005 kJ/mol/ps per atom, equivalent classical 1x1 list would be:
  updated every 100 steps, buffer 0.168 nm, rlist 1.568 nm

Using Lorentz-Berthelot Lennard-Jones combination rule
Removing pbc first time

Initializing LINear Constraint Solver

++++ PLEASE READ AND CITE THE FOLLOWING REFERENCE ++++
B. Hess and H. Bekker and H. J. C. Berendsen and J. G. E. M. Fraaije
LINCS: A Linear Constraint Solver for molecular simulations
J. Comp. Chem. 18 (1997) pp. 1463-1472
-------- -------- --- Thank You --- -------- --------

The number of constraints is 20000

++++ PLEASE READ AND CITE THE FOLLOWING REFERENCE ++++
G. Bussi, D. Donadio and M. Parrinello
Canonical sampling through velocity rescaling
J. Chem. Phys. 126 (2007) pp. 014101
-------- -------- --- Thank You --- -------- --------

There are: 30000 Atoms

Updating coordinates and applying constraints on the GPU.

Constraining the starting coordinates (step 0)

Constraining the coordinates at t0-dt (step 0)
Center of mass motion removal mode is Linear
We have the following groups for center of mass motion removal:
  0:  rest
RMS relative constraint deviation after constraining: 4.67e-06
Initial temperature: 299.558 K

Started mdrun on rank 0 Thu Jul 10 11:35:54 2025

           Step           Time
              0        0.00000

   Energies (kJ/mol)
           Bond            U-B    Proper Dih.          LJ-14     Coulomb-14
    6.98123e+03    3.91773e+04    6.65834e+03   -3.06807e+02    3.19545e+05
        LJ (SR)  Disper. corr.   Coulomb (SR)   Coul. recip.      Potential
   -4.29437e+04   -1.40643e+03   -1.30487e+05    1.18726e+03    1.98406e+05
    Kinetic En.   Total Energy  Conserved En.    Temperature Pres. DC (bar)
    9.24646e+04    2.90870e+05    2.90903e+05    3.17755e+02   -4.35162e+01
 Pressure (bar)   Constr. rmsd
    6.39214e+01    4.67448e-06

step 11900: timed with pme grid 44 44 192, coulomb cutoff 1.400: 112.4 M-cycles
step 12100: timed with pme grid 40 40 160, coulomb cutoff 1.494: 126.2 M-cycles
step 12300: timed with pme grid 42 42 168, coulomb cutoff 1.422: 115.9 M-cycles
step 12500: timed with pme grid 44 44 192, coulomb cutoff 1.400: 105.7 M-cycles
step 12700: timed with pme grid 42 42 168, coulomb cutoff 1.422: 105.3 M-cycles
step 12900: timed with pme grid 44 44 192, coulomb cutoff 1.400: 95.7 M-cycles
step 13100: timed with pme grid 42 42 168, coulomb cutoff 1.422: 98.8 M-cycles
step 13300: timed with pme grid 44 44 192, coulomb cutoff 1.400: 96.8 M-cycles
step 13500: timed with pme grid 42 42 168, coulomb cutoff 1.422: 104.5 M-cycles
step 13700: timed with pme grid 44 44 192, coulomb cutoff 1.400: 105.9 M-cycles
              optimal pme grid 44 44 192, coulomb cutoff 1.400
           Step           Time
          50000      100.00000

   Energies (kJ/mol)
           Bond            U-B    Proper Dih.          LJ-14     Coulomb-14
    7.09471e+03    4.15959e+04    6.14675e+03   -3.06862e+02    3.19606e+05
        LJ (SR)  Disper. corr.   Coulomb (SR)   Coul. recip.      Potential
   -2.13067e+04    9.48077e-01   -1.19341e+05    3.01828e+02    2.33792e+05
    Kinetic En.   Total Energy  Conserved En.    Temperature Pres. DC (bar)
    8.77831e+04    3.21575e+05    3.73468e+06    3.01667e+02   -4.81845e-07
 Pressure (bar)   Constr. rmsd
    1.84570e-02    4.67448e-06

           Step           Time
         100000      200.00000

   Energies (kJ/mol)
           Bond            U-B    Proper Dih.          LJ-14     Coulomb-14
    9.67763e+03    5.43398e+04    4.76050e+03   -3.05823e+02    3.19482e+05
        LJ (SR)  Disper. corr.   Coulomb (SR)   Coul. recip.      Potential
   -2.14333e+04    1.06039e+00   -1.22083e+05    5.87036e+01    2.44498e+05
    Kinetic En.   Total Energy  Conserved En.    Temperature Pres. DC (bar)
    8.71581e+04    3.31656e+05    2.06254e+06    2.99519e+02   -2.81547e-08
 Pressure (bar)   Constr. rmsd
    4.82136e-03    4.67448e-06

           Step           Time
         150000      300.00000

   Energies (kJ/mol)
           Bond            U-B    Proper Dih.          LJ-14     Coulomb-14
    9.74680e+03    5.67496e+04    4.78441e+03   -3.05359e+02    3.19422e+05
        LJ (SR)  Disper. corr.   Coulomb (SR)   Coul. recip.      Potential
   -1.90298e+04    6.83650e-01   -1.11345e+05    6.19445e+02    2.60642e+05
    Kinetic En.   Total Energy  Conserved En.    Temperature Pres. DC (bar)
    8.68134e+04    3.47456e+05    3.95369e+06    2.98334e+02   -3.73823e-06
 Pressure (bar)   Constr. rmsd
   -4.20561e-02    4.67448e-06

Writing checkpoint, step 158900 at Thu Jul 10 11:36:54 2025



Reading checkpoint file npt_pr.cpt
  file generated by:     /usr/local/gromacs_2021.5/bin/gmx
  file generated at:     Thu Jul 10 11:36:54 2025

  GROMACS double prec.:  0
  simulation part #:     1
  step:                  158900
  time:                  317.800000



-----------------------------------------------------------
Restarting from checkpoint, appending to previous log file.

                      :-) GROMACS - gmx mdrun, 2021.5 (-:

Executable:   /usr/local/gromacs_2021.5/bin/gmx
Data prefix:  /usr/local/gromacs_2021.5
Working dir:  /srv/home/apbal/work/REU/numb_dens/MEOH
Process ID:   689477
Command line:
  gmx mdrun -v -deffnm npt_pr -cpi npt_pr.cpt -append -ntomp 10 -nb gpu -bonded cpu -update gpu -ntmpi 1

GROMACS version:    2021.5
Precision:          mixed
Memory model:       64 bit
MPI library:        thread_mpi
OpenMP support:     enabled (GMX_OPENMP_MAX_THREADS = 256)
GPU support:        CUDA
SIMD instructions:  AVX2_256
FFT library:        fftw-3.3.8-sse2-avx-avx2-avx2_128
RDTSCP usage:       enabled
TNG support:        enabled
Hwloc support:      disabled
Tracing support:    disabled
C compiler:         /usr/bin/cc GNU 9.4.0
C compiler flags:   -mavx2 -mfma -Wno-missing-field-initializers -fexcess-precision=fast -funroll-all-loops -pthread -O3 -DNDEBUG
C++ compiler:       /usr/bin/c++ GNU 9.4.0
C++ compiler flags: -mavx2 -mfma -Wno-missing-field-initializers -fexcess-precision=fast -funroll-all-loops -pthread -fopenmp -O3 -DNDEBUG
CUDA compiler:      /usr/local/cuda-12.2/bin/nvcc nvcc: NVIDIA (R) Cuda compiler driver;Copyright (c) 2005-2023 NVIDIA Corporation;Built on Tue_Aug_15_22:02:13_PDT_2023;Cuda compilation tools, release 12.2, V12.2.140;Build cuda_12.2.r12.2/compiler.33191640_0
CUDA compiler flags:-std=c++17;-gencode;arch=compute_60,code=sm_60;-gencode;arch=compute_61,code=sm_61;-gencode;arch=compute_62,code=sm_62;-gencode;arch=compute_70,code=sm_70;-gencode;arch=compute_75,code=sm_75;-gencode;arch=compute_80,code=sm_80;-gencode;arch=compute_86,code=sm_86;-gencode;arch=compute_89,code=sm_89;-gencode;arch=compute_60,code=compute_60;-gencode;arch=compute_61,code=compute_61;-gencode;arch=compute_62,code=compute_62;-gencode;arch=compute_70,code=compute_70;-gencode;arch=compute_75,code=compute_75;-gencode;arch=compute_80,code=compute_80;-gencode;arch=compute_86,code=compute_86;-gencode;arch=compute_89,code=compute_89;-use_fast_math;-D_FORCE_INLINES;-mavx2 -mfma -Wno-missing-field-initializers -fexcess-precision=fast -funroll-all-loops -pthread -fopenmp -O3 -DNDEBUG
CUDA driver:        12.90
CUDA runtime:       12.20

Changing nstlist from 10 to 100, rlist from 1.4 to 1.4

1 GPU selected for this run.
Mapping of GPU IDs to the 2 GPU tasks in the 1 rank on this node:
  PP:0,PME:0
PP tasks will do (non-perturbed) short-ranged interactions on the GPU
PP task will update and constrain coordinates on the GPU
PME tasks will do all aspects on the GPU
Using 1 MPI thread

Non-default thread affinity set, disabling internal thread affinity

Using 10 OpenMP threads 

System total charge: 0.000
Will do PME sum in reciprocal space for electrostatic interactions.

++++ PLEASE READ AND CITE THE FOLLOWING REFERENCE ++++
U. Essmann, L. Perera, M. L. Berkowitz, T. Darden, H. Lee and L. G. Pedersen 
A smooth particle mesh Ewald method
J. Chem. Phys. 103 (1995) pp. 8577-8592
-------- -------- --- Thank You --- -------- --------

Using a Gaussian width (1/beta) of 0.448228 nm for Ewald
Potential shift: LJ r^-12: -1.764e-02 r^-6: -1.328e-01, Ewald -7.143e-06
Initialized non-bonded Ewald tables, spacing: 1.10e-03 size: 1270

Generated table with 1200 data points for 1-4 COUL.
Tabscale = 500 points/nm
Generated table with 1200 data points for 1-4 LJ6.
Tabscale = 500 points/nm
Generated table with 1200 data points for 1-4 LJ12.
Tabscale = 500 points/nm
Long Range LJ corr.: <C6> 5.5025e-04


Using GPU 8x8 nonbonded short-range kernels

Using a 8x8 pair-list setup:
  updated every 100 steps, buffer 0.000 nm, rlist 1.400 nm
At tolerance 0.005 kJ/mol/ps per atom, equivalent classical 1x1 list would be:
  updated every 100 steps, buffer 0.000 nm, rlist 1.400 nm

Using Lorentz-Berthelot Lennard-Jones combination rule

Initializing LINear Constraint Solver

++++ PLEASE READ AND CITE THE FOLLOWING REFERENCE ++++
B. Hess and H. Bekker and H. J. C. Berendsen and J. G. E. M. Fraaije
LINCS: A Linear Constraint Solver for molecular simulations
J. Comp. Chem. 18 (1997) pp. 1463-1472
-------- -------- --- Thank You --- -------- --------

The number of constraints is 20000
There are: 30000 Atoms

Updating coordinates and applying constraints on the GPU.
Center of mass motion removal mode is Linear
We have the following groups for center of mass motion removal:
  0:  rest

Started mdrun on rank 0 Fri Jul 11 13:59:25 2025


Step 170191  Warning: Pressure scaling more than 1%. This may mean your system
 is not yet equilibrated. Use of Parrinello-Rahman pressure coupling during
equilibration can lead to simulation instability, and is discouraged.

Step 170201  Warning: Pressure scaling more than 1%. This may mean your system
 is not yet equilibrated. Use of Parrinello-Rahman pressure coupling during
equilibration can lead to simulation instability, and is discouraged.

Step 170211  Warning: Pressure scaling more than 1%. This may mean your system
 is not yet equilibrated. Use of Parrinello-Rahman pressure coupling during
equilibration can lead to simulation instability, and is discouraged.

Step 170221  Warning: Pressure scaling more than 1%. This may mean your system
 is not yet equilibrated. Use of Parrinello-Rahman pressure coupling during
equilibration can lead to simulation instability, and is discouraged.

Step 170231  Warning: Pressure scaling more than 1%. This may mean your system
 is not yet equilibrated. Use of Parrinello-Rahman pressure coupling during
equilibration can lead to simulation instability, and is discouraged.

Step 170241  Warning: Pressure scaling more than 1%. This may mean your system
 is not yet equilibrated. Use of Parrinello-Rahman pressure coupling during
equilibration can lead to simulation instability, and is discouraged.

Step 170251  Warning: Pressure scaling more than 1%. This may mean your system
 is not yet equilibrated. Use of Parrinello-Rahman pressure coupling during
equilibration can lead to simulation instability, and is discouraged.

Step 170261  Warning: Pressure scaling more than 1%. This may mean your system
 is not yet equilibrated. Use of Parrinello-Rahman pressure coupling during
equilibration can lead to simulation instability, and is discouraged.

Step 170271  Warning: Pressure scaling more than 1%. This may mean your system
 is not yet equilibrated. Use of Parrinello-Rahman pressure coupling during
equilibration can lead to simulation instability, and is discouraged.

Step 170281  Warning: Pressure scaling more than 1%. This may mean your system
 is not yet equilibrated. Use of Parrinello-Rahman pressure coupling during
equilibration can lead to simulation instability, and is discouraged.

Step 170291  Warning: Pressure scaling more than 1%. This may mean your system
 is not yet equilibrated. Use of Parrinello-Rahman pressure coupling during
equilibration can lead to simulation instability, and is discouraged.

Step 170301  Warning: Pressure scaling more than 1%. This may mean your system
 is not yet equilibrated. Use of Parrinello-Rahman pressure coupling during
equilibration can lead to simulation instability, and is discouraged.

Step 170311  Warning: Pressure scaling more than 1%. This may mean your system
 is not yet equilibrated. Use of Parrinello-Rahman pressure coupling during
equilibration can lead to simulation instability, and is discouraged.

Step 170321  Warning: Pressure scaling more than 1%. This may mean your system
 is not yet equilibrated. Use of Parrinello-Rahman pressure coupling during
equilibration can lead to simulation instability, and is discouraged.

Step 170331  Warning: Pressure scaling more than 1%. This may mean your system
 is not yet equilibrated. Use of Parrinello-Rahman pressure coupling during
equilibration can lead to simulation instability, and is discouraged.

Step 170341  Warning: Pressure scaling more than 1%. This may mean your system
 is not yet equilibrated. Use of Parrinello-Rahman pressure coupling during
equilibration can lead to simulation instability, and is discouraged.

Step 170351  Warning: Pressure scaling more than 1%. This may mean your system
 is not yet equilibrated. Use of Parrinello-Rahman pressure coupling during
equilibration can lead to simulation instability, and is discouraged.

Step 170361  Warning: Pressure scaling more than 1%. This may mean your system
 is not yet equilibrated. Use of Parrinello-Rahman pressure coupling during
equilibration can lead to simulation instability, and is discouraged.

Step 170371  Warning: Pressure scaling more than 1%. This may mean your system
 is not yet equilibrated. Use of Parrinello-Rahman pressure coupling during
equilibration can lead to simulation instability, and is discouraged.

Step 170381  Warning: Pressure scaling more than 1%. This may mean your system
 is not yet equilibrated. Use of Parrinello-Rahman pressure coupling during
equilibration can lead to simulation instability, and is discouraged.
step 173400: timed with pme grid 44 44 192, coulomb cutoff 1.400: 82.0 M-cycles
step 173400: the box size limits the PME load balancing to a coulomb cut-off of 1.400
              optimal pme grid 44 44 192, coulomb cutoff 1.400
           Step           Time
         200000      400.00000

   Energies (kJ/mol)
           Bond            U-B    Proper Dih.          LJ-14     Coulomb-14
    1.09302e+04    6.01766e+04    5.49577e+03   -3.05064e+02    3.19127e+05
        LJ (SR)  Disper. corr.   Coulomb (SR)   Coul. recip.      Potential
   -4.92000e+01    1.08100e+00   -6.25323e+04    1.63178e+01    3.32860e+05
    Kinetic En.   Total Energy  Conserved En.    Temperature Pres. DC (bar)
    8.77055e+04    4.20566e+05    4.57219e+07    3.01400e+02   -5.06872e-09
 Pressure (bar)   Constr. rmsd
   -1.46005e-03    0.00000e+00

           Step           Time
         250000      500.00000

   Energies (kJ/mol)
           Bond            U-B    Proper Dih.          LJ-14     Coulomb-14
    9.73480e+03    5.85170e+04    4.27542e+03   -3.05659e+02    3.19549e+05
        LJ (SR)  Disper. corr.   Coulomb (SR)   Coul. recip.      Potential
    9.43168e+02    1.09355e+00   -7.09556e+04    2.49692e+00    3.21762e+05
    Kinetic En.   Total Energy  Conserved En.    Temperature Pres. DC (bar)
    8.90564e+04    4.10818e+05    2.02032e+07    3.06042e+02   -1.52410e-10
 Pressure (bar)   Constr. rmsd
    2.90291e-04    0.00000e+00

           Step           Time
         300000      600.00000

   Energies (kJ/mol)
           Bond            U-B    Proper Dih.          LJ-14     Coulomb-14
    1.10646e+04    6.24633e+04    4.56106e+03   -3.07018e+02    3.19493e+05
        LJ (SR)  Disper. corr.   Coulomb (SR)   Coul. recip.      Potential
    5.60471e+02    1.07609e+00   -6.68757e+04    1.78696e+01    3.30979e+05
    Kinetic En.   Total Energy  Conserved En.    Temperature Pres. DC (bar)
    8.71972e+04    4.18176e+05    4.67112e+07    2.99653e+02   -8.86872e-09
 Pressure (bar)   Constr. rmsd
   -3.59129e-04    0.00000e+00


Step 325091  Warning: Pressure scaling more than 1%. This may mean your system
 is not yet equilibrated. Use of Parrinello-Rahman pressure coupling during
equilibration can lead to simulation instability, and is discouraged.

Step 325101  Warning: Pressure scaling more than 1%. This may mean your system
 is not yet equilibrated. Use of Parrinello-Rahman pressure coupling during
equilibration can lead to simulation instability, and is discouraged.

Step 325111  Warning: Pressure scaling more than 1%. This may mean your system
 is not yet equilibrated. Use of Parrinello-Rahman pressure coupling during
equilibration can lead to simulation instability, and is discouraged.

Step 325121  Warning: Pressure scaling more than 1%. This may mean your system
 is not yet equilibrated. Use of Parrinello-Rahman pressure coupling during
equilibration can lead to simulation instability, and is discouraged.

Step 325131  Warning: Pressure scaling more than 1%. This may mean your system
 is not yet equilibrated. Use of Parrinello-Rahman pressure coupling during
equilibration can lead to simulation instability, and is discouraged.

Step 325141  Warning: Pressure scaling more than 1%. This may mean your system
 is not yet equilibrated. Use of Parrinello-Rahman pressure coupling during
equilibration can lead to simulation instability, and is discouraged.

Step 325151  Warning: Pressure scaling more than 1%. This may mean your system
 is not yet equilibrated. Use of Parrinello-Rahman pressure coupling during
equilibration can lead to simulation instability, and is discouraged.

Step 325161  Warning: Pressure scaling more than 1%. This may mean your system
 is not yet equilibrated. Use of Parrinello-Rahman pressure coupling during
equilibration can lead to simulation instability, and is discouraged.

Step 325171  Warning: Pressure scaling more than 1%. This may mean your system
 is not yet equilibrated. Use of Parrinello-Rahman pressure coupling during
equilibration can lead to simulation instability, and is discouraged.

Step 325181  Warning: Pressure scaling more than 1%. This may mean your system
 is not yet equilibrated. Use of Parrinello-Rahman pressure coupling during
equilibration can lead to simulation instability, and is discouraged.

Step 325191  Warning: Pressure scaling more than 1%. This may mean your system
 is not yet equilibrated. Use of Parrinello-Rahman pressure coupling during
equilibration can lead to simulation instability, and is discouraged.

Step 325201  Warning: Pressure scaling more than 1%. This may mean your system
 is not yet equilibrated. Use of Parrinello-Rahman pressure coupling during
equilibration can lead to simulation instability, and is discouraged.

Step 325211  Warning: Pressure scaling more than 1%. This may mean your system
 is not yet equilibrated. Use of Parrinello-Rahman pressure coupling during
equilibration can lead to simulation instability, and is discouraged.

Step 325221  Warning: Pressure scaling more than 1%. This may mean your system
 is not yet equilibrated. Use of Parrinello-Rahman pressure coupling during
equilibration can lead to simulation instability, and is discouraged.

Step 325231  Warning: Pressure scaling more than 1%. This may mean your system
 is not yet equilibrated. Use of Parrinello-Rahman pressure coupling during
equilibration can lead to simulation instability, and is discouraged.

Step 325241  Warning: Pressure scaling more than 1%. This may mean your system
 is not yet equilibrated. Use of Parrinello-Rahman pressure coupling during
equilibration can lead to simulation instability, and is discouraged.

Step 325251  Warning: Pressure scaling more than 1%. This may mean your system
 is not yet equilibrated. Use of Parrinello-Rahman pressure coupling during
equilibration can lead to simulation instability, and is discouraged.

Step 325261  Warning: Pressure scaling more than 1%. This may mean your system
 is not yet equilibrated. Use of Parrinello-Rahman pressure coupling during
equilibration can lead to simulation instability, and is discouraged.

Step 325271  Warning: Pressure scaling more than 1%. This may mean your system
 is not yet equilibrated. Use of Parrinello-Rahman pressure coupling during
equilibration can lead to simulation instability, and is discouraged.

Step 325281  Warning: Pressure scaling more than 1%. This may mean your system
 is not yet equilibrated. Use of Parrinello-Rahman pressure coupling during
equilibration can lead to simulation instability, and is discouraged.

Step 325291  Warning: Pressure scaling more than 1%. This may mean your system
 is not yet equilibrated. Use of Parrinello-Rahman pressure coupling during
equilibration can lead to simulation instability, and is discouraged.

Step 325301  Warning: Pressure scaling more than 1%. This may mean your system
 is not yet equilibrated. Use of Parrinello-Rahman pressure coupling during
equilibration can lead to simulation instability, and is discouraged.

Step 325311  Warning: Pressure scaling more than 1%. This may mean your system
 is not yet equilibrated. Use of Parrinello-Rahman pressure coupling during
equilibration can lead to simulation instability, and is discouraged.

Step 325321  Warning: Pressure scaling more than 1%. This may mean your system
 is not yet equilibrated. Use of Parrinello-Rahman pressure coupling during
equilibration can lead to simulation instability, and is discouraged.

Step 325331  Warning: Pressure scaling more than 1%. This may mean your system
 is not yet equilibrated. Use of Parrinello-Rahman pressure coupling during
equilibration can lead to simulation instability, and is discouraged.

Step 325341  Warning: Pressure scaling more than 1%. This may mean your system
 is not yet equilibrated. Use of Parrinello-Rahman pressure coupling during
equilibration can lead to simulation instability, and is discouraged.

Step 325351  Warning: Pressure scaling more than 1%. This may mean your system
 is not yet equilibrated. Use of Parrinello-Rahman pressure coupling during
equilibration can lead to simulation instability, and is discouraged.

Step 325361  Warning: Pressure scaling more than 1%. This may mean your system
 is not yet equilibrated. Use of Parrinello-Rahman pressure coupling during
equilibration can lead to simulation instability, and is discouraged.

Step 325371  Warning: Pressure scaling more than 1%. This may mean your system
 is not yet equilibrated. Use of Parrinello-Rahman pressure coupling during
equilibration can lead to simulation instability, and is discouraged.

Step 325381  Warning: Pressure scaling more than 1%. This may mean your system
 is not yet equilibrated. Use of Parrinello-Rahman pressure coupling during
equilibration can lead to simulation instability, and is discouraged.

Step 325391  Warning: Pressure scaling more than 1%. This may mean your system
 is not yet equilibrated. Use of Parrinello-Rahman pressure coupling during
equilibration can lead to simulation instability, and is discouraged.

Step 325401  Warning: Pressure scaling more than 1%. This may mean your system
 is not yet equilibrated. Use of Parrinello-Rahman pressure coupling during
equilibration can lead to simulation instability, and is discouraged.

Step 325411  Warning: Pressure scaling more than 1%. This may mean your system
 is not yet equilibrated. Use of Parrinello-Rahman pressure coupling during
equilibration can lead to simulation instability, and is discouraged.

Step 325421  Warning: Pressure scaling more than 1%. This may mean your system
 is not yet equilibrated. Use of Parrinello-Rahman pressure coupling during
equilibration can lead to simulation instability, and is discouraged.

Step 325431  Warning: Pressure scaling more than 1%. This may mean your system
 is not yet equilibrated. Use of Parrinello-Rahman pressure coupling during
equilibration can lead to simulation instability, and is discouraged.

Step 325441  Warning: Pressure scaling more than 1%. This may mean your system
 is not yet equilibrated. Use of Parrinello-Rahman pressure coupling during
equilibration can lead to simulation instability, and is discouraged.

Step 325451  Warning: Pressure scaling more than 1%. This may mean your system
 is not yet equilibrated. Use of Parrinello-Rahman pressure coupling during
equilibration can lead to simulation instability, and is discouraged.

Step 325461  Warning: Pressure scaling more than 1%. This may mean your system
 is not yet equilibrated. Use of Parrinello-Rahman pressure coupling during
equilibration can lead to simulation instability, and is discouraged.

Step 325471  Warning: Pressure scaling more than 1%. This may mean your system
 is not yet equilibrated. Use of Parrinello-Rahman pressure coupling during
equilibration can lead to simulation instability, and is discouraged.

Step 325481  Warning: Pressure scaling more than 1%. This may mean your system
 is not yet equilibrated. Use of Parrinello-Rahman pressure coupling during
equilibration can lead to simulation instability, and is discouraged.

Step 325491  Warning: Pressure scaling more than 1%. This may mean your system
 is not yet equilibrated. Use of Parrinello-Rahman pressure coupling during
equilibration can lead to simulation instability, and is discouraged.

Step 325501  Warning: Pressure scaling more than 1%. This may mean your system
 is not yet equilibrated. Use of Parrinello-Rahman pressure coupling during
equilibration can lead to simulation instability, and is discouraged.

Step 325511  Warning: Pressure scaling more than 1%. This may mean your system
 is not yet equilibrated. Use of Parrinello-Rahman pressure coupling during
equilibration can lead to simulation instability, and is discouraged.

Step 325521  Warning: Pressure scaling more than 1%. This may mean your system
 is not yet equilibrated. Use of Parrinello-Rahman pressure coupling during
equilibration can lead to simulation instability, and is discouraged.

Step 325531  Warning: Pressure scaling more than 1%. This may mean your system
 is not yet equilibrated. Use of Parrinello-Rahman pressure coupling during
equilibration can lead to simulation instability, and is discouraged.

Step 325541  Warning: Pressure scaling more than 1%. This may mean your system
 is not yet equilibrated. Use of Parrinello-Rahman pressure coupling during
equilibration can lead to simulation instability, and is discouraged.

Step 325551  Warning: Pressure scaling more than 1%. This may mean your system
 is not yet equilibrated. Use of Parrinello-Rahman pressure coupling during
equilibration can lead to simulation instability, and is discouraged.

Step 325561  Warning: Pressure scaling more than 1%. This may mean your system
 is not yet equilibrated. Use of Parrinello-Rahman pressure coupling during
equilibration can lead to simulation instability, and is discouraged.

Step 325571  Warning: Pressure scaling more than 1%. This may mean your system
 is not yet equilibrated. Use of Parrinello-Rahman pressure coupling during
equilibration can lead to simulation instability, and is discouraged.

Step 325581  Warning: Pressure scaling more than 1%. This may mean your system
 is not yet equilibrated. Use of Parrinello-Rahman pressure coupling during
equilibration can lead to simulation instability, and is discouraged.

Step 325591  Warning: Pressure scaling more than 1%. This may mean your system
 is not yet equilibrated. Use of Parrinello-Rahman pressure coupling during
equilibration can lead to simulation instability, and is discouraged.

Step 325601  Warning: Pressure scaling more than 1%. This may mean your system
 is not yet equilibrated. Use of Parrinello-Rahman pressure coupling during
equilibration can lead to simulation instability, and is discouraged.

Step 325611  Warning: Pressure scaling more than 1%. This may mean your system
 is not yet equilibrated. Use of Parrinello-Rahman pressure coupling during
equilibration can lead to simulation instability, and is discouraged.

Step 325621  Warning: Pressure scaling more than 1%. This may mean your system
 is not yet equilibrated. Use of Parrinello-Rahman pressure coupling during
equilibration can lead to simulation instability, and is discouraged.

Step 325681  Warning: Pressure scaling more than 1%. This may mean your system
 is not yet equilibrated. Use of Parrinello-Rahman pressure coupling during
equilibration can lead to simulation instability, and is discouraged.

Step 325691  Warning: Pressure scaling more than 1%. This may mean your system
 is not yet equilibrated. Use of Parrinello-Rahman pressure coupling during
equilibration can lead to simulation instability, and is discouraged.

Step 325701  Warning: Pressure scaling more than 1%. This may mean your system
 is not yet equilibrated. Use of Parrinello-Rahman pressure coupling during
equilibration can lead to simulation instability, and is discouraged.

Step 325711  Warning: Pressure scaling more than 1%. This may mean your system
 is not yet equilibrated. Use of Parrinello-Rahman pressure coupling during
equilibration can lead to simulation instability, and is discouraged.

Step 325721  Warning: Pressure scaling more than 1%. This may mean your system
 is not yet equilibrated. Use of Parrinello-Rahman pressure coupling during
equilibration can lead to simulation instability, and is discouraged.

Step 325731  Warning: Pressure scaling more than 1%. This may mean your system
 is not yet equilibrated. Use of Parrinello-Rahman pressure coupling during
equilibration can lead to simulation instability, and is discouraged.

Step 325741  Warning: Pressure scaling more than 1%. This may mean your system
 is not yet equilibrated. Use of Parrinello-Rahman pressure coupling during
equilibration can lead to simulation instability, and is discouraged.

Step 325751  Warning: Pressure scaling more than 1%. This may mean your system
 is not yet equilibrated. Use of Parrinello-Rahman pressure coupling during
equilibration can lead to simulation instability, and is discouraged.

Step 325761  Warning: Pressure scaling more than 1%. This may mean your system
 is not yet equilibrated. Use of Parrinello-Rahman pressure coupling during
equilibration can lead to simulation instability, and is discouraged.

Step 325771  Warning: Pressure scaling more than 1%. This may mean your system
 is not yet equilibrated. Use of Parrinello-Rahman pressure coupling during
equilibration can lead to simulation instability, and is discouraged.

Step 325781  Warning: Pressure scaling more than 1%. This may mean your system
 is not yet equilibrated. Use of Parrinello-Rahman pressure coupling during
equilibration can lead to simulation instability, and is discouraged.

Step 325791  Warning: Pressure scaling more than 1%. This may mean your system
 is not yet equilibrated. Use of Parrinello-Rahman pressure coupling during
equilibration can lead to simulation instability, and is discouraged.

Step 325801  Warning: Pressure scaling more than 1%. This may mean your system
 is not yet equilibrated. Use of Parrinello-Rahman pressure coupling during
equilibration can lead to simulation instability, and is discouraged.

Step 325811  Warning: Pressure scaling more than 1%. This may mean your system
 is not yet equilibrated. Use of Parrinello-Rahman pressure coupling during
equilibration can lead to simulation instability, and is discouraged.

Step 325821  Warning: Pressure scaling more than 1%. This may mean your system
 is not yet equilibrated. Use of Parrinello-Rahman pressure coupling during
equilibration can lead to simulation instability, and is discouraged.

Step 325831  Warning: Pressure scaling more than 1%. This may mean your system
 is not yet equilibrated. Use of Parrinello-Rahman pressure coupling during
equilibration can lead to simulation instability, and is discouraged.

Step 325841  Warning: Pressure scaling more than 1%. This may mean your system
 is not yet equilibrated. Use of Parrinello-Rahman pressure coupling during
equilibration can lead to simulation instability, and is discouraged.

Step 325851  Warning: Pressure scaling more than 1%. This may mean your system
 is not yet equilibrated. Use of Parrinello-Rahman pressure coupling during
equilibration can lead to simulation instability, and is discouraged.

Step 325861  Warning: Pressure scaling more than 1%. This may mean your system
 is not yet equilibrated. Use of Parrinello-Rahman pressure coupling during
equilibration can lead to simulation instability, and is discouraged.

Step 325871  Warning: Pressure scaling more than 1%. This may mean your system
 is not yet equilibrated. Use of Parrinello-Rahman pressure coupling during
equilibration can lead to simulation instability, and is discouraged.

Step 325881  Warning: Pressure scaling more than 1%. This may mean your system
 is not yet equilibrated. Use of Parrinello-Rahman pressure coupling during
equilibration can lead to simulation instability, and is discouraged.

Step 325891  Warning: Pressure scaling more than 1%. This may mean your system
 is not yet equilibrated. Use of Parrinello-Rahman pressure coupling during
equilibration can lead to simulation instability, and is discouraged.

Step 325901  Warning: Pressure scaling more than 1%. This may mean your system
 is not yet equilibrated. Use of Parrinello-Rahman pressure coupling during
equilibration can lead to simulation instability, and is discouraged.

Step 325911  Warning: Pressure scaling more than 1%. This may mean your system
 is not yet equilibrated. Use of Parrinello-Rahman pressure coupling during
equilibration can lead to simulation instability, and is discouraged.

Step 325921  Warning: Pressure scaling more than 1%. This may mean your system
 is not yet equilibrated. Use of Parrinello-Rahman pressure coupling during
equilibration can lead to simulation instability, and is discouraged.

Step 325931  Warning: Pressure scaling more than 1%. This may mean your system
 is not yet equilibrated. Use of Parrinello-Rahman pressure coupling during
equilibration can lead to simulation instability, and is discouraged.

Step 325941  Warning: Pressure scaling more than 1%. This may mean your system
 is not yet equilibrated. Use of Parrinello-Rahman pressure coupling during
equilibration can lead to simulation instability, and is discouraged.

Step 325951  Warning: Pressure scaling more than 1%. This may mean your system
 is not yet equilibrated. Use of Parrinello-Rahman pressure coupling during
equilibration can lead to simulation instability, and is discouraged.

Step 325961  Warning: Pressure scaling more than 1%. This may mean your system
 is not yet equilibrated. Use of Parrinello-Rahman pressure coupling during
equilibration can lead to simulation instability, and is discouraged.

Step 325971  Warning: Pressure scaling more than 1%. This may mean your system
 is not yet equilibrated. Use of Parrinello-Rahman pressure coupling during
equilibration can lead to simulation instability, and is discouraged.

Step 325981  Warning: Pressure scaling more than 1%. This may mean your system
 is not yet equilibrated. Use of Parrinello-Rahman pressure coupling during
equilibration can lead to simulation instability, and is discouraged.

Step 325991  Warning: Pressure scaling more than 1%. This may mean your system
 is not yet equilibrated. Use of Parrinello-Rahman pressure coupling during
equilibration can lead to simulation instability, and is discouraged.

Step 326001  Warning: Pressure scaling more than 1%. This may mean your system
 is not yet equilibrated. Use of Parrinello-Rahman pressure coupling during
equilibration can lead to simulation instability, and is discouraged.

Step 326011  Warning: Pressure scaling more than 1%. This may mean your system
 is not yet equilibrated. Use of Parrinello-Rahman pressure coupling during
equilibration can lead to simulation instability, and is discouraged.

Step 326021  Warning: Pressure scaling more than 1%. This may mean your system
 is not yet equilibrated. Use of Parrinello-Rahman pressure coupling during
equilibration can lead to simulation instability, and is discouraged.

Step 326031  Warning: Pressure scaling more than 1%. This may mean your system
 is not yet equilibrated. Use of Parrinello-Rahman pressure coupling during
equilibration can lead to simulation instability, and is discouraged.

Step 326041  Warning: Pressure scaling more than 1%. This may mean your system
 is not yet equilibrated. Use of Parrinello-Rahman pressure coupling during
equilibration can lead to simulation instability, and is discouraged.

Step 326051  Warning: Pressure scaling more than 1%. This may mean your system
 is not yet equilibrated. Use of Parrinello-Rahman pressure coupling during
equilibration can lead to simulation instability, and is discouraged.

Step 326061  Warning: Pressure scaling more than 1%. This may mean your system
 is not yet equilibrated. Use of Parrinello-Rahman pressure coupling during
equilibration can lead to simulation instability, and is discouraged.

Step 326071  Warning: Pressure scaling more than 1%. This may mean your system
 is not yet equilibrated. Use of Parrinello-Rahman pressure coupling during
equilibration can lead to simulation instability, and is discouraged.

Step 326081  Warning: Pressure scaling more than 1%. This may mean your system
 is not yet equilibrated. Use of Parrinello-Rahman pressure coupling during
equilibration can lead to simulation instability, and is discouraged.

Step 326091  Warning: Pressure scaling more than 1%. This may mean your system
 is not yet equilibrated. Use of Parrinello-Rahman pressure coupling during
equilibration can lead to simulation instability, and is discouraged.

Step 326101  Warning: Pressure scaling more than 1%. This may mean your system
 is not yet equilibrated. Use of Parrinello-Rahman pressure coupling during
equilibration can lead to simulation instability, and is discouraged.

Step 326111  Warning: Pressure scaling more than 1%. This may mean your system
 is not yet equilibrated. Use of Parrinello-Rahman pressure coupling during
equilibration can lead to simulation instability, and is discouraged.

Step 326121  Warning: Pressure scaling more than 1%. This may mean your system
 is not yet equilibrated. Use of Parrinello-Rahman pressure coupling during
equilibration can lead to simulation instability, and is discouraged.

Step 326131  Warning: Pressure scaling more than 1%. This may mean your system
 is not yet equilibrated. Use of Parrinello-Rahman pressure coupling during
equilibration can lead to simulation instability, and is discouraged.

Step 326141  Warning: Pressure scaling more than 1%. This may mean your system
 is not yet equilibrated. Use of Parrinello-Rahman pressure coupling during
equilibration can lead to simulation instability, and is discouraged.

Step 326151  Warning: Pressure scaling more than 1%. This may mean your system
 is not yet equilibrated. Use of Parrinello-Rahman pressure coupling during
equilibration can lead to simulation instability, and is discouraged.

Step 326161  Warning: Pressure scaling more than 1%. This may mean your system
 is not yet equilibrated. Use of Parrinello-Rahman pressure coupling during
equilibration can lead to simulation instability, and is discouraged.

Step 326171  Warning: Pressure scaling more than 1%. This may mean your system
 is not yet equilibrated. Use of Parrinello-Rahman pressure coupling during
equilibration can lead to simulation instability, and is discouraged.

Step 326181  Warning: Pressure scaling more than 1%. This may mean your system
 is not yet equilibrated. Use of Parrinello-Rahman pressure coupling during
equilibration can lead to simulation instability, and is discouraged.

Step 326191  Warning: Pressure scaling more than 1%. This may mean your system
 is not yet equilibrated. Use of Parrinello-Rahman pressure coupling during
equilibration can lead to simulation instability, and is discouraged.

Step 326201  Warning: Pressure scaling more than 1%. This may mean your system
 is not yet equilibrated. Use of Parrinello-Rahman pressure coupling during
equilibration can lead to simulation instability, and is discouraged.

Step 326211  Warning: Pressure scaling more than 1%. This may mean your system
 is not yet equilibrated. Use of Parrinello-Rahman pressure coupling during
equilibration can lead to simulation instability, and is discouraged.

Step 326221  Warning: Pressure scaling more than 1%. This may mean your system
 is not yet equilibrated. Use of Parrinello-Rahman pressure coupling during
equilibration can lead to simulation instability, and is discouraged.

Step 326231  Warning: Pressure scaling more than 1%. This may mean your system
 is not yet equilibrated. Use of Parrinello-Rahman pressure coupling during
equilibration can lead to simulation instability, and is discouraged.

Step 326241  Warning: Pressure scaling more than 1%. This may mean your system
 is not yet equilibrated. Use of Parrinello-Rahman pressure coupling during
equilibration can lead to simulation instability, and is discouraged.

Step 326251  Warning: Pressure scaling more than 1%. This may mean your system
 is not yet equilibrated. Use of Parrinello-Rahman pressure coupling during
equilibration can lead to simulation instability, and is discouraged.

Step 326261  Warning: Pressure scaling more than 1%. This may mean your system
 is not yet equilibrated. Use of Parrinello-Rahman pressure coupling during
equilibration can lead to simulation instability, and is discouraged.

Step 326271  Warning: Pressure scaling more than 1%. This may mean your system
 is not yet equilibrated. Use of Parrinello-Rahman pressure coupling during
equilibration can lead to simulation instability, and is discouraged.

Step 326281  Warning: Pressure scaling more than 1%. This may mean your system
 is not yet equilibrated. Use of Parrinello-Rahman pressure coupling during
equilibration can lead to simulation instability, and is discouraged.

Step 326291  Warning: Pressure scaling more than 1%. This may mean your system
 is not yet equilibrated. Use of Parrinello-Rahman pressure coupling during
equilibration can lead to simulation instability, and is discouraged.

Step 326301  Warning: Pressure scaling more than 1%. This may mean your system
 is not yet equilibrated. Use of Parrinello-Rahman pressure coupling during
equilibration can lead to simulation instability, and is discouraged.

Step 326311  Warning: Pressure scaling more than 1%. This may mean your system
 is not yet equilibrated. Use of Parrinello-Rahman pressure coupling during
equilibration can lead to simulation instability, and is discouraged.

Step 326321  Warning: Pressure scaling more than 1%. This may mean your system
 is not yet equilibrated. Use of Parrinello-Rahman pressure coupling during
equilibration can lead to simulation instability, and is discouraged.

Step 326331  Warning: Pressure scaling more than 1%. This may mean your system
 is not yet equilibrated. Use of Parrinello-Rahman pressure coupling during
equilibration can lead to simulation instability, and is discouraged.

Step 326341  Warning: Pressure scaling more than 1%. This may mean your system
 is not yet equilibrated. Use of Parrinello-Rahman pressure coupling during
equilibration can lead to simulation instability, and is discouraged.

Step 326351  Warning: Pressure scaling more than 1%. This may mean your system
 is not yet equilibrated. Use of Parrinello-Rahman pressure coupling during
equilibration can lead to simulation instability, and is discouraged.

Step 326361  Warning: Pressure scaling more than 1%. This may mean your system
 is not yet equilibrated. Use of Parrinello-Rahman pressure coupling during
equilibration can lead to simulation instability, and is discouraged.

Step 326371  Warning: Pressure scaling more than 1%. This may mean your system
 is not yet equilibrated. Use of Parrinello-Rahman pressure coupling during
equilibration can lead to simulation instability, and is discouraged.

Step 326381  Warning: Pressure scaling more than 1%. This may mean your system
 is not yet equilibrated. Use of Parrinello-Rahman pressure coupling during
equilibration can lead to simulation instability, and is discouraged.

Step 326391  Warning: Pressure scaling more than 1%. This may mean your system
 is not yet equilibrated. Use of Parrinello-Rahman pressure coupling during
equilibration can lead to simulation instability, and is discouraged.

Step 326401  Warning: Pressure scaling more than 1%. This may mean your system
 is not yet equilibrated. Use of Parrinello-Rahman pressure coupling during
equilibration can lead to simulation instability, and is discouraged.

Step 326411  Warning: Pressure scaling more than 1%. This may mean your system
 is not yet equilibrated. Use of Parrinello-Rahman pressure coupling during
equilibration can lead to simulation instability, and is discouraged.

Step 326421  Warning: Pressure scaling more than 1%. This may mean your system
 is not yet equilibrated. Use of Parrinello-Rahman pressure coupling during
equilibration can lead to simulation instability, and is discouraged.

Step 326431  Warning: Pressure scaling more than 1%. This may mean your system
 is not yet equilibrated. Use of Parrinello-Rahman pressure coupling during
equilibration can lead to simulation instability, and is discouraged.

Step 326441  Warning: Pressure scaling more than 1%. This may mean your system
 is not yet equilibrated. Use of Parrinello-Rahman pressure coupling during
equilibration can lead to simulation instability, and is discouraged.

Step 326451  Warning: Pressure scaling more than 1%. This may mean your system
 is not yet equilibrated. Use of Parrinello-Rahman pressure coupling during
equilibration can lead to simulation instability, and is discouraged.

Step 326461  Warning: Pressure scaling more than 1%. This may mean your system
 is not yet equilibrated. Use of Parrinello-Rahman pressure coupling during
equilibration can lead to simulation instability, and is discouraged.

Step 326471  Warning: Pressure scaling more than 1%. This may mean your system
 is not yet equilibrated. Use of Parrinello-Rahman pressure coupling during
equilibration can lead to simulation instability, and is discouraged.
           Step           Time
         350000      700.00000

   Energies (kJ/mol)
           Bond            U-B    Proper Dih.          LJ-14     Coulomb-14
    1.11116e+04    6.10669e+04    5.65638e+03   -3.05679e+02    3.19148e+05
        LJ (SR)  Disper. corr.   Coulomb (SR)   Coul. recip.      Potential
    1.19671e+03    1.08907e+00   -5.80306e+04    8.04127e+00    3.39852e+05
    Kinetic En.   Total Energy  Conserved En.    Temperature Pres. DC (bar)
    8.82407e+04    4.28093e+05    1.49557e+08    3.03239e+02   -1.11304e-09
 Pressure (bar)   Constr. rmsd
    4.88840e-04    0.00000e+00

3.40318e+05
    Kinetic En.   Total Energy  Conserved En.    Temperature Pres. DC (bar)
    8.77357e+04    4.28054e+05    1.69168e+08    3.01504e+02   -8.62497e-10
 Pressure (bar)   Constr. rmsd
   -1.46631e-05    0.00000e+00

