                      :-) GROMACS - gmx mdrun, 2021.5 (-:

                            GROMACS is written by:
     Andrey Alekseenko              Emile Apol              Rossen Apostolov     
         Paul Bauer           Herman J.C. Berendsen           Par Bjelkmar       
       Christian Blau           Viacheslav Bolnykh             Kevin Boyd        
     Aldert van Buuren           Rudi van Drunen             Anton Feenstra      
    Gilles Gouaillardet             Alan Gray               Gerrit Groenhof      
       Anca Hamuraru            Vincent Hindriksen          M. Eric Irrgang      
      Aleksei Iupinov           Christoph Junghans             Joe Jordan        
    Dimitrios Karkoulis            Peter Kasson                Jiri Kraus        
      Carsten Kutzner              Per Larsson              Justin A. Lemkul     
       Viveca Lindahl            Magnus Lundborg             Erik Marklund       
        Pascal Merz             Pieter Meulenhoff            Teemu Murtola       
        Szilard Pall               Sander Pronk              Roland Schulz       
       Michael Shirts            Alexey Shvetsov             Alfons Sijbers      
       Peter Tieleman              Jon Vincent              Teemu Virolainen     
     Christian Wennberg            Maarten Wolf              Artem Zhmurov       
                           and the project leaders:
        Mark Abraham, Berk Hess, Erik Lindahl, and David van der Spoel

Copyright (c) 1991-2000, University of Groningen, The Netherlands.
Copyright (c) 2001-2019, The GROMACS development team at
Uppsala University, Stockholm University and
the Royal Institute of Technology, Sweden.
check out http://www.gromacs.org for more information.

GROMACS is free software; you can redistribute it and/or modify it
under the terms of the GNU Lesser General Public License
as published by the Free Software Foundation; either version 2.1
of the License, or (at your option) any later version.

GROMACS:      gmx mdrun, version 2021.5
Executable:   /usr/local/gromacs_2021.5/bin/gmx
Data prefix:  /usr/local/gromacs_2021.5
Working dir:  /srv/home/apbal/work/REU/numb_dens/SOL
Process ID:   221150
Command line:
  gmx mdrun -v -deffnm npt -ntomp 10 -nb gpu -bonded cpu -update gpu -ntmpi 1 -cpt 1

GROMACS version:    2021.5
Precision:          mixed
Memory model:       64 bit
MPI library:        thread_mpi
OpenMP support:     enabled (GMX_OPENMP_MAX_THREADS = 256)
GPU support:        CUDA
SIMD instructions:  AVX2_256
FFT library:        fftw-3.3.8-sse2-avx-avx2-avx2_128
RDTSCP usage:       enabled
TNG support:        enabled
Hwloc support:      disabled
Tracing support:    disabled
C compiler:         /usr/bin/cc GNU 9.4.0
C compiler flags:   -mavx2 -mfma -Wno-missing-field-initializers -fexcess-precision=fast -funroll-all-loops -pthread -O3 -DNDEBUG
C++ compiler:       /usr/bin/c++ GNU 9.4.0
C++ compiler flags: -mavx2 -mfma -Wno-missing-field-initializers -fexcess-precision=fast -funroll-all-loops -pthread -fopenmp -O3 -DNDEBUG
CUDA compiler:      /usr/local/cuda-12.2/bin/nvcc nvcc: NVIDIA (R) Cuda compiler driver;Copyright (c) 2005-2023 NVIDIA Corporation;Built on Tue_Aug_15_22:02:13_PDT_2023;Cuda compilation tools, release 12.2, V12.2.140;Build cuda_12.2.r12.2/compiler.33191640_0
CUDA compiler flags:-std=c++17;-gencode;arch=compute_60,code=sm_60;-gencode;arch=compute_61,code=sm_61;-gencode;arch=compute_62,code=sm_62;-gencode;arch=compute_70,code=sm_70;-gencode;arch=compute_75,code=sm_75;-gencode;arch=compute_80,code=sm_80;-gencode;arch=compute_86,code=sm_86;-gencode;arch=compute_89,code=sm_89;-gencode;arch=compute_60,code=compute_60;-gencode;arch=compute_61,code=compute_61;-gencode;arch=compute_62,code=compute_62;-gencode;arch=compute_70,code=compute_70;-gencode;arch=compute_75,code=compute_75;-gencode;arch=compute_80,code=compute_80;-gencode;arch=compute_86,code=compute_86;-gencode;arch=compute_89,code=compute_89;-use_fast_math;-D_FORCE_INLINES;-mavx2 -mfma -Wno-missing-field-initializers -fexcess-precision=fast -funroll-all-loops -pthread -fopenmp -O3 -DNDEBUG
CUDA driver:        12.90
CUDA runtime:       12.20


Running on 1 node with total 128 cores, 128 logical cores, 1 compatible GPU
Hardware detected:
  CPU info:
    Vendor: AMD
    Brand:  AMD EPYC 7513 32-Core Processor                
    Family: 25   Model: 1   Stepping: 1
    Features: aes amd apic avx avx2 clfsh cmov cx8 cx16 f16c fma htt lahf misalignsse mmx msr nonstop_tsc pcid pclmuldq pdpe1gb popcnt pse rdrnd rdtscp sha sse2 sse3 sse4a sse4.1 sse4.2 ssse3
  Hardware topology: Only logical processor count
  GPU info:
    Number of GPUs detected: 1
    #0: NVIDIA NVIDIA RTX A4500, compute cap.: 8.6, ECC:  no, stat: compatible


++++ PLEASE READ AND CITE THE FOLLOWING REFERENCE ++++
M. J. Abraham, T. Murtola, R. Schulz, S. Páll, J. C. Smith, B. Hess, E.
Lindahl
GROMACS: High performance molecular simulations through multi-level
parallelism from laptops to supercomputers
SoftwareX 1 (2015) pp. 19-25
-------- -------- --- Thank You --- -------- --------


++++ PLEASE READ AND CITE THE FOLLOWING REFERENCE ++++
S. Páll, M. J. Abraham, C. Kutzner, B. Hess, E. Lindahl
Tackling Exascale Software Challenges in Molecular Dynamics Simulations with
GROMACS
In S. Markidis & E. Laure (Eds.), Solving Software Challenges for Exascale 8759 (2015) pp. 3-27
-------- -------- --- Thank You --- -------- --------


++++ PLEASE READ AND CITE THE FOLLOWING REFERENCE ++++
S. Pronk, S. Páll, R. Schulz, P. Larsson, P. Bjelkmar, R. Apostolov, M. R.
Shirts, J. C. Smith, P. M. Kasson, D. van der Spoel, B. Hess, and E. Lindahl
GROMACS 4.5: a high-throughput and highly parallel open source molecular
simulation toolkit
Bioinformatics 29 (2013) pp. 845-54
-------- -------- --- Thank You --- -------- --------


++++ PLEASE READ AND CITE THE FOLLOWING REFERENCE ++++
B. Hess and C. Kutzner and D. van der Spoel and E. Lindahl
GROMACS 4: Algorithms for highly efficient, load-balanced, and scalable
molecular simulation
J. Chem. Theory Comput. 4 (2008) pp. 435-447
-------- -------- --- Thank You --- -------- --------


++++ PLEASE READ AND CITE THE FOLLOWING REFERENCE ++++
D. van der Spoel, E. Lindahl, B. Hess, G. Groenhof, A. E. Mark and H. J. C.
Berendsen
GROMACS: Fast, Flexible and Free
J. Comp. Chem. 26 (2005) pp. 1701-1719
-------- -------- --- Thank You --- -------- --------


++++ PLEASE READ AND CITE THE FOLLOWING REFERENCE ++++
E. Lindahl and B. Hess and D. van der Spoel
GROMACS 3.0: A package for molecular simulation and trajectory analysis
J. Mol. Mod. 7 (2001) pp. 306-317
-------- -------- --- Thank You --- -------- --------


++++ PLEASE READ AND CITE THE FOLLOWING REFERENCE ++++
H. J. C. Berendsen, D. van der Spoel and R. van Drunen
GROMACS: A message-passing parallel molecular dynamics implementation
Comp. Phys. Comm. 91 (1995) pp. 43-56
-------- -------- --- Thank You --- -------- --------


++++ PLEASE CITE THE DOI FOR THIS VERSION OF GROMACS ++++
https://doi.org/10.5281/zenodo.5850051
-------- -------- --- Thank You --- -------- --------

Input Parameters:
   integrator                     = md
   tinit                          = 0
   dt                             = 0.002
   nsteps                         = 500000
   init-step                      = 0
   simulation-part                = 1
   mts                            = false
   comm-mode                      = Linear
   nstcomm                        = 100
   bd-fric                        = 0
   ld-seed                        = 1321241908
   emtol                          = 10
   emstep                         = 0.01
   niter                          = 20
   fcstep                         = 0
   nstcgsteep                     = 1000
   nbfgscorr                      = 10
   rtpi                           = 0.05
   nstxout                        = 5000
   nstvout                        = 5000
   nstfout                        = 0
   nstlog                         = 5000
   nstcalcenergy                  = 100
   nstenergy                      = 5000
   nstxout-compressed             = 5000
   compressed-x-precision         = 1000
   cutoff-scheme                  = Verlet
   nstlist                        = 10
   pbc                            = xyz
   periodic-molecules             = false
   verlet-buffer-tolerance        = 0.005
   rlist                          = 1.4
   coulombtype                    = PME
   coulomb-modifier               = Potential-shift
   rcoulomb-switch                = 0
   rcoulomb                       = 1.4
   epsilon-r                      = 1
   epsilon-rf                     = inf
   vdw-type                       = Cut-off
   vdw-modifier                   = Potential-shift
   rvdw-switch                    = 0
   rvdw                           = 1.4
   DispCorr                       = EnerPres
   table-extension                = 1
   fourierspacing                 = 0.12
   fourier-nx                     = 52
   fourier-ny                     = 52
   fourier-nz                     = 200
   pme-order                      = 4
   ewald-rtol                     = 1e-05
   ewald-rtol-lj                  = 0.001
   lj-pme-comb-rule               = Geometric
   ewald-geometry                 = 0
   epsilon-surface                = 0
   tcoupl                         = V-rescale
   nsttcouple                     = 10
   nh-chain-length                = 0
   print-nose-hoover-chain-variables = false
   pcoupl                         = Berendsen
   pcoupltype                     = Isotropic
   nstpcouple                     = 10
   tau-p                          = 2
   compressibility (3x3):
      compressibility[    0]={ 4.50000e-05,  0.00000e+00,  0.00000e+00}
      compressibility[    1]={ 0.00000e+00,  4.50000e-05,  0.00000e+00}
      compressibility[    2]={ 0.00000e+00,  0.00000e+00,  4.50000e-05}
   ref-p (3x3):
      ref-p[    0]={ 1.00000e+00,  0.00000e+00,  0.00000e+00}
      ref-p[    1]={ 0.00000e+00,  1.00000e+00,  0.00000e+00}
      ref-p[    2]={ 0.00000e+00,  0.00000e+00,  1.00000e+00}
   refcoord-scaling               = No
   posres-com (3):
      posres-com[0]= 0.00000e+00
      posres-com[1]= 0.00000e+00
      posres-com[2]= 0.00000e+00
   posres-comB (3):
      posres-comB[0]= 0.00000e+00
      posres-comB[1]= 0.00000e+00
      posres-comB[2]= 0.00000e+00
   QMMM                           = false
qm-opts:
   ngQM                           = 0
   constraint-algorithm           = Lincs
   continuation                   = false
   Shake-SOR                      = false
   shake-tol                      = 0.0001
   lincs-order                    = 4
   lincs-iter                     = 1
   lincs-warnangle                = 30
   nwall                          = 0
   wall-type                      = 9-3
   wall-r-linpot                  = -1
   wall-atomtype[0]               = -1
   wall-atomtype[1]               = -1
   wall-density[0]                = 0
   wall-density[1]                = 0
   wall-ewald-zfac                = 3
   pull                           = false
   awh                            = false
   rotation                       = false
   interactiveMD                  = false
   disre                          = No
   disre-weighting                = Conservative
   disre-mixed                    = false
   dr-fc                          = 1000
   dr-tau                         = 0
   nstdisreout                    = 100
   orire-fc                       = 0
   orire-tau                      = 0
   nstorireout                    = 100
   free-energy                    = no
   cos-acceleration               = 0
   deform (3x3):
      deform[    0]={ 0.00000e+00,  0.00000e+00,  0.00000e+00}
      deform[    1]={ 0.00000e+00,  0.00000e+00,  0.00000e+00}
      deform[    2]={ 0.00000e+00,  0.00000e+00,  0.00000e+00}
   simulated-tempering            = false
   swapcoords                     = no
   userint1                       = 0
   userint2                       = 0
   userint3                       = 0
   userint4                       = 0
   userreal1                      = 0
   userreal2                      = 0
   userreal3                      = 0
   userreal4                      = 0
   applied-forces:
     electric-field:
       x:
         E0                       = 0
         omega                    = 0
         t0                       = 0
         sigma                    = 0
       y:
         E0                       = 0
         omega                    = 0
         t0                       = 0
         sigma                    = 0
       z:
         E0                       = 0
         omega                    = 0
         t0                       = 0
         sigma                    = 0
     density-guided-simulation:
       active                     = false
       group                      = protein
       similarity-measure         = inner-product
       atom-spreading-weight      = unity
       force-constant             = 1e+09
       gaussian-transform-spreading-width = 0.2
       gaussian-transform-spreading-range-in-multiples-of-width = 4
       reference-density-filename = reference.mrc
       nst                        = 1
       normalize-densities        = true
       adaptive-force-scaling     = false
       adaptive-force-scaling-time-constant = 4
       shift-vector               = 
       transformation-matrix      = 
grpopts:
   nrdf:      119997
   ref-t:         298
   tau-t:         0.1
annealing:          No
annealing-npoints:           0
   acc:	           0           0           0
   nfreeze:           N           N           N
   energygrp-flags[  0]: 0

Changing nstlist from 10 to 100, rlist from 1.4 to 1.512

1 GPU selected for this run.
Mapping of GPU IDs to the 2 GPU tasks in the 1 rank on this node:
  PP:0,PME:0
PP tasks will do (non-perturbed) short-ranged interactions on the GPU
PP task will update and constrain coordinates on the GPU
PME tasks will do all aspects on the GPU
Using 1 MPI thread

Non-default thread affinity set, disabling internal thread affinity

Using 10 OpenMP threads 

System total charge: 0.000
Will do PME sum in reciprocal space for electrostatic interactions.

++++ PLEASE READ AND CITE THE FOLLOWING REFERENCE ++++
U. Essmann, L. Perera, M. L. Berkowitz, T. Darden, H. Lee and L. G. Pedersen 
A smooth particle mesh Ewald method
J. Chem. Phys. 103 (1995) pp. 8577-8592
-------- -------- --- Thank You --- -------- --------

Using a Gaussian width (1/beta) of 0.448228 nm for Ewald
Potential shift: LJ r^-12: -1.764e-02 r^-6: -1.328e-01, Ewald -7.143e-06
Initialized non-bonded Ewald tables, spacing: 1.10e-03 size: 1270

Long Range LJ corr.: <C6> 2.9609e-04


Using GPU 8x8 nonbonded short-range kernels

Using a dual 8x8 pair-list setup updated with dynamic, rolling pruning:
  outer list: updated every 100 steps, buffer 0.112 nm, rlist 1.512 nm
  inner list: updated every  16 steps, buffer 0.004 nm, rlist 1.404 nm
At tolerance 0.005 kJ/mol/ps per atom, equivalent classical 1x1 list would be:
  outer list: updated every 100 steps, buffer 0.269 nm, rlist 1.669 nm
  inner list: updated every  16 steps, buffer 0.069 nm, rlist 1.469 nm

Using Lorentz-Berthelot Lennard-Jones combination rule
Removing pbc first time

++++ PLEASE READ AND CITE THE FOLLOWING REFERENCE ++++
S. Miyamoto and P. A. Kollman
SETTLE: An Analytical Version of the SHAKE and RATTLE Algorithms for Rigid
Water Models
J. Comp. Chem. 13 (1992) pp. 952-962
-------- -------- --- Thank You --- -------- --------


++++ PLEASE READ AND CITE THE FOLLOWING REFERENCE ++++
G. Bussi, D. Donadio and M. Parrinello
Canonical sampling through velocity rescaling
J. Chem. Phys. 126 (2007) pp. 014101
-------- -------- --- Thank You --- -------- --------

There are: 60000 Atoms

Updating coordinates on the GPU.

Constraining the starting coordinates (step 0)

Constraining the coordinates at t0-dt (step 0)
Center of mass motion removal mode is Linear
We have the following groups for center of mass motion removal:
  0:  rest
RMS relative constraint deviation after constraining: 0.00e+00
Initial temperature: 300.695 K

Started mdrun on rank 0 Fri Jun 27 21:48:21 2025

           Step           Time
              0        0.00000

   Energies (kJ/mol)
        LJ (SR)  Disper. corr.   Coulomb (SR)   Coul. recip.      Potential
    2.53684e+04   -1.88214e+03   -5.25351e+05    4.50283e+03   -4.97362e+05
    Kinetic En.   Total Energy  Conserved En.    Temperature Pres. DC (bar)
    1.50626e+05   -3.46736e+05   -3.46694e+05    3.01944e+02   -3.61959e+01
 Pressure (bar)
   -6.85725e+02

step  600: timed with pme grid 52 52 200, coulomb cutoff 1.400: 2774.0 M-cycles
step  800: timed with pme grid 42 42 168, coulomb cutoff 1.667: 2781.9 M-cycles
step 1000: timed with pme grid 36 36 144, coulomb cutoff 1.944: 2740.2 M-cycles
step 1200: timed with pme grid 32 32 128, coulomb cutoff 2.188: 2766.3 M-cycles
step 1200: the maximum allowed grid scaling limits the PME load balancing to a coulomb cut-off of 2.333
step 1400: timed with pme grid 32 32 120, coulomb cutoff 2.333: 479.9 M-cycles
step 1600: timed with pme grid 40 40 160, coulomb cutoff 1.750: 270.5 M-cycles
step 1800: timed with pme grid 44 44 192, coulomb cutoff 1.591: 228.6 M-cycles
step 2000: timed with pme grid 48 48 192, coulomb cutoff 1.458: 203.5 M-cycles
              optimal pme grid 48 48 192, coulomb cutoff 1.458
           Step           Time
           5000       10.00000

   Energies (kJ/mol)
        LJ (SR)  Disper. corr.   Coulomb (SR)   Coul. recip.      Potential
    8.67063e+04   -2.50792e+03   -8.96962e+05    1.55751e+03   -8.11206e+05
    Kinetic En.   Total Energy  Conserved En.    Temperature Pres. DC (bar)
    1.48837e+05   -6.62369e+05   -3.45549e+05    2.98357e+02   -6.42463e+01
 Pressure (bar)
   -8.25571e+02

           Step           Time
          10000       20.00000

   Energies (kJ/mol)
        LJ (SR)  Disper. corr.   Coulomb (SR)   Coul. recip.      Potential
    8.80288e+04   -2.74440e+03   -9.11843e+05    1.40135e+03   -8.25157e+05
    Kinetic En.   Total Energy  Conserved En.    Temperature Pres. DC (bar)
    1.49416e+05   -6.75741e+05   -3.45483e+05    2.99517e+02   -7.69273e+01
 Pressure (bar)
   -1.50010e+02

           Step           Time
          15000       30.00000

   Energies (kJ/mol)
        LJ (SR)  Disper. corr.   Coulomb (SR)   Coul. recip.      Potential
    8.87377e+04   -2.76409e+03   -9.13627e+05    1.33463e+03   -8.26319e+05
    Kinetic En.   Total Energy  Conserved En.    Temperature Pres. DC (bar)
    1.48270e+05   -6.78048e+05   -3.45457e+05    2.97221e+02   -7.80345e+01
 Pressure (bar)
   -4.41855e+00

           Step           Time
          20000       40.00000

   Energies (kJ/mol)
        LJ (SR)  Disper. corr.   Coulomb (SR)   Coul. recip.      Potential
    8.89136e+04   -2.76212e+03   -9.12480e+05    1.35807e+03   -8.24971e+05
    Kinetic En.   Total Energy  Conserved En.    Temperature Pres. DC (bar)
    1.48978e+05   -6.75992e+05   -3.45428e+05    2.98640e+02   -7.79233e+01
 Pressure (bar)
    5.54605e+01

Writing checkpoint, step 20600 at Fri Jun 27 21:49:22 2025


           Step           Time
          25000       50.00000

   Energies (kJ/mol)
        LJ (SR)  Disper. corr.   Coulomb (SR)   Coul. recip.      Potential
    8.81259e+04   -2.76077e+03   -9.11322e+05    1.40931e+03   -8.24548e+05
    Kinetic En.   Total Energy  Conserved En.    Temperature Pres. DC (bar)
    1.48943e+05   -6.75604e+05   -3.45414e+05    2.98570e+02   -7.78475e+01
 Pressure (bar)
   -3.43290e+01

           Step           Time
          30000       60.00000

   Energies (kJ/mol)
        LJ (SR)  Disper. corr.   Coulomb (SR)   Coul. recip.      Potential
    8.82294e+04   -2.76277e+03   -9.12606e+05    1.43517e+03   -8.25704e+05
    Kinetic En.   Total Energy  Conserved En.    Temperature Pres. DC (bar)
    1.49527e+05   -6.76177e+05   -3.45399e+05    2.99741e+02   -7.79600e+01
 Pressure (bar)
   -4.24055e+01

           Step           Time
          35000       70.00000

   Energies (kJ/mol)
        LJ (SR)  Disper. corr.   Coulomb (SR)   Coul. recip.      Potential
    8.84626e+04   -2.75988e+03   -9.13512e+05    1.43391e+03   -8.26376e+05
    Kinetic En.   Total Energy  Conserved En.    Temperature Pres. DC (bar)
    1.48252e+05   -6.78124e+05   -3.45366e+05    2.97184e+02   -7.77970e+01
 Pressure (bar)
   -5.85161e+01

           Step           Time
          40000       80.00000

   Energies (kJ/mol)
        LJ (SR)  Disper. corr.   Coulomb (SR)   Coul. recip.      Potential
    8.85461e+04   -2.76323e+03   -9.13305e+05    1.39047e+03   -8.26132e+05
    Kinetic En.   Total Energy  Conserved En.    Temperature Pres. DC (bar)
    1.48515e+05   -6.77617e+05   -3.45345e+05    2.97712e+02   -7.79860e+01
 Pressure (bar)
   -4.02354e+01

Writing checkpoint, step 40900 at Fri Jun 27 21:50:22 2025


           Step           Time
          45000       90.00000

   Energies (kJ/mol)
        LJ (SR)  Disper. corr.   Coulomb (SR)   Coul. recip.      Potential
    8.77033e+04   -2.76252e+03   -9.12353e+05    1.34872e+03   -8.26064e+05
    Kinetic En.   Total Energy  Conserved En.    Temperature Pres. DC (bar)
    1.48818e+05   -6.77246e+05   -3.45318e+05    2.98318e+02   -7.79460e+01
 Pressure (bar)
   -1.00471e+02

           Step           Time
          50000      100.00000

   Energies (kJ/mol)
        LJ (SR)  Disper. corr.   Coulomb (SR)   Coul. recip.      Potential
    8.75391e+04   -2.76063e+03   -9.12389e+05    1.41245e+03   -8.26198e+05
    Kinetic En.   Total Energy  Conserved En.    Temperature Pres. DC (bar)
    1.47905e+05   -6.78293e+05   -3.45287e+05    2.96488e+02   -7.78395e+01
 Pressure (bar)
   -1.51630e+02

           Step           Time
          55000      110.00000

   Energies (kJ/mol)
        LJ (SR)  Disper. corr.   Coulomb (SR)   Coul. recip.      Potential
    8.81531e+04   -2.76320e+03   -9.12916e+05    1.37689e+03   -8.26150e+05
    Kinetic En.   Total Energy  Conserved En.    Temperature Pres. DC (bar)
    1.48682e+05   -6.77467e+05   -3.45264e+05    2.98047e+02   -7.79841e+01
 Pressure (bar)
   -5.72640e+01

           Step           Time
          60000      120.00000

   Energies (kJ/mol)
        LJ (SR)  Disper. corr.   Coulomb (SR)   Coul. recip.      Potential
    9.00980e+04   -2.76173e+03   -9.15140e+05    1.37090e+03   -8.26432e+05
    Kinetic En.   Total Energy  Conserved En.    Temperature Pres. DC (bar)
    1.48723e+05   -6.77710e+05   -3.45247e+05    2.98128e+02   -7.79013e+01
 Pressure (bar)
    1.34228e+02

Writing checkpoint, step 61100 at Fri Jun 27 21:51:21 2025


           Step           Time
          65000      130.00000

   Energies (kJ/mol)
        LJ (SR)  Disper. corr.   Coulomb (SR)   Coul. recip.      Potential
    8.90353e+04   -2.76186e+03   -9.13451e+05    1.39932e+03   -8.25778e+05
    Kinetic En.   Total Energy  Conserved En.    Temperature Pres. DC (bar)
    1.49375e+05   -6.76403e+05   -3.45235e+05    2.99436e+02   -7.79085e+01
 Pressure (bar)
    2.02326e+01

           Step           Time
          70000      140.00000

   Energies (kJ/mol)
        LJ (SR)  Disper. corr.   Coulomb (SR)   Coul. recip.      Potential
    8.69791e+04   -2.76326e+03   -9.10655e+05    1.35653e+03   -8.25083e+05
    Kinetic En.   Total Energy  Conserved En.    Temperature Pres. DC (bar)
    1.48561e+05   -6.76522e+05   -3.45213e+05    2.97804e+02   -7.79879e+01
 Pressure (bar)
   -1.47036e+02

           Step           Time
          75000      150.00000

   Energies (kJ/mol)
        LJ (SR)  Disper. corr.   Coulomb (SR)   Coul. recip.      Potential
    8.81766e+04   -2.76624e+03   -9.12954e+05    1.42447e+03   -8.26119e+05
    Kinetic En.   Total Energy  Conserved En.    Temperature Pres. DC (bar)
    1.47999e+05   -6.78120e+05   -3.45174e+05    2.96678e+02   -7.81556e+01
 Pressure (bar)
   -3.85707e+01

           Step           Time
          80000      160.00000

   Energies (kJ/mol)
        LJ (SR)  Disper. corr.   Coulomb (SR)   Coul. recip.      Potential
    8.80804e+04   -2.76246e+03   -9.12080e+05    1.32747e+03   -8.25435e+05
    Kinetic En.   Total Energy  Conserved En.    Temperature Pres. DC (bar)
    1.49413e+05   -6.76022e+05   -3.45157e+05    2.99512e+02   -7.79423e+01
 Pressure (bar)
   -5.01424e+01

           Step           Time
          85000      170.00000

   Energies (kJ/mol)
        LJ (SR)  Disper. corr.   Coulomb (SR)   Coul. recip.      Potential
    8.76468e+04   -2.75985e+03   -9.10494e+05    1.39715e+03   -8.24210e+05
    Kinetic En.   Total Energy  Conserved En.    Temperature Pres. DC (bar)
    1.48490e+05   -6.75720e+05   -3.45123e+05    2.97661e+02   -7.77954e+01
 Pressure (bar)
   -6.60367e+01

           Step           Time
          90000      180.00000

   Energies (kJ/mol)
        LJ (SR)  Disper. corr.   Coulomb (SR)   Coul. recip.      Potential
    8.93787e+04   -2.76339e+03   -9.14470e+05    1.40543e+03   -8.26449e+05
    Kinetic En.   Total Energy  Conserved En.    Temperature Pres. DC (bar)
    1.48851e+05   -6.77598e+05   -3.45104e+05    2.98385e+02   -7.79951e+01
 Pressure (bar)
    6.12696e+01

           Step           Time
          95000      190.00000

   Energies (kJ/mol)
        LJ (SR)  Disper. corr.   Coulomb (SR)   Coul. recip.      Potential
    8.70496e+04   -2.76633e+03   -9.10651e+05    1.40649e+03   -8.24962e+05
    Kinetic En.   Total Energy  Conserved En.    Temperature Pres. DC (bar)
    1.48192e+05   -6.76769e+05   -3.45069e+05    2.97064e+02   -7.81608e+01
 Pressure (bar)
   -1.22107e+02

           Step           Time
         100000      200.00000

   Energies (kJ/mol)
        LJ (SR)  Disper. corr.   Coulomb (SR)   Coul. recip.      Potential
    8.88221e+04   -2.75770e+03   -9.13266e+05    1.40105e+03   -8.25800e+05
    Kinetic En.   Total Energy  Conserved En.    Temperature Pres. DC (bar)
    1.49026e+05   -6.76774e+05   -3.45066e+05    2.98735e+02   -7.76740e+01
 Pressure (bar)
   -1.41465e+01

           Step           Time
         105000      210.00000

   Energies (kJ/mol)
        LJ (SR)  Disper. corr.   Coulomb (SR)   Coul. recip.      Potential
    9.00029e+04   -2.76275e+03   -9.15251e+05    1.37769e+03   -8.26633e+05
    Kinetic En.   Total Energy  Conserved En.    Temperature Pres. DC (bar)
    1.48093e+05   -6.78540e+05   -3.45034e+05    2.96866e+02   -7.79587e+01
 Pressure (bar)
    8.24397e+01

           Step           Time
         110000      220.00000

   Energies (kJ/mol)
        LJ (SR)  Disper. corr.   Coulomb (SR)   Coul. recip.      Potential
    8.86824e+04   -2.76506e+03   -9.12936e+05    1.42963e+03   -8.25589e+05
    Kinetic En.   Total Energy  Conserved En.    Temperature Pres. DC (bar)
    1.49594e+05   -6.75994e+05   -3.45016e+05    2.99875e+02   -7.80895e+01
 Pressure (bar)
    3.24070e+01

           Step           Time
         115000      230.00000

   Energies (kJ/mol)
        LJ (SR)  Disper. corr.   Coulomb (SR)   Coul. recip.      Potential
    8.82739e+04   -2.76495e+03   -9.12180e+05    1.36280e+03   -8.25308e+05
    Kinetic En.   Total Energy  Conserved En.    Temperature Pres. DC (bar)
    1.48595e+05   -6.76713e+05   -3.44991e+05    2.97872e+02   -7.80831e+01
 Pressure (bar)
   -1.97138e+01

Writing checkpoint, step 119600 at Fri Jun 27 21:52:21 2025


           Step           Time
         120000      240.00000

   Energies (kJ/mol)
        LJ (SR)  Disper. corr.   Coulomb (SR)   Coul. recip.      Potential
    8.78046e+04   -2.76626e+03   -9.11845e+05    1.36725e+03   -8.25439e+05
    Kinetic En.   Total Energy  Conserved En.    Temperature Pres. DC (bar)
    1.48560e+05   -6.76879e+05   -3.44973e+05    2.97802e+02   -7.81572e+01
 Pressure (bar)
   -6.42468e+01

           Step           Time
         125000      250.00000

   Energies (kJ/mol)
        LJ (SR)  Disper. corr.   Coulomb (SR)   Coul. recip.      Potential
    8.91259e+04   -2.76128e+03   -9.14182e+05    1.37125e+03   -8.26446e+05
    Kinetic En.   Total Energy  Conserved En.    Temperature Pres. DC (bar)
    1.47863e+05   -6.78584e+05   -3.44948e+05    2.96404e+02   -7.78758e+01
 Pressure (bar)
   -1.34963e+00

           Step           Time
         130000      260.00000

   Energies (kJ/mol)
        LJ (SR)  Disper. corr.   Coulomb (SR)   Coul. recip.      Potential
    8.83929e+04   -2.76007e+03   -9.14520e+05    1.35021e+03   -8.27537e+05
    Kinetic En.   Total Energy  Conserved En.    Temperature Pres. DC (bar)
    1.47876e+05   -6.79661e+05   -3.44925e+05    2.96431e+02   -7.78076e+01
 Pressure (bar)
   -1.05185e+02

           Step           Time
         135000      270.00000

   Energies (kJ/mol)
        LJ (SR)  Disper. corr.   Coulomb (SR)   Coul. recip.      Potential
    8.81450e+04   -2.76331e+03   -9.11985e+05    1.36479e+03   -8.25238e+05
    Kinetic En.   Total Energy  Conserved En.    Temperature Pres. DC (bar)
    1.47828e+05   -6.77410e+05   -3.44900e+05    2.96335e+02   -7.79903e+01
 Pressure (bar)
   -2.10611e+01

           Step           Time
         140000      280.00000

   Energies (kJ/mol)
        LJ (SR)  Disper. corr.   Coulomb (SR)   Coul. recip.      Potential
    8.86656e+04   -2.76177e+03   -9.11956e+05    1.35472e+03   -8.24697e+05
    Kinetic En.   Total Energy  Conserved En.    Temperature Pres. DC (bar)
    1.49314e+05   -6.75383e+05   -3.44870e+05    2.99313e+02   -7.79034e+01
 Pressure (bar)
    6.30139e+01

           Step           Time
         145000      290.00000

   Energies (kJ/mol)
        LJ (SR)  Disper. corr.   Coulomb (SR)   Coul. recip.      Potential
    8.92262e+04   -2.76143e+03   -9.14190e+05    1.34816e+03   -8.26377e+05
    Kinetic En.   Total Energy  Conserved En.    Temperature Pres. DC (bar)
    1.48766e+05   -6.77611e+05   -3.44844e+05    2.98214e+02   -7.78844e+01
 Pressure (bar)
    2.73708e+01

Writing checkpoint, step 149700 at Fri Jun 27 21:53:21 2025


           Step           Time
         150000      300.00000

   Energies (kJ/mol)
        LJ (SR)  Disper. corr.   Coulomb (SR)   Coul. recip.      Potential
    8.75539e+04   -2.75963e+03   -9.11650e+05    1.39185e+03   -8.25464e+05
    Kinetic En.   Total Energy  Conserved En.    Temperature Pres. DC (bar)
    1.49240e+05   -6.76224e+05   -3.44827e+05    2.99164e+02   -7.77830e+01
 Pressure (bar)
   -1.23775e+02

           Step           Time
         155000      310.00000

   Energies (kJ/mol)
        LJ (SR)  Disper. corr.   Coulomb (SR)   Coul. recip.      Potential
    8.84985e+04   -2.76384e+03   -9.12147e+05    1.32690e+03   -8.25086e+05
    Kinetic En.   Total Energy  Conserved En.    Temperature Pres. DC (bar)
    1.48692e+05   -6.76394e+05   -3.44797e+05    2.98066e+02   -7.80204e+01
 Pressure (bar)
    1.84551e+01

Writing checkpoint, step 156400 at Fri Jun 27 21:54:21 2025


           Step           Time
         160000      320.00000

   Energies (kJ/mol)
        LJ (SR)  Disper. corr.   Coulomb (SR)   Coul. recip.      Potential
    8.89926e+04   -2.76175e+03   -9.13831e+05    1.40549e+03   -8.26194e+05
    Kinetic En.   Total Energy  Conserved En.    Temperature Pres. DC (bar)
    1.48556e+05   -6.77638e+05   -3.44773e+05    2.97794e+02   -7.79025e+01
 Pressure (bar)
    1.29765e+01

           Step           Time
         165000      330.00000

   Energies (kJ/mol)
        LJ (SR)  Disper. corr.   Coulomb (SR)   Coul. recip.      Potential
    8.91943e+04   -2.76717e+03   -9.15779e+05    1.35692e+03   -8.27995e+05
    Kinetic En.   Total Energy  Conserved En.    Temperature Pres. DC (bar)
    1.47403e+05   -6.80592e+05   -3.44733e+05    2.95482e+02   -7.82086e+01
 Pressure (bar)
    2.86328e+00

           Step           Time
         170000      340.00000

   Energies (kJ/mol)
        LJ (SR)  Disper. corr.   Coulomb (SR)   Coul. recip.      Potential
    8.89707e+04   -2.76084e+03   -9.13546e+05    1.30204e+03   -8.26034e+05
    Kinetic En.   Total Energy  Conserved En.    Temperature Pres. DC (bar)
    1.49399e+05   -6.76635e+05   -3.44735e+05    2.99484e+02   -7.78513e+01
 Pressure (bar)
   -9.01868e+00

           Step           Time
         175000      350.00000

   Energies (kJ/mol)
        LJ (SR)  Disper. corr.   Coulomb (SR)   Coul. recip.      Potential
    8.75207e+04   -2.76731e+03   -9.12365e+05    1.33999e+03   -8.26271e+05
    Kinetic En.   Total Energy  Conserved En.    Temperature Pres. DC (bar)
    1.48838e+05   -6.77434e+05   -3.44701e+05    2.98358e+02   -7.82163e+01
 Pressure (bar)
   -1.18982e+02

           Step           Time
         180000      360.00000

   Energies (kJ/mol)
        LJ (SR)  Disper. corr.   Coulomb (SR)   Coul. recip.      Potential
    8.91739e+04   -2.75958e+03   -9.12725e+05    1.34813e+03   -8.24963e+05
    Kinetic En.   Total Energy  Conserved En.    Temperature Pres. DC (bar)
    1.48211e+05   -6.76752e+05   -3.44671e+05    2.97103e+02   -7.77802e+01
 Pressure (bar)
    3.18392e+01

           Step           Time
         185000      370.00000

   Energies (kJ/mol)
        LJ (SR)  Disper. corr.   Coulomb (SR)   Coul. recip.      Potential
    8.84847e+04   -2.76332e+03   -9.12370e+05    1.40876e+03   -8.25240e+05
    Kinetic En.   Total Energy  Conserved En.    Temperature Pres. DC (bar)
    1.47539e+05   -6.77700e+05   -3.44643e+05    2.95756e+02   -7.79911e+01
 Pressure (bar)
   -3.89960e+00

           Step           Time
         190000      380.00000

   Energies (kJ/mol)
        LJ (SR)  Disper. corr.   Coulomb (SR)   Coul. recip.      Potential
    8.69298e+04   -2.76448e+03   -9.10978e+05    1.38312e+03   -8.25430e+05
    Kinetic En.   Total Energy  Conserved En.    Temperature Pres. DC (bar)
    1.48760e+05   -6.76670e+05   -3.44638e+05    2.98203e+02   -7.80564e+01
 Pressure (bar)
   -1.46116e+02

           Step           Time
         195000      390.00000

   Energies (kJ/mol)
        LJ (SR)  Disper. corr.   Coulomb (SR)   Coul. recip.      Potential
    8.76272e+04   -2.76044e+03   -9.12009e+05    1.40981e+03   -8.25732e+05
    Kinetic En.   Total Energy  Conserved En.    Temperature Pres. DC (bar)
    1.48694e+05   -6.77038e+05   -3.44597e+05    2.98071e+02   -7.78286e+01
 Pressure (bar)
   -1.10271e+02

           Step           Time
         200000      400.00000

   Energies (kJ/mol)
        LJ (SR)  Disper. corr.   Coulomb (SR)   Coul. recip.      Potential
    9.04840e+04   -2.76387e+03   -9.16002e+05    1.37569e+03   -8.26907e+05
    Kinetic En.   Total Energy  Conserved En.    Temperature Pres. DC (bar)
    1.49116e+05   -6.77790e+05   -3.44594e+05    2.98917e+02   -7.80218e+01
 Pressure (bar)
    1.60288e+02

Writing checkpoint, step 200500 at Fri Jun 27 21:55:21 2025


           Step           Time
         205000      410.00000

   Energies (kJ/mol)
        LJ (SR)  Disper. corr.   Coulomb (SR)   Coul. recip.      Potential
    8.76167e+04   -2.76472e+03   -9.11210e+05    1.35511e+03   -8.25003e+05
    Kinetic En.   Total Energy  Conserved En.    Temperature Pres. DC (bar)
    1.49618e+05   -6.75385e+05   -3.44568e+05    2.99923e+02   -7.80699e+01
 Pressure (bar)
   -4.43684e+01

           Step           Time
         210000      420.00000

   Energies (kJ/mol)
        LJ (SR)  Disper. corr.   Coulomb (SR)   Coul. recip.      Potential
    8.80941e+04   -2.76228e+03   -9.11288e+05    1.37008e+03   -8.24586e+05
    Kinetic En.   Total Energy  Conserved En.    Temperature Pres. DC (bar)
    1.49234e+05   -6.75352e+05   -3.44541e+05    2.99153e+02   -7.79323e+01
 Pressure (bar)
   -1.59384e+01

           Step           Time
         215000      430.00000

   Energies (kJ/mol)
        LJ (SR)  Disper. corr.   Coulomb (SR)   Coul. recip.      Potential
    8.79662e+04   -2.75976e+03   -9.12261e+05    1.43197e+03   -8.25622e+05
    Kinetic En.   Total Energy  Conserved En.    Temperature Pres. DC (bar)
    1.49066e+05   -6.76556e+05   -3.44507e+05    2.98817e+02   -7.77902e+01
 Pressure (bar)
   -8.16804e+01

Writing checkpoint, step 217900 at Fri Jun 27 21:56:21 2025


           Step           Time
         220000      440.00000

   Energies (kJ/mol)
        LJ (SR)  Disper. corr.   Coulomb (SR)   Coul. recip.      Potential
    8.86175e+04   -2.76459e+03   -9.13638e+05    1.37089e+03   -8.26414e+05
    Kinetic En.   Total Energy  Conserved En.    Temperature Pres. DC (bar)
    1.47934e+05   -6.78481e+05   -3.44484e+05    2.96547e+02   -7.80627e+01
 Pressure (bar)
   -2.88472e+01

           Step           Time
         225000      450.00000

   Energies (kJ/mol)
        LJ (SR)  Disper. corr.   Coulomb (SR)   Coul. recip.      Potential
    8.92773e+04   -2.76583e+03   -9.15020e+05    1.34168e+03   -8.27166e+05
    Kinetic En.   Total Energy  Conserved En.    Temperature Pres. DC (bar)
    1.47841e+05   -6.79325e+05   -3.44465e+05    2.96361e+02   -7.81328e+01
 Pressure (bar)
    3.75484e+01

           Step           Time
         230000      460.00000

   Energies (kJ/mol)
        LJ (SR)  Disper. corr.   Coulomb (SR)   Coul. recip.      Potential
    8.80111e+04   -2.76126e+03   -9.12804e+05    1.39765e+03   -8.26156e+05
    Kinetic En.   Total Energy  Conserved En.    Temperature Pres. DC (bar)
    1.48838e+05   -6.77318e+05   -3.44435e+05    2.98359e+02   -7.78751e+01
 Pressure (bar)
   -8.67149e+01

           Step           Time
         235000      470.00000

   Energies (kJ/mol)
        LJ (SR)  Disper. corr.   Coulomb (SR)   Coul. recip.      Potential
    8.81057e+04   -2.76751e+03   -9.13318e+05    1.37352e+03   -8.26607e+05
    Kinetic En.   Total Energy  Conserved En.    Temperature Pres. DC (bar)
    1.48911e+05   -6.77696e+05   -3.44424e+05    2.98505e+02   -7.82275e+01
 Pressure (bar)
   -5.79112e+01

           Step           Time
         240000      480.00000

   Energies (kJ/mol)
        LJ (SR)  Disper. corr.   Coulomb (SR)   Coul. recip.      Potential
    8.80350e+04   -2.76781e+03   -9.12309e+05    1.38621e+03   -8.25656e+05
    Kinetic En.   Total Energy  Conserved En.    Temperature Pres. DC (bar)
    1.49370e+05   -6.76286e+05   -3.44407e+05    2.99425e+02   -7.82446e+01
 Pressure (bar)
   -3.08173e+01

           Step           Time
         245000      490.00000

   Energies (kJ/mol)
        LJ (SR)  Disper. corr.   Coulomb (SR)   Coul. recip.      Potential
    8.81942e+04   -2.76369e+03   -9.11538e+05    1.32292e+03   -8.24785e+05
    Kinetic En.   Total Energy  Conserved En.    Temperature Pres. DC (bar)
    1.48128e+05   -6.76657e+05   -3.44366e+05    2.96936e+02   -7.80122e+01
 Pressure (bar)
   -1.41683e+01

           Step           Time
         250000      500.00000

   Energies (kJ/mol)
        LJ (SR)  Disper. corr.   Coulomb (SR)   Coul. recip.      Potential
    8.86850e+04   -2.76576e+03   -9.13637e+05    1.38435e+03   -8.26333e+05
    Kinetic En.   Total Energy  Conserved En.    Temperature Pres. DC (bar)
    1.49019e+05   -6.77314e+05   -3.44344e+05    2.98723e+02   -7.81286e+01
 Pressure (bar)
    9.00141e+00

           Step           Time
         255000      510.00000

   Energies (kJ/mol)
        LJ (SR)  Disper. corr.   Coulomb (SR)   Coul. recip.      Potential
    8.84452e+04   -2.76151e+03   -9.11246e+05    1.42572e+03   -8.24137e+05
    Kinetic En.   Total Energy  Conserved En.    Temperature Pres. DC (bar)
    1.49190e+05   -6.74947e+05   -3.44332e+05    2.99065e+02   -7.78890e+01
 Pressure (bar)
    1.91562e+01

           Step           Time
         260000      520.00000

   Energies (kJ/mol)
        LJ (SR)  Disper. corr.   Coulomb (SR)   Coul. recip.      Potential
    8.78053e+04   -2.76403e+03   -9.12290e+05    1.34223e+03   -8.25906e+05
    Kinetic En.   Total Energy  Conserved En.    Temperature Pres. DC (bar)
    1.48560e+05   -6.77346e+05   -3.44306e+05    2.97801e+02   -7.80312e+01
 Pressure (bar)
   -9.92289e+01

           Step           Time
         265000      530.00000

   Energies (kJ/mol)
        LJ (SR)  Disper. corr.   Coulomb (SR)   Coul. recip.      Potential
    8.85940e+04   -2.76483e+03   -9.13737e+05    1.37669e+03   -8.26532e+05
    Kinetic En.   Total Energy  Conserved En.    Temperature Pres. DC (bar)
    1.47627e+05   -6.78905e+05   -3.44267e+05    2.95931e+02   -7.80762e+01
 Pressure (bar)
   -9.94370e+00

           Step           Time
         270000      540.00000

   Energies (kJ/mol)
        LJ (SR)  Disper. corr.   Coulomb (SR)   Coul. recip.      Potential
    8.68263e+04   -2.76291e+03   -9.10217e+05    1.39047e+03   -8.24763e+05
    Kinetic En.   Total Energy  Conserved En.    Temperature Pres. DC (bar)
    1.48791e+05   -6.75972e+05   -3.44237e+05    2.98266e+02   -7.79678e+01
 Pressure (bar)
   -1.57324e+02

           Step           Time
         275000      550.00000

   Energies (kJ/mol)
        LJ (SR)  Disper. corr.   Coulomb (SR)   Coul. recip.      Potential
    8.90612e+04   -2.76120e+03   -9.13329e+05    1.32420e+03   -8.25705e+05
    Kinetic En.   Total Energy  Conserved En.    Temperature Pres. DC (bar)
    1.49504e+05   -6.76201e+05   -3.44232e+05    2.99694e+02   -7.78713e+01
 Pressure (bar)
    4.97863e+01

           Step           Time
         280000      560.00000

   Energies (kJ/mol)
        LJ (SR)  Disper. corr.   Coulomb (SR)   Coul. recip.      Potential
    9.00769e+04   -2.76500e+03   -9.15356e+05    1.34279e+03   -8.26702e+05
    Kinetic En.   Total Energy  Conserved En.    Temperature Pres. DC (bar)
    1.48485e+05   -6.78217e+05   -3.44191e+05    2.97651e+02   -7.80858e+01
 Pressure (bar)
    1.30938e+02

Writing checkpoint, step 284000 at Fri Jun 27 21:57:21 2025


           Step           Time
         285000      570.00000

   Energies (kJ/mol)
        LJ (SR)  Disper. corr.   Coulomb (SR)   Coul. recip.      Potential
    8.80694e+04   -2.76178e+03   -9.13061e+05    1.39012e+03   -8.26363e+05
    Kinetic En.   Total Energy  Conserved En.    Temperature Pres. DC (bar)
    1.49229e+05   -6.77134e+05   -3.44180e+05    2.99143e+02   -7.79041e+01
 Pressure (bar)
   -7.03041e+01

           Step           Time
         290000      580.00000

   Energies (kJ/mol)
        LJ (SR)  Disper. corr.   Coulomb (SR)   Coul. recip.      Potential
    8.98543e+04   -2.76166e+03   -9.14423e+05    1.36704e+03   -8.25963e+05
    Kinetic En.   Total Energy  Conserved En.    Temperature Pres. DC (bar)
    1.47604e+05   -6.78359e+05   -3.44161e+05    2.95886e+02   -7.78975e+01
 Pressure (bar)
    1.06739e+02

           Step           Time
         295000      590.00000

   Energies (kJ/mol)
        LJ (SR)  Disper. corr.   Coulomb (SR)   Coul. recip.      Potential
    8.94382e+04   -2.76186e+03   -9.14635e+05    1.36736e+03   -8.26592e+05
    Kinetic En.   Total Energy  Conserved En.    Temperature Pres. DC (bar)
    1.47473e+05   -6.79119e+05   -3.44141e+05    2.95622e+02   -7.79088e+01
 Pressure (bar)
    3.69673e+01

           Step           Time
         300000      600.00000

   Energies (kJ/mol)
        LJ (SR)  Disper. corr.   Coulomb (SR)   Coul. recip.      Potential
    8.99267e+04   -2.76237e+03   -9.13879e+05    1.37722e+03   -8.25337e+05
    Kinetic En.   Total Energy  Conserved En.    Temperature Pres. DC (bar)
    1.48212e+05   -6.77125e+05   -3.44108e+05    2.97104e+02   -7.79374e+01
 Pressure (bar)
    1.50611e+02

           Step           Time
         305000      610.00000

   Energies (kJ/mol)
        LJ (SR)  Disper. corr.   Coulomb (SR)   Coul. recip.      Potential
    8.76188e+04   -2.76468e+03   -9.11830e+05    1.33202e+03   -8.25643e+05
    Kinetic En.   Total Energy  Conserved En.    Temperature Pres. DC (bar)
    1.48559e+05   -6.77085e+05   -3.44093e+05    2.97799e+02   -7.80677e+01
 Pressure (bar)
   -1.01530e+02

           Step           Time
         310000      620.00000

   Energies (kJ/mol)
        LJ (SR)  Disper. corr.   Coulomb (SR)   Coul. recip.      Potential
    8.95841e+04   -2.76527e+03   -9.15373e+05    1.43122e+03   -8.27123e+05
    Kinetic En.   Total Energy  Conserved En.    Temperature Pres. DC (bar)
    1.49057e+05   -6.78066e+05   -3.44080e+05    2.98798e+02   -7.81009e+01
 Pressure (bar)
    4.42909e+01

           Step           Time
         315000      630.00000

   Energies (kJ/mol)
        LJ (SR)  Disper. corr.   Coulomb (SR)   Coul. recip.      Potential
    8.81752e+04   -2.76158e+03   -9.12069e+05    1.39870e+03   -8.25257e+05
    Kinetic En.   Total Energy  Conserved En.    Temperature Pres. DC (bar)
    1.49228e+05   -6.76029e+05   -3.44036e+05    2.99140e+02   -7.78927e+01
 Pressure (bar)
   -2.67816e+01

Writing checkpoint, step 319100 at Fri Jun 27 21:58:21 2025


           Step           Time
         320000      640.00000

   Energies (kJ/mol)
        LJ (SR)  Disper. corr.   Coulomb (SR)   Coul. recip.      Potential
    8.88437e+04   -2.75923e+03   -9.11721e+05    1.38998e+03   -8.24247e+05
    Kinetic En.   Total Energy  Conserved En.    Temperature Pres. DC (bar)
    1.48297e+05   -6.75950e+05   -3.44020e+05    2.97274e+02   -7.77603e+01
 Pressure (bar)
    5.08760e+01

           Step           Time
         325000      650.00000

   Energies (kJ/mol)
        LJ (SR)  Disper. corr.   Coulomb (SR)   Coul. recip.      Potential
    8.95194e+04   -2.76083e+03   -9.14442e+05    1.38081e+03   -8.26303e+05
    Kinetic En.   Total Energy  Conserved En.    Temperature Pres. DC (bar)
    1.50279e+05   -6.76024e+05   -3.44013e+05    3.01248e+02   -7.78505e+01
 Pressure (bar)
    8.11322e+01

           Step           Time
         330000      660.00000

   Energies (kJ/mol)
        LJ (SR)  Disper. corr.   Coulomb (SR)   Coul. recip.      Potential
    8.98110e+04   -2.76211e+03   -9.14080e+05    1.40457e+03   -8.25626e+05
    Kinetic En.   Total Energy  Conserved En.    Temperature Pres. DC (bar)
    1.48034e+05   -6.77592e+05   -3.43977e+05    2.96747e+02   -7.79228e+01
 Pressure (bar)
    1.14195e+02

           Step           Time
         335000      670.00000

   Energies (kJ/mol)
        LJ (SR)  Disper. corr.   Coulomb (SR)   Coul. recip.      Potential
    8.91147e+04   -2.75809e+03   -9.13649e+05    1.34705e+03   -8.25945e+05
    Kinetic En.   Total Energy  Conserved En.    Temperature Pres. DC (bar)
    1.49180e+05   -6.76766e+05   -3.43950e+05    2.99044e+02   -7.76964e+01
 Pressure (bar)
    4.02230e+01

           Step           Time
         340000      680.00000

   Energies (kJ/mol)
        LJ (SR)  Disper. corr.   Coulomb (SR)   Coul. recip.      Potential
    8.87294e+04   -2.76254e+03   -9.13384e+05    1.37846e+03   -8.26039e+05
    Kinetic En.   Total Energy  Conserved En.    Temperature Pres. DC (bar)
    1.49190e+05   -6.76849e+05   -3.43948e+05    2.99064e+02   -7.79471e+01
 Pressure (bar)
    1.55341e+01

           Step           Time
         345000      690.00000

   Energies (kJ/mol)
        LJ (SR)  Disper. corr.   Coulomb (SR)   Coul. recip.      Potential
    8.84254e+04   -2.76352e+03   -9.13636e+05    1.40829e+03   -8.26566e+05
    Kinetic En.   Total Energy  Conserved En.    Temperature Pres. DC (bar)
    1.48079e+05   -6.78487e+05   -3.43911e+05    2.96837e+02   -7.80025e+01
 Pressure (bar)
   -4.28468e+01

           Step           Time
         350000      700.00000

   Energies (kJ/mol)
        LJ (SR)  Disper. corr.   Coulomb (SR)   Coul. recip.      Potential
    8.93117e+04   -2.76291e+03   -9.14377e+05    1.40809e+03   -8.26420e+05
    Kinetic En.   Total Energy  Conserved En.    Temperature Pres. DC (bar)
    1.49095e+05   -6.77325e+05   -3.43886e+05    2.98874e+02   -7.79681e+01
 Pressure (bar)
    2.64295e+01

           Step           Time
         355000      710.00000

   Energies (kJ/mol)
        LJ (SR)  Disper. corr.   Coulomb (SR)   Coul. recip.      Potential
    8.96590e+04   -2.76317e+03   -9.13856e+05    1.37552e+03   -8.25585e+05
    Kinetic En.   Total Energy  Conserved En.    Temperature Pres. DC (bar)
    1.49729e+05   -6.75856e+05   -3.43862e+05    3.00145e+02   -7.79826e+01
 Pressure (bar)
    1.13627e+02

           Step           Time
         360000      720.00000

   Energies (kJ/mol)
        LJ (SR)  Disper. corr.   Coulomb (SR)   Coul. recip.      Potential
    8.96454e+04   -2.76495e+03   -9.14321e+05    1.36334e+03   -8.26077e+05
    Kinetic En.   Total Energy  Conserved En.    Temperature Pres. DC (bar)
    1.47974e+05   -6.78103e+05   -3.43845e+05    2.96627e+02   -7.80830e+01
 Pressure (bar)
    1.07819e+02

Writing checkpoint, step 360300 at Fri Jun 27 21:59:22 2025


           Step           Time
         365000      730.00000

   Energies (kJ/mol)
        LJ (SR)  Disper. corr.   Coulomb (SR)   Coul. recip.      Potential
    8.91757e+04   -2.76345e+03   -9.13080e+05    1.41592e+03   -8.25252e+05
    Kinetic En.   Total Energy  Conserved En.    Temperature Pres. DC (bar)
    1.48792e+05   -6.76460e+05   -3.43817e+05    2.98266e+02   -7.79982e+01
 Pressure (bar)
    6.20249e+01

           Step           Time
         370000      740.00000

   Energies (kJ/mol)
        LJ (SR)  Disper. corr.   Coulomb (SR)   Coul. recip.      Potential
    8.83958e+04   -2.76171e+03   -9.11311e+05    1.38324e+03   -8.24294e+05
    Kinetic En.   Total Energy  Conserved En.    Temperature Pres. DC (bar)
    1.48513e+05   -6.75780e+05   -3.43790e+05    2.97709e+02   -7.79001e+01
 Pressure (bar)
    1.25165e+01

           Step           Time
         375000      750.00000

   Energies (kJ/mol)
        LJ (SR)  Disper. corr.   Coulomb (SR)   Coul. recip.      Potential
    8.77708e+04   -2.75989e+03   -9.11015e+05    1.38621e+03   -8.24618e+05
    Kinetic En.   Total Energy  Conserved En.    Temperature Pres. DC (bar)
    1.49594e+05   -6.75024e+05   -3.43773e+05    2.99874e+02   -7.77978e+01
 Pressure (bar)
   -6.80407e+01

           Step           Time
         380000      760.00000

   Energies (kJ/mol)
        LJ (SR)  Disper. corr.   Coulomb (SR)   Coul. recip.      Potential
    8.75762e+04   -2.75920e+03   -9.10657e+05    1.39989e+03   -8.24440e+05
    Kinetic En.   Total Energy  Conserved En.    Temperature Pres. DC (bar)
    1.48916e+05   -6.75524e+05   -3.43747e+05    2.98515e+02   -7.77588e+01
 Pressure (bar)
   -8.80743e+01

Writing checkpoint, step 380100 at Fri Jun 27 22:00:22 2025


           Step           Time
         385000      770.00000

   Energies (kJ/mol)
        LJ (SR)  Disper. corr.   Coulomb (SR)   Coul. recip.      Potential
    8.90222e+04   -2.76141e+03   -9.14002e+05    1.35248e+03   -8.26389e+05
    Kinetic En.   Total Energy  Conserved En.    Temperature Pres. DC (bar)
    1.47832e+05   -6.78558e+05   -3.43715e+05    2.96341e+02   -7.78833e+01
 Pressure (bar)
    3.14229e-02

           Step           Time
         390000      780.00000

   Energies (kJ/mol)
        LJ (SR)  Disper. corr.   Coulomb (SR)   Coul. recip.      Potential
    8.83761e+04   -2.76469e+03   -9.12919e+05    1.44360e+03   -8.25864e+05
    Kinetic En.   Total Energy  Conserved En.    Temperature Pres. DC (bar)
    1.48759e+05   -6.77105e+05   -3.43696e+05    2.98201e+02   -7.80683e+01
 Pressure (bar)
   -4.09403e+00

           Step           Time
         395000      790.00000

   Energies (kJ/mol)
        LJ (SR)  Disper. corr.   Coulomb (SR)   Coul. recip.      Potential
    8.69663e+04   -2.76097e+03   -9.10350e+05    1.38244e+03   -8.24762e+05
    Kinetic En.   Total Energy  Conserved En.    Temperature Pres. DC (bar)
    1.48851e+05   -6.75911e+05   -3.43675e+05    2.98385e+02   -7.78586e+01
 Pressure (bar)
   -1.59437e+02

           Step           Time
         400000      800.00000

   Energies (kJ/mol)
        LJ (SR)  Disper. corr.   Coulomb (SR)   Coul. recip.      Potential
    8.73979e+04   -2.76097e+03   -9.11178e+05    1.32922e+03   -8.25212e+05
    Kinetic En.   Total Energy  Conserved En.    Temperature Pres. DC (bar)
    1.49390e+05   -6.75822e+05   -3.43655e+05    2.99465e+02   -7.78586e+01
 Pressure (bar)
   -9.92680e+01

           Step           Time
         405000      810.00000

   Energies (kJ/mol)
        LJ (SR)  Disper. corr.   Coulomb (SR)   Coul. recip.      Potential
    8.89958e+04   -2.76285e+03   -9.11186e+05    1.35843e+03   -8.23594e+05
    Kinetic En.   Total Energy  Conserved En.    Temperature Pres. DC (bar)
    1.49068e+05   -6.74526e+05   -3.43628e+05    2.98820e+02   -7.79644e+01
 Pressure (bar)
    1.23509e+02

           Step           Time
         410000      820.00000

   Energies (kJ/mol)
        LJ (SR)  Disper. corr.   Coulomb (SR)   Coul. recip.      Potential
    8.79503e+04   -2.76202e+03   -9.12521e+05    1.34789e+03   -8.25985e+05
    Kinetic En.   Total Energy  Conserved En.    Temperature Pres. DC (bar)
    1.47671e+05   -6.78314e+05   -3.43602e+05    2.96019e+02   -7.79177e+01
 Pressure (bar)
   -9.29060e+01

           Step           Time
         415000      830.00000

   Energies (kJ/mol)
        LJ (SR)  Disper. corr.   Coulomb (SR)   Coul. recip.      Potential
    8.95864e+04   -2.75772e+03   -9.14236e+05    1.41188e+03   -8.25995e+05
    Kinetic En.   Total Energy  Conserved En.    Temperature Pres. DC (bar)
    1.47859e+05   -6.78136e+05   -3.43565e+05    2.96396e+02   -7.76754e+01
 Pressure (bar)
    3.39391e+01

           Step           Time
         420000      840.00000

   Energies (kJ/mol)
        LJ (SR)  Disper. corr.   Coulomb (SR)   Coul. recip.      Potential
    8.89515e+04   -2.76238e+03   -9.14181e+05    1.36967e+03   -8.26622e+05
    Kinetic En.   Total Energy  Conserved En.    Temperature Pres. DC (bar)
    1.49340e+05   -6.77282e+05   -3.43554e+05    2.99365e+02   -7.79382e+01
 Pressure (bar)
   -1.16502e+00

           Step           Time
         425000      850.00000

   Energies (kJ/mol)
        LJ (SR)  Disper. corr.   Coulomb (SR)   Coul. recip.      Potential
    8.91799e+04   -2.76492e+03   -9.15783e+05    1.33895e+03   -8.28030e+05
    Kinetic En.   Total Energy  Conserved En.    Temperature Pres. DC (bar)
    1.48216e+05   -6.79814e+05   -3.43510e+05    2.97112e+02   -7.80815e+01
 Pressure (bar)
   -2.42631e+01

           Step           Time
         430000      860.00000

   Energies (kJ/mol)
        LJ (SR)  Disper. corr.   Coulomb (SR)   Coul. recip.      Potential
    8.87904e+04   -2.76442e+03   -9.13498e+05    1.38813e+03   -8.26084e+05
    Kinetic En.   Total Energy  Conserved En.    Temperature Pres. DC (bar)
    1.48529e+05   -6.77556e+05   -3.43491e+05    2.97739e+02   -7.80530e+01
 Pressure (bar)
    2.47352e+01

Writing checkpoint, step 432000 at Fri Jun 27 22:01:22 2025


           Step           Time
         435000      870.00000

   Energies (kJ/mol)
        LJ (SR)  Disper. corr.   Coulomb (SR)   Coul. recip.      Potential
    8.74131e+04   -2.76565e+03   -9.11189e+05    1.35291e+03   -8.25188e+05
    Kinetic En.   Total Energy  Conserved En.    Temperature Pres. DC (bar)
    1.48179e+05   -6.77010e+05   -3.43476e+05    2.97037e+02   -7.81224e+01
 Pressure (bar)
   -1.04246e+02

Writing checkpoint, step 437600 at Fri Jun 27 22:02:21 2025


           Step           Time
         440000      880.00000

   Energies (kJ/mol)
        LJ (SR)  Disper. corr.   Coulomb (SR)   Coul. recip.      Potential
    8.89641e+04   -2.76266e+03   -9.14159e+05    1.38747e+03   -8.26570e+05
    Kinetic En.   Total Energy  Conserved En.    Temperature Pres. DC (bar)
    1.48003e+05   -6.78567e+05   -3.43452e+05    2.96685e+02   -7.79539e+01
 Pressure (bar)
   -1.21695e+01

           Step           Time
         445000      890.00000

   Energies (kJ/mol)
        LJ (SR)  Disper. corr.   Coulomb (SR)   Coul. recip.      Potential
    8.81094e+04   -2.76679e+03   -9.12652e+05    1.38743e+03   -8.25922e+05
    Kinetic En.   Total Energy  Conserved En.    Temperature Pres. DC (bar)
    1.49193e+05   -6.76729e+05   -3.43427e+05    2.99071e+02   -7.81871e+01
 Pressure (bar)
   -3.95917e+01

           Step           Time
         450000      900.00000

   Energies (kJ/mol)
        LJ (SR)  Disper. corr.   Coulomb (SR)   Coul. recip.      Potential
    8.81264e+04   -2.76081e+03   -9.11450e+05    1.42614e+03   -8.24658e+05
    Kinetic En.   Total Energy  Conserved En.    Temperature Pres. DC (bar)
    1.48665e+05   -6.75993e+05   -3.43395e+05    2.98013e+02   -7.78497e+01
 Pressure (bar)
   -7.51606e+00

           Step           Time
         455000      910.00000

   Energies (kJ/mol)
        LJ (SR)  Disper. corr.   Coulomb (SR)   Coul. recip.      Potential
    8.85160e+04   -2.76308e+03   -9.13066e+05    1.45952e+03   -8.25854e+05
    Kinetic En.   Total Energy  Conserved En.    Temperature Pres. DC (bar)
    1.48327e+05   -6.77527e+05   -3.43369e+05    2.97335e+02   -7.79775e+01
 Pressure (bar)
   -2.96399e+01

           Step           Time
         460000      920.00000

   Energies (kJ/mol)
        LJ (SR)  Disper. corr.   Coulomb (SR)   Coul. recip.      Potential
    8.93539e+04   -2.76121e+03   -9.14167e+05    1.36921e+03   -8.26205e+05
    Kinetic En.   Total Energy  Conserved En.    Temperature Pres. DC (bar)
    1.48280e+05   -6.77925e+05   -3.43366e+05    2.97241e+02   -7.78722e+01
 Pressure (bar)
    2.56620e+01

           Step           Time
         465000      930.00000

   Energies (kJ/mol)
        LJ (SR)  Disper. corr.   Coulomb (SR)   Coul. recip.      Potential
    8.90481e+04   -2.76586e+03   -9.13693e+05    1.47671e+03   -8.25934e+05
    Kinetic En.   Total Energy  Conserved En.    Temperature Pres. DC (bar)
    1.48712e+05   -6.77222e+05   -3.43336e+05    2.98106e+02   -7.81346e+01
 Pressure (bar)
    4.24843e+01

           Step           Time
         470000      940.00000

   Energies (kJ/mol)
        LJ (SR)  Disper. corr.   Coulomb (SR)   Coul. recip.      Potential
    8.91169e+04   -2.76471e+03   -9.14953e+05    1.36942e+03   -8.27231e+05
    Kinetic En.   Total Energy  Conserved En.    Temperature Pres. DC (bar)
    1.49195e+05   -6.78036e+05   -3.43320e+05    2.99075e+02   -7.80694e+01
 Pressure (bar)
    3.98550e+00

           Step           Time
         475000      950.00000

   Energies (kJ/mol)
        LJ (SR)  Disper. corr.   Coulomb (SR)   Coul. recip.      Potential
    8.77954e+04   -2.75948e+03   -9.11134e+05    1.39597e+03   -8.24702e+05
    Kinetic En.   Total Energy  Conserved En.    Temperature Pres. DC (bar)
    1.48422e+05   -6.76280e+05   -3.43281e+05    2.97525e+02   -7.77746e+01
 Pressure (bar)
   -8.88910e+01

           Step           Time
         480000      960.00000

   Energies (kJ/mol)
        LJ (SR)  Disper. corr.   Coulomb (SR)   Coul. recip.      Potential
    9.02635e+04   -2.76209e+03   -9.14194e+05    1.38630e+03   -8.25307e+05
    Kinetic En.   Total Energy  Conserved En.    Temperature Pres. DC (bar)
    1.47786e+05   -6.77520e+05   -3.43260e+05    2.96251e+02   -7.79218e+01
 Pressure (bar)
    1.62494e+02

           Step           Time
         485000      970.00000

   Energies (kJ/mol)
        LJ (SR)  Disper. corr.   Coulomb (SR)   Coul. recip.      Potential
    8.98629e+04   -2.76249e+03   -9.15070e+05    1.37384e+03   -8.26596e+05
    Kinetic En.   Total Energy  Conserved En.    Temperature Pres. DC (bar)
    1.49677e+05   -6.76920e+05   -3.43246e+05    3.00040e+02   -7.79444e+01
 Pressure (bar)
    9.30166e+01

Writing checkpoint, step 488800 at Fri Jun 27 22:03:22 2025


           Step           Time
         490000      980.00000

   Energies (kJ/mol)
        LJ (SR)  Disper. corr.   Coulomb (SR)   Coul. recip.      Potential
    8.78859e+04   -2.76342e+03   -9.12270e+05    1.34871e+03   -8.25798e+05
    Kinetic En.   Total Energy  Conserved En.    Temperature Pres. DC (bar)
    1.49278e+05   -6.76520e+05   -3.43209e+05    2.99242e+02   -7.79968e+01
 Pressure (bar)
   -7.70107e+01

           Step           Time
         495000      990.00000

   Energies (kJ/mol)
        LJ (SR)  Disper. corr.   Coulomb (SR)   Coul. recip.      Potential
    8.89977e+04   -2.76251e+03   -9.13745e+05    1.35081e+03   -8.26159e+05
    Kinetic En.   Total Energy  Conserved En.    Temperature Pres. DC (bar)
    1.48917e+05   -6.77242e+05   -3.43184e+05    2.98517e+02   -7.79454e+01
 Pressure (bar)
    1.43195e+01

           Step           Time
         500000     1000.00000

Writing checkpoint, step 500000 at Fri Jun 27 22:04:14 2025


   Energies (kJ/mol)
        LJ (SR)  Disper. corr.   Coulomb (SR)   Coul. recip.      Potential
    8.89094e+04   -2.76564e+03   -9.13205e+05    1.33313e+03   -8.25728e+05
    Kinetic En.   Total Energy  Conserved En.    Temperature Pres. DC (bar)
    1.49184e+05   -6.76544e+05   -3.43158e+05    2.99053e+02   -7.81218e+01
 Pressure (bar)
    2.24585e+01


Energy conservation over simulation part #1 of length 1000 ns, time 0 to 1000 ns
  Conserved energy drift: 5.89e-05 kJ/mol/ps per atom


	<======  ###############  ==>
	<====  A V E R A G E S  ====>
	<==  ###############  ======>

	Statistics over 500001 steps using 5001 frames

   Energies (kJ/mol)
        LJ (SR)  Disper. corr.   Coulomb (SR)   Coul. recip.      Potential
    8.86216e+04   -2.75622e+03   -9.12573e+05    1.37662e+03   -8.25331e+05
    Kinetic En.   Total Energy  Conserved En.    Temperature Pres. DC (bar)
    1.48684e+05   -6.76647e+05   -3.44353e+05    2.98051e+02   -7.76268e+01
 Pressure (bar)
   -1.60839e+01

          Box-X          Box-Y          Box-Z
    5.28462e+00    5.28462e+00    2.11385e+01

   Total Virial (kJ/mol)
    4.99286e+04   -2.17378e+01   -1.34060e+01
   -2.17376e+01    4.99333e+04    3.56181e+01
   -1.34062e+01    3.56119e+01    4.98753e+04

   Pressure (bar)
   -1.68942e+01    1.15018e+00    2.10419e-01
    1.15017e+00   -1.74046e+01   -2.15550e+00
    2.10431e-01   -2.15516e+00   -1.39531e+01


       P P   -   P M E   L O A D   B A L A N C I N G

 PP/PME load balancing changed the cut-off and PME settings:
           particle-particle                    PME
            rcoulomb  rlist            grid      spacing   1/beta
   initial  1.400 nm  1.404 nm      52  52 200   0.120 nm  0.448 nm
   final    1.458 nm  1.462 nm      48  48 192   0.125 nm  0.467 nm
 cost-ratio           1.13             0.82
 (note that these numbers concern only part of the total PP and PME load)


	M E G A - F L O P S   A C C O U N T I N G

 NB=Group-cutoff nonbonded kernels    NxN=N-by-N cluster Verlet kernels
 RF=Reaction-Field  VdW=Van der Waals  QSTab=quadratic-spline table
 W3=SPC/TIP3p  W4=TIP4p (single or pairs)
 V&F=Potential and force  V=Potential only  F=Force only

 Computing:                               M-Number         M-Flops  % Flops
-----------------------------------------------------------------------------
 Pair Search distance check           42397.251088      381575.260     0.0
 NxN Ewald Elec. + LJ [F]          56467838.877120  3726877365.890    98.4
 NxN Ewald Elec. + LJ [V&F]          570496.415488    61043116.457     1.6
 Shift-X                                300.060000        1800.360     0.0
 Virial                                3002.310045       54041.581     0.0
 Stop-CM                                300.120000        3001.200     0.0
 P-Coupling                            3000.060000       18000.360     0.0
 Calc-Ekin                             6000.120000      162003.240     0.0
 Constraint-V                             0.060000           0.540     0.0
 Settle                                   0.040000          14.800     0.0
-----------------------------------------------------------------------------
 Total                                              3788540919.688   100.0
-----------------------------------------------------------------------------


     R E A L   C Y C L E   A N D   T I M E   A C C O U N T I N G

On 1 MPI rank, each using 10 OpenMP threads

 Computing:          Num   Num      Call    Wall time         Giga-Cycles
                     Ranks Threads  Count      (s)         total sum    %
-----------------------------------------------------------------------------
 Neighbor search        1   10       5001      48.239       1254.213   5.1
 Launch GPU ops.        1   10     995001      43.614       1133.962   4.6
 Force                  1   10     500001     321.162       8350.251  33.7
 Wait PME GPU gather    1   10     500001       7.143        185.727   0.7
 Reduce GPU PME F       1   10     500001      30.515        793.398   3.2
 Wait GPU NB local      1   10     450000       7.325        190.461   0.8
 Wait GPU state copy    1   10     175004     269.639       7010.651  28.3
 NB X/F buffer ops.     1   10      50001      37.811        983.091   4.0
 Write traj.            1   10        116      13.061        339.578   1.4
 Constraints            1   10          2       0.008          0.215   0.0
 Rest                                         175.611       4565.915  18.4
-----------------------------------------------------------------------------
 Total                                        954.128      24807.462 100.0
-----------------------------------------------------------------------------

               Core t (s)   Wall t (s)        (%)
       Time:     9541.266      954.128     1000.0
                 (ns/day)    (hour/ns)
Performance:       90.554        0.265
Finished mdrun on rank 0 Fri Jun 27 22:04:15 2025

