                      :-) GROMACS - gmx mdrun, 2021.5 (-:

                            GROMACS is written by:
     Andrey Alekseenko              Emile Apol              Rossen Apostolov     
         Paul Bauer           Herman J.C. Berendsen           Par Bjelkmar       
       Christian Blau           Viacheslav Bolnykh             Kevin Boyd        
     Aldert van Buuren           Rudi van Drunen             Anton Feenstra      
    Gilles Gouaillardet             Alan Gray               Gerrit Groenhof      
       Anca Hamuraru            Vincent Hindriksen          M. Eric Irrgang      
      Aleksei Iupinov           Christoph Junghans             Joe Jordan        
    Dimitrios Karkoulis            Peter Kasson                Jiri Kraus        
      Carsten Kutzner              Per Larsson              Justin A. Lemkul     
       Viveca Lindahl            Magnus Lundborg             Erik Marklund       
        Pascal Merz             Pieter Meulenhoff            Teemu Murtola       
        Szilard Pall               Sander Pronk              Roland Schulz       
       Michael Shirts            Alexey Shvetsov             Alfons Sijbers      
       Peter Tieleman              Jon Vincent              Teemu Virolainen     
     Christian Wennberg            Maarten Wolf              Artem Zhmurov       
                           and the project leaders:
        Mark Abraham, Berk Hess, Erik Lindahl, and David van der Spoel

Copyright (c) 1991-2000, University of Groningen, The Netherlands.
Copyright (c) 2001-2019, The GROMACS development team at
Uppsala University, Stockholm University and
the Royal Institute of Technology, Sweden.
check out http://www.gromacs.org for more information.

GROMACS is free software; you can redistribute it and/or modify it
under the terms of the GNU Lesser General Public License
as published by the Free Software Foundation; either version 2.1
of the License, or (at your option) any later version.

GROMACS:      gmx mdrun, version 2021.5
Executable:   /usr/local/gromacs_2021.5/bin/gmx
Data prefix:  /usr/local/gromacs_2021.5
Working dir:  /srv/home/apbal/work/REU/mixtures/monomers/20pHBA/5mix
Process ID:   421595
Command line:
  gmx mdrun -v -deffnm npt -ntomp 10 -nb gpu -bonded cpu -update gpu -ntmpi 1 -cpt 1

GROMACS version:    2021.5
Precision:          mixed
Memory model:       64 bit
MPI library:        thread_mpi
OpenMP support:     enabled (GMX_OPENMP_MAX_THREADS = 256)
GPU support:        CUDA
SIMD instructions:  AVX2_256
FFT library:        fftw-3.3.8-sse2-avx-avx2-avx2_128
RDTSCP usage:       enabled
TNG support:        enabled
Hwloc support:      disabled
Tracing support:    disabled
C compiler:         /usr/bin/cc GNU 9.4.0
C compiler flags:   -mavx2 -mfma -Wno-missing-field-initializers -fexcess-precision=fast -funroll-all-loops -pthread -O3 -DNDEBUG
C++ compiler:       /usr/bin/c++ GNU 9.4.0
C++ compiler flags: -mavx2 -mfma -Wno-missing-field-initializers -fexcess-precision=fast -funroll-all-loops -pthread -fopenmp -O3 -DNDEBUG
CUDA compiler:      /usr/local/cuda-12.2/bin/nvcc nvcc: NVIDIA (R) Cuda compiler driver;Copyright (c) 2005-2023 NVIDIA Corporation;Built on Tue_Aug_15_22:02:13_PDT_2023;Cuda compilation tools, release 12.2, V12.2.140;Build cuda_12.2.r12.2/compiler.33191640_0
CUDA compiler flags:-std=c++17;-gencode;arch=compute_60,code=sm_60;-gencode;arch=compute_61,code=sm_61;-gencode;arch=compute_62,code=sm_62;-gencode;arch=compute_70,code=sm_70;-gencode;arch=compute_75,code=sm_75;-gencode;arch=compute_80,code=sm_80;-gencode;arch=compute_86,code=sm_86;-gencode;arch=compute_89,code=sm_89;-gencode;arch=compute_60,code=compute_60;-gencode;arch=compute_61,code=compute_61;-gencode;arch=compute_62,code=compute_62;-gencode;arch=compute_70,code=compute_70;-gencode;arch=compute_75,code=compute_75;-gencode;arch=compute_80,code=compute_80;-gencode;arch=compute_86,code=compute_86;-gencode;arch=compute_89,code=compute_89;-use_fast_math;-D_FORCE_INLINES;-mavx2 -mfma -Wno-missing-field-initializers -fexcess-precision=fast -funroll-all-loops -pthread -fopenmp -O3 -DNDEBUG
CUDA driver:        12.90
CUDA runtime:       12.20


Running on 1 node with total 128 cores, 128 logical cores, 1 compatible GPU
Hardware detected:
  CPU info:
    Vendor: AMD
    Brand:  AMD EPYC 7513 32-Core Processor                
    Family: 25   Model: 1   Stepping: 1
    Features: aes amd apic avx avx2 clfsh cmov cx8 cx16 f16c fma htt lahf misalignsse mmx msr nonstop_tsc pcid pclmuldq pdpe1gb popcnt pse rdrnd rdtscp sha sse2 sse3 sse4a sse4.1 sse4.2 ssse3
  Hardware topology: Only logical processor count
  GPU info:
    Number of GPUs detected: 1
    #0: NVIDIA NVIDIA RTX A4500, compute cap.: 8.6, ECC:  no, stat: compatible


++++ PLEASE READ AND CITE THE FOLLOWING REFERENCE ++++
M. J. Abraham, T. Murtola, R. Schulz, S. Páll, J. C. Smith, B. Hess, E.
Lindahl
GROMACS: High performance molecular simulations through multi-level
parallelism from laptops to supercomputers
SoftwareX 1 (2015) pp. 19-25
-------- -------- --- Thank You --- -------- --------


++++ PLEASE READ AND CITE THE FOLLOWING REFERENCE ++++
S. Páll, M. J. Abraham, C. Kutzner, B. Hess, E. Lindahl
Tackling Exascale Software Challenges in Molecular Dynamics Simulations with
GROMACS
In S. Markidis & E. Laure (Eds.), Solving Software Challenges for Exascale 8759 (2015) pp. 3-27
-------- -------- --- Thank You --- -------- --------


++++ PLEASE READ AND CITE THE FOLLOWING REFERENCE ++++
S. Pronk, S. Páll, R. Schulz, P. Larsson, P. Bjelkmar, R. Apostolov, M. R.
Shirts, J. C. Smith, P. M. Kasson, D. van der Spoel, B. Hess, and E. Lindahl
GROMACS 4.5: a high-throughput and highly parallel open source molecular
simulation toolkit
Bioinformatics 29 (2013) pp. 845-54
-------- -------- --- Thank You --- -------- --------


++++ PLEASE READ AND CITE THE FOLLOWING REFERENCE ++++
B. Hess and C. Kutzner and D. van der Spoel and E. Lindahl
GROMACS 4: Algorithms for highly efficient, load-balanced, and scalable
molecular simulation
J. Chem. Theory Comput. 4 (2008) pp. 435-447
-------- -------- --- Thank You --- -------- --------


++++ PLEASE READ AND CITE THE FOLLOWING REFERENCE ++++
D. van der Spoel, E. Lindahl, B. Hess, G. Groenhof, A. E. Mark and H. J. C.
Berendsen
GROMACS: Fast, Flexible and Free
J. Comp. Chem. 26 (2005) pp. 1701-1719
-------- -------- --- Thank You --- -------- --------


++++ PLEASE READ AND CITE THE FOLLOWING REFERENCE ++++
E. Lindahl and B. Hess and D. van der Spoel
GROMACS 3.0: A package for molecular simulation and trajectory analysis
J. Mol. Mod. 7 (2001) pp. 306-317
-------- -------- --- Thank You --- -------- --------


++++ PLEASE READ AND CITE THE FOLLOWING REFERENCE ++++
H. J. C. Berendsen, D. van der Spoel and R. van Drunen
GROMACS: A message-passing parallel molecular dynamics implementation
Comp. Phys. Comm. 91 (1995) pp. 43-56
-------- -------- --- Thank You --- -------- --------


++++ PLEASE CITE THE DOI FOR THIS VERSION OF GROMACS ++++
https://doi.org/10.5281/zenodo.5850051
-------- -------- --- Thank You --- -------- --------

Input Parameters:
   integrator                     = md
   tinit                          = 0
   dt                             = 0.002
   nsteps                         = 250000
   init-step                      = 0
   simulation-part                = 1
   mts                            = false
   comm-mode                      = Linear
   nstcomm                        = 100
   bd-fric                        = 0
   ld-seed                        = 2009005567
   emtol                          = 10
   emstep                         = 0.01
   niter                          = 20
   fcstep                         = 0
   nstcgsteep                     = 1000
   nbfgscorr                      = 10
   rtpi                           = 0.05
   nstxout                        = 5000
   nstvout                        = 5000
   nstfout                        = 0
   nstlog                         = 5000
   nstcalcenergy                  = 100
   nstenergy                      = 5000
   nstxout-compressed             = 5000
   compressed-x-precision         = 1000
   cutoff-scheme                  = Verlet
   nstlist                        = 10
   pbc                            = xyz
   periodic-molecules             = false
   verlet-buffer-tolerance        = 0.005
   rlist                          = 1.4
   coulombtype                    = PME
   coulomb-modifier               = Potential-shift
   rcoulomb-switch                = 0
   rcoulomb                       = 1.4
   epsilon-r                      = 1
   epsilon-rf                     = inf
   vdw-type                       = Cut-off
   vdw-modifier                   = Potential-shift
   rvdw-switch                    = 0
   rvdw                           = 1.4
   DispCorr                       = EnerPres
   table-extension                = 1
   fourierspacing                 = 0.12
   fourier-nx                     = 52
   fourier-ny                     = 52
   fourier-nz                     = 200
   pme-order                      = 4
   ewald-rtol                     = 1e-05
   ewald-rtol-lj                  = 0.001
   lj-pme-comb-rule               = Geometric
   ewald-geometry                 = 0
   epsilon-surface                = 0
   tcoupl                         = V-rescale
   nsttcouple                     = 10
   nh-chain-length                = 0
   print-nose-hoover-chain-variables = false
   pcoupl                         = Berendsen
   pcoupltype                     = Isotropic
   nstpcouple                     = 10
   tau-p                          = 2
   compressibility (3x3):
      compressibility[    0]={ 4.50000e-05,  0.00000e+00,  0.00000e+00}
      compressibility[    1]={ 0.00000e+00,  4.50000e-05,  0.00000e+00}
      compressibility[    2]={ 0.00000e+00,  0.00000e+00,  4.50000e-05}
   ref-p (3x3):
      ref-p[    0]={ 1.00000e+00,  0.00000e+00,  0.00000e+00}
      ref-p[    1]={ 0.00000e+00,  1.00000e+00,  0.00000e+00}
      ref-p[    2]={ 0.00000e+00,  0.00000e+00,  1.00000e+00}
   refcoord-scaling               = No
   posres-com (3):
      posres-com[0]= 0.00000e+00
      posres-com[1]= 0.00000e+00
      posres-com[2]= 0.00000e+00
   posres-comB (3):
      posres-comB[0]= 0.00000e+00
      posres-comB[1]= 0.00000e+00
      posres-comB[2]= 0.00000e+00
   QMMM                           = false
qm-opts:
   ngQM                           = 0
   constraint-algorithm           = Lincs
   continuation                   = false
   Shake-SOR                      = false
   shake-tol                      = 0.0001
   lincs-order                    = 4
   lincs-iter                     = 1
   lincs-warnangle                = 30
   nwall                          = 0
   wall-type                      = 9-3
   wall-r-linpot                  = -1
   wall-atomtype[0]               = -1
   wall-atomtype[1]               = -1
   wall-density[0]                = 0
   wall-density[1]                = 0
   wall-ewald-zfac                = 3
   pull                           = false
   awh                            = false
   rotation                       = false
   interactiveMD                  = false
   disre                          = No
   disre-weighting                = Conservative
   disre-mixed                    = false
   dr-fc                          = 1000
   dr-tau                         = 0
   nstdisreout                    = 100
   orire-fc                       = 0
   orire-tau                      = 0
   nstorireout                    = 100
   free-energy                    = no
   cos-acceleration               = 0
   deform (3x3):
      deform[    0]={ 0.00000e+00,  0.00000e+00,  0.00000e+00}
      deform[    1]={ 0.00000e+00,  0.00000e+00,  0.00000e+00}
      deform[    2]={ 0.00000e+00,  0.00000e+00,  0.00000e+00}
   simulated-tempering            = false
   swapcoords                     = no
   userint1                       = 0
   userint2                       = 0
   userint3                       = 0
   userint4                       = 0
   userreal1                      = 0
   userreal2                      = 0
   userreal3                      = 0
   userreal4                      = 0
   applied-forces:
     electric-field:
       x:
         E0                       = 0
         omega                    = 0
         t0                       = 0
         sigma                    = 0
       y:
         E0                       = 0
         omega                    = 0
         t0                       = 0
         sigma                    = 0
       z:
         E0                       = 0
         omega                    = 0
         t0                       = 0
         sigma                    = 0
     density-guided-simulation:
       active                     = false
       group                      = protein
       similarity-measure         = inner-product
       atom-spreading-weight      = unity
       force-constant             = 1e+09
       gaussian-transform-spreading-width = 0.2
       gaussian-transform-spreading-range-in-multiples-of-width = 4
       reference-density-filename = reference.mrc
       nst                        = 1
       normalize-densities        = true
       adaptive-force-scaling     = false
       adaptive-force-scaling-time-constant = 4
       shift-vector               = 
       transformation-matrix      = 
grpopts:
   nrdf:       81006
   ref-t:         298
   tau-t:         0.1
annealing:          No
annealing-npoints:           0
   acc:	           0           0           0
   nfreeze:           N           N           N
   energygrp-flags[  0]: 0

Changing nstlist from 10 to 100, rlist from 1.4 to 1.457

1 GPU selected for this run.
Mapping of GPU IDs to the 2 GPU tasks in the 1 rank on this node:
  PP:0,PME:0
PP tasks will do (non-perturbed) short-ranged interactions on the GPU
PP task will update and constrain coordinates on the GPU
PME tasks will do all aspects on the GPU
Using 1 MPI thread

Non-default thread affinity set, disabling internal thread affinity

Using 10 OpenMP threads 

System total charge: 0.000
Will do PME sum in reciprocal space for electrostatic interactions.

++++ PLEASE READ AND CITE THE FOLLOWING REFERENCE ++++
U. Essmann, L. Perera, M. L. Berkowitz, T. Darden, H. Lee and L. G. Pedersen 
A smooth particle mesh Ewald method
J. Chem. Phys. 103 (1995) pp. 8577-8592
-------- -------- --- Thank You --- -------- --------

Using a Gaussian width (1/beta) of 0.448228 nm for Ewald
Potential shift: LJ r^-12: -1.764e-02 r^-6: -1.328e-01, Ewald -7.143e-06
Initialized non-bonded Ewald tables, spacing: 1.10e-03 size: 1270

Generated table with 1228 data points for 1-4 COUL.
Tabscale = 500 points/nm
Generated table with 1228 data points for 1-4 LJ6.
Tabscale = 500 points/nm
Generated table with 1228 data points for 1-4 LJ12.
Tabscale = 500 points/nm
Long Range LJ corr.: <C6> 3.6960e-04


Using GPU 8x8 nonbonded short-range kernels

Using a dual 8x8 pair-list setup updated with dynamic, rolling pruning:
  outer list: updated every 100 steps, buffer 0.057 nm, rlist 1.457 nm
  inner list: updated every  30 steps, buffer 0.001 nm, rlist 1.401 nm
At tolerance 0.005 kJ/mol/ps per atom, equivalent classical 1x1 list would be:
  outer list: updated every 100 steps, buffer 0.223 nm, rlist 1.623 nm
  inner list: updated every  30 steps, buffer 0.110 nm, rlist 1.510 nm

Using Lorentz-Berthelot Lennard-Jones combination rule
Removing pbc first time

Initializing LINear Constraint Solver

++++ PLEASE READ AND CITE THE FOLLOWING REFERENCE ++++
B. Hess and H. Bekker and H. J. C. Berendsen and J. G. E. M. Fraaije
LINCS: A Linear Constraint Solver for molecular simulations
J. Comp. Chem. 18 (1997) pp. 1463-1472
-------- -------- --- Thank You --- -------- --------

The number of constraints is 6102

++++ PLEASE READ AND CITE THE FOLLOWING REFERENCE ++++
S. Miyamoto and P. A. Kollman
SETTLE: An Analytical Version of the SHAKE and RATTLE Algorithms for Rigid
Water Models
J. Comp. Chem. 13 (1992) pp. 952-962
-------- -------- --- Thank You --- -------- --------


++++ PLEASE READ AND CITE THE FOLLOWING REFERENCE ++++
G. Bussi, D. Donadio and M. Parrinello
Canonical sampling through velocity rescaling
J. Chem. Phys. 126 (2007) pp. 014101
-------- -------- --- Thank You --- -------- --------

There are: 38315 Atoms

Updating coordinates and applying constraints on the GPU.

Constraining the starting coordinates (step 0)

Constraining the coordinates at t0-dt (step 0)
Center of mass motion removal mode is Linear
We have the following groups for center of mass motion removal:
  0:  rest
RMS relative constraint deviation after constraining: 4.77e-06
Initial temperature: 298.963 K

Started mdrun on rank 0 Thu Jul  3 11:28:01 2025

           Step           Time
              0        0.00000

   Energies (kJ/mol)
           Bond            U-B    Proper Dih.  Improper Dih.          LJ-14
    4.30170e+02    2.01049e+03    6.61645e+03    3.52355e+01    1.46247e+03
     Coulomb-14        LJ (SR)  Disper. corr.   Coulomb (SR)   Coul. recip.
   -2.79080e+04    2.60909e+04   -9.57705e+02   -3.66331e+05    2.95857e+03
      Potential    Kinetic En.   Total Energy  Conserved En.    Temperature
   -3.55593e+05    1.00709e+05   -2.54883e+05   -2.54790e+05    2.99053e+02
 Pres. DC (bar) Pressure (bar)   Constr. rmsd
   -1.84244e+01   -1.45357e+03    4.76522e-06

           Step           Time
           5000       10.00000

   Energies (kJ/mol)
           Bond            U-B    Proper Dih.  Improper Dih.          LJ-14
    3.28201e+03    1.56495e+04    8.12550e+03    5.99041e+02    2.14809e+03
     Coulomb-14        LJ (SR)  Disper. corr.   Coulomb (SR)   Coul. recip.
   -2.92073e+04    2.68974e+04   -1.05199e+03   -4.14620e+05    2.45654e+03
      Potential    Kinetic En.   Total Energy  Conserved En.    Temperature
   -3.85721e+05    1.00468e+05   -2.85253e+05   -2.52863e+05    2.98336e+02
 Pres. DC (bar) Pressure (bar)   Constr. rmsd
   -2.22267e+01   -2.86749e+02    4.76522e-06

           Step           Time
          10000       20.00000

   Energies (kJ/mol)
           Bond            U-B    Proper Dih.  Improper Dih.          LJ-14
    3.61529e+03    1.74241e+04    7.98073e+03    6.03774e+02    2.20699e+03
     Coulomb-14        LJ (SR)  Disper. corr.   Coulomb (SR)   Coul. recip.
   -3.00082e+04    2.70962e+04   -1.11189e+03   -4.31393e+05    2.18653e+03
      Potential    Kinetic En.   Total Energy  Conserved En.    Temperature
   -4.01400e+05    1.00491e+05   -3.00909e+05   -2.52635e+05    2.98404e+02
 Pres. DC (bar) Pressure (bar)   Constr. rmsd
   -2.48277e+01   -1.98454e+02    4.76522e-06

step 10400: timed with pme grid 52 52 200, coulomb cutoff 1.400: 132.8 M-cycles
step 10600: timed with pme grid 42 42 168, coulomb cutoff 1.667: 152.0 M-cycles
step 10800: timed with pme grid 44 44 192, coulomb cutoff 1.591: 150.7 M-cycles
step 11000: timed with pme grid 48 48 192, coulomb cutoff 1.458: 136.5 M-cycles
step 11200: timed with pme grid 52 52 200, coulomb cutoff 1.400: 133.5 M-cycles
              optimal pme grid 52 52 200, coulomb cutoff 1.400
           Step           Time
          15000       30.00000

   Energies (kJ/mol)
           Bond            U-B    Proper Dih.  Improper Dih.          LJ-14
    3.65906e+03    1.81691e+04    7.62400e+03    6.74488e+02    2.12540e+03
     Coulomb-14        LJ (SR)  Disper. corr.   Coulomb (SR)   Coul. recip.
   -3.04606e+04    2.65362e+04   -1.16423e+03   -4.38841e+05    1.87949e+03
      Potential    Kinetic En.   Total Energy  Conserved En.    Temperature
   -4.09798e+05    1.00760e+05   -3.09038e+05   -2.52471e+05    2.99205e+02
 Pres. DC (bar) Pressure (bar)   Constr. rmsd
   -2.72181e+01   -1.82135e+02    4.76522e-06

           Step           Time
          20000       40.00000

   Energies (kJ/mol)
           Bond            U-B    Proper Dih.  Improper Dih.          LJ-14
    4.09748e+03    1.86172e+04    7.63669e+03    6.52992e+02    2.10291e+03
     Coulomb-14        LJ (SR)  Disper. corr.   Coulomb (SR)   Coul. recip.
   -3.03654e+04    2.57205e+04   -1.20899e+03   -4.42046e+05    1.84335e+03
      Potential    Kinetic En.   Total Energy  Conserved En.    Temperature
   -4.12949e+05    1.00982e+05   -3.11967e+05   -2.52299e+05    2.99863e+02
 Pres. DC (bar) Pressure (bar)   Constr. rmsd
   -2.93495e+01   -1.99432e+02    4.76522e-06

           Step           Time
          25000       50.00000

   Energies (kJ/mol)
           Bond            U-B    Proper Dih.  Improper Dih.          LJ-14
    3.97894e+03    1.89445e+04    7.37677e+03    6.63637e+02    2.18527e+03
     Coulomb-14        LJ (SR)  Disper. corr.   Coulomb (SR)   Coul. recip.
   -3.08492e+04    2.65666e+04   -1.24809e+03   -4.46803e+05    1.75690e+03
      Potential    Kinetic En.   Total Energy  Conserved En.    Temperature
   -4.17427e+05    9.91533e+04   -3.18274e+05   -2.52124e+05    2.94433e+02
 Pres. DC (bar) Pressure (bar)   Constr. rmsd
   -3.12768e+01    1.60059e+01    4.76522e-06

           Step           Time
          30000       60.00000

   Energies (kJ/mol)
           Bond            U-B    Proper Dih.  Improper Dih.          LJ-14
    4.09742e+03    1.86110e+04    7.51811e+03    5.66687e+02    2.19428e+03
     Coulomb-14        LJ (SR)  Disper. corr.   Coulomb (SR)   Coul. recip.
   -3.10520e+04    2.48702e+04   -1.27364e+03   -4.45932e+05    1.70661e+03
      Potential    Kinetic En.   Total Energy  Conserved En.    Temperature
   -4.18693e+05    1.00068e+05   -3.18625e+05   -2.52049e+05    2.97148e+02
 Pres. DC (bar) Pressure (bar)   Constr. rmsd
   -3.25693e+01   -1.41371e+02    4.76522e-06

           Step           Time
          35000       70.00000

   Energies (kJ/mol)
           Bond            U-B    Proper Dih.  Improper Dih.          LJ-14
    3.77875e+03    1.88057e+04    7.50609e+03    6.43490e+02    2.15763e+03
     Coulomb-14        LJ (SR)  Disper. corr.   Coulomb (SR)   Coul. recip.
   -3.14301e+04    2.50235e+04   -1.30097e+03   -4.49360e+05    1.53602e+03
      Potential    Kinetic En.   Total Energy  Conserved En.    Temperature
   -4.22640e+05    1.00738e+05   -3.21902e+05   -2.51931e+05    2.99139e+02
 Pres. DC (bar) Pressure (bar)   Constr. rmsd
   -3.39812e+01   -3.43467e+01    4.76522e-06

           Step           Time
          40000       80.00000

   Energies (kJ/mol)
           Bond            U-B    Proper Dih.  Improper Dih.          LJ-14
    3.99629e+03    1.91712e+04    7.23261e+03    7.60052e+02    2.28852e+03
     Coulomb-14        LJ (SR)  Disper. corr.   Coulomb (SR)   Coul. recip.
   -3.12823e+04    2.33999e+04   -1.31979e+03   -4.49147e+05    1.54311e+03
      Potential    Kinetic En.   Total Energy  Conserved En.    Temperature
   -4.23358e+05    1.00517e+05   -3.22841e+05   -2.51753e+05    2.98481e+02
 Pres. DC (bar) Pressure (bar)   Constr. rmsd
   -3.49708e+01   -5.82069e+00    4.76522e-06

           Step           Time
          45000       90.00000

   Energies (kJ/mol)
           Bond            U-B    Proper Dih.  Improper Dih.          LJ-14
    4.06563e+03    1.88930e+04    7.27119e+03    6.69951e+02    2.23100e+03
     Coulomb-14        LJ (SR)  Disper. corr.   Coulomb (SR)   Coul. recip.
   -3.14697e+04    2.37269e+04   -1.31733e+03   -4.50965e+05    1.41260e+03
      Potential    Kinetic En.   Total Energy  Conserved En.    Temperature
   -4.25482e+05    1.00693e+05   -3.24789e+05   -2.51674e+05    2.99005e+02
 Pres. DC (bar) Pressure (bar)   Constr. rmsd
   -3.48407e+01    2.47905e+02    4.76522e-06

           Step           Time
          50000      100.00000

   Energies (kJ/mol)
           Bond            U-B    Proper Dih.  Improper Dih.          LJ-14
    4.16597e+03    1.87988e+04    7.51905e+03    5.71103e+02    2.23855e+03
     Coulomb-14        LJ (SR)  Disper. corr.   Coulomb (SR)   Coul. recip.
   -3.17114e+04    2.36000e+04   -1.33499e+03   -4.51264e+05    1.44979e+03
      Potential    Kinetic En.   Total Energy  Conserved En.    Temperature
   -4.25967e+05    1.01222e+05   -3.24744e+05   -2.51541e+05    3.00577e+02
 Pres. DC (bar) Pressure (bar)   Constr. rmsd
   -3.57804e+01   -9.78223e+01    4.76522e-06

           Step           Time
          55000      110.00000

   Energies (kJ/mol)
           Bond            U-B    Proper Dih.  Improper Dih.          LJ-14
    3.95562e+03    1.92397e+04    7.41924e+03    6.87613e+02    2.15262e+03
     Coulomb-14        LJ (SR)  Disper. corr.   Coulomb (SR)   Coul. recip.
   -3.16947e+04    2.28557e+04   -1.35473e+03   -4.50041e+05    1.49016e+03
      Potential    Kinetic En.   Total Energy  Conserved En.    Temperature
   -4.25289e+05    1.00695e+05   -3.24594e+05   -2.51468e+05    2.99011e+02
 Pres. DC (bar) Pressure (bar)   Constr. rmsd
   -3.68458e+01   -1.52980e+02    4.76522e-06

           Step           Time
          60000      120.00000

   Energies (kJ/mol)
           Bond            U-B    Proper Dih.  Improper Dih.          LJ-14
    4.03881e+03    1.91211e+04    7.24331e+03    6.15910e+02    2.18483e+03
     Coulomb-14        LJ (SR)  Disper. corr.   Coulomb (SR)   Coul. recip.
   -3.15159e+04    2.29090e+04   -1.37492e+03   -4.50758e+05    1.45082e+03
      Potential    Kinetic En.   Total Energy  Conserved En.    Temperature
   -4.26085e+05    1.00017e+05   -3.26068e+05   -2.51306e+05    2.96997e+02
 Pres. DC (bar) Pressure (bar)   Constr. rmsd
   -3.79512e+01   -2.43676e+02    4.76522e-06

           Step           Time
          65000      130.00000

   Energies (kJ/mol)
           Bond            U-B    Proper Dih.  Improper Dih.          LJ-14
    4.03025e+03    1.93230e+04    7.29411e+03    6.95969e+02    2.17112e+03
     Coulomb-14        LJ (SR)  Disper. corr.   Coulomb (SR)   Coul. recip.
   -3.13727e+04    2.21648e+04   -1.39424e+03   -4.50130e+05    1.43094e+03
      Potential    Kinetic En.   Total Energy  Conserved En.    Temperature
   -4.25787e+05    1.01074e+05   -3.24713e+05   -2.51211e+05    3.00136e+02
 Pres. DC (bar) Pressure (bar)   Constr. rmsd
   -3.90243e+01   -8.40621e+01    4.76522e-06

           Step           Time
          70000      140.00000

   Energies (kJ/mol)
           Bond            U-B    Proper Dih.  Improper Dih.          LJ-14
    4.02786e+03    1.92171e+04    7.45285e+03    6.06323e+02    2.24124e+03
     Coulomb-14        LJ (SR)  Disper. corr.   Coulomb (SR)   Coul. recip.
   -3.17039e+04    2.24937e+04   -1.40755e+03   -4.49091e+05    1.47645e+03
      Potential    Kinetic En.   Total Energy  Conserved En.    Temperature
   -4.24687e+05    1.00228e+05   -3.24459e+05   -2.51108e+05    2.97624e+02
 Pres. DC (bar) Pressure (bar)   Constr. rmsd
   -3.97725e+01   -8.73083e+01    4.76522e-06

           Step           Time
          75000      150.00000

   Energies (kJ/mol)
           Bond            U-B    Proper Dih.  Improper Dih.          LJ-14
    4.19421e+03    1.93094e+04    7.35589e+03    6.25391e+02    2.16578e+03
     Coulomb-14        LJ (SR)  Disper. corr.   Coulomb (SR)   Coul. recip.
   -3.14753e+04    2.40010e+04   -1.43357e+03   -4.53277e+05    1.49211e+03
      Potential    Kinetic En.   Total Energy  Conserved En.    Temperature
   -4.27042e+05    1.00565e+05   -3.26478e+05   -2.50943e+05    2.98623e+02
 Pres. DC (bar) Pressure (bar)   Constr. rmsd
   -4.12557e+01   -5.08297e+01    4.76522e-06

           Step           Time
          80000      160.00000

   Energies (kJ/mol)
           Bond            U-B    Proper Dih.  Improper Dih.          LJ-14
    3.88056e+03    1.88704e+04    7.32099e+03    5.97842e+02    2.24127e+03
     Coulomb-14        LJ (SR)  Disper. corr.   Coulomb (SR)   Coul. recip.
   -3.19868e+04    2.24569e+04   -1.45316e+03   -4.49490e+05    1.49218e+03
      Potential    Kinetic En.   Total Energy  Conserved En.    Temperature
   -4.26070e+05    1.00296e+05   -3.25774e+05   -2.50897e+05    2.97825e+02
 Pres. DC (bar) Pressure (bar)   Constr. rmsd
   -4.23901e+01   -1.42990e+02    4.76522e-06

           Step           Time
          85000      170.00000

   Energies (kJ/mol)
           Bond            U-B    Proper Dih.  Improper Dih.          LJ-14
    3.96153e+03    1.87501e+04    7.49095e+03    6.06451e+02    2.21172e+03
     Coulomb-14        LJ (SR)  Disper. corr.   Coulomb (SR)   Coul. recip.
   -3.19509e+04    2.36118e+04   -1.47835e+03   -4.50924e+05    1.46539e+03
      Potential    Kinetic En.   Total Energy  Conserved En.    Temperature
   -4.26256e+05    1.00166e+05   -3.26089e+05   -2.50788e+05    2.97441e+02
 Pres. DC (bar) Pressure (bar)   Constr. rmsd
   -4.38716e+01   -9.25387e+01    4.76522e-06

           Step           Time
          90000      180.00000

   Energies (kJ/mol)
           Bond            U-B    Proper Dih.  Improper Dih.          LJ-14
    3.97388e+03    1.92249e+04    7.39688e+03    6.04993e+02    2.17815e+03
     Coulomb-14        LJ (SR)  Disper. corr.   Coulomb (SR)   Coul. recip.
   -3.18420e+04    2.34707e+04   -1.50020e+03   -4.51655e+05    1.41160e+03
      Potential    Kinetic En.   Total Energy  Conserved En.    Temperature
   -4.26736e+05    1.00880e+05   -3.25856e+05   -2.50651e+05    2.99560e+02
 Pres. DC (bar) Pressure (bar)   Constr. rmsd
   -4.51774e+01   -4.98392e+01    4.76522e-06

Writing checkpoint, step 91000 at Thu Jul  3 11:29:01 2025


           Step           Time
          95000      190.00000

   Energies (kJ/mol)
           Bond            U-B    Proper Dih.  Improper Dih.          LJ-14
    4.11882e+03    1.90793e+04    7.22840e+03    6.72265e+02    2.17145e+03
     Coulomb-14        LJ (SR)  Disper. corr.   Coulomb (SR)   Coul. recip.
   -3.17147e+04    2.27055e+04   -1.52444e+03   -4.49549e+05    1.43745e+03
      Potential    Kinetic En.   Total Energy  Conserved En.    Temperature
   -4.25375e+05    9.98239e+04   -3.25551e+05   -2.50529e+05    2.96424e+02
 Pres. DC (bar) Pressure (bar)   Constr. rmsd
   -4.66479e+01   -1.44409e+02    4.76522e-06

           Step           Time
         100000      200.00000

   Energies (kJ/mol)
           Bond            U-B    Proper Dih.  Improper Dih.          LJ-14
    4.01479e+03    1.94356e+04    7.44142e+03    6.33095e+02    2.19787e+03
     Coulomb-14        LJ (SR)  Disper. corr.   Coulomb (SR)   Coul. recip.
   -3.23742e+04    2.36995e+04   -1.54215e+03   -4.51705e+05    1.43639e+03
      Potential    Kinetic En.   Total Energy  Conserved En.    Temperature
   -4.26763e+05    9.94308e+04   -3.27332e+05   -2.50390e+05    2.95256e+02
 Pres. DC (bar) Pressure (bar)   Constr. rmsd
   -4.77377e+01    3.52610e+01    4.76522e-06

           Step           Time
         105000      210.00000

   Energies (kJ/mol)
           Bond            U-B    Proper Dih.  Improper Dih.          LJ-14
    4.05748e+03    1.92496e+04    7.38590e+03    6.38628e+02    2.21892e+03
     Coulomb-14        LJ (SR)  Disper. corr.   Coulomb (SR)   Coul. recip.
   -3.17516e+04    2.32808e+04   -1.57188e+03   -4.51240e+05    1.43853e+03
      Potential    Kinetic En.   Total Energy  Conserved En.    Temperature
   -4.26294e+05    1.00265e+05   -3.26029e+05   -2.50283e+05    2.97734e+02
 Pres. DC (bar) Pressure (bar)   Constr. rmsd
   -4.95944e+01   -1.16281e+02    4.76522e-06

           Step           Time
         110000      220.00000

   Energies (kJ/mol)
           Bond            U-B    Proper Dih.  Improper Dih.          LJ-14
    4.06230e+03    1.89418e+04    7.43291e+03    6.66795e+02    2.18149e+03
     Coulomb-14        LJ (SR)  Disper. corr.   Coulomb (SR)   Coul. recip.
   -3.21473e+04    2.38786e+04   -1.59616e+03   -4.51971e+05    1.42607e+03
      Potential    Kinetic En.   Total Energy  Conserved En.    Temperature
   -4.27124e+05    1.00640e+05   -3.26484e+05   -2.50234e+05    2.98848e+02
 Pres. DC (bar) Pressure (bar)   Constr. rmsd
   -5.11375e+01    8.98009e+00    4.76522e-06

           Step           Time
         115000      230.00000

   Energies (kJ/mol)
           Bond            U-B    Proper Dih.  Improper Dih.          LJ-14
    4.01807e+03    1.88280e+04    7.48807e+03    6.40353e+02    2.21637e+03
     Coulomb-14        LJ (SR)  Disper. corr.   Coulomb (SR)   Coul. recip.
   -3.18964e+04    2.36809e+04   -1.61566e+03   -4.50399e+05    1.44730e+03
      Potential    Kinetic En.   Total Energy  Conserved En.    Temperature
   -4.25592e+05    1.00565e+05   -3.25027e+05   -2.50106e+05    2.98625e+02
 Pres. DC (bar) Pressure (bar)   Constr. rmsd
   -5.23941e+01    3.92346e+01    4.76522e-06

           Step           Time
         120000      240.00000

   Energies (kJ/mol)
           Bond            U-B    Proper Dih.  Improper Dih.          LJ-14
    3.94661e+03    1.93579e+04    7.38505e+03    6.06518e+02    2.15518e+03
     Coulomb-14        LJ (SR)  Disper. corr.   Coulomb (SR)   Coul. recip.
   -3.18524e+04    2.34661e+04   -1.64771e+03   -4.50306e+05    1.45599e+03
      Potential    Kinetic En.   Total Energy  Conserved En.    Temperature
   -4.25433e+05    1.00529e+05   -3.24904e+05   -2.49940e+05    2.98517e+02
 Pres. DC (bar) Pressure (bar)   Constr. rmsd
   -5.44919e+01   -1.35883e+02    4.76522e-06

           Step           Time
         125000      250.00000

   Energies (kJ/mol)
           Bond            U-B    Proper Dih.  Improper Dih.          LJ-14
    3.93086e+03    1.91678e+04    7.56213e+03    5.96351e+02    2.23023e+03
     Coulomb-14        LJ (SR)  Disper. corr.   Coulomb (SR)   Coul. recip.
   -3.20777e+04    2.32879e+04   -1.68093e+03   -4.50462e+05    1.42442e+03
      Potential    Kinetic En.   Total Energy  Conserved En.    Temperature
   -4.26021e+05    9.97863e+04   -3.26235e+05   -2.49848e+05    2.96312e+02
 Pres. DC (bar) Pressure (bar)   Constr. rmsd
   -5.67101e+01   -1.11335e+02    4.76522e-06

           Step           Time
         130000      260.00000

   Energies (kJ/mol)
           Bond            U-B    Proper Dih.  Improper Dih.          LJ-14
    3.87521e+03    1.92355e+04    7.15385e+03    6.33467e+02    2.19493e+03
     Coulomb-14        LJ (SR)  Disper. corr.   Coulomb (SR)   Coul. recip.
   -3.15850e+04    2.28597e+04   -1.71382e+03   -4.50629e+05    1.46811e+03
      Potential    Kinetic En.   Total Energy  Conserved En.    Temperature
   -4.26507e+05    1.00051e+05   -3.26456e+05   -2.49724e+05    2.97098e+02
 Pres. DC (bar) Pressure (bar)   Constr. rmsd
   -5.89501e+01   -2.53940e+02    4.76522e-06

           Step           Time
         135000      270.00000

   Energies (kJ/mol)
           Bond            U-B    Proper Dih.  Improper Dih.          LJ-14
    3.95888e+03    1.90116e+04    7.50470e+03    6.24215e+02    2.26331e+03
     Coulomb-14        LJ (SR)  Disper. corr.   Coulomb (SR)   Coul. recip.
   -3.21178e+04    2.43300e+04   -1.74328e+03   -4.51149e+05    1.52441e+03
      Potential    Kinetic En.   Total Energy  Conserved En.    Temperature
   -4.25793e+05    1.00737e+05   -3.25056e+05   -2.49653e+05    2.99136e+02
 Pres. DC (bar) Pressure (bar)   Constr. rmsd
   -6.09930e+01    1.09820e+02    4.76522e-06

           Step           Time
         140000      280.00000

   Energies (kJ/mol)
           Bond            U-B    Proper Dih.  Improper Dih.          LJ-14
    4.08655e+03    1.95016e+04    7.41448e+03    6.61412e+02    2.17499e+03
     Coulomb-14        LJ (SR)  Disper. corr.   Coulomb (SR)   Coul. recip.
   -3.19490e+04    2.32193e+04   -1.77825e+03   -4.50447e+05    1.43543e+03
      Potential    Kinetic En.   Total Energy  Conserved En.    Temperature
   -4.25681e+05    9.99084e+04   -3.25772e+05   -2.49455e+05    2.96675e+02
 Pres. DC (bar) Pressure (bar)   Constr. rmsd
   -6.34630e+01   -9.70640e+01    4.76522e-06

           Step           Time
         145000      290.00000

   Energies (kJ/mol)
           Bond            U-B    Proper Dih.  Improper Dih.          LJ-14
    4.07800e+03    1.92481e+04    7.20116e+03    6.17903e+02    2.21070e+03
     Coulomb-14        LJ (SR)  Disper. corr.   Coulomb (SR)   Coul. recip.
   -3.16189e+04    2.43829e+04   -1.80968e+03   -4.52255e+05    1.37543e+03
      Potential    Kinetic En.   Total Energy  Conserved En.    Temperature
   -4.26569e+05    1.01181e+05   -3.25388e+05   -2.49367e+05    3.00454e+02
 Pres. DC (bar) Pressure (bar)   Constr. rmsd
   -6.57252e+01    1.81514e+02    4.76522e-06

           Step           Time
         150000      300.00000

   Energies (kJ/mol)
           Bond            U-B    Proper Dih.  Improper Dih.          LJ-14
    4.01698e+03    1.93166e+04    7.32185e+03    6.64196e+02    2.20402e+03
     Coulomb-14        LJ (SR)  Disper. corr.   Coulomb (SR)   Coul. recip.
   -3.16046e+04    2.27446e+04   -1.84987e+03   -4.50541e+05    1.46144e+03
      Potential    Kinetic En.   Total Energy  Conserved En.    Temperature
   -4.26266e+05    1.00574e+05   -3.25692e+05   -2.49255e+05    2.98651e+02
 Pres. DC (bar) Pressure (bar)   Constr. rmsd
   -6.86751e+01   -1.77747e+02    4.76522e-06

           Step           Time
         155000      310.00000

   Energies (kJ/mol)
           Bond            U-B    Proper Dih.  Improper Dih.          LJ-14
    4.19654e+03    1.92520e+04    7.45116e+03    5.88244e+02    2.26070e+03
     Coulomb-14        LJ (SR)  Disper. corr.   Coulomb (SR)   Coul. recip.
   -3.16449e+04    2.34813e+04   -1.88163e+03   -4.52841e+05    1.36880e+03
      Potential    Kinetic En.   Total Energy  Conserved En.    Temperature
   -4.27768e+05    1.00366e+05   -3.27403e+05   -2.49075e+05    2.98033e+02
 Pres. DC (bar) Pressure (bar)   Constr. rmsd
   -7.10527e+01   -5.05918e+01    4.76522e-06

           Step           Time
         160000      320.00000

   Energies (kJ/mol)
           Bond            U-B    Proper Dih.  Improper Dih.          LJ-14
    3.97954e+03    1.90653e+04    7.32404e+03    6.69842e+02    2.22330e+03
     Coulomb-14        LJ (SR)  Disper. corr.   Coulomb (SR)   Coul. recip.
   -3.17385e+04    2.38316e+04   -1.91162e+03   -4.52613e+05    1.43463e+03
      Potential    Kinetic En.   Total Energy  Conserved En.    Temperature
   -4.27735e+05    1.00502e+05   -3.27232e+05   -2.49035e+05    2.98439e+02
 Pres. DC (bar) Pressure (bar)   Constr. rmsd
   -7.33347e+01    8.40586e+01    4.76522e-06

           Step           Time
         165000      330.00000

   Energies (kJ/mol)
           Bond            U-B    Proper Dih.  Improper Dih.          LJ-14
    3.94045e+03    1.89915e+04    7.43622e+03    6.56850e+02    2.21816e+03
     Coulomb-14        LJ (SR)  Disper. corr.   Coulomb (SR)   Coul. recip.
   -3.17949e+04    2.33579e+04   -1.94586e+03   -4.50896e+05    1.43610e+03
      Potential    Kinetic En.   Total Energy  Conserved En.    Temperature
   -4.26599e+05    1.00202e+05   -3.26397e+05   -2.48907e+05    2.97547e+02
 Pres. DC (bar) Pressure (bar)   Constr. rmsd
   -7.59836e+01   -1.23558e+02    4.76522e-06

           Step           Time
         170000      340.00000

   Energies (kJ/mol)
           Bond            U-B    Proper Dih.  Improper Dih.          LJ-14
    4.03965e+03    1.88937e+04    7.45805e+03    6.87062e+02    2.11071e+03
     Coulomb-14        LJ (SR)  Disper. corr.   Coulomb (SR)   Coul. recip.
   -3.20624e+04    2.42275e+04   -1.99081e+03   -4.51399e+05    1.47880e+03
      Potential    Kinetic En.   Total Energy  Conserved En.    Temperature
   -4.26557e+05    1.00888e+05   -3.25669e+05   -2.48802e+05    2.99583e+02
 Pres. DC (bar) Pressure (bar)   Constr. rmsd
   -7.95328e+01   -1.03743e+02    4.76522e-06

           Step           Time
         175000      350.00000

   Energies (kJ/mol)
           Bond            U-B    Proper Dih.  Improper Dih.          LJ-14
    3.96597e+03    1.86886e+04    7.46889e+03    5.98532e+02    2.18829e+03
     Coulomb-14        LJ (SR)  Disper. corr.   Coulomb (SR)   Coul. recip.
   -3.19604e+04    2.28303e+04   -2.04470e+03   -4.50323e+05    1.35950e+03
      Potential    Kinetic En.   Total Energy  Conserved En.    Temperature
   -4.27228e+05    1.00412e+05   -3.26816e+05   -2.48673e+05    2.98171e+02
 Pres. DC (bar) Pressure (bar)   Constr. rmsd
   -8.38947e+01   -5.19965e+01    4.76522e-06

           Step           Time
         180000      360.00000

   Energies (kJ/mol)
           Bond            U-B    Proper Dih.  Improper Dih.          LJ-14
    4.14184e+03    1.88033e+04    7.36024e+03    5.90254e+02    2.24204e+03
     Coulomb-14        LJ (SR)  Disper. corr.   Coulomb (SR)   Coul. recip.
   -3.20836e+04    2.27840e+04   -2.13238e+03   -4.52378e+05    1.36122e+03
      Potential    Kinetic En.   Total Energy  Conserved En.    Temperature
   -4.29311e+05    1.00773e+05   -3.28538e+05   -2.48529e+05    2.99241e+02
 Pres. DC (bar) Pressure (bar)   Constr. rmsd
   -9.12405e+01   -1.66366e+02    4.76522e-06

           Step           Time
         185000      370.00000

   Energies (kJ/mol)
           Bond            U-B    Proper Dih.  Improper Dih.          LJ-14
    4.02789e+03    1.90084e+04    7.50965e+03    6.03753e+02    2.28345e+03
     Coulomb-14        LJ (SR)  Disper. corr.   Coulomb (SR)   Coul. recip.
   -3.21619e+04    2.22405e+04   -2.14946e+03   -4.52552e+05    1.40367e+03
      Potential    Kinetic En.   Total Energy  Conserved En.    Temperature
   -4.29786e+05    1.01024e+05   -3.28762e+05   -2.48401e+05    2.99987e+02
 Pres. DC (bar) Pressure (bar)   Constr. rmsd
   -9.27075e+01   -1.35703e+02    4.76522e-06

           Step           Time
         190000      380.00000

   Energies (kJ/mol)
           Bond            U-B    Proper Dih.  Improper Dih.          LJ-14
    3.96904e+03    1.85554e+04    7.27437e+03    6.46429e+02    2.26995e+03
     Coulomb-14        LJ (SR)  Disper. corr.   Coulomb (SR)   Coul. recip.
   -3.19323e+04    2.16087e+04   -2.14899e+03   -4.51446e+05    1.29482e+03
      Potential    Kinetic En.   Total Energy  Conserved En.    Temperature
   -4.29908e+05    1.00153e+05   -3.29755e+05   -2.48324e+05    2.97402e+02
 Pres. DC (bar) Pressure (bar)   Constr. rmsd
   -9.26676e+01   -3.55394e+02    4.76522e-06

Writing checkpoint, step 190300 at Thu Jul  3 11:30:01 2025


           Step           Time
         195000      390.00000

   Energies (kJ/mol)
           Bond            U-B    Proper Dih.  Improper Dih.          LJ-14
    3.97794e+03    1.88825e+04    7.25812e+03    6.35062e+02    2.18308e+03
     Coulomb-14        LJ (SR)  Disper. corr.   Coulomb (SR)   Coul. recip.
   -3.24904e+04    2.21375e+04   -2.15142e+03   -4.51308e+05    1.35491e+03
      Potential    Kinetic En.   Total Energy  Conserved En.    Temperature
   -4.29521e+05    1.00520e+05   -3.29001e+05   -2.48192e+05    2.98490e+02
 Pres. DC (bar) Pressure (bar)   Constr. rmsd
   -9.28764e+01   -2.11573e+01    4.76522e-06

           Step           Time
         200000      400.00000

   Energies (kJ/mol)
           Bond            U-B    Proper Dih.  Improper Dih.          LJ-14
    4.06693e+03    1.87397e+04    7.22037e+03    6.54132e+02    2.21714e+03
     Coulomb-14        LJ (SR)  Disper. corr.   Coulomb (SR)   Coul. recip.
   -3.16201e+04    2.26566e+04   -2.14635e+03   -4.51863e+05    1.38661e+03
      Potential    Kinetic En.   Total Energy  Conserved En.    Temperature
   -4.28688e+05    9.99351e+04   -3.28753e+05   -2.48096e+05    2.96754e+02
 Pres. DC (bar) Pressure (bar)   Constr. rmsd
   -9.24394e+01    1.34290e+02    4.76522e-06

           Step           Time
         205000      410.00000

   Energies (kJ/mol)
           Bond            U-B    Proper Dih.  Improper Dih.          LJ-14
    4.10728e+03    1.89593e+04    7.34259e+03    6.36860e+02    2.15406e+03
     Coulomb-14        LJ (SR)  Disper. corr.   Coulomb (SR)   Coul. recip.
   -3.19388e+04    2.24060e+04   -2.15527e+03   -4.52667e+05    1.30420e+03
      Potential    Kinetic En.   Total Energy  Conserved En.    Temperature
   -4.29851e+05    1.00640e+05   -3.29211e+05   -2.47962e+05    2.98847e+02
 Pres. DC (bar) Pressure (bar)   Constr. rmsd
   -9.32092e+01    1.49734e+02    4.76522e-06

           Step           Time
         210000      420.00000

   Energies (kJ/mol)
           Bond            U-B    Proper Dih.  Improper Dih.          LJ-14
    4.13082e+03    1.92209e+04    7.43455e+03    7.13322e+02    2.13819e+03
     Coulomb-14        LJ (SR)  Disper. corr.   Coulomb (SR)   Coul. recip.
   -3.23776e+04    2.39645e+04   -2.15510e+03   -4.54937e+05    1.31490e+03
      Potential    Kinetic En.   Total Energy  Conserved En.    Temperature
   -4.30552e+05    1.00151e+05   -3.30401e+05   -2.47826e+05    2.97395e+02
 Pres. DC (bar) Pressure (bar)   Constr. rmsd
   -9.31951e+01    1.06779e+02    4.76522e-06

           Step           Time
         215000      430.00000

   Energies (kJ/mol)
           Bond            U-B    Proper Dih.  Improper Dih.          LJ-14
    4.13868e+03    1.91792e+04    7.29685e+03    7.08705e+02    2.22269e+03
     Coulomb-14        LJ (SR)  Disper. corr.   Coulomb (SR)   Coul. recip.
   -3.15754e+04    2.23665e+04   -2.15069e+03   -4.52679e+05    1.27752e+03
      Potential    Kinetic En.   Total Energy  Conserved En.    Temperature
   -4.29215e+05    9.99522e+04   -3.29263e+05   -2.47705e+05    2.96805e+02
 Pres. DC (bar) Pressure (bar)   Constr. rmsd
   -9.28138e+01    8.88387e+01    4.76522e-06

           Step           Time
         220000      440.00000

   Energies (kJ/mol)
           Bond            U-B    Proper Dih.  Improper Dih.          LJ-14
    4.11884e+03    1.91167e+04    7.67684e+03    5.97203e+02    2.32335e+03
     Coulomb-14        LJ (SR)  Disper. corr.   Coulomb (SR)   Coul. recip.
   -3.20298e+04    2.27717e+04   -2.15116e+03   -4.52861e+05    1.23731e+03
      Potential    Kinetic En.   Total Energy  Conserved En.    Temperature
   -4.29200e+05    1.00028e+05   -3.29172e+05   -2.47601e+05    2.97031e+02
 Pres. DC (bar) Pressure (bar)   Constr. rmsd
   -9.28542e+01    2.43458e+02    4.76522e-06

           Step           Time
         225000      450.00000

   Energies (kJ/mol)
           Bond            U-B    Proper Dih.  Improper Dih.          LJ-14
    4.09221e+03    1.93320e+04    7.30964e+03    6.19573e+02    2.18939e+03
     Coulomb-14        LJ (SR)  Disper. corr.   Coulomb (SR)   Coul. recip.
   -3.15354e+04    2.22267e+04   -2.15097e+03   -4.53406e+05    1.32641e+03
      Potential    Kinetic En.   Total Energy  Conserved En.    Temperature
   -4.29996e+05    9.95419e+04   -3.30454e+05   -2.47461e+05    2.95586e+02
 Pres. DC (bar) Pressure (bar)   Constr. rmsd
   -9.28382e+01   -7.81304e+01    4.76522e-06

           Step           Time
         230000      460.00000

   Energies (kJ/mol)
           Bond            U-B    Proper Dih.  Improper Dih.          LJ-14
    4.13996e+03    1.90997e+04    7.43751e+03    6.39955e+02    2.16267e+03
     Coulomb-14        LJ (SR)  Disper. corr.   Coulomb (SR)   Coul. recip.
   -3.20343e+04    2.14422e+04   -2.15246e+03   -4.51840e+05    1.27575e+03
      Potential    Kinetic En.   Total Energy  Conserved En.    Temperature
   -4.29829e+05    1.00707e+05   -3.29122e+05   -2.47370e+05    2.99047e+02
 Pres. DC (bar) Pressure (bar)   Constr. rmsd
   -9.29667e+01   -2.47430e+02    4.76522e-06

           Step           Time
         235000      470.00000

   Energies (kJ/mol)
           Bond            U-B    Proper Dih.  Improper Dih.          LJ-14
    4.00400e+03    1.88296e+04    7.47606e+03    6.89254e+02    2.26138e+03
     Coulomb-14        LJ (SR)  Disper. corr.   Coulomb (SR)   Coul. recip.
   -3.18277e+04    2.29661e+04   -2.15040e+03   -4.54166e+05    1.25112e+03
      Potential    Kinetic En.   Total Energy  Conserved En.    Temperature
   -4.30667e+05    1.01157e+05   -3.29509e+05   -2.47272e+05    3.00383e+02
 Pres. DC (bar) Pressure (bar)   Constr. rmsd
   -9.27887e+01   -3.23319e+01    4.76522e-06

           Step           Time
         240000      480.00000

   Energies (kJ/mol)
           Bond            U-B    Proper Dih.  Improper Dih.          LJ-14
    3.93959e+03    1.91486e+04    7.41722e+03    6.90676e+02    2.22597e+03
     Coulomb-14        LJ (SR)  Disper. corr.   Coulomb (SR)   Coul. recip.
   -3.14563e+04    2.22542e+04   -2.15303e+03   -4.52769e+05    1.30133e+03
      Potential    Kinetic En.   Total Energy  Conserved En.    Temperature
   -4.29401e+05    1.00005e+05   -3.29396e+05   -2.47123e+05    2.96962e+02
 Pres. DC (bar) Pressure (bar)   Constr. rmsd
   -9.30155e+01    5.88934e+01    4.76522e-06

           Step           Time
         245000      490.00000

   Energies (kJ/mol)
           Bond            U-B    Proper Dih.  Improper Dih.          LJ-14
    4.11517e+03    1.90395e+04    7.57204e+03    6.26419e+02    2.22913e+03
     Coulomb-14        LJ (SR)  Disper. corr.   Coulomb (SR)   Coul. recip.
   -3.14800e+04    2.20560e+04   -2.15299e+03   -4.51634e+05    1.34672e+03
      Potential    Kinetic En.   Total Energy  Conserved En.    Temperature
   -4.28282e+05    9.95538e+04   -3.28728e+05   -2.47005e+05    2.95622e+02
 Pres. DC (bar) Pressure (bar)   Constr. rmsd
   -9.30125e+01   -1.27054e+01    4.76522e-06

           Step           Time
         250000      500.00000

Writing checkpoint, step 250000 at Thu Jul  3 11:30:39 2025


   Energies (kJ/mol)
           Bond            U-B    Proper Dih.  Improper Dih.          LJ-14
    4.04923e+03    1.89485e+04    7.43472e+03    6.40506e+02    2.25447e+03
     Coulomb-14        LJ (SR)  Disper. corr.   Coulomb (SR)   Coul. recip.
   -3.20644e+04    2.29090e+04   -2.15330e+03   -4.54178e+05    1.27455e+03
      Potential    Kinetic En.   Total Energy  Conserved En.    Temperature
   -4.30885e+05    9.99991e+04   -3.30886e+05   -2.46892e+05    2.96944e+02
 Pres. DC (bar) Pressure (bar)   Constr. rmsd
   -9.30395e+01    8.67276e+00    4.76522e-06


Energy conservation over simulation part #1 of length 500 ns, time 0 to 500 ns
  Conserved energy drift: 4.12e-04 kJ/mol/ps per atom


	<======  ###############  ==>
	<====  A V E R A G E S  ====>
	<==  ###############  ======>

	Statistics over 250001 steps using 2501 frames

   Energies (kJ/mol)
           Bond            U-B    Proper Dih.  Improper Dih.          LJ-14
    4.00791e+03    1.88918e+04    7.45517e+03    6.27951e+02    2.19417e+03
     Coulomb-14        LJ (SR)  Disper. corr.   Coulomb (SR)   Coul. recip.
   -3.16339e+04    2.35274e+04   -1.70466e+03   -4.48984e+05    1.49843e+03
      Potential    Kinetic En.   Total Energy  Conserved En.    Temperature
   -4.24120e+05    1.00350e+05   -3.23770e+05   -2.49831e+05    2.97985e+02
 Pres. DC (bar) Pressure (bar)   Constr. rmsd
   -6.09525e+01   -7.06201e+01    0.00000e+00

          Box-X          Box-Y          Box-Z
    5.00466e+00    5.00466e+00    2.00186e+01

   Total Virial (kJ/mol)
    3.48840e+04   -5.12727e+00    5.05353e+00
   -5.12552e+00    3.48255e+04   -1.31808e-01
    5.05835e+00   -1.31981e-01    3.44402e+04

   Pressure (bar)
   -8.19406e+01   -3.56698e-03   -1.11308e-01
   -3.69519e-03   -7.84406e+01    2.84832e-01
   -1.11666e-01    2.84827e-01   -5.14791e+01


	M E G A - F L O P S   A C C O U N T I N G

 NB=Group-cutoff nonbonded kernels    NxN=N-by-N cluster Verlet kernels
 RF=Reaction-Field  VdW=Van der Waals  QSTab=quadratic-spline table
 W3=SPC/TIP3p  W4=TIP4p (single or pairs)
 V&F=Potential and force  V=Potential only  F=Force only

 Computing:                               M-Number         M-Flops  % Flops
-----------------------------------------------------------------------------
 Pair Search distance check           13172.955056      118556.596     0.0
 NxN Ewald Elec. + LJ [F]          13866943.406976   915218264.860    98.1
 NxN Ewald Elec. + LJ [V&F]          140128.875328    14993789.660     1.6
 1,4 nonbonded interactions            4162.266649      374603.998     0.0
 Shift-X                                 95.825815         574.955     0.0
 Bonds                                  914.253657       53940.966     0.0
 Propers                               3962.765851      907473.380     0.1
 Impropers                              133.000532       27664.111     0.0
 Virial                                 959.038360       17262.690     0.0
 Stop-CM                                 95.864130         958.641     0.0
 P-Coupling                             957.913315        5747.480     0.0
 Calc-Ekin                             1915.826630       51727.319     0.0
 Lincs                                    0.012204           0.732     0.0
 Lincs-Mat                                0.105816           0.423     0.0
 Constraint-V                             0.040038           0.360     0.0
 Settle                                   0.018556           6.866     0.0
 Urey-Bradley                          4124.016496      754695.019     0.1
-----------------------------------------------------------------------------
 Total                                               932525268.057   100.0
-----------------------------------------------------------------------------


     R E A L   C Y C L E   A N D   T I M E   A C C O U N T I N G

On 1 MPI rank, each using 10 OpenMP threads

 Computing:          Num   Num      Call    Wall time         Giga-Cycles
                     Ranks Threads  Count      (s)         total sum    %
-----------------------------------------------------------------------------
 Neighbor search        1   10       2501      10.684        277.779   6.7
 Launch GPU ops.        1   10     497501      27.869        724.593  17.6
 Force                  1   10     250001      41.351       1075.126  26.1
 Wait PME GPU gather    1   10     250001       0.066          1.713   0.0
 Reduce GPU PME F       1   10     250001       0.385         10.007   0.2
 Wait GPU NB local      1   10     225000       0.148          3.839   0.1
 Wait GPU state copy    1   10     312504      58.824       1529.425  37.1
 NB X/F buffer ops.     1   10      25001       2.480         64.468   1.6
 Write traj.            1   10         53       3.156         82.064   2.0
 Constraints            1   10          2       0.024          0.612   0.0
 Rest                                          13.491        350.776   8.5
-----------------------------------------------------------------------------
 Total                                        158.477       4120.401 100.0
-----------------------------------------------------------------------------

               Core t (s)   Wall t (s)        (%)
       Time:     1584.759      158.477     1000.0
                 (ns/day)    (hour/ns)
Performance:      272.596        0.088
Finished mdrun on rank 0 Thu Jul  3 11:30:39 2025

