                      :-) GROMACS - gmx mdrun, 2021.5 (-:

                            GROMACS is written by:
     Andrey Alekseenko              Emile Apol              Rossen Apostolov     
         Paul Bauer           Herman J.C. Berendsen           Par Bjelkmar       
       Christian Blau           Viacheslav Bolnykh             Kevin Boyd        
     Aldert van Buuren           Rudi van Drunen             Anton Feenstra      
    Gilles Gouaillardet             Alan Gray               Gerrit Groenhof      
       Anca Hamuraru            Vincent Hindriksen          M. Eric Irrgang      
      Aleksei Iupinov           Christoph Junghans             Joe Jordan        
    Dimitrios Karkoulis            Peter Kasson                Jiri Kraus        
      Carsten Kutzner              Per Larsson              Justin A. Lemkul     
       Viveca Lindahl            Magnus Lundborg             Erik Marklund       
        Pascal Merz             Pieter Meulenhoff            Teemu Murtola       
        Szilard Pall               Sander Pronk              Roland Schulz       
       Michael Shirts            Alexey Shvetsov             Alfons Sijbers      
       Peter Tieleman              Jon Vincent              Teemu Virolainen     
     Christian Wennberg            Maarten Wolf              Artem Zhmurov       
                           and the project leaders:
        Mark Abraham, Berk Hess, Erik Lindahl, and David van der Spoel

Copyright (c) 1991-2000, University of Groningen, The Netherlands.
Copyright (c) 2001-2019, The GROMACS development team at
Uppsala University, Stockholm University and
the Royal Institute of Technology, Sweden.
check out http://www.gromacs.org for more information.

GROMACS is free software; you can redistribute it and/or modify it
under the terms of the GNU Lesser General Public License
as published by the Free Software Foundation; either version 2.1
of the License, or (at your option) any later version.

GROMACS:      gmx mdrun, version 2021.5
Executable:   /usr/local/gromacs_2021.5/bin/gmx
Data prefix:  /usr/local/gromacs_2021.5
Working dir:  /srv/home/apbal/work/REU/mixtures/monomers/20pHBA/5mix
Process ID:   421828
Command line:
  gmx mdrun -v -deffnm npt_pr -ntomp 10 -nb gpu -bonded cpu -update gpu -ntmpi 1 -cpt 1

GROMACS version:    2021.5
Precision:          mixed
Memory model:       64 bit
MPI library:        thread_mpi
OpenMP support:     enabled (GMX_OPENMP_MAX_THREADS = 256)
GPU support:        CUDA
SIMD instructions:  AVX2_256
FFT library:        fftw-3.3.8-sse2-avx-avx2-avx2_128
RDTSCP usage:       enabled
TNG support:        enabled
Hwloc support:      disabled
Tracing support:    disabled
C compiler:         /usr/bin/cc GNU 9.4.0
C compiler flags:   -mavx2 -mfma -Wno-missing-field-initializers -fexcess-precision=fast -funroll-all-loops -pthread -O3 -DNDEBUG
C++ compiler:       /usr/bin/c++ GNU 9.4.0
C++ compiler flags: -mavx2 -mfma -Wno-missing-field-initializers -fexcess-precision=fast -funroll-all-loops -pthread -fopenmp -O3 -DNDEBUG
CUDA compiler:      /usr/local/cuda-12.2/bin/nvcc nvcc: NVIDIA (R) Cuda compiler driver;Copyright (c) 2005-2023 NVIDIA Corporation;Built on Tue_Aug_15_22:02:13_PDT_2023;Cuda compilation tools, release 12.2, V12.2.140;Build cuda_12.2.r12.2/compiler.33191640_0
CUDA compiler flags:-std=c++17;-gencode;arch=compute_60,code=sm_60;-gencode;arch=compute_61,code=sm_61;-gencode;arch=compute_62,code=sm_62;-gencode;arch=compute_70,code=sm_70;-gencode;arch=compute_75,code=sm_75;-gencode;arch=compute_80,code=sm_80;-gencode;arch=compute_86,code=sm_86;-gencode;arch=compute_89,code=sm_89;-gencode;arch=compute_60,code=compute_60;-gencode;arch=compute_61,code=compute_61;-gencode;arch=compute_62,code=compute_62;-gencode;arch=compute_70,code=compute_70;-gencode;arch=compute_75,code=compute_75;-gencode;arch=compute_80,code=compute_80;-gencode;arch=compute_86,code=compute_86;-gencode;arch=compute_89,code=compute_89;-use_fast_math;-D_FORCE_INLINES;-mavx2 -mfma -Wno-missing-field-initializers -fexcess-precision=fast -funroll-all-loops -pthread -fopenmp -O3 -DNDEBUG
CUDA driver:        12.90
CUDA runtime:       12.20


Running on 1 node with total 128 cores, 128 logical cores, 1 compatible GPU
Hardware detected:
  CPU info:
    Vendor: AMD
    Brand:  AMD EPYC 7513 32-Core Processor                
    Family: 25   Model: 1   Stepping: 1
    Features: aes amd apic avx avx2 clfsh cmov cx8 cx16 f16c fma htt lahf misalignsse mmx msr nonstop_tsc pcid pclmuldq pdpe1gb popcnt pse rdrnd rdtscp sha sse2 sse3 sse4a sse4.1 sse4.2 ssse3
  Hardware topology: Only logical processor count
  GPU info:
    Number of GPUs detected: 1
    #0: NVIDIA NVIDIA RTX A4500, compute cap.: 8.6, ECC:  no, stat: compatible


++++ PLEASE READ AND CITE THE FOLLOWING REFERENCE ++++
M. J. Abraham, T. Murtola, R. Schulz, S. Páll, J. C. Smith, B. Hess, E.
Lindahl
GROMACS: High performance molecular simulations through multi-level
parallelism from laptops to supercomputers
SoftwareX 1 (2015) pp. 19-25
-------- -------- --- Thank You --- -------- --------


++++ PLEASE READ AND CITE THE FOLLOWING REFERENCE ++++
S. Páll, M. J. Abraham, C. Kutzner, B. Hess, E. Lindahl
Tackling Exascale Software Challenges in Molecular Dynamics Simulations with
GROMACS
In S. Markidis & E. Laure (Eds.), Solving Software Challenges for Exascale 8759 (2015) pp. 3-27
-------- -------- --- Thank You --- -------- --------


++++ PLEASE READ AND CITE THE FOLLOWING REFERENCE ++++
S. Pronk, S. Páll, R. Schulz, P. Larsson, P. Bjelkmar, R. Apostolov, M. R.
Shirts, J. C. Smith, P. M. Kasson, D. van der Spoel, B. Hess, and E. Lindahl
GROMACS 4.5: a high-throughput and highly parallel open source molecular
simulation toolkit
Bioinformatics 29 (2013) pp. 845-54
-------- -------- --- Thank You --- -------- --------


++++ PLEASE READ AND CITE THE FOLLOWING REFERENCE ++++
B. Hess and C. Kutzner and D. van der Spoel and E. Lindahl
GROMACS 4: Algorithms for highly efficient, load-balanced, and scalable
molecular simulation
J. Chem. Theory Comput. 4 (2008) pp. 435-447
-------- -------- --- Thank You --- -------- --------


++++ PLEASE READ AND CITE THE FOLLOWING REFERENCE ++++
D. van der Spoel, E. Lindahl, B. Hess, G. Groenhof, A. E. Mark and H. J. C.
Berendsen
GROMACS: Fast, Flexible and Free
J. Comp. Chem. 26 (2005) pp. 1701-1719
-------- -------- --- Thank You --- -------- --------


++++ PLEASE READ AND CITE THE FOLLOWING REFERENCE ++++
E. Lindahl and B. Hess and D. van der Spoel
GROMACS 3.0: A package for molecular simulation and trajectory analysis
J. Mol. Mod. 7 (2001) pp. 306-317
-------- -------- --- Thank You --- -------- --------


++++ PLEASE READ AND CITE THE FOLLOWING REFERENCE ++++
H. J. C. Berendsen, D. van der Spoel and R. van Drunen
GROMACS: A message-passing parallel molecular dynamics implementation
Comp. Phys. Comm. 91 (1995) pp. 43-56
-------- -------- --- Thank You --- -------- --------


++++ PLEASE CITE THE DOI FOR THIS VERSION OF GROMACS ++++
https://doi.org/10.5281/zenodo.5850051
-------- -------- --- Thank You --- -------- --------

Input Parameters:
   integrator                     = md
   tinit                          = 0
   dt                             = 0.002
   nsteps                         = 500000
   init-step                      = 0
   simulation-part                = 1
   mts                            = false
   comm-mode                      = Linear
   nstcomm                        = 100
   bd-fric                        = 0
   ld-seed                        = -74763
   emtol                          = 10
   emstep                         = 0.01
   niter                          = 20
   fcstep                         = 0
   nstcgsteep                     = 1000
   nbfgscorr                      = 10
   rtpi                           = 0.05
   nstxout                        = 50000
   nstvout                        = 50000
   nstfout                        = 0
   nstlog                         = 50000
   nstcalcenergy                  = 100
   nstenergy                      = 50000
   nstxout-compressed             = 50000
   compressed-x-precision         = 1000
   cutoff-scheme                  = Verlet
   nstlist                        = 10
   pbc                            = xyz
   periodic-molecules             = false
   verlet-buffer-tolerance        = 0.005
   rlist                          = 1.4
   coulombtype                    = PME
   coulomb-modifier               = Potential-shift
   rcoulomb-switch                = 0
   rcoulomb                       = 1.4
   epsilon-r                      = 1
   epsilon-rf                     = inf
   vdw-type                       = Cut-off
   vdw-modifier                   = Potential-shift
   rvdw-switch                    = 0
   rvdw                           = 1.4
   DispCorr                       = EnerPres
   table-extension                = 1
   fourierspacing                 = 0.12
   fourier-nx                     = 40
   fourier-ny                     = 40
   fourier-nz                     = 160
   pme-order                      = 4
   ewald-rtol                     = 1e-05
   ewald-rtol-lj                  = 0.001
   lj-pme-comb-rule               = Geometric
   ewald-geometry                 = 0
   epsilon-surface                = 0
   tcoupl                         = V-rescale
   nsttcouple                     = 10
   nh-chain-length                = 0
   print-nose-hoover-chain-variables = false
   pcoupl                         = Parrinello-Rahman
   pcoupltype                     = Isotropic
   nstpcouple                     = 10
   tau-p                          = 2
   compressibility (3x3):
      compressibility[    0]={ 4.50000e-05,  0.00000e+00,  0.00000e+00}
      compressibility[    1]={ 0.00000e+00,  4.50000e-05,  0.00000e+00}
      compressibility[    2]={ 0.00000e+00,  0.00000e+00,  4.50000e-05}
   ref-p (3x3):
      ref-p[    0]={ 1.00000e+00,  0.00000e+00,  0.00000e+00}
      ref-p[    1]={ 0.00000e+00,  1.00000e+00,  0.00000e+00}
      ref-p[    2]={ 0.00000e+00,  0.00000e+00,  1.00000e+00}
   refcoord-scaling               = No
   posres-com (3):
      posres-com[0]= 0.00000e+00
      posres-com[1]= 0.00000e+00
      posres-com[2]= 0.00000e+00
   posres-comB (3):
      posres-comB[0]= 0.00000e+00
      posres-comB[1]= 0.00000e+00
      posres-comB[2]= 0.00000e+00
   QMMM                           = false
qm-opts:
   ngQM                           = 0
   constraint-algorithm           = Lincs
   continuation                   = false
   Shake-SOR                      = false
   shake-tol                      = 0.0001
   lincs-order                    = 4
   lincs-iter                     = 1
   lincs-warnangle                = 30
   nwall                          = 0
   wall-type                      = 9-3
   wall-r-linpot                  = -1
   wall-atomtype[0]               = -1
   wall-atomtype[1]               = -1
   wall-density[0]                = 0
   wall-density[1]                = 0
   wall-ewald-zfac                = 3
   pull                           = false
   awh                            = false
   rotation                       = false
   interactiveMD                  = false
   disre                          = No
   disre-weighting                = Conservative
   disre-mixed                    = false
   dr-fc                          = 1000
   dr-tau                         = 0
   nstdisreout                    = 100
   orire-fc                       = 0
   orire-tau                      = 0
   nstorireout                    = 100
   free-energy                    = no
   cos-acceleration               = 0
   deform (3x3):
      deform[    0]={ 0.00000e+00,  0.00000e+00,  0.00000e+00}
      deform[    1]={ 0.00000e+00,  0.00000e+00,  0.00000e+00}
      deform[    2]={ 0.00000e+00,  0.00000e+00,  0.00000e+00}
   simulated-tempering            = false
   swapcoords                     = no
   userint1                       = 0
   userint2                       = 0
   userint3                       = 0
   userint4                       = 0
   userreal1                      = 0
   userreal2                      = 0
   userreal3                      = 0
   userreal4                      = 0
   applied-forces:
     electric-field:
       x:
         E0                       = 0
         omega                    = 0
         t0                       = 0
         sigma                    = 0
       y:
         E0                       = 0
         omega                    = 0
         t0                       = 0
         sigma                    = 0
       z:
         E0                       = 0
         omega                    = 0
         t0                       = 0
         sigma                    = 0
     density-guided-simulation:
       active                     = false
       group                      = protein
       similarity-measure         = inner-product
       atom-spreading-weight      = unity
       force-constant             = 1e+09
       gaussian-transform-spreading-width = 0.2
       gaussian-transform-spreading-range-in-multiples-of-width = 4
       reference-density-filename = reference.mrc
       nst                        = 1
       normalize-densities        = true
       adaptive-force-scaling     = false
       adaptive-force-scaling-time-constant = 4
       shift-vector               = 
       transformation-matrix      = 
grpopts:
   nrdf:       81006
   ref-t:         298
   tau-t:         0.1
annealing:          No
annealing-npoints:           0
   acc:	           0           0           0
   nfreeze:           N           N           N
   energygrp-flags[  0]: 0

Changing nstlist from 10 to 100, rlist from 1.4 to 1.511

1 GPU selected for this run.
Mapping of GPU IDs to the 2 GPU tasks in the 1 rank on this node:
  PP:0,PME:0
PP tasks will do (non-perturbed) short-ranged interactions on the GPU
PP task will update and constrain coordinates on the GPU
PME tasks will do all aspects on the GPU
Using 1 MPI thread

Non-default thread affinity set, disabling internal thread affinity

Using 10 OpenMP threads 

System total charge: 0.000
Will do PME sum in reciprocal space for electrostatic interactions.

++++ PLEASE READ AND CITE THE FOLLOWING REFERENCE ++++
U. Essmann, L. Perera, M. L. Berkowitz, T. Darden, H. Lee and L. G. Pedersen 
A smooth particle mesh Ewald method
J. Chem. Phys. 103 (1995) pp. 8577-8592
-------- -------- --- Thank You --- -------- --------

Using a Gaussian width (1/beta) of 0.448228 nm for Ewald
Potential shift: LJ r^-12: -1.764e-02 r^-6: -1.328e-01, Ewald -7.143e-06
Initialized non-bonded Ewald tables, spacing: 1.10e-03 size: 1270

Generated table with 1255 data points for 1-4 COUL.
Tabscale = 500 points/nm
Generated table with 1255 data points for 1-4 LJ6.
Tabscale = 500 points/nm
Generated table with 1255 data points for 1-4 LJ12.
Tabscale = 500 points/nm
Long Range LJ corr.: <C6> 3.6960e-04


Using GPU 8x8 nonbonded short-range kernels

Using a dual 8x8 pair-list setup updated with dynamic, rolling pruning:
  outer list: updated every 100 steps, buffer 0.111 nm, rlist 1.511 nm
  inner list: updated every  16 steps, buffer 0.002 nm, rlist 1.402 nm
At tolerance 0.005 kJ/mol/ps per atom, equivalent classical 1x1 list would be:
  outer list: updated every 100 steps, buffer 0.271 nm, rlist 1.671 nm
  inner list: updated every  16 steps, buffer 0.068 nm, rlist 1.468 nm

Using Lorentz-Berthelot Lennard-Jones combination rule
Removing pbc first time

Initializing LINear Constraint Solver

++++ PLEASE READ AND CITE THE FOLLOWING REFERENCE ++++
B. Hess and H. Bekker and H. J. C. Berendsen and J. G. E. M. Fraaije
LINCS: A Linear Constraint Solver for molecular simulations
J. Comp. Chem. 18 (1997) pp. 1463-1472
-------- -------- --- Thank You --- -------- --------

The number of constraints is 6102

++++ PLEASE READ AND CITE THE FOLLOWING REFERENCE ++++
S. Miyamoto and P. A. Kollman
SETTLE: An Analytical Version of the SHAKE and RATTLE Algorithms for Rigid
Water Models
J. Comp. Chem. 13 (1992) pp. 952-962
-------- -------- --- Thank You --- -------- --------


++++ PLEASE READ AND CITE THE FOLLOWING REFERENCE ++++
G. Bussi, D. Donadio and M. Parrinello
Canonical sampling through velocity rescaling
J. Chem. Phys. 126 (2007) pp. 014101
-------- -------- --- Thank You --- -------- --------

There are: 38315 Atoms

Updating coordinates and applying constraints on the GPU.

Constraining the starting coordinates (step 0)

Constraining the coordinates at t0-dt (step 0)
Center of mass motion removal mode is Linear
We have the following groups for center of mass motion removal:
  0:  rest
RMS relative constraint deviation after constraining: 4.19e-06
Initial temperature: 301.422 K

Started mdrun on rank 0 Thu Jul  3 11:30:45 2025

           Step           Time
              0        0.00000

   Energies (kJ/mol)
           Bond            U-B    Proper Dih.  Improper Dih.          LJ-14
    4.13527e+03    1.90063e+04    7.44019e+03    6.44165e+02    2.25576e+03
     Coulomb-14        LJ (SR)  Disper. corr.   Coulomb (SR)   Coul. recip.
   -3.20597e+04    2.29461e+04   -2.15331e+03   -4.54173e+05    1.27440e+03
      Potential    Kinetic En.   Total Energy  Conserved En.    Temperature
   -4.30684e+05    1.04465e+05   -3.26218e+05   -3.26195e+05    3.10207e+02
 Pres. DC (bar) Pressure (bar)   Constr. rmsd
   -9.30399e+01    6.65439e+01    4.19265e-06

step 8800: timed with pme grid 40 40 160, coulomb cutoff 1.400: 148.1 M-cycles
step 9000: timed with pme grid 32 32 128, coulomb cutoff 1.670: 196.6 M-cycles
step 9200: timed with pme grid 36 36 144, coulomb cutoff 1.485: 167.2 M-cycles
step 9400: timed with pme grid 40 40 160, coulomb cutoff 1.400: 153.3 M-cycles
              optimal pme grid 40 40 160, coulomb cutoff 1.400
           Step           Time
          50000      100.00000

   Energies (kJ/mol)
           Bond            U-B    Proper Dih.  Improper Dih.          LJ-14
    3.99632e+03    1.91077e+04    7.41945e+03    6.09485e+02    2.15388e+03
     Coulomb-14        LJ (SR)  Disper. corr.   Coulomb (SR)   Coul. recip.
   -3.13577e+04    2.21384e+04   -2.15594e+03   -4.53339e+05    1.30199e+03
      Potential    Kinetic En.   Total Energy  Conserved En.    Temperature
   -4.30126e+05    9.99451e+04   -3.30181e+05   -3.24674e+05    2.96784e+02
 Pres. DC (bar) Pressure (bar)   Constr. rmsd
   -9.32672e+01    2.72613e+01    4.19265e-06

Writing checkpoint, step 98900 at Thu Jul  3 11:31:45 2025


           Step           Time
         100000      200.00000

   Energies (kJ/mol)
           Bond            U-B    Proper Dih.  Improper Dih.          LJ-14
    4.06625e+03    1.92051e+04    7.42204e+03    7.11439e+02    2.09840e+03
     Coulomb-14        LJ (SR)  Disper. corr.   Coulomb (SR)   Coul. recip.
   -3.16194e+04    2.31260e+04   -2.14558e+03   -4.54415e+05    1.30832e+03
      Potential    Kinetic En.   Total Energy  Conserved En.    Temperature
   -4.30243e+05    1.00561e+05   -3.29681e+05   -3.23330e+05    2.98614e+02
 Pres. DC (bar) Pressure (bar)   Constr. rmsd
   -9.23734e+01   -1.12410e+02    4.19265e-06

           Step           Time
         150000      300.00000

   Energies (kJ/mol)
           Bond            U-B    Proper Dih.  Improper Dih.          LJ-14
    4.05557e+03    1.91420e+04    7.38560e+03    6.24564e+02    2.13039e+03
     Coulomb-14        LJ (SR)  Disper. corr.   Coulomb (SR)   Coul. recip.
   -3.23031e+04    2.20873e+04   -2.15700e+03   -4.52838e+05    1.33679e+03
      Potential    Kinetic En.   Total Energy  Conserved En.    Temperature
   -4.30536e+05    1.00623e+05   -3.29913e+05   -3.22017e+05    2.98798e+02
 Pres. DC (bar) Pressure (bar)   Constr. rmsd
   -9.33589e+01   -2.34577e+02    4.19265e-06

           Step           Time
         200000      400.00000

   Energies (kJ/mol)
           Bond            U-B    Proper Dih.  Improper Dih.          LJ-14
    3.83204e+03    1.89802e+04    7.36953e+03    6.74614e+02    2.24839e+03
     Coulomb-14        LJ (SR)  Disper. corr.   Coulomb (SR)   Coul. recip.
   -3.13801e+04    2.21871e+04   -2.15464e+03   -4.53325e+05    1.29872e+03
      Potential    Kinetic En.   Total Energy  Conserved En.    Temperature
   -4.30269e+05    9.98207e+04   -3.30449e+05   -3.20709e+05    2.96414e+02
 Pres. DC (bar) Pressure (bar)   Constr. rmsd
   -9.31549e+01   -5.85952e+01    4.19265e-06

Writing checkpoint, step 203300 at Thu Jul  3 11:32:45 2025


           Step           Time
         250000      500.00000

   Energies (kJ/mol)
           Bond            U-B    Proper Dih.  Improper Dih.          LJ-14
    4.02075e+03    1.91505e+04    7.51934e+03    6.05832e+02    2.20918e+03
     Coulomb-14        LJ (SR)  Disper. corr.   Coulomb (SR)   Coul. recip.
   -3.16157e+04    2.18396e+04   -2.14830e+03   -4.52171e+05    1.35227e+03
      Potential    Kinetic En.   Total Energy  Conserved En.    Temperature
   -4.29238e+05    1.00113e+05   -3.29125e+05   -3.19338e+05    2.97283e+02
 Pres. DC (bar) Pressure (bar)   Constr. rmsd
   -9.26079e+01   -6.18908e+01    4.19265e-06

           Step           Time
         300000      600.00000

   Energies (kJ/mol)
           Bond            U-B    Proper Dih.  Improper Dih.          LJ-14
    3.98038e+03    1.91711e+04    7.35112e+03    7.14262e+02    2.17488e+03
     Coulomb-14        LJ (SR)  Disper. corr.   Coulomb (SR)   Coul. recip.
   -3.17365e+04    2.29638e+04   -2.13969e+03   -4.52486e+05    1.43640e+03
      Potential    Kinetic En.   Total Energy  Conserved En.    Temperature
   -4.28571e+05    9.99949e+04   -3.28576e+05   -3.17962e+05    2.96932e+02
 Pres. DC (bar) Pressure (bar)   Constr. rmsd
   -9.18673e+01    1.29643e+02    4.19265e-06

Writing checkpoint, step 307700 at Thu Jul  3 11:33:45 2025


           Step           Time
         350000      700.00000

   Energies (kJ/mol)
           Bond            U-B    Proper Dih.  Improper Dih.          LJ-14
    4.11995e+03    1.93781e+04    7.38734e+03    6.05036e+02    2.19352e+03
     Coulomb-14        LJ (SR)  Disper. corr.   Coulomb (SR)   Coul. recip.
   -3.19394e+04    2.35156e+04   -2.14776e+03   -4.54240e+05    1.32163e+03
      Potential    Kinetic En.   Total Energy  Conserved En.    Temperature
   -4.29806e+05    1.00075e+05   -3.29730e+05   -3.16572e+05    2.97170e+02
 Pres. DC (bar) Pressure (bar)   Constr. rmsd
   -9.25611e+01    2.92008e+02    4.19265e-06

           Step           Time
         400000      800.00000

   Energies (kJ/mol)
           Bond            U-B    Proper Dih.  Improper Dih.          LJ-14
    4.16525e+03    1.94514e+04    7.40127e+03    6.14534e+02    2.19728e+03
     Coulomb-14        LJ (SR)  Disper. corr.   Coulomb (SR)   Coul. recip.
   -3.17927e+04    2.20327e+04   -2.14645e+03   -4.52911e+05    1.34827e+03
      Potential    Kinetic En.   Total Energy  Conserved En.    Temperature
   -4.29640e+05    1.00327e+05   -3.29312e+05   -3.15225e+05    2.97918e+02
 Pres. DC (bar) Pressure (bar)   Constr. rmsd
   -9.24482e+01   -1.13927e+02    4.19265e-06

Writing checkpoint, step 412100 at Thu Jul  3 11:34:45 2025


           Step           Time
         450000      900.00000

   Energies (kJ/mol)
           Bond            U-B    Proper Dih.  Improper Dih.          LJ-14
    4.10586e+03    1.89175e+04    7.38587e+03    5.77171e+02    2.14556e+03
     Coulomb-14        LJ (SR)  Disper. corr.   Coulomb (SR)   Coul. recip.
   -3.23174e+04    2.30059e+04   -2.16437e+03   -4.54313e+05    1.28491e+03
      Potential    Kinetic En.   Total Energy  Conserved En.    Temperature
   -4.31372e+05    1.00577e+05   -3.30795e+05   -3.13896e+05    2.98659e+02
 Pres. DC (bar) Pressure (bar)   Constr. rmsd
   -9.39974e+01    2.50462e+02    4.19265e-06

           Step           Time
         500000     1000.00000

Writing checkpoint, step 500000 at Thu Jul  3 11:35:35 2025


   Energies (kJ/mol)
           Bond            U-B    Proper Dih.  Improper Dih.          LJ-14
    3.93688e+03    1.88525e+04    7.46913e+03    6.37771e+02    2.21262e+03
     Coulomb-14        LJ (SR)  Disper. corr.   Coulomb (SR)   Coul. recip.
   -3.18999e+04    2.19761e+04   -2.14281e+03   -4.52522e+05    1.28973e+03
      Potential    Kinetic En.   Total Energy  Conserved En.    Temperature
   -4.30190e+05    9.99664e+04   -3.30223e+05   -3.12482e+05    2.96847e+02
 Pres. DC (bar) Pressure (bar)   Constr. rmsd
   -9.21348e+01   -8.37684e+01    4.19265e-06


Energy conservation over simulation part #1 of length 1000 ns, time 0 to 1000 ns
  Conserved energy drift: 3.58e-04 kJ/mol/ps per atom


	<======  ###############  ==>
	<====  A V E R A G E S  ====>
	<==  ###############  ======>

	Statistics over 500001 steps using 5001 frames

   Energies (kJ/mol)
           Bond            U-B    Proper Dih.  Improper Dih.          LJ-14
    4.07681e+03    1.91817e+04    7.42857e+03    6.32108e+02    2.19718e+03
     Coulomb-14        LJ (SR)  Disper. corr.   Coulomb (SR)   Coul. recip.
   -3.18004e+04    2.23986e+04   -2.15233e+03   -4.53128e+05    1.32307e+03
      Potential    Kinetic En.   Total Energy  Conserved En.    Temperature
   -4.29843e+05    1.00346e+05   -3.29497e+05   -3.19292e+05    2.97973e+02
 Pres. DC (bar) Pressure (bar)   Constr. rmsd
   -9.29558e+01    4.02375e+00    0.00000e+00

          Box-X          Box-Y          Box-Z
    4.58147e+00    4.58147e+00    1.83259e+01

   Total Virial (kJ/mol)
    3.34182e+04   -5.80054e+00   -2.83280e+01
   -5.79929e+00    3.34034e+04    3.42958e+00
   -2.83238e+01    3.42123e+00    3.33900e+04

   Pressure (bar)
    2.63745e+00    5.79997e-01    1.63376e+00
    5.79890e-01    4.16361e+00   -3.87615e-01
    1.63339e+00   -3.86894e-01    5.27019e+00


	M E G A - F L O P S   A C C O U N T I N G

 NB=Group-cutoff nonbonded kernels    NxN=N-by-N cluster Verlet kernels
 RF=Reaction-Field  VdW=Van der Waals  QSTab=quadratic-spline table
 W3=SPC/TIP3p  W4=TIP4p (single or pairs)
 V&F=Potential and force  V=Potential only  F=Force only

 Computing:                               M-Number         M-Flops  % Flops
-----------------------------------------------------------------------------
 Pair Search distance check           27899.695744      251097.262     0.0
 NxN Ewald Elec. + LJ [F]          31994861.266368  2111660843.580    98.2
 NxN Ewald Elec. + LJ [V&F]          323244.643840    34587176.891     1.6
 1,4 nonbonded interactions            8324.516649      749206.498     0.0
 Shift-X                                191.613315        1149.680     0.0
 Bonds                                 1828.503657      107881.716     0.0
 Propers                               7925.515851     1814943.130     0.1
 Impropers                              266.000532       55328.111     0.0
 Virial                                1918.038360       34524.690     0.0
 Stop-CM                                191.651630        1916.516     0.0
 Calc-Ekin                             3831.576630      103452.569     0.0
 Lincs                                    0.012204           0.732     0.0
 Lincs-Mat                                0.105816           0.423     0.0
 Constraint-V                             0.040038           0.360     0.0
 Settle                                   0.018556           6.866     0.0
 Urey-Bradley                          8248.016496     1509387.019     0.1
-----------------------------------------------------------------------------
 Total                                              2150876916.044   100.0
-----------------------------------------------------------------------------


     R E A L   C Y C L E   A N D   T I M E   A C C O U N T I N G

On 1 MPI rank, each using 10 OpenMP threads

 Computing:          Num   Num      Call    Wall time         Giga-Cycles
                     Ranks Threads  Count      (s)         total sum    %
-----------------------------------------------------------------------------
 Neighbor search        1   10       5001      24.146        627.804   8.3
 Launch GPU ops.        1   10     995001      61.325       1594.442  21.1
 Force                  1   10     500001      81.638       2122.601  28.1
 Wait PME GPU gather    1   10     500001       0.119          3.084   0.0
 Reduce GPU PME F       1   10     500001       0.742         19.303   0.3
 Wait GPU NB local      1   10     450000       0.280          7.282   0.1
 Wait GPU state copy    1   10     625004     100.157       2604.100  34.5
 NB X/F buffer ops.     1   10      50001       4.842        125.887   1.7
 Write traj.            1   10         15       2.189         56.911   0.8
 Constraints            1   10          2       0.002          0.054   0.0
 Rest                                          14.934        388.282   5.1
-----------------------------------------------------------------------------
 Total                                        290.374       7549.749 100.0
-----------------------------------------------------------------------------

               Core t (s)   Wall t (s)        (%)
       Time:     2903.735      290.374     1000.0
                 (ns/day)    (hour/ns)
Performance:      297.547        0.081
Finished mdrun on rank 0 Thu Jul  3 11:35:35 2025

