                      :-) GROMACS - gmx mdrun, 2021.5 (-:

                            GROMACS is written by:
     Andrey Alekseenko              Emile Apol              Rossen Apostolov     
         Paul Bauer           Herman J.C. Berendsen           Par Bjelkmar       
       Christian Blau           Viacheslav Bolnykh             Kevin Boyd        
     Aldert van Buuren           Rudi van Drunen             Anton Feenstra      
    Gilles Gouaillardet             Alan Gray               Gerrit Groenhof      
       Anca Hamuraru            Vincent Hindriksen          M. Eric Irrgang      
      Aleksei Iupinov           Christoph Junghans             Joe Jordan        
    Dimitrios Karkoulis            Peter Kasson                Jiri Kraus        
      Carsten Kutzner              Per Larsson              Justin A. Lemkul     
       Viveca Lindahl            Magnus Lundborg             Erik Marklund       
        Pascal Merz             Pieter Meulenhoff            Teemu Murtola       
        Szilard Pall               Sander Pronk              Roland Schulz       
       Michael Shirts            Alexey Shvetsov             Alfons Sijbers      
       Peter Tieleman              Jon Vincent              Teemu Virolainen     
     Christian Wennberg            Maarten Wolf              Artem Zhmurov       
                           and the project leaders:
        Mark Abraham, Berk Hess, Erik Lindahl, and David van der Spoel

Copyright (c) 1991-2000, University of Groningen, The Netherlands.
Copyright (c) 2001-2019, The GROMACS development team at
Uppsala University, Stockholm University and
the Royal Institute of Technology, Sweden.
check out http://www.gromacs.org for more information.

GROMACS is free software; you can redistribute it and/or modify it
under the terms of the GNU Lesser General Public License
as published by the Free Software Foundation; either version 2.1
of the License, or (at your option) any later version.

GROMACS:      gmx mdrun, version 2021.5
Executable:   /usr/local/gromacs_2021.5/bin/gmx
Data prefix:  /usr/local/gromacs_2021.5
Working dir:  /srv/home/apbal/work/REU/mixtures/SA/2mix
Process ID:   52053
Command line:
  gmx mdrun -v -deffnm nvt -ntomp 10 -nb gpu -bonded cpu -update gpu -ntmpi 1 -cpt 1

GROMACS version:    2021.5
Precision:          mixed
Memory model:       64 bit
MPI library:        thread_mpi
OpenMP support:     enabled (GMX_OPENMP_MAX_THREADS = 256)
GPU support:        CUDA
SIMD instructions:  AVX2_256
FFT library:        fftw-3.3.8-sse2-avx-avx2-avx2_128
RDTSCP usage:       enabled
TNG support:        enabled
Hwloc support:      disabled
Tracing support:    disabled
C compiler:         /usr/bin/cc GNU 9.4.0
C compiler flags:   -mavx2 -mfma -Wno-missing-field-initializers -fexcess-precision=fast -funroll-all-loops -pthread -O3 -DNDEBUG
C++ compiler:       /usr/bin/c++ GNU 9.4.0
C++ compiler flags: -mavx2 -mfma -Wno-missing-field-initializers -fexcess-precision=fast -funroll-all-loops -pthread -fopenmp -O3 -DNDEBUG
CUDA compiler:      /usr/local/cuda-12.2/bin/nvcc nvcc: NVIDIA (R) Cuda compiler driver;Copyright (c) 2005-2023 NVIDIA Corporation;Built on Tue_Aug_15_22:02:13_PDT_2023;Cuda compilation tools, release 12.2, V12.2.140;Build cuda_12.2.r12.2/compiler.33191640_0
CUDA compiler flags:-std=c++17;-gencode;arch=compute_60,code=sm_60;-gencode;arch=compute_61,code=sm_61;-gencode;arch=compute_62,code=sm_62;-gencode;arch=compute_70,code=sm_70;-gencode;arch=compute_75,code=sm_75;-gencode;arch=compute_80,code=sm_80;-gencode;arch=compute_86,code=sm_86;-gencode;arch=compute_89,code=sm_89;-gencode;arch=compute_60,code=compute_60;-gencode;arch=compute_61,code=compute_61;-gencode;arch=compute_62,code=compute_62;-gencode;arch=compute_70,code=compute_70;-gencode;arch=compute_75,code=compute_75;-gencode;arch=compute_80,code=compute_80;-gencode;arch=compute_86,code=compute_86;-gencode;arch=compute_89,code=compute_89;-use_fast_math;-D_FORCE_INLINES;-mavx2 -mfma -Wno-missing-field-initializers -fexcess-precision=fast -funroll-all-loops -pthread -fopenmp -O3 -DNDEBUG
CUDA driver:        12.90
CUDA runtime:       12.20


Running on 1 node with total 128 cores, 128 logical cores, 1 compatible GPU
Hardware detected:
  CPU info:
    Vendor: AMD
    Brand:  AMD EPYC 7513 32-Core Processor                
    Family: 25   Model: 1   Stepping: 1
    Features: aes amd apic avx avx2 clfsh cmov cx8 cx16 f16c fma htt lahf misalignsse mmx msr nonstop_tsc pcid pclmuldq pdpe1gb popcnt pse rdrnd rdtscp sha sse2 sse3 sse4a sse4.1 sse4.2 ssse3
  Hardware topology: Only logical processor count
  GPU info:
    Number of GPUs detected: 1
    #0: NVIDIA NVIDIA RTX A4500, compute cap.: 8.6, ECC:  no, stat: compatible


++++ PLEASE READ AND CITE THE FOLLOWING REFERENCE ++++
M. J. Abraham, T. Murtola, R. Schulz, S. Páll, J. C. Smith, B. Hess, E.
Lindahl
GROMACS: High performance molecular simulations through multi-level
parallelism from laptops to supercomputers
SoftwareX 1 (2015) pp. 19-25
-------- -------- --- Thank You --- -------- --------


++++ PLEASE READ AND CITE THE FOLLOWING REFERENCE ++++
S. Páll, M. J. Abraham, C. Kutzner, B. Hess, E. Lindahl
Tackling Exascale Software Challenges in Molecular Dynamics Simulations with
GROMACS
In S. Markidis & E. Laure (Eds.), Solving Software Challenges for Exascale 8759 (2015) pp. 3-27
-------- -------- --- Thank You --- -------- --------


++++ PLEASE READ AND CITE THE FOLLOWING REFERENCE ++++
S. Pronk, S. Páll, R. Schulz, P. Larsson, P. Bjelkmar, R. Apostolov, M. R.
Shirts, J. C. Smith, P. M. Kasson, D. van der Spoel, B. Hess, and E. Lindahl
GROMACS 4.5: a high-throughput and highly parallel open source molecular
simulation toolkit
Bioinformatics 29 (2013) pp. 845-54
-------- -------- --- Thank You --- -------- --------


++++ PLEASE READ AND CITE THE FOLLOWING REFERENCE ++++
B. Hess and C. Kutzner and D. van der Spoel and E. Lindahl
GROMACS 4: Algorithms for highly efficient, load-balanced, and scalable
molecular simulation
J. Chem. Theory Comput. 4 (2008) pp. 435-447
-------- -------- --- Thank You --- -------- --------


++++ PLEASE READ AND CITE THE FOLLOWING REFERENCE ++++
D. van der Spoel, E. Lindahl, B. Hess, G. Groenhof, A. E. Mark and H. J. C.
Berendsen
GROMACS: Fast, Flexible and Free
J. Comp. Chem. 26 (2005) pp. 1701-1719
-------- -------- --- Thank You --- -------- --------


++++ PLEASE READ AND CITE THE FOLLOWING REFERENCE ++++
E. Lindahl and B. Hess and D. van der Spoel
GROMACS 3.0: A package for molecular simulation and trajectory analysis
J. Mol. Mod. 7 (2001) pp. 306-317
-------- -------- --- Thank You --- -------- --------


++++ PLEASE READ AND CITE THE FOLLOWING REFERENCE ++++
H. J. C. Berendsen, D. van der Spoel and R. van Drunen
GROMACS: A message-passing parallel molecular dynamics implementation
Comp. Phys. Comm. 91 (1995) pp. 43-56
-------- -------- --- Thank You --- -------- --------


++++ PLEASE CITE THE DOI FOR THIS VERSION OF GROMACS ++++
https://doi.org/10.5281/zenodo.5850051
-------- -------- --- Thank You --- -------- --------

Input Parameters:
   integrator                     = md
   tinit                          = 0
   dt                             = 0.002
   nsteps                         = 25000
   init-step                      = 0
   simulation-part                = 1
   mts                            = false
   comm-mode                      = Linear
   nstcomm                        = 100
   bd-fric                        = 0
   ld-seed                        = -252714081
   emtol                          = 10
   emstep                         = 0.01
   niter                          = 20
   fcstep                         = 0
   nstcgsteep                     = 1000
   nbfgscorr                      = 10
   rtpi                           = 0.05
   nstxout                        = 1000
   nstvout                        = 1000
   nstfout                        = 0
   nstlog                         = 1000
   nstcalcenergy                  = 100
   nstenergy                      = 1000
   nstxout-compressed             = 0
   compressed-x-precision         = 1000
   cutoff-scheme                  = Verlet
   nstlist                        = 10
   pbc                            = xyz
   periodic-molecules             = false
   verlet-buffer-tolerance        = 0.005
   rlist                          = 1.4
   coulombtype                    = PME
   coulomb-modifier               = Potential-shift
   rcoulomb-switch                = 0
   rcoulomb                       = 1.4
   epsilon-r                      = 1
   epsilon-rf                     = inf
   vdw-type                       = Cut-off
   vdw-modifier                   = Potential-shift
   rvdw-switch                    = 0
   rvdw                           = 1.4
   DispCorr                       = EnerPres
   table-extension                = 1
   fourierspacing                 = 0.12
   fourier-nx                     = 52
   fourier-ny                     = 52
   fourier-nz                     = 200
   pme-order                      = 4
   ewald-rtol                     = 1e-05
   ewald-rtol-lj                  = 0.001
   lj-pme-comb-rule               = Geometric
   ewald-geometry                 = 0
   epsilon-surface                = 0
   tcoupl                         = V-rescale
   nsttcouple                     = 10
   nh-chain-length                = 0
   print-nose-hoover-chain-variables = false
   pcoupl                         = No
   pcoupltype                     = Isotropic
   nstpcouple                     = -1
   tau-p                          = 1
   compressibility (3x3):
      compressibility[    0]={ 0.00000e+00,  0.00000e+00,  0.00000e+00}
      compressibility[    1]={ 0.00000e+00,  0.00000e+00,  0.00000e+00}
      compressibility[    2]={ 0.00000e+00,  0.00000e+00,  0.00000e+00}
   ref-p (3x3):
      ref-p[    0]={ 0.00000e+00,  0.00000e+00,  0.00000e+00}
      ref-p[    1]={ 0.00000e+00,  0.00000e+00,  0.00000e+00}
      ref-p[    2]={ 0.00000e+00,  0.00000e+00,  0.00000e+00}
   refcoord-scaling               = No
   posres-com (3):
      posres-com[0]= 0.00000e+00
      posres-com[1]= 0.00000e+00
      posres-com[2]= 0.00000e+00
   posres-comB (3):
      posres-comB[0]= 0.00000e+00
      posres-comB[1]= 0.00000e+00
      posres-comB[2]= 0.00000e+00
   QMMM                           = false
qm-opts:
   ngQM                           = 0
   constraint-algorithm           = Lincs
   continuation                   = false
   Shake-SOR                      = false
   shake-tol                      = 0.0001
   lincs-order                    = 4
   lincs-iter                     = 1
   lincs-warnangle                = 30
   nwall                          = 0
   wall-type                      = 9-3
   wall-r-linpot                  = -1
   wall-atomtype[0]               = -1
   wall-atomtype[1]               = -1
   wall-density[0]                = 0
   wall-density[1]                = 0
   wall-ewald-zfac                = 3
   pull                           = false
   awh                            = false
   rotation                       = false
   interactiveMD                  = false
   disre                          = No
   disre-weighting                = Conservative
   disre-mixed                    = false
   dr-fc                          = 1000
   dr-tau                         = 0
   nstdisreout                    = 100
   orire-fc                       = 0
   orire-tau                      = 0
   nstorireout                    = 100
   free-energy                    = no
   cos-acceleration               = 0
   deform (3x3):
      deform[    0]={ 0.00000e+00,  0.00000e+00,  0.00000e+00}
      deform[    1]={ 0.00000e+00,  0.00000e+00,  0.00000e+00}
      deform[    2]={ 0.00000e+00,  0.00000e+00,  0.00000e+00}
   simulated-tempering            = false
   swapcoords                     = no
   userint1                       = 0
   userint2                       = 0
   userint3                       = 0
   userint4                       = 0
   userreal1                      = 0
   userreal2                      = 0
   userreal3                      = 0
   userreal4                      = 0
   applied-forces:
     electric-field:
       x:
         E0                       = 0
         omega                    = 0
         t0                       = 0
         sigma                    = 0
       y:
         E0                       = 0
         omega                    = 0
         t0                       = 0
         sigma                    = 0
       z:
         E0                       = 0
         omega                    = 0
         t0                       = 0
         sigma                    = 0
     density-guided-simulation:
       active                     = false
       group                      = protein
       similarity-measure         = inner-product
       atom-spreading-weight      = unity
       force-constant             = 1e+09
       gaussian-transform-spreading-width = 0.2
       gaussian-transform-spreading-range-in-multiples-of-width = 4
       reference-density-filename = reference.mrc
       nst                        = 1
       normalize-densities        = true
       adaptive-force-scaling     = false
       adaptive-force-scaling-time-constant = 4
       shift-vector               = 
       transformation-matrix      = 
grpopts:
   nrdf:       80085
   ref-t:         298
   tau-t:         0.1
annealing:          No
annealing-npoints:           0
   acc:	           0           0           0
   nfreeze:           N           N           N
   energygrp-flags[  0]: 0

Changing nstlist from 10 to 100, rlist from 1.4 to 1.458

1 GPU selected for this run.
Mapping of GPU IDs to the 2 GPU tasks in the 1 rank on this node:
  PP:0,PME:0
PP tasks will do (non-perturbed) short-ranged interactions on the GPU
PP task will update and constrain coordinates on the GPU
PME tasks will do all aspects on the GPU
Using 1 MPI thread

Non-default thread affinity set, disabling internal thread affinity

Using 10 OpenMP threads 

System total charge: 0.000
Will do PME sum in reciprocal space for electrostatic interactions.

++++ PLEASE READ AND CITE THE FOLLOWING REFERENCE ++++
U. Essmann, L. Perera, M. L. Berkowitz, T. Darden, H. Lee and L. G. Pedersen 
A smooth particle mesh Ewald method
J. Chem. Phys. 103 (1995) pp. 8577-8592
-------- -------- --- Thank You --- -------- --------

Using a Gaussian width (1/beta) of 0.448228 nm for Ewald
Potential shift: LJ r^-12: -1.764e-02 r^-6: -1.328e-01, Ewald -7.143e-06
Initialized non-bonded Ewald tables, spacing: 1.10e-03 size: 1270

Generated table with 1229 data points for 1-4 COUL.
Tabscale = 500 points/nm
Generated table with 1229 data points for 1-4 LJ6.
Tabscale = 500 points/nm
Generated table with 1229 data points for 1-4 LJ12.
Tabscale = 500 points/nm
Long Range LJ corr.: <C6> 3.6704e-04


Using GPU 8x8 nonbonded short-range kernels

Using a dual 8x8 pair-list setup updated with dynamic, rolling pruning:
  outer list: updated every 100 steps, buffer 0.058 nm, rlist 1.458 nm
  inner list: updated every  30 steps, buffer 0.001 nm, rlist 1.401 nm
At tolerance 0.005 kJ/mol/ps per atom, equivalent classical 1x1 list would be:
  outer list: updated every 100 steps, buffer 0.223 nm, rlist 1.623 nm
  inner list: updated every  30 steps, buffer 0.110 nm, rlist 1.510 nm

Using Lorentz-Berthelot Lennard-Jones combination rule
Removing pbc first time

Initializing LINear Constraint Solver

++++ PLEASE READ AND CITE THE FOLLOWING REFERENCE ++++
B. Hess and H. Bekker and H. J. C. Berendsen and J. G. E. M. Fraaije
LINCS: A Linear Constraint Solver for molecular simulations
J. Comp. Chem. 18 (1997) pp. 1463-1472
-------- -------- --- Thank You --- -------- --------

The number of constraints is 5700

++++ PLEASE READ AND CITE THE FOLLOWING REFERENCE ++++
S. Miyamoto and P. A. Kollman
SETTLE: An Analytical Version of the SHAKE and RATTLE Algorithms for Rigid
Water Models
J. Comp. Chem. 13 (1992) pp. 952-962
-------- -------- --- Thank You --- -------- --------


++++ PLEASE READ AND CITE THE FOLLOWING REFERENCE ++++
G. Bussi, D. Donadio and M. Parrinello
Canonical sampling through velocity rescaling
J. Chem. Phys. 126 (2007) pp. 014101
-------- -------- --- Thank You --- -------- --------

There are: 37950 Atoms

Updating coordinates and applying constraints on the GPU.

Constraining the starting coordinates (step 0)

Constraining the coordinates at t0-dt (step 0)
Center of mass motion removal mode is Linear
We have the following groups for center of mass motion removal:
  0:  rest
RMS relative constraint deviation after constraining: 4.65e-06
Initial temperature: 301.86 K

Started mdrun on rank 0 Wed Jun 18 12:06:16 2025

           Step           Time
              0        0.00000

   Energies (kJ/mol)
           Bond            U-B    Proper Dih.  Improper Dih.          LJ-14
    5.44937e+02    2.30957e+03    6.12770e+03    2.89205e+01    1.65514e+03
     Coulomb-14        LJ (SR)  Disper. corr.   Coulomb (SR)   Coul. recip.
   -1.53654e+04    2.56161e+04   -9.33045e+02   -3.70023e+05    3.06298e+03
      Potential    Kinetic En.   Total Energy  Conserved En.    Temperature
   -3.46976e+05    1.00535e+05   -2.46442e+05   -2.46442e+05    3.01968e+02
 Pres. DC (bar) Pressure (bar)   Constr. rmsd
   -1.79502e+01   -1.51082e+03    4.65205e-06

           Step           Time
           1000        2.00000

   Energies (kJ/mol)
           Bond            U-B    Proper Dih.  Improper Dih.          LJ-14
    2.81144e+03    1.31687e+04    8.18461e+03    4.87805e+02    2.28097e+03
     Coulomb-14        LJ (SR)  Disper. corr.   Coulomb (SR)   Coul. recip.
   -1.58579e+04    2.86409e+04   -9.33045e+02   -3.81804e+05    3.19786e+03
      Potential    Kinetic En.   Total Energy  Conserved En.    Temperature
   -3.39823e+05    1.00968e+05   -2.38855e+05   -2.44865e+05    3.03268e+02
 Pres. DC (bar) Pressure (bar)   Constr. rmsd
   -1.79502e+01   -4.31228e+02    4.65205e-06

           Step           Time
           2000        4.00000

   Energies (kJ/mol)
           Bond            U-B    Proper Dih.  Improper Dih.          LJ-14
    2.89229e+03    1.37333e+04    8.14359e+03    5.54100e+02    2.33699e+03
     Coulomb-14        LJ (SR)  Disper. corr.   Coulomb (SR)   Coul. recip.
   -1.58850e+04    2.79644e+04   -9.33045e+02   -3.98211e+05    3.01751e+03
      Potential    Kinetic En.   Total Energy  Conserved En.    Temperature
   -3.56387e+05    1.00160e+05   -2.56227e+05   -2.44727e+05    3.00844e+02
 Pres. DC (bar) Pressure (bar)   Constr. rmsd
   -1.79502e+01   -4.11778e+02    4.65205e-06

           Step           Time
           3000        6.00000

   Energies (kJ/mol)
           Bond            U-B    Proper Dih.  Improper Dih.          LJ-14
    3.01020e+03    1.39916e+04    8.17714e+03    5.30784e+02    2.38433e+03
     Coulomb-14        LJ (SR)  Disper. corr.   Coulomb (SR)   Coul. recip.
   -1.71700e+04    2.91063e+04   -9.33045e+02   -4.09665e+05    2.85760e+03
      Potential    Kinetic En.   Total Energy  Conserved En.    Temperature
   -3.67710e+05    1.00183e+05   -2.67527e+05   -2.44693e+05    3.00912e+02
 Pres. DC (bar) Pressure (bar)   Constr. rmsd
   -1.79502e+01   -2.53577e+02    4.65205e-06

           Step           Time
           4000        8.00000

   Energies (kJ/mol)
           Bond            U-B    Proper Dih.  Improper Dih.          LJ-14
    3.05736e+03    1.44166e+04    7.93123e+03    5.49019e+02    2.27545e+03
     Coulomb-14        LJ (SR)  Disper. corr.   Coulomb (SR)   Coul. recip.
   -1.70778e+04    2.77230e+04   -9.33045e+02   -4.15412e+05    2.74804e+03
      Potential    Kinetic En.   Total Energy  Conserved En.    Temperature
   -3.74722e+05    9.90813e+04   -2.75641e+05   -2.44611e+05    2.97602e+02
 Pres. DC (bar) Pressure (bar)   Constr. rmsd
   -1.79502e+01   -4.33784e+02    4.65205e-06

           Step           Time
           5000       10.00000

   Energies (kJ/mol)
           Bond            U-B    Proper Dih.  Improper Dih.          LJ-14
    3.16349e+03    1.47062e+04    7.89384e+03    6.02423e+02    2.27506e+03
     Coulomb-14        LJ (SR)  Disper. corr.   Coulomb (SR)   Coul. recip.
   -1.74350e+04    2.88377e+04   -9.33045e+02   -4.22328e+05    2.63479e+03
      Potential    Kinetic En.   Total Energy  Conserved En.    Temperature
   -3.80583e+05    9.98405e+04   -2.80742e+05   -2.44565e+05    2.99883e+02
 Pres. DC (bar) Pressure (bar)   Constr. rmsd
   -1.79502e+01   -2.89465e+02    4.65205e-06

           Step           Time
           6000       12.00000

   Energies (kJ/mol)
           Bond            U-B    Proper Dih.  Improper Dih.          LJ-14
    3.35933e+03    1.54776e+04    8.05323e+03    5.54416e+02    2.28951e+03
     Coulomb-14        LJ (SR)  Disper. corr.   Coulomb (SR)   Coul. recip.
   -1.73818e+04    2.76471e+04   -9.33045e+02   -4.26314e+05    2.54757e+03
      Potential    Kinetic En.   Total Energy  Conserved En.    Temperature
   -3.84700e+05    1.00110e+05   -2.84590e+05   -2.44515e+05    3.00694e+02
 Pres. DC (bar) Pressure (bar)   Constr. rmsd
   -1.79502e+01   -3.05531e+02    4.65205e-06

step 6200: timed with pme grid 52 52 200, coulomb cutoff 1.400: 5137.0 M-cycles
step 6400: timed with pme grid 42 42 168, coulomb cutoff 1.667: 5030.2 M-cycles
step 6600: timed with pme grid 36 36 144, coulomb cutoff 1.944: 5154.9 M-cycles
step 6800: timed with pme grid 32 32 128, coulomb cutoff 2.188: 5183.8 M-cycles
step 6800: the maximum allowed grid scaling limits the PME load balancing to a coulomb cut-off of 2.333
step 7000: timed with pme grid 32 32 120, coulomb cutoff 2.333: 4616.4 M-cycles
           Step           Time
           7000       14.00000

   Energies (kJ/mol)
           Bond            U-B    Proper Dih.  Improper Dih.          LJ-14
    3.47369e+03    1.58442e+04    7.86757e+03    6.19922e+02    2.34501e+03
     Coulomb-14        LJ (SR)  Disper. corr.   Coulomb (SR)   Coul. recip.
   -1.77768e+04    2.86692e+04   -9.33045e+02   -4.27959e+05    1.06636e+03
      Potential    Kinetic En.   Total Energy  Conserved En.    Temperature
   -3.86782e+05    1.00246e+05   -2.86536e+05   -2.44448e+05    3.01102e+02
 Pres. DC (bar) Pressure (bar)   Constr. rmsd
   -1.79502e+01   -1.91457e+02    4.65205e-06

step 7200: timed with pme grid 36 36 144, coulomb cutoff 1.944: 158.7 M-cycles
step 7400: timed with pme grid 40 40 160, coulomb cutoff 1.750: 141.5 M-cycles
step 7600: timed with pme grid 42 42 168, coulomb cutoff 1.667: 133.0 M-cycles
step 7800: timed with pme grid 44 44 192, coulomb cutoff 1.591: 130.6 M-cycles
step 8000: timed with pme grid 48 48 192, coulomb cutoff 1.458: 112.7 M-cycles
           Step           Time
           8000       16.00000

   Energies (kJ/mol)
           Bond            U-B    Proper Dih.  Improper Dih.          LJ-14
    3.51694e+03    1.60156e+04    7.64034e+03    5.82931e+02    2.33883e+03
     Coulomb-14        LJ (SR)  Disper. corr.   Coulomb (SR)   Coul. recip.
   -1.76544e+04    2.87589e+04   -9.33045e+02   -4.32928e+05    2.30936e+03
      Potential    Kinetic En.   Total Energy  Conserved En.    Temperature
   -3.90352e+05    9.96317e+04   -2.90721e+05   -2.44420e+05    2.99256e+02
 Pres. DC (bar) Pressure (bar)   Constr. rmsd
   -1.79502e+01   -2.71312e+02    4.65205e-06

step 8200: timed with pme grid 52 52 200, coulomb cutoff 1.400: 119.6 M-cycles
step 8400: timed with pme grid 48 48 192, coulomb cutoff 1.458: 109.5 M-cycles
step 8600: timed with pme grid 52 52 200, coulomb cutoff 1.400: 117.4 M-cycles
step 8800: timed with pme grid 48 48 192, coulomb cutoff 1.458: 110.5 M-cycles
step 9000: timed with pme grid 52 52 200, coulomb cutoff 1.400: 118.1 M-cycles
              optimal pme grid 48 48 192, coulomb cutoff 1.458
           Step           Time
           9000       18.00000

   Energies (kJ/mol)
           Bond            U-B    Proper Dih.  Improper Dih.          LJ-14
    3.56407e+03    1.62177e+04    7.83899e+03    5.56739e+02    2.36494e+03
     Coulomb-14        LJ (SR)  Disper. corr.   Coulomb (SR)   Coul. recip.
   -1.80972e+04    2.92799e+04   -9.33045e+02   -4.34347e+05    2.12421e+03
      Potential    Kinetic En.   Total Energy  Conserved En.    Temperature
   -3.91431e+05    9.88918e+04   -2.92539e+05   -2.44382e+05    2.97033e+02
 Pres. DC (bar) Pressure (bar)   Constr. rmsd
   -1.79502e+01   -1.05927e+02    4.65205e-06

           Step           Time
          10000       20.00000

   Energies (kJ/mol)
           Bond            U-B    Proper Dih.  Improper Dih.          LJ-14
    3.70581e+03    1.68663e+04    7.54166e+03    5.59298e+02    2.23419e+03
     Coulomb-14        LJ (SR)  Disper. corr.   Coulomb (SR)   Coul. recip.
   -1.80195e+04    2.91002e+04   -9.33045e+02   -4.36429e+05    2.12378e+03
      Potential    Kinetic En.   Total Energy  Conserved En.    Temperature
   -3.93251e+05    9.87346e+04   -2.94516e+05   -2.44336e+05    2.96561e+02
 Pres. DC (bar) Pressure (bar)   Constr. rmsd
   -1.79502e+01   -2.81103e+02    4.65205e-06

           Step           Time
          11000       22.00000

   Energies (kJ/mol)
           Bond            U-B    Proper Dih.  Improper Dih.          LJ-14
    3.68580e+03    1.70627e+04    7.65108e+03    5.97063e+02    2.34946e+03
     Coulomb-14        LJ (SR)  Disper. corr.   Coulomb (SR)   Coul. recip.
   -1.86084e+04    2.88103e+04   -9.33045e+02   -4.37022e+05    2.00300e+03
      Potential    Kinetic En.   Total Energy  Conserved En.    Temperature
   -3.94404e+05    9.92767e+04   -2.95128e+05   -2.44282e+05    2.98189e+02
 Pres. DC (bar) Pressure (bar)   Constr. rmsd
   -1.79502e+01   -2.35530e+02    4.65205e-06

           Step           Time
          12000       24.00000

   Energies (kJ/mol)
           Bond            U-B    Proper Dih.  Improper Dih.          LJ-14
    3.66773e+03    1.72168e+04    7.39605e+03    5.96598e+02    2.33488e+03
     Coulomb-14        LJ (SR)  Disper. corr.   Coulomb (SR)   Coul. recip.
   -1.85752e+04    2.86387e+04   -9.33045e+02   -4.38261e+05    2.01015e+03
      Potential    Kinetic En.   Total Energy  Conserved En.    Temperature
   -3.95908e+05    9.96597e+04   -2.96248e+05   -2.44272e+05    2.99340e+02
 Pres. DC (bar) Pressure (bar)   Constr. rmsd
   -1.79502e+01   -2.77817e+02    4.65205e-06

           Step           Time
          13000       26.00000

   Energies (kJ/mol)
           Bond            U-B    Proper Dih.  Improper Dih.          LJ-14
    3.72741e+03    1.74258e+04    7.49429e+03    6.47573e+02    2.36198e+03
     Coulomb-14        LJ (SR)  Disper. corr.   Coulomb (SR)   Coul. recip.
   -1.84852e+04    2.91986e+04   -9.33045e+02   -4.41073e+05    1.95497e+03
      Potential    Kinetic En.   Total Energy  Conserved En.    Temperature
   -3.97681e+05    9.89167e+04   -2.98764e+05   -2.44199e+05    2.97108e+02
 Pres. DC (bar) Pressure (bar)   Constr. rmsd
   -1.79502e+01   -1.26487e+02    4.65205e-06

           Step           Time
          14000       28.00000

   Energies (kJ/mol)
           Bond            U-B    Proper Dih.  Improper Dih.          LJ-14
    3.92382e+03    1.75686e+04    7.44788e+03    6.24156e+02    2.29350e+03
     Coulomb-14        LJ (SR)  Disper. corr.   Coulomb (SR)   Coul. recip.
   -1.81544e+04    2.90131e+04   -9.33045e+02   -4.42460e+05    1.90633e+03
      Potential    Kinetic En.   Total Energy  Conserved En.    Temperature
   -3.98770e+05    9.88657e+04   -2.99905e+05   -2.44139e+05    2.96955e+02
 Pres. DC (bar) Pressure (bar)   Constr. rmsd
   -1.79502e+01   -1.74326e+02    4.65205e-06

           Step           Time
          15000       30.00000

   Energies (kJ/mol)
           Bond            U-B    Proper Dih.  Improper Dih.          LJ-14
    3.89183e+03    1.79087e+04    7.30479e+03    6.99962e+02    2.37969e+03
     Coulomb-14        LJ (SR)  Disper. corr.   Coulomb (SR)   Coul. recip.
   -1.82366e+04    2.97011e+04   -9.33045e+02   -4.44682e+05    1.86234e+03
      Potential    Kinetic En.   Total Energy  Conserved En.    Temperature
   -4.00103e+05    9.94132e+04   -3.00690e+05   -2.44125e+05    2.98599e+02
 Pres. DC (bar) Pressure (bar)   Constr. rmsd
   -1.79502e+01   -8.66122e+01    4.65205e-06

           Step           Time
          16000       32.00000

   Energies (kJ/mol)
           Bond            U-B    Proper Dih.  Improper Dih.          LJ-14
    3.90010e+03    1.77117e+04    7.63000e+03    6.19666e+02    2.32777e+03
     Coulomb-14        LJ (SR)  Disper. corr.   Coulomb (SR)   Coul. recip.
   -1.85668e+04    2.98335e+04   -9.33045e+02   -4.47058e+05    1.92183e+03
      Potential    Kinetic En.   Total Energy  Conserved En.    Temperature
   -4.02613e+05    1.00074e+05   -3.02540e+05   -2.44095e+05    3.00583e+02
 Pres. DC (bar) Pressure (bar)   Constr. rmsd
   -1.79502e+01   -1.87087e+02    4.65205e-06

           Step           Time
          17000       34.00000

   Energies (kJ/mol)
           Bond            U-B    Proper Dih.  Improper Dih.          LJ-14
    3.89427e+03    1.75998e+04    7.58936e+03    6.79832e+02    2.26356e+03
     Coulomb-14        LJ (SR)  Disper. corr.   Coulomb (SR)   Coul. recip.
   -1.86224e+04    2.97514e+04   -9.33045e+02   -4.45820e+05    1.87022e+03
      Potential    Kinetic En.   Total Energy  Conserved En.    Temperature
   -4.01727e+05    9.85110e+04   -3.03216e+05   -2.44093e+05    2.95889e+02
 Pres. DC (bar) Pressure (bar)   Constr. rmsd
   -1.79502e+01   -1.32664e+02    4.65205e-06

           Step           Time
          18000       36.00000

   Energies (kJ/mol)
           Bond            U-B    Proper Dih.  Improper Dih.          LJ-14
    3.92313e+03    1.83468e+04    7.27246e+03    5.76435e+02    2.48421e+03
     Coulomb-14        LJ (SR)  Disper. corr.   Coulomb (SR)   Coul. recip.
   -1.84057e+04    2.92586e+04   -9.33045e+02   -4.44570e+05    1.86798e+03
      Potential    Kinetic En.   Total Energy  Conserved En.    Temperature
   -4.00179e+05    9.85418e+04   -3.01637e+05   -2.44030e+05    2.95982e+02
 Pres. DC (bar) Pressure (bar)   Constr. rmsd
   -1.79502e+01   -1.20930e+02    4.65205e-06

Writing checkpoint, step 18600 at Wed Jun 18 12:07:16 2025


           Step           Time
          19000       38.00000

   Energies (kJ/mol)
           Bond            U-B    Proper Dih.  Improper Dih.          LJ-14
    3.98170e+03    1.80487e+04    7.41705e+03    6.30184e+02    2.38332e+03
     Coulomb-14        LJ (SR)  Disper. corr.   Coulomb (SR)   Coul. recip.
   -1.85723e+04    2.89598e+04   -9.33045e+02   -4.45406e+05    1.91138e+03
      Potential    Kinetic En.   Total Energy  Conserved En.    Temperature
   -4.01579e+05    9.83917e+04   -3.03187e+05   -2.44024e+05    2.95531e+02
 Pres. DC (bar) Pressure (bar)   Constr. rmsd
   -1.79502e+01   -1.56937e+02    4.65205e-06

           Step           Time
          20000       40.00000

   Energies (kJ/mol)
           Bond            U-B    Proper Dih.  Improper Dih.          LJ-14
    3.96216e+03    1.83241e+04    7.49250e+03    6.43536e+02    2.22623e+03
     Coulomb-14        LJ (SR)  Disper. corr.   Coulomb (SR)   Coul. recip.
   -1.86352e+04    2.97776e+04   -9.33045e+02   -4.47042e+05    1.93505e+03
      Potential    Kinetic En.   Total Energy  Conserved En.    Temperature
   -4.02250e+05    9.90388e+04   -3.03211e+05   -2.43978e+05    2.97475e+02
 Pres. DC (bar) Pressure (bar)   Constr. rmsd
   -1.79502e+01   -1.66871e+02    4.65205e-06

           Step           Time
          21000       42.00000

   Energies (kJ/mol)
           Bond            U-B    Proper Dih.  Improper Dih.          LJ-14
    4.04288e+03    1.80459e+04    7.41260e+03    6.09587e+02    2.35678e+03
     Coulomb-14        LJ (SR)  Disper. corr.   Coulomb (SR)   Coul. recip.
   -1.92573e+04    2.97193e+04   -9.33045e+02   -4.46983e+05    1.82631e+03
      Potential    Kinetic En.   Total Energy  Conserved En.    Temperature
   -4.03160e+05    9.90548e+04   -3.04105e+05   -2.43956e+05    2.97523e+02
 Pres. DC (bar) Pressure (bar)   Constr. rmsd
   -1.79502e+01   -1.32049e+02    4.65205e-06

           Step           Time
          22000       44.00000

   Energies (kJ/mol)
           Bond            U-B    Proper Dih.  Improper Dih.          LJ-14
    3.97667e+03    1.81711e+04    7.59692e+03    5.57186e+02    2.37736e+03
     Coulomb-14        LJ (SR)  Disper. corr.   Coulomb (SR)   Coul. recip.
   -1.90004e+04    2.77206e+04   -9.33045e+02   -4.46797e+05    1.88325e+03
      Potential    Kinetic En.   Total Energy  Conserved En.    Temperature
   -4.04448e+05    9.86310e+04   -3.05817e+05   -2.43915e+05    2.96250e+02
 Pres. DC (bar) Pressure (bar)   Constr. rmsd
   -1.79502e+01   -1.84993e+02    4.65205e-06

           Step           Time
          23000       46.00000

   Energies (kJ/mol)
           Bond            U-B    Proper Dih.  Improper Dih.          LJ-14
    3.92636e+03    1.80046e+04    7.27850e+03    5.95457e+02    2.35355e+03
     Coulomb-14        LJ (SR)  Disper. corr.   Coulomb (SR)   Coul. recip.
   -1.91364e+04    2.97043e+04   -9.33045e+02   -4.49114e+05    1.89045e+03
      Potential    Kinetic En.   Total Energy  Conserved En.    Temperature
   -4.05431e+05    9.87565e+04   -3.06674e+05   -2.43916e+05    2.96627e+02
 Pres. DC (bar) Pressure (bar)   Constr. rmsd
   -1.79502e+01   -7.76630e+01    4.65205e-06

           Step           Time
          24000       48.00000

   Energies (kJ/mol)
           Bond            U-B    Proper Dih.  Improper Dih.          LJ-14
    4.15714e+03    1.83301e+04    7.38033e+03    6.44288e+02    2.33584e+03
     Coulomb-14        LJ (SR)  Disper. corr.   Coulomb (SR)   Coul. recip.
   -1.92365e+04    2.83029e+04   -9.33045e+02   -4.46646e+05    1.86422e+03
      Potential    Kinetic En.   Total Energy  Conserved En.    Temperature
   -4.03801e+05    9.85211e+04   -3.05280e+05   -2.43878e+05    2.95920e+02
 Pres. DC (bar) Pressure (bar)   Constr. rmsd
   -1.79502e+01   -2.40763e+02    4.65205e-06

           Step           Time
          25000       50.00000

Writing checkpoint, step 25000 at Wed Jun 18 12:07:33 2025


   Energies (kJ/mol)
           Bond            U-B    Proper Dih.  Improper Dih.          LJ-14
    4.05041e+03    1.85835e+04    7.42593e+03    5.71975e+02    2.36558e+03
     Coulomb-14        LJ (SR)  Disper. corr.   Coulomb (SR)   Coul. recip.
   -1.92890e+04    2.98584e+04   -9.33045e+02   -4.49151e+05    1.83158e+03
      Potential    Kinetic En.   Total Energy  Conserved En.    Temperature
   -4.04686e+05    9.89487e+04   -3.05737e+05   -2.43808e+05    2.97204e+02
 Pres. DC (bar) Pressure (bar)   Constr. rmsd
   -1.79502e+01   -5.23749e+01    4.65205e-06


Energy conservation over simulation part #1 of length 50 ns, time 0 to 50 ns
  Conserved energy drift: 1.39e-03 kJ/mol/ps per atom


	<======  ###############  ==>
	<====  A V E R A G E S  ====>
	<==  ###############  ======>

	Statistics over 25001 steps using 251 frames

   Energies (kJ/mol)
           Bond            U-B    Proper Dih.  Improper Dih.          LJ-14
    3.61708e+03    1.65999e+04    7.64550e+03    5.90616e+02    2.32352e+03
     Coulomb-14        LJ (SR)  Disper. corr.   Coulomb (SR)   Coul. recip.
   -1.79716e+04    2.89311e+04   -9.33045e+02   -4.32527e+05    2.13617e+03
      Potential    Kinetic En.   Total Energy  Conserved En.    Temperature
   -3.89587e+05    9.94238e+04   -2.90163e+05   -2.44281e+05    2.98631e+02
 Pres. DC (bar) Pressure (bar)   Constr. rmsd
   -1.79502e+01   -2.18572e+02    0.00000e+00

   Total Virial (kJ/mol)
    3.86037e+04   -2.85932e+02    5.38714e+01
   -2.85926e+02    3.89503e+04   -2.30534e+02
    5.38623e+01   -2.30532e+02    3.89287e+04

   Pressure (bar)
   -2.10123e+02    1.17523e+01   -2.08280e+00
    1.17521e+01   -2.24378e+02    8.37908e+00
   -2.08245e+00    8.37901e+00   -2.21215e+02


       P P   -   P M E   L O A D   B A L A N C I N G

 PP/PME load balancing changed the cut-off and PME settings:
           particle-particle                    PME
            rcoulomb  rlist            grid      spacing   1/beta
   initial  1.400 nm  1.401 nm      52  52 200   0.120 nm  0.448 nm
   final    1.458 nm  1.459 nm      48  48 192   0.125 nm  0.467 nm
 cost-ratio           1.13             0.82
 (note that these numbers concern only part of the total PP and PME load)


	M E G A - F L O P S   A C C O U N T I N G

 NB=Group-cutoff nonbonded kernels    NxN=N-by-N cluster Verlet kernels
 RF=Reaction-Field  VdW=Van der Waals  QSTab=quadratic-spline table
 W3=SPC/TIP3p  W4=TIP4p (single or pairs)
 V&F=Potential and force  V=Potential only  F=Force only

 Computing:                               M-Number         M-Flops  % Flops
-----------------------------------------------------------------------------
 Pair Search distance check            1200.760064       10806.841     0.0
 NxN Ewald Elec. + LJ [F]           1048475.425536    69199378.085    98.1
 NxN Ewald Elec. + LJ [V&F]           10637.758336     1138240.142     1.6
 1,4 nonbonded interactions             395.540821       35598.674     0.1
 Shift-X                                  9.525450          57.153     0.0
 Bonds                                   88.553542        5224.659     0.0
 Propers                                375.740029       86044.467     0.1
 Impropers                               12.975519        2698.908     0.0
 Virial                                   9.536745         171.661     0.0
 Stop-CM                                  9.563400          95.634     0.0
 Calc-Ekin                              189.825900        5125.299     0.0
 Lincs                                    0.011400           0.684     0.0
 Lincs-Mat                                0.100656           0.403     0.0
 Constraint-V                             0.039462           0.355     0.0
 Settle                                   0.018708           6.922     0.0
 Urey-Bradley                           391.690667       71679.392     0.1
-----------------------------------------------------------------------------
 Total                                                70555129.279   100.0
-----------------------------------------------------------------------------


     R E A L   C Y C L E   A N D   T I M E   A C C O U N T I N G

On 1 MPI rank, each using 10 OpenMP threads

 Computing:          Num   Num      Call    Wall time         Giga-Cycles
                     Ranks Threads  Count      (s)         total sum    %
-----------------------------------------------------------------------------
 Neighbor search        1   10        251       1.514         39.354   2.0
 Launch GPU ops.        1   10      49751       2.062         53.601   2.7
 Force                  1   10      25001      46.752       1215.564  60.4
 Wait PME GPU gather    1   10      25001       0.001          0.036   0.0
 Reduce GPU PME F       1   10      25001       0.145          3.761   0.2
 Wait GPU NB local      1   10      24750       0.018          0.455   0.0
 Wait GPU state copy    1   10      31254       5.051        131.336   6.5
 NB X/F buffer ops.     1   10        251       0.171          4.452   0.2
 Write traj.            1   10         27       1.344         34.955   1.7
 Constraints            1   10          2       0.025          0.637   0.0
 Rest                                          20.376        529.783  26.3
-----------------------------------------------------------------------------
 Total                                         77.459       2013.934 100.0
-----------------------------------------------------------------------------

               Core t (s)   Wall t (s)        (%)
       Time:      774.576       77.459     1000.0
                 (ns/day)    (hour/ns)
Performance:       55.774        0.430
Finished mdrun on rank 0 Wed Jun 18 12:07:33 2025

