                      :-) GROMACS - gmx mdrun, 2021.5 (-:

                            GROMACS is written by:
     Andrey Alekseenko              Emile Apol              Rossen Apostolov     
         Paul Bauer           Herman J.C. Berendsen           Par Bjelkmar       
       Christian Blau           Viacheslav Bolnykh             Kevin Boyd        
     Aldert van Buuren           Rudi van Drunen             Anton Feenstra      
    Gilles Gouaillardet             Alan Gray               Gerrit Groenhof      
       Anca Hamuraru            Vincent Hindriksen          M. Eric Irrgang      
      Aleksei Iupinov           Christoph Junghans             Joe Jordan        
    Dimitrios Karkoulis            Peter Kasson                Jiri Kraus        
      Carsten Kutzner              Per Larsson              Justin A. Lemkul     
       Viveca Lindahl            Magnus Lundborg             Erik Marklund       
        Pascal Merz             Pieter Meulenhoff            Teemu Murtola       
        Szilard Pall               Sander Pronk              Roland Schulz       
       Michael Shirts            Alexey Shvetsov             Alfons Sijbers      
       Peter Tieleman              Jon Vincent              Teemu Virolainen     
     Christian Wennberg            Maarten Wolf              Artem Zhmurov       
                           and the project leaders:
        Mark Abraham, Berk Hess, Erik Lindahl, and David van der Spoel

Copyright (c) 1991-2000, University of Groningen, The Netherlands.
Copyright (c) 2001-2019, The GROMACS development team at
Uppsala University, Stockholm University and
the Royal Institute of Technology, Sweden.
check out http://www.gromacs.org for more information.

GROMACS is free software; you can redistribute it and/or modify it
under the terms of the GNU Lesser General Public License
as published by the Free Software Foundation; either version 2.1
of the License, or (at your option) any later version.

GROMACS:      gmx mdrun, version 2021.5
Executable:   /usr/local/gromacs_2021.5/bin/gmx
Data prefix:  /usr/local/gromacs_2021.5
Working dir:  /srv/home/apbal/work/REU/mixtures/monomers/20pHBA/1mix
Process ID:   421715
Command line:
  gmx mdrun -v -deffnm npt_pr -ntomp 10 -nb gpu -bonded cpu -update gpu -ntmpi 1 -cpt 1

GROMACS version:    2021.5
Precision:          mixed
Memory model:       64 bit
MPI library:        thread_mpi
OpenMP support:     enabled (GMX_OPENMP_MAX_THREADS = 256)
GPU support:        CUDA
SIMD instructions:  AVX2_256
FFT library:        fftw-3.3.8-sse2-avx-avx2-avx2_128
RDTSCP usage:       enabled
TNG support:        enabled
Hwloc support:      disabled
Tracing support:    disabled
C compiler:         /usr/bin/cc GNU 9.4.0
C compiler flags:   -mavx2 -mfma -Wno-missing-field-initializers -fexcess-precision=fast -funroll-all-loops -pthread -O3 -DNDEBUG
C++ compiler:       /usr/bin/c++ GNU 9.4.0
C++ compiler flags: -mavx2 -mfma -Wno-missing-field-initializers -fexcess-precision=fast -funroll-all-loops -pthread -fopenmp -O3 -DNDEBUG
CUDA compiler:      /usr/local/cuda-12.2/bin/nvcc nvcc: NVIDIA (R) Cuda compiler driver;Copyright (c) 2005-2023 NVIDIA Corporation;Built on Tue_Aug_15_22:02:13_PDT_2023;Cuda compilation tools, release 12.2, V12.2.140;Build cuda_12.2.r12.2/compiler.33191640_0
CUDA compiler flags:-std=c++17;-gencode;arch=compute_60,code=sm_60;-gencode;arch=compute_61,code=sm_61;-gencode;arch=compute_62,code=sm_62;-gencode;arch=compute_70,code=sm_70;-gencode;arch=compute_75,code=sm_75;-gencode;arch=compute_80,code=sm_80;-gencode;arch=compute_86,code=sm_86;-gencode;arch=compute_89,code=sm_89;-gencode;arch=compute_60,code=compute_60;-gencode;arch=compute_61,code=compute_61;-gencode;arch=compute_62,code=compute_62;-gencode;arch=compute_70,code=compute_70;-gencode;arch=compute_75,code=compute_75;-gencode;arch=compute_80,code=compute_80;-gencode;arch=compute_86,code=compute_86;-gencode;arch=compute_89,code=compute_89;-use_fast_math;-D_FORCE_INLINES;-mavx2 -mfma -Wno-missing-field-initializers -fexcess-precision=fast -funroll-all-loops -pthread -fopenmp -O3 -DNDEBUG
CUDA driver:        12.90
CUDA runtime:       12.20


Running on 1 node with total 128 cores, 128 logical cores, 1 compatible GPU
Hardware detected:
  CPU info:
    Vendor: AMD
    Brand:  AMD EPYC 7513 32-Core Processor                
    Family: 25   Model: 1   Stepping: 1
    Features: aes amd apic avx avx2 clfsh cmov cx8 cx16 f16c fma htt lahf misalignsse mmx msr nonstop_tsc pcid pclmuldq pdpe1gb popcnt pse rdrnd rdtscp sha sse2 sse3 sse4a sse4.1 sse4.2 ssse3
  Hardware topology: Only logical processor count
  GPU info:
    Number of GPUs detected: 1
    #0: NVIDIA NVIDIA RTX A4500, compute cap.: 8.6, ECC:  no, stat: compatible


++++ PLEASE READ AND CITE THE FOLLOWING REFERENCE ++++
M. J. Abraham, T. Murtola, R. Schulz, S. Páll, J. C. Smith, B. Hess, E.
Lindahl
GROMACS: High performance molecular simulations through multi-level
parallelism from laptops to supercomputers
SoftwareX 1 (2015) pp. 19-25
-------- -------- --- Thank You --- -------- --------


++++ PLEASE READ AND CITE THE FOLLOWING REFERENCE ++++
S. Páll, M. J. Abraham, C. Kutzner, B. Hess, E. Lindahl
Tackling Exascale Software Challenges in Molecular Dynamics Simulations with
GROMACS
In S. Markidis & E. Laure (Eds.), Solving Software Challenges for Exascale 8759 (2015) pp. 3-27
-------- -------- --- Thank You --- -------- --------


++++ PLEASE READ AND CITE THE FOLLOWING REFERENCE ++++
S. Pronk, S. Páll, R. Schulz, P. Larsson, P. Bjelkmar, R. Apostolov, M. R.
Shirts, J. C. Smith, P. M. Kasson, D. van der Spoel, B. Hess, and E. Lindahl
GROMACS 4.5: a high-throughput and highly parallel open source molecular
simulation toolkit
Bioinformatics 29 (2013) pp. 845-54
-------- -------- --- Thank You --- -------- --------


++++ PLEASE READ AND CITE THE FOLLOWING REFERENCE ++++
B. Hess and C. Kutzner and D. van der Spoel and E. Lindahl
GROMACS 4: Algorithms for highly efficient, load-balanced, and scalable
molecular simulation
J. Chem. Theory Comput. 4 (2008) pp. 435-447
-------- -------- --- Thank You --- -------- --------


++++ PLEASE READ AND CITE THE FOLLOWING REFERENCE ++++
D. van der Spoel, E. Lindahl, B. Hess, G. Groenhof, A. E. Mark and H. J. C.
Berendsen
GROMACS: Fast, Flexible and Free
J. Comp. Chem. 26 (2005) pp. 1701-1719
-------- -------- --- Thank You --- -------- --------


++++ PLEASE READ AND CITE THE FOLLOWING REFERENCE ++++
E. Lindahl and B. Hess and D. van der Spoel
GROMACS 3.0: A package for molecular simulation and trajectory analysis
J. Mol. Mod. 7 (2001) pp. 306-317
-------- -------- --- Thank You --- -------- --------


++++ PLEASE READ AND CITE THE FOLLOWING REFERENCE ++++
H. J. C. Berendsen, D. van der Spoel and R. van Drunen
GROMACS: A message-passing parallel molecular dynamics implementation
Comp. Phys. Comm. 91 (1995) pp. 43-56
-------- -------- --- Thank You --- -------- --------


++++ PLEASE CITE THE DOI FOR THIS VERSION OF GROMACS ++++
https://doi.org/10.5281/zenodo.5850051
-------- -------- --- Thank You --- -------- --------

Input Parameters:
   integrator                     = md
   tinit                          = 0
   dt                             = 0.002
   nsteps                         = 500000
   init-step                      = 0
   simulation-part                = 1
   mts                            = false
   comm-mode                      = Linear
   nstcomm                        = 100
   bd-fric                        = 0
   ld-seed                        = 2147196879
   emtol                          = 10
   emstep                         = 0.01
   niter                          = 20
   fcstep                         = 0
   nstcgsteep                     = 1000
   nbfgscorr                      = 10
   rtpi                           = 0.05
   nstxout                        = 50000
   nstvout                        = 50000
   nstfout                        = 0
   nstlog                         = 50000
   nstcalcenergy                  = 100
   nstenergy                      = 50000
   nstxout-compressed             = 50000
   compressed-x-precision         = 1000
   cutoff-scheme                  = Verlet
   nstlist                        = 10
   pbc                            = xyz
   periodic-molecules             = false
   verlet-buffer-tolerance        = 0.005
   rlist                          = 1.4
   coulombtype                    = PME
   coulomb-modifier               = Potential-shift
   rcoulomb-switch                = 0
   rcoulomb                       = 1.4
   epsilon-r                      = 1
   epsilon-rf                     = inf
   vdw-type                       = Cut-off
   vdw-modifier                   = Potential-shift
   rvdw-switch                    = 0
   rvdw                           = 1.4
   DispCorr                       = EnerPres
   table-extension                = 1
   fourierspacing                 = 0.12
   fourier-nx                     = 40
   fourier-ny                     = 40
   fourier-nz                     = 160
   pme-order                      = 4
   ewald-rtol                     = 1e-05
   ewald-rtol-lj                  = 0.001
   lj-pme-comb-rule               = Geometric
   ewald-geometry                 = 0
   epsilon-surface                = 0
   tcoupl                         = V-rescale
   nsttcouple                     = 10
   nh-chain-length                = 0
   print-nose-hoover-chain-variables = false
   pcoupl                         = Parrinello-Rahman
   pcoupltype                     = Isotropic
   nstpcouple                     = 10
   tau-p                          = 2
   compressibility (3x3):
      compressibility[    0]={ 4.50000e-05,  0.00000e+00,  0.00000e+00}
      compressibility[    1]={ 0.00000e+00,  4.50000e-05,  0.00000e+00}
      compressibility[    2]={ 0.00000e+00,  0.00000e+00,  4.50000e-05}
   ref-p (3x3):
      ref-p[    0]={ 1.00000e+00,  0.00000e+00,  0.00000e+00}
      ref-p[    1]={ 0.00000e+00,  1.00000e+00,  0.00000e+00}
      ref-p[    2]={ 0.00000e+00,  0.00000e+00,  1.00000e+00}
   refcoord-scaling               = No
   posres-com (3):
      posres-com[0]= 0.00000e+00
      posres-com[1]= 0.00000e+00
      posres-com[2]= 0.00000e+00
   posres-comB (3):
      posres-comB[0]= 0.00000e+00
      posres-comB[1]= 0.00000e+00
      posres-comB[2]= 0.00000e+00
   QMMM                           = false
qm-opts:
   ngQM                           = 0
   constraint-algorithm           = Lincs
   continuation                   = false
   Shake-SOR                      = false
   shake-tol                      = 0.0001
   lincs-order                    = 4
   lincs-iter                     = 1
   lincs-warnangle                = 30
   nwall                          = 0
   wall-type                      = 9-3
   wall-r-linpot                  = -1
   wall-atomtype[0]               = -1
   wall-atomtype[1]               = -1
   wall-density[0]                = 0
   wall-density[1]                = 0
   wall-ewald-zfac                = 3
   pull                           = false
   awh                            = false
   rotation                       = false
   interactiveMD                  = false
   disre                          = No
   disre-weighting                = Conservative
   disre-mixed                    = false
   dr-fc                          = 1000
   dr-tau                         = 0
   nstdisreout                    = 100
   orire-fc                       = 0
   orire-tau                      = 0
   nstorireout                    = 100
   free-energy                    = no
   cos-acceleration               = 0
   deform (3x3):
      deform[    0]={ 0.00000e+00,  0.00000e+00,  0.00000e+00}
      deform[    1]={ 0.00000e+00,  0.00000e+00,  0.00000e+00}
      deform[    2]={ 0.00000e+00,  0.00000e+00,  0.00000e+00}
   simulated-tempering            = false
   swapcoords                     = no
   userint1                       = 0
   userint2                       = 0
   userint3                       = 0
   userint4                       = 0
   userreal1                      = 0
   userreal2                      = 0
   userreal3                      = 0
   userreal4                      = 0
   applied-forces:
     electric-field:
       x:
         E0                       = 0
         omega                    = 0
         t0                       = 0
         sigma                    = 0
       y:
         E0                       = 0
         omega                    = 0
         t0                       = 0
         sigma                    = 0
       z:
         E0                       = 0
         omega                    = 0
         t0                       = 0
         sigma                    = 0
     density-guided-simulation:
       active                     = false
       group                      = protein
       similarity-measure         = inner-product
       atom-spreading-weight      = unity
       force-constant             = 1e+09
       gaussian-transform-spreading-width = 0.2
       gaussian-transform-spreading-range-in-multiples-of-width = 4
       reference-density-filename = reference.mrc
       nst                        = 1
       normalize-densities        = true
       adaptive-force-scaling     = false
       adaptive-force-scaling-time-constant = 4
       shift-vector               = 
       transformation-matrix      = 
grpopts:
   nrdf:       78880
   ref-t:         298
   tau-t:         0.1
annealing:          No
annealing-npoints:           0
   acc:	           0           0           0
   nfreeze:           N           N           N
   energygrp-flags[  0]: 0

Changing nstlist from 10 to 100, rlist from 1.4 to 1.514

1 GPU selected for this run.
Mapping of GPU IDs to the 2 GPU tasks in the 1 rank on this node:
  PP:0,PME:0
PP tasks will do (non-perturbed) short-ranged interactions on the GPU
PP task will update and constrain coordinates on the GPU
PME tasks will do all aspects on the GPU
Using 1 MPI thread

Non-default thread affinity set, disabling internal thread affinity

Using 10 OpenMP threads 

System total charge: 0.000
Will do PME sum in reciprocal space for electrostatic interactions.

++++ PLEASE READ AND CITE THE FOLLOWING REFERENCE ++++
U. Essmann, L. Perera, M. L. Berkowitz, T. Darden, H. Lee and L. G. Pedersen 
A smooth particle mesh Ewald method
J. Chem. Phys. 103 (1995) pp. 8577-8592
-------- -------- --- Thank You --- -------- --------

Using a Gaussian width (1/beta) of 0.448228 nm for Ewald
Potential shift: LJ r^-12: -1.764e-02 r^-6: -1.328e-01, Ewald -7.143e-06
Initialized non-bonded Ewald tables, spacing: 1.10e-03 size: 1270

Generated table with 1257 data points for 1-4 COUL.
Tabscale = 500 points/nm
Generated table with 1257 data points for 1-4 LJ6.
Tabscale = 500 points/nm
Generated table with 1257 data points for 1-4 LJ12.
Tabscale = 500 points/nm
Long Range LJ corr.: <C6> 3.6355e-04


Using GPU 8x8 nonbonded short-range kernels

Using a dual 8x8 pair-list setup updated with dynamic, rolling pruning:
  outer list: updated every 100 steps, buffer 0.114 nm, rlist 1.514 nm
  inner list: updated every  16 steps, buffer 0.004 nm, rlist 1.404 nm
At tolerance 0.005 kJ/mol/ps per atom, equivalent classical 1x1 list would be:
  outer list: updated every 100 steps, buffer 0.273 nm, rlist 1.673 nm
  inner list: updated every  16 steps, buffer 0.069 nm, rlist 1.469 nm

Using Lorentz-Berthelot Lennard-Jones combination rule
Removing pbc first time

Initializing LINear Constraint Solver

++++ PLEASE READ AND CITE THE FOLLOWING REFERENCE ++++
B. Hess and H. Bekker and H. J. C. Berendsen and J. G. E. M. Fraaije
LINCS: A Linear Constraint Solver for molecular simulations
J. Comp. Chem. 18 (1997) pp. 1463-1472
-------- -------- --- Thank You --- -------- --------

The number of constraints is 5078

++++ PLEASE READ AND CITE THE FOLLOWING REFERENCE ++++
S. Miyamoto and P. A. Kollman
SETTLE: An Analytical Version of the SHAKE and RATTLE Algorithms for Rigid
Water Models
J. Comp. Chem. 13 (1992) pp. 952-962
-------- -------- --- Thank You --- -------- --------


++++ PLEASE READ AND CITE THE FOLLOWING REFERENCE ++++
G. Bussi, D. Donadio and M. Parrinello
Canonical sampling through velocity rescaling
J. Chem. Phys. 126 (2007) pp. 014101
-------- -------- --- Thank You --- -------- --------

There are: 37462 Atoms

Updating coordinates and applying constraints on the GPU.

Constraining the starting coordinates (step 0)

Constraining the coordinates at t0-dt (step 0)
Center of mass motion removal mode is Linear
We have the following groups for center of mass motion removal:
  0:  rest
RMS relative constraint deviation after constraining: 3.99e-06
Initial temperature: 298.951 K

Started mdrun on rank 0 Thu Jul  3 11:30:25 2025

           Step           Time
              0        0.00000

   Energies (kJ/mol)
           Bond            U-B    Proper Dih.  Improper Dih.          LJ-14
    4.04131e+03    1.66158e+04    6.30926e+03    7.64171e+02    2.27179e+03
     Coulomb-14        LJ (SR)  Disper. corr.   Coulomb (SR)   Coul. recip.
   -2.01088e+04    2.54463e+04   -2.07021e+03   -4.67474e+05    1.28105e+03
      Potential    Kinetic En.   Total Energy  Conserved En.    Temperature
   -4.32923e+05    1.00650e+05   -3.32273e+05   -3.32250e+05    3.06933e+02
 Pres. DC (bar) Pressure (bar)   Constr. rmsd
   -9.14543e+01   -4.41499e+01    3.99362e-06

step 9000: timed with pme grid 40 40 160, coulomb cutoff 1.400: 145.1 M-cycles
step 9200: timed with pme grid 32 32 128, coulomb cutoff 1.658: 188.4 M-cycles
step 9400: timed with pme grid 36 36 144, coulomb cutoff 1.474: 162.6 M-cycles
step 9600: timed with pme grid 40 40 160, coulomb cutoff 1.400: 144.5 M-cycles
              optimal pme grid 40 40 160, coulomb cutoff 1.400
           Step           Time
          50000      100.00000

   Energies (kJ/mol)
           Bond            U-B    Proper Dih.  Improper Dih.          LJ-14
    3.69349e+03    1.69628e+04    6.30391e+03    6.87647e+02    2.17165e+03
     Coulomb-14        LJ (SR)  Disper. corr.   Coulomb (SR)   Coul. recip.
   -2.00465e+04    2.64788e+04   -2.06691e+03   -4.69296e+05    1.33216e+03
      Potential    Kinetic En.   Total Energy  Conserved En.    Temperature
   -4.33779e+05    9.82695e+04   -3.35510e+05   -3.31036e+05    2.99673e+02
 Pres. DC (bar) Pressure (bar)   Constr. rmsd
   -9.11628e+01    2.26950e+01    3.99362e-06

           Step           Time
         100000      200.00000

   Energies (kJ/mol)
           Bond            U-B    Proper Dih.  Improper Dih.          LJ-14
    3.84748e+03    1.67223e+04    6.40872e+03    7.54739e+02    2.21459e+03
     Coulomb-14        LJ (SR)  Disper. corr.   Coulomb (SR)   Coul. recip.
   -2.01583e+04    2.53163e+04   -2.07355e+03   -4.67723e+05    1.24918e+03
      Potential    Kinetic En.   Total Energy  Conserved En.    Temperature
   -4.33441e+05    9.79425e+04   -3.35499e+05   -3.29855e+05    2.98676e+02
 Pres. DC (bar) Pressure (bar)   Constr. rmsd
   -9.17494e+01    8.24998e+01    3.99362e-06

Writing checkpoint, step 100700 at Thu Jul  3 11:31:25 2025


           Step           Time
         150000      300.00000

   Energies (kJ/mol)
           Bond            U-B    Proper Dih.  Improper Dih.          LJ-14
    3.69979e+03    1.72174e+04    6.27648e+03    7.30408e+02    2.21113e+03
     Coulomb-14        LJ (SR)  Disper. corr.   Coulomb (SR)   Coul. recip.
   -2.05523e+04    2.49438e+04   -2.07317e+03   -4.66773e+05    1.34582e+03
      Potential    Kinetic En.   Total Energy  Conserved En.    Temperature
   -4.32973e+05    9.76612e+04   -3.35312e+05   -3.28649e+05    2.97818e+02
 Pres. DC (bar) Pressure (bar)   Constr. rmsd
   -9.17160e+01   -2.26712e+01    3.99362e-06

           Step           Time
         200000      400.00000

   Energies (kJ/mol)
           Bond            U-B    Proper Dih.  Improper Dih.          LJ-14
    3.79294e+03    1.70449e+04    6.41196e+03    6.73319e+02    2.22097e+03
     Coulomb-14        LJ (SR)  Disper. corr.   Coulomb (SR)   Coul. recip.
   -2.03773e+04    2.50663e+04   -2.07842e+03   -4.67464e+05    1.32574e+03
      Potential    Kinetic En.   Total Energy  Conserved En.    Temperature
   -4.33384e+05    9.82937e+04   -3.35090e+05   -3.27485e+05    2.99747e+02
 Pres. DC (bar) Pressure (bar)   Constr. rmsd
   -9.21806e+01   -3.36732e+01    3.99362e-06

Writing checkpoint, step 205700 at Thu Jul  3 11:32:25 2025


           Step           Time
         250000      500.00000

   Energies (kJ/mol)
           Bond            U-B    Proper Dih.  Improper Dih.          LJ-14
    3.82768e+03    1.71864e+04    6.39612e+03    6.22952e+02    2.19554e+03
     Coulomb-14        LJ (SR)  Disper. corr.   Coulomb (SR)   Coul. recip.
   -2.04296e+04    2.45768e+04   -2.08507e+03   -4.67312e+05    1.27456e+03
      Potential    Kinetic En.   Total Energy  Conserved En.    Temperature
   -4.33747e+05    9.80565e+04   -3.35690e+05   -3.26249e+05    2.99024e+02
 Pres. DC (bar) Pressure (bar)   Constr. rmsd
   -9.27711e+01   -1.47126e+02    3.99362e-06

           Step           Time
         300000      600.00000

   Energies (kJ/mol)
           Bond            U-B    Proper Dih.  Improper Dih.          LJ-14
    3.77676e+03    1.73741e+04    6.38895e+03    6.73729e+02    2.18331e+03
     Coulomb-14        LJ (SR)  Disper. corr.   Coulomb (SR)   Coul. recip.
   -2.09663e+04    2.51362e+04   -2.07514e+03   -4.66108e+05    1.35579e+03
      Potential    Kinetic En.   Total Energy  Conserved En.    Temperature
   -4.32260e+05    9.79234e+04   -3.34337e+05   -3.25069e+05    2.98617e+02
 Pres. DC (bar) Pressure (bar)   Constr. rmsd
   -9.18898e+01   -2.06722e+01    3.99362e-06

Writing checkpoint, step 310800 at Thu Jul  3 11:33:25 2025


           Step           Time
         350000      700.00000

   Energies (kJ/mol)
           Bond            U-B    Proper Dih.  Improper Dih.          LJ-14
    3.81021e+03    1.71050e+04    6.43323e+03    6.84787e+02    2.17060e+03
     Coulomb-14        LJ (SR)  Disper. corr.   Coulomb (SR)   Coul. recip.
   -2.08353e+04    2.60058e+04   -2.08440e+03   -4.68562e+05    1.24976e+03
      Potential    Kinetic En.   Total Energy  Conserved En.    Temperature
   -4.34022e+05    9.74460e+04   -3.36576e+05   -3.23869e+05    2.97162e+02
 Pres. DC (bar) Pressure (bar)   Constr. rmsd
   -9.27122e+01    4.95963e+01    3.99362e-06

           Step           Time
         400000      800.00000

   Energies (kJ/mol)
           Bond            U-B    Proper Dih.  Improper Dih.          LJ-14
    3.74179e+03    1.67211e+04    6.37029e+03    6.43241e+02    2.17581e+03
     Coulomb-14        LJ (SR)  Disper. corr.   Coulomb (SR)   Coul. recip.
   -2.03192e+04    2.61292e+04   -2.07850e+03   -4.69226e+05    1.28672e+03
      Potential    Kinetic En.   Total Energy  Conserved En.    Temperature
   -4.34556e+05    9.79206e+04   -3.36635e+05   -3.22661e+05    2.98609e+02
 Pres. DC (bar) Pressure (bar)   Constr. rmsd
   -9.21879e+01    4.64736e+02    3.99362e-06

Writing checkpoint, step 416900 at Thu Jul  3 11:34:25 2025


           Step           Time
         450000      900.00000

   Energies (kJ/mol)
           Bond            U-B    Proper Dih.  Improper Dih.          LJ-14
    3.81680e+03    1.72316e+04    6.53219e+03    8.21784e+02    2.19575e+03
     Coulomb-14        LJ (SR)  Disper. corr.   Coulomb (SR)   Coul. recip.
   -2.05542e+04    2.68929e+04   -2.07850e+03   -4.69368e+05    1.29693e+03
      Potential    Kinetic En.   Total Energy  Conserved En.    Temperature
   -4.33213e+05    9.74181e+04   -3.35795e+05   -3.21451e+05    2.97077e+02
 Pres. DC (bar) Pressure (bar)   Constr. rmsd
   -9.21876e+01    3.11985e+02    3.99362e-06

           Step           Time
         500000     1000.00000

Writing checkpoint, step 500000 at Thu Jul  3 11:35:12 2025


   Energies (kJ/mol)
           Bond            U-B    Proper Dih.  Improper Dih.          LJ-14
    3.80993e+03    1.71066e+04    6.47860e+03    6.72427e+02    2.15573e+03
     Coulomb-14        LJ (SR)  Disper. corr.   Coulomb (SR)   Coul. recip.
   -2.01615e+04    2.48316e+04   -2.06977e+03   -4.67595e+05    1.32571e+03
      Potential    Kinetic En.   Total Energy  Conserved En.    Temperature
   -4.33446e+05    9.80849e+04   -3.35361e+05   -3.20324e+05    2.99110e+02
 Pres. DC (bar) Pressure (bar)   Constr. rmsd
   -9.14154e+01   -1.75900e+02    3.99362e-06


Energy conservation over simulation part #1 of length 1000 ns, time 0 to 1000 ns
  Conserved energy drift: 3.18e-04 kJ/mol/ps per atom


	<======  ###############  ==>
	<====  A V E R A G E S  ====>
	<==  ###############  ======>

	Statistics over 500001 steps using 5001 frames

   Energies (kJ/mol)
           Bond            U-B    Proper Dih.  Improper Dih.          LJ-14
    3.81534e+03    1.71759e+04    6.37467e+03    6.79309e+02    2.18924e+03
     Coulomb-14        LJ (SR)  Disper. corr.   Coulomb (SR)   Coul. recip.
   -2.04592e+04    2.55289e+04   -2.07216e+03   -4.67627e+05    1.30876e+03
      Potential    Kinetic En.   Total Energy  Conserved En.    Temperature
   -4.33086e+05    9.77293e+04   -3.35356e+05   -3.26245e+05    2.98026e+02
 Pres. DC (bar) Pressure (bar)   Constr. rmsd
   -9.16274e+01    3.16858e+00    0.00000e+00

          Box-X          Box-Y          Box-Z
    4.54563e+00    4.54563e+00    1.81825e+01

   Total Virial (kJ/mol)
    3.25589e+04   -7.35522e+00   -1.45598e+01
   -7.35595e+00    3.25443e+04   -2.39764e+01
   -1.45604e+01   -2.39725e+01    3.25246e+04

   Pressure (bar)
    1.96002e+00    4.24059e-01    1.69521e+00
    4.24124e-01    3.30169e+00    1.94917e+00
    1.69526e+00    1.94883e+00    4.24402e+00


	M E G A - F L O P S   A C C O U N T I N G

 NB=Group-cutoff nonbonded kernels    NxN=N-by-N cluster Verlet kernels
 RF=Reaction-Field  VdW=Van der Waals  QSTab=quadratic-spline table
 W3=SPC/TIP3p  W4=TIP4p (single or pairs)
 V&F=Potential and force  V=Potential only  F=Force only

 Computing:                               M-Number         M-Flops  % Flops
-----------------------------------------------------------------------------
 Pair Search distance check           26639.639392      239756.755     0.0
 NxN Ewald Elec. + LJ [F]          31564889.744256  2083282723.121    98.2
 NxN Ewald Elec. + LJ [V&F]          318900.880832    34122394.249     1.6
 1,4 nonbonded interactions            7485.014970      673651.347     0.0
 Shift-X                                187.347462        1124.085     0.0
 Bonds                                 1716.503433      101273.703     0.0
 Propers                               6785.013570     1553768.108     0.1
 Impropers                              286.500573       59592.119     0.0
 Virial                                1875.387507       33756.975     0.0
 Stop-CM                                187.384924        1873.849     0.0
 Calc-Ekin                             3746.274924      101149.423     0.0
 Lincs                                    0.010156           0.609     0.0
 Lincs-Mat                                0.090312           0.361     0.0
 Constraint-V                             0.038581           0.347     0.0
 Settle                                   0.018950           7.011     0.0
 Urey-Bradley                          7268.514537     1330138.160     0.1
-----------------------------------------------------------------------------
 Total                                              2121501210.223   100.0
-----------------------------------------------------------------------------


     R E A L   C Y C L E   A N D   T I M E   A C C O U N T I N G

On 1 MPI rank, each using 10 OpenMP threads

 Computing:          Num   Num      Call    Wall time         Giga-Cycles
                     Ranks Threads  Count      (s)         total sum    %
-----------------------------------------------------------------------------
 Neighbor search        1   10       5001      24.048        625.261   8.4
 Launch GPU ops.        1   10     995001      57.495       1494.885  20.0
 Force                  1   10     500001      76.434       1987.295  26.6
 Wait PME GPU gather    1   10     500001       0.109          2.832   0.0
 Reduce GPU PME F       1   10     500001       0.806         20.952   0.3
 Wait GPU NB local      1   10     450000       0.281          7.317   0.1
 Wait GPU state copy    1   10     625004     104.780       2724.278  36.4
 NB X/F buffer ops.     1   10      50001       4.528        117.739   1.6
 Write traj.            1   10         15       3.456         89.848   1.2
 Constraints            1   10          2       0.002          0.049   0.0
 Rest                                          15.738        409.192   5.5
-----------------------------------------------------------------------------
 Total                                        287.678       7479.648 100.0
-----------------------------------------------------------------------------

               Core t (s)   Wall t (s)        (%)
       Time:     2876.774      287.678     1000.0
                 (ns/day)    (hour/ns)
Performance:      300.336        0.080
Finished mdrun on rank 0 Thu Jul  3 11:35:12 2025

