                      :-) GROMACS - gmx mdrun, 2021.5 (-:

                            GROMACS is written by:
     Andrey Alekseenko              Emile Apol              Rossen Apostolov     
         Paul Bauer           Herman J.C. Berendsen           Par Bjelkmar       
       Christian Blau           Viacheslav Bolnykh             Kevin Boyd        
     Aldert van Buuren           Rudi van Drunen             Anton Feenstra      
    Gilles Gouaillardet             Alan Gray               Gerrit Groenhof      
       Anca Hamuraru            Vincent Hindriksen          M. Eric Irrgang      
      Aleksei Iupinov           Christoph Junghans             Joe Jordan        
    Dimitrios Karkoulis            Peter Kasson                Jiri Kraus        
      Carsten Kutzner              Per Larsson              Justin A. Lemkul     
       Viveca Lindahl            Magnus Lundborg             Erik Marklund       
        Pascal Merz             Pieter Meulenhoff            Teemu Murtola       
        Szilard Pall               Sander Pronk              Roland Schulz       
       Michael Shirts            Alexey Shvetsov             Alfons Sijbers      
       Peter Tieleman              Jon Vincent              Teemu Virolainen     
     Christian Wennberg            Maarten Wolf              Artem Zhmurov       
                           and the project leaders:
        Mark Abraham, Berk Hess, Erik Lindahl, and David van der Spoel

Copyright (c) 1991-2000, University of Groningen, The Netherlands.
Copyright (c) 2001-2019, The GROMACS development team at
Uppsala University, Stockholm University and
the Royal Institute of Technology, Sweden.
check out http://www.gromacs.org for more information.

GROMACS is free software; you can redistribute it and/or modify it
under the terms of the GNU Lesser General Public License
as published by the Free Software Foundation; either version 2.1
of the License, or (at your option) any later version.

GROMACS:      gmx mdrun, version 2021.5
Executable:   /usr/local/gromacs_2021.5/bin/gmx
Data prefix:  /usr/local/gromacs_2021.5
Working dir:  /srv/home/apbal/work/REU/mixtures/monomers/pHBA/halo
Process ID:   312847
Command line:
  gmx mdrun -v -deffnm npt_pr -ntomp 10 -nb gpu -bonded cpu -update gpu -ntmpi 1 -cpt 1

GROMACS version:    2021.5
Precision:          mixed
Memory model:       64 bit
MPI library:        thread_mpi
OpenMP support:     enabled (GMX_OPENMP_MAX_THREADS = 256)
GPU support:        CUDA
SIMD instructions:  AVX2_256
FFT library:        fftw-3.3.8-sse2-avx-avx2-avx2_128
RDTSCP usage:       enabled
TNG support:        enabled
Hwloc support:      disabled
Tracing support:    disabled
C compiler:         /usr/bin/cc GNU 9.4.0
C compiler flags:   -mavx2 -mfma -Wno-missing-field-initializers -fexcess-precision=fast -funroll-all-loops -pthread -O3 -DNDEBUG
C++ compiler:       /usr/bin/c++ GNU 9.4.0
C++ compiler flags: -mavx2 -mfma -Wno-missing-field-initializers -fexcess-precision=fast -funroll-all-loops -pthread -fopenmp -O3 -DNDEBUG
CUDA compiler:      /usr/local/cuda-12.2/bin/nvcc nvcc: NVIDIA (R) Cuda compiler driver;Copyright (c) 2005-2023 NVIDIA Corporation;Built on Tue_Aug_15_22:02:13_PDT_2023;Cuda compilation tools, release 12.2, V12.2.140;Build cuda_12.2.r12.2/compiler.33191640_0
CUDA compiler flags:-std=c++17;-gencode;arch=compute_60,code=sm_60;-gencode;arch=compute_61,code=sm_61;-gencode;arch=compute_62,code=sm_62;-gencode;arch=compute_70,code=sm_70;-gencode;arch=compute_75,code=sm_75;-gencode;arch=compute_80,code=sm_80;-gencode;arch=compute_86,code=sm_86;-gencode;arch=compute_89,code=sm_89;-gencode;arch=compute_60,code=compute_60;-gencode;arch=compute_61,code=compute_61;-gencode;arch=compute_62,code=compute_62;-gencode;arch=compute_70,code=compute_70;-gencode;arch=compute_75,code=compute_75;-gencode;arch=compute_80,code=compute_80;-gencode;arch=compute_86,code=compute_86;-gencode;arch=compute_89,code=compute_89;-use_fast_math;-D_FORCE_INLINES;-mavx2 -mfma -Wno-missing-field-initializers -fexcess-precision=fast -funroll-all-loops -pthread -fopenmp -O3 -DNDEBUG
CUDA driver:        12.90
CUDA runtime:       12.20


Running on 1 node with total 128 cores, 128 logical cores, 1 compatible GPU
Hardware detected:
  CPU info:
    Vendor: AMD
    Brand:  AMD EPYC 7513 32-Core Processor                
    Family: 25   Model: 1   Stepping: 1
    Features: aes amd apic avx avx2 clfsh cmov cx8 cx16 f16c fma htt lahf misalignsse mmx msr nonstop_tsc pcid pclmuldq pdpe1gb popcnt pse rdrnd rdtscp sha sse2 sse3 sse4a sse4.1 sse4.2 ssse3
  Hardware topology: Only logical processor count
  GPU info:
    Number of GPUs detected: 1
    #0: NVIDIA NVIDIA RTX A4500, compute cap.: 8.6, ECC:  no, stat: compatible


++++ PLEASE READ AND CITE THE FOLLOWING REFERENCE ++++
M. J. Abraham, T. Murtola, R. Schulz, S. Páll, J. C. Smith, B. Hess, E.
Lindahl
GROMACS: High performance molecular simulations through multi-level
parallelism from laptops to supercomputers
SoftwareX 1 (2015) pp. 19-25
-------- -------- --- Thank You --- -------- --------


++++ PLEASE READ AND CITE THE FOLLOWING REFERENCE ++++
S. Páll, M. J. Abraham, C. Kutzner, B. Hess, E. Lindahl
Tackling Exascale Software Challenges in Molecular Dynamics Simulations with
GROMACS
In S. Markidis & E. Laure (Eds.), Solving Software Challenges for Exascale 8759 (2015) pp. 3-27
-------- -------- --- Thank You --- -------- --------


++++ PLEASE READ AND CITE THE FOLLOWING REFERENCE ++++
S. Pronk, S. Páll, R. Schulz, P. Larsson, P. Bjelkmar, R. Apostolov, M. R.
Shirts, J. C. Smith, P. M. Kasson, D. van der Spoel, B. Hess, and E. Lindahl
GROMACS 4.5: a high-throughput and highly parallel open source molecular
simulation toolkit
Bioinformatics 29 (2013) pp. 845-54
-------- -------- --- Thank You --- -------- --------


++++ PLEASE READ AND CITE THE FOLLOWING REFERENCE ++++
B. Hess and C. Kutzner and D. van der Spoel and E. Lindahl
GROMACS 4: Algorithms for highly efficient, load-balanced, and scalable
molecular simulation
J. Chem. Theory Comput. 4 (2008) pp. 435-447
-------- -------- --- Thank You --- -------- --------


++++ PLEASE READ AND CITE THE FOLLOWING REFERENCE ++++
D. van der Spoel, E. Lindahl, B. Hess, G. Groenhof, A. E. Mark and H. J. C.
Berendsen
GROMACS: Fast, Flexible and Free
J. Comp. Chem. 26 (2005) pp. 1701-1719
-------- -------- --- Thank You --- -------- --------


++++ PLEASE READ AND CITE THE FOLLOWING REFERENCE ++++
E. Lindahl and B. Hess and D. van der Spoel
GROMACS 3.0: A package for molecular simulation and trajectory analysis
J. Mol. Mod. 7 (2001) pp. 306-317
-------- -------- --- Thank You --- -------- --------


++++ PLEASE READ AND CITE THE FOLLOWING REFERENCE ++++
H. J. C. Berendsen, D. van der Spoel and R. van Drunen
GROMACS: A message-passing parallel molecular dynamics implementation
Comp. Phys. Comm. 91 (1995) pp. 43-56
-------- -------- --- Thank You --- -------- --------


++++ PLEASE CITE THE DOI FOR THIS VERSION OF GROMACS ++++
https://doi.org/10.5281/zenodo.5850051
-------- -------- --- Thank You --- -------- --------

Input Parameters:
   integrator                     = md
   tinit                          = 0
   dt                             = 0.002
   nsteps                         = 500000
   init-step                      = 0
   simulation-part                = 1
   mts                            = false
   comm-mode                      = Linear
   nstcomm                        = 100
   bd-fric                        = 0
   ld-seed                        = -683311303
   emtol                          = 10
   emstep                         = 0.01
   niter                          = 20
   fcstep                         = 0
   nstcgsteep                     = 1000
   nbfgscorr                      = 10
   rtpi                           = 0.05
   nstxout                        = 50000
   nstvout                        = 50000
   nstfout                        = 0
   nstlog                         = 50000
   nstcalcenergy                  = 100
   nstenergy                      = 50000
   nstxout-compressed             = 50000
   compressed-x-precision         = 1000
   cutoff-scheme                  = Verlet
   nstlist                        = 10
   pbc                            = xyz
   periodic-molecules             = false
   verlet-buffer-tolerance        = 0.005
   rlist                          = 1.4
   coulombtype                    = PME
   coulomb-modifier               = Potential-shift
   rcoulomb-switch                = 0
   rcoulomb                       = 1.4
   epsilon-r                      = 1
   epsilon-rf                     = inf
   vdw-type                       = Cut-off
   vdw-modifier                   = Potential-shift
   rvdw-switch                    = 0
   rvdw                           = 1.4
   DispCorr                       = EnerPres
   table-extension                = 1
   fourierspacing                 = 0.12
   fourier-nx                     = 42
   fourier-ny                     = 42
   fourier-nz                     = 168
   pme-order                      = 4
   ewald-rtol                     = 1e-05
   ewald-rtol-lj                  = 0.001
   lj-pme-comb-rule               = Geometric
   ewald-geometry                 = 0
   epsilon-surface                = 0
   tcoupl                         = V-rescale
   nsttcouple                     = 10
   nh-chain-length                = 0
   print-nose-hoover-chain-variables = false
   pcoupl                         = Parrinello-Rahman
   pcoupltype                     = Isotropic
   nstpcouple                     = 10
   tau-p                          = 2
   compressibility (3x3):
      compressibility[    0]={ 4.50000e-05,  0.00000e+00,  0.00000e+00}
      compressibility[    1]={ 0.00000e+00,  4.50000e-05,  0.00000e+00}
      compressibility[    2]={ 0.00000e+00,  0.00000e+00,  4.50000e-05}
   ref-p (3x3):
      ref-p[    0]={ 1.00000e+00,  0.00000e+00,  0.00000e+00}
      ref-p[    1]={ 0.00000e+00,  1.00000e+00,  0.00000e+00}
      ref-p[    2]={ 0.00000e+00,  0.00000e+00,  1.00000e+00}
   refcoord-scaling               = No
   posres-com (3):
      posres-com[0]= 0.00000e+00
      posres-com[1]= 0.00000e+00
      posres-com[2]= 0.00000e+00
   posres-comB (3):
      posres-comB[0]= 0.00000e+00
      posres-comB[1]= 0.00000e+00
      posres-comB[2]= 0.00000e+00
   QMMM                           = false
qm-opts:
   ngQM                           = 0
   constraint-algorithm           = Lincs
   continuation                   = false
   Shake-SOR                      = false
   shake-tol                      = 0.0001
   lincs-order                    = 4
   lincs-iter                     = 1
   lincs-warnangle                = 30
   nwall                          = 0
   wall-type                      = 9-3
   wall-r-linpot                  = -1
   wall-atomtype[0]               = -1
   wall-atomtype[1]               = -1
   wall-density[0]                = 0
   wall-density[1]                = 0
   wall-ewald-zfac                = 3
   pull                           = false
   awh                            = false
   rotation                       = false
   interactiveMD                  = false
   disre                          = No
   disre-weighting                = Conservative
   disre-mixed                    = false
   dr-fc                          = 1000
   dr-tau                         = 0
   nstdisreout                    = 100
   orire-fc                       = 0
   orire-tau                      = 0
   nstorireout                    = 100
   free-energy                    = no
   cos-acceleration               = 0
   deform (3x3):
      deform[    0]={ 0.00000e+00,  0.00000e+00,  0.00000e+00}
      deform[    1]={ 0.00000e+00,  0.00000e+00,  0.00000e+00}
      deform[    2]={ 0.00000e+00,  0.00000e+00,  0.00000e+00}
   simulated-tempering            = false
   swapcoords                     = no
   userint1                       = 0
   userint2                       = 0
   userint3                       = 0
   userint4                       = 0
   userreal1                      = 0
   userreal2                      = 0
   userreal3                      = 0
   userreal4                      = 0
   applied-forces:
     electric-field:
       x:
         E0                       = 0
         omega                    = 0
         t0                       = 0
         sigma                    = 0
       y:
         E0                       = 0
         omega                    = 0
         t0                       = 0
         sigma                    = 0
       z:
         E0                       = 0
         omega                    = 0
         t0                       = 0
         sigma                    = 0
     density-guided-simulation:
       active                     = false
       group                      = protein
       similarity-measure         = inner-product
       atom-spreading-weight      = unity
       force-constant             = 1e+09
       gaussian-transform-spreading-width = 0.2
       gaussian-transform-spreading-range-in-multiples-of-width = 4
       reference-density-filename = reference.mrc
       nst                        = 1
       normalize-densities        = true
       adaptive-force-scaling     = false
       adaptive-force-scaling-time-constant = 4
       shift-vector               = 
       transformation-matrix      = 
grpopts:
   nrdf:      104501
   ref-t:         298
   tau-t:         0.1
annealing:          No
annealing-npoints:           0
   acc:	           0           0           0
   nfreeze:           N           N           N
   energygrp-flags[  0]: 0

Changing nstlist from 10 to 100, rlist from 1.4 to 1.432

1 GPU selected for this run.
Mapping of GPU IDs to the 2 GPU tasks in the 1 rank on this node:
  PP:0,PME:0
PP tasks will do (non-perturbed) short-ranged interactions on the GPU
PP task will update and constrain coordinates on the GPU
PME tasks will do all aspects on the GPU
Using 1 MPI thread

Non-default thread affinity set, disabling internal thread affinity

Using 10 OpenMP threads 

System total charge: 0.000
Will do PME sum in reciprocal space for electrostatic interactions.

++++ PLEASE READ AND CITE THE FOLLOWING REFERENCE ++++
U. Essmann, L. Perera, M. L. Berkowitz, T. Darden, H. Lee and L. G. Pedersen 
A smooth particle mesh Ewald method
J. Chem. Phys. 103 (1995) pp. 8577-8592
-------- -------- --- Thank You --- -------- --------

Using a Gaussian width (1/beta) of 0.448228 nm for Ewald
Potential shift: LJ r^-12: -1.764e-02 r^-6: -1.328e-01, Ewald -7.143e-06
Initialized non-bonded Ewald tables, spacing: 1.10e-03 size: 1270

Generated table with 1216 data points for 1-4 COUL.
Tabscale = 500 points/nm
Generated table with 1216 data points for 1-4 LJ6.
Tabscale = 500 points/nm
Generated table with 1216 data points for 1-4 LJ12.
Tabscale = 500 points/nm
Long Range LJ corr.: <C6> 4.4548e-04


Using GPU 8x8 nonbonded short-range kernels

Using a dual 8x8 pair-list setup updated with dynamic, rolling pruning:
  outer list: updated every 100 steps, buffer 0.032 nm, rlist 1.432 nm
  inner list: updated every  54 steps, buffer 0.001 nm, rlist 1.401 nm
At tolerance 0.005 kJ/mol/ps per atom, equivalent classical 1x1 list would be:
  outer list: updated every 100 steps, buffer 0.207 nm, rlist 1.607 nm
  inner list: updated every  54 steps, buffer 0.152 nm, rlist 1.552 nm

Using Lorentz-Berthelot Lennard-Jones combination rule
Removing pbc first time

Initializing LINear Constraint Solver

++++ PLEASE READ AND CITE THE FOLLOWING REFERENCE ++++
B. Hess and H. Bekker and H. J. C. Berendsen and J. G. E. M. Fraaije
LINCS: A Linear Constraint Solver for molecular simulations
J. Comp. Chem. 18 (1997) pp. 1463-1472
-------- -------- --- Thank You --- -------- --------

The number of constraints is 10243

++++ PLEASE READ AND CITE THE FOLLOWING REFERENCE ++++
S. Miyamoto and P. A. Kollman
SETTLE: An Analytical Version of the SHAKE and RATTLE Algorithms for Rigid
Water Models
J. Comp. Chem. 13 (1992) pp. 952-962
-------- -------- --- Thank You --- -------- --------


++++ PLEASE READ AND CITE THE FOLLOWING REFERENCE ++++
G. Bussi, D. Donadio and M. Parrinello
Canonical sampling through velocity rescaling
J. Chem. Phys. 126 (2007) pp. 014101
-------- -------- --- Thank You --- -------- --------

There are: 43050 Atoms

Updating coordinates and applying constraints on the GPU.

Constraining the starting coordinates (step 0)

Constraining the coordinates at t0-dt (step 0)
Center of mass motion removal mode is Linear
We have the following groups for center of mass motion removal:
  0:  rest
RMS relative constraint deviation after constraining: 4.30e-06
Initial temperature: 300.755 K

Started mdrun on rank 0 Wed Jul  2 15:16:02 2025

           Step           Time
              0        0.00000

   Energies (kJ/mol)
           Bond          Angle            U-B    Proper Dih.  Improper Dih.
    1.69397e+04    1.71289e+04    2.25058e+04    2.48097e+02    1.17875e+01
          LJ-14     Coulomb-14        LJ (SR)  Disper. corr.   Coulomb (SR)
   -1.50067e+03   -1.35048e+05   -6.76652e+04   -2.71726e+03   -2.64193e+05
   Coul. recip.      Potential    Kinetic En.   Total Energy  Conserved En.
    1.82696e+03   -4.12463e+05    1.35869e+05   -2.76594e+05   -2.76566e+05
    Temperature Pres. DC (bar) Pressure (bar)   Constr. rmsd
    3.12750e+02   -9.73725e+01   -1.67319e+02    4.30340e-06

step 8700: timed with pme grid 42 42 168, coulomb cutoff 1.400: 149.8 M-cycles
step 8900: timed with pme grid 36 36 144, coulomb cutoff 1.580: 185.5 M-cycles
step 9100: timed with pme grid 40 40 160, coulomb cutoff 1.422: 156.5 M-cycles
step 9300: timed with pme grid 42 42 168, coulomb cutoff 1.400: 148.8 M-cycles
              optimal pme grid 42 42 168, coulomb cutoff 1.400
           Step           Time
          50000      100.00000

   Energies (kJ/mol)
           Bond          Angle            U-B    Proper Dih.  Improper Dih.
    1.67890e+04    1.68570e+04    2.24124e+04    2.16449e+02    8.84701e+00
          LJ-14     Coulomb-14        LJ (SR)  Disper. corr.   Coulomb (SR)
   -1.49312e+03   -1.35096e+05   -6.71815e+04   -2.73119e+03   -2.64957e+05
   Coul. recip.      Potential    Kinetic En.   Total Energy  Conserved En.
    1.83682e+03   -4.13338e+05    1.28788e+05   -2.84550e+05   -2.72980e+05
    Temperature Pres. DC (bar) Pressure (bar)   Constr. rmsd
    2.96450e+02   -9.83729e+01    4.27771e+02    4.30340e-06

Writing checkpoint, step 96100 at Wed Jul  2 15:17:02 2025


           Step           Time
         100000      200.00000

   Energies (kJ/mol)
           Bond          Angle            U-B    Proper Dih.  Improper Dih.
    1.66761e+04    1.69638e+04    2.25763e+04    2.60817e+02    7.51445e+00
          LJ-14     Coulomb-14        LJ (SR)  Disper. corr.   Coulomb (SR)
   -1.50311e+03   -1.35014e+05   -6.78029e+04   -2.72309e+03   -2.64934e+05
   Coul. recip.      Potential    Kinetic En.   Total Energy  Conserved En.
    1.84675e+03   -4.13646e+05    1.28947e+05   -2.84699e+05   -2.71299e+05
    Temperature Pres. DC (bar) Pressure (bar)   Constr. rmsd
    2.96816e+02   -9.77909e+01   -2.82708e+02    4.30340e-06

           Step           Time
         150000      300.00000

   Energies (kJ/mol)
           Bond          Angle            U-B    Proper Dih.  Improper Dih.
    1.65844e+04    1.71940e+04    2.24845e+04    2.77196e+02    7.70449e+00
          LJ-14     Coulomb-14        LJ (SR)  Disper. corr.   Coulomb (SR)
   -1.48375e+03   -1.35034e+05   -6.66615e+04   -2.72033e+03   -2.65329e+05
   Coul. recip.      Potential    Kinetic En.   Total Energy  Conserved En.
    1.78421e+03   -4.12897e+05    1.29862e+05   -2.83034e+05   -2.69511e+05
    Temperature Pres. DC (bar) Pressure (bar)   Constr. rmsd
    2.98923e+02   -9.75928e+01    1.75458e+02    4.30340e-06

Writing checkpoint, step 198900 at Wed Jul  2 15:18:02 2025


           Step           Time
         200000      400.00000

   Energies (kJ/mol)
           Bond          Angle            U-B    Proper Dih.  Improper Dih.
    1.68767e+04    1.69716e+04    2.20879e+04    2.45423e+02    1.20978e+01
          LJ-14     Coulomb-14        LJ (SR)  Disper. corr.   Coulomb (SR)
   -1.48650e+03   -1.35047e+05   -6.65924e+04   -2.72141e+03   -2.65304e+05
   Coul. recip.      Potential    Kinetic En.   Total Energy  Conserved En.
    1.82949e+03   -4.13128e+05    1.29896e+05   -2.83233e+05   -2.66152e+05
    Temperature Pres. DC (bar) Pressure (bar)   Constr. rmsd
    2.98999e+02   -9.76700e+01   -9.04534e+00    4.30340e-06

           Step           Time
         250000      500.00000

   Energies (kJ/mol)
           Bond          Angle            U-B    Proper Dih.  Improper Dih.
    1.68919e+04    1.68399e+04    2.19855e+04    2.51225e+02    1.02020e+01
          LJ-14     Coulomb-14        LJ (SR)  Disper. corr.   Coulomb (SR)
   -1.51551e+03   -1.35084e+05   -6.80940e+04   -2.75976e+03   -2.67493e+05
   Coul. recip.      Potential    Kinetic En.   Total Energy  Conserved En.
    1.80422e+03   -4.17163e+05    1.29045e+05   -2.88118e+05   -2.63168e+05
    Temperature Pres. DC (bar) Pressure (bar)   Constr. rmsd
    2.97040e+02   -1.00441e+02    2.31709e+02    4.30340e-06

           Step           Time
         300000      600.00000

   Energies (kJ/mol)
           Bond          Angle            U-B    Proper Dih.  Improper Dih.
    1.68638e+04    1.65478e+04    2.16729e+04    2.48142e+02    8.49396e+00
          LJ-14     Coulomb-14        LJ (SR)  Disper. corr.   Coulomb (SR)
   -1.50237e+03   -1.35072e+05   -6.73122e+04   -2.71056e+03   -2.65346e+05
   Coul. recip.      Potential    Kinetic En.   Total Energy  Conserved En.
    1.78254e+03   -4.14820e+05    1.28806e+05   -2.86013e+05   -2.61255e+05
    Temperature Pres. DC (bar) Pressure (bar)   Constr. rmsd
    2.96491e+02   -9.68931e+01    4.05212e+01    4.30340e-06

Writing checkpoint, step 301500 at Wed Jul  2 15:19:02 2025


           Step           Time
         350000      700.00000

   Energies (kJ/mol)
           Bond          Angle            U-B    Proper Dih.  Improper Dih.
    1.66581e+04    1.68179e+04    2.28835e+04    2.49248e+02    1.35471e+01
          LJ-14     Coulomb-14        LJ (SR)  Disper. corr.   Coulomb (SR)
   -1.47855e+03   -1.35113e+05   -6.53373e+04   -2.71030e+03   -2.67058e+05
   Coul. recip.      Potential    Kinetic En.   Total Energy  Conserved En.
    1.85332e+03   -4.13221e+05    1.29745e+05   -2.83476e+05   -2.59024e+05
    Temperature Pres. DC (bar) Pressure (bar)   Constr. rmsd
    2.98653e+02   -9.68745e+01    1.03567e+02    4.30340e-06

           Step           Time
         400000      800.00000

   Energies (kJ/mol)
           Bond          Angle            U-B    Proper Dih.  Improper Dih.
    1.68817e+04    1.74463e+04    2.26581e+04    2.34777e+02    1.91535e+01
          LJ-14     Coulomb-14        LJ (SR)  Disper. corr.   Coulomb (SR)
   -1.50008e+03   -1.35038e+05   -6.52916e+04   -2.72272e+03   -2.68616e+05
   Coul. recip.      Potential    Kinetic En.   Total Energy  Conserved En.
    1.78183e+03   -4.14147e+05    1.29229e+05   -2.84918e+05   -2.56478e+05
    Temperature Pres. DC (bar) Pressure (bar)   Constr. rmsd
    2.97464e+02   -9.77645e+01    1.15950e+02    4.30340e-06

Writing checkpoint, step 404300 at Wed Jul  2 15:20:02 2025


           Step           Time
         450000      900.00000

   Energies (kJ/mol)
           Bond          Angle            U-B    Proper Dih.  Improper Dih.
    1.68003e+04    1.71652e+04    2.26974e+04    2.40076e+02    9.96410e+00
          LJ-14     Coulomb-14        LJ (SR)  Disper. corr.   Coulomb (SR)
   -1.47965e+03   -1.35070e+05   -6.70360e+04   -2.73398e+03   -2.67309e+05
   Coul. recip.      Potential    Kinetic En.   Total Energy  Conserved En.
    1.78253e+03   -4.14933e+05    1.30150e+05   -2.84783e+05   -2.55099e+05
    Temperature Pres. DC (bar) Pressure (bar)   Constr. rmsd
    2.99584e+02   -9.85742e+01   -1.24348e+02    4.30340e-06

           Step           Time
         500000     1000.00000

Writing checkpoint, step 500000 at Wed Jul  2 15:21:00 2025


   Energies (kJ/mol)
           Bond          Angle            U-B    Proper Dih.  Improper Dih.
    1.67876e+04    1.68024e+04    2.23213e+04    2.54601e+02    9.54413e+00
          LJ-14     Coulomb-14        LJ (SR)  Disper. corr.   Coulomb (SR)
   -1.47972e+03   -1.35036e+05   -6.61529e+04   -2.70116e+03   -2.65683e+05
   Coul. recip.      Potential    Kinetic En.   Total Energy  Conserved En.
    1.80037e+03   -4.13077e+05    1.29975e+05   -2.83103e+05   -2.52281e+05
    Temperature Pres. DC (bar) Pressure (bar)   Constr. rmsd
    2.99181e+02   -9.62228e+01   -2.90092e+02    4.30340e-06


Energy conservation over simulation part #1 of length 1000 ns, time 0 to 1000 ns
  Conserved energy drift: 5.64e-04 kJ/mol/ps per atom


	<======  ###############  ==>
	<====  A V E R A G E S  ====>
	<==  ###############  ======>

	Statistics over 500001 steps using 5001 frames

   Energies (kJ/mol)
           Bond          Angle            U-B    Proper Dih.  Improper Dih.
    1.67916e+04    1.69839e+04    2.24485e+04    2.44210e+02    1.01416e+01
          LJ-14     Coulomb-14        LJ (SR)  Disper. corr.   Coulomb (SR)
   -1.49983e+03   -1.35072e+05   -6.68644e+04   -2.72454e+03   -2.65928e+05
   Coul. recip.      Potential    Kinetic En.   Total Energy  Conserved En.
    1.81948e+03   -4.13791e+05    1.29470e+05   -2.84321e+05   -2.63971e+05
    Temperature Pres. DC (bar) Pressure (bar)   Constr. rmsd
    2.98018e+02   -9.78992e+01   -1.63908e+00    0.00000e+00

          Box-X          Box-Y          Box-Z
    4.87130e+00    4.87130e+00    1.94852e+01

   Total Virial (kJ/mol)
    4.31398e+04   -8.19447e-02    1.79029e+00
   -8.11469e-02    4.32775e+04   -7.80692e+01
    1.79076e+00   -7.80683e+01    4.31541e+04

   Pressure (bar)
    2.48106e+00   -2.07545e-02    3.51137e-01
   -2.08128e-02   -8.49151e+00    5.73491e+00
    3.51102e-01    5.73485e+00    1.09320e+00


	M E G A - F L O P S   A C C O U N T I N G

 NB=Group-cutoff nonbonded kernels    NxN=N-by-N cluster Verlet kernels
 RF=Reaction-Field  VdW=Van der Waals  QSTab=quadratic-spline table
 W3=SPC/TIP3p  W4=TIP4p (single or pairs)
 V&F=Potential and force  V=Potential only  F=Force only

 Computing:                               M-Number         M-Flops  % Flops
-----------------------------------------------------------------------------
 Pair Search distance check           33821.668848      304395.020     0.0
 NxN Ewald Elec. + LJ [F]          30157839.442368  1990417403.196    98.2
 NxN Ewald Elec. + LJ [V&F]          304685.063296    32601301.773     1.6
 1,4 nonbonded interactions            3883.007766      349470.699     0.0
 Shift-X                                215.293050        1291.758     0.0
 Bonds                                 6602.513205      389548.279     0.0
 Angles                                8121.016242     1364330.729     0.1
 Propers                                175.000350       40075.080     0.0
 Impropers                                5.000010        1040.002     0.0
 Virial                                2154.793095       38786.276     0.0
 Stop-CM                                215.336100        2153.361     0.0
 Calc-Ekin                             4305.086100      116237.325     0.0
 Lincs                                    0.020486           1.229     0.0
 Lincs-Mat                                0.179424           0.718     0.0
 Constraint-V                             0.034889           0.314     0.0
 Settle                                   0.009602           3.553     0.0
 Urey-Bradley                          8837.017674     1617174.234     0.1
-----------------------------------------------------------------------------
 Total                                              2027243213.545   100.0
-----------------------------------------------------------------------------


     R E A L   C Y C L E   A N D   T I M E   A C C O U N T I N G

On 1 MPI rank, each using 10 OpenMP threads

 Computing:          Num   Num      Call    Wall time         Giga-Cycles
                     Ranks Threads  Count      (s)         total sum    %
-----------------------------------------------------------------------------
 Neighbor search        1   10       5001      22.159        576.133   7.4
 Launch GPU ops.        1   10     995001      57.506       1495.168  19.3
 Force                  1   10     500001      71.223       1851.799  23.9
 Wait PME GPU gather    1   10     500001       0.106          2.759   0.0
 Reduce GPU PME F       1   10     500001       0.858         22.313   0.3
 Wait GPU NB local      1   10     450000       0.213          5.543   0.1
 Wait GPU state copy    1   10     625004     121.572       3160.878  40.7
 NB X/F buffer ops.     1   10      50001       3.383         87.946   1.1
 Write traj.            1   10         15       5.403        140.471   1.8
 Constraints            1   10          2       0.002          0.044   0.0
 Rest                                          16.191        420.974   5.4
-----------------------------------------------------------------------------
 Total                                        298.615       7764.030 100.0
-----------------------------------------------------------------------------

               Core t (s)   Wall t (s)        (%)
       Time:     2986.143      298.615     1000.0
                 (ns/day)    (hour/ns)
Performance:      289.336        0.083
Finished mdrun on rank 0 Wed Jul  2 15:21:01 2025

