                      :-) GROMACS - gmx mdrun, 2021.5 (-:

                            GROMACS is written by:
     Andrey Alekseenko              Emile Apol              Rossen Apostolov     
         Paul Bauer           Herman J.C. Berendsen           Par Bjelkmar       
       Christian Blau           Viacheslav Bolnykh             Kevin Boyd        
     Aldert van Buuren           Rudi van Drunen             Anton Feenstra      
    Gilles Gouaillardet             Alan Gray               Gerrit Groenhof      
       Anca Hamuraru            Vincent Hindriksen          M. Eric Irrgang      
      Aleksei Iupinov           Christoph Junghans             Joe Jordan        
    Dimitrios Karkoulis            Peter Kasson                Jiri Kraus        
      Carsten Kutzner              Per Larsson              Justin A. Lemkul     
       Viveca Lindahl            Magnus Lundborg             Erik Marklund       
        Pascal Merz             Pieter Meulenhoff            Teemu Murtola       
        Szilard Pall               Sander Pronk              Roland Schulz       
       Michael Shirts            Alexey Shvetsov             Alfons Sijbers      
       Peter Tieleman              Jon Vincent              Teemu Virolainen     
     Christian Wennberg            Maarten Wolf              Artem Zhmurov       
                           and the project leaders:
        Mark Abraham, Berk Hess, Erik Lindahl, and David van der Spoel

Copyright (c) 1991-2000, University of Groningen, The Netherlands.
Copyright (c) 2001-2019, The GROMACS development team at
Uppsala University, Stockholm University and
the Royal Institute of Technology, Sweden.
check out http://www.gromacs.org for more information.

GROMACS is free software; you can redistribute it and/or modify it
under the terms of the GNU Lesser General Public License
as published by the Free Software Foundation; either version 2.1
of the License, or (at your option) any later version.

GROMACS:      gmx mdrun, version 2021.5
Executable:   /usr/local/gromacs_2021.5/bin/gmx
Data prefix:  /usr/local/gromacs_2021.5
Working dir:  /srv/home/apbal/work/REU/mixtures/pure_mix/small/1mix_4x8
Process ID:   908490
Command line:
  gmx mdrun -v -deffnm npt_pr -ntomp 10 -nb gpu -bonded cpu -update gpu -ntmpi 1 -cpt 1

GROMACS version:    2021.5
Precision:          mixed
Memory model:       64 bit
MPI library:        thread_mpi
OpenMP support:     enabled (GMX_OPENMP_MAX_THREADS = 256)
GPU support:        CUDA
SIMD instructions:  AVX2_256
FFT library:        fftw-3.3.8-sse2-avx-avx2-avx2_128
RDTSCP usage:       enabled
TNG support:        enabled
Hwloc support:      disabled
Tracing support:    disabled
C compiler:         /usr/bin/cc GNU 9.4.0
C compiler flags:   -mavx2 -mfma -Wno-missing-field-initializers -fexcess-precision=fast -funroll-all-loops -pthread -O3 -DNDEBUG
C++ compiler:       /usr/bin/c++ GNU 9.4.0
C++ compiler flags: -mavx2 -mfma -Wno-missing-field-initializers -fexcess-precision=fast -funroll-all-loops -pthread -fopenmp -O3 -DNDEBUG
CUDA compiler:      /usr/local/cuda-12.2/bin/nvcc nvcc: NVIDIA (R) Cuda compiler driver;Copyright (c) 2005-2023 NVIDIA Corporation;Built on Tue_Aug_15_22:02:13_PDT_2023;Cuda compilation tools, release 12.2, V12.2.140;Build cuda_12.2.r12.2/compiler.33191640_0
CUDA compiler flags:-std=c++17;-gencode;arch=compute_60,code=sm_60;-gencode;arch=compute_61,code=sm_61;-gencode;arch=compute_62,code=sm_62;-gencode;arch=compute_70,code=sm_70;-gencode;arch=compute_75,code=sm_75;-gencode;arch=compute_80,code=sm_80;-gencode;arch=compute_86,code=sm_86;-gencode;arch=compute_89,code=sm_89;-gencode;arch=compute_60,code=compute_60;-gencode;arch=compute_61,code=compute_61;-gencode;arch=compute_62,code=compute_62;-gencode;arch=compute_70,code=compute_70;-gencode;arch=compute_75,code=compute_75;-gencode;arch=compute_80,code=compute_80;-gencode;arch=compute_86,code=compute_86;-gencode;arch=compute_89,code=compute_89;-use_fast_math;-D_FORCE_INLINES;-mavx2 -mfma -Wno-missing-field-initializers -fexcess-precision=fast -funroll-all-loops -pthread -fopenmp -O3 -DNDEBUG
CUDA driver:        12.90
CUDA runtime:       12.20


Running on 1 node with total 128 cores, 128 logical cores, 1 compatible GPU
Hardware detected:
  CPU info:
    Vendor: AMD
    Brand:  AMD EPYC 7513 32-Core Processor                
    Family: 25   Model: 1   Stepping: 1
    Features: aes amd apic avx avx2 clfsh cmov cx8 cx16 f16c fma htt lahf misalignsse mmx msr nonstop_tsc pcid pclmuldq pdpe1gb popcnt pse rdrnd rdtscp sha sse2 sse3 sse4a sse4.1 sse4.2 ssse3
  Hardware topology: Only logical processor count
  GPU info:
    Number of GPUs detected: 1
    #0: NVIDIA NVIDIA RTX A4500, compute cap.: 8.6, ECC:  no, stat: compatible


++++ PLEASE READ AND CITE THE FOLLOWING REFERENCE ++++
M. J. Abraham, T. Murtola, R. Schulz, S. Páll, J. C. Smith, B. Hess, E.
Lindahl
GROMACS: High performance molecular simulations through multi-level
parallelism from laptops to supercomputers
SoftwareX 1 (2015) pp. 19-25
-------- -------- --- Thank You --- -------- --------


++++ PLEASE READ AND CITE THE FOLLOWING REFERENCE ++++
S. Páll, M. J. Abraham, C. Kutzner, B. Hess, E. Lindahl
Tackling Exascale Software Challenges in Molecular Dynamics Simulations with
GROMACS
In S. Markidis & E. Laure (Eds.), Solving Software Challenges for Exascale 8759 (2015) pp. 3-27
-------- -------- --- Thank You --- -------- --------


++++ PLEASE READ AND CITE THE FOLLOWING REFERENCE ++++
S. Pronk, S. Páll, R. Schulz, P. Larsson, P. Bjelkmar, R. Apostolov, M. R.
Shirts, J. C. Smith, P. M. Kasson, D. van der Spoel, B. Hess, and E. Lindahl
GROMACS 4.5: a high-throughput and highly parallel open source molecular
simulation toolkit
Bioinformatics 29 (2013) pp. 845-54
-------- -------- --- Thank You --- -------- --------


++++ PLEASE READ AND CITE THE FOLLOWING REFERENCE ++++
B. Hess and C. Kutzner and D. van der Spoel and E. Lindahl
GROMACS 4: Algorithms for highly efficient, load-balanced, and scalable
molecular simulation
J. Chem. Theory Comput. 4 (2008) pp. 435-447
-------- -------- --- Thank You --- -------- --------


++++ PLEASE READ AND CITE THE FOLLOWING REFERENCE ++++
D. van der Spoel, E. Lindahl, B. Hess, G. Groenhof, A. E. Mark and H. J. C.
Berendsen
GROMACS: Fast, Flexible and Free
J. Comp. Chem. 26 (2005) pp. 1701-1719
-------- -------- --- Thank You --- -------- --------


++++ PLEASE READ AND CITE THE FOLLOWING REFERENCE ++++
E. Lindahl and B. Hess and D. van der Spoel
GROMACS 3.0: A package for molecular simulation and trajectory analysis
J. Mol. Mod. 7 (2001) pp. 306-317
-------- -------- --- Thank You --- -------- --------


++++ PLEASE READ AND CITE THE FOLLOWING REFERENCE ++++
H. J. C. Berendsen, D. van der Spoel and R. van Drunen
GROMACS: A message-passing parallel molecular dynamics implementation
Comp. Phys. Comm. 91 (1995) pp. 43-56
-------- -------- --- Thank You --- -------- --------


++++ PLEASE CITE THE DOI FOR THIS VERSION OF GROMACS ++++
https://doi.org/10.5281/zenodo.5850051
-------- -------- --- Thank You --- -------- --------

Input Parameters:
   integrator                     = md
   tinit                          = 0
   dt                             = 0.002
   nsteps                         = 500000
   init-step                      = 0
   simulation-part                = 1
   mts                            = false
   comm-mode                      = Linear
   nstcomm                        = 100
   bd-fric                        = 0
   ld-seed                        = -2013481993
   emtol                          = 10
   emstep                         = 0.01
   niter                          = 20
   fcstep                         = 0
   nstcgsteep                     = 1000
   nbfgscorr                      = 10
   rtpi                           = 0.05
   nstxout                        = 50000
   nstvout                        = 50000
   nstfout                        = 0
   nstlog                         = 50000
   nstcalcenergy                  = 100
   nstenergy                      = 50000
   nstxout-compressed             = 50000
   compressed-x-precision         = 1000
   cutoff-scheme                  = Verlet
   nstlist                        = 10
   pbc                            = xyz
   periodic-molecules             = false
   verlet-buffer-tolerance        = 0.005
   rlist                          = 1.4
   coulombtype                    = PME
   coulomb-modifier               = Potential-shift
   rcoulomb-switch                = 0
   rcoulomb                       = 1.4
   epsilon-r                      = 1
   epsilon-rf                     = inf
   vdw-type                       = Cut-off
   vdw-modifier                   = Potential-shift
   rvdw-switch                    = 0
   rvdw                           = 1.4
   DispCorr                       = EnerPres
   table-extension                = 1
   fourierspacing                 = 0.12
   fourier-nx                     = 28
   fourier-ny                     = 28
   fourier-nz                     = 56
   pme-order                      = 4
   ewald-rtol                     = 1e-05
   ewald-rtol-lj                  = 0.001
   lj-pme-comb-rule               = Geometric
   ewald-geometry                 = 0
   epsilon-surface                = 0
   tcoupl                         = V-rescale
   nsttcouple                     = 10
   nh-chain-length                = 0
   print-nose-hoover-chain-variables = false
   pcoupl                         = Parrinello-Rahman
   pcoupltype                     = Isotropic
   nstpcouple                     = 10
   tau-p                          = 2
   compressibility (3x3):
      compressibility[    0]={ 4.50000e-05,  0.00000e+00,  0.00000e+00}
      compressibility[    1]={ 0.00000e+00,  4.50000e-05,  0.00000e+00}
      compressibility[    2]={ 0.00000e+00,  0.00000e+00,  4.50000e-05}
   ref-p (3x3):
      ref-p[    0]={ 1.00000e+00,  0.00000e+00,  0.00000e+00}
      ref-p[    1]={ 0.00000e+00,  1.00000e+00,  0.00000e+00}
      ref-p[    2]={ 0.00000e+00,  0.00000e+00,  1.00000e+00}
   refcoord-scaling               = No
   posres-com (3):
      posres-com[0]= 0.00000e+00
      posres-com[1]= 0.00000e+00
      posres-com[2]= 0.00000e+00
   posres-comB (3):
      posres-comB[0]= 0.00000e+00
      posres-comB[1]= 0.00000e+00
      posres-comB[2]= 0.00000e+00
   QMMM                           = false
qm-opts:
   ngQM                           = 0
   constraint-algorithm           = Lincs
   continuation                   = false
   Shake-SOR                      = false
   shake-tol                      = 0.0001
   lincs-order                    = 4
   lincs-iter                     = 1
   lincs-warnangle                = 30
   nwall                          = 0
   wall-type                      = 9-3
   wall-r-linpot                  = -1
   wall-atomtype[0]               = -1
   wall-atomtype[1]               = -1
   wall-density[0]                = 0
   wall-density[1]                = 0
   wall-ewald-zfac                = 3
   pull                           = false
   awh                            = false
   rotation                       = false
   interactiveMD                  = false
   disre                          = No
   disre-weighting                = Conservative
   disre-mixed                    = false
   dr-fc                          = 1000
   dr-tau                         = 0
   nstdisreout                    = 100
   orire-fc                       = 0
   orire-tau                      = 0
   nstorireout                    = 100
   free-energy                    = no
   cos-acceleration               = 0
   deform (3x3):
      deform[    0]={ 0.00000e+00,  0.00000e+00,  0.00000e+00}
      deform[    1]={ 0.00000e+00,  0.00000e+00,  0.00000e+00}
      deform[    2]={ 0.00000e+00,  0.00000e+00,  0.00000e+00}
   simulated-tempering            = false
   swapcoords                     = no
   userint1                       = 0
   userint2                       = 0
   userint3                       = 0
   userint4                       = 0
   userreal1                      = 0
   userreal2                      = 0
   userreal3                      = 0
   userreal4                      = 0
   applied-forces:
     electric-field:
       x:
         E0                       = 0
         omega                    = 0
         t0                       = 0
         sigma                    = 0
       y:
         E0                       = 0
         omega                    = 0
         t0                       = 0
         sigma                    = 0
       z:
         E0                       = 0
         omega                    = 0
         t0                       = 0
         sigma                    = 0
     density-guided-simulation:
       active                     = false
       group                      = protein
       similarity-measure         = inner-product
       atom-spreading-weight      = unity
       force-constant             = 1e+09
       gaussian-transform-spreading-width = 0.2
       gaussian-transform-spreading-range-in-multiples-of-width = 4
       reference-density-filename = reference.mrc
       nst                        = 1
       normalize-densities        = true
       adaptive-force-scaling     = false
       adaptive-force-scaling-time-constant = 4
       shift-vector               = 
       transformation-matrix      = 
grpopts:
   nrdf:       15610
   ref-t:         298
   tau-t:         0.1
annealing:          No
annealing-npoints:           0
   acc:	           0           0           0
   nfreeze:           N           N           N
   energygrp-flags[  0]: 0

Changing nstlist from 10 to 100, rlist from 1.4 to 1.515

1 GPU selected for this run.
Mapping of GPU IDs to the 2 GPU tasks in the 1 rank on this node:
  PP:0,PME:0
PP tasks will do (non-perturbed) short-ranged interactions on the GPU
PP task will update and constrain coordinates on the GPU
PME tasks will do all aspects on the GPU
Using 1 MPI thread

Non-default thread affinity set, disabling internal thread affinity

Using 10 OpenMP threads 

System total charge: 0.000
Will do PME sum in reciprocal space for electrostatic interactions.

++++ PLEASE READ AND CITE THE FOLLOWING REFERENCE ++++
U. Essmann, L. Perera, M. L. Berkowitz, T. Darden, H. Lee and L. G. Pedersen 
A smooth particle mesh Ewald method
J. Chem. Phys. 103 (1995) pp. 8577-8592
-------- -------- --- Thank You --- -------- --------

Using a Gaussian width (1/beta) of 0.448228 nm for Ewald
Potential shift: LJ r^-12: -1.764e-02 r^-6: -1.328e-01, Ewald -7.143e-06
Initialized non-bonded Ewald tables, spacing: 1.10e-03 size: 1270

Generated table with 1257 data points for 1-4 COUL.
Tabscale = 500 points/nm
Generated table with 1257 data points for 1-4 LJ6.
Tabscale = 500 points/nm
Generated table with 1257 data points for 1-4 LJ12.
Tabscale = 500 points/nm
Long Range LJ corr.: <C6> 3.5905e-04


Using GPU 8x8 nonbonded short-range kernels

Using a dual 8x8 pair-list setup updated with dynamic, rolling pruning:
  outer list: updated every 100 steps, buffer 0.115 nm, rlist 1.515 nm
  inner list: updated every  16 steps, buffer 0.004 nm, rlist 1.404 nm
At tolerance 0.005 kJ/mol/ps per atom, equivalent classical 1x1 list would be:
  outer list: updated every 100 steps, buffer 0.274 nm, rlist 1.674 nm
  inner list: updated every  16 steps, buffer 0.069 nm, rlist 1.469 nm

Using Lorentz-Berthelot Lennard-Jones combination rule
Removing pbc first time

Initializing LINear Constraint Solver

++++ PLEASE READ AND CITE THE FOLLOWING REFERENCE ++++
B. Hess and H. Bekker and H. J. C. Berendsen and J. G. E. M. Fraaije
LINCS: A Linear Constraint Solver for molecular simulations
J. Comp. Chem. 18 (1997) pp. 1463-1472
-------- -------- --- Thank You --- -------- --------

The number of constraints is 992

++++ PLEASE READ AND CITE THE FOLLOWING REFERENCE ++++
S. Miyamoto and P. A. Kollman
SETTLE: An Analytical Version of the SHAKE and RATTLE Algorithms for Rigid
Water Models
J. Comp. Chem. 13 (1992) pp. 952-962
-------- -------- --- Thank You --- -------- --------


++++ PLEASE READ AND CITE THE FOLLOWING REFERENCE ++++
G. Bussi, D. Donadio and M. Parrinello
Canonical sampling through velocity rescaling
J. Chem. Phys. 126 (2007) pp. 014101
-------- -------- --- Thank You --- -------- --------

There are: 7430 Atoms

Updating coordinates and applying constraints on the GPU.

Constraining the starting coordinates (step 0)

Constraining the coordinates at t0-dt (step 0)
Center of mass motion removal mode is Linear
We have the following groups for center of mass motion removal:
  0:  rest
RMS relative constraint deviation after constraining: 3.56e-06
Initial temperature: 298.824 K

Started mdrun on rank 0 Tue Jul 15 17:31:52 2025

           Step           Time
              0        0.00000

   Energies (kJ/mol)
           Bond            U-B    Proper Dih.  Improper Dih.          LJ-14
    7.49453e+02    3.39528e+03    1.22038e+03    1.70491e+02    2.29303e+02
     Coulomb-14        LJ (SR)  Disper. corr.   Coulomb (SR)   Coul. recip.
   -4.02364e+03    5.56447e+03   -4.06906e+02   -9.31349e+04    2.48756e+02
      Potential    Kinetic En.   Total Energy  Conserved En.    Temperature
   -8.59873e+04    1.99386e+04   -6.60487e+04   -6.60442e+04    3.07247e+02
 Pres. DC (bar) Pressure (bar)   Constr. rmsd
   -9.09460e+01    2.35151e+02    3.56071e-06

step 2600: timed with pme grid 28 28 56, coulomb cutoff 1.400: 46.3 M-cycles
step 2600: the box size limits the PME load balancing to a coulomb cut-off of 1.497
step 2800: timed with pme grid 28 28 52, coulomb cutoff 1.497: 5776.0 M-cycles
step 3000: timed with pme grid 28 28 56, coulomb cutoff 1.400: 46.6 M-cycles
              optimal pme grid 28 28 56, coulomb cutoff 1.400
           Step           Time
          50000      100.00000

   Energies (kJ/mol)
           Bond            U-B    Proper Dih.  Improper Dih.          LJ-14
    7.98987e+02    3.35131e+03    1.10959e+03    1.01936e+02    2.29177e+02
     Coulomb-14        LJ (SR)  Disper. corr.   Coulomb (SR)   Coul. recip.
   -3.89963e+03    5.23926e+03   -4.06967e+02   -9.33278e+04    2.81439e+02
      Potential    Kinetic En.   Total Energy  Conserved En.    Temperature
   -8.65227e+04    1.90014e+04   -6.75213e+04   -6.56627e+04    2.92805e+02
 Pres. DC (bar) Pressure (bar)   Constr. rmsd
   -9.09734e+01   -4.12415e+01    3.56071e-06

           Step           Time
         100000      200.00000

   Energies (kJ/mol)
           Bond            U-B    Proper Dih.  Improper Dih.          LJ-14
    6.29576e+02    3.39043e+03    1.19819e+03    1.30380e+02    2.32260e+02
     Coulomb-14        LJ (SR)  Disper. corr.   Coulomb (SR)   Coul. recip.
   -3.98987e+03    4.59546e+03   -4.02436e+02   -9.21841e+04    2.62264e+02
      Potential    Kinetic En.   Total Energy  Conserved En.    Temperature
   -8.61378e+04    1.92026e+04   -6.69352e+04   -6.53519e+04    2.95906e+02
 Pres. DC (bar) Pressure (bar)   Constr. rmsd
   -8.89595e+01   -1.11924e+03    3.56071e-06

           Step           Time
         150000      300.00000

   Energies (kJ/mol)
           Bond            U-B    Proper Dih.  Improper Dih.          LJ-14
    6.58536e+02    3.31381e+03    1.23807e+03    1.77457e+02    2.57627e+02
     Coulomb-14        LJ (SR)  Disper. corr.   Coulomb (SR)   Coul. recip.
   -3.88628e+03    5.34369e+03   -4.09760e+02   -9.34786e+04    2.81744e+02
      Potential    Kinetic En.   Total Energy  Conserved En.    Temperature
   -8.65037e+04    1.91439e+04   -6.73598e+04   -6.49750e+04    2.95001e+02
 Pres. DC (bar) Pressure (bar)   Constr. rmsd
   -9.22258e+01    2.28452e+02    3.56071e-06

           Step           Time
         200000      400.00000

   Energies (kJ/mol)
           Bond            U-B    Proper Dih.  Improper Dih.          LJ-14
    7.43562e+02    3.41202e+03    1.18710e+03    1.37771e+02    2.37609e+02
     Coulomb-14        LJ (SR)  Disper. corr.   Coulomb (SR)   Coul. recip.
   -3.84778e+03    5.10459e+03   -4.10657e+02   -9.32347e+04    2.43004e+02
      Potential    Kinetic En.   Total Energy  Conserved En.    Temperature
   -8.64275e+04    1.92685e+04   -6.71590e+04   -6.45920e+04    2.96921e+02
 Pres. DC (bar) Pressure (bar)   Constr. rmsd
   -9.26296e+01   -1.18083e+02    3.56071e-06

           Step           Time
         250000      500.00000

   Energies (kJ/mol)
           Bond            U-B    Proper Dih.  Improper Dih.          LJ-14
    6.81736e+02    3.15990e+03    1.26004e+03    1.51925e+02    2.32903e+02
     Coulomb-14        LJ (SR)  Disper. corr.   Coulomb (SR)   Coul. recip.
   -3.79805e+03    5.06799e+03   -4.01990e+02   -9.26897e+04    3.05741e+02
      Potential    Kinetic En.   Total Energy  Conserved En.    Temperature
   -8.60295e+04    1.89959e+04   -6.70336e+04   -6.41956e+04    2.92720e+02
 Pres. DC (bar) Pressure (bar)   Constr. rmsd
   -8.87625e+01   -4.38233e+02    3.56071e-06

Writing checkpoint, step 256700 at Tue Jul 15 17:32:52 2025


           Step           Time
         300000      600.00000

   Energies (kJ/mol)
           Bond            U-B    Proper Dih.  Improper Dih.          LJ-14
    6.64391e+02    3.49682e+03    1.08612e+03    1.35888e+02    2.17825e+02
     Coulomb-14        LJ (SR)  Disper. corr.   Coulomb (SR)   Coul. recip.
   -4.20608e+03    4.91535e+03   -4.05983e+02   -9.26005e+04    2.50624e+02
      Potential    Kinetic En.   Total Energy  Conserved En.    Temperature
   -8.64455e+04    1.92262e+04   -6.72193e+04   -6.37526e+04    2.96269e+02
 Pres. DC (bar) Pressure (bar)   Constr. rmsd
   -9.05339e+01   -4.77492e+02    3.56071e-06

           Step           Time
         350000      700.00000

   Energies (kJ/mol)
           Bond            U-B    Proper Dih.  Improper Dih.          LJ-14
    7.24625e+02    3.51206e+03    1.20775e+03    1.17008e+02    2.12037e+02
     Coulomb-14        LJ (SR)  Disper. corr.   Coulomb (SR)   Coul. recip.
   -4.14288e+03    5.36014e+03   -4.05373e+02   -9.29296e+04    2.38259e+02
      Potential    Kinetic En.   Total Energy  Conserved En.    Temperature
   -8.61060e+04    1.91853e+04   -6.69207e+04   -6.34490e+04    2.95639e+02
 Pres. DC (bar) Pressure (bar)   Constr. rmsd
   -9.02625e+01   -1.00932e+02    3.56071e-06

           Step           Time
         400000      800.00000

   Energies (kJ/mol)
           Bond            U-B    Proper Dih.  Improper Dih.          LJ-14
    7.04062e+02    3.35468e+03    1.18222e+03    1.19671e+02    2.48420e+02
     Coulomb-14        LJ (SR)  Disper. corr.   Coulomb (SR)   Coul. recip.
   -3.81574e+03    5.42753e+03   -4.09416e+02   -9.33319e+04    2.26886e+02
      Potential    Kinetic En.   Total Energy  Conserved En.    Temperature
   -8.62936e+04    1.93943e+04   -6.68993e+04   -6.31235e+04    2.98860e+02
 Pres. DC (bar) Pressure (bar)   Constr. rmsd
   -9.20709e+01    5.31062e+02    3.56071e-06

           Step           Time
         450000      900.00000

   Energies (kJ/mol)
           Bond            U-B    Proper Dih.  Improper Dih.          LJ-14
    7.13591e+02    3.27511e+03    1.26682e+03    1.58052e+02    2.24419e+02
     Coulomb-14        LJ (SR)  Disper. corr.   Coulomb (SR)   Coul. recip.
   -3.86169e+03    5.16281e+03   -4.08291e+02   -9.29191e+04    2.74160e+02
      Potential    Kinetic En.   Total Energy  Conserved En.    Temperature
   -8.61142e+04    1.89886e+04   -6.71256e+04   -6.27384e+04    2.92608e+02
 Pres. DC (bar) Pressure (bar)   Constr. rmsd
   -9.15659e+01   -3.97954e+02    3.56071e-06

           Step           Time
         500000     1000.00000

Writing checkpoint, step 500000 at Tue Jul 15 17:33:38 2025


   Energies (kJ/mol)
           Bond            U-B    Proper Dih.  Improper Dih.          LJ-14
    7.22079e+02    3.59709e+03    1.20548e+03    1.28467e+02    2.49506e+02
     Coulomb-14        LJ (SR)  Disper. corr.   Coulomb (SR)   Coul. recip.
   -4.00874e+03    5.38919e+03   -4.06021e+02   -9.30532e+04    2.73717e+02
      Potential    Kinetic En.   Total Energy  Conserved En.    Temperature
   -8.59024e+04    1.91780e+04   -6.67244e+04   -6.23660e+04    2.95526e+02
 Pres. DC (bar) Pressure (bar)   Constr. rmsd
   -9.05511e+01   -6.07352e+02    3.56071e-06


Energy conservation over simulation part #1 of length 1000 ns, time 0 to 1000 ns
  Conserved energy drift: 4.95e-04 kJ/mol/ps per atom


	<======  ###############  ==>
	<====  A V E R A G E S  ====>
	<==  ###############  ======>

	Statistics over 500001 steps using 5001 frames

   Energies (kJ/mol)
           Bond            U-B    Proper Dih.  Improper Dih.          LJ-14
    6.94662e+02    3.35149e+03    1.18898e+03    1.32707e+02    2.40448e+02
     Coulomb-14        LJ (SR)  Disper. corr.   Coulomb (SR)   Coul. recip.
   -3.89609e+03    5.25970e+03   -4.06579e+02   -9.32059e+04    2.58081e+02
      Potential    Kinetic En.   Total Energy  Conserved En.    Temperature
   -8.63825e+04    1.93382e+04   -6.70443e+04   -6.42043e+04    2.97995e+02
 Pres. DC (bar) Pressure (bar)   Constr. rmsd
   -9.08033e+01   -3.63944e+00    0.00000e+00

          Box-X          Box-Y          Box-Z
    3.33805e+00    3.33805e+00    6.67610e+00

   Total Virial (kJ/mol)
    6.43689e+03   -1.27340e+01    8.74309e+00
   -1.27341e+01    6.46427e+03    8.95795e+00
    8.74299e+00    8.95804e+00    6.46686e+03

   Pressure (bar)
    3.57404e+00    6.06471e+00   -3.58719e+00
    6.06475e+00   -7.48911e+00   -1.81837e+00
   -3.58714e+00   -1.81841e+00   -7.00325e+00


       P P   -   P M E   L O A D   B A L A N C I N G

 PP/PME load balancing changed the cut-off and PME settings:
           particle-particle                    PME
            rcoulomb  rlist            grid      spacing   1/beta
   initial  1.400 nm  1.404 nm      28  28  56   0.119 nm  0.448 nm
   final    1.400 nm  1.404 nm      28  28  56   0.119 nm  0.448 nm
 cost-ratio           1.00             1.00
 (note that these numbers concern only part of the total PP and PME load)


	M E G A - F L O P S   A C C O U N T I N G

 NB=Group-cutoff nonbonded kernels    NxN=N-by-N cluster Verlet kernels
 RF=Reaction-Field  VdW=Van der Waals  QSTab=quadratic-spline table
 W3=SPC/TIP3p  W4=TIP4p (single or pairs)
 V&F=Potential and force  V=Potential only  F=Force only

 Computing:                               M-Number         M-Flops  % Flops
-----------------------------------------------------------------------------
 Pair Search distance check            5813.635344       52322.718     0.0
 NxN Ewald Elec. + LJ [F]           6602893.019712   435790939.301    98.2
 NxN Ewald Elec. + LJ [V&F]           66709.182016     7137882.476     1.6
 1,4 nonbonded interactions            1441.502883      129735.259     0.0
 Shift-X                                 37.157430         222.945     0.0
 Bonds                                  324.000648       19116.038     0.0
 Propers                               1289.002578      295181.590     0.1
 Impropers                               55.500111       11544.023     0.0
 Virial                                 373.757475        6727.635     0.0
 Stop-CM                                 37.164860         371.649     0.0
 Calc-Ekin                              743.014860       20061.401     0.0
 Lincs                                    0.001984           0.119     0.0
 Lincs-Mat                                0.018072           0.072     0.0
 Constraint-V                             0.007669           0.069     0.0
 Settle                                   0.003790           1.402     0.0
 Urey-Bradley                          1409.502819      257939.016     0.1
-----------------------------------------------------------------------------
 Total                                               443722045.713   100.0
-----------------------------------------------------------------------------


     R E A L   C Y C L E   A N D   T I M E   A C C O U N T I N G

On 1 MPI rank, each using 10 OpenMP threads

 Computing:          Num   Num      Call    Wall time         Giga-Cycles
                     Ranks Threads  Count      (s)         total sum    %
-----------------------------------------------------------------------------
 Neighbor search        1   10       5001       6.598        171.556   6.2
 Launch GPU ops.        1   10     995001      47.451       1233.724  44.9
 Force                  1   10     500001      36.407        946.574  34.4
 Wait PME GPU gather    1   10     500001       0.122          3.182   0.1
 Reduce GPU PME F       1   10     500001       0.833         21.658   0.8
 Wait GPU NB local      1   10     450000       0.275          7.150   0.3
 Wait GPU state copy    1   10     625004       2.463         64.028   2.3
 NB X/F buffer ops.     1   10      50001       1.620         42.111   1.5
 Write traj.            1   10         12       2.265         58.896   2.1
 Constraints            1   10          2       0.028          0.717   0.0
 Rest                                           7.631        198.419   7.2
-----------------------------------------------------------------------------
 Total                                        105.692       2748.015 100.0
-----------------------------------------------------------------------------

               Core t (s)   Wall t (s)        (%)
       Time:     1056.899      105.692     1000.0
                 (ns/day)    (hour/ns)
Performance:      817.468        0.029
Finished mdrun on rank 0 Tue Jul 15 17:33:38 2025

