                      :-) GROMACS - gmx mdrun, 2021.5 (-:

                            GROMACS is written by:
     Andrey Alekseenko              Emile Apol              Rossen Apostolov     
         Paul Bauer           Herman J.C. Berendsen           Par Bjelkmar       
       Christian Blau           Viacheslav Bolnykh             Kevin Boyd        
     Aldert van Buuren           Rudi van Drunen             Anton Feenstra      
    Gilles Gouaillardet             Alan Gray               Gerrit Groenhof      
       Anca Hamuraru            Vincent Hindriksen          M. Eric Irrgang      
      Aleksei Iupinov           Christoph Junghans             Joe Jordan        
    Dimitrios Karkoulis            Peter Kasson                Jiri Kraus        
      Carsten Kutzner              Per Larsson              Justin A. Lemkul     
       Viveca Lindahl            Magnus Lundborg             Erik Marklund       
        Pascal Merz             Pieter Meulenhoff            Teemu Murtola       
        Szilard Pall               Sander Pronk              Roland Schulz       
       Michael Shirts            Alexey Shvetsov             Alfons Sijbers      
       Peter Tieleman              Jon Vincent              Teemu Virolainen     
     Christian Wennberg            Maarten Wolf              Artem Zhmurov       
                           and the project leaders:
        Mark Abraham, Berk Hess, Erik Lindahl, and David van der Spoel

Copyright (c) 1991-2000, University of Groningen, The Netherlands.
Copyright (c) 2001-2019, The GROMACS development team at
Uppsala University, Stockholm University and
the Royal Institute of Technology, Sweden.
check out http://www.gromacs.org for more information.

GROMACS is free software; you can redistribute it and/or modify it
under the terms of the GNU Lesser General Public License
as published by the Free Software Foundation; either version 2.1
of the License, or (at your option) any later version.

GROMACS:      gmx mdrun, version 2021.5
Executable:   /usr/local/gromacs_2021.5/bin/gmx
Data prefix:  /usr/local/gromacs_2021.5
Working dir:  /srv/home/apbal/work/REU/mixtures/pure_mix/small/4x8
Process ID:   1022541
Command line:
  gmx mdrun -v -deffnm npt -ntomp 10 -nb gpu -bonded cpu -update gpu -ntmpi 1 -cpt 1

GROMACS version:    2021.5
Precision:          mixed
Memory model:       64 bit
MPI library:        thread_mpi
OpenMP support:     enabled (GMX_OPENMP_MAX_THREADS = 256)
GPU support:        CUDA
SIMD instructions:  AVX2_256
FFT library:        fftw-3.3.8-sse2-avx-avx2-avx2_128
RDTSCP usage:       enabled
TNG support:        enabled
Hwloc support:      disabled
Tracing support:    disabled
C compiler:         /usr/bin/cc GNU 9.4.0
C compiler flags:   -mavx2 -mfma -Wno-missing-field-initializers -fexcess-precision=fast -funroll-all-loops -pthread -O3 -DNDEBUG
C++ compiler:       /usr/bin/c++ GNU 9.4.0
C++ compiler flags: -mavx2 -mfma -Wno-missing-field-initializers -fexcess-precision=fast -funroll-all-loops -pthread -fopenmp -O3 -DNDEBUG
CUDA compiler:      /usr/local/cuda-12.2/bin/nvcc nvcc: NVIDIA (R) Cuda compiler driver;Copyright (c) 2005-2023 NVIDIA Corporation;Built on Tue_Aug_15_22:02:13_PDT_2023;Cuda compilation tools, release 12.2, V12.2.140;Build cuda_12.2.r12.2/compiler.33191640_0
CUDA compiler flags:-std=c++17;-gencode;arch=compute_60,code=sm_60;-gencode;arch=compute_61,code=sm_61;-gencode;arch=compute_62,code=sm_62;-gencode;arch=compute_70,code=sm_70;-gencode;arch=compute_75,code=sm_75;-gencode;arch=compute_80,code=sm_80;-gencode;arch=compute_86,code=sm_86;-gencode;arch=compute_89,code=sm_89;-gencode;arch=compute_60,code=compute_60;-gencode;arch=compute_61,code=compute_61;-gencode;arch=compute_62,code=compute_62;-gencode;arch=compute_70,code=compute_70;-gencode;arch=compute_75,code=compute_75;-gencode;arch=compute_80,code=compute_80;-gencode;arch=compute_86,code=compute_86;-gencode;arch=compute_89,code=compute_89;-use_fast_math;-D_FORCE_INLINES;-mavx2 -mfma -Wno-missing-field-initializers -fexcess-precision=fast -funroll-all-loops -pthread -fopenmp -O3 -DNDEBUG
CUDA driver:        12.90
CUDA runtime:       12.20


Running on 1 node with total 128 cores, 128 logical cores, 1 compatible GPU
Hardware detected:
  CPU info:
    Vendor: AMD
    Brand:  AMD EPYC 7513 32-Core Processor                
    Family: 25   Model: 1   Stepping: 1
    Features: aes amd apic avx avx2 clfsh cmov cx8 cx16 f16c fma htt lahf misalignsse mmx msr nonstop_tsc pcid pclmuldq pdpe1gb popcnt pse rdrnd rdtscp sha sse2 sse3 sse4a sse4.1 sse4.2 ssse3
  Hardware topology: Only logical processor count
  GPU info:
    Number of GPUs detected: 1
    #0: NVIDIA NVIDIA RTX A4500, compute cap.: 8.6, ECC:  no, stat: compatible


++++ PLEASE READ AND CITE THE FOLLOWING REFERENCE ++++
M. J. Abraham, T. Murtola, R. Schulz, S. Páll, J. C. Smith, B. Hess, E.
Lindahl
GROMACS: High performance molecular simulations through multi-level
parallelism from laptops to supercomputers
SoftwareX 1 (2015) pp. 19-25
-------- -------- --- Thank You --- -------- --------


++++ PLEASE READ AND CITE THE FOLLOWING REFERENCE ++++
S. Páll, M. J. Abraham, C. Kutzner, B. Hess, E. Lindahl
Tackling Exascale Software Challenges in Molecular Dynamics Simulations with
GROMACS
In S. Markidis & E. Laure (Eds.), Solving Software Challenges for Exascale 8759 (2015) pp. 3-27
-------- -------- --- Thank You --- -------- --------


++++ PLEASE READ AND CITE THE FOLLOWING REFERENCE ++++
S. Pronk, S. Páll, R. Schulz, P. Larsson, P. Bjelkmar, R. Apostolov, M. R.
Shirts, J. C. Smith, P. M. Kasson, D. van der Spoel, B. Hess, and E. Lindahl
GROMACS 4.5: a high-throughput and highly parallel open source molecular
simulation toolkit
Bioinformatics 29 (2013) pp. 845-54
-------- -------- --- Thank You --- -------- --------


++++ PLEASE READ AND CITE THE FOLLOWING REFERENCE ++++
B. Hess and C. Kutzner and D. van der Spoel and E. Lindahl
GROMACS 4: Algorithms for highly efficient, load-balanced, and scalable
molecular simulation
J. Chem. Theory Comput. 4 (2008) pp. 435-447
-------- -------- --- Thank You --- -------- --------


++++ PLEASE READ AND CITE THE FOLLOWING REFERENCE ++++
D. van der Spoel, E. Lindahl, B. Hess, G. Groenhof, A. E. Mark and H. J. C.
Berendsen
GROMACS: Fast, Flexible and Free
J. Comp. Chem. 26 (2005) pp. 1701-1719
-------- -------- --- Thank You --- -------- --------


++++ PLEASE READ AND CITE THE FOLLOWING REFERENCE ++++
E. Lindahl and B. Hess and D. van der Spoel
GROMACS 3.0: A package for molecular simulation and trajectory analysis
J. Mol. Mod. 7 (2001) pp. 306-317
-------- -------- --- Thank You --- -------- --------


++++ PLEASE READ AND CITE THE FOLLOWING REFERENCE ++++
H. J. C. Berendsen, D. van der Spoel and R. van Drunen
GROMACS: A message-passing parallel molecular dynamics implementation
Comp. Phys. Comm. 91 (1995) pp. 43-56
-------- -------- --- Thank You --- -------- --------


++++ PLEASE CITE THE DOI FOR THIS VERSION OF GROMACS ++++
https://doi.org/10.5281/zenodo.5850051
-------- -------- --- Thank You --- -------- --------

Input Parameters:
   integrator                     = md
   tinit                          = 0
   dt                             = 0.002
   nsteps                         = 250000
   init-step                      = 0
   simulation-part                = 1
   mts                            = false
   comm-mode                      = Linear
   nstcomm                        = 100
   bd-fric                        = 0
   ld-seed                        = 1945091582
   emtol                          = 10
   emstep                         = 0.01
   niter                          = 20
   fcstep                         = 0
   nstcgsteep                     = 1000
   nbfgscorr                      = 10
   rtpi                           = 0.05
   nstxout                        = 5000
   nstvout                        = 5000
   nstfout                        = 0
   nstlog                         = 5000
   nstcalcenergy                  = 100
   nstenergy                      = 5000
   nstxout-compressed             = 5000
   compressed-x-precision         = 1000
   cutoff-scheme                  = Verlet
   nstlist                        = 10
   pbc                            = xyz
   periodic-molecules             = false
   verlet-buffer-tolerance        = 0.005
   rlist                          = 1.4
   coulombtype                    = PME
   coulomb-modifier               = Potential-shift
   rcoulomb-switch                = 0
   rcoulomb                       = 1.4
   epsilon-r                      = 1
   epsilon-rf                     = inf
   vdw-type                       = Cut-off
   vdw-modifier                   = Potential-shift
   rvdw-switch                    = 0
   rvdw                           = 1.4
   DispCorr                       = EnerPres
   table-extension                = 1
   fourierspacing                 = 0.12
   fourier-nx                     = 36
   fourier-ny                     = 36
   fourier-nz                     = 72
   pme-order                      = 4
   ewald-rtol                     = 1e-05
   ewald-rtol-lj                  = 0.001
   lj-pme-comb-rule               = Geometric
   ewald-geometry                 = 0
   epsilon-surface                = 0
   tcoupl                         = V-rescale
   nsttcouple                     = 10
   nh-chain-length                = 0
   print-nose-hoover-chain-variables = false
   pcoupl                         = Berendsen
   pcoupltype                     = Isotropic
   nstpcouple                     = 10
   tau-p                          = 2
   compressibility (3x3):
      compressibility[    0]={ 4.50000e-05,  0.00000e+00,  0.00000e+00}
      compressibility[    1]={ 0.00000e+00,  4.50000e-05,  0.00000e+00}
      compressibility[    2]={ 0.00000e+00,  0.00000e+00,  4.50000e-05}
   ref-p (3x3):
      ref-p[    0]={ 1.00000e+00,  0.00000e+00,  0.00000e+00}
      ref-p[    1]={ 0.00000e+00,  1.00000e+00,  0.00000e+00}
      ref-p[    2]={ 0.00000e+00,  0.00000e+00,  1.00000e+00}
   refcoord-scaling               = No
   posres-com (3):
      posres-com[0]= 0.00000e+00
      posres-com[1]= 0.00000e+00
      posres-com[2]= 0.00000e+00
   posres-comB (3):
      posres-comB[0]= 0.00000e+00
      posres-comB[1]= 0.00000e+00
      posres-comB[2]= 0.00000e+00
   QMMM                           = false
qm-opts:
   ngQM                           = 0
   constraint-algorithm           = Lincs
   continuation                   = false
   Shake-SOR                      = false
   shake-tol                      = 0.0001
   lincs-order                    = 4
   lincs-iter                     = 1
   lincs-warnangle                = 30
   nwall                          = 0
   wall-type                      = 9-3
   wall-r-linpot                  = -1
   wall-atomtype[0]               = -1
   wall-atomtype[1]               = -1
   wall-density[0]                = 0
   wall-density[1]                = 0
   wall-ewald-zfac                = 3
   pull                           = false
   awh                            = false
   rotation                       = false
   interactiveMD                  = false
   disre                          = No
   disre-weighting                = Conservative
   disre-mixed                    = false
   dr-fc                          = 1000
   dr-tau                         = 0
   nstdisreout                    = 100
   orire-fc                       = 0
   orire-tau                      = 0
   nstorireout                    = 100
   free-energy                    = no
   cos-acceleration               = 0
   deform (3x3):
      deform[    0]={ 0.00000e+00,  0.00000e+00,  0.00000e+00}
      deform[    1]={ 0.00000e+00,  0.00000e+00,  0.00000e+00}
      deform[    2]={ 0.00000e+00,  0.00000e+00,  0.00000e+00}
   simulated-tempering            = false
   swapcoords                     = no
   userint1                       = 0
   userint2                       = 0
   userint3                       = 0
   userint4                       = 0
   userreal1                      = 0
   userreal2                      = 0
   userreal3                      = 0
   userreal4                      = 0
   applied-forces:
     electric-field:
       x:
         E0                       = 0
         omega                    = 0
         t0                       = 0
         sigma                    = 0
       y:
         E0                       = 0
         omega                    = 0
         t0                       = 0
         sigma                    = 0
       z:
         E0                       = 0
         omega                    = 0
         t0                       = 0
         sigma                    = 0
     density-guided-simulation:
       active                     = false
       group                      = protein
       similarity-measure         = inner-product
       atom-spreading-weight      = unity
       force-constant             = 1e+09
       gaussian-transform-spreading-width = 0.2
       gaussian-transform-spreading-range-in-multiples-of-width = 4
       reference-density-filename = reference.mrc
       nst                        = 1
       normalize-densities        = true
       adaptive-force-scaling     = false
       adaptive-force-scaling-time-constant = 4
       shift-vector               = 
       transformation-matrix      = 
grpopts:
   nrdf:       26797
   ref-t:         298
   tau-t:         0.1
annealing:          No
annealing-npoints:           0
   acc:	           0           0           0
   nfreeze:           N           N           N
   energygrp-flags[  0]: 0

Changing nstlist from 10 to 100, rlist from 1.4 to 1.53

1 GPU selected for this run.
Mapping of GPU IDs to the 2 GPU tasks in the 1 rank on this node:
  PP:0,PME:0
PP tasks will do (non-perturbed) short-ranged interactions on the GPU
PP task will update and constrain coordinates on the GPU
PME tasks will do all aspects on the GPU
Using 1 MPI thread

Non-default thread affinity set, disabling internal thread affinity

Using 10 OpenMP threads 

System total charge: 0.000
Will do PME sum in reciprocal space for electrostatic interactions.

++++ PLEASE READ AND CITE THE FOLLOWING REFERENCE ++++
U. Essmann, L. Perera, M. L. Berkowitz, T. Darden, H. Lee and L. G. Pedersen 
A smooth particle mesh Ewald method
J. Chem. Phys. 103 (1995) pp. 8577-8592
-------- -------- --- Thank You --- -------- --------

Using a Gaussian width (1/beta) of 0.448228 nm for Ewald
Potential shift: LJ r^-12: -1.764e-02 r^-6: -1.328e-01, Ewald -7.143e-06
Initialized non-bonded Ewald tables, spacing: 1.10e-03 size: 1270

Generated table with 1265 data points for 1-4 COUL.
Tabscale = 500 points/nm
Generated table with 1265 data points for 1-4 LJ6.
Tabscale = 500 points/nm
Generated table with 1265 data points for 1-4 LJ12.
Tabscale = 500 points/nm
Long Range LJ corr.: <C6> 3.1609e-04


Using GPU 8x8 nonbonded short-range kernels

Using a dual 8x8 pair-list setup updated with dynamic, rolling pruning:
  outer list: updated every 100 steps, buffer 0.130 nm, rlist 1.530 nm
  inner list: updated every  12 steps, buffer 0.001 nm, rlist 1.401 nm
At tolerance 0.005 kJ/mol/ps per atom, equivalent classical 1x1 list would be:
  outer list: updated every 100 steps, buffer 0.286 nm, rlist 1.686 nm
  inner list: updated every  12 steps, buffer 0.052 nm, rlist 1.452 nm

Using Lorentz-Berthelot Lennard-Jones combination rule
Removing pbc first time

Initializing LINear Constraint Solver

++++ PLEASE READ AND CITE THE FOLLOWING REFERENCE ++++
B. Hess and H. Bekker and H. J. C. Berendsen and J. G. E. M. Fraaije
LINCS: A Linear Constraint Solver for molecular simulations
J. Comp. Chem. 18 (1997) pp. 1463-1472
-------- -------- --- Thank You --- -------- --------

The number of constraints is 800

++++ PLEASE READ AND CITE THE FOLLOWING REFERENCE ++++
S. Miyamoto and P. A. Kollman
SETTLE: An Analytical Version of the SHAKE and RATTLE Algorithms for Rigid
Water Models
J. Comp. Chem. 13 (1992) pp. 952-962
-------- -------- --- Thank You --- -------- --------


++++ PLEASE READ AND CITE THE FOLLOWING REFERENCE ++++
G. Bussi, D. Donadio and M. Parrinello
Canonical sampling through velocity rescaling
J. Chem. Phys. 126 (2007) pp. 014101
-------- -------- --- Thank You --- -------- --------

There are: 13200 Atoms

Updating coordinates and applying constraints on the GPU.

Constraining the starting coordinates (step 0)

Constraining the coordinates at t0-dt (step 0)
Center of mass motion removal mode is Linear
We have the following groups for center of mass motion removal:
  0:  rest
RMS relative constraint deviation after constraining: 3.32e-06
Initial temperature: 299.588 K

Started mdrun on rank 0 Tue Jul 15 15:06:12 2025

           Step           Time
              0        0.00000

   Energies (kJ/mol)
           Bond            U-B    Proper Dih.          LJ-14     Coulomb-14
    2.92491e+01    1.26406e+02    2.38937e+02   -1.20005e+01    1.27692e+04
        LJ (SR)  Disper. corr.   Coulomb (SR)   Coul. recip.      Potential
    1.40770e+04   -6.56553e+02   -1.97326e+05    2.52312e+02   -1.70502e+05
    Kinetic En.   Total Energy  Conserved En.    Temperature Pres. DC (bar)
    3.33882e+04   -1.37114e+05   -1.37081e+05    2.99711e+02   -8.52103e+01
 Pressure (bar)   Constr. rmsd
   -1.93066e+03    3.31906e-06

           Step           Time
           5000       10.00000

   Energies (kJ/mol)
           Bond            U-B    Proper Dih.          LJ-14     Coulomb-14
    2.10067e+02    1.35975e+03    2.74725e+02   -1.23018e+01    1.27949e+04
        LJ (SR)  Disper. corr.   Coulomb (SR)   Coul. recip.      Potential
    1.57536e+04   -6.39902e+02   -1.87606e+05    3.95300e+02   -1.57470e+05
    Kinetic En.   Total Energy  Conserved En.    Temperature Pres. DC (bar)
    3.30093e+04   -1.24461e+05   -1.36746e+05    2.96310e+02   -8.09449e+01
 Pressure (bar)   Constr. rmsd
    1.01618e+02    3.31906e-06

           Step           Time
          10000       20.00000

   Energies (kJ/mol)
           Bond            U-B    Proper Dih.          LJ-14     Coulomb-14
    2.41366e+02    1.54522e+03    2.48725e+02   -1.21951e+01    1.27762e+04
        LJ (SR)  Disper. corr.   Coulomb (SR)   Coul. recip.      Potential
    1.59737e+04   -6.41660e+02   -1.88702e+05    3.50522e+02   -1.58221e+05
    Kinetic En.   Total Energy  Conserved En.    Temperature Pres. DC (bar)
    3.31325e+04   -1.25088e+05   -1.36727e+05    2.97416e+02   -8.13900e+01
 Pressure (bar)   Constr. rmsd
   -1.92356e+01    3.31906e-06

           Step           Time
          15000       30.00000

   Energies (kJ/mol)
           Bond            U-B    Proper Dih.          LJ-14     Coulomb-14
    2.86767e+02    1.56727e+03    2.32350e+02   -1.21128e+01    1.27631e+04
        LJ (SR)  Disper. corr.   Coulomb (SR)   Coul. recip.      Potential
    1.57681e+04   -6.39632e+02   -1.87556e+05    3.15433e+02   -1.57274e+05
    Kinetic En.   Total Energy  Conserved En.    Temperature Pres. DC (bar)
    3.31164e+04   -1.24158e+05   -1.36720e+05    2.97271e+02   -8.08764e+01
 Pressure (bar)   Constr. rmsd
    4.18066e+01    3.31906e-06

           Step           Time
          20000       40.00000

   Energies (kJ/mol)
           Bond            U-B    Proper Dih.          LJ-14     Coulomb-14
    2.61251e+02    1.52083e+03    2.65867e+02   -1.23451e+01    1.27870e+04
        LJ (SR)  Disper. corr.   Coulomb (SR)   Coul. recip.      Potential
    1.63402e+04   -6.38386e+02   -1.88579e+05    3.46146e+02   -1.57709e+05
    Kinetic En.   Total Energy  Conserved En.    Temperature Pres. DC (bar)
    3.37413e+04   -1.23968e+05   -1.36729e+05    3.02881e+02   -8.05620e+01
 Pressure (bar)   Constr. rmsd
    1.67373e+02    3.31906e-06

step 20900: timed with pme grid 36 36 72, coulomb cutoff 1.400: 63.6 M-cycles
step 21100: timed with pme grid 28 28 56, coulomb cutoff 1.667: 80.3 M-cycles
step 21300: timed with pme grid 32 32 60, coulomb cutoff 1.556: 80.1 M-cycles
step 21500: timed with pme grid 32 32 64, coulomb cutoff 1.458: 73.1 M-cycles
step 21700: timed with pme grid 36 36 72, coulomb cutoff 1.400: 67.7 M-cycles
              optimal pme grid 36 36 72, coulomb cutoff 1.400
           Step           Time
          25000       50.00000

   Energies (kJ/mol)
           Bond            U-B    Proper Dih.          LJ-14     Coulomb-14
    2.61806e+02    1.46803e+03    2.58268e+02   -1.21399e+01    1.27693e+04
        LJ (SR)  Disper. corr.   Coulomb (SR)   Coul. recip.      Potential
    1.54567e+04   -6.40545e+02   -1.87839e+05    3.28113e+02   -1.57950e+05
    Kinetic En.   Total Energy  Conserved En.    Temperature Pres. DC (bar)
    3.31636e+04   -1.24786e+05   -1.36707e+05    2.97695e+02   -8.11076e+01
 Pressure (bar)   Constr. rmsd
   -4.42819e+02    3.31906e-06

           Step           Time
          30000       60.00000

   Energies (kJ/mol)
           Bond            U-B    Proper Dih.          LJ-14     Coulomb-14
    2.75398e+02    1.51204e+03    2.16761e+02   -1.23156e+01    1.27909e+04
        LJ (SR)  Disper. corr.   Coulomb (SR)   Coul. recip.      Potential
    1.64749e+04   -6.40529e+02   -1.88988e+05    3.73016e+02   -1.57998e+05
    Kinetic En.   Total Energy  Conserved En.    Temperature Pres. DC (bar)
    3.35201e+04   -1.24478e+05   -1.36714e+05    3.00895e+02   -8.11033e+01
 Pressure (bar)   Constr. rmsd
    3.27702e+02    3.31906e-06

           Step           Time
          35000       70.00000

   Energies (kJ/mol)
           Bond            U-B    Proper Dih.          LJ-14     Coulomb-14
    2.77544e+02    1.46428e+03    2.25726e+02   -1.23159e+01    1.27968e+04
        LJ (SR)  Disper. corr.   Coulomb (SR)   Coul. recip.      Potential
    1.59466e+04   -6.41100e+02   -1.88005e+05    3.40486e+02   -1.57607e+05
    Kinetic En.   Total Energy  Conserved En.    Temperature Pres. DC (bar)
    3.30927e+04   -1.24515e+05   -1.36707e+05    2.97059e+02   -8.12480e+01
 Pressure (bar)   Constr. rmsd
    1.86412e+02    3.31906e-06

           Step           Time
          40000       80.00000

   Energies (kJ/mol)
           Bond            U-B    Proper Dih.          LJ-14     Coulomb-14
    2.18667e+02    1.50732e+03    2.21077e+02   -1.23026e+01    1.27969e+04
        LJ (SR)  Disper. corr.   Coulomb (SR)   Coul. recip.      Potential
    1.60865e+04   -6.39579e+02   -1.87906e+05    3.48798e+02   -1.57379e+05
    Kinetic En.   Total Energy  Conserved En.    Temperature Pres. DC (bar)
    3.31272e+04   -1.24252e+05   -1.36712e+05    2.97368e+02   -8.08631e+01
 Pressure (bar)   Constr. rmsd
    1.39266e+02    3.31906e-06

           Step           Time
          45000       90.00000

   Energies (kJ/mol)
           Bond            U-B    Proper Dih.          LJ-14     Coulomb-14
    2.77199e+02    1.49234e+03    2.74316e+02   -1.23738e+01    1.27942e+04
        LJ (SR)  Disper. corr.   Coulomb (SR)   Coul. recip.      Potential
    1.67484e+04   -6.41971e+02   -1.89867e+05    3.48891e+02   -1.58586e+05
    Kinetic En.   Total Energy  Conserved En.    Temperature Pres. DC (bar)
    3.33499e+04   -1.25236e+05   -1.36705e+05    2.99367e+02   -8.14690e+01
 Pressure (bar)   Constr. rmsd
    1.77554e+02    3.31906e-06

           Step           Time
          50000      100.00000

   Energies (kJ/mol)
           Bond            U-B    Proper Dih.          LJ-14     Coulomb-14
    2.55477e+02    1.59285e+03    2.70436e+02   -1.23511e+01    1.27968e+04
        LJ (SR)  Disper. corr.   Coulomb (SR)   Coul. recip.      Potential
    1.62742e+04   -6.41471e+02   -1.89301e+05    3.67963e+02   -1.58397e+05
    Kinetic En.   Total Energy  Conserved En.    Temperature Pres. DC (bar)
    3.28013e+04   -1.25596e+05   -1.36684e+05    2.94442e+02   -8.13420e+01
 Pressure (bar)   Constr. rmsd
    3.11439e+00    3.31906e-06

           Step           Time
          55000      110.00000

   Energies (kJ/mol)
           Bond            U-B    Proper Dih.          LJ-14     Coulomb-14
    2.39199e+02    1.48346e+03    2.78493e+02   -1.22957e+01    1.27802e+04
        LJ (SR)  Disper. corr.   Coulomb (SR)   Coul. recip.      Potential
    1.52108e+04   -6.40496e+02   -1.87168e+05    3.55026e+02   -1.57473e+05
    Kinetic En.   Total Energy  Conserved En.    Temperature Pres. DC (bar)
    3.30120e+04   -1.24461e+05   -1.36699e+05    2.96334e+02   -8.10951e+01
 Pressure (bar)   Constr. rmsd
   -2.65501e+02    3.31906e-06

           Step           Time
          60000      120.00000

   Energies (kJ/mol)
           Bond            U-B    Proper Dih.          LJ-14     Coulomb-14
    3.28530e+02    1.51056e+03    2.64530e+02   -1.20993e+01    1.27636e+04
        LJ (SR)  Disper. corr.   Coulomb (SR)   Coul. recip.      Potential
    1.60645e+04   -6.40182e+02   -1.89005e+05    3.72254e+02   -1.58353e+05
    Kinetic En.   Total Energy  Conserved En.    Temperature Pres. DC (bar)
    3.33410e+04   -1.25012e+05   -1.36677e+05    2.99287e+02   -8.10157e+01
 Pressure (bar)   Constr. rmsd
   -1.95210e+02    3.31906e-06

           Step           Time
          65000      130.00000

   Energies (kJ/mol)
           Bond            U-B    Proper Dih.          LJ-14     Coulomb-14
    2.30218e+02    1.59144e+03    2.42966e+02   -1.21969e+01    1.27747e+04
        LJ (SR)  Disper. corr.   Coulomb (SR)   Coul. recip.      Potential
    1.57861e+04   -6.40017e+02   -1.89015e+05    3.58978e+02   -1.58683e+05
    Kinetic En.   Total Energy  Conserved En.    Temperature Pres. DC (bar)
    3.30694e+04   -1.25613e+05   -1.36681e+05    2.96849e+02   -8.09738e+01
 Pressure (bar)   Constr. rmsd
   -3.21501e+02    3.31906e-06

           Step           Time
          70000      140.00000

   Energies (kJ/mol)
           Bond            U-B    Proper Dih.          LJ-14     Coulomb-14
    3.30328e+02    1.62294e+03    2.23866e+02   -1.21345e+01    1.27731e+04
        LJ (SR)  Disper. corr.   Coulomb (SR)   Coul. recip.      Potential
    1.56548e+04   -6.38886e+02   -1.87715e+05    3.32810e+02   -1.57429e+05
    Kinetic En.   Total Energy  Conserved En.    Temperature Pres. DC (bar)
    3.29537e+04   -1.24475e+05   -1.36678e+05    2.95810e+02   -8.06880e+01
 Pressure (bar)   Constr. rmsd
   -2.76165e+02    3.31906e-06

           Step           Time
          75000      150.00000

   Energies (kJ/mol)
           Bond            U-B    Proper Dih.          LJ-14     Coulomb-14
    2.80948e+02    1.53329e+03    2.74355e+02   -1.26260e+01    1.28305e+04
        LJ (SR)  Disper. corr.   Coulomb (SR)   Coul. recip.      Potential
    1.62085e+04   -6.40714e+02   -1.89172e+05    3.52592e+02   -1.58345e+05
    Kinetic En.   Total Energy  Conserved En.    Temperature Pres. DC (bar)
    3.30660e+04   -1.25279e+05   -1.36680e+05    2.96819e+02   -8.11504e+01
 Pressure (bar)   Constr. rmsd
   -6.46241e+01    3.31906e-06

           Step           Time
          80000      160.00000

   Energies (kJ/mol)
           Bond            U-B    Proper Dih.          LJ-14     Coulomb-14
    2.95199e+02    1.58165e+03    2.48726e+02   -1.24270e+01    1.28065e+04
        LJ (SR)  Disper. corr.   Coulomb (SR)   Coul. recip.      Potential
    1.62684e+04   -6.39503e+02   -1.88421e+05    3.93704e+02   -1.57478e+05
    Kinetic En.   Total Energy  Conserved En.    Temperature Pres. DC (bar)
    3.33188e+04   -1.24159e+05   -1.36673e+05    2.99088e+02   -8.08439e+01
 Pressure (bar)   Constr. rmsd
    2.06109e+02    3.31906e-06

           Step           Time
          85000      170.00000

   Energies (kJ/mol)
           Bond            U-B    Proper Dih.          LJ-14     Coulomb-14
    2.85133e+02    1.46182e+03    2.53613e+02   -1.23921e+01    1.28032e+04
        LJ (SR)  Disper. corr.   Coulomb (SR)   Coul. recip.      Potential
    1.59897e+04   -6.39783e+02   -1.88533e+05    3.42101e+02   -1.58050e+05
    Kinetic En.   Total Energy  Conserved En.    Temperature Pres. DC (bar)
    3.25115e+04   -1.25539e+05   -1.36672e+05    2.91841e+02   -8.09146e+01
 Pressure (bar)   Constr. rmsd
   -9.65830e+01    3.31906e-06

           Step           Time
          90000      180.00000

   Energies (kJ/mol)
           Bond            U-B    Proper Dih.          LJ-14     Coulomb-14
    2.58997e+02    1.68615e+03    2.39156e+02   -1.22332e+01    1.27792e+04
        LJ (SR)  Disper. corr.   Coulomb (SR)   Coul. recip.      Potential
    1.58302e+04   -6.39953e+02   -1.88415e+05    3.58464e+02   -1.57915e+05
    Kinetic En.   Total Energy  Conserved En.    Temperature Pres. DC (bar)
    3.29266e+04   -1.24988e+05   -1.36665e+05    2.95568e+02   -8.09577e+01
 Pressure (bar)   Constr. rmsd
   -1.85129e+02    3.31906e-06

           Step           Time
          95000      190.00000

   Energies (kJ/mol)
           Bond            U-B    Proper Dih.          LJ-14     Coulomb-14
    2.38998e+02    1.64309e+03    3.01742e+02   -1.26931e+01    1.28336e+04
        LJ (SR)  Disper. corr.   Coulomb (SR)   Coul. recip.      Potential
    1.61299e+04   -6.40566e+02   -1.88419e+05    3.57492e+02   -1.57568e+05
    Kinetic En.   Total Energy  Conserved En.    Temperature Pres. DC (bar)
    3.32312e+04   -1.24336e+05   -1.36678e+05    2.98302e+02   -8.11128e+01
 Pressure (bar)   Constr. rmsd
    1.38885e+02    3.31906e-06

           Step           Time
         100000      200.00000

   Energies (kJ/mol)
           Bond            U-B    Proper Dih.          LJ-14     Coulomb-14
    2.78086e+02    1.60475e+03    2.52296e+02   -1.24332e+01    1.28067e+04
        LJ (SR)  Disper. corr.   Coulomb (SR)   Coul. recip.      Potential
    1.62616e+04   -6.39487e+02   -1.88985e+05    3.56755e+02   -1.58077e+05
    Kinetic En.   Total Energy  Conserved En.    Temperature Pres. DC (bar)
    3.29359e+04   -1.25141e+05   -1.36665e+05    2.95651e+02   -8.08400e+01
 Pressure (bar)   Constr. rmsd
   -6.23635e+00    3.31906e-06

           Step           Time
         105000      210.00000

   Energies (kJ/mol)
           Bond            U-B    Proper Dih.          LJ-14     Coulomb-14
    2.47894e+02    1.54109e+03    2.24922e+02   -1.24185e+01    1.28097e+04
        LJ (SR)  Disper. corr.   Coulomb (SR)   Coul. recip.      Potential
    1.69216e+04   -6.39491e+02   -1.89959e+05    3.90107e+02   -1.58476e+05
    Kinetic En.   Total Energy  Conserved En.    Temperature Pres. DC (bar)
    3.27855e+04   -1.25690e+05   -1.36664e+05    2.94301e+02   -8.08410e+01
 Pressure (bar)   Constr. rmsd
    2.29326e+02    3.31906e-06

           Step           Time
         110000      220.00000

   Energies (kJ/mol)
           Bond            U-B    Proper Dih.          LJ-14     Coulomb-14
    2.93483e+02    1.64146e+03    2.35789e+02   -1.24090e+01    1.28079e+04
        LJ (SR)  Disper. corr.   Coulomb (SR)   Coul. recip.      Potential
    1.62101e+04   -6.42036e+02   -1.88520e+05    3.92421e+02   -1.57594e+05
    Kinetic En.   Total Energy  Conserved En.    Temperature Pres. DC (bar)
    3.33901e+04   -1.24203e+05   -1.36650e+05    2.99728e+02   -8.14853e+01
 Pressure (bar)   Constr. rmsd
    2.36637e+02    3.31906e-06

           Step           Time
         115000      230.00000

   Energies (kJ/mol)
           Bond            U-B    Proper Dih.          LJ-14     Coulomb-14
    2.74522e+02    1.54639e+03    2.56833e+02   -1.23003e+01    1.27894e+04
        LJ (SR)  Disper. corr.   Coulomb (SR)   Coul. recip.      Potential
    1.62552e+04   -6.43318e+02   -1.89066e+05    3.42854e+02   -1.58256e+05
    Kinetic En.   Total Energy  Conserved En.    Temperature Pres. DC (bar)
    3.31528e+04   -1.25103e+05   -1.36664e+05    2.97598e+02   -8.18110e+01
 Pressure (bar)   Constr. rmsd
    4.27531e+01    3.31906e-06

           Step           Time
         120000      240.00000

   Energies (kJ/mol)
           Bond            U-B    Proper Dih.          LJ-14     Coulomb-14
    2.99757e+02    1.55098e+03    3.07775e+02   -1.24627e+01    1.28042e+04
        LJ (SR)  Disper. corr.   Coulomb (SR)   Coul. recip.      Potential
    1.59041e+04   -6.40015e+02   -1.88200e+05    3.49549e+02   -1.57636e+05
    Kinetic En.   Total Energy  Conserved En.    Temperature Pres. DC (bar)
    3.29820e+04   -1.24654e+05   -1.36643e+05    2.96065e+02   -8.09734e+01
 Pressure (bar)   Constr. rmsd
   -1.28743e+02    3.31906e-06

           Step           Time
         125000      250.00000

   Energies (kJ/mol)
           Bond            U-B    Proper Dih.          LJ-14     Coulomb-14
    2.01414e+02    1.51177e+03    2.35653e+02   -1.24707e+01    1.28200e+04
        LJ (SR)  Disper. corr.   Coulomb (SR)   Coul. recip.      Potential
    1.65887e+04   -6.40128e+02   -1.89112e+05    3.32019e+02   -1.58075e+05
    Kinetic En.   Total Energy  Conserved En.    Temperature Pres. DC (bar)
    3.30515e+04   -1.25024e+05   -1.36643e+05    2.96688e+02   -8.10019e+01
 Pressure (bar)   Constr. rmsd
    1.93862e+02    3.31906e-06

           Step           Time
         130000      260.00000

   Energies (kJ/mol)
           Bond            U-B    Proper Dih.          LJ-14     Coulomb-14
    3.03729e+02    1.54080e+03    2.83298e+02   -1.24419e+01    1.28048e+04
        LJ (SR)  Disper. corr.   Coulomb (SR)   Coul. recip.      Potential
    1.60467e+04   -6.41032e+02   -1.88263e+05    3.57196e+02   -1.57580e+05
    Kinetic En.   Total Energy  Conserved En.    Temperature Pres. DC (bar)
    3.34365e+04   -1.24143e+05   -1.36636e+05    3.00145e+02   -8.12309e+01
 Pressure (bar)   Constr. rmsd
    8.03055e+00    3.31906e-06

           Step           Time
         135000      270.00000

   Energies (kJ/mol)
           Bond            U-B    Proper Dih.          LJ-14     Coulomb-14
    2.55446e+02    1.53962e+03    2.28784e+02   -1.21304e+01    1.27706e+04
        LJ (SR)  Disper. corr.   Coulomb (SR)   Coul. recip.      Potential
    1.60560e+04   -6.42811e+02   -1.88946e+05    3.55037e+02   -1.58395e+05
    Kinetic En.   Total Energy  Conserved En.    Temperature Pres. DC (bar)
    3.31642e+04   -1.25231e+05   -1.36645e+05    2.97700e+02   -8.16822e+01
 Pressure (bar)   Constr. rmsd
    1.15282e+00    3.31906e-06

           Step           Time
         140000      280.00000

   Energies (kJ/mol)
           Bond            U-B    Proper Dih.          LJ-14     Coulomb-14
    3.05271e+02    1.56887e+03    2.31305e+02   -1.23474e+01    1.28052e+04
        LJ (SR)  Disper. corr.   Coulomb (SR)   Coul. recip.      Potential
    1.62721e+04   -6.40109e+02   -1.89107e+05    3.48472e+02   -1.58229e+05
    Kinetic En.   Total Energy  Conserved En.    Temperature Pres. DC (bar)
    3.25344e+04   -1.25694e+05   -1.36628e+05    2.92047e+02   -8.09971e+01
 Pressure (bar)   Constr. rmsd
   -2.70253e+01    3.31906e-06

           Step           Time
         145000      290.00000

   Energies (kJ/mol)
           Bond            U-B    Proper Dih.          LJ-14     Coulomb-14
    2.93563e+02    1.55371e+03    2.74646e+02   -1.22178e+01    1.27777e+04
        LJ (SR)  Disper. corr.   Coulomb (SR)   Coul. recip.      Potential
    1.63152e+04   -6.42721e+02   -1.88564e+05    3.49750e+02   -1.57654e+05
    Kinetic En.   Total Energy  Conserved En.    Temperature Pres. DC (bar)
    3.24029e+04   -1.25251e+05   -1.36631e+05    2.90866e+02   -8.16592e+01
 Pressure (bar)   Constr. rmsd
    8.42118e+01    3.31906e-06

           Step           Time
         150000      300.00000

   Energies (kJ/mol)
           Bond            U-B    Proper Dih.          LJ-14     Coulomb-14
    2.52069e+02    1.62512e+03    2.48823e+02   -1.24584e+01    1.28110e+04
        LJ (SR)  Disper. corr.   Coulomb (SR)   Coul. recip.      Potential
    1.61435e+04   -6.40118e+02   -1.88428e+05    3.23308e+02   -1.57677e+05
    Kinetic En.   Total Energy  Conserved En.    Temperature Pres. DC (bar)
    3.32598e+04   -1.24417e+05   -1.36630e+05    2.98559e+02   -8.09995e+01
 Pressure (bar)   Constr. rmsd
    9.87500e+01    3.31906e-06

           Step           Time
         155000      310.00000

   Energies (kJ/mol)
           Bond            U-B    Proper Dih.          LJ-14     Coulomb-14
    2.71554e+02    1.62482e+03    2.53401e+02   -1.22325e+01    1.27762e+04
        LJ (SR)  Disper. corr.   Coulomb (SR)   Coul. recip.      Potential
    1.60253e+04   -6.40465e+02   -1.88662e+05    3.65929e+02   -1.57998e+05
    Kinetic En.   Total Energy  Conserved En.    Temperature Pres. DC (bar)
    3.33371e+04   -1.24661e+05   -1.36613e+05    2.99252e+02   -8.10871e+01
 Pressure (bar)   Constr. rmsd
   -5.88451e+01    3.31906e-06

           Step           Time
         160000      320.00000

   Energies (kJ/mol)
           Bond            U-B    Proper Dih.          LJ-14     Coulomb-14
    2.94547e+02    1.45506e+03    2.67359e+02   -1.25888e+01    1.28330e+04
        LJ (SR)  Disper. corr.   Coulomb (SR)   Coul. recip.      Potential
    1.59482e+04   -6.40010e+02   -1.88814e+05    3.49475e+02   -1.58319e+05
    Kinetic En.   Total Energy  Conserved En.    Temperature Pres. DC (bar)
    3.34468e+04   -1.24872e+05   -1.36625e+05    3.00237e+02   -8.09720e+01
 Pressure (bar)   Constr. rmsd
   -1.99774e+01    3.31906e-06

           Step           Time
         165000      330.00000

   Energies (kJ/mol)
           Bond            U-B    Proper Dih.          LJ-14     Coulomb-14
    3.05787e+02    1.53514e+03    2.61091e+02   -1.23126e+01    1.27844e+04
        LJ (SR)  Disper. corr.   Coulomb (SR)   Coul. recip.      Potential
    1.58484e+04   -6.39523e+02   -1.87977e+05    3.65889e+02   -1.57528e+05
    Kinetic En.   Total Energy  Conserved En.    Temperature Pres. DC (bar)
    3.32714e+04   -1.24257e+05   -1.36606e+05    2.98663e+02   -8.08491e+01
 Pressure (bar)   Constr. rmsd
   -8.70748e+01    3.31906e-06

           Step           Time
         170000      340.00000

   Energies (kJ/mol)
           Bond            U-B    Proper Dih.          LJ-14     Coulomb-14
    2.95796e+02    1.59838e+03    2.48871e+02   -1.24658e+01    1.28122e+04
        LJ (SR)  Disper. corr.   Coulomb (SR)   Coul. recip.      Potential
    1.55732e+04   -6.41872e+02   -1.88215e+05    3.68043e+02   -1.57973e+05
    Kinetic En.   Total Energy  Conserved En.    Temperature Pres. DC (bar)
    3.38876e+04   -1.24085e+05   -1.36597e+05    3.04194e+02   -8.14436e+01
 Pressure (bar)   Constr. rmsd
   -1.40409e+02    3.31906e-06

           Step           Time
         175000      350.00000

   Energies (kJ/mol)
           Bond            U-B    Proper Dih.          LJ-14     Coulomb-14
    2.97211e+02    1.56740e+03    2.58527e+02   -1.26053e+01    1.28341e+04
        LJ (SR)  Disper. corr.   Coulomb (SR)   Coul. recip.      Potential
    1.59844e+04   -6.40631e+02   -1.88676e+05    3.55719e+02   -1.58032e+05
    Kinetic En.   Total Energy  Conserved En.    Temperature Pres. DC (bar)
    3.34411e+04   -1.24591e+05   -1.36594e+05    3.00186e+02   -8.11293e+01
 Pressure (bar)   Constr. rmsd
    9.68651e+01    3.31906e-06

           Step           Time
         180000      360.00000

   Energies (kJ/mol)
           Bond            U-B    Proper Dih.          LJ-14     Coulomb-14
    3.02173e+02    1.53299e+03    2.59062e+02   -1.21469e+01    1.27671e+04
        LJ (SR)  Disper. corr.   Coulomb (SR)   Coul. recip.      Potential
    1.56890e+04   -6.40748e+02   -1.88458e+05    3.44053e+02   -1.58217e+05
    Kinetic En.   Total Energy  Conserved En.    Temperature Pres. DC (bar)
    3.31449e+04   -1.25072e+05   -1.36592e+05    2.97527e+02   -8.11589e+01
 Pressure (bar)   Constr. rmsd
   -2.96234e+02    3.31906e-06

           Step           Time
         185000      370.00000

   Energies (kJ/mol)
           Bond            U-B    Proper Dih.          LJ-14     Coulomb-14
    2.70594e+02    1.51007e+03    2.50258e+02   -1.24117e+01    1.28042e+04
        LJ (SR)  Disper. corr.   Coulomb (SR)   Coul. recip.      Potential
    1.60857e+04   -6.40207e+02   -1.88508e+05    3.39242e+02   -1.57900e+05
    Kinetic En.   Total Energy  Conserved En.    Temperature Pres. DC (bar)
    3.32364e+04   -1.24664e+05   -1.36594e+05    2.98348e+02   -8.10220e+01
 Pressure (bar)   Constr. rmsd
   -1.13567e+02    3.31906e-06

           Step           Time
         190000      380.00000

   Energies (kJ/mol)
           Bond            U-B    Proper Dih.          LJ-14     Coulomb-14
    2.68863e+02    1.44337e+03    2.70985e+02   -1.25216e+01    1.28246e+04
        LJ (SR)  Disper. corr.   Coulomb (SR)   Coul. recip.      Potential
    1.57125e+04   -6.40669e+02   -1.87912e+05    3.46376e+02   -1.57699e+05
    Kinetic En.   Total Energy  Conserved En.    Temperature Pres. DC (bar)
    3.39341e+04   -1.23765e+05   -1.36592e+05    3.04611e+02   -8.11388e+01
 Pressure (bar)   Constr. rmsd
   -9.76181e+01    3.31906e-06

           Step           Time
         195000      390.00000

   Energies (kJ/mol)
           Bond            U-B    Proper Dih.          LJ-14     Coulomb-14
    2.60012e+02    1.47729e+03    2.55968e+02   -1.21006e+01    1.27603e+04
        LJ (SR)  Disper. corr.   Coulomb (SR)   Coul. recip.      Potential
    1.56511e+04   -6.40855e+02   -1.88497e+05    3.60772e+02   -1.58385e+05
    Kinetic En.   Total Energy  Conserved En.    Temperature Pres. DC (bar)
    3.28893e+04   -1.25496e+05   -1.36583e+05    2.95232e+02   -8.11860e+01
 Pressure (bar)   Constr. rmsd
   -2.89240e+02    3.31906e-06

           Step           Time
         200000      400.00000

   Energies (kJ/mol)
           Bond            U-B    Proper Dih.          LJ-14     Coulomb-14
    3.04777e+02    1.46322e+03    2.60437e+02   -1.25371e+01    1.28220e+04
        LJ (SR)  Disper. corr.   Coulomb (SR)   Coul. recip.      Potential
    1.58139e+04   -6.41317e+02   -1.88465e+05    3.40020e+02   -1.58115e+05
    Kinetic En.   Total Energy  Conserved En.    Temperature Pres. DC (bar)
    3.25275e+04   -1.25587e+05   -1.36570e+05    2.91985e+02   -8.13031e+01
 Pressure (bar)   Constr. rmsd
   -2.38492e+02    3.31906e-06

           Step           Time
         205000      410.00000

   Energies (kJ/mol)
           Bond            U-B    Proper Dih.          LJ-14     Coulomb-14
    2.70592e+02    1.45180e+03    2.69759e+02   -1.22082e+01    1.27730e+04
        LJ (SR)  Disper. corr.   Coulomb (SR)   Coul. recip.      Potential
    1.63043e+04   -6.41545e+02   -1.87754e+05    3.50192e+02   -1.56988e+05
    Kinetic En.   Total Energy  Conserved En.    Temperature Pres. DC (bar)
    3.28748e+04   -1.24113e+05   -1.36576e+05    2.95102e+02   -8.13609e+01
 Pressure (bar)   Constr. rmsd
    3.43117e+02    3.31906e-06

           Step           Time
         210000      420.00000

   Energies (kJ/mol)
           Bond            U-B    Proper Dih.          LJ-14     Coulomb-14
    2.49623e+02    1.46578e+03    2.61763e+02   -1.23257e+01    1.27880e+04
        LJ (SR)  Disper. corr.   Coulomb (SR)   Coul. recip.      Potential
    1.59027e+04   -6.41036e+02   -1.88558e+05    3.44996e+02   -1.58199e+05
    Kinetic En.   Total Energy  Conserved En.    Temperature Pres. DC (bar)
    3.29493e+04   -1.25249e+05   -1.36577e+05    2.95771e+02   -8.12317e+01
 Pressure (bar)   Constr. rmsd
   -1.42515e+02    3.31906e-06

           Step           Time
         215000      430.00000

   Energies (kJ/mol)
           Bond            U-B    Proper Dih.          LJ-14     Coulomb-14
    2.61985e+02    1.46332e+03    2.30321e+02   -1.24347e+01    1.28217e+04
        LJ (SR)  Disper. corr.   Coulomb (SR)   Coul. recip.      Potential
    1.58511e+04   -6.39613e+02   -1.87992e+05    3.18625e+02   -1.57697e+05
    Kinetic En.   Total Energy  Conserved En.    Temperature Pres. DC (bar)
    3.32377e+04   -1.24460e+05   -1.36573e+05    2.98360e+02   -8.08718e+01
 Pressure (bar)   Constr. rmsd
    6.51626e+01    3.31906e-06

           Step           Time
         220000      440.00000

   Energies (kJ/mol)
           Bond            U-B    Proper Dih.          LJ-14     Coulomb-14
    2.80512e+02    1.53962e+03    2.44764e+02   -1.26322e+01    1.28386e+04
        LJ (SR)  Disper. corr.   Coulomb (SR)   Coul. recip.      Potential
    1.57607e+04   -6.40534e+02   -1.87698e+05    3.79969e+02   -1.57307e+05
    Kinetic En.   Total Energy  Conserved En.    Temperature Pres. DC (bar)
    3.31234e+04   -1.24184e+05   -1.36551e+05    2.97334e+02   -8.11046e+01
 Pressure (bar)   Constr. rmsd
   -8.07209e+01    3.31906e-06

           Step           Time
         225000      450.00000

   Energies (kJ/mol)
           Bond            U-B    Proper Dih.          LJ-14     Coulomb-14
    2.94518e+02    1.58275e+03    2.59243e+02   -1.22077e+01    1.27742e+04
        LJ (SR)  Disper. corr.   Coulomb (SR)   Coul. recip.      Potential
    1.58459e+04   -6.41003e+02   -1.88635e+05    3.38156e+02   -1.58193e+05
    Kinetic En.   Total Energy  Conserved En.    Temperature Pres. DC (bar)
    3.31986e+04   -1.24995e+05   -1.36551e+05    2.98009e+02   -8.12235e+01
 Pressure (bar)   Constr. rmsd
   -1.19202e+02    3.31906e-06

           Step           Time
         230000      460.00000

   Energies (kJ/mol)
           Bond            U-B    Proper Dih.          LJ-14     Coulomb-14
    2.77476e+02    1.61315e+03    2.92592e+02   -1.24655e+01    1.28065e+04
        LJ (SR)  Disper. corr.   Coulomb (SR)   Coul. recip.      Potential
    1.62346e+04   -6.41222e+02   -1.88879e+05    3.31081e+02   -1.57977e+05
    Kinetic En.   Total Energy  Conserved En.    Temperature Pres. DC (bar)
    3.26495e+04   -1.25328e+05   -1.36548e+05    2.93080e+02   -8.12788e+01
 Pressure (bar)   Constr. rmsd
    1.65288e+02    3.31906e-06

           Step           Time
         235000      470.00000

   Energies (kJ/mol)
           Bond            U-B    Proper Dih.          LJ-14     Coulomb-14
    2.62127e+02    1.63617e+03    2.45766e+02   -1.22064e+01    1.27848e+04
        LJ (SR)  Disper. corr.   Coulomb (SR)   Coul. recip.      Potential
    1.59260e+04   -6.41329e+02   -1.88690e+05    3.41432e+02   -1.58147e+05
    Kinetic En.   Total Energy  Conserved En.    Temperature Pres. DC (bar)
    3.34377e+04   -1.24709e+05   -1.36545e+05    3.00156e+02   -8.13059e+01
 Pressure (bar)   Constr. rmsd
   -1.48103e+02    3.31906e-06

Writing checkpoint, step 238200 at Tue Jul 15 15:07:12 2025


           Step           Time
         240000      480.00000

   Energies (kJ/mol)
           Bond            U-B    Proper Dih.          LJ-14     Coulomb-14
    2.52046e+02    1.48628e+03    2.55401e+02   -1.23715e+01    1.27993e+04
        LJ (SR)  Disper. corr.   Coulomb (SR)   Coul. recip.      Potential
    1.61467e+04   -6.40106e+02   -1.88833e+05    3.61843e+02   -1.58184e+05
    Kinetic En.   Total Energy  Conserved En.    Temperature Pres. DC (bar)
    3.32297e+04   -1.24954e+05   -1.36550e+05    2.98288e+02   -8.09963e+01
 Pressure (bar)   Constr. rmsd
   -2.74107e+01    3.31906e-06

           Step           Time
         245000      490.00000

   Energies (kJ/mol)
           Bond            U-B    Proper Dih.          LJ-14     Coulomb-14
    2.85356e+02    1.55920e+03    2.64171e+02   -1.23531e+01    1.27925e+04
        LJ (SR)  Disper. corr.   Coulomb (SR)   Coul. recip.      Potential
    1.60569e+04   -6.42231e+02   -1.88619e+05    3.61173e+02   -1.57954e+05
    Kinetic En.   Total Energy  Conserved En.    Temperature Pres. DC (bar)
    3.33927e+04   -1.24561e+05   -1.36552e+05    2.99751e+02   -8.15348e+01
 Pressure (bar)   Constr. rmsd
    4.56077e+01    3.31906e-06

           Step           Time
         250000      500.00000

Writing checkpoint, step 250000 at Tue Jul 15 15:07:15 2025


   Energies (kJ/mol)
           Bond            U-B    Proper Dih.          LJ-14     Coulomb-14
    2.57773e+02    1.47326e+03    2.28233e+02   -1.24010e+01    1.28072e+04
        LJ (SR)  Disper. corr.   Coulomb (SR)   Coul. recip.      Potential
    1.60592e+04   -6.39782e+02   -1.88207e+05    3.64432e+02   -1.57669e+05
    Kinetic En.   Total Energy  Conserved En.    Temperature Pres. DC (bar)
    3.31145e+04   -1.24554e+05   -1.36546e+05    2.97254e+02   -8.09144e+01
 Pressure (bar)   Constr. rmsd
    7.22100e+00    3.31906e-06


Energy conservation over simulation part #1 of length 500 ns, time 0 to 500 ns
  Conserved energy drift: 8.12e-05 kJ/mol/ps per atom


	<======  ###############  ==>
	<====  A V E R A G E S  ====>
	<==  ###############  ======>

	Statistics over 250001 steps using 2501 frames

   Energies (kJ/mol)
           Bond            U-B    Proper Dih.          LJ-14     Coulomb-14
    2.69614e+02    1.53869e+03    2.57511e+02   -1.23585e+01    1.27976e+04
        LJ (SR)  Disper. corr.   Coulomb (SR)   Coul. recip.      Potential
    1.60784e+04   -6.40626e+02   -1.88608e+05    3.52351e+02   -1.57966e+05
    Kinetic En.   Total Energy  Conserved En.    Temperature Pres. DC (bar)
    3.31757e+04   -1.24791e+05   -1.36640e+05    2.97803e+02   -8.11282e+01
 Pressure (bar)   Constr. rmsd
    5.22932e+00    0.00000e+00

          Box-X          Box-Y          Box-Z
    4.03287e+00    4.03287e+00    8.06573e+00

   Total Virial (kJ/mol)
    1.10653e+04   -1.89264e+01    1.20407e+01
   -1.89260e+01    1.10133e+04    7.38123e+00
    1.20417e+01    7.38090e+00    1.10351e+04

   Pressure (bar)
   -3.27020e+00    3.89350e+00   -3.34102e+00
    3.89340e+00    1.19293e+01   -1.10576e+00
   -3.34126e+00   -1.10567e+00    7.02886e+00


	M E G A - F L O P S   A C C O U N T I N G

 NB=Group-cutoff nonbonded kernels    NxN=N-by-N cluster Verlet kernels
 RF=Reaction-Field  VdW=Van der Waals  QSTab=quadratic-spline table
 W3=SPC/TIP3p  W4=TIP4p (single or pairs)
 V&F=Potential and force  V=Potential only  F=Force only

 Computing:                               M-Number         M-Flops  % Flops
-----------------------------------------------------------------------------
 Pair Search distance check            5096.808576       45871.277     0.0
 NxN Ewald Elec. + LJ [F]           5708509.849152   376761650.044    98.3
 NxN Ewald Elec. + LJ [V&F]           57684.755456     6172268.834     1.6
 1,4 nonbonded interactions             150.000600       13500.054     0.0
 Shift-X                                 33.013200         198.079     0.0
 Bonds                                   50.000200        2950.012     0.0
 Propers                                150.000600       34350.137     0.0
 Virial                                 331.138245        5960.488     0.0
 Stop-CM                                 33.026400         330.264     0.0
 P-Coupling                             330.013200        1980.079     0.0
 Calc-Ekin                              660.026400       17820.713     0.0
 Lincs                                    0.001600           0.096     0.0
 Lincs-Mat                                0.014400           0.058     0.0
 Constraint-V                             0.013600           0.122     0.0
 Settle                                   0.008000           2.960     0.0
 Urey-Bradley                           350.001400       64050.256     0.0
-----------------------------------------------------------------------------
 Total                                               383120933.474   100.0
-----------------------------------------------------------------------------


     R E A L   C Y C L E   A N D   T I M E   A C C O U N T I N G

On 1 MPI rank, each using 10 OpenMP threads

 Computing:          Num   Num      Call    Wall time         Giga-Cycles
                     Ranks Threads  Count      (s)         total sum    %
-----------------------------------------------------------------------------
 Neighbor search        1   10       2501       3.544         92.147   5.6
 Launch GPU ops.        1   10     497501      23.722        616.781  37.3
 Force                  1   10     250001       4.320        112.325   6.8
 Wait PME GPU gather    1   10     250001       0.715         18.592   1.1
 Reduce GPU PME F       1   10     250001       0.166          4.314   0.3
 Wait GPU NB local      1   10     225000       0.772         20.073   1.2
 Wait GPU state copy    1   10     312504      21.986        571.641  34.6
 NB X/F buffer ops.     1   10      25001       0.514         13.362   0.8
 Write traj.            1   10         52       0.923         23.988   1.5
 Constraints            1   10          2       0.001          0.036   0.0
 Rest                                           6.888        179.081  10.8
-----------------------------------------------------------------------------
 Total                                         63.551       1652.340 100.0
-----------------------------------------------------------------------------

               Core t (s)   Wall t (s)        (%)
       Time:      635.507       63.551     1000.0
                 (ns/day)    (hour/ns)
Performance:      679.767        0.035
Finished mdrun on rank 0 Tue Jul 15 15:07:16 2025

