[Wed Jun 18 04:52:59 PM CDT 2025] Running EM
[Wed Jun 18 04:52:59 PM CDT 2025] Starting EM from scratch
Setting the LD random seed to -1618051073

Generated 169542 of the 169653 non-bonded parameter combinations

Generated 119175 of the 169653 1-4 parameter combinations

Excluding 3 bonded neighbours molecule type 'PHBA'

Excluding 3 bonded neighbours molecule type 'CHLF'

Excluding 3 bonded neighbours molecule type 'ACN'

Excluding 2 bonded neighbours molecule type 'SOL'

atom name 1 in topol.top and box.gro does not match (C1 - C)

atom name 2 in topol.top and box.gro does not match (C2 - C)

atom name 3 in topol.top and box.gro does not match (H1 - H)

atom name 4 in topol.top and box.gro does not match (H2 - H)

atom name 5 in topol.top and box.gro does not match (C3 - C)

atom name 6 in topol.top and box.gro does not match (C4 - C)

atom name 7 in topol.top and box.gro does not match (O1 - O)

atom name 8 in topol.top and box.gro does not match (C5 - C)

atom name 9 in topol.top and box.gro does not match (C6 - C)

atom name 10 in topol.top and box.gro does not match (C7 - C)

atom name 11 in topol.top and box.gro does not match (O2 - O)

atom name 12 in topol.top and box.gro does not match (H3 - H)

atom name 13 in topol.top and box.gro does not match (O3 - O)

atom name 14 in topol.top and box.gro does not match (H4 - H)

atom name 15 in topol.top and box.gro does not match (H5 - H)

atom name 16 in topol.top and box.gro does not match (H6 - H)

atom name 17 in topol.top and box.gro does not match (C1 - C)

atom name 18 in topol.top and box.gro does not match (C2 - C)

atom name 19 in topol.top and box.gro does not match (H1 - H)

atom name 20 in topol.top and box.gro does not match (H2 - H)

(more than 20 non-matching atom names)
Analysing residue names:
There are:  6062      Other residues
There are:  1510      Water residues
Analysing residues not classified as Protein/DNA/RNA/Water and splitting into groups...
Calculating fourier grid dimensions for X Y Z
Using a fourier grid of 52x52x200, spacing 0.115 0.115 0.120

Estimate for the relative computational load of the PME mesh part: 0.32

This run will generate roughly 3 Mb of data
[Wed Jun 18 05:06:06 PM CDT 2025] Running NVT for 
[Wed Jun 18 05:06:06 PM CDT 2025] Starting NVT from scratch
Setting the LD random seed to -672729833

Generated 169542 of the 169653 non-bonded parameter combinations

Generated 119175 of the 169653 1-4 parameter combinations

Excluding 3 bonded neighbours molecule type 'PHBA'

turning H bonds into constraints...

Excluding 3 bonded neighbours molecule type 'CHLF'

turning H bonds into constraints...

Excluding 3 bonded neighbours molecule type 'ACN'

turning H bonds into constraints...

Excluding 2 bonded neighbours molecule type 'SOL'

turning H bonds into constraints...

Setting gen_seed to -1083228673

Velocities were taken from a Maxwell distribution at 300 K
Analysing residue names:
There are:  6062      Other residues
There are:  1510      Water residues
Analysing residues not classified as Protein/DNA/RNA/Water and splitting into groups...

Determining Verlet buffer for a tolerance of 0.005 kJ/mol/ps at 298 K

Calculated rlist for 1x1 atom pair-list as 1.400 nm, buffer size 0.000 nm

Set rlist, assuming 4x4 atom pair-list, to 1.400 nm, buffer size 0.000 nm

Note that mdrun will redetermine rlist based on the actual pair-list setup
Calculating fourier grid dimensions for X Y Z
Using a fourier grid of 52x52x200, spacing 0.115 0.115 0.120

Estimate for the relative computational load of the PME mesh part: 0.28

This run will generate roughly 218 Mb of data
[Wed Jun 18 05:17:33 PM CDT 2025] Running NPT for 
[Wed Jun 18 05:17:33 PM CDT 2025] Starting NPT from scratch
Setting the LD random seed to 1993027389

Generated 169542 of the 169653 non-bonded parameter combinations

Generated 119175 of the 169653 1-4 parameter combinations

Excluding 3 bonded neighbours molecule type 'PHBA'

turning H bonds into constraints...

Excluding 3 bonded neighbours molecule type 'CHLF'

turning H bonds into constraints...

Excluding 3 bonded neighbours molecule type 'ACN'

turning H bonds into constraints...

Excluding 2 bonded neighbours molecule type 'SOL'

turning H bonds into constraints...

Setting gen_seed to -1078391818

Velocities were taken from a Maxwell distribution at 300 K
Analysing residue names:
There are:  6062      Other residues
There are:  1510      Water residues
Analysing residues not classified as Protein/DNA/RNA/Water and splitting into groups...

Determining Verlet buffer for a tolerance of 0.005 kJ/mol/ps at 298 K

Calculated rlist for 1x1 atom pair-list as 1.400 nm, buffer size 0.000 nm

Set rlist, assuming 4x4 atom pair-list, to 1.400 nm, buffer size 0.000 nm

Note that mdrun will redetermine rlist based on the actual pair-list setup
Calculating fourier grid dimensions for X Y Z
Using a fourier grid of 52x52x200, spacing 0.115 0.115 0.120

Estimate for the relative computational load of the PME mesh part: 0.27

This run will generate roughly 433 Mb of data
[Wed Jun 18 05:41:12 PM CDT 2025] Running NVT_prod for 
[Wed Jun 18 05:41:12 PM CDT 2025] Starting NVT_prod from scratch
Setting the LD random seed to -8952848

Generated 169542 of the 169653 non-bonded parameter combinations

Generated 119175 of the 169653 1-4 parameter combinations

Excluding 3 bonded neighbours molecule type 'PHBA'

turning H bonds into constraints...

Excluding 3 bonded neighbours molecule type 'CHLF'

turning H bonds into constraints...

Excluding 3 bonded neighbours molecule type 'ACN'

turning H bonds into constraints...

Excluding 2 bonded neighbours molecule type 'SOL'

turning H bonds into constraints...

Setting gen_seed to -169968642

Velocities were taken from a Maxwell distribution at 300 K
Analysing residue names:
There are:  6062      Other residues
There are:  1510      Water residues
Analysing residues not classified as Protein/DNA/RNA/Water and splitting into groups...

Determining Verlet buffer for a tolerance of 0.005 kJ/mol/ps at 298 K

Calculated rlist for 1x1 atom pair-list as 1.400 nm, buffer size 0.000 nm

Set rlist, assuming 4x4 atom pair-list, to 1.400 nm, buffer size 0.000 nm

Note that mdrun will redetermine rlist based on the actual pair-list setup
Calculating fourier grid dimensions for X Y Z
Using a fourier grid of 40x40x160, spacing 0.115 0.115 0.115

Estimate for the relative computational load of the PME mesh part: 0.13
