                      :-) GROMACS - gmx mdrun, 2021.5 (-:

                            GROMACS is written by:
     Andrey Alekseenko              Emile Apol              Rossen Apostolov     
         Paul Bauer           Herman J.C. Berendsen           Par Bjelkmar       
       Christian Blau           Viacheslav Bolnykh             Kevin Boyd        
     Aldert van Buuren           Rudi van Drunen             Anton Feenstra      
    Gilles Gouaillardet             Alan Gray               Gerrit Groenhof      
       Anca Hamuraru            Vincent Hindriksen          M. Eric Irrgang      
      Aleksei Iupinov           Christoph Junghans             Joe Jordan        
    Dimitrios Karkoulis            Peter Kasson                Jiri Kraus        
      Carsten Kutzner              Per Larsson              Justin A. Lemkul     
       Viveca Lindahl            Magnus Lundborg             Erik Marklund       
        Pascal Merz             Pieter Meulenhoff            Teemu Murtola       
        Szilard Pall               Sander Pronk              Roland Schulz       
       Michael Shirts            Alexey Shvetsov             Alfons Sijbers      
       Peter Tieleman              Jon Vincent              Teemu Virolainen     
     Christian Wennberg            Maarten Wolf              Artem Zhmurov       
                           and the project leaders:
        Mark Abraham, Berk Hess, Erik Lindahl, and David van der Spoel

Copyright (c) 1991-2000, University of Groningen, The Netherlands.
Copyright (c) 2001-2019, The GROMACS development team at
Uppsala University, Stockholm University and
the Royal Institute of Technology, Sweden.
check out http://www.gromacs.org for more information.

GROMACS is free software; you can redistribute it and/or modify it
under the terms of the GNU Lesser General Public License
as published by the Free Software Foundation; either version 2.1
of the License, or (at your option) any later version.

GROMACS:      gmx mdrun, version 2021.5
Executable:   /usr/local/gromacs_2021.5/bin/gmx
Data prefix:  /usr/local/gromacs_2021.5
Working dir:  /srv/home/apbal/work/REU/practice/biphasic_charm/solv/new_nvt
Process ID:   814732
Command line:
  gmx mdrun -v -deffnm npt_pr -ntomp 10 -nb gpu -bonded cpu -update gpu -ntmpi 1 -cpt 1

GROMACS version:    2021.5
Precision:          mixed
Memory model:       64 bit
MPI library:        thread_mpi
OpenMP support:     enabled (GMX_OPENMP_MAX_THREADS = 256)
GPU support:        CUDA
SIMD instructions:  AVX2_256
FFT library:        fftw-3.3.8-sse2-avx-avx2-avx2_128
RDTSCP usage:       enabled
TNG support:        enabled
Hwloc support:      disabled
Tracing support:    disabled
C compiler:         /usr/bin/cc GNU 9.4.0
C compiler flags:   -mavx2 -mfma -Wno-missing-field-initializers -fexcess-precision=fast -funroll-all-loops -pthread -O3 -DNDEBUG
C++ compiler:       /usr/bin/c++ GNU 9.4.0
C++ compiler flags: -mavx2 -mfma -Wno-missing-field-initializers -fexcess-precision=fast -funroll-all-loops -pthread -fopenmp -O3 -DNDEBUG
CUDA compiler:      /usr/local/cuda-12.2/bin/nvcc nvcc: NVIDIA (R) Cuda compiler driver;Copyright (c) 2005-2023 NVIDIA Corporation;Built on Tue_Aug_15_22:02:13_PDT_2023;Cuda compilation tools, release 12.2, V12.2.140;Build cuda_12.2.r12.2/compiler.33191640_0
CUDA compiler flags:-std=c++17;-gencode;arch=compute_60,code=sm_60;-gencode;arch=compute_61,code=sm_61;-gencode;arch=compute_62,code=sm_62;-gencode;arch=compute_70,code=sm_70;-gencode;arch=compute_75,code=sm_75;-gencode;arch=compute_80,code=sm_80;-gencode;arch=compute_86,code=sm_86;-gencode;arch=compute_89,code=sm_89;-gencode;arch=compute_60,code=compute_60;-gencode;arch=compute_61,code=compute_61;-gencode;arch=compute_62,code=compute_62;-gencode;arch=compute_70,code=compute_70;-gencode;arch=compute_75,code=compute_75;-gencode;arch=compute_80,code=compute_80;-gencode;arch=compute_86,code=compute_86;-gencode;arch=compute_89,code=compute_89;-use_fast_math;-D_FORCE_INLINES;-mavx2 -mfma -Wno-missing-field-initializers -fexcess-precision=fast -funroll-all-loops -pthread -fopenmp -O3 -DNDEBUG
CUDA driver:        12.90
CUDA runtime:       12.20


Running on 1 node with total 128 cores, 128 logical cores, 1 compatible GPU
Hardware detected:
  CPU info:
    Vendor: AMD
    Brand:  AMD EPYC 7513 32-Core Processor                
    Family: 25   Model: 1   Stepping: 1
    Features: aes amd apic avx avx2 clfsh cmov cx8 cx16 f16c fma htt lahf misalignsse mmx msr nonstop_tsc pcid pclmuldq pdpe1gb popcnt pse rdrnd rdtscp sha sse2 sse3 sse4a sse4.1 sse4.2 ssse3
  Hardware topology: Only logical processor count
  GPU info:
    Number of GPUs detected: 1
    #0: NVIDIA NVIDIA RTX A4500, compute cap.: 8.6, ECC:  no, stat: compatible


++++ PLEASE READ AND CITE THE FOLLOWING REFERENCE ++++
M. J. Abraham, T. Murtola, R. Schulz, S. Páll, J. C. Smith, B. Hess, E.
Lindahl
GROMACS: High performance molecular simulations through multi-level
parallelism from laptops to supercomputers
SoftwareX 1 (2015) pp. 19-25
-------- -------- --- Thank You --- -------- --------


++++ PLEASE READ AND CITE THE FOLLOWING REFERENCE ++++
S. Páll, M. J. Abraham, C. Kutzner, B. Hess, E. Lindahl
Tackling Exascale Software Challenges in Molecular Dynamics Simulations with
GROMACS
In S. Markidis & E. Laure (Eds.), Solving Software Challenges for Exascale 8759 (2015) pp. 3-27
-------- -------- --- Thank You --- -------- --------


++++ PLEASE READ AND CITE THE FOLLOWING REFERENCE ++++
S. Pronk, S. Páll, R. Schulz, P. Larsson, P. Bjelkmar, R. Apostolov, M. R.
Shirts, J. C. Smith, P. M. Kasson, D. van der Spoel, B. Hess, and E. Lindahl
GROMACS 4.5: a high-throughput and highly parallel open source molecular
simulation toolkit
Bioinformatics 29 (2013) pp. 845-54
-------- -------- --- Thank You --- -------- --------


++++ PLEASE READ AND CITE THE FOLLOWING REFERENCE ++++
B. Hess and C. Kutzner and D. van der Spoel and E. Lindahl
GROMACS 4: Algorithms for highly efficient, load-balanced, and scalable
molecular simulation
J. Chem. Theory Comput. 4 (2008) pp. 435-447
-------- -------- --- Thank You --- -------- --------


++++ PLEASE READ AND CITE THE FOLLOWING REFERENCE ++++
D. van der Spoel, E. Lindahl, B. Hess, G. Groenhof, A. E. Mark and H. J. C.
Berendsen
GROMACS: Fast, Flexible and Free
J. Comp. Chem. 26 (2005) pp. 1701-1719
-------- -------- --- Thank You --- -------- --------


++++ PLEASE READ AND CITE THE FOLLOWING REFERENCE ++++
E. Lindahl and B. Hess and D. van der Spoel
GROMACS 3.0: A package for molecular simulation and trajectory analysis
J. Mol. Mod. 7 (2001) pp. 306-317
-------- -------- --- Thank You --- -------- --------


++++ PLEASE READ AND CITE THE FOLLOWING REFERENCE ++++
H. J. C. Berendsen, D. van der Spoel and R. van Drunen
GROMACS: A message-passing parallel molecular dynamics implementation
Comp. Phys. Comm. 91 (1995) pp. 43-56
-------- -------- --- Thank You --- -------- --------


++++ PLEASE CITE THE DOI FOR THIS VERSION OF GROMACS ++++
https://doi.org/10.5281/zenodo.5850051
-------- -------- --- Thank You --- -------- --------

Input Parameters:
   integrator                     = md
   tinit                          = 0
   dt                             = 0.002
   nsteps                         = 500000
   init-step                      = 0
   simulation-part                = 1
   mts                            = false
   comm-mode                      = Linear
   nstcomm                        = 100
   bd-fric                        = 0
   ld-seed                        = 1476263615
   emtol                          = 10
   emstep                         = 0.01
   niter                          = 20
   fcstep                         = 0
   nstcgsteep                     = 1000
   nbfgscorr                      = 10
   rtpi                           = 0.05
   nstxout                        = 50000
   nstvout                        = 50000
   nstfout                        = 0
   nstlog                         = 50000
   nstcalcenergy                  = 100
   nstenergy                      = 50000
   nstxout-compressed             = 50000
   compressed-x-precision         = 1000
   cutoff-scheme                  = Verlet
   nstlist                        = 10
   pbc                            = xyz
   periodic-molecules             = false
   verlet-buffer-tolerance        = 0.005
   rlist                          = 1.4
   coulombtype                    = PME
   coulomb-modifier               = Potential-shift
   rcoulomb-switch                = 0
   rcoulomb                       = 1.4
   epsilon-r                      = 1
   epsilon-rf                     = inf
   vdw-type                       = Cut-off
   vdw-modifier                   = Potential-shift
   rvdw-switch                    = 0
   rvdw                           = 1.4
   DispCorr                       = EnerPres
   table-extension                = 1
   fourierspacing                 = 0.12
   fourier-nx                     = 42
   fourier-ny                     = 42
   fourier-nz                     = 84
   pme-order                      = 4
   ewald-rtol                     = 1e-05
   ewald-rtol-lj                  = 0.001
   lj-pme-comb-rule               = Geometric
   ewald-geometry                 = 0
   epsilon-surface                = 0
   tcoupl                         = V-rescale
   nsttcouple                     = 10
   nh-chain-length                = 0
   print-nose-hoover-chain-variables = false
   pcoupl                         = Parrinello-Rahman
   pcoupltype                     = Isotropic
   nstpcouple                     = 10
   tau-p                          = 2
   compressibility (3x3):
      compressibility[    0]={ 4.50000e-05,  0.00000e+00,  0.00000e+00}
      compressibility[    1]={ 0.00000e+00,  4.50000e-05,  0.00000e+00}
      compressibility[    2]={ 0.00000e+00,  0.00000e+00,  4.50000e-05}
   ref-p (3x3):
      ref-p[    0]={ 1.00000e+00,  0.00000e+00,  0.00000e+00}
      ref-p[    1]={ 0.00000e+00,  1.00000e+00,  0.00000e+00}
      ref-p[    2]={ 0.00000e+00,  0.00000e+00,  1.00000e+00}
   refcoord-scaling               = No
   posres-com (3):
      posres-com[0]= 0.00000e+00
      posres-com[1]= 0.00000e+00
      posres-com[2]= 0.00000e+00
   posres-comB (3):
      posres-comB[0]= 0.00000e+00
      posres-comB[1]= 0.00000e+00
      posres-comB[2]= 0.00000e+00
   QMMM                           = false
qm-opts:
   ngQM                           = 0
   constraint-algorithm           = Lincs
   continuation                   = false
   Shake-SOR                      = false
   shake-tol                      = 0.0001
   lincs-order                    = 4
   lincs-iter                     = 1
   lincs-warnangle                = 30
   nwall                          = 0
   wall-type                      = 9-3
   wall-r-linpot                  = -1
   wall-atomtype[0]               = -1
   wall-atomtype[1]               = -1
   wall-density[0]                = 0
   wall-density[1]                = 0
   wall-ewald-zfac                = 3
   pull                           = false
   awh                            = false
   rotation                       = false
   interactiveMD                  = false
   disre                          = No
   disre-weighting                = Conservative
   disre-mixed                    = false
   dr-fc                          = 1000
   dr-tau                         = 0
   nstdisreout                    = 100
   orire-fc                       = 0
   orire-tau                      = 0
   nstorireout                    = 100
   free-energy                    = no
   cos-acceleration               = 0
   deform (3x3):
      deform[    0]={ 0.00000e+00,  0.00000e+00,  0.00000e+00}
      deform[    1]={ 0.00000e+00,  0.00000e+00,  0.00000e+00}
      deform[    2]={ 0.00000e+00,  0.00000e+00,  0.00000e+00}
   simulated-tempering            = false
   swapcoords                     = no
   userint1                       = 0
   userint2                       = 0
   userint3                       = 0
   userint4                       = 0
   userreal1                      = 0
   userreal2                      = 0
   userreal3                      = 0
   userreal4                      = 0
   applied-forces:
     electric-field:
       x:
         E0                       = 0
         omega                    = 0
         t0                       = 0
         sigma                    = 0
       y:
         E0                       = 0
         omega                    = 0
         t0                       = 0
         sigma                    = 0
       z:
         E0                       = 0
         omega                    = 0
         t0                       = 0
         sigma                    = 0
     density-guided-simulation:
       active                     = false
       group                      = protein
       similarity-measure         = inner-product
       atom-spreading-weight      = unity
       force-constant             = 1e+09
       gaussian-transform-spreading-width = 0.2
       gaussian-transform-spreading-range-in-multiples-of-width = 4
       reference-density-filename = reference.mrc
       nst                        = 1
       normalize-densities        = true
       adaptive-force-scaling     = false
       adaptive-force-scaling-time-constant = 4
       shift-vector               = 
       transformation-matrix      = 
grpopts:
   nrdf:       49407
   ref-t:         298
   tau-t:         0.1
annealing:          No
annealing-npoints:           0
   acc:	           0           0           0
   nfreeze:           N           N           N
   energygrp-flags[  0]: 0

Changing nstlist from 10 to 100, rlist from 1.4 to 1.476

1 GPU selected for this run.
Mapping of GPU IDs to the 2 GPU tasks in the 1 rank on this node:
  PP:0,PME:0
PP tasks will do (non-perturbed) short-ranged interactions on the GPU
PP task will update and constrain coordinates on the GPU
PME tasks will do all aspects on the GPU
Using 1 MPI thread

Non-default thread affinity set, disabling internal thread affinity

Using 10 OpenMP threads 

System total charge: 0.000
Will do PME sum in reciprocal space for electrostatic interactions.

++++ PLEASE READ AND CITE THE FOLLOWING REFERENCE ++++
U. Essmann, L. Perera, M. L. Berkowitz, T. Darden, H. Lee and L. G. Pedersen 
A smooth particle mesh Ewald method
J. Chem. Phys. 103 (1995) pp. 8577-8592
-------- -------- --- Thank You --- -------- --------

Using a Gaussian width (1/beta) of 0.448228 nm for Ewald
Potential shift: LJ r^-12: -1.764e-02 r^-6: -1.328e-01, Ewald -7.143e-06
Initialized non-bonded Ewald tables, spacing: 1.10e-03 size: 1270

Generated table with 1237 data points for 1-4 COUL.
Tabscale = 500 points/nm
Generated table with 1237 data points for 1-4 LJ6.
Tabscale = 500 points/nm
Generated table with 1237 data points for 1-4 LJ12.
Tabscale = 500 points/nm
Long Range LJ corr.: <C6> 5.7350e-04


Using GPU 8x8 nonbonded short-range kernels

Using a dual 8x8 pair-list setup updated with dynamic, rolling pruning:
  outer list: updated every 100 steps, buffer 0.076 nm, rlist 1.476 nm
  inner list: updated every  24 steps, buffer 0.002 nm, rlist 1.402 nm
At tolerance 0.005 kJ/mol/ps per atom, equivalent classical 1x1 list would be:
  outer list: updated every 100 steps, buffer 0.245 nm, rlist 1.645 nm
  inner list: updated every  24 steps, buffer 0.096 nm, rlist 1.496 nm

Using Lorentz-Berthelot Lennard-Jones combination rule
Removing pbc first time

Initializing LINear Constraint Solver

++++ PLEASE READ AND CITE THE FOLLOWING REFERENCE ++++
B. Hess and H. Bekker and H. J. C. Berendsen and J. G. E. M. Fraaije
LINCS: A Linear Constraint Solver for molecular simulations
J. Comp. Chem. 18 (1997) pp. 1463-1472
-------- -------- --- Thank You --- -------- --------

The number of constraints is 4908

++++ PLEASE READ AND CITE THE FOLLOWING REFERENCE ++++
S. Miyamoto and P. A. Kollman
SETTLE: An Analytical Version of the SHAKE and RATTLE Algorithms for Rigid
Water Models
J. Comp. Chem. 13 (1992) pp. 952-962
-------- -------- --- Thank You --- -------- --------


++++ PLEASE READ AND CITE THE FOLLOWING REFERENCE ++++
G. Bussi, D. Donadio and M. Parrinello
Canonical sampling through velocity rescaling
J. Chem. Phys. 126 (2007) pp. 014101
-------- -------- --- Thank You --- -------- --------

There are: 21842 Atoms

Updating coordinates and applying constraints on the GPU.

Constraining the starting coordinates (step 0)

Constraining the coordinates at t0-dt (step 0)
Center of mass motion removal mode is Linear
We have the following groups for center of mass motion removal:
  0:  rest
RMS relative constraint deviation after constraining: 1.11e-06
Initial temperature: 299.759 K

Started mdrun on rank 0 Mon Jul 14 14:23:13 2025

           Step           Time
              0        0.00000

   Energies (kJ/mol)
           Bond            U-B    Proper Dih.          LJ-14     Coulomb-14
    1.04759e+04    1.06564e+04    1.02048e+04    3.67797e+04   -5.12581e+04
        LJ (SR)  Disper. corr.   Coulomb (SR)   Coul. recip.      Potential
   -1.27062e+04   -1.79808e+03   -1.71896e+05    5.88195e+02   -1.68953e+05
    Kinetic En.   Total Energy  Conserved En.    Temperature Pres. DC (bar)
    6.40051e+04   -1.04948e+05   -1.04934e+05    3.11618e+02   -1.28661e+02
 Pressure (bar)   Constr. rmsd
    2.48836e+02    1.10950e-06

step 12400: timed with pme grid 42 42 84, coulomb cutoff 1.400: 105.1 M-cycles
step 12600: timed with pme grid 36 36 72, coulomb cutoff 1.581: 122.0 M-cycles
step 12800: timed with pme grid 40 40 80, coulomb cutoff 1.423: 113.2 M-cycles
step 13000: timed with pme grid 42 42 84, coulomb cutoff 1.400: 108.9 M-cycles
              optimal pme grid 42 42 84, coulomb cutoff 1.400
           Step           Time
          50000      100.00000

   Energies (kJ/mol)
           Bond            U-B    Proper Dih.          LJ-14     Coulomb-14
    1.02720e+04    1.04799e+04    1.01908e+04    3.65767e+04   -5.13209e+04
        LJ (SR)  Disper. corr.   Coulomb (SR)   Coul. recip.      Potential
   -1.21910e+04   -1.79800e+03   -1.72926e+05    6.14830e+02   -1.70101e+05
    Kinetic En.   Total Energy  Conserved En.    Temperature Pres. DC (bar)
    6.04974e+04   -1.09604e+05   -1.02908e+05    2.94540e+02   -1.28648e+02
 Pressure (bar)   Constr. rmsd
   -2.10928e+02    1.10950e-06

           Step           Time
         100000      200.00000

   Energies (kJ/mol)
           Bond            U-B    Proper Dih.          LJ-14     Coulomb-14
    1.03288e+04    1.02089e+04    1.03957e+04    3.67551e+04   -5.12945e+04
        LJ (SR)  Disper. corr.   Coulomb (SR)   Coul. recip.      Potential
   -1.24295e+04   -1.82693e+03   -1.72798e+05    6.20106e+02   -1.70040e+05
    Kinetic En.   Total Energy  Conserved En.    Temperature Pres. DC (bar)
    6.18380e+04   -1.08202e+05   -9.95329e+04    3.01067e+02   -1.32819e+02
 Pressure (bar)   Constr. rmsd
    7.74758e+02    1.10950e-06

Writing checkpoint, step 141600 at Mon Jul 14 14:24:13 2025


           Step           Time
         150000      300.00000

   Energies (kJ/mol)
           Bond            U-B    Proper Dih.          LJ-14     Coulomb-14
    1.02163e+04    1.04386e+04    9.98628e+03    3.67873e+04   -5.12503e+04
        LJ (SR)  Disper. corr.   Coulomb (SR)   Coul. recip.      Potential
   -1.22692e+04   -1.77123e+03   -1.71303e+05    6.27205e+02   -1.68538e+05
    Kinetic En.   Total Energy  Conserved En.    Temperature Pres. DC (bar)
    6.08455e+04   -1.07692e+05   -9.69718e+04    2.96235e+02   -1.24849e+02
 Pressure (bar)   Constr. rmsd
   -8.52640e+01    1.10950e-06

           Step           Time
         200000      400.00000

   Energies (kJ/mol)
           Bond            U-B    Proper Dih.          LJ-14     Coulomb-14
    1.04877e+04    1.05605e+04    1.01350e+04    3.66113e+04   -5.12501e+04
        LJ (SR)  Disper. corr.   Coulomb (SR)   Coul. recip.      Potential
   -1.22929e+04   -1.82465e+03   -1.73343e+05    5.90781e+02   -1.70325e+05
    Kinetic En.   Total Energy  Conserved En.    Temperature Pres. DC (bar)
    6.10839e+04   -1.09241e+05   -9.39034e+04    2.97395e+02   -1.32489e+02
 Pressure (bar)   Constr. rmsd
    2.26270e+02    1.10950e-06

           Step           Time
         250000      500.00000

   Energies (kJ/mol)
           Bond            U-B    Proper Dih.          LJ-14     Coulomb-14
    1.03945e+04    1.03637e+04    1.01120e+04    3.65186e+04   -5.13064e+04
        LJ (SR)  Disper. corr.   Coulomb (SR)   Coul. recip.      Potential
   -1.18509e+04   -1.80351e+03   -1.72772e+05    5.78566e+02   -1.69765e+05
    Kinetic En.   Total Energy  Conserved En.    Temperature Pres. DC (bar)
    6.08185e+04   -1.08947e+05   -9.12883e+04    2.96103e+02   -1.29438e+02
 Pressure (bar)   Constr. rmsd
    1.93023e+02    1.10950e-06

Writing checkpoint, step 286800 at Mon Jul 14 14:25:13 2025


           Step           Time
         300000      600.00000

   Energies (kJ/mol)
           Bond            U-B    Proper Dih.          LJ-14     Coulomb-14
    1.05042e+04    1.05350e+04    1.00581e+04    3.66093e+04   -5.12394e+04
        LJ (SR)  Disper. corr.   Coulomb (SR)   Coul. recip.      Potential
   -1.25215e+04   -1.80014e+03   -1.72703e+05    6.32029e+02   -1.69925e+05
    Kinetic En.   Total Energy  Conserved En.    Temperature Pres. DC (bar)
    6.15068e+04   -1.08418e+05   -8.81529e+04    2.99454e+02   -1.28955e+02
 Pressure (bar)   Constr. rmsd
   -1.51721e+02    1.10950e-06

           Step           Time
         350000      700.00000

   Energies (kJ/mol)
           Bond            U-B    Proper Dih.          LJ-14     Coulomb-14
    1.07732e+04    1.05755e+04    1.01323e+04    3.63773e+04   -5.12246e+04
        LJ (SR)  Disper. corr.   Coulomb (SR)   Coul. recip.      Potential
   -1.23212e+04   -1.78761e+03   -1.71859e+05    6.09075e+02   -1.68725e+05
    Kinetic En.   Total Energy  Conserved En.    Temperature Pres. DC (bar)
    6.09489e+04   -1.07776e+05   -8.56548e+04    2.96738e+02   -1.27167e+02
 Pressure (bar)   Constr. rmsd
   -5.22885e+02    1.10950e-06

           Step           Time
         400000      800.00000

   Energies (kJ/mol)
           Bond            U-B    Proper Dih.          LJ-14     Coulomb-14
    1.05835e+04    1.04726e+04    1.01057e+04    3.66084e+04   -5.13357e+04
        LJ (SR)  Disper. corr.   Coulomb (SR)   Coul. recip.      Potential
   -1.24229e+04   -1.79185e+03   -1.71967e+05    5.97327e+02   -1.69150e+05
    Kinetic En.   Total Energy  Conserved En.    Temperature Pres. DC (bar)
    6.12901e+04   -1.07860e+05   -8.40506e+04    2.98399e+02   -1.27771e+02
 Pressure (bar)   Constr. rmsd
   -2.40933e+02    1.10950e-06

Writing checkpoint, step 432300 at Mon Jul 14 14:26:13 2025


           Step           Time
         450000      900.00000

   Energies (kJ/mol)
           Bond            U-B    Proper Dih.          LJ-14     Coulomb-14
    1.06031e+04    1.05092e+04    9.97931e+03    3.65049e+04   -5.12838e+04
        LJ (SR)  Disper. corr.   Coulomb (SR)   Coul. recip.      Potential
   -1.23730e+04   -1.77183e+03   -1.71353e+05    6.22959e+02   -1.68562e+05
    Kinetic En.   Total Energy  Conserved En.    Temperature Pres. DC (bar)
    6.09199e+04   -1.07642e+05   -8.04225e+04    2.96597e+02   -1.24933e+02
 Pressure (bar)   Constr. rmsd
   -5.27283e+02    1.10950e-06

           Step           Time
         500000     1000.00000

Writing checkpoint, step 500000 at Mon Jul 14 14:26:41 2025


   Energies (kJ/mol)
           Bond            U-B    Proper Dih.          LJ-14     Coulomb-14
    1.05924e+04    1.00486e+04    1.02414e+04    3.65151e+04   -5.12416e+04
        LJ (SR)  Disper. corr.   Coulomb (SR)   Coul. recip.      Potential
   -1.20239e+04   -1.78198e+03   -1.72149e+05    6.07232e+02   -1.69192e+05
    Kinetic En.   Total Energy  Conserved En.    Temperature Pres. DC (bar)
    6.09722e+04   -1.08220e+05   -7.73176e+04    2.96852e+02   -1.26367e+02
 Pressure (bar)   Constr. rmsd
   -3.82933e+02    1.10950e-06


Energy conservation over simulation part #1 of length 1000 ns, time 0 to 1000 ns
  Conserved energy drift: 1.26e-03 kJ/mol/ps per atom


	<======  ###############  ==>
	<====  A V E R A G E S  ====>
	<==  ###############  ======>

	Statistics over 500001 steps using 5001 frames

   Energies (kJ/mol)
           Bond            U-B    Proper Dih.          LJ-14     Coulomb-14
    1.04421e+04    1.03585e+04    1.01907e+04    3.66347e+04   -5.12708e+04
        LJ (SR)  Disper. corr.   Coulomb (SR)   Coul. recip.      Potential
   -1.22096e+04   -1.79433e+03   -1.72386e+05    5.99741e+02   -1.69435e+05
    Kinetic En.   Total Energy  Conserved En.    Temperature Pres. DC (bar)
    6.12050e+04   -1.08230e+05   -9.15345e+04    2.97985e+02   -1.28130e+02
 Pressure (bar)   Constr. rmsd
    8.40381e+00    0.00000e+00

          Box-X          Box-Y          Box-Z
    4.88167e+00    4.88167e+00    9.76333e+00

   Total Virial (kJ/mol)
    2.04080e+04    1.42717e+01    1.18632e+01
    1.42713e+01    2.03680e+04   -9.79701e+00
    1.18635e+01   -9.79811e+00    2.02823e+04

   Pressure (bar)
    2.66946e-01   -3.03526e+00   -1.28751e+00
   -3.03521e+00    4.24604e+00    2.23628e+00
   -1.28755e+00    2.23643e+00    2.06984e+01


	M E G A - F L O P S   A C C O U N T I N G

 NB=Group-cutoff nonbonded kernels    NxN=N-by-N cluster Verlet kernels
 RF=Reaction-Field  VdW=Van der Waals  QSTab=quadratic-spline table
 W3=SPC/TIP3p  W4=TIP4p (single or pairs)
 V&F=Potential and force  V=Potential only  F=Force only

 Computing:                               M-Number         M-Flops  % Flops
-----------------------------------------------------------------------------
 Pair Search distance check           14941.527232      134473.745     0.0
 NxN Ewald Elec. + LJ [F]          16430356.926720  1084403557.164    97.9
 NxN Ewald Elec. + LJ [V&F]          165996.247488    17761598.481     1.6
 1,4 nonbonded interactions            9407.018814      846631.693     0.1
 Shift-X                                109.231842         655.391     0.0
 Bonds                                 2863.005726      168917.338     0.0
 Propers                              10634.021268     2435190.870     0.2
 Virial                                1094.371887       19698.694     0.0
 Stop-CM                                109.253684        1092.537     0.0
 Calc-Ekin                             2184.243684       58974.579     0.0
 Lincs                                    0.009816           0.589     0.0
 Constraint-V                             0.021024           0.189     0.0
 Settle                                   0.007472           2.765     0.0
 Urey-Bradley                          7771.015542     1422095.844     0.1
-----------------------------------------------------------------------------
 Total                                              1107252889.880   100.0
-----------------------------------------------------------------------------


     R E A L   C Y C L E   A N D   T I M E   A C C O U N T I N G

On 1 MPI rank, each using 10 OpenMP threads

 Computing:          Num   Num      Call    Wall time         Giga-Cycles
                     Ranks Threads  Count      (s)         total sum    %
-----------------------------------------------------------------------------
 Neighbor search        1   10       5001      16.281        423.310   7.8
 Launch GPU ops.        1   10     995001      52.761       1371.792  25.2
 Force                  1   10     500001      96.792       2516.589  46.3
 Wait PME GPU gather    1   10     500001       0.132          3.441   0.1
 Reduce GPU PME F       1   10     500001       1.023         26.590   0.5
 Wait GPU NB local      1   10     450000       0.347          9.012   0.2
 Wait GPU state copy    1   10     625004      21.759        565.745  10.4
 NB X/F buffer ops.     1   10      50001       4.553        118.373   2.2
 Write traj.            1   10         14       3.045         79.179   1.5
 Constraints            1   10          2       0.002          0.044   0.0
 Rest                                          12.441        323.458   5.9
-----------------------------------------------------------------------------
 Total                                        209.136       5437.534 100.0
-----------------------------------------------------------------------------

               Core t (s)   Wall t (s)        (%)
       Time:     2091.348      209.136     1000.0
                 (ns/day)    (hour/ns)
Performance:      413.130        0.058
Finished mdrun on rank 0 Mon Jul 14 14:26:42 2025

