                      :-) GROMACS - gmx mdrun, 2021.5 (-:

                            GROMACS is written by:
     Andrey Alekseenko              Emile Apol              Rossen Apostolov     
         Paul Bauer           Herman J.C. Berendsen           Par Bjelkmar       
       Christian Blau           Viacheslav Bolnykh             Kevin Boyd        
     Aldert van Buuren           Rudi van Drunen             Anton Feenstra      
    Gilles Gouaillardet             Alan Gray               Gerrit Groenhof      
       Anca Hamuraru            Vincent Hindriksen          M. Eric Irrgang      
      Aleksei Iupinov           Christoph Junghans             Joe Jordan        
    Dimitrios Karkoulis            Peter Kasson                Jiri Kraus        
      Carsten Kutzner              Per Larsson              Justin A. Lemkul     
       Viveca Lindahl            Magnus Lundborg             Erik Marklund       
        Pascal Merz             Pieter Meulenhoff            Teemu Murtola       
        Szilard Pall               Sander Pronk              Roland Schulz       
       Michael Shirts            Alexey Shvetsov             Alfons Sijbers      
       Peter Tieleman              Jon Vincent              Teemu Virolainen     
     Christian Wennberg            Maarten Wolf              Artem Zhmurov       
                           and the project leaders:
        Mark Abraham, Berk Hess, Erik Lindahl, and David van der Spoel

Copyright (c) 1991-2000, University of Groningen, The Netherlands.
Copyright (c) 2001-2019, The GROMACS development team at
Uppsala University, Stockholm University and
the Royal Institute of Technology, Sweden.
check out http://www.gromacs.org for more information.

GROMACS is free software; you can redistribute it and/or modify it
under the terms of the GNU Lesser General Public License
as published by the Free Software Foundation; either version 2.1
of the License, or (at your option) any later version.

GROMACS:      gmx mdrun, version 2021.5
Executable:   /usr/local/gromacs_2021.5/bin/gmx
Data prefix:  /usr/local/gromacs_2021.5
Working dir:  /srv/home/apbal/work/REU/mixtures/monomers/50pHBA/5mix
Process ID:   346432
Command line:
  gmx mdrun -v -deffnm npt -ntomp 10 -nb gpu -bonded cpu -update gpu -ntmpi 1 -cpt 1

GROMACS version:    2021.5
Precision:          mixed
Memory model:       64 bit
MPI library:        thread_mpi
OpenMP support:     enabled (GMX_OPENMP_MAX_THREADS = 256)
GPU support:        CUDA
SIMD instructions:  AVX2_256
FFT library:        fftw-3.3.8-sse2-avx-avx2-avx2_128
RDTSCP usage:       enabled
TNG support:        enabled
Hwloc support:      disabled
Tracing support:    disabled
C compiler:         /usr/bin/cc GNU 9.4.0
C compiler flags:   -mavx2 -mfma -Wno-missing-field-initializers -fexcess-precision=fast -funroll-all-loops -pthread -O3 -DNDEBUG
C++ compiler:       /usr/bin/c++ GNU 9.4.0
C++ compiler flags: -mavx2 -mfma -Wno-missing-field-initializers -fexcess-precision=fast -funroll-all-loops -pthread -fopenmp -O3 -DNDEBUG
CUDA compiler:      /usr/local/cuda-12.2/bin/nvcc nvcc: NVIDIA (R) Cuda compiler driver;Copyright (c) 2005-2023 NVIDIA Corporation;Built on Tue_Aug_15_22:02:13_PDT_2023;Cuda compilation tools, release 12.2, V12.2.140;Build cuda_12.2.r12.2/compiler.33191640_0
CUDA compiler flags:-std=c++17;-gencode;arch=compute_60,code=sm_60;-gencode;arch=compute_61,code=sm_61;-gencode;arch=compute_62,code=sm_62;-gencode;arch=compute_70,code=sm_70;-gencode;arch=compute_75,code=sm_75;-gencode;arch=compute_80,code=sm_80;-gencode;arch=compute_86,code=sm_86;-gencode;arch=compute_89,code=sm_89;-gencode;arch=compute_60,code=compute_60;-gencode;arch=compute_61,code=compute_61;-gencode;arch=compute_62,code=compute_62;-gencode;arch=compute_70,code=compute_70;-gencode;arch=compute_75,code=compute_75;-gencode;arch=compute_80,code=compute_80;-gencode;arch=compute_86,code=compute_86;-gencode;arch=compute_89,code=compute_89;-use_fast_math;-D_FORCE_INLINES;-mavx2 -mfma -Wno-missing-field-initializers -fexcess-precision=fast -funroll-all-loops -pthread -fopenmp -O3 -DNDEBUG
CUDA driver:        12.90
CUDA runtime:       12.20


Running on 1 node with total 128 cores, 128 logical cores, 1 compatible GPU
Hardware detected:
  CPU info:
    Vendor: AMD
    Brand:  AMD EPYC 7513 32-Core Processor                
    Family: 25   Model: 1   Stepping: 1
    Features: aes amd apic avx avx2 clfsh cmov cx8 cx16 f16c fma htt lahf misalignsse mmx msr nonstop_tsc pcid pclmuldq pdpe1gb popcnt pse rdrnd rdtscp sha sse2 sse3 sse4a sse4.1 sse4.2 ssse3
  Hardware topology: Only logical processor count
  GPU info:
    Number of GPUs detected: 1
    #0: NVIDIA NVIDIA RTX A4500, compute cap.: 8.6, ECC:  no, stat: compatible


++++ PLEASE READ AND CITE THE FOLLOWING REFERENCE ++++
M. J. Abraham, T. Murtola, R. Schulz, S. Páll, J. C. Smith, B. Hess, E.
Lindahl
GROMACS: High performance molecular simulations through multi-level
parallelism from laptops to supercomputers
SoftwareX 1 (2015) pp. 19-25
-------- -------- --- Thank You --- -------- --------


++++ PLEASE READ AND CITE THE FOLLOWING REFERENCE ++++
S. Páll, M. J. Abraham, C. Kutzner, B. Hess, E. Lindahl
Tackling Exascale Software Challenges in Molecular Dynamics Simulations with
GROMACS
In S. Markidis & E. Laure (Eds.), Solving Software Challenges for Exascale 8759 (2015) pp. 3-27
-------- -------- --- Thank You --- -------- --------


++++ PLEASE READ AND CITE THE FOLLOWING REFERENCE ++++
S. Pronk, S. Páll, R. Schulz, P. Larsson, P. Bjelkmar, R. Apostolov, M. R.
Shirts, J. C. Smith, P. M. Kasson, D. van der Spoel, B. Hess, and E. Lindahl
GROMACS 4.5: a high-throughput and highly parallel open source molecular
simulation toolkit
Bioinformatics 29 (2013) pp. 845-54
-------- -------- --- Thank You --- -------- --------


++++ PLEASE READ AND CITE THE FOLLOWING REFERENCE ++++
B. Hess and C. Kutzner and D. van der Spoel and E. Lindahl
GROMACS 4: Algorithms for highly efficient, load-balanced, and scalable
molecular simulation
J. Chem. Theory Comput. 4 (2008) pp. 435-447
-------- -------- --- Thank You --- -------- --------


++++ PLEASE READ AND CITE THE FOLLOWING REFERENCE ++++
D. van der Spoel, E. Lindahl, B. Hess, G. Groenhof, A. E. Mark and H. J. C.
Berendsen
GROMACS: Fast, Flexible and Free
J. Comp. Chem. 26 (2005) pp. 1701-1719
-------- -------- --- Thank You --- -------- --------


++++ PLEASE READ AND CITE THE FOLLOWING REFERENCE ++++
E. Lindahl and B. Hess and D. van der Spoel
GROMACS 3.0: A package for molecular simulation and trajectory analysis
J. Mol. Mod. 7 (2001) pp. 306-317
-------- -------- --- Thank You --- -------- --------


++++ PLEASE READ AND CITE THE FOLLOWING REFERENCE ++++
H. J. C. Berendsen, D. van der Spoel and R. van Drunen
GROMACS: A message-passing parallel molecular dynamics implementation
Comp. Phys. Comm. 91 (1995) pp. 43-56
-------- -------- --- Thank You --- -------- --------


++++ PLEASE CITE THE DOI FOR THIS VERSION OF GROMACS ++++
https://doi.org/10.5281/zenodo.5850051
-------- -------- --- Thank You --- -------- --------

Input Parameters:
   integrator                     = md
   tinit                          = 0
   dt                             = 0.002
   nsteps                         = 250000
   init-step                      = 0
   simulation-part                = 1
   mts                            = false
   comm-mode                      = Linear
   nstcomm                        = 100
   bd-fric                        = 0
   ld-seed                        = -109609986
   emtol                          = 10
   emstep                         = 0.01
   niter                          = 20
   fcstep                         = 0
   nstcgsteep                     = 1000
   nbfgscorr                      = 10
   rtpi                           = 0.05
   nstxout                        = 5000
   nstvout                        = 5000
   nstfout                        = 0
   nstlog                         = 5000
   nstcalcenergy                  = 100
   nstenergy                      = 5000
   nstxout-compressed             = 5000
   compressed-x-precision         = 1000
   cutoff-scheme                  = Verlet
   nstlist                        = 10
   pbc                            = xyz
   periodic-molecules             = false
   verlet-buffer-tolerance        = 0.005
   rlist                          = 1.4
   coulombtype                    = PME
   coulomb-modifier               = Potential-shift
   rcoulomb-switch                = 0
   rcoulomb                       = 1.4
   epsilon-r                      = 1
   epsilon-rf                     = inf
   vdw-type                       = Cut-off
   vdw-modifier                   = Potential-shift
   rvdw-switch                    = 0
   rvdw                           = 1.4
   DispCorr                       = EnerPres
   table-extension                = 1
   fourierspacing                 = 0.12
   fourier-nx                     = 52
   fourier-ny                     = 52
   fourier-nz                     = 200
   pme-order                      = 4
   ewald-rtol                     = 1e-05
   ewald-rtol-lj                  = 0.001
   lj-pme-comb-rule               = Geometric
   ewald-geometry                 = 0
   epsilon-surface                = 0
   tcoupl                         = V-rescale
   nsttcouple                     = 10
   nh-chain-length                = 0
   print-nose-hoover-chain-variables = false
   pcoupl                         = Berendsen
   pcoupltype                     = Isotropic
   nstpcouple                     = 10
   tau-p                          = 2
   compressibility (3x3):
      compressibility[    0]={ 4.50000e-05,  0.00000e+00,  0.00000e+00}
      compressibility[    1]={ 0.00000e+00,  4.50000e-05,  0.00000e+00}
      compressibility[    2]={ 0.00000e+00,  0.00000e+00,  4.50000e-05}
   ref-p (3x3):
      ref-p[    0]={ 1.00000e+00,  0.00000e+00,  0.00000e+00}
      ref-p[    1]={ 0.00000e+00,  1.00000e+00,  0.00000e+00}
      ref-p[    2]={ 0.00000e+00,  0.00000e+00,  1.00000e+00}
   refcoord-scaling               = No
   posres-com (3):
      posres-com[0]= 0.00000e+00
      posres-com[1]= 0.00000e+00
      posres-com[2]= 0.00000e+00
   posres-comB (3):
      posres-comB[0]= 0.00000e+00
      posres-comB[1]= 0.00000e+00
      posres-comB[2]= 0.00000e+00
   QMMM                           = false
qm-opts:
   ngQM                           = 0
   constraint-algorithm           = Lincs
   continuation                   = false
   Shake-SOR                      = false
   shake-tol                      = 0.0001
   lincs-order                    = 4
   lincs-iter                     = 1
   lincs-warnangle                = 30
   nwall                          = 0
   wall-type                      = 9-3
   wall-r-linpot                  = -1
   wall-atomtype[0]               = -1
   wall-atomtype[1]               = -1
   wall-density[0]                = 0
   wall-density[1]                = 0
   wall-ewald-zfac                = 3
   pull                           = false
   awh                            = false
   rotation                       = false
   interactiveMD                  = false
   disre                          = No
   disre-weighting                = Conservative
   disre-mixed                    = false
   dr-fc                          = 1000
   dr-tau                         = 0
   nstdisreout                    = 100
   orire-fc                       = 0
   orire-tau                      = 0
   nstorireout                    = 100
   free-energy                    = no
   cos-acceleration               = 0
   deform (3x3):
      deform[    0]={ 0.00000e+00,  0.00000e+00,  0.00000e+00}
      deform[    1]={ 0.00000e+00,  0.00000e+00,  0.00000e+00}
      deform[    2]={ 0.00000e+00,  0.00000e+00,  0.00000e+00}
   simulated-tempering            = false
   swapcoords                     = no
   userint1                       = 0
   userint2                       = 0
   userint3                       = 0
   userint4                       = 0
   userreal1                      = 0
   userreal2                      = 0
   userreal3                      = 0
   userreal4                      = 0
   applied-forces:
     electric-field:
       x:
         E0                       = 0
         omega                    = 0
         t0                       = 0
         sigma                    = 0
       y:
         E0                       = 0
         omega                    = 0
         t0                       = 0
         sigma                    = 0
       z:
         E0                       = 0
         omega                    = 0
         t0                       = 0
         sigma                    = 0
     density-guided-simulation:
       active                     = false
       group                      = protein
       similarity-measure         = inner-product
       atom-spreading-weight      = unity
       force-constant             = 1e+09
       gaussian-transform-spreading-width = 0.2
       gaussian-transform-spreading-range-in-multiples-of-width = 4
       reference-density-filename = reference.mrc
       nst                        = 1
       normalize-densities        = true
       adaptive-force-scaling     = false
       adaptive-force-scaling-time-constant = 4
       shift-vector               = 
       transformation-matrix      = 
grpopts:
   nrdf:       82266
   ref-t:         298
   tau-t:         0.1
annealing:          No
annealing-npoints:           0
   acc:	           0           0           0
   nfreeze:           N           N           N
   energygrp-flags[  0]: 0

Changing nstlist from 10 to 100, rlist from 1.4 to 1.457

1 GPU selected for this run.
Mapping of GPU IDs to the 2 GPU tasks in the 1 rank on this node:
  PP:0,PME:0
PP tasks will do (non-perturbed) short-ranged interactions on the GPU
PP task will update and constrain coordinates on the GPU
PME tasks will do all aspects on the GPU
Using 1 MPI thread

Non-default thread affinity set, disabling internal thread affinity

Using 10 OpenMP threads 

System total charge: 0.000
Will do PME sum in reciprocal space for electrostatic interactions.

++++ PLEASE READ AND CITE THE FOLLOWING REFERENCE ++++
U. Essmann, L. Perera, M. L. Berkowitz, T. Darden, H. Lee and L. G. Pedersen 
A smooth particle mesh Ewald method
J. Chem. Phys. 103 (1995) pp. 8577-8592
-------- -------- --- Thank You --- -------- --------

Using a Gaussian width (1/beta) of 0.448228 nm for Ewald
Potential shift: LJ r^-12: -1.764e-02 r^-6: -1.328e-01, Ewald -7.143e-06
Initialized non-bonded Ewald tables, spacing: 1.10e-03 size: 1270

Generated table with 1228 data points for 1-4 COUL.
Tabscale = 500 points/nm
Generated table with 1228 data points for 1-4 LJ6.
Tabscale = 500 points/nm
Generated table with 1228 data points for 1-4 LJ12.
Tabscale = 500 points/nm
Long Range LJ corr.: <C6> 3.7611e-04


Using GPU 8x8 nonbonded short-range kernels

Using a dual 8x8 pair-list setup updated with dynamic, rolling pruning:
  outer list: updated every 100 steps, buffer 0.057 nm, rlist 1.457 nm
  inner list: updated every  30 steps, buffer 0.001 nm, rlist 1.401 nm
At tolerance 0.005 kJ/mol/ps per atom, equivalent classical 1x1 list would be:
  outer list: updated every 100 steps, buffer 0.223 nm, rlist 1.623 nm
  inner list: updated every  30 steps, buffer 0.110 nm, rlist 1.510 nm

Using Lorentz-Berthelot Lennard-Jones combination rule
Removing pbc first time

Initializing LINear Constraint Solver

++++ PLEASE READ AND CITE THE FOLLOWING REFERENCE ++++
B. Hess and H. Bekker and H. J. C. Berendsen and J. G. E. M. Fraaije
LINCS: A Linear Constraint Solver for molecular simulations
J. Comp. Chem. 18 (1997) pp. 1463-1472
-------- -------- --- Thank You --- -------- --------

The number of constraints is 6282

++++ PLEASE READ AND CITE THE FOLLOWING REFERENCE ++++
S. Miyamoto and P. A. Kollman
SETTLE: An Analytical Version of the SHAKE and RATTLE Algorithms for Rigid
Water Models
J. Comp. Chem. 13 (1992) pp. 952-962
-------- -------- --- Thank You --- -------- --------


++++ PLEASE READ AND CITE THE FOLLOWING REFERENCE ++++
G. Bussi, D. Donadio and M. Parrinello
Canonical sampling through velocity rescaling
J. Chem. Phys. 126 (2007) pp. 014101
-------- -------- --- Thank You --- -------- --------

There are: 38795 Atoms

Updating coordinates and applying constraints on the GPU.

Constraining the starting coordinates (step 0)

Constraining the coordinates at t0-dt (step 0)
Center of mass motion removal mode is Linear
We have the following groups for center of mass motion removal:
  0:  rest
RMS relative constraint deviation after constraining: 4.52e-06
Initial temperature: 299.766 K

Started mdrun on rank 0 Thu Jul  3 11:31:30 2025

           Step           Time
              0        0.00000

   Energies (kJ/mol)
           Bond            U-B    Proper Dih.  Improper Dih.          LJ-14
    6.57769e+02    2.16969e+03    7.11971e+03    3.59908e+01    2.88221e+03
     Coulomb-14        LJ (SR)  Disper. corr.   Coulomb (SR)   Coul. recip.
   -2.87742e+04    2.54948e+04   -9.99173e+02   -3.69229e+05    2.94120e+03
      Potential    Kinetic En.   Total Energy  Conserved En.    Temperature
   -3.57701e+05    1.02570e+05   -2.55130e+05   -2.55035e+05    2.99914e+02
 Pres. DC (bar) Pressure (bar)   Constr. rmsd
   -1.92219e+01   -1.46234e+03    4.52122e-06

           Step           Time
           5000       10.00000

   Energies (kJ/mol)
           Bond            U-B    Proper Dih.  Improper Dih.          LJ-14
    3.68628e+03    1.63513e+04    8.78713e+03    6.27309e+02    3.67055e+03
     Coulomb-14        LJ (SR)  Disper. corr.   Coulomb (SR)   Coul. recip.
   -3.03971e+04    2.57947e+04   -1.10653e+03   -4.18108e+05    2.49301e+03
      Potential    Kinetic En.   Total Energy  Conserved En.    Temperature
   -3.88202e+05    1.02488e+05   -2.85713e+05   -2.53075e+05    2.99675e+02
 Pres. DC (bar) Pressure (bar)   Constr. rmsd
   -2.35700e+01   -3.23731e+02    4.52122e-06

step 9800: timed with pme grid 52 52 200, coulomb cutoff 1.400: 141.3 M-cycles
step 10000: timed with pme grid 42 42 168, coulomb cutoff 1.667: 155.1 M-cycles
           Step           Time
          10000       20.00000

   Energies (kJ/mol)
           Bond            U-B    Proper Dih.  Improper Dih.          LJ-14
    4.24408e+03    1.82727e+04    8.41534e+03    5.87445e+02    3.64066e+03
     Coulomb-14        LJ (SR)  Disper. corr.   Coulomb (SR)   Coul. recip.
   -3.05330e+04    2.64855e+04   -1.18642e+03   -4.32633e+05    9.81548e+02
      Potential    Kinetic En.   Total Energy  Conserved En.    Temperature
   -4.01725e+05    1.00621e+05   -3.01105e+05   -2.52777e+05    2.94214e+02
 Pres. DC (bar) Pressure (bar)   Constr. rmsd
   -2.70930e+01   -2.73453e+02    4.52122e-06

step 10200: timed with pme grid 36 36 144, coulomb cutoff 1.944: 202.3 M-cycles
step 10400: timed with pme grid 40 40 160, coulomb cutoff 1.750: 177.7 M-cycles
step 10600: timed with pme grid 42 42 168, coulomb cutoff 1.667: 157.3 M-cycles
step 10800: timed with pme grid 44 44 192, coulomb cutoff 1.591: 156.8 M-cycles
step 11000: timed with pme grid 48 48 192, coulomb cutoff 1.458: 144.3 M-cycles
step 11200: timed with pme grid 52 52 200, coulomb cutoff 1.400: 147.6 M-cycles
              optimal pme grid 52 52 200, coulomb cutoff 1.400
           Step           Time
          15000       30.00000

   Energies (kJ/mol)
           Bond            U-B    Proper Dih.  Improper Dih.          LJ-14
    4.27787e+03    1.92971e+04    8.31183e+03    6.41391e+02    3.69555e+03
     Coulomb-14        LJ (SR)  Disper. corr.   Coulomb (SR)   Coul. recip.
   -3.15602e+04    2.60891e+04   -1.26323e+03   -4.40978e+05    1.98047e+03
      Potential    Kinetic En.   Total Energy  Conserved En.    Temperature
   -4.09508e+05    1.02600e+05   -3.06909e+05   -2.52564e+05    3.00000e+02
 Pres. DC (bar) Pressure (bar)   Constr. rmsd
   -3.07118e+01   -1.06006e+02    4.52122e-06

           Step           Time
          20000       40.00000

   Energies (kJ/mol)
           Bond            U-B    Proper Dih.  Improper Dih.          LJ-14
    4.51672e+03    1.93837e+04    8.29023e+03    6.77253e+02    3.71926e+03
     Coulomb-14        LJ (SR)  Disper. corr.   Coulomb (SR)   Coul. recip.
   -3.19977e+04    2.69789e+04   -1.33565e+03   -4.44548e+05    1.99148e+03
      Potential    Kinetic En.   Total Energy  Conserved En.    Temperature
   -4.12324e+05    1.02001e+05   -3.10323e+05   -2.52436e+05    2.98250e+02
 Pres. DC (bar) Pressure (bar)   Constr. rmsd
   -3.43310e+01   -3.51042e+01    4.52122e-06

           Step           Time
          25000       50.00000

   Energies (kJ/mol)
           Bond            U-B    Proper Dih.  Improper Dih.          LJ-14
    4.68190e+03    1.97956e+04    8.20971e+03    6.42484e+02    3.55694e+03
     Coulomb-14        LJ (SR)  Disper. corr.   Coulomb (SR)   Coul. recip.
   -3.14632e+04    2.59695e+04   -1.41759e+03   -4.46728e+05    1.86696e+03
      Potential    Kinetic En.   Total Energy  Conserved En.    Temperature
   -4.14886e+05    1.00733e+05   -3.14152e+05   -2.52267e+05    2.94543e+02
 Pres. DC (bar) Pressure (bar)   Constr. rmsd
   -3.86696e+01   -3.13535e+02    4.52122e-06

           Step           Time
          30000       60.00000

   Energies (kJ/mol)
           Bond            U-B    Proper Dih.  Improper Dih.          LJ-14
    4.68174e+03    1.91736e+04    8.20424e+03    5.94681e+02    3.70113e+03
     Coulomb-14        LJ (SR)  Disper. corr.   Coulomb (SR)   Coul. recip.
   -3.24330e+04    2.50918e+04   -1.50112e+03   -4.47094e+05    1.83189e+03
      Potential    Kinetic En.   Total Energy  Conserved En.    Temperature
   -4.17749e+05    1.01845e+05   -3.15904e+05   -2.52161e+05    2.97793e+02
 Pres. DC (bar) Pressure (bar)   Constr. rmsd
   -4.33576e+01   -1.84407e+02    4.52122e-06

           Step           Time
          35000       70.00000

   Energies (kJ/mol)
           Bond            U-B    Proper Dih.  Improper Dih.          LJ-14
    4.61558e+03    1.97808e+04    8.15238e+03    5.90468e+02    3.64763e+03
     Coulomb-14        LJ (SR)  Disper. corr.   Coulomb (SR)   Coul. recip.
   -3.22737e+04    2.43940e+04   -1.58348e+03   -4.49099e+05    1.76738e+03
      Potential    Kinetic En.   Total Energy  Conserved En.    Temperature
   -4.20008e+05    1.01406e+05   -3.18603e+05   -2.51983e+05    2.96509e+02
 Pres. DC (bar) Pressure (bar)   Constr. rmsd
   -4.82423e+01   -3.08283e+02    4.52122e-06

           Step           Time
          40000       80.00000

   Energies (kJ/mol)
           Bond            U-B    Proper Dih.  Improper Dih.          LJ-14
    4.67968e+03    1.98608e+04    8.21722e+03    6.47666e+02    3.58042e+03
     Coulomb-14        LJ (SR)  Disper. corr.   Coulomb (SR)   Coul. recip.
   -3.19051e+04    2.37800e+04   -1.66801e+03   -4.49902e+05    1.63002e+03
      Potential    Kinetic En.   Total Energy  Conserved En.    Temperature
   -4.21080e+05    1.02511e+05   -3.18569e+05   -2.51878e+05    2.99740e+02
 Pres. DC (bar) Pressure (bar)   Constr. rmsd
   -5.35270e+01   -2.30466e+02    4.52122e-06

           Step           Time
          45000       90.00000

   Energies (kJ/mol)
           Bond            U-B    Proper Dih.  Improper Dih.          LJ-14
    4.41579e+03    1.95184e+04    8.28551e+03    6.90424e+02    3.67329e+03
     Coulomb-14        LJ (SR)  Disper. corr.   Coulomb (SR)   Coul. recip.
   -3.22662e+04    2.29128e+04   -1.74752e+03   -4.49501e+05    1.56646e+03
      Potential    Kinetic En.   Total Energy  Conserved En.    Temperature
   -4.22452e+05    1.01645e+05   -3.20807e+05   -2.51777e+05    2.97208e+02
 Pres. DC (bar) Pressure (bar)   Constr. rmsd
   -5.87489e+01   -7.39985e-01    4.52122e-06

           Step           Time
          50000      100.00000

   Energies (kJ/mol)
           Bond            U-B    Proper Dih.  Improper Dih.          LJ-14
    4.38997e+03    1.96447e+04    8.22805e+03    6.96530e+02    3.65985e+03
     Coulomb-14        LJ (SR)  Disper. corr.   Coulomb (SR)   Coul. recip.
   -3.19896e+04    2.27047e+04   -1.83338e+03   -4.52156e+05    1.50281e+03
      Potential    Kinetic En.   Total Energy  Conserved En.    Temperature
   -4.25153e+05    1.01683e+05   -3.23469e+05   -2.51635e+05    2.97321e+02
 Pres. DC (bar) Pressure (bar)   Constr. rmsd
   -6.46603e+01   -2.10879e+02    4.52122e-06

           Step           Time
          55000      110.00000

   Energies (kJ/mol)
           Bond            U-B    Proper Dih.  Improper Dih.          LJ-14
    4.68931e+03    1.97985e+04    8.17572e+03    6.67115e+02    3.68193e+03
     Coulomb-14        LJ (SR)  Disper. corr.   Coulomb (SR)   Coul. recip.
   -3.22215e+04    2.25528e+04   -1.91932e+03   -4.51847e+05    1.50683e+03
      Potential    Kinetic En.   Total Energy  Conserved En.    Temperature
   -4.24916e+05    1.01814e+05   -3.23102e+05   -2.51475e+05    2.97703e+02
 Pres. DC (bar) Pressure (bar)   Constr. rmsd
   -7.08612e+01   -1.11796e+02    4.52122e-06

           Step           Time
          60000      120.00000

   Energies (kJ/mol)
           Bond            U-B    Proper Dih.  Improper Dih.          LJ-14
    4.58930e+03    1.94664e+04    8.11977e+03    7.12850e+02    3.69952e+03
     Coulomb-14        LJ (SR)  Disper. corr.   Coulomb (SR)   Coul. recip.
   -3.27982e+04    2.23636e+04   -2.01484e+03   -4.52786e+05    1.48686e+03
      Potential    Kinetic En.   Total Energy  Conserved En.    Temperature
   -4.27161e+05    1.02058e+05   -3.25103e+05   -2.51379e+05    2.98415e+02
 Pres. DC (bar) Pressure (bar)   Constr. rmsd
   -7.80861e+01   -1.42420e+01    4.52122e-06

           Step           Time
          65000      130.00000

   Energies (kJ/mol)
           Bond            U-B    Proper Dih.  Improper Dih.          LJ-14
    4.64967e+03    1.96816e+04    8.17259e+03    6.35037e+02    3.62431e+03
     Coulomb-14        LJ (SR)  Disper. corr.   Coulomb (SR)   Coul. recip.
   -3.22050e+04    2.29142e+04   -2.10981e+03   -4.55866e+05    1.46074e+03
      Potential    Kinetic En.   Total Energy  Conserved En.    Temperature
   -4.29043e+05    1.01874e+05   -3.27169e+05   -2.51193e+05    2.97879e+02
 Pres. DC (bar) Pressure (bar)   Constr. rmsd
   -8.56169e+01   -1.94142e+02    4.52122e-06

           Step           Time
          70000      140.00000

   Energies (kJ/mol)
           Bond            U-B    Proper Dih.  Improper Dih.          LJ-14
    4.68638e+03    1.96549e+04    8.24686e+03    6.25637e+02    3.67984e+03
     Coulomb-14        LJ (SR)  Disper. corr.   Coulomb (SR)   Coul. recip.
   -3.22475e+04    2.17057e+04   -2.17876e+03   -4.54715e+05    1.37090e+03
      Potential    Kinetic En.   Total Energy  Conserved En.    Temperature
   -4.29171e+05    1.01752e+05   -3.27419e+05   -2.51074e+05    2.97522e+02
 Pres. DC (bar) Pressure (bar)   Constr. rmsd
   -9.13014e+01   -2.03285e+02    4.52122e-06

           Step           Time
          75000      150.00000

   Energies (kJ/mol)
           Bond            U-B    Proper Dih.  Improper Dih.          LJ-14
    4.53346e+03    2.00586e+04    8.23383e+03    6.91201e+02    3.54880e+03
     Coulomb-14        LJ (SR)  Disper. corr.   Coulomb (SR)   Coul. recip.
   -3.24767e+04    2.08649e+04   -2.21559e+03   -4.55436e+05    1.34161e+03
      Potential    Kinetic En.   Total Energy  Conserved En.    Temperature
   -4.30856e+05    1.01006e+05   -3.29849e+05   -2.50959e+05    2.95341e+02
 Pres. DC (bar) Pressure (bar)   Constr. rmsd
   -9.44132e+01   -1.79592e+02    4.52122e-06

Writing checkpoint, step 79500 at Thu Jul  3 11:32:30 2025


           Step           Time
          80000      160.00000

   Energies (kJ/mol)
           Bond            U-B    Proper Dih.  Improper Dih.          LJ-14
    4.57531e+03    1.97574e+04    8.03469e+03    6.30320e+02    3.58382e+03
     Coulomb-14        LJ (SR)  Disper. corr.   Coulomb (SR)   Coul. recip.
   -3.23730e+04    2.16171e+04   -2.21414e+03   -4.56394e+05    1.35353e+03
      Potential    Kinetic En.   Total Energy  Conserved En.    Temperature
   -4.31429e+05    1.01476e+05   -3.29953e+05   -2.50852e+05    2.96715e+02
 Pres. DC (bar) Pressure (bar)   Constr. rmsd
   -9.42892e+01   -2.33000e+02    4.52122e-06

           Step           Time
          85000      170.00000

   Energies (kJ/mol)
           Bond            U-B    Proper Dih.  Improper Dih.          LJ-14
    4.65865e+03    2.00030e+04    8.28400e+03    6.80153e+02    3.72555e+03
     Coulomb-14        LJ (SR)  Disper. corr.   Coulomb (SR)   Coul. recip.
   -3.25951e+04    2.17776e+04   -2.22032e+03   -4.56861e+05    1.37504e+03
      Potential    Kinetic En.   Total Energy  Conserved En.    Temperature
   -4.31172e+05    1.02194e+05   -3.28978e+05   -2.50713e+05    2.98815e+02
 Pres. DC (bar) Pressure (bar)   Constr. rmsd
   -9.48166e+01    4.11284e+02    4.52122e-06

           Step           Time
          90000      180.00000

   Energies (kJ/mol)
           Bond            U-B    Proper Dih.  Improper Dih.          LJ-14
    4.56095e+03    1.99849e+04    8.14885e+03    6.88603e+02    3.71494e+03
     Coulomb-14        LJ (SR)  Disper. corr.   Coulomb (SR)   Coul. recip.
   -3.23408e+04    2.08404e+04   -2.20970e+03   -4.55861e+05    1.36500e+03
      Potential    Kinetic En.   Total Energy  Conserved En.    Temperature
   -4.31108e+05    1.01738e+05   -3.29370e+05   -2.50600e+05    2.97480e+02
 Pres. DC (bar) Pressure (bar)   Constr. rmsd
   -9.39119e+01   -1.24228e+02    4.52122e-06

           Step           Time
          95000      190.00000

   Energies (kJ/mol)
           Bond            U-B    Proper Dih.  Improper Dih.          LJ-14
    4.51045e+03    1.97311e+04    8.12594e+03    6.37159e+02    3.69273e+03
     Coulomb-14        LJ (SR)  Disper. corr.   Coulomb (SR)   Coul. recip.
   -3.24459e+04    2.02767e+04   -2.21116e+03   -4.56161e+05    1.34084e+03
      Potential    Kinetic En.   Total Energy  Conserved En.    Temperature
   -4.32503e+05    1.01702e+05   -3.30801e+05   -2.50522e+05    2.97376e+02
 Pres. DC (bar) Pressure (bar)   Constr. rmsd
   -9.40365e+01   -9.11387e+01    4.52122e-06

           Step           Time
         100000      200.00000

   Energies (kJ/mol)
           Bond            U-B    Proper Dih.  Improper Dih.          LJ-14
    4.42979e+03    1.96897e+04    8.08859e+03    6.57907e+02    3.71188e+03
     Coulomb-14        LJ (SR)  Disper. corr.   Coulomb (SR)   Coul. recip.
   -3.25861e+04    2.00926e+04   -2.21170e+03   -4.54276e+05    1.28982e+03
      Potential    Kinetic En.   Total Energy  Conserved En.    Temperature
   -4.31114e+05    1.01789e+05   -3.29325e+05   -2.50394e+05    2.97629e+02
 Pres. DC (bar) Pressure (bar)   Constr. rmsd
   -9.40823e+01   -4.95698e+01    4.52122e-06

           Step           Time
         105000      210.00000

   Energies (kJ/mol)
           Bond            U-B    Proper Dih.  Improper Dih.          LJ-14
    4.52124e+03    1.98227e+04    8.28303e+03    6.16796e+02    3.65008e+03
     Coulomb-14        LJ (SR)  Disper. corr.   Coulomb (SR)   Coul. recip.
   -3.25242e+04    2.10269e+04   -2.20977e+03   -4.55220e+05    1.32771e+03
      Potential    Kinetic En.   Total Energy  Conserved En.    Temperature
   -4.30705e+05    1.01563e+05   -3.29142e+05   -2.50263e+05    2.96969e+02
 Pres. DC (bar) Pressure (bar)   Constr. rmsd
   -9.39175e+01   -1.03266e+02    4.52122e-06

           Step           Time
         110000      220.00000

   Energies (kJ/mol)
           Bond            U-B    Proper Dih.  Improper Dih.          LJ-14
    4.84486e+03    1.97414e+04    8.03414e+03    6.11104e+02    3.68834e+03
     Coulomb-14        LJ (SR)  Disper. corr.   Coulomb (SR)   Coul. recip.
   -3.21392e+04    2.15425e+04   -2.21328e+03   -4.57234e+05    1.38833e+03
      Potential    Kinetic En.   Total Energy  Conserved En.    Temperature
   -4.31736e+05    1.02431e+05   -3.29304e+05   -2.50137e+05    2.99508e+02
 Pres. DC (bar) Pressure (bar)   Constr. rmsd
   -9.42160e+01   -3.25669e+01    4.52122e-06

           Step           Time
         115000      230.00000

   Energies (kJ/mol)
           Bond            U-B    Proper Dih.  Improper Dih.          LJ-14
    4.54455e+03    1.97410e+04    8.05929e+03    5.76706e+02    3.64097e+03
     Coulomb-14        LJ (SR)  Disper. corr.   Coulomb (SR)   Coul. recip.
   -3.23409e+04    2.16936e+04   -2.21326e+03   -4.57292e+05    1.36709e+03
      Potential    Kinetic En.   Total Energy  Conserved En.    Temperature
   -4.32223e+05    1.01346e+05   -3.30877e+05   -2.50045e+05    2.96335e+02
 Pres. DC (bar) Pressure (bar)   Constr. rmsd
   -9.42144e+01   -1.30344e+01    4.52122e-06

           Step           Time
         120000      240.00000

   Energies (kJ/mol)
           Bond            U-B    Proper Dih.  Improper Dih.          LJ-14
    4.62360e+03    1.95403e+04    8.20408e+03    7.29804e+02    3.57305e+03
     Coulomb-14        LJ (SR)  Disper. corr.   Coulomb (SR)   Coul. recip.
   -3.24979e+04    2.06423e+04   -2.21190e+03   -4.55974e+05    1.35154e+03
      Potential    Kinetic En.   Total Energy  Conserved En.    Temperature
   -4.32020e+05    1.01233e+05   -3.30787e+05   -2.49902e+05    2.96003e+02
 Pres. DC (bar) Pressure (bar)   Constr. rmsd
   -9.40988e+01   -2.92215e+02    4.52122e-06

           Step           Time
         125000      250.00000

   Energies (kJ/mol)
           Bond            U-B    Proper Dih.  Improper Dih.          LJ-14
    4.58533e+03    2.01648e+04    8.14206e+03    6.97529e+02    3.60303e+03
     Coulomb-14        LJ (SR)  Disper. corr.   Coulomb (SR)   Coul. recip.
   -3.27947e+04    2.18207e+04   -2.21800e+03   -4.57312e+05    1.30469e+03
      Potential    Kinetic En.   Total Energy  Conserved En.    Temperature
   -4.32007e+05    1.01968e+05   -3.30039e+05   -2.49798e+05    2.98152e+02
 Pres. DC (bar) Pressure (bar)   Constr. rmsd
   -9.46184e+01    1.84438e+02    4.52122e-06

           Step           Time
         130000      260.00000

   Energies (kJ/mol)
           Bond            U-B    Proper Dih.  Improper Dih.          LJ-14
    4.46646e+03    1.98109e+04    8.16994e+03    6.50577e+02    3.67615e+03
     Coulomb-14        LJ (SR)  Disper. corr.   Coulomb (SR)   Coul. recip.
   -3.24609e+04    2.03446e+04   -2.21421e+03   -4.54414e+05    1.32354e+03
      Potential    Kinetic En.   Total Energy  Conserved En.    Temperature
   -4.30647e+05    1.02095e+05   -3.28552e+05   -2.49710e+05    2.98523e+02
 Pres. DC (bar) Pressure (bar)   Constr. rmsd
   -9.42958e+01   -4.55865e+01    4.52122e-06

           Step           Time
         135000      270.00000

   Energies (kJ/mol)
           Bond            U-B    Proper Dih.  Improper Dih.          LJ-14
    4.52838e+03    1.99687e+04    8.29458e+03    7.19606e+02    3.68385e+03
     Coulomb-14        LJ (SR)  Disper. corr.   Coulomb (SR)   Coul. recip.
   -3.27221e+04    2.12284e+04   -2.21460e+03   -4.57205e+05    1.32217e+03
      Potential    Kinetic En.   Total Energy  Conserved En.    Temperature
   -4.32396e+05    1.01858e+05   -3.30538e+05   -2.49561e+05    2.97832e+02
 Pres. DC (bar) Pressure (bar)   Constr. rmsd
   -9.43286e+01    4.00716e+01    4.52122e-06

           Step           Time
         140000      280.00000

   Energies (kJ/mol)
           Bond            U-B    Proper Dih.  Improper Dih.          LJ-14
    4.62467e+03    1.97521e+04    8.34619e+03    6.39497e+02    3.57788e+03
     Coulomb-14        LJ (SR)  Disper. corr.   Coulomb (SR)   Coul. recip.
   -3.24663e+04    2.09259e+04   -2.20884e+03   -4.55450e+05    1.32916e+03
      Potential    Kinetic En.   Total Energy  Conserved En.    Temperature
   -4.30930e+05    1.03036e+05   -3.27894e+05   -2.49461e+05    3.01276e+02
 Pres. DC (bar) Pressure (bar)   Constr. rmsd
   -9.38388e+01   -2.79089e+01    4.52122e-06

           Step           Time
         145000      290.00000

   Energies (kJ/mol)
           Bond            U-B    Proper Dih.  Improper Dih.          LJ-14
    4.59152e+03    1.96326e+04    8.14872e+03    7.32015e+02    3.74722e+03
     Coulomb-14        LJ (SR)  Disper. corr.   Coulomb (SR)   Coul. recip.
   -3.21996e+04    2.00261e+04   -2.21152e+03   -4.55150e+05    1.32809e+03
      Potential    Kinetic En.   Total Energy  Conserved En.    Temperature
   -4.31354e+05    1.02090e+05   -3.29265e+05   -2.49329e+05    2.98509e+02
 Pres. DC (bar) Pressure (bar)   Constr. rmsd
   -9.40663e+01    1.07663e+00    4.52122e-06

           Step           Time
         150000      300.00000

   Energies (kJ/mol)
           Bond            U-B    Proper Dih.  Improper Dih.          LJ-14
    4.57092e+03    1.95656e+04    8.15241e+03    6.40171e+02    3.67190e+03
     Coulomb-14        LJ (SR)  Disper. corr.   Coulomb (SR)   Coul. recip.
   -3.21282e+04    1.92786e+04   -2.21298e+03   -4.54352e+05    1.36366e+03
      Potential    Kinetic En.   Total Energy  Conserved En.    Temperature
   -4.31450e+05    1.01433e+05   -3.30017e+05   -2.49211e+05    2.96589e+02
 Pres. DC (bar) Pressure (bar)   Constr. rmsd
   -9.41910e+01   -3.22368e+02    4.52122e-06

           Step           Time
         155000      310.00000

   Energies (kJ/mol)
           Bond            U-B    Proper Dih.  Improper Dih.          LJ-14
    4.45407e+03    1.99251e+04    8.34765e+03    6.08153e+02    3.64929e+03
     Coulomb-14        LJ (SR)  Disper. corr.   Coulomb (SR)   Coul. recip.
   -3.31045e+04    2.05850e+04   -2.21662e+03   -4.53666e+05    1.31993e+03
      Potential    Kinetic En.   Total Energy  Conserved En.    Temperature
   -4.30098e+05    1.01744e+05   -3.28354e+05   -2.49097e+05    2.97499e+02
 Pres. DC (bar) Pressure (bar)   Constr. rmsd
   -9.45005e+01   -1.91570e+02    4.52122e-06

           Step           Time
         160000      320.00000

   Energies (kJ/mol)
           Bond            U-B    Proper Dih.  Improper Dih.          LJ-14
    4.41664e+03    2.00971e+04    8.19882e+03    6.19934e+02    3.71760e+03
     Coulomb-14        LJ (SR)  Disper. corr.   Coulomb (SR)   Coul. recip.
   -3.27032e+04    2.23906e+04   -2.21428e+03   -4.56641e+05    1.33699e+03
      Potential    Kinetic En.   Total Energy  Conserved En.    Temperature
   -4.30781e+05    1.01693e+05   -3.29088e+05   -2.48977e+05    2.97348e+02
 Pres. DC (bar) Pressure (bar)   Constr. rmsd
   -9.43014e+01    1.79960e+02    4.52122e-06

           Step           Time
         165000      330.00000

   Energies (kJ/mol)
           Bond            U-B    Proper Dih.  Improper Dih.          LJ-14
    4.62277e+03    1.98791e+04    8.36671e+03    7.00395e+02    3.64825e+03
     Coulomb-14        LJ (SR)  Disper. corr.   Coulomb (SR)   Coul. recip.
   -3.28527e+04    2.09298e+04   -2.21220e+03   -4.55327e+05    1.34092e+03
      Potential    Kinetic En.   Total Energy  Conserved En.    Temperature
   -4.30904e+05    1.01804e+05   -3.29099e+05   -2.48875e+05    2.97674e+02
 Pres. DC (bar) Pressure (bar)   Constr. rmsd
   -9.41248e+01   -7.52370e+01    4.52122e-06

Writing checkpoint, step 167500 at Thu Jul  3 11:33:30 2025


           Step           Time
         170000      340.00000

   Energies (kJ/mol)
           Bond            U-B    Proper Dih.  Improper Dih.          LJ-14
    4.73751e+03    1.97132e+04    8.22897e+03    7.58594e+02    3.52250e+03
     Coulomb-14        LJ (SR)  Disper. corr.   Coulomb (SR)   Coul. recip.
   -3.19551e+04    2.04709e+04   -2.21624e+03   -4.56074e+05    1.28156e+03
      Potential    Kinetic En.   Total Energy  Conserved En.    Temperature
   -4.31532e+05    1.02313e+05   -3.29219e+05   -2.48743e+05    2.99162e+02
 Pres. DC (bar) Pressure (bar)   Constr. rmsd
   -9.44685e+01   -4.76707e+02    4.52122e-06

           Step           Time
         175000      350.00000

   Energies (kJ/mol)
           Bond            U-B    Proper Dih.  Improper Dih.          LJ-14
    4.56960e+03    1.96057e+04    8.25017e+03    6.87786e+02    3.75894e+03
     Coulomb-14        LJ (SR)  Disper. corr.   Coulomb (SR)   Coul. recip.
   -3.25610e+04    2.05033e+04   -2.21322e+03   -4.54036e+05    1.36188e+03
      Potential    Kinetic En.   Total Energy  Conserved En.    Temperature
   -4.30073e+05    1.02164e+05   -3.27909e+05   -2.48662e+05    2.98727e+02
 Pres. DC (bar) Pressure (bar)   Constr. rmsd
   -9.42114e+01    1.18568e+02    4.52122e-06

           Step           Time
         180000      360.00000

   Energies (kJ/mol)
           Bond            U-B    Proper Dih.  Improper Dih.          LJ-14
    4.64114e+03    1.97794e+04    8.39512e+03    6.10177e+02    3.79267e+03
     Coulomb-14        LJ (SR)  Disper. corr.   Coulomb (SR)   Coul. recip.
   -3.26878e+04    2.12711e+04   -2.20989e+03   -4.56017e+05    1.40014e+03
      Potential    Kinetic En.   Total Energy  Conserved En.    Temperature
   -4.31025e+05    1.01597e+05   -3.29428e+05   -2.48516e+05    2.97068e+02
 Pres. DC (bar) Pressure (bar)   Constr. rmsd
   -9.39285e+01    1.16368e+01    4.52122e-06

           Step           Time
         185000      370.00000

   Energies (kJ/mol)
           Bond            U-B    Proper Dih.  Improper Dih.          LJ-14
    4.72171e+03    1.95581e+04    8.08216e+03    7.12053e+02    3.71276e+03
     Coulomb-14        LJ (SR)  Disper. corr.   Coulomb (SR)   Coul. recip.
   -3.26244e+04    2.23311e+04   -2.21707e+03   -4.58786e+05    1.35764e+03
      Potential    Kinetic En.   Total Energy  Conserved En.    Temperature
   -4.33152e+05    1.01616e+05   -3.31536e+05   -2.48426e+05    2.97123e+02
 Pres. DC (bar) Pressure (bar)   Constr. rmsd
   -9.45390e+01    3.66029e+02    4.52122e-06

           Step           Time
         190000      380.00000

   Energies (kJ/mol)
           Bond            U-B    Proper Dih.  Improper Dih.          LJ-14
    4.57746e+03    1.98065e+04    8.15683e+03    6.67187e+02    3.71227e+03
     Coulomb-14        LJ (SR)  Disper. corr.   Coulomb (SR)   Coul. recip.
   -3.27292e+04    2.26408e+04   -2.21110e+03   -4.57762e+05    1.40475e+03
      Potential    Kinetic En.   Total Energy  Conserved En.    Temperature
   -4.31737e+05    1.01938e+05   -3.29799e+05   -2.48334e+05    2.98065e+02
 Pres. DC (bar) Pressure (bar)   Constr. rmsd
   -9.40307e+01    3.13390e+02    4.52122e-06

           Step           Time
         195000      390.00000

   Energies (kJ/mol)
           Bond            U-B    Proper Dih.  Improper Dih.          LJ-14
    4.55458e+03    1.96311e+04    8.18433e+03    6.67760e+02    3.65644e+03
     Coulomb-14        LJ (SR)  Disper. corr.   Coulomb (SR)   Coul. recip.
   -3.29594e+04    2.08971e+04   -2.21523e+03   -4.56211e+05    1.33096e+03
      Potential    Kinetic En.   Total Energy  Conserved En.    Temperature
   -4.32464e+05    1.02801e+05   -3.29663e+05   -2.48212e+05    3.00587e+02
 Pres. DC (bar) Pressure (bar)   Constr. rmsd
   -9.43821e+01   -2.01723e+02    4.52122e-06

           Step           Time
         200000      400.00000

   Energies (kJ/mol)
           Bond            U-B    Proper Dih.  Improper Dih.          LJ-14
    4.61627e+03    1.96268e+04    8.17029e+03    6.26136e+02    3.60355e+03
     Coulomb-14        LJ (SR)  Disper. corr.   Coulomb (SR)   Coul. recip.
   -3.24861e+04    2.14464e+04   -2.20673e+03   -4.56098e+05    1.39381e+03
      Potential    Kinetic En.   Total Energy  Conserved En.    Temperature
   -4.31307e+05    1.02110e+05   -3.29198e+05   -2.48080e+05    2.98567e+02
 Pres. DC (bar) Pressure (bar)   Constr. rmsd
   -9.36602e+01   -1.12412e+02    4.52122e-06

           Step           Time
         205000      410.00000

   Energies (kJ/mol)
           Bond            U-B    Proper Dih.  Improper Dih.          LJ-14
    4.59319e+03    1.96025e+04    7.91988e+03    6.03890e+02    3.66174e+03
     Coulomb-14        LJ (SR)  Disper. corr.   Coulomb (SR)   Coul. recip.
   -3.18877e+04    2.04188e+04   -2.21221e+03   -4.55451e+05    1.41563e+03
      Potential    Kinetic En.   Total Energy  Conserved En.    Temperature
   -4.31336e+05    1.01225e+05   -3.30110e+05   -2.47974e+05    2.95981e+02
 Pres. DC (bar) Pressure (bar)   Constr. rmsd
   -9.41254e+01   -1.29378e+02    4.52122e-06

           Step           Time
         210000      420.00000

   Energies (kJ/mol)
           Bond            U-B    Proper Dih.  Improper Dih.          LJ-14
    4.47130e+03    1.98261e+04    8.33867e+03    6.66914e+02    3.72469e+03
     Coulomb-14        LJ (SR)  Disper. corr.   Coulomb (SR)   Coul. recip.
   -3.21620e+04    2.14546e+04   -2.21013e+03   -4.55879e+05    1.41444e+03
      Potential    Kinetic En.   Total Energy  Conserved En.    Temperature
   -4.30354e+05    1.01943e+05   -3.28411e+05   -2.47836e+05    2.98080e+02
 Pres. DC (bar) Pressure (bar)   Constr. rmsd
   -9.39484e+01   -7.51088e+01    4.52122e-06

           Step           Time
         215000      430.00000

   Energies (kJ/mol)
           Bond            U-B    Proper Dih.  Improper Dih.          LJ-14
    4.79435e+03    1.98280e+04    8.19258e+03    6.00176e+02    3.65346e+03
     Coulomb-14        LJ (SR)  Disper. corr.   Coulomb (SR)   Coul. recip.
   -3.21914e+04    2.00177e+04   -2.21537e+03   -4.54309e+05    1.35713e+03
      Potential    Kinetic En.   Total Energy  Conserved En.    Temperature
   -4.30273e+05    1.02877e+05   -3.27396e+05   -2.47751e+05    3.00811e+02
 Pres. DC (bar) Pressure (bar)   Constr. rmsd
   -9.43939e+01   -1.75621e+02    4.52122e-06

           Step           Time
         220000      440.00000

   Energies (kJ/mol)
           Bond            U-B    Proper Dih.  Improper Dih.          LJ-14
    4.55461e+03    1.97191e+04    8.11904e+03    6.68065e+02    3.63143e+03
     Coulomb-14        LJ (SR)  Disper. corr.   Coulomb (SR)   Coul. recip.
   -3.19198e+04    2.13038e+04   -2.21599e+03   -4.57188e+05    1.34432e+03
      Potential    Kinetic En.   Total Energy  Conserved En.    Temperature
   -4.31984e+05    1.02103e+05   -3.29881e+05   -2.47636e+05    2.98548e+02
 Pres. DC (bar) Pressure (bar)   Constr. rmsd
   -9.44470e+01   -3.80590e+01    4.52122e-06

           Step           Time
         225000      450.00000

   Energies (kJ/mol)
           Bond            U-B    Proper Dih.  Improper Dih.          LJ-14
    4.53298e+03    1.97031e+04    8.18918e+03    6.57163e+02    3.69496e+03
     Coulomb-14        LJ (SR)  Disper. corr.   Coulomb (SR)   Coul. recip.
   -3.28180e+04    2.09040e+04   -2.21414e+03   -4.55660e+05    1.30955e+03
      Potential    Kinetic En.   Total Energy  Conserved En.    Temperature
   -4.31701e+05    1.01634e+05   -3.30067e+05   -2.47502e+05    2.97176e+02
 Pres. DC (bar) Pressure (bar)   Constr. rmsd
   -9.42894e+01   -2.56968e+02    4.52122e-06

           Step           Time
         230000      460.00000

   Energies (kJ/mol)
           Bond            U-B    Proper Dih.  Improper Dih.          LJ-14
    4.57574e+03    1.99571e+04    8.11449e+03    7.02895e+02    3.63488e+03
     Coulomb-14        LJ (SR)  Disper. corr.   Coulomb (SR)   Coul. recip.
   -3.22016e+04    2.17296e+04   -2.21164e+03   -4.56221e+05    1.32715e+03
      Potential    Kinetic En.   Total Energy  Conserved En.    Temperature
   -4.30592e+05    1.02914e+05   -3.27678e+05   -2.47400e+05    3.00920e+02
 Pres. DC (bar) Pressure (bar)   Constr. rmsd
   -9.40766e+01    1.16407e+02    4.52122e-06

           Step           Time
         235000      470.00000

   Energies (kJ/mol)
           Bond            U-B    Proper Dih.  Improper Dih.          LJ-14
    4.65933e+03    1.98420e+04    8.24204e+03    6.92158e+02    3.68633e+03
     Coulomb-14        LJ (SR)  Disper. corr.   Coulomb (SR)   Coul. recip.
   -3.24912e+04    2.16311e+04   -2.21408e+03   -4.56814e+05    1.35203e+03
      Potential    Kinetic En.   Total Energy  Conserved En.    Temperature
   -4.31414e+05    1.01976e+05   -3.29438e+05   -2.47279e+05    2.98176e+02
 Pres. DC (bar) Pressure (bar)   Constr. rmsd
   -9.42846e+01   -1.08062e+01    4.52122e-06

           Step           Time
         240000      480.00000

   Energies (kJ/mol)
           Bond            U-B    Proper Dih.  Improper Dih.          LJ-14
    4.68780e+03    1.95233e+04    8.23136e+03    6.60973e+02    3.61274e+03
     Coulomb-14        LJ (SR)  Disper. corr.   Coulomb (SR)   Coul. recip.
   -3.24370e+04    1.99852e+04   -2.21231e+03   -4.54350e+05    1.32316e+03
      Potential    Kinetic En.   Total Energy  Conserved En.    Temperature
   -4.30975e+05    1.01607e+05   -3.29367e+05   -2.47187e+05    2.97099e+02
 Pres. DC (bar) Pressure (bar)   Constr. rmsd
   -9.41336e+01   -1.78414e+02    4.52122e-06

           Step           Time
         245000      490.00000

   Energies (kJ/mol)
           Bond            U-B    Proper Dih.  Improper Dih.          LJ-14
    4.75583e+03    1.99968e+04    8.23627e+03    6.36149e+02    3.57560e+03
     Coulomb-14        LJ (SR)  Disper. corr.   Coulomb (SR)   Coul. recip.
   -3.23641e+04    2.06970e+04   -2.21304e+03   -4.55421e+05    1.32611e+03
      Potential    Kinetic En.   Total Energy  Conserved En.    Temperature
   -4.30774e+05    1.02074e+05   -3.28700e+05   -2.47055e+05    2.98462e+02
 Pres. DC (bar) Pressure (bar)   Constr. rmsd
   -9.41957e+01   -1.54345e+02    4.52122e-06

           Step           Time
         250000      500.00000

Writing checkpoint, step 250000 at Thu Jul  3 11:34:26 2025


   Energies (kJ/mol)
           Bond            U-B    Proper Dih.  Improper Dih.          LJ-14
    4.48443e+03    1.99250e+04    8.19721e+03    7.07641e+02    3.74363e+03
     Coulomb-14        LJ (SR)  Disper. corr.   Coulomb (SR)   Coul. recip.
   -3.27817e+04    2.06314e+04   -2.21097e+03   -4.55394e+05    1.37179e+03
      Potential    Kinetic En.   Total Energy  Conserved En.    Temperature
   -4.31326e+05    1.01315e+05   -3.30011e+05   -2.46940e+05    2.96245e+02
 Pres. DC (bar) Pressure (bar)   Constr. rmsd
   -9.40199e+01   -1.07051e+02    4.52122e-06


Energy conservation over simulation part #1 of length 500 ns, time 0 to 500 ns
  Conserved energy drift: 4.17e-04 kJ/mol/ps per atom


	<======  ###############  ==>
	<====  A V E R A G E S  ====>
	<==  ###############  ======>

	Statistics over 250001 steps using 2501 frames

   Energies (kJ/mol)
           Bond            U-B    Proper Dih.  Improper Dih.          LJ-14
    4.54939e+03    1.95911e+04    8.21287e+03    6.60106e+02    3.67015e+03
     Coulomb-14        LJ (SR)  Disper. corr.   Coulomb (SR)   Coul. recip.
   -3.22741e+04    2.19281e+04   -2.03903e+03   -4.52302e+05    1.47922e+03
      Potential    Kinetic En.   Total Energy  Conserved En.    Temperature
   -4.26524e+05    1.01926e+05   -3.24598e+05   -2.49859e+05    2.98031e+02
 Pres. DC (bar) Pressure (bar)   Constr. rmsd
   -8.20785e+01   -7.39555e+01    0.00000e+00

          Box-X          Box-Y          Box-Z
    4.76834e+00    4.76834e+00    1.90734e+01

   Total Virial (kJ/mol)
    3.53830e+04   -5.62363e+00    4.87991e+01
   -5.62278e+00    3.52118e+04    5.06701e+01
    4.87943e+01    5.06635e+01    3.52692e+04

   Pressure (bar)
   -8.04310e+01    1.25500e+00   -3.23871e+00
    1.25495e+00   -6.68502e+01   -3.70195e+00
   -3.23843e+00   -3.70148e+00   -7.45854e+01


	M E G A - F L O P S   A C C O U N T I N G

 NB=Group-cutoff nonbonded kernels    NxN=N-by-N cluster Verlet kernels
 RF=Reaction-Field  VdW=Van der Waals  QSTab=quadratic-spline table
 W3=SPC/TIP3p  W4=TIP4p (single or pairs)
 V&F=Potential and force  V=Potential only  F=Force only

 Computing:                               M-Number         M-Flops  % Flops
-----------------------------------------------------------------------------
 Pair Search distance check           13845.456352      124609.107     0.0
 NxN Ewald Elec. + LJ [F]          14050208.532096   927313763.118    98.1
 NxN Ewald Elec. + LJ [V&F]          141980.565440    15191920.502     1.6
 1,4 nonbonded interactions            4379.767519      394179.077     0.0
 Shift-X                                 97.026295         582.158     0.0
 Bonds                                  989.253957       58365.983     0.0
 Propers                               4225.266901      967586.120     0.1
 Impropers                              140.500562       29224.117     0.0
 Virial                                 971.038840       17478.699     0.0
 Stop-CM                                 97.065090         970.651     0.0
 P-Coupling                             969.913795        5819.483     0.0
 Calc-Ekin                             1939.827590       52375.345     0.0
 Lincs                                    0.012564           0.754     0.0
 Lincs-Mat                                0.105816           0.423     0.0
 Constraint-V                             0.040398           0.364     0.0
 Settle                                   0.018556           6.866     0.0
 Urey-Bradley                          4296.517186      786262.645     0.1
-----------------------------------------------------------------------------
 Total                                               944943145.412   100.0
-----------------------------------------------------------------------------


     R E A L   C Y C L E   A N D   T I M E   A C C O U N T I N G

On 1 MPI rank, each using 10 OpenMP threads

 Computing:          Num   Num      Call    Wall time         Giga-Cycles
                     Ranks Threads  Count      (s)         total sum    %
-----------------------------------------------------------------------------
 Neighbor search        1   10       2501      12.508        325.203   7.1
 Launch GPU ops.        1   10     497501      26.769        696.007  15.1
 Force                  1   10     250001      42.374       1101.727  24.0
 Wait PME GPU gather    1   10     250001       0.066          1.715   0.0
 Reduce GPU PME F       1   10     250001       0.505         13.125   0.3
 Wait GPU NB local      1   10     225000       0.138          3.591   0.1
 Wait GPU state copy    1   10     312504      68.866       1790.534  38.9
 NB X/F buffer ops.     1   10      25001       3.213         83.532   1.8
 Write traj.            1   10         53       4.028        104.742   2.3
 Constraints            1   10          2       0.002          0.061   0.0
 Rest                                          18.438        479.383  10.4
-----------------------------------------------------------------------------
 Total                                        176.907       4599.620 100.0
-----------------------------------------------------------------------------

               Core t (s)   Wall t (s)        (%)
       Time:     1769.060      176.907     1000.0
                 (ns/day)    (hour/ns)
Performance:      244.197        0.098
Finished mdrun on rank 0 Thu Jul  3 11:34:27 2025

