           :-) GROMACS - gmx mdrun, 2023.3-Ubuntu_2023.3_1ubuntu3 (-:

Copyright 1991-2023 The GROMACS Authors.
GROMACS is free software; you can redistribute it and/or modify it
under the terms of the GNU Lesser General Public License
as published by the Free Software Foundation; either version 2.1
of the License, or (at your option) any later version.

                         Current GROMACS contributors:
       Mark Abraham           Andrey Alekseenko           Cathrine Bergh      
      Christian Blau            Eliane Briand             Mahesh Doijade      
    Stefan Fleischmann           Vytas Gapsys              Gaurav Garg        
      Sergey Gorelov         Gilles Gouaillardet            Alan Gray         
     M. Eric Irrgang         Farzaneh Jalalypour            Joe Jordan        
    Christoph Junghans        Prashanth Kanduri          Sebastian Keller     
     Carsten Kutzner           Justin A. Lemkul          Magnus Lundborg      
       Pascal Merz              Vedran Miletic            Dmitry Morozov      
       Szilard Pall             Roland Schulz             Michael Shirts      
     Alexey Shvetsov            Balint Soproni         David van der Spoel    
      Philip Turner             Carsten Uphoff           Alessandra Villa     
 Sebastian Wingbermuehle        Artem Zhmurov       

                         Previous GROMACS contributors:
        Emile Apol             Rossen Apostolov           James Barnett       
  Herman J.C. Berendsen          Par Bjelkmar           Viacheslav Bolnykh    
        Kevin Boyd            Aldert van Buuren          Carlo Camilloni      
     Rudi van Drunen            Anton Feenstra           Oliver Fleetwood     
     Gerrit Groenhof            Bert de Groot             Anca Hamuraru       
    Vincent Hindriksen          Victor Holanda           Aleksei Iupinov      
   Dimitrios Karkoulis           Peter Kasson             Sebastian Kehl      
        Jiri Kraus               Per Larsson              Viveca Lindahl      
      Erik Marklund           Pieter Meulenhoff           Teemu Murtola       
       Sander Pronk             Alfons Sijbers            Peter Tieleman      
       Jon Vincent             Teemu Virolainen         Christian Wennberg    
       Maarten Wolf       

                  Coordinated by the GROMACS project leaders:
                    Paul Bauer, Berk Hess, and Erik Lindahl

GROMACS:      gmx mdrun, version 2023.3-Ubuntu_2023.3_1ubuntu3
Executable:   /usr/bin/gmx
Data prefix:  /usr
Working dir:  /home/apbal
Process ID:   110219
Command line:
  gmx mdrun -deffnm md_0_1

GROMACS version:    2023.3-Ubuntu_2023.3_1ubuntu3
Precision:          mixed
Memory model:       64 bit
MPI library:        thread_mpi
OpenMP support:     enabled (GMX_OPENMP_MAX_THREADS = 128)
GPU support:        disabled
SIMD instructions:  SSE4.1
CPU FFT library:    fftw-3.3.10-sse2-avx
GPU FFT library:    none
Multi-GPU FFT:      none
RDTSCP usage:       enabled
TNG support:        enabled
Hwloc support:      hwloc-2.8.0
Tracing support:    disabled
C compiler:         /usr/bin/cc GNU 13.2.0
C compiler flags:   -fexcess-precision=fast -funroll-all-loops -msse4.1 -Wno-missing-field-initializers -O3 -DNDEBUG
C++ compiler:       /usr/bin/c++ GNU 13.2.0
C++ compiler flags: -fexcess-precision=fast -funroll-all-loops -msse4.1 -Wno-missing-field-initializers -Wno-cast-function-type-strict SHELL:-fopenmp -O3 -DNDEBUG
BLAS library:       External - detected on the system
LAPACK library:     External - detected on the system


Running on 1 node with total 4 cores, 8 processing units
Hardware detected on host Aaron:
  CPU info:
    Vendor: Intel
    Brand:  11th Gen Intel(R) Core(TM) i5-1135G7 @ 2.40GHz
    Family: 6   Model: 140   Stepping: 1
    Features: aes apic avx avx2 avx512f avx512cd avx512bw avx512vl avx512secondFMA clfsh cmov cx8 cx16 f16c fma htt intel lahf mmx msr nonstop_tsc pcid pclmuldq pdcm pdpe1gb popcnt pse rdrnd rdtscp sha sse2 sse3 sse4.1 sse4.2 ssse3 tdt x2apic
    Number of AVX-512 FMA units: Cannot run AVX-512 detection - assuming 2
  Hardware topology: Full, with devices
    Packages, cores, and logical processors:
    [indices refer to OS logical processors]
      Package  0: [   0   1] [   2   3] [   4   5] [   6   7]
    CPU limit set by OS: -1   Recommended max number of threads: 8
    Numa nodes:
      Node  0 (8183332864 bytes mem):   0   1   2   3   4   5   6   7
      Latency:
               0
         0  1.00
    Caches:
      L1: 49152 bytes, linesize 64 bytes, assoc. 12, shared 2 ways
      L2: 1310720 bytes, linesize 64 bytes, assoc. 20, shared 2 ways
      L3: 8388608 bytes, linesize 64 bytes, assoc. 8, shared 8 ways
    PCI devices:
      5582:00:00.0  Id: 1af4:1043  Class: 0x0100  Numa: 0
      5802:00:00.0  Id: 1414:008e  Class: 0x0302  Numa: 0

Likely fastest SIMD instructions supported by all nodes: AVX_512
SIMD instructions selected at compile time:              SSE4.1


++++ PLEASE READ AND CITE THE FOLLOWING REFERENCE ++++
M. J. Abraham, T. Murtola, R. Schulz, S. Páll, J. C. Smith, B. Hess, E.
Lindahl
GROMACS: High performance molecular simulations through multi-level
parallelism from laptops to supercomputers
SoftwareX 1 (2015) pp. 19-25
-------- -------- --- Thank You --- -------- --------


++++ PLEASE READ AND CITE THE FOLLOWING REFERENCE ++++
S. Páll, M. J. Abraham, C. Kutzner, B. Hess, E. Lindahl
Tackling Exascale Software Challenges in Molecular Dynamics Simulations with
GROMACS
In S. Markidis & E. Laure (Eds.), Solving Software Challenges for Exascale 8759 (2015) pp. 3-27
-------- -------- --- Thank You --- -------- --------


++++ PLEASE READ AND CITE THE FOLLOWING REFERENCE ++++
S. Pronk, S. Páll, R. Schulz, P. Larsson, P. Bjelkmar, R. Apostolov, M. R.
Shirts, J. C. Smith, P. M. Kasson, D. van der Spoel, B. Hess, and E. Lindahl
GROMACS 4.5: a high-throughput and highly parallel open source molecular
simulation toolkit
Bioinformatics 29 (2013) pp. 845-54
-------- -------- --- Thank You --- -------- --------


++++ PLEASE READ AND CITE THE FOLLOWING REFERENCE ++++
B. Hess and C. Kutzner and D. van der Spoel and E. Lindahl
GROMACS 4: Algorithms for highly efficient, load-balanced, and scalable
molecular simulation
J. Chem. Theory Comput. 4 (2008) pp. 435-447
-------- -------- --- Thank You --- -------- --------


++++ PLEASE READ AND CITE THE FOLLOWING REFERENCE ++++
D. van der Spoel, E. Lindahl, B. Hess, G. Groenhof, A. E. Mark and H. J. C.
Berendsen
GROMACS: Fast, Flexible and Free
J. Comp. Chem. 26 (2005) pp. 1701-1719
-------- -------- --- Thank You --- -------- --------


++++ PLEASE READ AND CITE THE FOLLOWING REFERENCE ++++
E. Lindahl and B. Hess and D. van der Spoel
GROMACS 3.0: A package for molecular simulation and trajectory analysis
J. Mol. Mod. 7 (2001) pp. 306-317
-------- -------- --- Thank You --- -------- --------


++++ PLEASE READ AND CITE THE FOLLOWING REFERENCE ++++
H. J. C. Berendsen, D. van der Spoel and R. van Drunen
GROMACS: A message-passing parallel molecular dynamics implementation
Comp. Phys. Comm. 91 (1995) pp. 43-56
-------- -------- --- Thank You --- -------- --------

Input Parameters:
   integrator                     = md
   tinit                          = 0
   dt                             = 0.002
   nsteps                         = 500000
   init-step                      = 0
   simulation-part                = 1
   mts                            = false
   comm-mode                      = Linear
   nstcomm                        = 100
   bd-fric                        = 0
   ld-seed                        = -272671251
   emtol                          = 10
   emstep                         = 0.01
   niter                          = 20
   fcstep                         = 0
   nstcgsteep                     = 1000
   nbfgscorr                      = 10
   rtpi                           = 0.05
   nstxout                        = 0
   nstvout                        = 0
   nstfout                        = 0
   nstlog                         = 5000
   nstcalcenergy                  = 100
   nstenergy                      = 5000
   nstxout-compressed             = 5000
   compressed-x-precision         = 1000
   cutoff-scheme                  = Verlet
   nstlist                        = 10
   pbc                            = xyz
   periodic-molecules             = false
   verlet-buffer-tolerance        = 0.005
   rlist                          = 1
   coulombtype                    = PME
   coulomb-modifier               = Potential-shift
   rcoulomb-switch                = 0
   rcoulomb                       = 1
   epsilon-r                      = 1
   epsilon-rf                     = inf
   vdw-type                       = Cut-off
   vdw-modifier                   = Potential-shift
   rvdw-switch                    = 0
   rvdw                           = 1
   DispCorr                       = EnerPres
   table-extension                = 1
   fourierspacing                 = 0.16
   fourier-nx                     = 44
   fourier-ny                     = 44
   fourier-nz                     = 44
   pme-order                      = 4
   ewald-rtol                     = 1e-05
   ewald-rtol-lj                  = 0.001
   lj-pme-comb-rule               = Geometric
   ewald-geometry                 = 3d
   epsilon-surface                = 0
   ensemble-temperature-setting   = constant
   ensemble-temperature           = 300
   tcoupl                         = V-rescale
   nsttcouple                     = 10
   nh-chain-length                = 0
   print-nose-hoover-chain-variables = false
   pcoupl                         = Parrinello-Rahman
   pcoupltype                     = Isotropic
   nstpcouple                     = 50
   tau-p                          = 2
   compressibility (3x3):
      compressibility[    0]={ 4.50000e-05,  0.00000e+00,  0.00000e+00}
      compressibility[    1]={ 0.00000e+00,  4.50000e-05,  0.00000e+00}
      compressibility[    2]={ 0.00000e+00,  0.00000e+00,  4.50000e-05}
   ref-p (3x3):
      ref-p[    0]={ 1.00000e+00,  0.00000e+00,  0.00000e+00}
      ref-p[    1]={ 0.00000e+00,  1.00000e+00,  0.00000e+00}
      ref-p[    2]={ 0.00000e+00,  0.00000e+00,  1.00000e+00}
   refcoord-scaling               = No
   posres-com (3):
      posres-com[0]= 0.00000e+00
      posres-com[1]= 0.00000e+00
      posres-com[2]= 0.00000e+00
   posres-comB (3):
      posres-comB[0]= 0.00000e+00
      posres-comB[1]= 0.00000e+00
      posres-comB[2]= 0.00000e+00
   QMMM                           = false
qm-opts:
   ngQM                           = 0
   constraint-algorithm           = Lincs
   continuation                   = true
   Shake-SOR                      = false
   shake-tol                      = 0.0001
   lincs-order                    = 4
   lincs-iter                     = 1
   lincs-warnangle                = 30
   nwall                          = 0
   wall-type                      = 9-3
   wall-r-linpot                  = -1
   wall-atomtype[0]               = -1
   wall-atomtype[1]               = -1
   wall-density[0]                = 0
   wall-density[1]                = 0
   wall-ewald-zfac                = 3
   pull                           = false
   awh                            = false
   rotation                       = false
   interactiveMD                  = false
   disre                          = No
   disre-weighting                = Conservative
   disre-mixed                    = false
   dr-fc                          = 1000
   dr-tau                         = 0
   nstdisreout                    = 100
   orire-fc                       = 0
   orire-tau                      = 0
   nstorireout                    = 100
   free-energy                    = no
   cos-acceleration               = 0
   deform (3x3):
      deform[    0]={ 0.00000e+00,  0.00000e+00,  0.00000e+00}
      deform[    1]={ 0.00000e+00,  0.00000e+00,  0.00000e+00}
      deform[    2]={ 0.00000e+00,  0.00000e+00,  0.00000e+00}
   simulated-tempering            = false
   swapcoords                     = no
   userint1                       = 0
   userint2                       = 0
   userint3                       = 0
   userint4                       = 0
   userreal1                      = 0
   userreal2                      = 0
   userreal3                      = 0
   userreal4                      = 0
   applied-forces:
     electric-field:
       x:
         E0                       = 0
         omega                    = 0
         t0                       = 0
         sigma                    = 0
       y:
         E0                       = 0
         omega                    = 0
         t0                       = 0
         sigma                    = 0
       z:
         E0                       = 0
         omega                    = 0
         t0                       = 0
         sigma                    = 0
     density-guided-simulation:
       active                     = false
       group                      = protein
       similarity-measure         = inner-product
       atom-spreading-weight      = unity
       force-constant             = 1e+09
       gaussian-transform-spreading-width = 0.2
       gaussian-transform-spreading-range-in-multiples-of-width = 4
       reference-density-filename = reference.mrc
       nst                        = 1
       normalize-densities        = true
       adaptive-force-scaling     = false
       adaptive-force-scaling-time-constant = 4
       shift-vector               = 
       transformation-matrix      = 
     qmmm-cp2k:
       active                     = false
       qmgroup                    = System
       qmmethod                   = PBE
       qmfilenames                = 
       qmcharge                   = 0
       qmmultiplicity             = 1
grpopts:
   nrdf:     4920.79     63837.2
   ref-t:         300         300
   tau-t:         0.1         0.1
annealing:          No          No
annealing-npoints:           0           0
   acc:	           0           0           0
   nfreeze:           N           N           N
   energygrp-flags[  0]: 0

Changing nstlist from 10 to 40, rlist from 1 to 1.096


Initializing Domain Decomposition on 1 ranks
Dynamic load balancing: auto
Using update groups, nr 11645, average size 2.9 atoms, max. radius 0.103 nm
Minimum cell size due to atom displacement: 0.349 nm
Initial maximum distances in bonded interactions:
    two-body bonded interactions: 0.443 nm, LJ-14, atoms 1156 1405
  multi-body bonded interactions: 0.443 nm, Ryckaert-Bell., atoms 1156 1405
Minimum cell size due to bonded interactions: 0.487 nm
Using 0 separate PME ranks because: there are too few total ranks for efficient splitting
Optimizing the DD grid for 1 cells with a minimum initial size of 0.487 nm
The maximum allowed number of cells is: X 14 Y 14 Z 14
Domain decomposition grid 1 x 1 x 1, separate PME ranks 0
PME domain decomposition: 1 x 1 x 1

The initial number of communication pulses is:
The initial domain decomposition cell size is:

The maximum allowed distance for atom groups involved in interactions is:
                 non-bonded interactions           1.303 nm
(the following are initial values, they could change due to box deformation)
            two-body bonded interactions  (-rdd)   1.303 nm
          multi-body bonded interactions  (-rdd)   1.303 nm

When dynamic load balancing gets turned on, these settings will change to:
The maximum number of communication pulses is:
The minimum size for domain decomposition cells is 1.303 nm
The requested allowed shrink of DD cells (option -dds) is: 0.80
The allowed shrink of domain decomposition cells is:
The maximum allowed distance for atom groups involved in interactions is:
                 non-bonded interactions           1.303 nm
            two-body bonded interactions  (-rdd)   1.303 nm
          multi-body bonded interactions  (-rdd)   1.303 nm

Using 1 MPI thread
Using 8 OpenMP threads 

System total charge: -0.000
Will do PME sum in reciprocal space for electrostatic interactions.

++++ PLEASE READ AND CITE THE FOLLOWING REFERENCE ++++
U. Essmann, L. Perera, M. L. Berkowitz, T. Darden, H. Lee and L. G. Pedersen 
A smooth particle mesh Ewald method
J. Chem. Phys. 103 (1995) pp. 8577-8592
-------- -------- --- Thank You --- -------- --------

Using a Gaussian width (1/beta) of 0.320163 nm for Ewald
Potential shift: LJ r^-12: -1.000e+00 r^-6: -1.000e+00, Ewald -1.000e-05
Initialized non-bonded Coulomb Ewald tables, spacing: 9.33e-04 size: 1073

Generated table with 1048 data points for 1-4 COUL.
Tabscale = 500 points/nm
Generated table with 1048 data points for 1-4 LJ6.
Tabscale = 500 points/nm
Generated table with 1048 data points for 1-4 LJ12.
Tabscale = 500 points/nm
Long Range LJ corr.: <C6> 3.1923e-04


Using SIMD 4x4 nonbonded short-range kernels

Using a dual 4x4 pair-list setup updated with dynamic pruning:
  outer list: updated every 40 steps, buffer 0.096 nm, rlist 1.096 nm
  inner list: updated every 12 steps, buffer 0.003 nm, rlist 1.003 nm
At tolerance 0.005 kJ/mol/ps per atom, equivalent classical 1x1 list would be:
  outer list: updated every 40 steps, buffer 0.211 nm, rlist 1.211 nm
  inner list: updated every 12 steps, buffer 0.048 nm, rlist 1.048 nm

The non-bonded pair calculation algorithm tolerates a few missing pair interactions close to the cut-off. This can lead to a systematic overestimation of the pressure due to missing LJ interactions. The error in the average pressure due to missing LJ interactions is at most 0.34 bar.
The pressure error can be controlled by setting the environment variable GMX_VERLET_BUFFER_PRESSURE_TOLERANCE to the allowed error in units of bar.

Using Geometric Lennard-Jones combination rule

Linking all bonded interactions to atoms


Pinning threads with an auto-selected logical cpu stride of 1

Initializing LINear Constraint Solver

++++ PLEASE READ AND CITE THE FOLLOWING REFERENCE ++++
B. Hess and H. Bekker and H. J. C. Berendsen and J. G. E. M. Fraaije
LINCS: A Linear Constraint Solver for molecular simulations
J. Comp. Chem. 18 (1997) pp. 1463-1472
-------- -------- --- Thank You --- -------- --------

The number of constraints is 959

++++ PLEASE READ AND CITE THE FOLLOWING REFERENCE ++++
S. Miyamoto and P. A. Kollman
SETTLE: An Analytical Version of the SHAKE and RATTLE Algorithms for Rigid
Water Models
J. Comp. Chem. 13 (1992) pp. 952-962
-------- -------- --- Thank You --- -------- --------


++++ PLEASE READ AND CITE THE FOLLOWING REFERENCE ++++
G. Bussi, D. Donadio and M. Parrinello
Canonical sampling through velocity rescaling
J. Chem. Phys. 126 (2007) pp. 014101
-------- -------- --- Thank You --- -------- --------

There are: 33876 Atoms
Atom distribution over 1 domains: av 33876 stddev 0 min 33876 max 33876
Center of mass motion removal mode is Linear
We have the following groups for center of mass motion removal:
  0:  rest

Started mdrun on rank 0 Thu May 29 19:27:51 2025

           Step           Time
              0        0.00000

   Energies (kJ/mol)
           Bond          Angle    Proper Dih. Ryckaert-Bell.          LJ-14
    1.51557e+03    3.68413e+03    2.39796e+02    1.84484e+03    2.61383e+03
     Coulomb-14        LJ (SR)  Disper. corr.   Coulomb (SR)   Coul. recip.
    7.72283e+03    9.44643e+04   -4.54433e+03   -6.34316e+05    3.00585e+03
      Potential    Kinetic En.   Total Energy  Conserved En.    Temperature
   -5.23769e+05    8.59134e+04   -4.37856e+05   -4.37835e+05    3.00562e+02
 Pres. DC (bar) Pressure (bar)   Constr. rmsd
   -2.23997e+02    1.56494e+02    2.92792e-06

           Step           Time
           5000       10.00000

   Energies (kJ/mol)
           Bond          Angle    Proper Dih. Ryckaert-Bell.          LJ-14
    1.42587e+03    3.78278e+03    2.34447e+02    1.81166e+03    2.74581e+03
     Coulomb-14        LJ (SR)  Disper. corr.   Coulomb (SR)   Coul. recip.
    7.83702e+03    9.34257e+04   -4.53469e+03   -6.34794e+05    2.87252e+03
      Potential    Kinetic En.   Total Energy  Conserved En.    Temperature
   -5.25193e+05    8.55847e+04   -4.39608e+05   -4.37691e+05    2.99412e+02
 Pres. DC (bar) Pressure (bar)   Constr. rmsd
   -2.23050e+02   -4.83304e+01    2.66275e-06

           Step           Time
          10000       20.00000

   Energies (kJ/mol)
           Bond          Angle    Proper Dih. Ryckaert-Bell.          LJ-14
    1.50390e+03    3.84105e+03    2.34167e+02    1.79743e+03    2.66056e+03
     Coulomb-14        LJ (SR)  Disper. corr.   Coulomb (SR)   Coul. recip.
    7.81897e+03    9.23529e+04   -4.52324e+03   -6.32336e+05    2.99916e+03
      Potential    Kinetic En.   Total Energy  Conserved En.    Temperature
   -5.23652e+05    8.53861e+04   -4.38265e+05   -4.37226e+05    2.98717e+02
 Pres. DC (bar) Pressure (bar)   Constr. rmsd
   -2.21925e+02   -3.94385e+02    2.54994e-06

           Step           Time
          15000       30.00000

   Energies (kJ/mol)
           Bond          Angle    Proper Dih. Ryckaert-Bell.          LJ-14
    1.51795e+03    3.68498e+03    2.23914e+02    1.85271e+03    2.65863e+03
     Coulomb-14        LJ (SR)  Disper. corr.   Coulomb (SR)   Coul. recip.
    7.80259e+03    9.49294e+04   -4.57090e+03   -6.35993e+05    2.97447e+03
      Potential    Kinetic En.   Total Energy  Conserved En.    Temperature
   -5.24919e+05    8.59865e+04   -4.38933e+05   -4.36707e+05    3.00817e+02
 Pres. DC (bar) Pressure (bar)   Constr. rmsd
   -2.26621e+02    3.63983e+02    3.43807e-06

           Step           Time
          20000       40.00000

   Energies (kJ/mol)
           Bond          Angle    Proper Dih. Ryckaert-Bell.          LJ-14
    1.45631e+03    3.59828e+03    2.78623e+02    1.90078e+03    2.64595e+03
     Coulomb-14        LJ (SR)  Disper. corr.   Coulomb (SR)   Coul. recip.
    7.80216e+03    9.39026e+04   -4.57307e+03   -6.35495e+05    2.91813e+03
      Potential    Kinetic En.   Total Energy  Conserved En.    Temperature
   -5.25566e+05    8.52430e+04   -4.40323e+05   -4.36458e+05    2.98216e+02
 Pres. DC (bar) Pressure (bar)   Constr. rmsd
   -2.26837e+02   -1.68217e+01    2.51261e-06

           Step           Time
          25000       50.00000

   Energies (kJ/mol)
           Bond          Angle    Proper Dih. Ryckaert-Bell.          LJ-14
    1.43558e+03    3.78039e+03    2.63546e+02    1.87304e+03    2.57991e+03
     Coulomb-14        LJ (SR)  Disper. corr.   Coulomb (SR)   Coul. recip.
    7.72660e+03    9.35721e+04   -4.56951e+03   -6.35551e+05    3.01122e+03
      Potential    Kinetic En.   Total Energy  Conserved En.    Temperature
   -5.25878e+05    8.62273e+04   -4.39650e+05   -4.36250e+05    3.01660e+02
 Pres. DC (bar) Pressure (bar)   Constr. rmsd
   -2.26484e+02   -5.95911e+01    2.94304e-06

           Step           Time
          30000       60.00000

   Energies (kJ/mol)
           Bond          Angle    Proper Dih. Ryckaert-Bell.          LJ-14
    1.51103e+03    3.83232e+03    2.68167e+02    1.92562e+03    2.69462e+03
     Coulomb-14        LJ (SR)  Disper. corr.   Coulomb (SR)   Coul. recip.
    7.86427e+03    9.49895e+04   -4.56212e+03   -6.36869e+05    2.95180e+03
      Potential    Kinetic En.   Total Energy  Conserved En.    Temperature
   -5.25394e+05    8.58312e+04   -4.39563e+05   -4.35941e+05    3.00274e+02
 Pres. DC (bar) Pressure (bar)   Constr. rmsd
   -2.25753e+02    2.42987e+02    3.02048e-06

           Step           Time
          35000       70.00000

   Energies (kJ/mol)
           Bond          Angle    Proper Dih. Ryckaert-Bell.          LJ-14
    1.48302e+03    3.82480e+03    2.84470e+02    1.96919e+03    2.56277e+03
     Coulomb-14        LJ (SR)  Disper. corr.   Coulomb (SR)   Coul. recip.
    7.66591e+03    9.38300e+04   -4.55129e+03   -6.35131e+05    3.02656e+03
      Potential    Kinetic En.   Total Energy  Conserved En.    Temperature
   -5.25036e+05    8.67945e+04   -4.38241e+05   -4.35532e+05    3.03644e+02
 Pres. DC (bar) Pressure (bar)   Constr. rmsd
   -2.24683e+02   -6.88770e+01    2.40837e-06

           Step           Time
          40000       80.00000

   Energies (kJ/mol)
           Bond          Angle    Proper Dih. Ryckaert-Bell.          LJ-14
    1.55846e+03    3.64795e+03    2.31199e+02    1.85038e+03    2.66471e+03
     Coulomb-14        LJ (SR)  Disper. corr.   Coulomb (SR)   Coul. recip.
    7.87744e+03    9.29947e+04   -4.54596e+03   -6.33279e+05    2.91415e+03
      Potential    Kinetic En.   Total Energy  Conserved En.    Temperature
   -5.24086e+05    8.63190e+04   -4.37767e+05   -4.35284e+05    3.01980e+02
 Pres. DC (bar) Pressure (bar)   Constr. rmsd
   -2.24158e+02   -1.21530e+02    2.92187e-06

           Step           Time
          45000       90.00000

   Energies (kJ/mol)
           Bond          Angle    Proper Dih. Ryckaert-Bell.          LJ-14
    1.49065e+03    3.75761e+03    2.64190e+02    1.78533e+03    2.63288e+03
     Coulomb-14        LJ (SR)  Disper. corr.   Coulomb (SR)   Coul. recip.
    7.73650e+03    9.46617e+04   -4.55641e+03   -6.35126e+05    3.01540e+03
      Potential    Kinetic En.   Total Energy  Conserved En.    Temperature
   -5.24338e+05    8.53172e+04   -4.39021e+05   -4.34692e+05    2.98476e+02
 Pres. DC (bar) Pressure (bar)   Constr. rmsd
   -2.25188e+02    1.27116e+02    2.88226e-06

           Step           Time
          50000      100.00000

   Energies (kJ/mol)
           Bond          Angle    Proper Dih. Ryckaert-Bell.          LJ-14
    1.43292e+03    3.78658e+03    2.31837e+02    1.90768e+03    2.64783e+03
     Coulomb-14        LJ (SR)  Disper. corr.   Coulomb (SR)   Coul. recip.
    7.81098e+03    9.50259e+04   -4.56731e+03   -6.35965e+05    2.88815e+03
      Potential    Kinetic En.   Total Energy  Conserved En.    Temperature
   -5.24800e+05    8.63057e+04   -4.38494e+05   -4.34440e+05    3.01934e+02
 Pres. DC (bar) Pressure (bar)   Constr. rmsd
   -2.26266e+02    2.71867e+02    2.78647e-06

           Step           Time
          55000      110.00000

   Energies (kJ/mol)
           Bond          Angle    Proper Dih. Ryckaert-Bell.          LJ-14
    1.54861e+03    3.70768e+03    2.20770e+02    1.90655e+03    2.57299e+03
     Coulomb-14        LJ (SR)  Disper. corr.   Coulomb (SR)   Coul. recip.
    7.77128e+03    9.24675e+04   -4.53847e+03   -6.31552e+05    2.92399e+03
      Potential    Kinetic En.   Total Energy  Conserved En.    Temperature
   -5.22971e+05    8.61730e+04   -4.36798e+05   -4.34229e+05    3.01470e+02
 Pres. DC (bar) Pressure (bar)   Constr. rmsd
   -2.23420e+02   -2.94672e+02    3.27966e-06

           Step           Time
          60000      120.00000

   Energies (kJ/mol)
           Bond          Angle    Proper Dih. Ryckaert-Bell.          LJ-14
    1.40526e+03    3.67418e+03    2.46556e+02    1.78017e+03    2.65499e+03
     Coulomb-14        LJ (SR)  Disper. corr.   Coulomb (SR)   Coul. recip.
    7.83953e+03    9.28590e+04   -4.56935e+03   -6.33394e+05    2.84267e+03
      Potential    Kinetic En.   Total Energy  Conserved En.    Temperature
   -5.24661e+05    8.58195e+04   -4.38841e+05   -4.34072e+05    3.00233e+02
 Pres. DC (bar) Pressure (bar)   Constr. rmsd
   -2.26467e+02    1.36042e+01    3.10055e-06

           Step           Time
          65000      130.00000

   Energies (kJ/mol)
           Bond          Angle    Proper Dih. Ryckaert-Bell.          LJ-14
    1.54247e+03    3.63746e+03    2.81059e+02    1.87164e+03    2.63460e+03
     Coulomb-14        LJ (SR)  Disper. corr.   Coulomb (SR)   Coul. recip.
    7.81020e+03    9.44029e+04   -4.57081e+03   -6.35822e+05    2.98446e+03
      Potential    Kinetic En.   Total Energy  Conserved En.    Temperature
   -5.25228e+05    8.49812e+04   -4.40247e+05   -4.33790e+05    2.97300e+02
 Pres. DC (bar) Pressure (bar)   Constr. rmsd
   -2.26612e+02    1.02522e+02    2.79591e-06

           Step           Time
          70000      140.00000

   Energies (kJ/mol)
           Bond          Angle    Proper Dih. Ryckaert-Bell.          LJ-14
    1.47291e+03    3.81721e+03    3.05371e+02    1.82096e+03    2.63661e+03
     Coulomb-14        LJ (SR)  Disper. corr.   Coulomb (SR)   Coul. recip.
    7.75699e+03    9.26310e+04   -4.58450e+03   -6.33986e+05    2.91517e+03
      Potential    Kinetic En.   Total Energy  Conserved En.    Temperature
   -5.25214e+05    8.51649e+04   -4.40050e+05   -4.33475e+05    2.97943e+02
 Pres. DC (bar) Pressure (bar)   Constr. rmsd
   -2.27971e+02   -2.29786e+02    2.63657e-06

Writing checkpoint, step 73080 at Thu May 29 19:42:52 2025


           Step           Time
          75000      150.00000

   Energies (kJ/mol)
           Bond          Angle    Proper Dih. Ryckaert-Bell.          LJ-14
    1.43402e+03    3.68716e+03    2.50138e+02    1.85369e+03    2.66477e+03
     Coulomb-14        LJ (SR)  Disper. corr.   Coulomb (SR)   Coul. recip.
    7.84486e+03    9.25456e+04   -4.52941e+03   -6.33488e+05    2.83887e+03
      Potential    Kinetic En.   Total Energy  Conserved En.    Temperature
   -5.24898e+05    8.56235e+04   -4.39275e+05   -4.33318e+05    2.99547e+02
 Pres. DC (bar) Pressure (bar)   Constr. rmsd
   -2.22530e+02   -2.26986e+02    3.11023e-06

           Step           Time
          80000      160.00000

   Energies (kJ/mol)
           Bond          Angle    Proper Dih. Ryckaert-Bell.          LJ-14
    1.45003e+03    3.78505e+03    2.13425e+02    1.73074e+03    2.68282e+03
     Coulomb-14        LJ (SR)  Disper. corr.   Coulomb (SR)   Coul. recip.
    7.81787e+03    9.39193e+04   -4.54398e+03   -6.34658e+05    2.99040e+03
      Potential    Kinetic En.   Total Energy  Conserved En.    Temperature
   -5.24612e+05    8.59011e+04   -4.38711e+05   -4.32946e+05    3.00519e+02
 Pres. DC (bar) Pressure (bar)   Constr. rmsd
   -2.23963e+02    7.99751e+00    2.94045e-06

           Step           Time
          85000      170.00000

   Energies (kJ/mol)
           Bond          Angle    Proper Dih. Ryckaert-Bell.          LJ-14
    1.33036e+03    3.69873e+03    2.57327e+02    1.83338e+03    2.65625e+03
     Coulomb-14        LJ (SR)  Disper. corr.   Coulomb (SR)   Coul. recip.
    7.80285e+03    9.35680e+04   -4.53802e+03   -6.35551e+05    3.02018e+03
      Potential    Kinetic En.   Total Energy  Conserved En.    Temperature
   -5.25922e+05    8.49210e+04   -4.41001e+05   -4.32505e+05    2.97090e+02
 Pres. DC (bar) Pressure (bar)   Constr. rmsd
   -2.23377e+02   -2.31226e+02    2.58896e-06

           Step           Time
          90000      180.00000

   Energies (kJ/mol)
           Bond          Angle    Proper Dih. Ryckaert-Bell.          LJ-14
    1.41014e+03    3.70596e+03    2.38373e+02    1.87844e+03    2.70791e+03
     Coulomb-14        LJ (SR)  Disper. corr.   Coulomb (SR)   Coul. recip.
    7.87047e+03    9.30509e+04   -4.56161e+03   -6.33720e+05    2.92448e+03
      Potential    Kinetic En.   Total Energy  Conserved En.    Temperature
   -5.24495e+05    8.65058e+04   -4.37989e+05   -4.32084e+05    3.02634e+02
 Pres. DC (bar) Pressure (bar)   Constr. rmsd
   -2.25702e+02    1.06743e+02    2.72388e-06

           Step           Time
          95000      190.00000

   Energies (kJ/mol)
           Bond          Angle    Proper Dih. Ryckaert-Bell.          LJ-14
    1.56157e+03    3.91878e+03    2.75841e+02    1.76400e+03    2.60764e+03
     Coulomb-14        LJ (SR)  Disper. corr.   Coulomb (SR)   Coul. recip.
    7.76876e+03    9.38950e+04   -4.53704e+03   -6.34021e+05    3.00295e+03
      Potential    Kinetic En.   Total Energy  Conserved En.    Temperature
   -5.23764e+05    8.55439e+04   -4.38220e+05   -4.31819e+05    2.99269e+02
 Pres. DC (bar) Pressure (bar)   Constr. rmsd
   -2.23280e+02    4.22403e+01    3.01097e-06

           Step           Time
         100000      200.00000

   Energies (kJ/mol)
           Bond          Angle    Proper Dih. Ryckaert-Bell.          LJ-14
    1.46336e+03    3.75728e+03    2.35070e+02    1.83862e+03    2.64103e+03
     Coulomb-14        LJ (SR)  Disper. corr.   Coulomb (SR)   Coul. recip.
    7.79462e+03    9.35866e+04   -4.56149e+03   -6.35206e+05    2.99681e+03
      Potential    Kinetic En.   Total Energy  Conserved En.    Temperature
   -5.25454e+05    8.61925e+04   -4.39262e+05   -4.31370e+05    3.01538e+02
 Pres. DC (bar) Pressure (bar)   Constr. rmsd
   -2.25690e+02   -6.14459e+01    2.77053e-06

           Step           Time
         105000      210.00000

   Energies (kJ/mol)
           Bond          Angle    Proper Dih. Ryckaert-Bell.          LJ-14
    1.39979e+03    3.69035e+03    2.52982e+02    1.75553e+03    2.67433e+03
     Coulomb-14        LJ (SR)  Disper. corr.   Coulomb (SR)   Coul. recip.
    7.74540e+03    9.31211e+04   -4.56579e+03   -6.34845e+05    2.91792e+03
      Potential    Kinetic En.   Total Energy  Conserved En.    Temperature
   -5.25853e+05    8.54448e+04   -4.40408e+05   -4.30953e+05    2.98922e+02
 Pres. DC (bar) Pressure (bar)   Constr. rmsd
   -2.26115e+02    4.21519e+01    2.81291e-06

           Step           Time
         110000      220.00000

   Energies (kJ/mol)
           Bond          Angle    Proper Dih. Ryckaert-Bell.          LJ-14
    1.50389e+03    3.80882e+03    2.32866e+02    1.79488e+03    2.58515e+03
     Coulomb-14        LJ (SR)  Disper. corr.   Coulomb (SR)   Coul. recip.
    7.70491e+03    9.28929e+04   -4.53220e+03   -6.34424e+05    2.88443e+03
      Potential    Kinetic En.   Total Energy  Conserved En.    Temperature
   -5.25549e+05    8.53687e+04   -4.40180e+05   -4.30377e+05    2.98656e+02
 Pres. DC (bar) Pressure (bar)   Constr. rmsd
   -2.22805e+02   -1.84941e+02    3.09412e-06

           Step           Time
         115000      230.00000

   Energies (kJ/mol)
           Bond          Angle    Proper Dih. Ryckaert-Bell.          LJ-14
    1.42636e+03    3.72288e+03    2.55242e+02    1.77016e+03    2.69605e+03
     Coulomb-14        LJ (SR)  Disper. corr.   Coulomb (SR)   Coul. recip.
    7.76013e+03    9.41745e+04   -4.55390e+03   -6.35721e+05    2.98126e+03
      Potential    Kinetic En.   Total Energy  Conserved En.    Temperature
   -5.25488e+05    8.60467e+04   -4.39441e+05   -4.29889e+05    3.01028e+02
 Pres. DC (bar) Pressure (bar)   Constr. rmsd
   -2.24941e+02    2.47366e+02    3.14726e-06

           Step           Time
         120000      240.00000

   Energies (kJ/mol)
           Bond          Angle    Proper Dih. Ryckaert-Bell.          LJ-14
    1.55934e+03    3.70481e+03    2.21218e+02    1.79112e+03    2.61829e+03
     Coulomb-14        LJ (SR)  Disper. corr.   Coulomb (SR)   Coul. recip.
    7.86368e+03    9.49146e+04   -4.57054e+03   -6.37012e+05    2.86733e+03
      Potential    Kinetic En.   Total Energy  Conserved En.    Temperature
   -5.26042e+05    8.58119e+04   -4.40230e+05   -4.29427e+05    3.00206e+02
 Pres. DC (bar) Pressure (bar)   Constr. rmsd
   -2.26586e+02    1.97427e+02    3.04209e-06

           Step           Time
         125000      250.00000

   Energies (kJ/mol)
           Bond          Angle    Proper Dih. Ryckaert-Bell.          LJ-14
    1.49356e+03    3.60947e+03    2.47929e+02    1.78546e+03    2.73633e+03
     Coulomb-14        LJ (SR)  Disper. corr.   Coulomb (SR)   Coul. recip.
    7.76387e+03    9.53659e+04   -4.58759e+03   -6.39109e+05    2.90620e+03
      Potential    Kinetic En.   Total Energy  Conserved En.    Temperature
   -5.27788e+05    8.59788e+04   -4.41809e+05   -4.28967e+05    3.00790e+02
 Pres. DC (bar) Pressure (bar)   Constr. rmsd
   -2.28277e+02    1.53903e+02    2.67717e-06

           Step           Time
         130000      260.00000

   Energies (kJ/mol)
           Bond          Angle    Proper Dih. Ryckaert-Bell.          LJ-14
    1.50363e+03    3.63456e+03    2.70146e+02    1.88541e+03    2.63227e+03
     Coulomb-14        LJ (SR)  Disper. corr.   Coulomb (SR)   Coul. recip.
    7.72877e+03    9.39990e+04   -4.55754e+03   -6.35085e+05    2.90402e+03
      Potential    Kinetic En.   Total Energy  Conserved En.    Temperature
   -5.25085e+05    8.55763e+04   -4.39509e+05   -4.28392e+05    2.99382e+02
 Pres. DC (bar) Pressure (bar)   Constr. rmsd
   -2.25300e+02   -6.30486e+01    2.79427e-06

           Step           Time
         135000      270.00000

   Energies (kJ/mol)
           Bond          Angle    Proper Dih. Ryckaert-Bell.          LJ-14
    1.47245e+03    3.83484e+03    2.01419e+02    1.68602e+03    2.77498e+03
     Coulomb-14        LJ (SR)  Disper. corr.   Coulomb (SR)   Coul. recip.
    7.83133e+03    9.49433e+04   -4.57780e+03   -6.36405e+05    3.03299e+03
      Potential    Kinetic En.   Total Energy  Conserved En.    Temperature
   -5.25206e+05    8.57544e+04   -4.39452e+05   -4.28187e+05    3.00005e+02
 Pres. DC (bar) Pressure (bar)   Constr. rmsd
   -2.27305e+02    3.55094e+02    2.93579e-06

           Step           Time
         140000      280.00000

   Energies (kJ/mol)
           Bond          Angle    Proper Dih. Ryckaert-Bell.          LJ-14
    1.48178e+03    3.89657e+03    2.61189e+02    1.78624e+03    2.66291e+03
     Coulomb-14        LJ (SR)  Disper. corr.   Coulomb (SR)   Coul. recip.
    7.76202e+03    9.41959e+04   -4.57381e+03   -6.34469e+05    2.95431e+03
      Potential    Kinetic En.   Total Energy  Conserved En.    Temperature
   -5.24042e+05    8.52222e+04   -4.38820e+05   -4.27701e+05    2.98144e+02
 Pres. DC (bar) Pressure (bar)   Constr. rmsd
   -2.26910e+02    1.27737e+02    2.53178e-06

Writing checkpoint, step 142120 at Thu May 29 19:57:52 2025


           Step           Time
         145000      290.00000

   Energies (kJ/mol)
           Bond          Angle    Proper Dih. Ryckaert-Bell.          LJ-14
    1.52021e+03    3.66632e+03    2.47776e+02    1.88651e+03    2.75675e+03
     Coulomb-14        LJ (SR)  Disper. corr.   Coulomb (SR)   Coul. recip.
    7.90021e+03    9.30184e+04   -4.52588e+03   -6.33271e+05    2.95239e+03
      Potential    Kinetic En.   Total Energy  Conserved En.    Temperature
   -5.23849e+05    8.67725e+04   -4.37076e+05   -4.27474e+05    3.03567e+02
 Pres. DC (bar) Pressure (bar)   Constr. rmsd
   -2.22184e+02   -1.19278e+02    3.25160e-06

           Step           Time
         150000      300.00000

   Energies (kJ/mol)
           Bond          Angle    Proper Dih. Ryckaert-Bell.          LJ-14
    1.41658e+03    3.88525e+03    2.14546e+02    1.74085e+03    2.66580e+03
     Coulomb-14        LJ (SR)  Disper. corr.   Coulomb (SR)   Coul. recip.
    7.87176e+03    9.30453e+04   -4.53605e+03   -6.34091e+05    3.00206e+03
      Potential    Kinetic En.   Total Energy  Conserved En.    Temperature
   -5.24785e+05    8.51815e+04   -4.39603e+05   -4.26885e+05    2.98001e+02
 Pres. DC (bar) Pressure (bar)   Constr. rmsd
   -2.23183e+02   -1.11636e+02    2.77718e-06

           Step           Time
         155000      310.00000

   Energies (kJ/mol)
           Bond          Angle    Proper Dih. Ryckaert-Bell.          LJ-14
    1.42761e+03    3.64617e+03    2.20055e+02    1.64515e+03    2.69103e+03
     Coulomb-14        LJ (SR)  Disper. corr.   Coulomb (SR)   Coul. recip.
    7.75512e+03    9.40766e+04   -4.57007e+03   -6.35548e+05    2.87290e+03
      Potential    Kinetic En.   Total Energy  Conserved En.    Temperature
   -5.25783e+05    8.54017e+04   -4.40381e+05   -4.26583e+05    2.98772e+02
 Pres. DC (bar) Pressure (bar)   Constr. rmsd
   -2.26539e+02    1.41772e+02    2.66052e-06

           Step           Time
         160000      320.00000

   Energies (kJ/mol)
           Bond          Angle    Proper Dih. Ryckaert-Bell.          LJ-14
    1.44144e+03    3.87073e+03    2.40405e+02    1.77522e+03    2.66695e+03
     Coulomb-14        LJ (SR)  Disper. corr.   Coulomb (SR)   Coul. recip.
    7.81256e+03    9.28789e+04   -4.52951e+03   -6.33186e+05    2.93815e+03
      Potential    Kinetic En.   Total Energy  Conserved En.    Temperature
   -5.24091e+05    8.48574e+04   -4.39234e+05   -4.26058e+05    2.96867e+02
 Pres. DC (bar) Pressure (bar)   Constr. rmsd
   -2.22541e+02   -2.88710e+02    2.61486e-06

           Step           Time
         165000      330.00000

   Energies (kJ/mol)
           Bond          Angle    Proper Dih. Ryckaert-Bell.          LJ-14
    1.37619e+03    3.90837e+03    2.44372e+02    1.74295e+03    2.68057e+03
     Coulomb-14        LJ (SR)  Disper. corr.   Coulomb (SR)   Coul. recip.
    7.74768e+03    9.36813e+04   -4.54921e+03   -6.34540e+05    3.05968e+03
      Potential    Kinetic En.   Total Energy  Conserved En.    Temperature
   -5.24648e+05    8.65784e+04   -4.38069e+05   -4.25657e+05    3.02888e+02
 Pres. DC (bar) Pressure (bar)   Constr. rmsd
   -2.24478e+02    3.32182e+01    2.83247e-06

           Step           Time
         170000      340.00000

   Energies (kJ/mol)
           Bond          Angle    Proper Dih. Ryckaert-Bell.          LJ-14
    1.49862e+03    3.66988e+03    2.36963e+02    1.72764e+03    2.69271e+03
     Coulomb-14        LJ (SR)  Disper. corr.   Coulomb (SR)   Coul. recip.
    7.75963e+03    9.41989e+04   -4.56979e+03   -6.36684e+05    2.86650e+03
      Potential    Kinetic En.   Total Energy  Conserved En.    Temperature
   -5.26603e+05    8.58359e+04   -4.40767e+05   -4.25217e+05    3.00291e+02
 Pres. DC (bar) Pressure (bar)   Constr. rmsd
   -2.26512e+02    1.40245e+02    3.21158e-06

           Step           Time
         175000      350.00000

   Energies (kJ/mol)
           Bond          Angle    Proper Dih. Ryckaert-Bell.          LJ-14
    1.43371e+03    3.85792e+03    2.19396e+02    1.73617e+03    2.63885e+03
     Coulomb-14        LJ (SR)  Disper. corr.   Coulomb (SR)   Coul. recip.
    7.75143e+03    9.56012e+04   -4.56506e+03   -6.37331e+05    2.97189e+03
      Potential    Kinetic En.   Total Energy  Conserved En.    Temperature
   -5.25685e+05    8.58348e+04   -4.39850e+05   -4.25002e+05    3.00287e+02
 Pres. DC (bar) Pressure (bar)   Constr. rmsd
   -2.26043e+02    3.61997e+02    2.93295e-06

           Step           Time
         180000      360.00000

   Energies (kJ/mol)
           Bond          Angle    Proper Dih. Ryckaert-Bell.          LJ-14
    1.39071e+03    3.69656e+03    2.30662e+02    1.72247e+03    2.66945e+03
     Coulomb-14        LJ (SR)  Disper. corr.   Coulomb (SR)   Coul. recip.
    7.72594e+03    9.35210e+04   -4.57670e+03   -6.34086e+05    2.87775e+03
      Potential    Kinetic En.   Total Energy  Conserved En.    Temperature
   -5.24828e+05    8.55548e+04   -4.39273e+05   -4.24758e+05    2.99307e+02
 Pres. DC (bar) Pressure (bar)   Constr. rmsd
   -2.27196e+02    6.44579e+01    3.13755e-06

           Step           Time
         185000      370.00000

   Energies (kJ/mol)
           Bond          Angle    Proper Dih. Ryckaert-Bell.          LJ-14
    1.45530e+03    3.67540e+03    2.57258e+02    1.71794e+03    2.62126e+03
     Coulomb-14        LJ (SR)  Disper. corr.   Coulomb (SR)   Coul. recip.
    7.77039e+03    9.47748e+04   -4.57166e+03   -6.37177e+05    2.94459e+03
      Potential    Kinetic En.   Total Energy  Conserved En.    Temperature
   -5.26531e+05    8.60694e+04   -4.40462e+05   -4.24459e+05    3.01107e+02
 Pres. DC (bar) Pressure (bar)   Constr. rmsd
   -2.26696e+02    6.03062e+01    2.85287e-06

           Step           Time
         190000      380.00000

   Energies (kJ/mol)
           Bond          Angle    Proper Dih. Ryckaert-Bell.          LJ-14
    1.43108e+03    3.74751e+03    2.31154e+02    1.73979e+03    2.66794e+03
     Coulomb-14        LJ (SR)  Disper. corr.   Coulomb (SR)   Coul. recip.
    7.72397e+03    9.31090e+04   -4.56042e+03   -6.33910e+05    2.96738e+03
      Potential    Kinetic En.   Total Energy  Conserved En.    Temperature
   -5.24853e+05    8.57859e+04   -4.39067e+05   -4.24016e+05    3.00115e+02
 Pres. DC (bar) Pressure (bar)   Constr. rmsd
   -2.25585e+02   -3.65525e+01    3.23855e-06

           Step           Time
         195000      390.00000

   Energies (kJ/mol)
           Bond          Angle    Proper Dih. Ryckaert-Bell.          LJ-14
    1.40029e+03    3.72739e+03    2.43051e+02    1.77124e+03    2.65992e+03
     Coulomb-14        LJ (SR)  Disper. corr.   Coulomb (SR)   Coul. recip.
    7.69071e+03    9.34956e+04   -4.56292e+03   -6.35188e+05    3.00336e+03
      Potential    Kinetic En.   Total Energy  Conserved En.    Temperature
   -5.25759e+05    8.53074e+04   -4.40452e+05   -4.23430e+05    2.98442e+02
 Pres. DC (bar) Pressure (bar)   Constr. rmsd
   -2.25832e+02   -9.08770e+01    2.85681e-06

           Step           Time
         200000      400.00000

   Energies (kJ/mol)
           Bond          Angle    Proper Dih. Ryckaert-Bell.          LJ-14
    1.44423e+03    3.77556e+03    2.28313e+02    1.79436e+03    2.68929e+03
     Coulomb-14        LJ (SR)  Disper. corr.   Coulomb (SR)   Coul. recip.
    7.72484e+03    9.20995e+04   -4.54557e+03   -6.32772e+05    2.94926e+03
      Potential    Kinetic En.   Total Energy  Conserved En.    Temperature
   -5.24612e+05    8.59594e+04   -4.38653e+05   -4.23033e+05    3.00722e+02
 Pres. DC (bar) Pressure (bar)   Constr. rmsd
   -2.24120e+02   -1.57060e+02    3.09259e-06

           Step           Time
         205000      410.00000

   Energies (kJ/mol)
           Bond          Angle    Proper Dih. Ryckaert-Bell.          LJ-14
    1.37031e+03    3.73860e+03    2.27099e+02    1.66648e+03    2.65454e+03
     Coulomb-14        LJ (SR)  Disper. corr.   Coulomb (SR)   Coul. recip.
    7.76820e+03    9.33539e+04   -4.58355e+03   -6.34664e+05    2.92104e+03
      Potential    Kinetic En.   Total Energy  Conserved En.    Temperature
   -5.25548e+05    8.46386e+04   -4.40909e+05   -4.22579e+05    2.96102e+02
 Pres. DC (bar) Pressure (bar)   Constr. rmsd
   -2.27876e+02    3.39367e+01    2.99830e-06

Writing checkpoint, step 206640 at Thu May 29 20:12:52 2025


           Step           Time
         210000      420.00000

   Energies (kJ/mol)
           Bond          Angle    Proper Dih. Ryckaert-Bell.          LJ-14
    1.43336e+03    3.78050e+03    2.33820e+02    1.72958e+03    2.67983e+03
     Coulomb-14        LJ (SR)  Disper. corr.   Coulomb (SR)   Coul. recip.
    7.77740e+03    9.19675e+04   -4.51790e+03   -6.32540e+05    2.90735e+03
      Potential    Kinetic En.   Total Energy  Conserved En.    Temperature
   -5.24548e+05    8.58964e+04   -4.38652e+05   -4.22168e+05    3.00502e+02
 Pres. DC (bar) Pressure (bar)   Constr. rmsd
   -2.21403e+02   -3.68320e+02    3.09371e-06

           Step           Time
         215000      430.00000

   Energies (kJ/mol)
           Bond          Angle    Proper Dih. Ryckaert-Bell.          LJ-14
    1.51604e+03    3.73707e+03    2.28165e+02    1.67300e+03    2.60701e+03
     Coulomb-14        LJ (SR)  Disper. corr.   Coulomb (SR)   Coul. recip.
    7.83424e+03    9.28408e+04   -4.54925e+03   -6.34183e+05    3.02310e+03
      Potential    Kinetic En.   Total Energy  Conserved En.    Temperature
   -5.25273e+05    8.57550e+04   -4.39518e+05   -4.21987e+05    3.00008e+02
 Pres. DC (bar) Pressure (bar)   Constr. rmsd
   -2.24482e+02   -2.90912e+02    3.17686e-06

           Step           Time
         220000      440.00000

   Energies (kJ/mol)
           Bond          Angle    Proper Dih. Ryckaert-Bell.          LJ-14
    1.50475e+03    3.71004e+03    2.15600e+02    1.82502e+03    2.71150e+03
     Coulomb-14        LJ (SR)  Disper. corr.   Coulomb (SR)   Coul. recip.
    7.68931e+03    9.30967e+04   -4.52425e+03   -6.32646e+05    2.98669e+03
      Potential    Kinetic En.   Total Energy  Conserved En.    Temperature
   -5.23431e+05    8.61753e+04   -4.37256e+05   -4.21590e+05    3.01478e+02
 Pres. DC (bar) Pressure (bar)   Constr. rmsd
   -2.22024e+02   -4.58675e+01    3.10992e-06

           Step           Time
         225000      450.00000

   Energies (kJ/mol)
           Bond          Angle    Proper Dih. Ryckaert-Bell.          LJ-14
    1.52420e+03    3.83022e+03    2.25192e+02    1.76612e+03    2.61620e+03
     Coulomb-14        LJ (SR)  Disper. corr.   Coulomb (SR)   Coul. recip.
    7.79477e+03    9.12305e+04   -4.53338e+03   -6.32074e+05    2.91334e+03
      Potential    Kinetic En.   Total Energy  Conserved En.    Temperature
   -5.24707e+05    8.49868e+04   -4.39720e+05   -4.21425e+05    2.97320e+02
 Pres. DC (bar) Pressure (bar)   Constr. rmsd
   -2.22920e+02   -5.44166e+02    2.83822e-06

           Step           Time
         230000      460.00000

   Energies (kJ/mol)
           Bond          Angle    Proper Dih. Ryckaert-Bell.          LJ-14
    1.46067e+03    3.72717e+03    2.79019e+02    1.80080e+03    2.59293e+03
     Coulomb-14        LJ (SR)  Disper. corr.   Coulomb (SR)   Coul. recip.
    7.70411e+03    9.36198e+04   -4.57580e+03   -6.35437e+05    2.89339e+03
      Potential    Kinetic En.   Total Energy  Conserved En.    Temperature
   -5.25935e+05    8.53849e+04   -4.40550e+05   -4.20826e+05    2.98713e+02
 Pres. DC (bar) Pressure (bar)   Constr. rmsd
   -2.27107e+02   -2.17753e+01    2.95953e-06

           Step           Time
         235000      470.00000

   Energies (kJ/mol)
           Bond          Angle    Proper Dih. Ryckaert-Bell.          LJ-14
    1.53823e+03    3.60096e+03    2.39143e+02    1.78703e+03    2.58880e+03
     Coulomb-14        LJ (SR)  Disper. corr.   Coulomb (SR)   Coul. recip.
    7.63809e+03    9.37694e+04   -4.56041e+03   -6.34164e+05    2.89402e+03
      Potential    Kinetic En.   Total Energy  Conserved En.    Temperature
   -5.24668e+05    8.49986e+04   -4.39670e+05   -4.20515e+05    2.97361e+02
 Pres. DC (bar) Pressure (bar)   Constr. rmsd
   -2.25583e+02    6.73975e+01    2.85353e-06

           Step           Time
         240000      480.00000

   Energies (kJ/mol)
           Bond          Angle    Proper Dih. Ryckaert-Bell.          LJ-14
    1.49272e+03    3.79115e+03    2.86274e+02    1.74355e+03    2.56141e+03
     Coulomb-14        LJ (SR)  Disper. corr.   Coulomb (SR)   Coul. recip.
    7.78581e+03    9.24698e+04   -4.53609e+03   -6.32475e+05    3.02300e+03
      Potential    Kinetic En.   Total Energy  Conserved En.    Temperature
   -5.23858e+05    8.55963e+04   -4.38261e+05   -4.20155e+05    2.99452e+02
 Pres. DC (bar) Pressure (bar)   Constr. rmsd
   -2.23187e+02   -2.59018e+02    2.99811e-06

           Step           Time
         245000      490.00000

   Energies (kJ/mol)
           Bond          Angle    Proper Dih. Ryckaert-Bell.          LJ-14
    1.49874e+03    3.76859e+03    2.44547e+02    1.82606e+03    2.74772e+03
     Coulomb-14        LJ (SR)  Disper. corr.   Coulomb (SR)   Coul. recip.
    7.80302e+03    9.38663e+04   -4.55025e+03   -6.35776e+05    2.95751e+03
      Potential    Kinetic En.   Total Energy  Conserved En.    Temperature
   -5.25614e+05    8.64312e+04   -4.39183e+05   -4.19996e+05    3.02373e+02
 Pres. DC (bar) Pressure (bar)   Constr. rmsd
   -2.24581e+02   -5.35548e+01    3.09204e-06

           Step           Time
         250000      500.00000

   Energies (kJ/mol)
           Bond          Angle    Proper Dih. Ryckaert-Bell.          LJ-14
    1.48279e+03    3.91665e+03    2.52799e+02    1.75200e+03    2.64754e+03
     Coulomb-14        LJ (SR)  Disper. corr.   Coulomb (SR)   Coul. recip.
    7.84190e+03    9.28563e+04   -4.58670e+03   -6.34242e+05    2.78879e+03
      Potential    Kinetic En.   Total Energy  Conserved En.    Temperature
   -5.25290e+05    8.60627e+04   -4.39228e+05   -4.19531e+05    3.01084e+02
 Pres. DC (bar) Pressure (bar)   Constr. rmsd
   -2.28189e+02   -9.37072e+01    2.86046e-06

           Step           Time
         255000      510.00000

   Energies (kJ/mol)
           Bond          Angle    Proper Dih. Ryckaert-Bell.          LJ-14
    1.43961e+03    3.85078e+03    2.19072e+02    1.72113e+03    2.61491e+03
     Coulomb-14        LJ (SR)  Disper. corr.   Coulomb (SR)   Coul. recip.
    7.71710e+03    9.36310e+04   -4.56595e+03   -6.32729e+05    2.89739e+03
      Potential    Kinetic En.   Total Energy  Conserved En.    Temperature
   -5.23204e+05    8.59961e+04   -4.37208e+05   -4.19083e+05    3.00851e+02
 Pres. DC (bar) Pressure (bar)   Constr. rmsd
   -2.26131e+02    1.66161e+02    2.82885e-06

           Step           Time
         260000      520.00000

   Energies (kJ/mol)
           Bond          Angle    Proper Dih. Ryckaert-Bell.          LJ-14
    1.43117e+03    3.77220e+03    2.69175e+02    1.77094e+03    2.66981e+03
     Coulomb-14        LJ (SR)  Disper. corr.   Coulomb (SR)   Coul. recip.
    7.70304e+03    9.39246e+04   -4.55430e+03   -6.34600e+05    2.92081e+03
      Potential    Kinetic En.   Total Energy  Conserved En.    Temperature
   -5.24693e+05    8.64186e+04   -4.38274e+05   -4.18613e+05    3.02329e+02
 Pres. DC (bar) Pressure (bar)   Constr. rmsd
   -2.24980e+02    1.54054e+02    3.09674e-06

           Step           Time
         265000      530.00000

   Energies (kJ/mol)
           Bond          Angle    Proper Dih. Ryckaert-Bell.          LJ-14
    1.30183e+03    3.60881e+03    2.55814e+02    1.69952e+03    2.71221e+03
     Coulomb-14        LJ (SR)  Disper. corr.   Coulomb (SR)   Coul. recip.
    7.77706e+03    9.28034e+04   -4.54898e+03   -6.33633e+05    2.93701e+03
      Potential    Kinetic En.   Total Energy  Conserved En.    Temperature
   -5.25086e+05    8.49019e+04   -4.40185e+05   -4.18323e+05    2.97023e+02
 Pres. DC (bar) Pressure (bar)   Constr. rmsd
   -2.24456e+02   -4.89044e+01    2.96972e-06

Writing checkpoint, step 266760 at Thu May 29 20:27:52 2025


           Step           Time
         270000      540.00000

   Energies (kJ/mol)
           Bond          Angle    Proper Dih. Ryckaert-Bell.          LJ-14
    1.46130e+03    3.69512e+03    2.21183e+02    1.85303e+03    2.58096e+03
     Coulomb-14        LJ (SR)  Disper. corr.   Coulomb (SR)   Coul. recip.
    7.67772e+03    9.22526e+04   -4.55445e+03   -6.33302e+05    3.01590e+03
      Potential    Kinetic En.   Total Energy  Conserved En.    Temperature
   -5.25099e+05    8.57400e+04   -4.39359e+05   -4.18179e+05    2.99955e+02
 Pres. DC (bar) Pressure (bar)   Constr. rmsd
   -2.24995e+02   -3.26536e+02    2.65452e-06

           Step           Time
         275000      550.00000

   Energies (kJ/mol)
           Bond          Angle    Proper Dih. Ryckaert-Bell.          LJ-14
    1.39981e+03    3.96004e+03    2.50120e+02    1.79195e+03    2.65848e+03
     Coulomb-14        LJ (SR)  Disper. corr.   Coulomb (SR)   Coul. recip.
    7.73038e+03    9.49750e+04   -4.56870e+03   -6.34778e+05    2.95080e+03
      Potential    Kinetic En.   Total Energy  Conserved En.    Temperature
   -5.23630e+05    8.57694e+04   -4.37861e+05   -4.17880e+05    3.00058e+02
 Pres. DC (bar) Pressure (bar)   Constr. rmsd
   -2.26404e+02    3.23086e+02    2.83570e-06

           Step           Time
         280000      560.00000

   Energies (kJ/mol)
           Bond          Angle    Proper Dih. Ryckaert-Bell.          LJ-14
    1.44657e+03    3.80681e+03    2.53020e+02    1.76592e+03    2.61371e+03
     Coulomb-14        LJ (SR)  Disper. corr.   Coulomb (SR)   Coul. recip.
    7.81219e+03    9.35438e+04   -4.55969e+03   -6.33605e+05    2.97524e+03
      Potential    Kinetic En.   Total Energy  Conserved En.    Temperature
   -5.23948e+05    8.52825e+04   -4.38665e+05   -4.17089e+05    2.98354e+02
 Pres. DC (bar) Pressure (bar)   Constr. rmsd
   -2.25512e+02    1.46404e+02    2.89576e-06

           Step           Time
         285000      570.00000

   Energies (kJ/mol)
           Bond          Angle    Proper Dih. Ryckaert-Bell.          LJ-14
    1.53524e+03    3.66388e+03    2.35803e+02    1.79300e+03    2.59539e+03
     Coulomb-14        LJ (SR)  Disper. corr.   Coulomb (SR)   Coul. recip.
    7.68614e+03    9.37795e+04   -4.54523e+03   -6.34652e+05    2.86875e+03
      Potential    Kinetic En.   Total Energy  Conserved En.    Temperature
   -5.25039e+05    8.57540e+04   -4.39285e+05   -4.16671e+05    3.00004e+02
 Pres. DC (bar) Pressure (bar)   Constr. rmsd
   -2.24086e+02   -1.04775e+02    2.85210e-06

           Step           Time
         290000      580.00000

   Energies (kJ/mol)
           Bond          Angle    Proper Dih. Ryckaert-Bell.          LJ-14
    1.53512e+03    3.93628e+03    2.72181e+02    1.80381e+03    2.66052e+03
     Coulomb-14        LJ (SR)  Disper. corr.   Coulomb (SR)   Coul. recip.
    7.80441e+03    9.16814e+04   -4.54534e+03   -6.31455e+05    3.00493e+03
      Potential    Kinetic En.   Total Energy  Conserved En.    Temperature
   -5.23302e+05    8.52175e+04   -4.38084e+05   -4.16305e+05    2.98127e+02
 Pres. DC (bar) Pressure (bar)   Constr. rmsd
   -2.24097e+02   -3.31387e+02    2.98349e-06

           Step           Time
         295000      590.00000

   Energies (kJ/mol)
           Bond          Angle    Proper Dih. Ryckaert-Bell.          LJ-14
    1.43748e+03    3.83291e+03    2.92300e+02    1.75623e+03    2.64416e+03
     Coulomb-14        LJ (SR)  Disper. corr.   Coulomb (SR)   Coul. recip.
    7.74885e+03    9.21416e+04   -4.51989e+03   -6.31970e+05    2.99982e+03
      Potential    Kinetic En.   Total Energy  Conserved En.    Temperature
   -5.23636e+05    8.61662e+04   -4.37470e+05   -4.15817e+05    3.01446e+02
 Pres. DC (bar) Pressure (bar)   Constr. rmsd
   -2.21598e+02   -3.47842e+02    3.36286e-06

           Step           Time
         300000      600.00000

   Energies (kJ/mol)
           Bond          Angle    Proper Dih. Ryckaert-Bell.          LJ-14
    1.52838e+03    3.68928e+03    2.30234e+02    1.85919e+03    2.59879e+03
     Coulomb-14        LJ (SR)  Disper. corr.   Coulomb (SR)   Coul. recip.
    7.66230e+03    9.46030e+04   -4.59674e+03   -6.35554e+05    2.88953e+03
      Potential    Kinetic En.   Total Energy  Conserved En.    Temperature
   -5.25090e+05    8.51193e+04   -4.39971e+05   -4.15437e+05    2.97783e+02
 Pres. DC (bar) Pressure (bar)   Constr. rmsd
   -2.29188e+02    3.61349e+02    2.68222e-06

           Step           Time
         305000      610.00000

   Energies (kJ/mol)
           Bond          Angle    Proper Dih. Ryckaert-Bell.          LJ-14
    1.54964e+03    3.71351e+03    2.60233e+02    1.75604e+03    2.55457e+03
     Coulomb-14        LJ (SR)  Disper. corr.   Coulomb (SR)   Coul. recip.
    7.73639e+03    9.44901e+04   -4.57885e+03   -6.35766e+05    2.94956e+03
      Potential    Kinetic En.   Total Energy  Conserved En.    Temperature
   -5.25335e+05    8.57685e+04   -4.39566e+05   -4.14996e+05    3.00055e+02
 Pres. DC (bar) Pressure (bar)   Constr. rmsd
   -2.27409e+02    1.70476e+02    2.54069e-06

           Step           Time
         310000      620.00000

   Energies (kJ/mol)
           Bond          Angle    Proper Dih. Ryckaert-Bell.          LJ-14
    1.39416e+03    3.83974e+03    2.26558e+02    1.75148e+03    2.65362e+03
     Coulomb-14        LJ (SR)  Disper. corr.   Coulomb (SR)   Coul. recip.
    7.84094e+03    9.32095e+04   -4.56765e+03   -6.34601e+05    2.97003e+03
      Potential    Kinetic En.   Total Energy  Conserved En.    Temperature
   -5.25282e+05    8.56090e+04   -4.39673e+05   -4.14730e+05    2.99497e+02
 Pres. DC (bar) Pressure (bar)   Constr. rmsd
   -2.26300e+02   -1.20224e+01    2.93338e-06

           Step           Time
         315000      630.00000

   Energies (kJ/mol)
           Bond          Angle    Proper Dih. Ryckaert-Bell.          LJ-14
    1.43672e+03    3.89049e+03    2.48636e+02    1.77724e+03    2.60423e+03
     Coulomb-14        LJ (SR)  Disper. corr.   Coulomb (SR)   Coul. recip.
    7.80440e+03    9.46639e+04   -4.60275e+03   -6.35935e+05    2.95027e+03
      Potential    Kinetic En.   Total Energy  Conserved En.    Temperature
   -5.25162e+05    8.68926e+04   -4.38269e+05   -4.14477e+05    3.03987e+02
 Pres. DC (bar) Pressure (bar)   Constr. rmsd
   -2.29787e+02    2.97509e+02    2.97106e-06

           Step           Time
         320000      640.00000

   Energies (kJ/mol)
           Bond          Angle    Proper Dih. Ryckaert-Bell.          LJ-14
    1.33123e+03    3.81247e+03    2.33458e+02    1.75804e+03    2.71010e+03
     Coulomb-14        LJ (SR)  Disper. corr.   Coulomb (SR)   Coul. recip.
    7.84514e+03    9.38345e+04   -4.58561e+03   -6.34014e+05    2.95782e+03
      Potential    Kinetic En.   Total Energy  Conserved En.    Temperature
   -5.24117e+05    8.57082e+04   -4.38409e+05   -4.14064e+05    2.99844e+02
 Pres. DC (bar) Pressure (bar)   Constr. rmsd
   -2.28081e+02    2.01852e+02    2.88811e-06

Writing checkpoint, step 322520 at Thu May 29 20:42:52 2025


           Step           Time
         325000      650.00000

   Energies (kJ/mol)
           Bond          Angle    Proper Dih. Ryckaert-Bell.          LJ-14
    1.30956e+03    3.91898e+03    2.87502e+02    1.86024e+03    2.61310e+03
     Coulomb-14        LJ (SR)  Disper. corr.   Coulomb (SR)   Coul. recip.
    7.77575e+03    9.35173e+04   -4.54715e+03   -6.34592e+05    2.90992e+03
      Potential    Kinetic En.   Total Energy  Conserved En.    Temperature
   -5.24946e+05    8.58679e+04   -4.39078e+05   -4.13877e+05    3.00402e+02
 Pres. DC (bar) Pressure (bar)   Constr. rmsd
   -2.24276e+02   -5.70723e+01    3.01100e-06

           Step           Time
         330000      660.00000

   Energies (kJ/mol)
           Bond          Angle    Proper Dih. Ryckaert-Bell.          LJ-14
    1.55470e+03    3.56002e+03    2.67295e+02    1.83482e+03    2.65296e+03
     Coulomb-14        LJ (SR)  Disper. corr.   Coulomb (SR)   Coul. recip.
    7.77862e+03    9.45461e+04   -4.56503e+03   -6.36197e+05    2.92215e+03
      Potential    Kinetic En.   Total Energy  Conserved En.    Temperature
   -5.25645e+05    8.56986e+04   -4.39946e+05   -4.13657e+05    2.99810e+02
 Pres. DC (bar) Pressure (bar)   Constr. rmsd
   -2.26040e+02    1.71450e+02    2.75394e-06

           Step           Time
         335000      670.00000

   Energies (kJ/mol)
           Bond          Angle    Proper Dih. Ryckaert-Bell.          LJ-14
    1.55501e+03    3.71732e+03    2.72458e+02    1.78746e+03    2.70455e+03
     Coulomb-14        LJ (SR)  Disper. corr.   Coulomb (SR)   Coul. recip.
    7.77761e+03    9.41030e+04   -4.54364e+03   -6.34895e+05    2.93170e+03
      Potential    Kinetic En.   Total Energy  Conserved En.    Temperature
   -5.24590e+05    8.68320e+04   -4.37758e+05   -4.13434e+05    3.03775e+02
 Pres. DC (bar) Pressure (bar)   Constr. rmsd
   -2.23929e+02   -3.28356e+01    3.12566e-06

           Step           Time
         340000      680.00000

   Energies (kJ/mol)
           Bond          Angle    Proper Dih. Ryckaert-Bell.          LJ-14
    1.52993e+03    3.70667e+03    2.65782e+02    1.81220e+03    2.70886e+03
     Coulomb-14        LJ (SR)  Disper. corr.   Coulomb (SR)   Coul. recip.
    7.78995e+03    9.35140e+04   -4.58627e+03   -6.34867e+05    2.91974e+03
      Potential    Kinetic En.   Total Energy  Conserved En.    Temperature
   -5.25206e+05    8.58689e+04   -4.39337e+05   -4.13201e+05    3.00406e+02
 Pres. DC (bar) Pressure (bar)   Constr. rmsd
   -2.28146e+02    1.25233e+02    2.88340e-06

           Step           Time
         345000      690.00000

   Energies (kJ/mol)
           Bond          Angle    Proper Dih. Ryckaert-Bell.          LJ-14
    1.54180e+03    3.69131e+03    2.36114e+02    1.84427e+03    2.67571e+03
     Coulomb-14        LJ (SR)  Disper. corr.   Coulomb (SR)   Coul. recip.
    7.80900e+03    9.33550e+04   -4.55004e+03   -6.33797e+05    2.89660e+03
      Potential    Kinetic En.   Total Energy  Conserved En.    Temperature
   -5.24297e+05    8.56630e+04   -4.38634e+05   -4.12902e+05    2.99685e+02
 Pres. DC (bar) Pressure (bar)   Constr. rmsd
   -2.24560e+02   -5.13124e+01    3.22152e-06

           Step           Time
         350000      700.00000

   Energies (kJ/mol)
           Bond          Angle    Proper Dih. Ryckaert-Bell.          LJ-14
    1.46605e+03    3.84764e+03    2.59476e+02    1.79395e+03    2.73916e+03
     Coulomb-14        LJ (SR)  Disper. corr.   Coulomb (SR)   Coul. recip.
    7.77672e+03    9.26789e+04   -4.55568e+03   -6.34428e+05    2.93899e+03
      Potential    Kinetic En.   Total Energy  Conserved En.    Temperature
   -5.25483e+05    8.54442e+04   -4.40039e+05   -4.12615e+05    2.98920e+02
 Pres. DC (bar) Pressure (bar)   Constr. rmsd
   -2.25116e+02   -5.36873e+01    2.86244e-06

           Step           Time
         355000      710.00000

   Energies (kJ/mol)
           Bond          Angle    Proper Dih. Ryckaert-Bell.          LJ-14
    1.44691e+03    3.78482e+03    2.70310e+02    1.92045e+03    2.65765e+03
     Coulomb-14        LJ (SR)  Disper. corr.   Coulomb (SR)   Coul. recip.
    7.80529e+03    9.31956e+04   -4.57329e+03   -6.34503e+05    2.96672e+03
      Potential    Kinetic En.   Total Energy  Conserved En.    Temperature
   -5.25028e+05    8.66535e+04   -4.38375e+05   -4.12184e+05    3.03151e+02
 Pres. DC (bar) Pressure (bar)   Constr. rmsd
   -2.26858e+02   -2.72784e+01    3.51170e-06

           Step           Time
         360000      720.00000

   Energies (kJ/mol)
           Bond          Angle    Proper Dih. Ryckaert-Bell.          LJ-14
    1.54398e+03    3.89029e+03    2.25530e+02    1.77744e+03    2.61677e+03
     Coulomb-14        LJ (SR)  Disper. corr.   Coulomb (SR)   Coul. recip.
    7.75554e+03    9.24458e+04   -4.53888e+03   -6.31829e+05    2.86519e+03
      Potential    Kinetic En.   Total Energy  Conserved En.    Temperature
   -5.23248e+05    8.56705e+04   -4.37577e+05   -4.11720e+05    2.99712e+02
 Pres. DC (bar) Pressure (bar)   Constr. rmsd
   -2.23461e+02   -3.41086e+01    2.56377e-06

           Step           Time
         365000      730.00000

   Energies (kJ/mol)
           Bond          Angle    Proper Dih. Ryckaert-Bell.          LJ-14
    1.41355e+03    3.69946e+03    3.20458e+02    1.88728e+03    2.69899e+03
     Coulomb-14        LJ (SR)  Disper. corr.   Coulomb (SR)   Coul. recip.
    7.84863e+03    9.33313e+04   -4.54874e+03   -6.34230e+05    2.91839e+03
      Potential    Kinetic En.   Total Energy  Conserved En.    Temperature
   -5.24660e+05    8.57980e+04   -4.38862e+05   -4.11224e+05    3.00158e+02
 Pres. DC (bar) Pressure (bar)   Constr. rmsd
   -2.24432e+02   -2.06722e+01    3.01115e-06

           Step           Time
         370000      740.00000

   Energies (kJ/mol)
           Bond          Angle    Proper Dih. Ryckaert-Bell.          LJ-14
    1.47506e+03    3.85787e+03    2.81384e+02    1.82875e+03    2.58121e+03
     Coulomb-14        LJ (SR)  Disper. corr.   Coulomb (SR)   Coul. recip.
    7.82610e+03    9.24565e+04   -4.55104e+03   -6.32087e+05    2.99720e+03
      Potential    Kinetic En.   Total Energy  Conserved En.    Temperature
   -5.23334e+05    8.59023e+04   -4.37432e+05   -4.10972e+05    3.00523e+02
 Pres. DC (bar) Pressure (bar)   Constr. rmsd
   -2.24659e+02   -2.36375e+02    3.01993e-06

Writing checkpoint, step 373880 at Thu May 29 20:57:52 2025


           Step           Time
         375000      750.00000

   Energies (kJ/mol)
           Bond          Angle    Proper Dih. Ryckaert-Bell.          LJ-14
    1.44370e+03    3.70632e+03    2.49957e+02    1.81633e+03    2.68222e+03
     Coulomb-14        LJ (SR)  Disper. corr.   Coulomb (SR)   Coul. recip.
    7.78900e+03    9.36030e+04   -4.57347e+03   -6.35120e+05    2.96185e+03
      Potential    Kinetic En.   Total Energy  Conserved En.    Temperature
   -5.25441e+05    8.55172e+04   -4.39924e+05   -4.10825e+05    2.99175e+02
 Pres. DC (bar) Pressure (bar)   Constr. rmsd
   -2.26876e+02    5.99797e+01    2.81073e-06

           Step           Time
         380000      760.00000

   Energies (kJ/mol)
           Bond          Angle    Proper Dih. Ryckaert-Bell.          LJ-14
    1.56830e+03    3.86676e+03    2.42530e+02    1.75707e+03    2.64352e+03
     Coulomb-14        LJ (SR)  Disper. corr.   Coulomb (SR)   Coul. recip.
    7.86348e+03    9.38564e+04   -4.57024e+03   -6.34743e+05    2.96326e+03
      Potential    Kinetic En.   Total Energy  Conserved En.    Temperature
   -5.24552e+05    8.57879e+04   -4.38764e+05   -4.10575e+05    3.00123e+02
 Pres. DC (bar) Pressure (bar)   Constr. rmsd
   -2.26555e+02   -2.78163e+01    3.12572e-06

           Step           Time
         385000      770.00000

   Energies (kJ/mol)
           Bond          Angle    Proper Dih. Ryckaert-Bell.          LJ-14
    1.56115e+03    3.59339e+03    2.49533e+02    1.79214e+03    2.59591e+03
     Coulomb-14        LJ (SR)  Disper. corr.   Coulomb (SR)   Coul. recip.
    7.80159e+03    9.47219e+04   -4.57025e+03   -6.36781e+05    2.97766e+03
      Potential    Kinetic En.   Total Energy  Conserved En.    Temperature
   -5.26058e+05    8.51576e+04   -4.40900e+05   -4.10359e+05    2.97917e+02
 Pres. DC (bar) Pressure (bar)   Constr. rmsd
   -2.26557e+02   -4.67505e+01    2.71134e-06

           Step           Time
         390000      780.00000

   Energies (kJ/mol)
           Bond          Angle    Proper Dih. Ryckaert-Bell.          LJ-14
    1.59878e+03    3.69548e+03    2.41384e+02    1.81140e+03    2.68269e+03
     Coulomb-14        LJ (SR)  Disper. corr.   Coulomb (SR)   Coul. recip.
    7.89390e+03    9.53334e+04   -4.52865e+03   -6.35857e+05    2.97029e+03
      Potential    Kinetic En.   Total Energy  Conserved En.    Temperature
   -5.24159e+05    8.50041e+04   -4.39155e+05   -4.09778e+05    2.97381e+02
 Pres. DC (bar) Pressure (bar)   Constr. rmsd
   -2.22456e+02    2.13443e+02    2.49836e-06

           Step           Time
         395000      790.00000

   Energies (kJ/mol)
           Bond          Angle    Proper Dih. Ryckaert-Bell.          LJ-14
    1.40799e+03    3.82087e+03    2.26384e+02    1.80797e+03    2.57363e+03
     Coulomb-14        LJ (SR)  Disper. corr.   Coulomb (SR)   Coul. recip.
    7.77069e+03    9.37072e+04   -4.54982e+03   -6.35265e+05    2.89777e+03
      Potential    Kinetic En.   Total Energy  Conserved En.    Temperature
   -5.25602e+05    8.60813e+04   -4.39521e+05   -4.09563e+05    3.01149e+02
 Pres. DC (bar) Pressure (bar)   Constr. rmsd
   -2.24538e+02   -1.94310e+02    3.31933e-06

           Step           Time
         400000      800.00000

   Energies (kJ/mol)
           Bond          Angle    Proper Dih. Ryckaert-Bell.          LJ-14
    1.37034e+03    3.93636e+03    2.57371e+02    1.77025e+03    2.63742e+03
     Coulomb-14        LJ (SR)  Disper. corr.   Coulomb (SR)   Coul. recip.
    7.74725e+03    9.35591e+04   -4.55574e+03   -6.34612e+05    2.93178e+03
      Potential    Kinetic En.   Total Energy  Conserved En.    Temperature
   -5.24958e+05    8.62084e+04   -4.38749e+05   -4.09409e+05    3.01594e+02
 Pres. DC (bar) Pressure (bar)   Constr. rmsd
   -2.25122e+02    4.79841e+01    3.03763e-06

           Step           Time
         405000      810.00000

   Energies (kJ/mol)
           Bond          Angle    Proper Dih. Ryckaert-Bell.          LJ-14
    1.51250e+03    3.77729e+03    2.63023e+02    1.77092e+03    2.69086e+03
     Coulomb-14        LJ (SR)  Disper. corr.   Coulomb (SR)   Coul. recip.
    7.77830e+03    9.37495e+04   -4.56218e+03   -6.34919e+05    2.97078e+03
      Potential    Kinetic En.   Total Energy  Conserved En.    Temperature
   -5.24968e+05    8.59160e+04   -4.39052e+05   -4.09128e+05    3.00571e+02
 Pres. DC (bar) Pressure (bar)   Constr. rmsd
   -2.25758e+02    1.10414e+02    2.76228e-06

           Step           Time
         410000      820.00000

   Energies (kJ/mol)
           Bond          Angle    Proper Dih. Ryckaert-Bell.          LJ-14
    1.44489e+03    3.59185e+03    2.77747e+02    1.83160e+03    2.68661e+03
     Coulomb-14        LJ (SR)  Disper. corr.   Coulomb (SR)   Coul. recip.
    7.87563e+03    9.45157e+04   -4.55188e+03   -6.35971e+05    2.96597e+03
      Potential    Kinetic En.   Total Energy  Conserved En.    Temperature
   -5.25333e+05    8.55409e+04   -4.39792e+05   -4.08611e+05    2.99259e+02
 Pres. DC (bar) Pressure (bar)   Constr. rmsd
   -2.24741e+02    1.59452e+02    2.89637e-06

           Step           Time
         415000      830.00000

   Energies (kJ/mol)
           Bond          Angle    Proper Dih. Ryckaert-Bell.          LJ-14
    1.48028e+03    3.88309e+03    2.43278e+02    1.74371e+03    2.67903e+03
     Coulomb-14        LJ (SR)  Disper. corr.   Coulomb (SR)   Coul. recip.
    7.75486e+03    9.19138e+04   -4.56670e+03   -6.33322e+05    2.81478e+03
      Potential    Kinetic En.   Total Energy  Conserved En.    Temperature
   -5.25376e+05    8.59570e+04   -4.39418e+05   -4.08419e+05    3.00714e+02
 Pres. DC (bar) Pressure (bar)   Constr. rmsd
   -2.26205e+02   -2.06992e+02    2.65463e-06

           Step           Time
         420000      840.00000

   Energies (kJ/mol)
           Bond          Angle    Proper Dih. Ryckaert-Bell.          LJ-14
    1.45758e+03    3.81119e+03    2.46529e+02    1.62620e+03    2.71732e+03
     Coulomb-14        LJ (SR)  Disper. corr.   Coulomb (SR)   Coul. recip.
    7.77068e+03    9.47417e+04   -4.54084e+03   -6.36172e+05    2.94031e+03
      Potential    Kinetic En.   Total Energy  Conserved En.    Temperature
   -5.25401e+05    8.59670e+04   -4.39434e+05   -4.08095e+05    3.00749e+02
 Pres. DC (bar) Pressure (bar)   Constr. rmsd
   -2.23654e+02    1.49809e+02    2.67951e-06

           Step           Time
         425000      850.00000

   Energies (kJ/mol)
           Bond          Angle    Proper Dih. Ryckaert-Bell.          LJ-14
    1.34537e+03    3.78284e+03    2.70985e+02    1.76189e+03    2.67847e+03
     Coulomb-14        LJ (SR)  Disper. corr.   Coulomb (SR)   Coul. recip.
    7.77715e+03    9.34563e+04   -4.54909e+03   -6.34162e+05    2.90884e+03
      Potential    Kinetic En.   Total Energy  Conserved En.    Temperature
   -5.24729e+05    8.59857e+04   -4.38743e+05   -4.07738e+05    3.00814e+02
 Pres. DC (bar) Pressure (bar)   Constr. rmsd
   -2.24466e+02    3.55112e+01    3.06113e-06

           Step           Time
         430000      860.00000

   Energies (kJ/mol)
           Bond          Angle    Proper Dih. Ryckaert-Bell.          LJ-14
    1.48079e+03    3.86709e+03    2.16826e+02    1.82605e+03    2.61818e+03
     Coulomb-14        LJ (SR)  Disper. corr.   Coulomb (SR)   Coul. recip.
    7.81672e+03    9.44511e+04   -4.55819e+03   -6.34344e+05    2.93129e+03
      Potential    Kinetic En.   Total Energy  Conserved En.    Temperature
   -5.23695e+05    8.57650e+04   -4.37930e+05   -4.07398e+05    3.00042e+02
 Pres. DC (bar) Pressure (bar)   Constr. rmsd
   -2.25364e+02    1.76511e+02    3.28235e-06

           Step           Time
         435000      870.00000

   Energies (kJ/mol)
           Bond          Angle    Proper Dih. Ryckaert-Bell.          LJ-14
    1.49887e+03    3.68228e+03    2.36661e+02    1.79606e+03    2.66476e+03
     Coulomb-14        LJ (SR)  Disper. corr.   Coulomb (SR)   Coul. recip.
    7.76508e+03    9.44477e+04   -4.55485e+03   -6.35458e+05    2.88257e+03
      Potential    Kinetic En.   Total Energy  Conserved En.    Temperature
   -5.25039e+05    8.58728e+04   -4.39166e+05   -4.07156e+05    3.00420e+02
 Pres. DC (bar) Pressure (bar)   Constr. rmsd
   -2.25035e+02    9.32060e+01    2.81293e-06

           Step           Time
         440000      880.00000

   Energies (kJ/mol)
           Bond          Angle    Proper Dih. Ryckaert-Bell.          LJ-14
    1.51105e+03    3.68170e+03    2.33270e+02    1.87204e+03    2.66678e+03
     Coulomb-14        LJ (SR)  Disper. corr.   Coulomb (SR)   Coul. recip.
    7.81274e+03    9.35188e+04   -4.56832e+03   -6.34372e+05    2.88968e+03
      Potential    Kinetic En.   Total Energy  Conserved En.    Temperature
   -5.24754e+05    8.61517e+04   -4.38602e+05   -4.06510e+05    3.01395e+02
 Pres. DC (bar) Pressure (bar)   Constr. rmsd
   -2.26366e+02    3.20525e+01    2.91772e-06

           Step           Time
         445000      890.00000

   Energies (kJ/mol)
           Bond          Angle    Proper Dih. Ryckaert-Bell.          LJ-14
    1.45395e+03    3.76669e+03    2.42021e+02    1.73980e+03    2.56915e+03
     Coulomb-14        LJ (SR)  Disper. corr.   Coulomb (SR)   Coul. recip.
    7.77642e+03    9.17601e+04   -4.54261e+03   -6.33282e+05    3.04808e+03
      Potential    Kinetic En.   Total Energy  Conserved En.    Temperature
   -5.25468e+05    8.60211e+04   -4.39447e+05   -4.06004e+05    3.00938e+02
 Pres. DC (bar) Pressure (bar)   Constr. rmsd
   -2.23828e+02   -5.41016e+02    3.22897e-06

Writing checkpoint, step 446720 at Thu May 29 21:12:52 2025


           Step           Time
         450000      900.00000

   Energies (kJ/mol)
           Bond          Angle    Proper Dih. Ryckaert-Bell.          LJ-14
    1.41221e+03    3.88112e+03    2.50611e+02    1.78086e+03    2.71812e+03
     Coulomb-14        LJ (SR)  Disper. corr.   Coulomb (SR)   Coul. recip.
    7.84558e+03    9.26060e+04   -4.51167e+03   -6.32644e+05    2.97247e+03
      Potential    Kinetic En.   Total Energy  Conserved En.    Temperature
   -5.23688e+05    8.57148e+04   -4.37974e+05   -4.05686e+05    2.99867e+02
 Pres. DC (bar) Pressure (bar)   Constr. rmsd
   -2.20793e+02   -1.68448e+02    2.63380e-06

           Step           Time
         455000      910.00000

   Energies (kJ/mol)
           Bond          Angle    Proper Dih. Ryckaert-Bell.          LJ-14
    1.55141e+03    3.62652e+03    2.50591e+02    1.74849e+03    2.63558e+03
     Coulomb-14        LJ (SR)  Disper. corr.   Coulomb (SR)   Coul. recip.
    7.77484e+03    9.33958e+04   -4.56544e+03   -6.34317e+05    2.94453e+03
      Potential    Kinetic En.   Total Energy  Conserved En.    Temperature
   -5.24954e+05    8.65183e+04   -4.38436e+05   -4.05311e+05    3.02678e+02
 Pres. DC (bar) Pressure (bar)   Constr. rmsd
   -2.26081e+02   -3.56934e+01    2.73897e-06

           Step           Time
         460000      920.00000

   Energies (kJ/mol)
           Bond          Angle    Proper Dih. Ryckaert-Bell.          LJ-14
    1.45926e+03    3.85775e+03    2.46164e+02    1.74135e+03    2.66661e+03
     Coulomb-14        LJ (SR)  Disper. corr.   Coulomb (SR)   Coul. recip.
    7.67193e+03    9.48797e+04   -4.58345e+03   -6.36850e+05    2.86133e+03
      Potential    Kinetic En.   Total Energy  Conserved En.    Temperature
   -5.26049e+05    8.50824e+04   -4.40966e+05   -4.04994e+05    2.97654e+02
 Pres. DC (bar) Pressure (bar)   Constr. rmsd
   -2.27866e+02    2.20387e+02    2.41510e-06

           Step           Time
         465000      930.00000

   Energies (kJ/mol)
           Bond          Angle    Proper Dih. Ryckaert-Bell.          LJ-14
    1.43563e+03    3.69805e+03    2.49219e+02    1.79989e+03    2.66337e+03
     Coulomb-14        LJ (SR)  Disper. corr.   Coulomb (SR)   Coul. recip.
    7.73897e+03    9.43907e+04   -4.58225e+03   -6.35694e+05    2.97941e+03
      Potential    Kinetic En.   Total Energy  Conserved En.    Temperature
   -5.25321e+05    8.55577e+04   -4.39763e+05   -4.04483e+05    2.99317e+02
 Pres. DC (bar) Pressure (bar)   Constr. rmsd
   -2.27747e+02    2.94360e+02    2.67690e-06

           Step           Time
         470000      940.00000

   Energies (kJ/mol)
           Bond          Angle    Proper Dih. Ryckaert-Bell.          LJ-14
    1.48963e+03    3.68962e+03    2.65430e+02    1.73504e+03    2.67372e+03
     Coulomb-14        LJ (SR)  Disper. corr.   Coulomb (SR)   Coul. recip.
    7.72290e+03    9.38191e+04   -4.52989e+03   -6.34155e+05    2.96226e+03
      Potential    Kinetic En.   Total Energy  Conserved En.    Temperature
   -5.24327e+05    8.57893e+04   -4.38538e+05   -4.03898e+05    3.00127e+02
 Pres. DC (bar) Pressure (bar)   Constr. rmsd
   -2.22578e+02   -7.73902e+01    2.77200e-06

           Step           Time
         475000      950.00000

   Energies (kJ/mol)
           Bond          Angle    Proper Dih. Ryckaert-Bell.          LJ-14
    1.42883e+03    3.58657e+03    2.46465e+02    1.76168e+03    2.63843e+03
     Coulomb-14        LJ (SR)  Disper. corr.   Coulomb (SR)   Coul. recip.
    7.70544e+03    9.41489e+04   -4.59731e+03   -6.35798e+05    2.90102e+03
      Potential    Kinetic En.   Total Energy  Conserved En.    Temperature
   -5.25978e+05    8.57188e+04   -4.40259e+05   -4.03653e+05    2.99881e+02
 Pres. DC (bar) Pressure (bar)   Constr. rmsd
   -2.29244e+02    2.30593e+02    2.89139e-06

           Step           Time
         480000      960.00000

   Energies (kJ/mol)
           Bond          Angle    Proper Dih. Ryckaert-Bell.          LJ-14
    1.55531e+03    3.71370e+03    2.31453e+02    1.65222e+03    2.55333e+03
     Coulomb-14        LJ (SR)  Disper. corr.   Coulomb (SR)   Coul. recip.
    7.79718e+03    9.24810e+04   -4.54672e+03   -6.33225e+05    2.84442e+03
      Potential    Kinetic En.   Total Energy  Conserved En.    Temperature
   -5.24943e+05    8.54295e+04   -4.39513e+05   -4.03073e+05    2.98869e+02
 Pres. DC (bar) Pressure (bar)   Constr. rmsd
   -2.24232e+02   -3.70284e+02    2.89999e-06

           Step           Time
         485000      970.00000

   Energies (kJ/mol)
           Bond          Angle    Proper Dih. Ryckaert-Bell.          LJ-14
    1.54899e+03    3.61267e+03    2.63388e+02    1.72121e+03    2.65348e+03
     Coulomb-14        LJ (SR)  Disper. corr.   Coulomb (SR)   Coul. recip.
    7.73325e+03    9.30396e+04   -4.54089e+03   -6.33588e+05    2.91295e+03
      Potential    Kinetic En.   Total Energy  Conserved En.    Temperature
   -5.24644e+05    8.59494e+04   -4.38694e+05   -4.02287e+05    3.00688e+02
 Pres. DC (bar) Pressure (bar)   Constr. rmsd
   -2.23659e+02   -3.48197e+01    3.17713e-06

           Step           Time
         490000      980.00000

   Energies (kJ/mol)
           Bond          Angle    Proper Dih. Ryckaert-Bell.          LJ-14
    1.58299e+03    3.67156e+03    2.51475e+02    1.69950e+03    2.63914e+03
     Coulomb-14        LJ (SR)  Disper. corr.   Coulomb (SR)   Coul. recip.
    7.73571e+03    9.48779e+04   -4.60009e+03   -6.37420e+05    2.98224e+03
      Potential    Kinetic En.   Total Energy  Conserved En.    Temperature
   -5.26579e+05    8.58002e+04   -4.40779e+05   -4.01992e+05    3.00165e+02
 Pres. DC (bar) Pressure (bar)   Constr. rmsd
   -2.29522e+02    2.41505e+02    2.73827e-06

           Step           Time
         495000      990.00000

   Energies (kJ/mol)
           Bond          Angle    Proper Dih. Ryckaert-Bell.          LJ-14
    1.39106e+03    3.69348e+03    2.60832e+02    1.76201e+03    2.69997e+03
     Coulomb-14        LJ (SR)  Disper. corr.   Coulomb (SR)   Coul. recip.
    7.79600e+03    9.50407e+04   -4.62735e+03   -6.37198e+05    2.84064e+03
      Potential    Kinetic En.   Total Energy  Conserved En.    Temperature
   -5.26341e+05    8.59862e+04   -4.40355e+05   -4.01129e+05    3.00816e+02
 Pres. DC (bar) Pressure (bar)   Constr. rmsd
   -2.32247e+02    5.06581e+02    2.55698e-06

           Step           Time
         500000     1000.00000

Writing checkpoint, step 500000 at Thu May 29 21:23:38 2025


   Energies (kJ/mol)
           Bond          Angle    Proper Dih. Ryckaert-Bell.          LJ-14
    1.49845e+03    3.57576e+03    2.66885e+02    1.72041e+03    2.63830e+03
     Coulomb-14        LJ (SR)  Disper. corr.   Coulomb (SR)   Coul. recip.
    7.72894e+03    9.37520e+04   -4.55392e+03   -6.35657e+05    2.93414e+03
      Potential    Kinetic En.   Total Energy  Conserved En.    Temperature
   -5.26096e+05    8.53476e+04   -4.40749e+05   -4.00785e+05    2.98582e+02
 Pres. DC (bar) Pressure (bar)   Constr. rmsd
   -2.24943e+02    8.53797e+00    2.93429e-06


Energy conservation over simulation part #1 of length 1000 ps, time 0 to 1000 ps
  Conserved energy drift: 1.09e-03 kJ/mol/ps per atom


	<======  ###############  ==>
	<====  A V E R A G E S  ====>
	<==  ###############  ======>

	Statistics over 500001 steps using 5001 frames

   Energies (kJ/mol)
           Bond          Angle    Proper Dih. Ryckaert-Bell.          LJ-14
    1.47014e+03    3.75707e+03    2.48639e+02    1.79040e+03    2.65940e+03
     Coulomb-14        LJ (SR)  Disper. corr.   Coulomb (SR)   Coul. recip.
    7.78819e+03    9.36128e+04   -4.55811e+03   -6.34650e+05    2.93790e+03
      Potential    Kinetic En.   Total Energy  Conserved En.    Temperature
   -5.24944e+05    8.57523e+04   -4.39192e+05   -4.19805e+05    2.99998e+02
 Pres. DC (bar) Pressure (bar)   Constr. rmsd
   -2.25361e+02    1.27580e+00    0.00000e+00

          Box-X          Box-Y          Box-Z
    6.95389e+00    6.95389e+00    6.95389e+00

   Total Virial (kJ/mol)
    2.85966e+04    3.45163e+01    5.77835e+01
    3.44592e+01    2.85707e+04   -2.81032e+01
    5.76994e+01   -2.81350e+01    2.85643e+04

   Pressure (bar)
    2.53034e-01   -4.14094e+00   -4.67884e+00
   -4.13531e+00    2.00223e+00    1.49395e+00
   -4.67055e+00    1.49709e+00    1.57214e+00

      T-Protein  T-non-Protein
    3.00143e+02    2.99987e+02


	M E G A - F L O P S   A C C O U N T I N G

 NB=Group-cutoff nonbonded kernels    NxN=N-by-N cluster Verlet kernels
 RF=Reaction-Field  VdW=Van der Waals  QSTab=quadratic-spline table
 W3=SPC/TIP3p  W4=TIP4p (single or pairs)
 V&F=Potential and force  V=Potential only  F=Force only

 Computing:                               M-Number         M-Flops  % Flops
-----------------------------------------------------------------------------
 Pair Search distance check          147760.026304     1329840.237     0.4
 NxN QSTab Elec. + LJ [F]           4278282.318176   175409575.045    52.1
 NxN QSTab Elec. + LJ [V&F]           43223.029744     2550158.755     0.8
 NxN QSTab Elec. [F]                3840986.183520   130593530.240    38.8
 NxN QSTab Elec. [V&F]                38804.429344     1590981.603     0.5
 1,4 nonbonded interactions            2553.005106      229770.460     0.1
 Calc Weights                         50814.101628     1829307.659     0.5
 Spread Q Bspline                   1084034.168064     2168068.336     0.6
 Gather F Bspline                   1084034.168064     6504205.008     1.9
 3D-FFT                             1395170.790336    11161366.323     3.3
 Solve PME                              968.001936       61952.124     0.0
 Reset In Box                           423.450000        1270.350     0.0
 CG-CoM                                 423.483876        1270.452     0.0
 Bonds                                  512.501025       30237.560     0.0
 Angles                                1773.503547      297948.596     0.1
 Propers                                213.000426       48777.098     0.0
 RB-Dihedrals                          1975.003950      487825.976     0.1
 Virial                                 339.243921        6106.391     0.0
 Stop-CM                                169.413876        1694.139     0.0
 Calc-Ekin                             3387.667752       91467.029     0.0
 Lincs                                  479.500959       28770.058     0.0
 Lincs-Mat                             2388.004776        9552.019     0.0
 Constraint-V                         16913.033826      152217.304     0.0
 Constraint-Vir                         328.702867        7888.869     0.0
 Settle                                5318.010636     1967663.935     0.6
-----------------------------------------------------------------------------
 Total                                               336561445.564   100.0
-----------------------------------------------------------------------------


    D O M A I N   D E C O M P O S I T I O N   S T A T I S T I C S

 av. #atoms communicated per step for force:  2 x 0.0


      R E A L   C Y C L E   A N D   T I M E   A C C O U N T I N G

On 1 MPI rank, each using 8 OpenMP threads

 Activity:              Num   Num      Call    Wall time         Giga-Cycles
                        Ranks Threads  Count      (s)         total sum    %
--------------------------------------------------------------------------------
 Domain decomp.            1    8      12500      60.280       1166.752   0.9
 Neighbor search           1    8      12501     158.501       3067.885   2.3
 Force                     1    8     500001    4651.370      90030.215  67.0
 PME mesh                  1    8     500001    1366.851      26456.273  19.7
 NB X/F buffer ops.        1    8     987501     401.121       7763.948   5.8
 Write traj.               1    8        108       0.542         10.497   0.0
 Update                    1    8     500001     140.555       2720.528   2.0
 Constraints               1    8     500001     142.103       2750.485   2.0
 Rest                                             25.652        496.509   0.4
--------------------------------------------------------------------------------
 Total                                          6946.974     134463.091 100.0
--------------------------------------------------------------------------------
 Breakdown of PME mesh activities
--------------------------------------------------------------------------------
 PME spread                1    8     500001     612.874      11862.565   8.8
 PME gather                1    8     500001     429.510       8313.444   6.2
 PME 3D-FFT                1    8    1000002     272.024       5265.195   3.9
 PME solve Elec            1    8     500001      19.234        372.293   0.3
--------------------------------------------------------------------------------

               Core t (s)   Wall t (s)        (%)
       Time:    55575.788     6946.974      800.0
                         1h55:46
                 (ns/day)    (hour/ns)
Performance:       12.437        1.930
Finished mdrun on rank 0 Thu May 29 21:23:38 2025

