                      :-) GROMACS - gmx mdrun, 2021.5 (-:

                            GROMACS is written by:
     Andrey Alekseenko              Emile Apol              Rossen Apostolov     
         Paul Bauer           Herman J.C. Berendsen           Par Bjelkmar       
       Christian Blau           Viacheslav Bolnykh             Kevin Boyd        
     Aldert van Buuren           Rudi van Drunen             Anton Feenstra      
    Gilles Gouaillardet             Alan Gray               Gerrit Groenhof      
       Anca Hamuraru            Vincent Hindriksen          M. Eric Irrgang      
      Aleksei Iupinov           Christoph Junghans             Joe Jordan        
    Dimitrios Karkoulis            Peter Kasson                Jiri Kraus        
      Carsten Kutzner              Per Larsson              Justin A. Lemkul     
       Viveca Lindahl            Magnus Lundborg             Erik Marklund       
        Pascal Merz             Pieter Meulenhoff            Teemu Murtola       
        Szilard Pall               Sander Pronk              Roland Schulz       
       Michael Shirts            Alexey Shvetsov             Alfons Sijbers      
       Peter Tieleman              Jon Vincent              Teemu Virolainen     
     Christian Wennberg            Maarten Wolf              Artem Zhmurov       
                           and the project leaders:
        Mark Abraham, Berk Hess, Erik Lindahl, and David van der Spoel

Copyright (c) 1991-2000, University of Groningen, The Netherlands.
Copyright (c) 2001-2019, The GROMACS development team at
Uppsala University, Stockholm University and
the Royal Institute of Technology, Sweden.
check out http://www.gromacs.org for more information.

GROMACS is free software; you can redistribute it and/or modify it
under the terms of the GNU Lesser General Public License
as published by the Free Software Foundation; either version 2.1
of the License, or (at your option) any later version.

GROMACS:      gmx mdrun, version 2021.5
Executable:   /usr/local/gromacs_2021.5/bin/gmx
Data prefix:  /usr/local/gromacs_2021.5
Working dir:  /srv/home/apbal/work/REU/mixtures/pure_mix/order/em-npt-prodv
Process ID:   900397
Command line:
  gmx mdrun -v -deffnm npt_pr -ntomp 10 -nb gpu -bonded cpu -update gpu -ntmpi 1 -cpt 1

GROMACS version:    2021.5
Precision:          mixed
Memory model:       64 bit
MPI library:        thread_mpi
OpenMP support:     enabled (GMX_OPENMP_MAX_THREADS = 256)
GPU support:        CUDA
SIMD instructions:  AVX2_256
FFT library:        fftw-3.3.8-sse2-avx-avx2-avx2_128
RDTSCP usage:       enabled
TNG support:        enabled
Hwloc support:      disabled
Tracing support:    disabled
C compiler:         /usr/bin/cc GNU 9.4.0
C compiler flags:   -mavx2 -mfma -Wno-missing-field-initializers -fexcess-precision=fast -funroll-all-loops -pthread -O3 -DNDEBUG
C++ compiler:       /usr/bin/c++ GNU 9.4.0
C++ compiler flags: -mavx2 -mfma -Wno-missing-field-initializers -fexcess-precision=fast -funroll-all-loops -pthread -fopenmp -O3 -DNDEBUG
CUDA compiler:      /usr/local/cuda-12.2/bin/nvcc nvcc: NVIDIA (R) Cuda compiler driver;Copyright (c) 2005-2023 NVIDIA Corporation;Built on Tue_Aug_15_22:02:13_PDT_2023;Cuda compilation tools, release 12.2, V12.2.140;Build cuda_12.2.r12.2/compiler.33191640_0
CUDA compiler flags:-std=c++17;-gencode;arch=compute_60,code=sm_60;-gencode;arch=compute_61,code=sm_61;-gencode;arch=compute_62,code=sm_62;-gencode;arch=compute_70,code=sm_70;-gencode;arch=compute_75,code=sm_75;-gencode;arch=compute_80,code=sm_80;-gencode;arch=compute_86,code=sm_86;-gencode;arch=compute_89,code=sm_89;-gencode;arch=compute_60,code=compute_60;-gencode;arch=compute_61,code=compute_61;-gencode;arch=compute_62,code=compute_62;-gencode;arch=compute_70,code=compute_70;-gencode;arch=compute_75,code=compute_75;-gencode;arch=compute_80,code=compute_80;-gencode;arch=compute_86,code=compute_86;-gencode;arch=compute_89,code=compute_89;-use_fast_math;-D_FORCE_INLINES;-mavx2 -mfma -Wno-missing-field-initializers -fexcess-precision=fast -funroll-all-loops -pthread -fopenmp -O3 -DNDEBUG
CUDA driver:        12.90
CUDA runtime:       12.20


Running on 1 node with total 128 cores, 128 logical cores, 1 compatible GPU
Hardware detected:
  CPU info:
    Vendor: AMD
    Brand:  AMD EPYC 7513 32-Core Processor                
    Family: 25   Model: 1   Stepping: 1
    Features: aes amd apic avx avx2 clfsh cmov cx8 cx16 f16c fma htt lahf misalignsse mmx msr nonstop_tsc pcid pclmuldq pdpe1gb popcnt pse rdrnd rdtscp sha sse2 sse3 sse4a sse4.1 sse4.2 ssse3
  Hardware topology: Only logical processor count
  GPU info:
    Number of GPUs detected: 1
    #0: NVIDIA NVIDIA RTX A4500, compute cap.: 8.6, ECC:  no, stat: compatible


++++ PLEASE READ AND CITE THE FOLLOWING REFERENCE ++++
M. J. Abraham, T. Murtola, R. Schulz, S. Páll, J. C. Smith, B. Hess, E.
Lindahl
GROMACS: High performance molecular simulations through multi-level
parallelism from laptops to supercomputers
SoftwareX 1 (2015) pp. 19-25
-------- -------- --- Thank You --- -------- --------


++++ PLEASE READ AND CITE THE FOLLOWING REFERENCE ++++
S. Páll, M. J. Abraham, C. Kutzner, B. Hess, E. Lindahl
Tackling Exascale Software Challenges in Molecular Dynamics Simulations with
GROMACS
In S. Markidis & E. Laure (Eds.), Solving Software Challenges for Exascale 8759 (2015) pp. 3-27
-------- -------- --- Thank You --- -------- --------


++++ PLEASE READ AND CITE THE FOLLOWING REFERENCE ++++
S. Pronk, S. Páll, R. Schulz, P. Larsson, P. Bjelkmar, R. Apostolov, M. R.
Shirts, J. C. Smith, P. M. Kasson, D. van der Spoel, B. Hess, and E. Lindahl
GROMACS 4.5: a high-throughput and highly parallel open source molecular
simulation toolkit
Bioinformatics 29 (2013) pp. 845-54
-------- -------- --- Thank You --- -------- --------


++++ PLEASE READ AND CITE THE FOLLOWING REFERENCE ++++
B. Hess and C. Kutzner and D. van der Spoel and E. Lindahl
GROMACS 4: Algorithms for highly efficient, load-balanced, and scalable
molecular simulation
J. Chem. Theory Comput. 4 (2008) pp. 435-447
-------- -------- --- Thank You --- -------- --------


++++ PLEASE READ AND CITE THE FOLLOWING REFERENCE ++++
D. van der Spoel, E. Lindahl, B. Hess, G. Groenhof, A. E. Mark and H. J. C.
Berendsen
GROMACS: Fast, Flexible and Free
J. Comp. Chem. 26 (2005) pp. 1701-1719
-------- -------- --- Thank You --- -------- --------


++++ PLEASE READ AND CITE THE FOLLOWING REFERENCE ++++
E. Lindahl and B. Hess and D. van der Spoel
GROMACS 3.0: A package for molecular simulation and trajectory analysis
J. Mol. Mod. 7 (2001) pp. 306-317
-------- -------- --- Thank You --- -------- --------


++++ PLEASE READ AND CITE THE FOLLOWING REFERENCE ++++
H. J. C. Berendsen, D. van der Spoel and R. van Drunen
GROMACS: A message-passing parallel molecular dynamics implementation
Comp. Phys. Comm. 91 (1995) pp. 43-56
-------- -------- --- Thank You --- -------- --------


++++ PLEASE CITE THE DOI FOR THIS VERSION OF GROMACS ++++
https://doi.org/10.5281/zenodo.5850051
-------- -------- --- Thank You --- -------- --------

Input Parameters:
   integrator                     = md
   tinit                          = 0
   dt                             = 0.002
   nsteps                         = 500000
   init-step                      = 0
   simulation-part                = 1
   mts                            = false
   comm-mode                      = Linear
   nstcomm                        = 100
   bd-fric                        = 0
   ld-seed                        = 1065205741
   emtol                          = 10
   emstep                         = 0.01
   niter                          = 20
   fcstep                         = 0
   nstcgsteep                     = 1000
   nbfgscorr                      = 10
   rtpi                           = 0.05
   nstxout                        = 50000
   nstvout                        = 50000
   nstfout                        = 0
   nstlog                         = 50000
   nstcalcenergy                  = 100
   nstenergy                      = 50000
   nstxout-compressed             = 50000
   compressed-x-precision         = 1000
   cutoff-scheme                  = Verlet
   nstlist                        = 10
   pbc                            = xyz
   periodic-molecules             = false
   verlet-buffer-tolerance        = 0.005
   rlist                          = 1.4
   coulombtype                    = PME
   coulomb-modifier               = Potential-shift
   rcoulomb-switch                = 0
   rcoulomb                       = 1.4
   epsilon-r                      = 1
   epsilon-rf                     = inf
   vdw-type                       = Cut-off
   vdw-modifier                   = Potential-shift
   rvdw-switch                    = 0
   rvdw                           = 1.4
   DispCorr                       = EnerPres
   table-extension                = 1
   fourierspacing                 = 0.12
   fourier-nx                     = 52
   fourier-ny                     = 52
   fourier-nz                     = 200
   pme-order                      = 4
   ewald-rtol                     = 1e-05
   ewald-rtol-lj                  = 0.001
   lj-pme-comb-rule               = Geometric
   ewald-geometry                 = 0
   epsilon-surface                = 0
   tcoupl                         = V-rescale
   nsttcouple                     = 10
   nh-chain-length                = 0
   print-nose-hoover-chain-variables = false
   pcoupl                         = Parrinello-Rahman
   pcoupltype                     = Isotropic
   nstpcouple                     = 10
   tau-p                          = 2
   compressibility (3x3):
      compressibility[    0]={ 4.50000e-05,  0.00000e+00,  0.00000e+00}
      compressibility[    1]={ 0.00000e+00,  4.50000e-05,  0.00000e+00}
      compressibility[    2]={ 0.00000e+00,  0.00000e+00,  4.50000e-05}
   ref-p (3x3):
      ref-p[    0]={ 1.00000e+00,  0.00000e+00,  0.00000e+00}
      ref-p[    1]={ 0.00000e+00,  1.00000e+00,  0.00000e+00}
      ref-p[    2]={ 0.00000e+00,  0.00000e+00,  1.00000e+00}
   refcoord-scaling               = No
   posres-com (3):
      posres-com[0]= 0.00000e+00
      posres-com[1]= 0.00000e+00
      posres-com[2]= 0.00000e+00
   posres-comB (3):
      posres-comB[0]= 0.00000e+00
      posres-comB[1]= 0.00000e+00
      posres-comB[2]= 0.00000e+00
   QMMM                           = false
qm-opts:
   ngQM                           = 0
   constraint-algorithm           = Lincs
   continuation                   = false
   Shake-SOR                      = false
   shake-tol                      = 0.0001
   lincs-order                    = 4
   lincs-iter                     = 1
   lincs-warnangle                = 30
   nwall                          = 0
   wall-type                      = 9-3
   wall-r-linpot                  = -1
   wall-atomtype[0]               = -1
   wall-atomtype[1]               = -1
   wall-density[0]                = 0
   wall-density[1]                = 0
   wall-ewald-zfac                = 3
   pull                           = false
   awh                            = false
   rotation                       = false
   interactiveMD                  = false
   disre                          = No
   disre-weighting                = Conservative
   disre-mixed                    = false
   dr-fc                          = 1000
   dr-tau                         = 0
   nstdisreout                    = 100
   orire-fc                       = 0
   orire-tau                      = 0
   nstorireout                    = 100
   free-energy                    = no
   cos-acceleration               = 0
   deform (3x3):
      deform[    0]={ 0.00000e+00,  0.00000e+00,  0.00000e+00}
      deform[    1]={ 0.00000e+00,  0.00000e+00,  0.00000e+00}
      deform[    2]={ 0.00000e+00,  0.00000e+00,  0.00000e+00}
   simulated-tempering            = false
   swapcoords                     = no
   userint1                       = 0
   userint2                       = 0
   userint3                       = 0
   userint4                       = 0
   userreal1                      = 0
   userreal2                      = 0
   userreal3                      = 0
   userreal4                      = 0
   applied-forces:
     electric-field:
       x:
         E0                       = 0
         omega                    = 0
         t0                       = 0
         sigma                    = 0
       y:
         E0                       = 0
         omega                    = 0
         t0                       = 0
         sigma                    = 0
       z:
         E0                       = 0
         omega                    = 0
         t0                       = 0
         sigma                    = 0
     density-guided-simulation:
       active                     = false
       group                      = protein
       similarity-measure         = inner-product
       atom-spreading-weight      = unity
       force-constant             = 1e+09
       gaussian-transform-spreading-width = 0.2
       gaussian-transform-spreading-range-in-multiples-of-width = 4
       reference-density-filename = reference.mrc
       nst                        = 1
       normalize-densities        = true
       adaptive-force-scaling     = false
       adaptive-force-scaling-time-constant = 4
       shift-vector               = 
       transformation-matrix      = 
grpopts:
   nrdf:      169003
   ref-t:         298
   tau-t:         0.1
annealing:          No
annealing-npoints:           0
   acc:	           0           0           0
   nfreeze:           N           N           N
   energygrp-flags[  0]: 0

Changing nstlist from 10 to 100, rlist from 1.4 to 1.498

1 GPU selected for this run.
Mapping of GPU IDs to the 2 GPU tasks in the 1 rank on this node:
  PP:0,PME:0
PP tasks will do (non-perturbed) short-ranged interactions on the GPU
PP task will update and constrain coordinates on the GPU
PME tasks will do all aspects on the GPU
Using 1 MPI thread

Non-default thread affinity set, disabling internal thread affinity

Using 10 OpenMP threads 

System total charge: 0.000
Will do PME sum in reciprocal space for electrostatic interactions.

++++ PLEASE READ AND CITE THE FOLLOWING REFERENCE ++++
U. Essmann, L. Perera, M. L. Berkowitz, T. Darden, H. Lee and L. G. Pedersen 
A smooth particle mesh Ewald method
J. Chem. Phys. 103 (1995) pp. 8577-8592
-------- -------- --- Thank You --- -------- --------

Using a Gaussian width (1/beta) of 0.448228 nm for Ewald
Potential shift: LJ r^-12: -1.764e-02 r^-6: -1.328e-01, Ewald -7.143e-06
Initialized non-bonded Ewald tables, spacing: 1.10e-03 size: 1270

Generated table with 1249 data points for 1-4 COUL.
Tabscale = 500 points/nm
Generated table with 1249 data points for 1-4 LJ6.
Tabscale = 500 points/nm
Generated table with 1249 data points for 1-4 LJ12.
Tabscale = 500 points/nm
Long Range LJ corr.: <C6> 3.8317e-04


Using GPU 8x8 nonbonded short-range kernels

Using a dual 8x8 pair-list setup updated with dynamic, rolling pruning:
  outer list: updated every 100 steps, buffer 0.098 nm, rlist 1.498 nm
  inner list: updated every  18 steps, buffer 0.001 nm, rlist 1.401 nm
At tolerance 0.005 kJ/mol/ps per atom, equivalent classical 1x1 list would be:
  outer list: updated every 100 steps, buffer 0.262 nm, rlist 1.662 nm
  inner list: updated every  18 steps, buffer 0.075 nm, rlist 1.475 nm

Using Lorentz-Berthelot Lennard-Jones combination rule
Removing pbc first time

Initializing LINear Constraint Solver

++++ PLEASE READ AND CITE THE FOLLOWING REFERENCE ++++
B. Hess and H. Bekker and H. J. C. Berendsen and J. G. E. M. Fraaije
LINCS: A Linear Constraint Solver for molecular simulations
J. Comp. Chem. 18 (1997) pp. 1463-1472
-------- -------- --- Thank You --- -------- --------

The number of constraints is 20000

++++ PLEASE READ AND CITE THE FOLLOWING REFERENCE ++++
S. Miyamoto and P. A. Kollman
SETTLE: An Analytical Version of the SHAKE and RATTLE Algorithms for Rigid
Water Models
J. Comp. Chem. 13 (1992) pp. 952-962
-------- -------- --- Thank You --- -------- --------


++++ PLEASE READ AND CITE THE FOLLOWING REFERENCE ++++
G. Bussi, D. Donadio and M. Parrinello
Canonical sampling through velocity rescaling
J. Chem. Phys. 126 (2007) pp. 014101
-------- -------- --- Thank You --- -------- --------

There are: 79503 Atoms

Updating coordinates and applying constraints on the GPU.

Constraining the starting coordinates (step 0)

Constraining the coordinates at t0-dt (step 0)
Center of mass motion removal mode is Linear
We have the following groups for center of mass motion removal:
  0:  rest
RMS relative constraint deviation after constraining: 4.79e-06
Initial temperature: 301.238 K

Started mdrun on rank 0 Tue Jul 15 14:51:21 2025

           Step           Time
              0        0.00000

   Energies (kJ/mol)
           Bond            U-B    Proper Dih.          LJ-14     Coulomb-14
    7.37411e+02    3.10621e+03    5.15816e+03   -2.96874e+02    3.18913e+05
        LJ (SR)  Disper. corr.   Coulomb (SR)   Coul. recip.      Potential
    1.87029e+04   -4.27706e+03   -9.03107e+05    2.93708e+03   -5.58127e+05
    Kinetic En.   Total Energy  Conserved En.    Temperature Pres. DC (bar)
    2.11714e+05   -3.46413e+05   -3.46361e+05    3.01336e+02   -8.22406e+01
 Pressure (bar)   Constr. rmsd
   -2.19263e+03    4.79247e-06

step 3700: timed with pme grid 52 52 200, coulomb cutoff 1.400: 355.6 M-cycles
step 3900: timed with pme grid 42 42 168, coulomb cutoff 1.667: 440.2 M-cycles
step 4100: timed with pme grid 44 44 192, coulomb cutoff 1.591: 402.4 M-cycles
step 4300: timed with pme grid 48 48 192, coulomb cutoff 1.458: 356.9 M-cycles
step 4500: timed with pme grid 52 52 200, coulomb cutoff 1.400: 354.5 M-cycles
              optimal pme grid 52 52 200, coulomb cutoff 1.400
Writing checkpoint, step 37600 at Tue Jul 15 14:52:21 2025


           Step           Time
          50000      100.00000

   Energies (kJ/mol)
           Bond            U-B    Proper Dih.          LJ-14     Coulomb-14
    6.76469e+03    3.88887e+04    6.40119e+03   -3.08502e+02    3.19816e+05
        LJ (SR)  Disper. corr.   Coulomb (SR)   Coul. recip.      Potential
    2.98693e+04   -4.50708e+03   -8.99045e+05    2.39659e+03   -4.99724e+05
    Kinetic En.   Total Energy  Conserved En.    Temperature Pres. DC (bar)
    2.09280e+05   -2.90444e+05   -3.41110e+05    2.97872e+02   -9.13198e+01
 Pressure (bar)   Constr. rmsd
    1.98216e+01    4.79247e-06

Writing checkpoint, step 80700 at Tue Jul 15 14:53:21 2025


           Step           Time
         100000      200.00000

   Energies (kJ/mol)
           Bond            U-B    Proper Dih.          LJ-14     Coulomb-14
    6.94442e+03    3.91775e+04    6.35468e+03   -3.08257e+02    3.19848e+05
        LJ (SR)  Disper. corr.   Coulomb (SR)   Coul. recip.      Potential
    3.04104e+04   -4.51340e+03   -8.99555e+05    2.26717e+03   -4.99374e+05
    Kinetic En.   Total Energy  Conserved En.    Temperature Pres. DC (bar)
    2.08916e+05   -2.90458e+05   -3.41134e+05    2.97353e+02   -9.15760e+01
 Pressure (bar)   Constr. rmsd
   -2.49598e+01    4.79247e-06

Writing checkpoint, step 125500 at Tue Jul 15 14:54:21 2025


           Step           Time
         150000      300.00000

   Energies (kJ/mol)
           Bond            U-B    Proper Dih.          LJ-14     Coulomb-14
    6.76204e+03    3.86873e+04    6.37372e+03   -3.07605e+02    3.19746e+05
        LJ (SR)  Disper. corr.   Coulomb (SR)   Coul. recip.      Potential
    2.89982e+04   -4.51484e+03   -8.97148e+05    2.31868e+03   -4.99084e+05
    Kinetic En.   Total Energy  Conserved En.    Temperature Pres. DC (bar)
    2.09852e+05   -2.89232e+05   -3.41032e+05    2.98686e+02   -9.16344e+01
 Pressure (bar)   Constr. rmsd
   -1.57022e+01    4.79247e-06

Writing checkpoint, step 177300 at Tue Jul 15 14:55:21 2025


           Step           Time
         200000      400.00000

   Energies (kJ/mol)
           Bond            U-B    Proper Dih.          LJ-14     Coulomb-14
    6.68501e+03    3.87255e+04    6.43790e+03   -3.09022e+02    3.19941e+05
        LJ (SR)  Disper. corr.   Coulomb (SR)   Coul. recip.      Potential
    3.09400e+04   -4.52614e+03   -9.00442e+05    2.33974e+03   -5.00208e+05
    Kinetic En.   Total Energy  Conserved En.    Temperature Pres. DC (bar)
    2.09314e+05   -2.90894e+05   -3.40915e+05    2.97920e+02   -9.20934e+01
 Pressure (bar)   Constr. rmsd
    1.42527e+02    4.79247e-06

Writing checkpoint, step 228800 at Tue Jul 15 14:56:21 2025


           Step           Time
         250000      500.00000

   Energies (kJ/mol)
           Bond            U-B    Proper Dih.          LJ-14     Coulomb-14
    7.04008e+03    3.87907e+04    6.42376e+03   -3.08611e+02    3.19904e+05
        LJ (SR)  Disper. corr.   Coulomb (SR)   Coul. recip.      Potential
    3.01318e+04   -4.49657e+03   -8.97363e+05    2.34663e+03   -4.97531e+05
    Kinetic En.   Total Energy  Conserved En.    Temperature Pres. DC (bar)
    2.09156e+05   -2.88375e+05   -3.40875e+05    2.97695e+02   -9.08944e+01
 Pressure (bar)   Constr. rmsd
   -1.50252e+02    4.79247e-06

Writing checkpoint, step 280900 at Tue Jul 15 14:57:21 2025


           Step           Time
         300000      600.00000

   Energies (kJ/mol)
           Bond            U-B    Proper Dih.          LJ-14     Coulomb-14
    6.90994e+03    3.90698e+04    6.39254e+03   -3.08775e+02    3.19898e+05
        LJ (SR)  Disper. corr.   Coulomb (SR)   Coul. recip.      Potential
    2.92665e+04   -4.50338e+03   -8.98202e+05    2.27692e+03   -4.99201e+05
    Kinetic En.   Total Energy  Conserved En.    Temperature Pres. DC (bar)
    2.09556e+05   -2.89645e+05   -3.40719e+05    2.98264e+02   -9.11701e+01
 Pressure (bar)   Constr. rmsd
   -1.24845e+01    4.79247e-06

Writing checkpoint, step 332600 at Tue Jul 15 14:58:21 2025


           Step           Time
         350000      700.00000

   Energies (kJ/mol)
           Bond            U-B    Proper Dih.          LJ-14     Coulomb-14
    6.63565e+03    3.89700e+04    6.44812e+03   -3.09906e+02    3.20073e+05
        LJ (SR)  Disper. corr.   Coulomb (SR)   Coul. recip.      Potential
    3.03602e+04   -4.50410e+03   -8.99509e+05    2.31161e+03   -4.99524e+05
    Kinetic En.   Total Energy  Conserved En.    Temperature Pres. DC (bar)
    2.10301e+05   -2.89223e+05   -3.40981e+05    2.99325e+02   -9.11990e+01
 Pressure (bar)   Constr. rmsd
    1.66135e+02    4.79247e-06

Writing checkpoint, step 384400 at Tue Jul 15 14:59:21 2025


           Step           Time
         400000      800.00000

   Energies (kJ/mol)
           Bond            U-B    Proper Dih.          LJ-14     Coulomb-14
    6.90277e+03    3.91069e+04    6.69660e+03   -3.09134e+02    3.19881e+05
        LJ (SR)  Disper. corr.   Coulomb (SR)   Coul. recip.      Potential
    2.96839e+04   -4.50509e+03   -8.99152e+05    2.33475e+03   -4.99361e+05
    Kinetic En.   Total Energy  Conserved En.    Temperature Pres. DC (bar)
    2.07214e+05   -2.92147e+05   -3.40871e+05    2.94931e+02   -9.12391e+01
 Pressure (bar)   Constr. rmsd
   -1.58572e+02    4.79247e-06

Writing checkpoint, step 436100 at Tue Jul 15 15:00:21 2025


           Step           Time
         450000      900.00000

   Energies (kJ/mol)
           Bond            U-B    Proper Dih.          LJ-14     Coulomb-14
    6.83316e+03    3.92460e+04    6.53618e+03   -3.09397e+02    3.19999e+05
        LJ (SR)  Disper. corr.   Coulomb (SR)   Coul. recip.      Potential
    3.02040e+04   -4.51274e+03   -8.98643e+05    2.31289e+03   -4.98334e+05
    Kinetic En.   Total Energy  Conserved En.    Temperature Pres. DC (bar)
    2.08697e+05   -2.89636e+05   -3.40819e+05    2.97042e+02   -9.15492e+01
 Pressure (bar)   Constr. rmsd
   -5.42561e+01    4.79247e-06

Writing checkpoint, step 488100 at Tue Jul 15 15:01:21 2025


           Step           Time
         500000     1000.00000

Writing checkpoint, step 500000 at Tue Jul 15 15:01:35 2025


   Energies (kJ/mol)
           Bond            U-B    Proper Dih.          LJ-14     Coulomb-14
    6.69079e+03    3.90038e+04    6.39105e+03   -3.08225e+02    3.19844e+05
        LJ (SR)  Disper. corr.   Coulomb (SR)   Coul. recip.      Potential
    3.08859e+04   -4.50807e+03   -8.99741e+05    2.31494e+03   -4.99427e+05
    Kinetic En.   Total Energy  Conserved En.    Temperature Pres. DC (bar)
    2.11392e+05   -2.88035e+05   -3.40717e+05    3.00878e+02   -9.13599e+01
 Pressure (bar)   Constr. rmsd
   -4.23478e+01    4.79247e-06


Energy conservation over simulation part #1 of length 1000 ns, time 0 to 1000 ns
  Conserved energy drift: 7.10e-05 kJ/mol/ps per atom


	<======  ###############  ==>
	<====  A V E R A G E S  ====>
	<==  ###############  ======>

	Statistics over 500001 steps using 5001 frames

   Energies (kJ/mol)
           Bond            U-B    Proper Dih.          LJ-14     Coulomb-14
    6.79898e+03    3.88346e+04    6.48063e+03   -3.08677e+02    3.19885e+05
        LJ (SR)  Disper. corr.   Coulomb (SR)   Coul. recip.      Potential
    3.02343e+04   -4.50305e+03   -8.98092e+05    2.33272e+03   -4.98337e+05
    Kinetic En.   Total Energy  Conserved En.    Temperature Pres. DC (bar)
    2.09387e+05   -2.88951e+05   -3.40966e+05    2.98024e+02   -9.11580e+01
 Pressure (bar)   Constr. rmsd
    7.72516e-01    0.00000e+00

          Box-X          Box-Y          Box-Z
    5.89797e+00    5.89797e+00    2.35919e+01

   Total Virial (kJ/mol)
    6.97394e+04    2.50444e+01    1.32156e+01
    2.50488e+01    6.98100e+04   -3.80460e+01
    1.32214e+01   -3.80448e+01    6.97909e+04

   Pressure (bar)
    2.54272e+00   -1.15705e+00   -6.21477e-01
   -1.15722e+00   -4.32584e-01    1.41199e+00
   -6.21711e-01    1.41194e+00    2.07413e-01


	M E G A - F L O P S   A C C O U N T I N G

 NB=Group-cutoff nonbonded kernels    NxN=N-by-N cluster Verlet kernels
 RF=Reaction-Field  VdW=Van der Waals  QSTab=quadratic-spline table
 W3=SPC/TIP3p  W4=TIP4p (single or pairs)
 V&F=Potential and force  V=Potential only  F=Force only

 Computing:                               M-Number         M-Flops  % Flops
-----------------------------------------------------------------------------
 Pair Search distance check           80234.216448      722107.948     0.0
 NxN Ewald Elec. + LJ [F]          63051808.685184  4161419373.222    98.2
 NxN Ewald Elec. + LJ [V&F]          637014.392960    68160540.047     1.6
 1,4 nonbonded interactions            7500.015000      675001.350     0.0
 Shift-X                                397.594503        2385.567     0.0
 Bonds                                 2500.005000      147500.295     0.0
 Propers                               7500.015000     1717503.435     0.0
 Virial                                3977.479548       71594.632     0.0
 Stop-CM                                397.674006        3976.740     0.0
 Calc-Ekin                             7950.459006      214662.393     0.0
 Lincs                                    0.040000           2.400     0.0
 Lincs-Mat                                0.360000           1.440     0.0
 Constraint-V                             0.089503           0.806     0.0
 Settle                                   0.033002          12.211     0.0
 Urey-Bradley                         17500.035000     3202506.405     0.1
-----------------------------------------------------------------------------
 Total                                              4236337168.890   100.0
-----------------------------------------------------------------------------


     R E A L   C Y C L E   A N D   T I M E   A C C O U N T I N G

On 1 MPI rank, each using 10 OpenMP threads

 Computing:          Num   Num      Call    Wall time         Giga-Cycles
                     Ranks Threads  Count      (s)         total sum    %
-----------------------------------------------------------------------------
 Neighbor search        1   10       5001      35.856        932.250   5.8
 Launch GPU ops.        1   10     995001      91.640       2382.658  14.9
 Force                  1   10     500001     105.091       2732.389  17.1
 Wait PME GPU gather    1   10     500001       4.389        114.105   0.7
 Reduce GPU PME F       1   10     500001       1.813         47.130   0.3
 Wait GPU NB local      1   10     450000       1.741         45.265   0.3
 Wait GPU state copy    1   10     625004     329.307       8562.029  53.6
 NB X/F buffer ops.     1   10      50001       4.730        122.983   0.8
 Write traj.            1   10         21       2.914         75.774   0.5
 Constraints            1   10          2       0.003          0.079   0.0
 Rest                                          36.747        955.424   6.0
-----------------------------------------------------------------------------
 Total                                        614.231      15970.084 100.0
-----------------------------------------------------------------------------

               Core t (s)   Wall t (s)        (%)
       Time:     6142.299      614.231     1000.0
                 (ns/day)    (hour/ns)
Performance:      140.664        0.171
Finished mdrun on rank 0 Tue Jul 15 15:01:35 2025

