                      :-) GROMACS - gmx mdrun, 2021.5 (-:

                            GROMACS is written by:
     Andrey Alekseenko              Emile Apol              Rossen Apostolov     
         Paul Bauer           Herman J.C. Berendsen           Par Bjelkmar       
       Christian Blau           Viacheslav Bolnykh             Kevin Boyd        
     Aldert van Buuren           Rudi van Drunen             Anton Feenstra      
    Gilles Gouaillardet             Alan Gray               Gerrit Groenhof      
       Anca Hamuraru            Vincent Hindriksen          M. Eric Irrgang      
      Aleksei Iupinov           Christoph Junghans             Joe Jordan        
    Dimitrios Karkoulis            Peter Kasson                Jiri Kraus        
      Carsten Kutzner              Per Larsson              Justin A. Lemkul     
       Viveca Lindahl            Magnus Lundborg             Erik Marklund       
        Pascal Merz             Pieter Meulenhoff            Teemu Murtola       
        Szilard Pall               Sander Pronk              Roland Schulz       
       Michael Shirts            Alexey Shvetsov             Alfons Sijbers      
       Peter Tieleman              Jon Vincent              Teemu Virolainen     
     Christian Wennberg            Maarten Wolf              Artem Zhmurov       
                           and the project leaders:
        Mark Abraham, Berk Hess, Erik Lindahl, and David van der Spoel

Copyright (c) 1991-2000, University of Groningen, The Netherlands.
Copyright (c) 2001-2019, The GROMACS development team at
Uppsala University, Stockholm University and
the Royal Institute of Technology, Sweden.
check out http://www.gromacs.org for more information.

GROMACS is free software; you can redistribute it and/or modify it
under the terms of the GNU Lesser General Public License
as published by the Free Software Foundation; either version 2.1
of the License, or (at your option) any later version.

GROMACS:      gmx mdrun, version 2021.5
Executable:   /usr/local/gromacs_2021.5/bin/gmx
Data prefix:  /usr/local/gromacs_2021.5
Working dir:  /srv/home/apbal/work/REU/mixtures/pure_mix/SOL-ETAC
Process ID:   584139
Command line:
  gmx mdrun -v -deffnm npt -ntomp 10 -nb gpu -bonded cpu -update gpu -ntmpi 1 -cpt 1

GROMACS version:    2021.5
Precision:          mixed
Memory model:       64 bit
MPI library:        thread_mpi
OpenMP support:     enabled (GMX_OPENMP_MAX_THREADS = 256)
GPU support:        CUDA
SIMD instructions:  AVX2_256
FFT library:        fftw-3.3.8-sse2-avx-avx2-avx2_128
RDTSCP usage:       enabled
TNG support:        enabled
Hwloc support:      disabled
Tracing support:    disabled
C compiler:         /usr/bin/cc GNU 9.4.0
C compiler flags:   -mavx2 -mfma -Wno-missing-field-initializers -fexcess-precision=fast -funroll-all-loops -pthread -O3 -DNDEBUG
C++ compiler:       /usr/bin/c++ GNU 9.4.0
C++ compiler flags: -mavx2 -mfma -Wno-missing-field-initializers -fexcess-precision=fast -funroll-all-loops -pthread -fopenmp -O3 -DNDEBUG
CUDA compiler:      /usr/local/cuda-12.2/bin/nvcc nvcc: NVIDIA (R) Cuda compiler driver;Copyright (c) 2005-2023 NVIDIA Corporation;Built on Tue_Aug_15_22:02:13_PDT_2023;Cuda compilation tools, release 12.2, V12.2.140;Build cuda_12.2.r12.2/compiler.33191640_0
CUDA compiler flags:-std=c++17;-gencode;arch=compute_60,code=sm_60;-gencode;arch=compute_61,code=sm_61;-gencode;arch=compute_62,code=sm_62;-gencode;arch=compute_70,code=sm_70;-gencode;arch=compute_75,code=sm_75;-gencode;arch=compute_80,code=sm_80;-gencode;arch=compute_86,code=sm_86;-gencode;arch=compute_89,code=sm_89;-gencode;arch=compute_60,code=compute_60;-gencode;arch=compute_61,code=compute_61;-gencode;arch=compute_62,code=compute_62;-gencode;arch=compute_70,code=compute_70;-gencode;arch=compute_75,code=compute_75;-gencode;arch=compute_80,code=compute_80;-gencode;arch=compute_86,code=compute_86;-gencode;arch=compute_89,code=compute_89;-use_fast_math;-D_FORCE_INLINES;-mavx2 -mfma -Wno-missing-field-initializers -fexcess-precision=fast -funroll-all-loops -pthread -fopenmp -O3 -DNDEBUG
CUDA driver:        12.90
CUDA runtime:       12.20


Running on 1 node with total 128 cores, 128 logical cores, 1 compatible GPU
Hardware detected:
  CPU info:
    Vendor: AMD
    Brand:  AMD EPYC 7513 32-Core Processor                
    Family: 25   Model: 1   Stepping: 1
    Features: aes amd apic avx avx2 clfsh cmov cx8 cx16 f16c fma htt lahf misalignsse mmx msr nonstop_tsc pcid pclmuldq pdpe1gb popcnt pse rdrnd rdtscp sha sse2 sse3 sse4a sse4.1 sse4.2 ssse3
  Hardware topology: Only logical processor count
  GPU info:
    Number of GPUs detected: 1
    #0: NVIDIA NVIDIA RTX A4500, compute cap.: 8.6, ECC:  no, stat: compatible


++++ PLEASE READ AND CITE THE FOLLOWING REFERENCE ++++
M. J. Abraham, T. Murtola, R. Schulz, S. Páll, J. C. Smith, B. Hess, E.
Lindahl
GROMACS: High performance molecular simulations through multi-level
parallelism from laptops to supercomputers
SoftwareX 1 (2015) pp. 19-25
-------- -------- --- Thank You --- -------- --------


++++ PLEASE READ AND CITE THE FOLLOWING REFERENCE ++++
S. Páll, M. J. Abraham, C. Kutzner, B. Hess, E. Lindahl
Tackling Exascale Software Challenges in Molecular Dynamics Simulations with
GROMACS
In S. Markidis & E. Laure (Eds.), Solving Software Challenges for Exascale 8759 (2015) pp. 3-27
-------- -------- --- Thank You --- -------- --------


++++ PLEASE READ AND CITE THE FOLLOWING REFERENCE ++++
S. Pronk, S. Páll, R. Schulz, P. Larsson, P. Bjelkmar, R. Apostolov, M. R.
Shirts, J. C. Smith, P. M. Kasson, D. van der Spoel, B. Hess, and E. Lindahl
GROMACS 4.5: a high-throughput and highly parallel open source molecular
simulation toolkit
Bioinformatics 29 (2013) pp. 845-54
-------- -------- --- Thank You --- -------- --------


++++ PLEASE READ AND CITE THE FOLLOWING REFERENCE ++++
B. Hess and C. Kutzner and D. van der Spoel and E. Lindahl
GROMACS 4: Algorithms for highly efficient, load-balanced, and scalable
molecular simulation
J. Chem. Theory Comput. 4 (2008) pp. 435-447
-------- -------- --- Thank You --- -------- --------


++++ PLEASE READ AND CITE THE FOLLOWING REFERENCE ++++
D. van der Spoel, E. Lindahl, B. Hess, G. Groenhof, A. E. Mark and H. J. C.
Berendsen
GROMACS: Fast, Flexible and Free
J. Comp. Chem. 26 (2005) pp. 1701-1719
-------- -------- --- Thank You --- -------- --------


++++ PLEASE READ AND CITE THE FOLLOWING REFERENCE ++++
E. Lindahl and B. Hess and D. van der Spoel
GROMACS 3.0: A package for molecular simulation and trajectory analysis
J. Mol. Mod. 7 (2001) pp. 306-317
-------- -------- --- Thank You --- -------- --------


++++ PLEASE READ AND CITE THE FOLLOWING REFERENCE ++++
H. J. C. Berendsen, D. van der Spoel and R. van Drunen
GROMACS: A message-passing parallel molecular dynamics implementation
Comp. Phys. Comm. 91 (1995) pp. 43-56
-------- -------- --- Thank You --- -------- --------


++++ PLEASE CITE THE DOI FOR THIS VERSION OF GROMACS ++++
https://doi.org/10.5281/zenodo.5850051
-------- -------- --- Thank You --- -------- --------

Input Parameters:
   integrator                     = md
   tinit                          = 0
   dt                             = 0.002
   nsteps                         = 250000
   init-step                      = 0
   simulation-part                = 1
   mts                            = false
   comm-mode                      = Linear
   nstcomm                        = 100
   bd-fric                        = 0
   ld-seed                        = -70967297
   emtol                          = 10
   emstep                         = 0.01
   niter                          = 20
   fcstep                         = 0
   nstcgsteep                     = 1000
   nbfgscorr                      = 10
   rtpi                           = 0.05
   nstxout                        = 5000
   nstvout                        = 5000
   nstfout                        = 0
   nstlog                         = 5000
   nstcalcenergy                  = 100
   nstenergy                      = 5000
   nstxout-compressed             = 5000
   compressed-x-precision         = 1000
   cutoff-scheme                  = Verlet
   nstlist                        = 10
   pbc                            = xyz
   periodic-molecules             = false
   verlet-buffer-tolerance        = 0.005
   rlist                          = 1.4
   coulombtype                    = PME
   coulomb-modifier               = Potential-shift
   rcoulomb-switch                = 0
   rcoulomb                       = 1.4
   epsilon-r                      = 1
   epsilon-rf                     = inf
   vdw-type                       = Cut-off
   vdw-modifier                   = Potential-shift
   rvdw-switch                    = 0
   rvdw                           = 1.4
   DispCorr                       = EnerPres
   table-extension                = 1
   fourierspacing                 = 0.12
   fourier-nx                     = 52
   fourier-ny                     = 52
   fourier-nz                     = 200
   pme-order                      = 4
   ewald-rtol                     = 1e-05
   ewald-rtol-lj                  = 0.001
   lj-pme-comb-rule               = Geometric
   ewald-geometry                 = 0
   epsilon-surface                = 0
   tcoupl                         = V-rescale
   nsttcouple                     = 10
   nh-chain-length                = 0
   print-nose-hoover-chain-variables = false
   pcoupl                         = Berendsen
   pcoupltype                     = Isotropic
   nstpcouple                     = 10
   tau-p                          = 2
   compressibility (3x3):
      compressibility[    0]={ 4.50000e-05,  0.00000e+00,  0.00000e+00}
      compressibility[    1]={ 0.00000e+00,  4.50000e-05,  0.00000e+00}
      compressibility[    2]={ 0.00000e+00,  0.00000e+00,  4.50000e-05}
   ref-p (3x3):
      ref-p[    0]={ 1.00000e+00,  0.00000e+00,  0.00000e+00}
      ref-p[    1]={ 0.00000e+00,  1.00000e+00,  0.00000e+00}
      ref-p[    2]={ 0.00000e+00,  0.00000e+00,  1.00000e+00}
   refcoord-scaling               = No
   posres-com (3):
      posres-com[0]= 0.00000e+00
      posres-com[1]= 0.00000e+00
      posres-com[2]= 0.00000e+00
   posres-comB (3):
      posres-comB[0]= 0.00000e+00
      posres-comB[1]= 0.00000e+00
      posres-comB[2]= 0.00000e+00
   QMMM                           = false
qm-opts:
   ngQM                           = 0
   constraint-algorithm           = Lincs
   continuation                   = false
   Shake-SOR                      = false
   shake-tol                      = 0.0001
   lincs-order                    = 4
   lincs-iter                     = 1
   lincs-warnangle                = 30
   nwall                          = 0
   wall-type                      = 9-3
   wall-r-linpot                  = -1
   wall-atomtype[0]               = -1
   wall-atomtype[1]               = -1
   wall-density[0]                = 0
   wall-density[1]                = 0
   wall-ewald-zfac                = 3
   pull                           = false
   awh                            = false
   rotation                       = false
   interactiveMD                  = false
   disre                          = No
   disre-weighting                = Conservative
   disre-mixed                    = false
   dr-fc                          = 1000
   dr-tau                         = 0
   nstdisreout                    = 100
   orire-fc                       = 0
   orire-tau                      = 0
   nstorireout                    = 100
   free-energy                    = no
   cos-acceleration               = 0
   deform (3x3):
      deform[    0]={ 0.00000e+00,  0.00000e+00,  0.00000e+00}
      deform[    1]={ 0.00000e+00,  0.00000e+00,  0.00000e+00}
      deform[    2]={ 0.00000e+00,  0.00000e+00,  0.00000e+00}
   simulated-tempering            = false
   swapcoords                     = no
   userint1                       = 0
   userint2                       = 0
   userint3                       = 0
   userint4                       = 0
   userreal1                      = 0
   userreal2                      = 0
   userreal3                      = 0
   userreal4                      = 0
   applied-forces:
     electric-field:
       x:
         E0                       = 0
         omega                    = 0
         t0                       = 0
         sigma                    = 0
       y:
         E0                       = 0
         omega                    = 0
         t0                       = 0
         sigma                    = 0
       z:
         E0                       = 0
         omega                    = 0
         t0                       = 0
         sigma                    = 0
     density-guided-simulation:
       active                     = false
       group                      = protein
       similarity-measure         = inner-product
       atom-spreading-weight      = unity
       force-constant             = 1e+09
       gaussian-transform-spreading-width = 0.2
       gaussian-transform-spreading-range-in-multiples-of-width = 4
       reference-density-filename = reference.mrc
       nst                        = 1
       normalize-densities        = true
       adaptive-force-scaling     = false
       adaptive-force-scaling-time-constant = 4
       shift-vector               = 
       transformation-matrix      = 
grpopts:
   nrdf:       63997
   ref-t:         298
   tau-t:         0.1
annealing:          No
annealing-npoints:           0
   acc:	           0           0           0
   nfreeze:           N           N           N
   energygrp-flags[  0]: 0

Changing nstlist from 10 to 100, rlist from 1.4 to 1.414

1 GPU selected for this run.
Mapping of GPU IDs to the 2 GPU tasks in the 1 rank on this node:
  PP:0,PME:0
PP tasks will do (non-perturbed) short-ranged interactions on the GPU
PP task will update and constrain coordinates on the GPU
PME tasks will do all aspects on the GPU
Using 1 MPI thread

Non-default thread affinity set, disabling internal thread affinity

Using 10 OpenMP threads 

System total charge: 0.000
Will do PME sum in reciprocal space for electrostatic interactions.

++++ PLEASE READ AND CITE THE FOLLOWING REFERENCE ++++
U. Essmann, L. Perera, M. L. Berkowitz, T. Darden, H. Lee and L. G. Pedersen 
A smooth particle mesh Ewald method
J. Chem. Phys. 103 (1995) pp. 8577-8592
-------- -------- --- Thank You --- -------- --------

Using a Gaussian width (1/beta) of 0.448228 nm for Ewald
Potential shift: LJ r^-12: -1.764e-02 r^-6: -1.328e-01, Ewald -7.143e-06
Initialized non-bonded Ewald tables, spacing: 1.10e-03 size: 1270

Generated table with 1207 data points for 1-4 COUL.
Tabscale = 500 points/nm
Generated table with 1207 data points for 1-4 LJ6.
Tabscale = 500 points/nm
Generated table with 1207 data points for 1-4 LJ12.
Tabscale = 500 points/nm
Long Range LJ corr.: <C6> 4.3027e-04


Using GPU 8x8 nonbonded short-range kernels

Using a 8x8 pair-list setup:
  updated every 100 steps, buffer 0.014 nm, rlist 1.414 nm
At tolerance 0.005 kJ/mol/ps per atom, equivalent classical 1x1 list would be:
  updated every 100 steps, buffer 0.187 nm, rlist 1.587 nm

Using Lorentz-Berthelot Lennard-Jones combination rule
Removing pbc first time

Initializing LINear Constraint Solver

++++ PLEASE READ AND CITE THE FOLLOWING REFERENCE ++++
B. Hess and H. Bekker and H. J. C. Berendsen and J. G. E. M. Fraaije
LINCS: A Linear Constraint Solver for molecular simulations
J. Comp. Chem. 18 (1997) pp. 1463-1472
-------- -------- --- Thank You --- -------- --------

The number of constraints is 8000

++++ PLEASE READ AND CITE THE FOLLOWING REFERENCE ++++
S. Miyamoto and P. A. Kollman
SETTLE: An Analytical Version of the SHAKE and RATTLE Algorithms for Rigid
Water Models
J. Comp. Chem. 13 (1992) pp. 952-962
-------- -------- --- Thank You --- -------- --------


++++ PLEASE READ AND CITE THE FOLLOWING REFERENCE ++++
G. Bussi, D. Donadio and M. Parrinello
Canonical sampling through velocity rescaling
J. Chem. Phys. 126 (2007) pp. 014101
-------- -------- --- Thank You --- -------- --------

There are: 29000 Atoms

Updating coordinates and applying constraints on the GPU.

Constraining the starting coordinates (step 0)

Constraining the coordinates at t0-dt (step 0)
Center of mass motion removal mode is Linear
We have the following groups for center of mass motion removal:
  0:  rest
RMS relative constraint deviation after constraining: 4.94e-06
Initial temperature: 301.265 K

Started mdrun on rank 0 Thu Jul 10 23:52:01 2025

           Step           Time
              0        0.00000

   Energies (kJ/mol)
           Bond            U-B    Proper Dih.  Improper Dih.          LJ-14
    4.29975e+02    2.13369e+03    2.19095e+02    4.15362e+01    1.20075e+03
     Coulomb-14        LJ (SR)  Disper. corr.   Coulomb (SR)   Coul. recip.
   -2.29837e+05   -6.41643e+02   -6.38504e+02   -9.50436e+04    2.76297e+03
      Potential    Kinetic En.   Total Energy  Conserved En.    Temperature
   -3.19372e+05    8.01743e+04   -2.39198e+05   -2.39176e+05    3.01350e+02
 Pres. DC (bar) Pressure (bar)   Constr. rmsd
   -1.22875e+01   -5.84127e+02    4.94105e-06

step 1800: timed with pme grid 52 52 200, coulomb cutoff 1.400: 5704.0 M-cycles
step 2000: timed with pme grid 42 42 168, coulomb cutoff 1.667: 110.1 M-cycles
step 2200: timed with pme grid 36 36 144, coulomb cutoff 1.944: 123.3 M-cycles
step 2400: timed with pme grid 40 40 160, coulomb cutoff 1.750: 114.3 M-cycles
step 2600: timed with pme grid 42 42 168, coulomb cutoff 1.667: 109.1 M-cycles
step 2800: timed with pme grid 44 44 192, coulomb cutoff 1.591: 110.6 M-cycles
step 3000: timed with pme grid 48 48 192, coulomb cutoff 1.458: 109.6 M-cycles
              optimal pme grid 42 42 168, coulomb cutoff 1.667
           Step           Time
           5000       10.00000

   Energies (kJ/mol)
           Bond            U-B    Proper Dih.  Improper Dih.          LJ-14
    3.71474e+03    1.94423e+04    3.08285e+03    1.22527e+03    1.88196e+03
     Coulomb-14        LJ (SR)  Disper. corr.   Coulomb (SR)   Coul. recip.
   -2.38730e+05    5.77662e+03   -6.58644e+02   -1.60256e+05    1.50064e+03
      Potential    Kinetic En.   Total Energy  Conserved En.    Temperature
   -3.63020e+05    7.89700e+04   -2.84050e+05   -2.37002e+05    2.96823e+02
 Pres. DC (bar) Pressure (bar)   Constr. rmsd
   -1.30738e+01    5.48519e+01    4.94105e-06

           Step           Time
          10000       20.00000

   Energies (kJ/mol)
           Bond            U-B    Proper Dih.  Improper Dih.          LJ-14
    4.24199e+03    2.24847e+04    3.22229e+03    1.31532e+03    1.92033e+03
     Coulomb-14        LJ (SR)  Disper. corr.   Coulomb (SR)   Coul. recip.
   -2.37822e+05    3.64991e+03   -6.71279e+02   -1.77820e+05    1.37604e+03
      Potential    Kinetic En.   Total Energy  Conserved En.    Temperature
   -3.78103e+05    7.98458e+04   -2.98257e+05   -2.36643e+05    3.00116e+02
 Pres. DC (bar) Pressure (bar)   Constr. rmsd
   -1.35796e+01   -1.28383e+02    4.94105e-06

           Step           Time
          15000       30.00000

   Energies (kJ/mol)
           Bond            U-B    Proper Dih.  Improper Dih.          LJ-14
    4.57477e+03    2.37297e+04    3.07272e+03    1.14650e+03    1.88766e+03
     Coulomb-14        LJ (SR)  Disper. corr.   Coulomb (SR)   Coul. recip.
   -2.37733e+05    3.63631e+03   -6.83597e+02   -1.86532e+05    1.28900e+03
      Potential    Kinetic En.   Total Energy  Conserved En.    Temperature
   -3.85612e+05    7.85402e+04   -3.07071e+05   -2.36325e+05    2.95208e+02
 Pres. DC (bar) Pressure (bar)   Constr. rmsd
   -1.40819e+01   -1.24503e+02    4.94105e-06

           Step           Time
          20000       40.00000

   Energies (kJ/mol)
           Bond            U-B    Proper Dih.  Improper Dih.          LJ-14
    4.72450e+03    2.49382e+04    3.02154e+03    1.21770e+03    1.86322e+03
     Coulomb-14        LJ (SR)  Disper. corr.   Coulomb (SR)   Coul. recip.
   -2.37531e+05    3.12691e+03   -6.93658e+02   -1.90336e+05    1.21456e+03
      Potential    Kinetic En.   Total Energy  Conserved En.    Temperature
   -3.88454e+05    7.90789e+04   -3.09375e+05   -2.36019e+05    2.97233e+02
 Pres. DC (bar) Pressure (bar)   Constr. rmsd
   -1.44989e+01   -4.44339e+01    4.94105e-06

           Step           Time
          25000       50.00000

   Energies (kJ/mol)
           Bond            U-B    Proper Dih.  Improper Dih.          LJ-14
    4.93352e+03    2.47430e+04    2.90143e+03    1.17645e+03    1.89002e+03
     Coulomb-14        LJ (SR)  Disper. corr.   Coulomb (SR)   Coul. recip.
   -2.37768e+05    2.97383e+03   -7.02788e+02   -1.94058e+05    1.17143e+03
      Potential    Kinetic En.   Total Energy  Conserved En.    Temperature
   -3.92739e+05    7.89897e+04   -3.13749e+05   -2.35834e+05    2.96898e+02
 Pres. DC (bar) Pressure (bar)   Constr. rmsd
   -1.48827e+01   -1.14820e+02    4.94105e-06

           Step           Time
          30000       60.00000

   Energies (kJ/mol)
           Bond            U-B    Proper Dih.  Improper Dih.          LJ-14
    5.10547e+03    2.51823e+04    3.01592e+03    1.25793e+03    2.00739e+03
     Coulomb-14        LJ (SR)  Disper. corr.   Coulomb (SR)   Coul. recip.
   -2.37734e+05    2.17213e+03   -7.10921e+02   -1.94282e+05    1.16876e+03
      Potential    Kinetic En.   Total Energy  Conserved En.    Temperature
   -3.92817e+05    7.93372e+04   -3.13479e+05   -2.35566e+05    2.98204e+02
 Pres. DC (bar) Pressure (bar)   Constr. rmsd
   -1.52287e+01    1.27187e+02    4.94105e-06

           Step           Time
          35000       70.00000

   Energies (kJ/mol)
           Bond            U-B    Proper Dih.  Improper Dih.          LJ-14
    5.09592e+03    2.55763e+04    2.94082e+03    1.20834e+03    1.96793e+03
     Coulomb-14        LJ (SR)  Disper. corr.   Coulomb (SR)   Coul. recip.
   -2.37182e+05    1.37791e+03   -7.20128e+02   -1.96313e+05    1.12432e+03
      Potential    Kinetic En.   Total Energy  Conserved En.    Temperature
   -3.94924e+05    7.97774e+04   -3.15147e+05   -2.35329e+05    2.99858e+02
 Pres. DC (bar) Pressure (bar)   Constr. rmsd
   -1.56252e+01   -3.98566e+01    4.94105e-06

           Step           Time
          40000       80.00000

   Energies (kJ/mol)
           Bond            U-B    Proper Dih.  Improper Dih.          LJ-14
    5.03610e+03    2.54666e+04    2.89519e+03    1.19997e+03    1.97745e+03
     Coulomb-14        LJ (SR)  Disper. corr.   Coulomb (SR)   Coul. recip.
   -2.37584e+05    9.09575e+02   -7.27875e+02   -1.96802e+05    1.07937e+03
      Potential    Kinetic En.   Total Energy  Conserved En.    Temperature
   -3.96549e+05    7.87277e+04   -3.17821e+05   -2.35089e+05    2.95913e+02
 Pres. DC (bar) Pressure (bar)   Constr. rmsd
   -1.59628e+01    1.09959e+01    4.94105e-06

           Step           Time
          45000       90.00000

   Energies (kJ/mol)
           Bond            U-B    Proper Dih.  Improper Dih.          LJ-14
    5.11115e+03    2.55746e+04    2.97887e+03    1.19697e+03    1.97346e+03
     Coulomb-14        LJ (SR)  Disper. corr.   Coulomb (SR)   Coul. recip.
   -2.37664e+05    9.91427e+02   -7.35699e+02   -1.97314e+05    1.03063e+03
      Potential    Kinetic En.   Total Energy  Conserved En.    Temperature
   -3.96857e+05    7.99509e+04   -3.16906e+05   -2.34878e+05    3.00511e+02
 Pres. DC (bar) Pressure (bar)   Constr. rmsd
   -1.63074e+01    5.47757e+01    4.94105e-06

           Step           Time
          50000      100.00000

   Energies (kJ/mol)
           Bond            U-B    Proper Dih.  Improper Dih.          LJ-14
    5.09579e+03    2.57656e+04    2.79526e+03    1.26196e+03    2.00190e+03
     Coulomb-14        LJ (SR)  Disper. corr.   Coulomb (SR)   Coul. recip.
   -2.37384e+05    1.10434e+03   -7.45073e+02   -1.98766e+05    1.00838e+03
      Potential    Kinetic En.   Total Energy  Conserved En.    Temperature
   -3.97862e+05    7.87693e+04   -3.19092e+05   -2.34603e+05    2.96069e+02
 Pres. DC (bar) Pressure (bar)   Constr. rmsd
   -1.67252e+01    5.08089e+01    4.94105e-06

           Step           Time
          55000      110.00000

   Energies (kJ/mol)
           Bond            U-B    Proper Dih.  Improper Dih.          LJ-14
    5.00666e+03    2.61499e+04    2.89093e+03    1.16043e+03    1.91580e+03
     Coulomb-14        LJ (SR)  Disper. corr.   Coulomb (SR)   Coul. recip.
   -2.37174e+05    1.08346e+03   -7.53093e+02   -1.99405e+05    1.09697e+03
      Potential    Kinetic En.   Total Energy  Conserved En.    Temperature
   -3.98028e+05    7.87392e+04   -3.19289e+05   -2.34295e+05    2.95956e+02
 Pres. DC (bar) Pressure (bar)   Constr. rmsd
   -1.70868e+01   -6.72694e+01    4.94105e-06

           Step           Time
          60000      120.00000

   Energies (kJ/mol)
           Bond            U-B    Proper Dih.  Improper Dih.          LJ-14
    5.16731e+03    2.58693e+04    2.93556e+03    1.16942e+03    1.95139e+03
     Coulomb-14        LJ (SR)  Disper. corr.   Coulomb (SR)   Coul. recip.
   -2.36788e+05    1.63877e+02   -7.63216e+02   -1.98793e+05    1.04599e+03
      Potential    Kinetic En.   Total Energy  Conserved En.    Temperature
   -3.98041e+05    7.97680e+04   -3.18273e+05   -2.34117e+05    2.99823e+02
 Pres. DC (bar) Pressure (bar)   Constr. rmsd
   -1.75487e+01   -6.10048e+00    4.94105e-06

           Step           Time
          65000      130.00000

   Energies (kJ/mol)
           Bond            U-B    Proper Dih.  Improper Dih.          LJ-14
    5.25284e+03    2.61484e+04    2.95236e+03    1.20969e+03    2.00766e+03
     Coulomb-14        LJ (SR)  Disper. corr.   Coulomb (SR)   Coul. recip.
   -2.37239e+05    5.02968e+02   -7.71832e+02   -1.98867e+05    1.00966e+03
      Potential    Kinetic En.   Total Energy  Conserved En.    Temperature
   -3.97794e+05    7.91751e+04   -3.18619e+05   -2.33861e+05    2.97594e+02
 Pres. DC (bar) Pressure (bar)   Constr. rmsd
   -1.79467e+01    4.78215e+01    4.94105e-06

           Step           Time
          70000      140.00000

   Energies (kJ/mol)
           Bond            U-B    Proper Dih.  Improper Dih.          LJ-14
    5.23250e+03    2.56805e+04    2.90914e+03    1.22352e+03    1.90159e+03
     Coulomb-14        LJ (SR)  Disper. corr.   Coulomb (SR)   Coul. recip.
   -2.37599e+05    3.74710e+02   -7.80519e+02   -1.99572e+05    1.04862e+03
      Potential    Kinetic En.   Total Energy  Conserved En.    Temperature
   -3.99581e+05    7.96053e+04   -3.19976e+05   -2.33649e+05    2.99211e+02
 Pres. DC (bar) Pressure (bar)   Constr. rmsd
   -1.83526e+01    4.25744e+01    4.94105e-06

           Step           Time
          75000      150.00000

   Energies (kJ/mol)
           Bond            U-B    Proper Dih.  Improper Dih.          LJ-14
    5.06060e+03    2.55652e+04    2.99089e+03    1.14453e+03    1.90265e+03
     Coulomb-14        LJ (SR)  Disper. corr.   Coulomb (SR)   Coul. recip.
   -2.36938e+05   -6.76681e+02   -7.90672e+02   -1.97673e+05    1.03866e+03
      Potential    Kinetic En.   Total Energy  Conserved En.    Temperature
   -3.98375e+05    7.84209e+04   -3.19954e+05   -2.33389e+05    2.94760e+02
 Pres. DC (bar) Pressure (bar)   Constr. rmsd
   -1.88326e+01   -2.00973e+02    4.94105e-06

Writing checkpoint, step 77400 at Thu Jul 10 23:53:01 2025


           Step           Time
          80000      160.00000

   Energies (kJ/mol)
           Bond            U-B    Proper Dih.  Improper Dih.          LJ-14
    5.07490e+03    2.58329e+04    2.98528e+03    1.15495e+03    1.98185e+03
     Coulomb-14        LJ (SR)  Disper. corr.   Coulomb (SR)   Coul. recip.
   -2.38042e+05   -1.84117e+03   -8.02540e+02   -1.97222e+05    8.94658e+02
      Potential    Kinetic En.   Total Energy  Conserved En.    Temperature
   -3.99983e+05    7.96769e+04   -3.20306e+05   -2.33167e+05    2.99480e+02
 Pres. DC (bar) Pressure (bar)   Constr. rmsd
   -1.94016e+01   -1.42820e+02    4.94105e-06

           Step           Time
          85000      170.00000

   Energies (kJ/mol)
           Bond            U-B    Proper Dih.  Improper Dih.          LJ-14
    5.01124e+03    2.58725e+04    2.87580e+03    1.23921e+03    1.92120e+03
     Coulomb-14        LJ (SR)  Disper. corr.   Coulomb (SR)   Coul. recip.
   -2.37442e+05   -3.05897e+03   -8.00955e+02   -1.98340e+05    9.37956e+02
      Potential    Kinetic En.   Total Energy  Conserved En.    Temperature
   -4.01784e+05    7.93268e+04   -3.22457e+05   -2.32909e+05    2.98165e+02
 Pres. DC (bar) Pressure (bar)   Constr. rmsd
   -1.93251e+01   -2.42771e+02    4.94105e-06

           Step           Time
          90000      180.00000

   Energies (kJ/mol)
           Bond            U-B    Proper Dih.  Improper Dih.          LJ-14
    5.18794e+03    2.55390e+04    3.01288e+03    1.35157e+03    2.05432e+03
     Coulomb-14        LJ (SR)  Disper. corr.   Coulomb (SR)   Coul. recip.
   -2.37625e+05   -1.97836e+03   -8.08201e+02   -1.98964e+05    9.61588e+02
      Potential    Kinetic En.   Total Energy  Conserved En.    Temperature
   -4.01268e+05    7.91268e+04   -3.22141e+05   -2.32706e+05    2.97413e+02
 Pres. DC (bar) Pressure (bar)   Constr. rmsd
   -1.96760e+01   -2.00372e+00    4.94105e-06

           Step           Time
          95000      190.00000

   Energies (kJ/mol)
           Bond            U-B    Proper Dih.  Improper Dih.          LJ-14
    5.20724e+03    2.57098e+04    2.73012e+03    1.24368e+03    1.98137e+03
     Coulomb-14        LJ (SR)  Disper. corr.   Coulomb (SR)   Coul. recip.
   -2.37597e+05   -2.23078e+03   -8.12025e+02   -1.97580e+05    8.88180e+02
      Potential    Kinetic En.   Total Energy  Conserved En.    Temperature
   -4.00459e+05    7.98387e+04   -3.20620e+05   -2.32453e+05    3.00089e+02
 Pres. DC (bar) Pressure (bar)   Constr. rmsd
   -1.98625e+01    8.69521e+00    4.94105e-06

           Step           Time
         100000      200.00000

   Energies (kJ/mol)
           Bond            U-B    Proper Dih.  Improper Dih.          LJ-14
    5.11286e+03    2.62152e+04    2.86389e+03    1.19380e+03    1.90015e+03
     Coulomb-14        LJ (SR)  Disper. corr.   Coulomb (SR)   Coul. recip.
   -2.37512e+05   -2.36682e+03   -8.20317e+02   -1.98493e+05    8.95356e+02
      Potential    Kinetic En.   Total Energy  Conserved En.    Temperature
   -4.01012e+05    7.89998e+04   -3.22012e+05   -2.32192e+05    2.96936e+02
 Pres. DC (bar) Pressure (bar)   Constr. rmsd
   -2.02698e+01   -5.69177e+01    4.94105e-06

           Step           Time
         105000      210.00000

   Energies (kJ/mol)
           Bond            U-B    Proper Dih.  Improper Dih.          LJ-14
    5.00071e+03    2.61697e+04    2.87726e+03    1.17186e+03    1.93623e+03
     Coulomb-14        LJ (SR)  Disper. corr.   Coulomb (SR)   Coul. recip.
   -2.38314e+05   -2.33409e+03   -8.28296e+02   -1.96947e+05    8.81522e+02
      Potential    Kinetic En.   Total Energy  Conserved En.    Temperature
   -4.00386e+05    7.86877e+04   -3.21698e+05   -2.31975e+05    2.95762e+02
 Pres. DC (bar) Pressure (bar)   Constr. rmsd
   -2.06656e+01   -5.90661e+01    4.94105e-06

           Step           Time
         110000      220.00000

   Energies (kJ/mol)
           Bond            U-B    Proper Dih.  Improper Dih.          LJ-14
    5.21507e+03    2.58323e+04    2.97231e+03    1.17790e+03    1.99424e+03
     Coulomb-14        LJ (SR)  Disper. corr.   Coulomb (SR)   Coul. recip.
   -2.37719e+05   -1.97779e+03   -8.33800e+02   -1.98869e+05    8.93790e+02
      Potential    Kinetic En.   Total Energy  Conserved En.    Temperature
   -4.01315e+05    7.91771e+04   -3.22138e+05   -2.31770e+05    2.97602e+02
 Pres. DC (bar) Pressure (bar)   Constr. rmsd
   -2.09409e+01    5.45508e+01    4.94105e-06

           Step           Time
         115000      230.00000

   Energies (kJ/mol)
           Bond            U-B    Proper Dih.  Improper Dih.          LJ-14
    5.06195e+03    2.58337e+04    3.02697e+03    1.21665e+03    1.97816e+03
     Coulomb-14        LJ (SR)  Disper. corr.   Coulomb (SR)   Coul. recip.
   -2.37884e+05   -1.81543e+03   -8.40512e+02   -1.98135e+05    9.05156e+02
      Potential    Kinetic En.   Total Energy  Conserved En.    Temperature
   -4.00652e+05    7.95792e+04   -3.21073e+05   -2.31548e+05    2.99113e+02
 Pres. DC (bar) Pressure (bar)   Constr. rmsd
   -2.12790e+01    1.70896e+02    4.94105e-06

           Step           Time
         120000      240.00000

   Energies (kJ/mol)
           Bond            U-B    Proper Dih.  Improper Dih.          LJ-14
    5.23189e+03    2.56621e+04    3.08899e+03    1.23713e+03    1.99348e+03
     Coulomb-14        LJ (SR)  Disper. corr.   Coulomb (SR)   Coul. recip.
   -2.37393e+05   -2.42774e+03   -8.46128e+02   -1.98133e+05    9.21248e+02
      Potential    Kinetic En.   Total Energy  Conserved En.    Temperature
   -4.00664e+05    7.90591e+04   -3.21605e+05   -2.31257e+05    2.97158e+02
 Pres. DC (bar) Pressure (bar)   Constr. rmsd
   -2.15641e+01   -8.98624e+01    4.94105e-06

           Step           Time
         125000      250.00000

   Energies (kJ/mol)
           Bond            U-B    Proper Dih.  Improper Dih.          LJ-14
    5.13019e+03    2.59427e+04    2.94109e+03    1.21259e+03    2.04733e+03
     Coulomb-14        LJ (SR)  Disper. corr.   Coulomb (SR)   Coul. recip.
   -2.37628e+05   -1.51355e+03   -8.52926e+02   -1.99165e+05    9.75861e+02
      Potential    Kinetic En.   Total Energy  Conserved En.    Temperature
   -4.00910e+05    7.95723e+04   -3.21337e+05   -2.31023e+05    2.99088e+02
 Pres. DC (bar) Pressure (bar)   Constr. rmsd
   -2.19116e+01   -1.46051e+01    4.94105e-06

           Step           Time
         130000      260.00000

   Energies (kJ/mol)
           Bond            U-B    Proper Dih.  Improper Dih.          LJ-14
    5.14162e+03    2.54353e+04    3.07873e+03    1.15749e+03    1.94532e+03
     Coulomb-14        LJ (SR)  Disper. corr.   Coulomb (SR)   Coul. recip.
   -2.37733e+05   -2.62886e+03   -8.57855e+02   -1.98448e+05    9.57833e+02
      Potential    Kinetic En.   Total Energy  Conserved En.    Temperature
   -4.01952e+05    7.83743e+04   -3.23577e+05   -2.30831e+05    2.94585e+02
 Pres. DC (bar) Pressure (bar)   Constr. rmsd
   -2.21653e+01   -1.84781e+01    4.94105e-06

           Step           Time
         135000      270.00000

   Energies (kJ/mol)
           Bond            U-B    Proper Dih.  Improper Dih.          LJ-14
    5.16146e+03    2.55827e+04    2.99745e+03    1.22612e+03    1.97480e+03
     Coulomb-14        LJ (SR)  Disper. corr.   Coulomb (SR)   Coul. recip.
   -2.37742e+05   -1.62770e+03   -8.67112e+02   -1.98359e+05    8.93087e+02
      Potential    Kinetic En.   Total Energy  Conserved En.    Temperature
   -4.00760e+05    7.96000e+04   -3.21160e+05   -2.30611e+05    2.99192e+02
 Pres. DC (bar) Pressure (bar)   Constr. rmsd
   -2.26459e+01    5.76098e+01    4.94105e-06

           Step           Time
         140000      280.00000

   Energies (kJ/mol)
           Bond            U-B    Proper Dih.  Improper Dih.          LJ-14
    5.00344e+03    2.54210e+04    2.85127e+03    1.27183e+03    1.95603e+03
     Coulomb-14        LJ (SR)  Disper. corr.   Coulomb (SR)   Coul. recip.
   -2.37221e+05   -1.67337e+03   -8.75872e+02   -2.00019e+05    9.07573e+02
      Potential    Kinetic En.   Total Energy  Conserved En.    Temperature
   -4.02378e+05    7.93219e+04   -3.23057e+05   -2.30397e+05    2.98146e+02
 Pres. DC (bar) Pressure (bar)   Constr. rmsd
   -2.31053e+01    3.60643e+01    4.94105e-06

           Step           Time
         145000      290.00000

   Energies (kJ/mol)
           Bond            U-B    Proper Dih.  Improper Dih.          LJ-14
    5.07323e+03    2.60399e+04    2.99445e+03    1.11710e+03    1.89804e+03
     Coulomb-14        LJ (SR)  Disper. corr.   Coulomb (SR)   Coul. recip.
   -2.37792e+05   -1.75998e+03   -8.82877e+02   -1.98856e+05    8.57742e+02
      Potential    Kinetic En.   Total Energy  Conserved En.    Temperature
   -4.01311e+05    7.91195e+04   -3.22191e+05   -2.30106e+05    2.97385e+02
 Pres. DC (bar) Pressure (bar)   Constr. rmsd
   -2.34760e+01   -1.37461e+02    4.94105e-06

           Step           Time
         150000      300.00000

   Energies (kJ/mol)
           Bond            U-B    Proper Dih.  Improper Dih.          LJ-14
    5.00897e+03    2.57683e+04    3.04779e+03    1.31994e+03    1.92053e+03
     Coulomb-14        LJ (SR)  Disper. corr.   Coulomb (SR)   Coul. recip.
   -2.37606e+05   -2.81402e+03   -8.93927e+02   -1.97284e+05    8.66589e+02
      Potential    Kinetic En.   Total Energy  Conserved En.    Temperature
   -4.00665e+05    7.93975e+04   -3.21268e+05   -2.29894e+05    2.98430e+02
 Pres. DC (bar) Pressure (bar)   Constr. rmsd
   -2.40667e+01   -1.63365e+02    4.94105e-06

           Step           Time
         155000      310.00000

   Energies (kJ/mol)
           Bond            U-B    Proper Dih.  Improper Dih.          LJ-14
    5.28303e+03    2.60826e+04    3.08446e+03    1.09102e+03    2.00417e+03
     Coulomb-14        LJ (SR)  Disper. corr.   Coulomb (SR)   Coul. recip.
   -2.38121e+05   -2.54579e+03   -8.99213e+02   -1.97741e+05    8.88224e+02
      Potential    Kinetic En.   Total Energy  Conserved En.    Temperature
   -4.00873e+05    7.90411e+04   -3.21832e+05   -2.29630e+05    2.97091e+02
 Pres. DC (bar) Pressure (bar)   Constr. rmsd
   -2.43519e+01    4.49040e+01    4.94105e-06

           Step           Time
         160000      320.00000

   Energies (kJ/mol)
           Bond            U-B    Proper Dih.  Improper Dih.          LJ-14
    5.11049e+03    2.57866e+04    3.00978e+03    1.20141e+03    2.02550e+03
     Coulomb-14        LJ (SR)  Disper. corr.   Coulomb (SR)   Coul. recip.
   -2.37666e+05   -2.02629e+03   -9.07123e+02   -1.97191e+05    8.82292e+02
      Potential    Kinetic En.   Total Energy  Conserved En.    Temperature
   -3.99774e+05    7.91901e+04   -3.20584e+05   -2.29482e+05    2.97651e+02
 Pres. DC (bar) Pressure (bar)   Constr. rmsd
   -2.47818e+01    4.28597e+01    4.94105e-06

           Step           Time
         165000      330.00000

   Energies (kJ/mol)
           Bond            U-B    Proper Dih.  Improper Dih.          LJ-14
    5.01229e+03    2.53490e+04    2.90721e+03    1.21081e+03    1.87960e+03
     Coulomb-14        LJ (SR)  Disper. corr.   Coulomb (SR)   Coul. recip.
   -2.37441e+05   -2.15291e+03   -9.13909e+02   -1.97735e+05    8.52352e+02
      Potential    Kinetic En.   Total Energy  Conserved En.    Temperature
   -4.01031e+05    7.94579e+04   -3.21574e+05   -2.29241e+05    2.98657e+02
 Pres. DC (bar) Pressure (bar)   Constr. rmsd
   -2.51537e+01   -7.02758e+01    4.94105e-06

           Step           Time
         170000      340.00000

   Energies (kJ/mol)
           Bond            U-B    Proper Dih.  Improper Dih.          LJ-14
    5.07773e+03    2.57432e+04    2.99658e+03    1.18934e+03    1.88273e+03
     Coulomb-14        LJ (SR)  Disper. corr.   Coulomb (SR)   Coul. recip.
   -2.37329e+05   -2.01645e+03   -9.23890e+02   -1.98681e+05    8.26798e+02
      Potential    Kinetic En.   Total Energy  Conserved En.    Temperature
   -4.01233e+05    7.90560e+04   -3.22177e+05   -2.28984e+05    2.97147e+02
 Pres. DC (bar) Pressure (bar)   Constr. rmsd
   -2.57056e+01   -9.81582e+01    4.94105e-06

           Step           Time
         175000      350.00000

   Energies (kJ/mol)
           Bond            U-B    Proper Dih.  Improper Dih.          LJ-14
    5.06447e+03    2.55452e+04    2.97704e+03    1.25319e+03    1.93993e+03
     Coulomb-14        LJ (SR)  Disper. corr.   Coulomb (SR)   Coul. recip.
   -2.37864e+05   -2.29760e+03   -9.33914e+02   -1.98680e+05    9.00653e+02
      Potential    Kinetic En.   Total Energy  Conserved En.    Temperature
   -4.02095e+05    7.95465e+04   -3.22549e+05   -2.28801e+05    2.98990e+02
 Pres. DC (bar) Pressure (bar)   Constr. rmsd
   -2.62659e+01   -1.02249e+02    4.94105e-06

Writing checkpoint, step 179600 at Thu Jul 10 23:54:01 2025


           Step           Time
         180000      360.00000

   Energies (kJ/mol)
           Bond            U-B    Proper Dih.  Improper Dih.          LJ-14
    5.04063e+03    2.59079e+04    2.94933e+03    1.34796e+03    1.95826e+03
     Coulomb-14        LJ (SR)  Disper. corr.   Coulomb (SR)   Coul. recip.
   -2.38030e+05   -2.18746e+03   -9.41843e+02   -1.98767e+05    8.83677e+02
      Potential    Kinetic En.   Total Energy  Conserved En.    Temperature
   -4.01839e+05    7.95823e+04   -3.22256e+05   -2.28515e+05    2.99125e+02
 Pres. DC (bar) Pressure (bar)   Constr. rmsd
   -2.67134e+01    2.27246e+01    4.94105e-06

           Step           Time
         185000      370.00000

   Energies (kJ/mol)
           Bond            U-B    Proper Dih.  Improper Dih.          LJ-14
    5.18981e+03    2.56102e+04    2.90457e+03    1.23682e+03    1.99032e+03
     Coulomb-14        LJ (SR)  Disper. corr.   Coulomb (SR)   Coul. recip.
   -2.37424e+05   -1.16927e+03   -9.47662e+02   -1.99523e+05    8.74507e+02
      Potential    Kinetic En.   Total Energy  Conserved En.    Temperature
   -4.01258e+05    7.97493e+04   -3.21508e+05   -2.28295e+05    2.99753e+02
 Pres. DC (bar) Pressure (bar)   Constr. rmsd
   -2.70442e+01    1.79514e+02    4.94105e-06

           Step           Time
         190000      380.00000

   Energies (kJ/mol)
           Bond            U-B    Proper Dih.  Improper Dih.          LJ-14
    5.32242e+03    2.56137e+04    2.96830e+03    1.17246e+03    1.90623e+03
     Coulomb-14        LJ (SR)  Disper. corr.   Coulomb (SR)   Coul. recip.
   -2.38318e+05   -2.24998e+03   -9.59306e+02   -1.96820e+05    8.70500e+02
      Potential    Kinetic En.   Total Energy  Conserved En.    Temperature
   -4.00494e+05    7.98118e+04   -3.20682e+05   -2.28051e+05    2.99987e+02
 Pres. DC (bar) Pressure (bar)   Constr. rmsd
   -2.77123e+01   -1.18055e+02    4.94105e-06

           Step           Time
         195000      390.00000

   Energies (kJ/mol)
           Bond            U-B    Proper Dih.  Improper Dih.          LJ-14
    5.28399e+03    2.54486e+04    2.93378e+03    1.17153e+03    1.96934e+03
     Coulomb-14        LJ (SR)  Disper. corr.   Coulomb (SR)   Coul. recip.
   -2.38036e+05   -1.66036e+03   -9.70389e+02   -1.99068e+05    8.32823e+02
      Potential    Kinetic En.   Total Energy  Conserved En.    Temperature
   -4.02095e+05    7.98266e+04   -3.22268e+05   -2.27799e+05    3.00043e+02
 Pres. DC (bar) Pressure (bar)   Constr. rmsd
   -2.83558e+01    1.93812e+02    4.94105e-06

           Step           Time
         200000      400.00000

   Energies (kJ/mol)
           Bond            U-B    Proper Dih.  Improper Dih.          LJ-14
    5.10246e+03    2.61455e+04    2.94658e+03    1.22225e+03    1.94852e+03
     Coulomb-14        LJ (SR)  Disper. corr.   Coulomb (SR)   Coul. recip.
   -2.37648e+05   -1.61376e+03   -9.78761e+02   -1.99479e+05    8.65556e+02
      Potential    Kinetic En.   Total Energy  Conserved En.    Temperature
   -4.01489e+05    7.94182e+04   -3.22070e+05   -2.27544e+05    2.98508e+02
 Pres. DC (bar) Pressure (bar)   Constr. rmsd
   -2.88467e+01    1.95804e+02    4.94105e-06

           Step           Time
         205000      410.00000

   Energies (kJ/mol)
           Bond            U-B    Proper Dih.  Improper Dih.          LJ-14
    5.16049e+03    2.62053e+04    2.96155e+03    1.16717e+03    1.94865e+03
     Coulomb-14        LJ (SR)  Disper. corr.   Coulomb (SR)   Coul. recip.
   -2.37165e+05   -2.41762e+03   -9.90649e+02   -1.99805e+05    8.32684e+02
      Potential    Kinetic En.   Total Energy  Conserved En.    Temperature
   -4.02102e+05    7.91258e+04   -3.22976e+05   -2.27306e+05    2.97409e+02
 Pres. DC (bar) Pressure (bar)   Constr. rmsd
   -2.95511e+01   -1.52294e+02    4.94105e-06

           Step           Time
         210000      420.00000

   Energies (kJ/mol)
           Bond            U-B    Proper Dih.  Improper Dih.          LJ-14
    5.04315e+03    2.59074e+04    2.88194e+03    1.26270e+03    1.90510e+03
     Coulomb-14        LJ (SR)  Disper. corr.   Coulomb (SR)   Coul. recip.
   -2.37137e+05   -1.57556e+03   -1.00081e+03   -2.01396e+05    7.66773e+02
      Potential    Kinetic En.   Total Energy  Conserved En.    Temperature
   -4.03343e+05    7.82820e+04   -3.25061e+05   -2.27037e+05    2.94238e+02
 Pres. DC (bar) Pressure (bar)   Constr. rmsd
   -3.01601e+01    2.39499e+01    4.94105e-06

           Step           Time
         215000      430.00000

   Energies (kJ/mol)
           Bond            U-B    Proper Dih.  Improper Dih.          LJ-14
    5.18714e+03    2.58509e+04    3.05646e+03    1.16210e+03    1.85975e+03
     Coulomb-14        LJ (SR)  Disper. corr.   Coulomb (SR)   Coul. recip.
   -2.37479e+05   -2.51862e+03   -1.00731e+03   -1.98802e+05    8.16959e+02
      Potential    Kinetic En.   Total Energy  Conserved En.    Temperature
   -4.01873e+05    7.80140e+04   -3.23859e+05   -2.26829e+05    2.93230e+02
 Pres. DC (bar) Pressure (bar)   Constr. rmsd
   -3.05524e+01   -1.59812e+02    4.94105e-06

           Step           Time
         220000      440.00000

   Energies (kJ/mol)
           Bond            U-B    Proper Dih.  Improper Dih.          LJ-14
    5.28379e+03    2.55255e+04    2.86513e+03    1.25055e+03    1.98711e+03
     Coulomb-14        LJ (SR)  Disper. corr.   Coulomb (SR)   Coul. recip.
   -2.38354e+05   -2.57701e+03   -1.01724e+03   -1.98161e+05    8.49909e+02
      Potential    Kinetic En.   Total Energy  Conserved En.    Temperature
   -4.02347e+05    7.89191e+04   -3.23428e+05   -2.26617e+05    2.96632e+02
 Pres. DC (bar) Pressure (bar)   Constr. rmsd
   -3.11575e+01   -1.07972e+02    4.94105e-06

           Step           Time
         225000      450.00000

   Energies (kJ/mol)
           Bond            U-B    Proper Dih.  Improper Dih.          LJ-14
    5.30404e+03    2.57765e+04    2.77314e+03    1.21270e+03    1.88342e+03
     Coulomb-14        LJ (SR)  Disper. corr.   Coulomb (SR)   Coul. recip.
   -2.38100e+05   -2.91232e+03   -1.02932e+03   -1.97354e+05    8.14665e+02
      Potential    Kinetic En.   Total Energy  Conserved En.    Temperature
   -4.01631e+05    7.92342e+04   -3.22397e+05   -2.26384e+05    2.97816e+02
 Pres. DC (bar) Pressure (bar)   Constr. rmsd
   -3.19012e+01    2.01975e+01    4.94105e-06

           Step           Time
         230000      460.00000

   Energies (kJ/mol)
           Bond            U-B    Proper Dih.  Improper Dih.          LJ-14
    5.19667e+03    2.56760e+04    2.88929e+03    1.24511e+03    1.97239e+03
     Coulomb-14        LJ (SR)  Disper. corr.   Coulomb (SR)   Coul. recip.
   -2.37907e+05   -2.59245e+03   -1.03840e+03   -1.98301e+05    8.89383e+02
      Potential    Kinetic En.   Total Energy  Conserved En.    Temperature
   -4.01971e+05    7.90027e+04   -3.22968e+05   -2.26140e+05    2.96946e+02
 Pres. DC (bar) Pressure (bar)   Constr. rmsd
   -3.24660e+01   -9.03479e+01    4.94105e-06

           Step           Time
         235000      470.00000

   Energies (kJ/mol)
           Bond            U-B    Proper Dih.  Improper Dih.          LJ-14
    5.29643e+03    2.60084e+04    3.00037e+03    1.19313e+03    1.92039e+03
     Coulomb-14        LJ (SR)  Disper. corr.   Coulomb (SR)   Coul. recip.
   -2.37702e+05   -1.51400e+03   -1.04546e+03   -1.99034e+05    8.58948e+02
      Potential    Kinetic En.   Total Energy  Conserved En.    Temperature
   -4.01017e+05    7.89161e+04   -3.22101e+05   -2.25887e+05    2.96621e+02
 Pres. DC (bar) Pressure (bar)   Constr. rmsd
   -3.29085e+01   -1.24088e+02    4.94105e-06

           Step           Time
         240000      480.00000

   Energies (kJ/mol)
           Bond            U-B    Proper Dih.  Improper Dih.          LJ-14
    5.43167e+03    2.58980e+04    2.93304e+03    1.24883e+03    2.04357e+03
     Coulomb-14        LJ (SR)  Disper. corr.   Coulomb (SR)   Coul. recip.
   -2.37689e+05   -2.22772e+03   -1.05626e+03   -1.98914e+05    8.57984e+02
      Potential    Kinetic En.   Total Energy  Conserved En.    Temperature
   -4.01473e+05    7.93335e+04   -3.22140e+05   -2.25663e+05    2.98190e+02
 Pres. DC (bar) Pressure (bar)   Constr. rmsd
   -3.35916e+01    1.41856e+00    4.94105e-06

           Step           Time
         245000      490.00000

   Energies (kJ/mol)
           Bond            U-B    Proper Dih.  Improper Dih.          LJ-14
    5.35218e+03    2.59537e+04    2.94830e+03    1.25497e+03    1.91008e+03
     Coulomb-14        LJ (SR)  Disper. corr.   Coulomb (SR)   Coul. recip.
   -2.37857e+05   -2.02673e+03   -1.06568e+03   -1.99883e+05    8.17263e+02
      Potential    Kinetic En.   Total Energy  Conserved En.    Temperature
   -4.02596e+05    7.93915e+04   -3.23204e+05   -2.25415e+05    2.98408e+02
 Pres. DC (bar) Pressure (bar)   Constr. rmsd
   -3.41931e+01   -2.91400e+01    4.94105e-06

           Step           Time
         250000      500.00000

Writing checkpoint, step 250000 at Thu Jul 10 23:54:43 2025


   Energies (kJ/mol)
           Bond            U-B    Proper Dih.  Improper Dih.          LJ-14
    5.21561e+03    2.55977e+04    2.84758e+03    1.20073e+03    2.00487e+03
     Coulomb-14        LJ (SR)  Disper. corr.   Coulomb (SR)   Coul. recip.
   -2.38249e+05   -1.78914e+03   -1.07564e+03   -1.99186e+05    9.11634e+02
      Potential    Kinetic En.   Total Energy  Conserved En.    Temperature
   -4.02522e+05    7.89026e+04   -3.23620e+05   -2.25181e+05    2.96570e+02
 Pres. DC (bar) Pressure (bar)   Constr. rmsd
   -3.48344e+01    1.51233e+02    4.94105e-06


Energy conservation over simulation part #1 of length 500 ns, time 0 to 500 ns
  Conserved energy drift: 9.65e-04 kJ/mol/ps per atom


	<======  ###############  ==>
	<====  A V E R A G E S  ====>
	<==  ###############  ======>

	Statistics over 250001 steps using 2501 frames

   Energies (kJ/mol)
           Bond            U-B    Proper Dih.  Improper Dih.          LJ-14
    5.04018e+03    2.54043e+04    2.95025e+03    1.20503e+03    1.95596e+03
     Coulomb-14        LJ (SR)  Disper. corr.   Coulomb (SR)   Coul. recip.
   -2.37688e+05   -8.58893e+02   -8.60477e+02   -1.95923e+05    9.77621e+02
      Potential    Kinetic En.   Total Energy  Conserved En.    Temperature
   -3.97796e+05    7.92976e+04   -3.18498e+05   -2.31087e+05    2.98055e+02
 Pres. DC (bar) Pressure (bar)   Constr. rmsd
   -2.27080e+01   -4.43548e+01    0.00000e+00

          Box-X          Box-Y          Box-Z
    5.45500e+00    5.45500e+00    2.18200e+01

   Total Virial (kJ/mol)
    2.74776e+04   -3.37266e+01    2.14041e+01
   -3.37276e+01    2.74564e+04   -5.51534e+01
    2.14066e+01   -5.51526e+01    2.70779e+04

   Pressure (bar)
   -5.17855e+01    1.56990e+00   -1.78445e+00
    1.56995e+00   -5.19360e+01    3.34662e+00
   -1.78456e+00    3.34658e+00   -2.93430e+01


       P P   -   P M E   L O A D   B A L A N C I N G

 PP/PME load balancing changed the cut-off and PME settings:
           particle-particle                    PME
            rcoulomb  rlist            grid      spacing   1/beta
   initial  1.400 nm  1.414 nm      52  52 200   0.120 nm  0.448 nm
   final    1.667 nm  1.681 nm      42  42 168   0.143 nm  0.534 nm
 cost-ratio           1.68             0.55
 (note that these numbers concern only part of the total PP and PME load)


	M E G A - F L O P S   A C C O U N T I N G

 NB=Group-cutoff nonbonded kernels    NxN=N-by-N cluster Verlet kernels
 RF=Reaction-Field  VdW=Van der Waals  QSTab=quadratic-spline table
 W3=SPC/TIP3p  W4=TIP4p (single or pairs)
 V&F=Potential and force  V=Potential only  F=Force only

 Computing:                               M-Number         M-Flops  % Flops
-----------------------------------------------------------------------------
 Pair Search distance check           15407.778448      138670.006     0.0
 NxN Ewald Elec. + LJ [F]          14185835.592192   936265149.085    98.1
 NxN Ewald Elec. + LJ [V&F]          143352.452608    15338712.429     1.6
 1,4 nonbonded interactions            5000.020000      450001.800     0.0
 Shift-X                                 72.529000         435.174     0.0
 Bonds                                 1250.005000       73750.295     0.0
 Propers                               3000.012000      687002.748     0.1
 Impropers                              250.001000       52000.208     0.0
 Virial                                 726.154045       13070.773     0.0
 Stop-CM                                 72.558000         725.580     0.0
 P-Coupling                             725.029000        4350.174     0.0
 Calc-Ekin                             1450.058000       39151.566     0.0
 Lincs                                    0.016000           0.960     0.0
 Lincs-Mat                                0.168000           0.672     0.0
 Constraint-V                             0.031000           0.279     0.0
 Settle                                   0.010000           3.700     0.0
 Urey-Bradley                          5500.022000     1006504.026     0.1
-----------------------------------------------------------------------------
 Total                                               954069529.475   100.0
-----------------------------------------------------------------------------


     R E A L   C Y C L E   A N D   T I M E   A C C O U N T I N G

On 1 MPI rank, each using 10 OpenMP threads

 Computing:          Num   Num      Call    Wall time         Giga-Cycles
                     Ranks Threads  Count      (s)         total sum    %
-----------------------------------------------------------------------------
 Neighbor search        1   10       2501      10.779        280.248   6.6
 Launch GPU ops.        1   10     497501      22.587        587.267  13.8
 Force                  1   10     250001      50.450       1311.708  30.9
 Wait PME GPU gather    1   10     250001       0.056          1.457   0.0
 Reduce GPU PME F       1   10     250001       0.580         15.067   0.4
 Wait GPU NB local      1   10     225000       0.129          3.341   0.1
 Wait GPU state copy    1   10     312504      55.497       1442.925  34.0
 NB X/F buffer ops.     1   10      25001       2.276         59.167   1.4
 Write traj.            1   10         53       2.851         74.131   1.7
 Constraints            1   10          2       0.024          0.617   0.0
 Rest                                          18.152        471.968  11.1
-----------------------------------------------------------------------------
 Total                                        163.379       4247.896 100.0
-----------------------------------------------------------------------------

               Core t (s)   Wall t (s)        (%)
       Time:     1633.783      163.379     1000.0
                 (ns/day)    (hour/ns)
Performance:      264.417        0.091
Finished mdrun on rank 0 Thu Jul 10 23:54:44 2025

