                      :-) GROMACS - gmx mdrun, 2021.5 (-:

                            GROMACS is written by:
     Andrey Alekseenko              Emile Apol              Rossen Apostolov     
         Paul Bauer           Herman J.C. Berendsen           Par Bjelkmar       
       Christian Blau           Viacheslav Bolnykh             Kevin Boyd        
     Aldert van Buuren           Rudi van Drunen             Anton Feenstra      
    Gilles Gouaillardet             Alan Gray               Gerrit Groenhof      
       Anca Hamuraru            Vincent Hindriksen          M. Eric Irrgang      
      Aleksei Iupinov           Christoph Junghans             Joe Jordan        
    Dimitrios Karkoulis            Peter Kasson                Jiri Kraus        
      Carsten Kutzner              Per Larsson              Justin A. Lemkul     
       Viveca Lindahl            Magnus Lundborg             Erik Marklund       
        Pascal Merz             Pieter Meulenhoff            Teemu Murtola       
        Szilard Pall               Sander Pronk              Roland Schulz       
       Michael Shirts            Alexey Shvetsov             Alfons Sijbers      
       Peter Tieleman              Jon Vincent              Teemu Virolainen     
     Christian Wennberg            Maarten Wolf              Artem Zhmurov       
                           and the project leaders:
        Mark Abraham, Berk Hess, Erik Lindahl, and David van der Spoel

Copyright (c) 1991-2000, University of Groningen, The Netherlands.
Copyright (c) 2001-2019, The GROMACS development team at
Uppsala University, Stockholm University and
the Royal Institute of Technology, Sweden.
check out http://www.gromacs.org for more information.

GROMACS is free software; you can redistribute it and/or modify it
under the terms of the GNU Lesser General Public License
as published by the Free Software Foundation; either version 2.1
of the License, or (at your option) any later version.

GROMACS:      gmx mdrun, version 2021.5
Executable:   /usr/local/gromacs_2021.5/bin/gmx
Data prefix:  /usr/local/gromacs_2021.5
Working dir:  /srv/home/apbal/work/REU/mixtures/monomers/15pHBA/halo
Process ID:   449167
Command line:
  gmx mdrun -v -deffnm npt_pr -ntomp 10 -nb gpu -bonded cpu -update gpu -ntmpi 1 -cpt 1

GROMACS version:    2021.5
Precision:          mixed
Memory model:       64 bit
MPI library:        thread_mpi
OpenMP support:     enabled (GMX_OPENMP_MAX_THREADS = 256)
GPU support:        CUDA
SIMD instructions:  AVX2_256
FFT library:        fftw-3.3.8-sse2-avx-avx2-avx2_128
RDTSCP usage:       enabled
TNG support:        enabled
Hwloc support:      disabled
Tracing support:    disabled
C compiler:         /usr/bin/cc GNU 9.4.0
C compiler flags:   -mavx2 -mfma -Wno-missing-field-initializers -fexcess-precision=fast -funroll-all-loops -pthread -O3 -DNDEBUG
C++ compiler:       /usr/bin/c++ GNU 9.4.0
C++ compiler flags: -mavx2 -mfma -Wno-missing-field-initializers -fexcess-precision=fast -funroll-all-loops -pthread -fopenmp -O3 -DNDEBUG
CUDA compiler:      /usr/local/cuda-12.2/bin/nvcc nvcc: NVIDIA (R) Cuda compiler driver;Copyright (c) 2005-2023 NVIDIA Corporation;Built on Tue_Aug_15_22:02:13_PDT_2023;Cuda compilation tools, release 12.2, V12.2.140;Build cuda_12.2.r12.2/compiler.33191640_0
CUDA compiler flags:-std=c++17;-gencode;arch=compute_60,code=sm_60;-gencode;arch=compute_61,code=sm_61;-gencode;arch=compute_62,code=sm_62;-gencode;arch=compute_70,code=sm_70;-gencode;arch=compute_75,code=sm_75;-gencode;arch=compute_80,code=sm_80;-gencode;arch=compute_86,code=sm_86;-gencode;arch=compute_89,code=sm_89;-gencode;arch=compute_60,code=compute_60;-gencode;arch=compute_61,code=compute_61;-gencode;arch=compute_62,code=compute_62;-gencode;arch=compute_70,code=compute_70;-gencode;arch=compute_75,code=compute_75;-gencode;arch=compute_80,code=compute_80;-gencode;arch=compute_86,code=compute_86;-gencode;arch=compute_89,code=compute_89;-use_fast_math;-D_FORCE_INLINES;-mavx2 -mfma -Wno-missing-field-initializers -fexcess-precision=fast -funroll-all-loops -pthread -fopenmp -O3 -DNDEBUG
CUDA driver:        12.90
CUDA runtime:       12.20


Running on 1 node with total 128 cores, 128 logical cores, 1 compatible GPU
Hardware detected:
  CPU info:
    Vendor: AMD
    Brand:  AMD EPYC 7513 32-Core Processor                
    Family: 25   Model: 1   Stepping: 1
    Features: aes amd apic avx avx2 clfsh cmov cx8 cx16 f16c fma htt lahf misalignsse mmx msr nonstop_tsc pcid pclmuldq pdpe1gb popcnt pse rdrnd rdtscp sha sse2 sse3 sse4a sse4.1 sse4.2 ssse3
  Hardware topology: Only logical processor count
  GPU info:
    Number of GPUs detected: 1
    #0: NVIDIA NVIDIA RTX A4500, compute cap.: 8.6, ECC:  no, stat: compatible


++++ PLEASE READ AND CITE THE FOLLOWING REFERENCE ++++
M. J. Abraham, T. Murtola, R. Schulz, S. Páll, J. C. Smith, B. Hess, E.
Lindahl
GROMACS: High performance molecular simulations through multi-level
parallelism from laptops to supercomputers
SoftwareX 1 (2015) pp. 19-25
-------- -------- --- Thank You --- -------- --------


++++ PLEASE READ AND CITE THE FOLLOWING REFERENCE ++++
S. Páll, M. J. Abraham, C. Kutzner, B. Hess, E. Lindahl
Tackling Exascale Software Challenges in Molecular Dynamics Simulations with
GROMACS
In S. Markidis & E. Laure (Eds.), Solving Software Challenges for Exascale 8759 (2015) pp. 3-27
-------- -------- --- Thank You --- -------- --------


++++ PLEASE READ AND CITE THE FOLLOWING REFERENCE ++++
S. Pronk, S. Páll, R. Schulz, P. Larsson, P. Bjelkmar, R. Apostolov, M. R.
Shirts, J. C. Smith, P. M. Kasson, D. van der Spoel, B. Hess, and E. Lindahl
GROMACS 4.5: a high-throughput and highly parallel open source molecular
simulation toolkit
Bioinformatics 29 (2013) pp. 845-54
-------- -------- --- Thank You --- -------- --------


++++ PLEASE READ AND CITE THE FOLLOWING REFERENCE ++++
B. Hess and C. Kutzner and D. van der Spoel and E. Lindahl
GROMACS 4: Algorithms for highly efficient, load-balanced, and scalable
molecular simulation
J. Chem. Theory Comput. 4 (2008) pp. 435-447
-------- -------- --- Thank You --- -------- --------


++++ PLEASE READ AND CITE THE FOLLOWING REFERENCE ++++
D. van der Spoel, E. Lindahl, B. Hess, G. Groenhof, A. E. Mark and H. J. C.
Berendsen
GROMACS: Fast, Flexible and Free
J. Comp. Chem. 26 (2005) pp. 1701-1719
-------- -------- --- Thank You --- -------- --------


++++ PLEASE READ AND CITE THE FOLLOWING REFERENCE ++++
E. Lindahl and B. Hess and D. van der Spoel
GROMACS 3.0: A package for molecular simulation and trajectory analysis
J. Mol. Mod. 7 (2001) pp. 306-317
-------- -------- --- Thank You --- -------- --------


++++ PLEASE READ AND CITE THE FOLLOWING REFERENCE ++++
H. J. C. Berendsen, D. van der Spoel and R. van Drunen
GROMACS: A message-passing parallel molecular dynamics implementation
Comp. Phys. Comm. 91 (1995) pp. 43-56
-------- -------- --- Thank You --- -------- --------


++++ PLEASE CITE THE DOI FOR THIS VERSION OF GROMACS ++++
https://doi.org/10.5281/zenodo.5850051
-------- -------- --- Thank You --- -------- --------

Input Parameters:
   integrator                     = md
   tinit                          = 0
   dt                             = 0.002
   nsteps                         = 500000
   init-step                      = 0
   simulation-part                = 1
   mts                            = false
   comm-mode                      = Linear
   nstcomm                        = 100
   bd-fric                        = 0
   ld-seed                        = 2095578111
   emtol                          = 10
   emstep                         = 0.01
   niter                          = 20
   fcstep                         = 0
   nstcgsteep                     = 1000
   nbfgscorr                      = 10
   rtpi                           = 0.05
   nstxout                        = 50000
   nstvout                        = 50000
   nstfout                        = 0
   nstlog                         = 50000
   nstcalcenergy                  = 100
   nstenergy                      = 50000
   nstxout-compressed             = 50000
   compressed-x-precision         = 1000
   cutoff-scheme                  = Verlet
   nstlist                        = 10
   pbc                            = xyz
   periodic-molecules             = false
   verlet-buffer-tolerance        = 0.005
   rlist                          = 1.4
   coulombtype                    = PME
   coulomb-modifier               = Potential-shift
   rcoulomb-switch                = 0
   rcoulomb                       = 1.4
   epsilon-r                      = 1
   epsilon-rf                     = inf
   vdw-type                       = Cut-off
   vdw-modifier                   = Potential-shift
   rvdw-switch                    = 0
   rvdw                           = 1.4
   DispCorr                       = EnerPres
   table-extension                = 1
   fourierspacing                 = 0.12
   fourier-nx                     = 42
   fourier-ny                     = 42
   fourier-nz                     = 168
   pme-order                      = 4
   ewald-rtol                     = 1e-05
   ewald-rtol-lj                  = 0.001
   lj-pme-comb-rule               = Geometric
   ewald-geometry                 = 0
   epsilon-surface                = 0
   tcoupl                         = V-rescale
   nsttcouple                     = 10
   nh-chain-length                = 0
   print-nose-hoover-chain-variables = false
   pcoupl                         = Parrinello-Rahman
   pcoupltype                     = Isotropic
   nstpcouple                     = 10
   tau-p                          = 2
   compressibility (3x3):
      compressibility[    0]={ 4.50000e-05,  0.00000e+00,  0.00000e+00}
      compressibility[    1]={ 0.00000e+00,  4.50000e-05,  0.00000e+00}
      compressibility[    2]={ 0.00000e+00,  0.00000e+00,  4.50000e-05}
   ref-p (3x3):
      ref-p[    0]={ 1.00000e+00,  0.00000e+00,  0.00000e+00}
      ref-p[    1]={ 0.00000e+00,  1.00000e+00,  0.00000e+00}
      ref-p[    2]={ 0.00000e+00,  0.00000e+00,  1.00000e+00}
   refcoord-scaling               = No
   posres-com (3):
      posres-com[0]= 0.00000e+00
      posres-com[1]= 0.00000e+00
      posres-com[2]= 0.00000e+00
   posres-comB (3):
      posres-comB[0]= 0.00000e+00
      posres-comB[1]= 0.00000e+00
      posres-comB[2]= 0.00000e+00
   QMMM                           = false
qm-opts:
   ngQM                           = 0
   constraint-algorithm           = Lincs
   continuation                   = false
   Shake-SOR                      = false
   shake-tol                      = 0.0001
   lincs-order                    = 4
   lincs-iter                     = 1
   lincs-warnangle                = 30
   nwall                          = 0
   wall-type                      = 9-3
   wall-r-linpot                  = -1
   wall-atomtype[0]               = -1
   wall-atomtype[1]               = -1
   wall-density[0]                = 0
   wall-density[1]                = 0
   wall-ewald-zfac                = 3
   pull                           = false
   awh                            = false
   rotation                       = false
   interactiveMD                  = false
   disre                          = No
   disre-weighting                = Conservative
   disre-mixed                    = false
   dr-fc                          = 1000
   dr-tau                         = 0
   nstdisreout                    = 100
   orire-fc                       = 0
   orire-tau                      = 0
   nstorireout                    = 100
   free-energy                    = no
   cos-acceleration               = 0
   deform (3x3):
      deform[    0]={ 0.00000e+00,  0.00000e+00,  0.00000e+00}
      deform[    1]={ 0.00000e+00,  0.00000e+00,  0.00000e+00}
      deform[    2]={ 0.00000e+00,  0.00000e+00,  0.00000e+00}
   simulated-tempering            = false
   swapcoords                     = no
   userint1                       = 0
   userint2                       = 0
   userint3                       = 0
   userint4                       = 0
   userreal1                      = 0
   userreal2                      = 0
   userreal3                      = 0
   userreal4                      = 0
   applied-forces:
     electric-field:
       x:
         E0                       = 0
         omega                    = 0
         t0                       = 0
         sigma                    = 0
       y:
         E0                       = 0
         omega                    = 0
         t0                       = 0
         sigma                    = 0
       z:
         E0                       = 0
         omega                    = 0
         t0                       = 0
         sigma                    = 0
     density-guided-simulation:
       active                     = false
       group                      = protein
       similarity-measure         = inner-product
       atom-spreading-weight      = unity
       force-constant             = 1e+09
       gaussian-transform-spreading-width = 0.2
       gaussian-transform-spreading-range-in-multiples-of-width = 4
       reference-density-filename = reference.mrc
       nst                        = 1
       normalize-densities        = true
       adaptive-force-scaling     = false
       adaptive-force-scaling-time-constant = 4
       shift-vector               = 
       transformation-matrix      = 
grpopts:
   nrdf:      104711
   ref-t:         298
   tau-t:         0.1
annealing:          No
annealing-npoints:           0
   acc:	           0           0           0
   nfreeze:           N           N           N
   energygrp-flags[  0]: 0

Changing nstlist from 10 to 100, rlist from 1.4 to 1.432

1 GPU selected for this run.
Mapping of GPU IDs to the 2 GPU tasks in the 1 rank on this node:
  PP:0,PME:0
PP tasks will do (non-perturbed) short-ranged interactions on the GPU
PP task will update and constrain coordinates on the GPU
PME tasks will do all aspects on the GPU
Using 1 MPI thread

Non-default thread affinity set, disabling internal thread affinity

Using 10 OpenMP threads 

System total charge: 0.000
Will do PME sum in reciprocal space for electrostatic interactions.

++++ PLEASE READ AND CITE THE FOLLOWING REFERENCE ++++
U. Essmann, L. Perera, M. L. Berkowitz, T. Darden, H. Lee and L. G. Pedersen 
A smooth particle mesh Ewald method
J. Chem. Phys. 103 (1995) pp. 8577-8592
-------- -------- --- Thank You --- -------- --------

Using a Gaussian width (1/beta) of 0.448228 nm for Ewald
Potential shift: LJ r^-12: -1.764e-02 r^-6: -1.328e-01, Ewald -7.143e-06
Initialized non-bonded Ewald tables, spacing: 1.10e-03 size: 1270

Generated table with 1216 data points for 1-4 COUL.
Tabscale = 500 points/nm
Generated table with 1216 data points for 1-4 LJ6.
Tabscale = 500 points/nm
Generated table with 1216 data points for 1-4 LJ12.
Tabscale = 500 points/nm
Long Range LJ corr.: <C6> 4.4642e-04


Using GPU 8x8 nonbonded short-range kernels

Using a dual 8x8 pair-list setup updated with dynamic, rolling pruning:
  outer list: updated every 100 steps, buffer 0.032 nm, rlist 1.432 nm
  inner list: updated every  54 steps, buffer 0.001 nm, rlist 1.401 nm
At tolerance 0.005 kJ/mol/ps per atom, equivalent classical 1x1 list would be:
  outer list: updated every 100 steps, buffer 0.208 nm, rlist 1.608 nm
  inner list: updated every  54 steps, buffer 0.152 nm, rlist 1.552 nm

Using Lorentz-Berthelot Lennard-Jones combination rule
Removing pbc first time

Initializing LINear Constraint Solver

++++ PLEASE READ AND CITE THE FOLLOWING REFERENCE ++++
B. Hess and H. Bekker and H. J. C. Berendsen and J. G. E. M. Fraaije
LINCS: A Linear Constraint Solver for molecular simulations
J. Comp. Chem. 18 (1997) pp. 1463-1472
-------- -------- --- Thank You --- -------- --------

The number of constraints is 10273

++++ PLEASE READ AND CITE THE FOLLOWING REFERENCE ++++
S. Miyamoto and P. A. Kollman
SETTLE: An Analytical Version of the SHAKE and RATTLE Algorithms for Rigid
Water Models
J. Comp. Chem. 13 (1992) pp. 952-962
-------- -------- --- Thank You --- -------- --------


++++ PLEASE READ AND CITE THE FOLLOWING REFERENCE ++++
G. Bussi, D. Donadio and M. Parrinello
Canonical sampling through velocity rescaling
J. Chem. Phys. 126 (2007) pp. 014101
-------- -------- --- Thank You --- -------- --------

There are: 43130 Atoms

Updating coordinates and applying constraints on the GPU.

Constraining the starting coordinates (step 0)

Constraining the coordinates at t0-dt (step 0)
Center of mass motion removal mode is Linear
We have the following groups for center of mass motion removal:
  0:  rest
RMS relative constraint deviation after constraining: 3.99e-06
Initial temperature: 300.013 K

Started mdrun on rank 0 Fri Jul  4 12:41:48 2025

           Step           Time
              0        0.00000

   Energies (kJ/mol)
           Bond          Angle            U-B    Proper Dih.  Improper Dih.
    1.71388e+04    1.69462e+04    2.30281e+04    3.49526e+02    2.06178e+01
          LJ-14     Coulomb-14        LJ (SR)  Disper. corr.   Coulomb (SR)
   -1.27034e+03   -1.35163e+05   -6.61488e+04   -2.74247e+03   -2.70630e+05
   Coul. recip.      Potential    Kinetic En.   Total Energy  Conserved En.
    1.68272e+03   -4.16789e+05    1.36080e+05   -2.80709e+05   -2.80681e+05
    Temperature Pres. DC (bar) Pressure (bar)   Constr. rmsd
    3.12607e+02   -9.86114e+01    1.32098e+02    3.98637e-06

step 7700: timed with pme grid 42 42 168, coulomb cutoff 1.400: 155.3 M-cycles
step 7900: timed with pme grid 36 36 144, coulomb cutoff 1.578: 195.8 M-cycles
step 8100: timed with pme grid 40 40 160, coulomb cutoff 1.420: 164.2 M-cycles
step 8300: timed with pme grid 42 42 168, coulomb cutoff 1.400: 159.4 M-cycles
              optimal pme grid 42 42 168, coulomb cutoff 1.400
           Step           Time
          50000      100.00000

   Energies (kJ/mol)
           Bond          Angle            U-B    Proper Dih.  Improper Dih.
    1.67940e+04    1.70816e+04    2.23468e+04    3.81551e+02    1.13112e+01
          LJ-14     Coulomb-14        LJ (SR)  Disper. corr.   Coulomb (SR)
   -1.24121e+03   -1.35242e+05   -6.81337e+04   -2.76036e+03   -2.68993e+05
   Coul. recip.      Potential    Kinetic En.   Total Energy  Conserved En.
    1.65987e+03   -4.18096e+05    1.30151e+05   -2.87945e+05   -2.77984e+05
    Temperature Pres. DC (bar) Pressure (bar)   Constr. rmsd
    2.98987e+02   -9.99018e+01    4.67309e+02    3.98637e-06

Writing checkpoint, step 91100 at Fri Jul  4 12:42:48 2025


           Step           Time
         100000      200.00000

   Energies (kJ/mol)
           Bond          Angle            U-B    Proper Dih.  Improper Dih.
    1.70799e+04    1.67809e+04    2.23158e+04    3.85644e+02    1.65098e+01
          LJ-14     Coulomb-14        LJ (SR)  Disper. corr.   Coulomb (SR)
   -1.25820e+03   -1.35118e+05   -6.64259e+04   -2.74469e+03   -2.69859e+05
   Coul. recip.      Potential    Kinetic En.   Total Energy  Conserved En.
    1.60168e+03   -4.17225e+05    1.29699e+05   -2.87526e+05   -2.75268e+05
    Temperature Pres. DC (bar) Pressure (bar)   Constr. rmsd
    2.97947e+02   -9.87712e+01    6.46590e+01    3.98637e-06

           Step           Time
         150000      300.00000

   Energies (kJ/mol)
           Bond          Angle            U-B    Proper Dih.  Improper Dih.
    1.66115e+04    1.69142e+04    2.24836e+04    4.06051e+02    1.23826e+01
          LJ-14     Coulomb-14        LJ (SR)  Disper. corr.   Coulomb (SR)
   -1.24389e+03   -1.35174e+05   -6.70659e+04   -2.76214e+03   -2.68731e+05
   Coul. recip.      Potential    Kinetic En.   Total Energy  Conserved En.
    1.72581e+03   -4.16824e+05    1.30368e+05   -2.86456e+05   -2.73699e+05
    Temperature Pres. DC (bar) Pressure (bar)   Constr. rmsd
    2.99485e+02   -1.00031e+02    3.49783e+02    3.98637e-06

Writing checkpoint, step 191200 at Fri Jul  4 12:43:48 2025


           Step           Time
         200000      400.00000

   Energies (kJ/mol)
           Bond          Angle            U-B    Proper Dih.  Improper Dih.
    1.72245e+04    1.68986e+04    2.23088e+04    3.76713e+02    1.29256e+01
          LJ-14     Coulomb-14        LJ (SR)  Disper. corr.   Coulomb (SR)
   -1.27291e+03   -1.35187e+05   -6.80419e+04   -2.74330e+03   -2.68486e+05
   Coul. recip.      Potential    Kinetic En.   Total Energy  Conserved En.
    1.57917e+03   -4.17330e+05    1.29679e+05   -2.87651e+05   -2.71387e+05
    Temperature Pres. DC (bar) Pressure (bar)   Constr. rmsd
    2.97902e+02   -9.86710e+01   -2.52127e+00    3.98637e-06

           Step           Time
         250000      500.00000

   Energies (kJ/mol)
           Bond          Angle            U-B    Proper Dih.  Improper Dih.
    1.68658e+04    1.70166e+04    2.28368e+04    3.47450e+02    2.34330e+01
          LJ-14     Coulomb-14        LJ (SR)  Disper. corr.   Coulomb (SR)
   -1.28421e+03   -1.35182e+05   -6.60563e+04   -2.73135e+03   -2.69180e+05
   Coul. recip.      Potential    Kinetic En.   Total Energy  Conserved En.
    1.61912e+03   -4.15724e+05    1.30072e+05   -2.85652e+05   -2.69455e+05
    Temperature Pres. DC (bar) Pressure (bar)   Constr. rmsd
    2.98806e+02   -9.78135e+01    3.29610e+01    3.98637e-06

Writing checkpoint, step 291100 at Fri Jul  4 12:44:48 2025


           Step           Time
         300000      600.00000

   Energies (kJ/mol)
           Bond          Angle            U-B    Proper Dih.  Improper Dih.
    1.66673e+04    1.70604e+04    2.23963e+04    3.77352e+02    4.73550e+00
          LJ-14     Coulomb-14        LJ (SR)  Disper. corr.   Coulomb (SR)
   -1.26874e+03   -1.35159e+05   -6.74572e+04   -2.75327e+03   -2.70297e+05
   Coul. recip.      Potential    Kinetic En.   Total Energy  Conserved En.
    1.55952e+03   -4.18869e+05    1.29301e+05   -2.89568e+05   -2.68301e+05
    Temperature Pres. DC (bar) Pressure (bar)   Constr. rmsd
    2.97033e+02   -9.93890e+01   -1.17178e+02    3.98637e-06

           Step           Time
         350000      700.00000

   Energies (kJ/mol)
           Bond          Angle            U-B    Proper Dih.  Improper Dih.
    1.71200e+04    1.69671e+04    2.23734e+04    3.61403e+02    1.67004e+01
          LJ-14     Coulomb-14        LJ (SR)  Disper. corr.   Coulomb (SR)
   -1.24263e+03   -1.35142e+05   -6.70319e+04   -2.73419e+03   -2.69062e+05
   Coul. recip.      Potential    Kinetic En.   Total Energy  Conserved En.
    1.63462e+03   -4.16739e+05    1.28694e+05   -2.88045e+05   -2.67900e+05
    Temperature Pres. DC (bar) Pressure (bar)   Constr. rmsd
    2.95638e+02   -9.80168e+01   -6.80559e+01    3.98637e-06

Writing checkpoint, step 390600 at Fri Jul  4 12:45:48 2025


           Step           Time
         400000      800.00000

   Energies (kJ/mol)
           Bond          Angle            U-B    Proper Dih.  Improper Dih.
    1.67933e+04    1.74311e+04    2.25905e+04    3.78453e+02    1.46535e+01
          LJ-14     Coulomb-14        LJ (SR)  Disper. corr.   Coulomb (SR)
   -1.25956e+03   -1.35158e+05   -6.63408e+04   -2.72606e+03   -2.68427e+05
   Coul. recip.      Potential    Kinetic En.   Total Energy  Conserved En.
    1.68065e+03   -4.15023e+05    1.29593e+05   -2.85431e+05   -2.65551e+05
    Temperature Pres. DC (bar) Pressure (bar)   Constr. rmsd
    2.97704e+02   -9.74353e+01   -2.86981e+02    3.98637e-06

           Step           Time
         450000      900.00000

   Energies (kJ/mol)
           Bond          Angle            U-B    Proper Dih.  Improper Dih.
    1.66199e+04    1.72230e+04    2.26043e+04    4.10917e+02    7.56093e+00
          LJ-14     Coulomb-14        LJ (SR)  Disper. corr.   Coulomb (SR)
   -1.23436e+03   -1.35133e+05   -6.59326e+04   -2.74219e+03   -2.70956e+05
   Coul. recip.      Potential    Kinetic En.   Total Energy  Conserved En.
    1.65423e+03   -4.17478e+05    1.30399e+05   -2.87080e+05   -2.63294e+05
    Temperature Pres. DC (bar) Pressure (bar)   Constr. rmsd
    2.99555e+02   -9.85913e+01   -2.06852e+02    3.98637e-06

Writing checkpoint, step 487700 at Fri Jul  4 12:46:48 2025


           Step           Time
         500000     1000.00000

Writing checkpoint, step 500000 at Fri Jul  4 12:46:56 2025


   Energies (kJ/mol)
           Bond          Angle            U-B    Proper Dih.  Improper Dih.
    1.67093e+04    1.67599e+04    2.23173e+04    3.32361e+02    9.26580e+00
          LJ-14     Coulomb-14        LJ (SR)  Disper. corr.   Coulomb (SR)
   -1.24966e+03   -1.35162e+05   -6.65319e+04   -2.75034e+03   -2.69541e+05
   Coul. recip.      Potential    Kinetic En.   Total Energy  Conserved En.
    1.54345e+03   -4.17563e+05    1.29242e+05   -2.88321e+05   -2.61641e+05
    Temperature Pres. DC (bar) Pressure (bar)   Constr. rmsd
    2.96899e+02   -9.91782e+01    9.87489e+01    3.98637e-06


Energy conservation over simulation part #1 of length 1000 ns, time 0 to 1000 ns
  Conserved energy drift: 4.41e-04 kJ/mol/ps per atom


	<======  ###############  ==>
	<====  A V E R A G E S  ====>
	<==  ###############  ======>

	Statistics over 500001 steps using 5001 frames

   Energies (kJ/mol)
           Bond          Angle            U-B    Proper Dih.  Improper Dih.
    1.69419e+04    1.69756e+04    2.25545e+04    3.65324e+02    1.48270e+01
          LJ-14     Coulomb-14        LJ (SR)  Disper. corr.   Coulomb (SR)
   -1.25286e+03   -1.35176e+05   -6.67497e+04   -2.74439e+03   -2.69556e+05
   Coul. recip.      Potential    Kinetic En.   Total Energy  Conserved En.
    1.63647e+03   -4.16990e+05    1.29719e+05   -2.87271e+05   -2.70352e+05
    Temperature Pres. DC (bar) Pressure (bar)   Constr. rmsd
    2.97994e+02   -9.87529e+01    2.28574e+00    0.00000e+00

          Box-X          Box-Y          Box-Z
    4.86897e+00    4.86897e+00    1.94759e+01

   Total Virial (kJ/mol)
    4.31855e+04   -1.40136e+01    2.03734e+01
   -1.40153e+01    4.32315e+04    2.11655e+00
    2.03776e+01    2.11494e+00    4.32347e+04

   Pressure (bar)
    3.97672e+00    1.01065e+00   -1.67496e+00
    1.01077e+00    5.05751e-01    5.66368e-01
   -1.67525e+00    5.66483e-01    2.37476e+00


	M E G A - F L O P S   A C C O U N T I N G

 NB=Group-cutoff nonbonded kernels    NxN=N-by-N cluster Verlet kernels
 RF=Reaction-Field  VdW=Van der Waals  QSTab=quadratic-spline table
 W3=SPC/TIP3p  W4=TIP4p (single or pairs)
 V&F=Potential and force  V=Potential only  F=Force only

 Computing:                               M-Number         M-Flops  % Flops
-----------------------------------------------------------------------------
 Pair Search distance check           34097.303984      306875.736     0.0
 NxN Ewald Elec. + LJ [F]          30309930.490752  2000455412.390    98.2
 NxN Ewald Elec. + LJ [V&F]          306222.202752    32765775.694     1.6
 1,4 nonbonded interactions            3955.507911      355995.712     0.0
 Shift-X                                215.693130        1294.159     0.0
 Bonds                                 6627.513255      391023.282     0.0
 Angles                                8121.016242     1364330.729     0.1
 Propers                                262.500525       60112.620     0.0
 Impropers                                7.500015        1560.003     0.0
 Virial                                2158.793175       38858.277     0.0
 Stop-CM                                215.736260        2157.363     0.0
 Calc-Ekin                             4313.086260      116453.329     0.0
 Lincs                                    0.020546           1.233     0.0
 Lincs-Mat                                0.179424           0.718     0.0
 Constraint-V                             0.034949           0.315     0.0
 Settle                                   0.009602           3.553     0.0
 Urey-Bradley                          8894.517789     1627696.755     0.1
-----------------------------------------------------------------------------
 Total                                              2037487551.867   100.0
-----------------------------------------------------------------------------


     R E A L   C Y C L E   A N D   T I M E   A C C O U N T I N G

On 1 MPI rank, each using 10 OpenMP threads

 Computing:          Num   Num      Call    Wall time         Giga-Cycles
                     Ranks Threads  Count      (s)         total sum    %
-----------------------------------------------------------------------------
 Neighbor search        1   10       5001      25.604        665.709   8.3
 Launch GPU ops.        1   10     995001      59.888       1557.082  19.4
 Force                  1   10     500001      80.134       2083.481  26.0
 Wait PME GPU gather    1   10     500001       0.106          2.751   0.0
 Reduce GPU PME F       1   10     500001       1.000         25.993   0.3
 Wait GPU NB local      1   10     450000       0.290          7.546   0.1
 Wait GPU state copy    1   10     625004     115.642       3006.703  37.6
 NB X/F buffer ops.     1   10      50001       6.002        156.047   1.9
 Write traj.            1   10         16       2.975         77.339   1.0
 Constraints            1   10          2       0.024          0.623   0.0
 Rest                                          16.269        422.986   5.3
-----------------------------------------------------------------------------
 Total                                        307.933       8006.261 100.0
-----------------------------------------------------------------------------

               Core t (s)   Wall t (s)        (%)
       Time:     3079.309      307.933     1000.0
                 (ns/day)    (hour/ns)
Performance:      280.581        0.086
Finished mdrun on rank 0 Fri Jul  4 12:46:56 2025

