                      :-) GROMACS - gmx mdrun, 2021.5 (-:

                            GROMACS is written by:
     Andrey Alekseenko              Emile Apol              Rossen Apostolov     
         Paul Bauer           Herman J.C. Berendsen           Par Bjelkmar       
       Christian Blau           Viacheslav Bolnykh             Kevin Boyd        
     Aldert van Buuren           Rudi van Drunen             Anton Feenstra      
    Gilles Gouaillardet             Alan Gray               Gerrit Groenhof      
       Anca Hamuraru            Vincent Hindriksen          M. Eric Irrgang      
      Aleksei Iupinov           Christoph Junghans             Joe Jordan        
    Dimitrios Karkoulis            Peter Kasson                Jiri Kraus        
      Carsten Kutzner              Per Larsson              Justin A. Lemkul     
       Viveca Lindahl            Magnus Lundborg             Erik Marklund       
        Pascal Merz             Pieter Meulenhoff            Teemu Murtola       
        Szilard Pall               Sander Pronk              Roland Schulz       
       Michael Shirts            Alexey Shvetsov             Alfons Sijbers      
       Peter Tieleman              Jon Vincent              Teemu Virolainen     
     Christian Wennberg            Maarten Wolf              Artem Zhmurov       
                           and the project leaders:
        Mark Abraham, Berk Hess, Erik Lindahl, and David van der Spoel

Copyright (c) 1991-2000, University of Groningen, The Netherlands.
Copyright (c) 2001-2019, The GROMACS development team at
Uppsala University, Stockholm University and
the Royal Institute of Technology, Sweden.
check out http://www.gromacs.org for more information.

GROMACS is free software; you can redistribute it and/or modify it
under the terms of the GNU Lesser General Public License
as published by the Free Software Foundation; either version 2.1
of the License, or (at your option) any later version.

GROMACS:      gmx mdrun, version 2021.5
Executable:   /usr/local/gromacs_2021.5/bin/gmx
Data prefix:  /usr/local/gromacs_2021.5
Working dir:  /srv/home/apbal/work/REU/mixtures/pure_mix/5mix
Process ID:   396076
Command line:
  gmx mdrun -v -deffnm npt_pr -ntomp 10 -nb gpu -bonded cpu -update gpu -ntmpi 1 -cpt 1

GROMACS version:    2021.5
Precision:          mixed
Memory model:       64 bit
MPI library:        thread_mpi
OpenMP support:     enabled (GMX_OPENMP_MAX_THREADS = 256)
GPU support:        CUDA
SIMD instructions:  AVX2_256
FFT library:        fftw-3.3.8-sse2-avx-avx2-avx2_128
RDTSCP usage:       enabled
TNG support:        enabled
Hwloc support:      disabled
Tracing support:    disabled
C compiler:         /usr/bin/cc GNU 9.4.0
C compiler flags:   -mavx2 -mfma -Wno-missing-field-initializers -fexcess-precision=fast -funroll-all-loops -pthread -O3 -DNDEBUG
C++ compiler:       /usr/bin/c++ GNU 9.4.0
C++ compiler flags: -mavx2 -mfma -Wno-missing-field-initializers -fexcess-precision=fast -funroll-all-loops -pthread -fopenmp -O3 -DNDEBUG
CUDA compiler:      /usr/local/cuda-12.2/bin/nvcc nvcc: NVIDIA (R) Cuda compiler driver;Copyright (c) 2005-2023 NVIDIA Corporation;Built on Tue_Aug_15_22:02:13_PDT_2023;Cuda compilation tools, release 12.2, V12.2.140;Build cuda_12.2.r12.2/compiler.33191640_0
CUDA compiler flags:-std=c++17;-gencode;arch=compute_60,code=sm_60;-gencode;arch=compute_61,code=sm_61;-gencode;arch=compute_62,code=sm_62;-gencode;arch=compute_70,code=sm_70;-gencode;arch=compute_75,code=sm_75;-gencode;arch=compute_80,code=sm_80;-gencode;arch=compute_86,code=sm_86;-gencode;arch=compute_89,code=sm_89;-gencode;arch=compute_60,code=compute_60;-gencode;arch=compute_61,code=compute_61;-gencode;arch=compute_62,code=compute_62;-gencode;arch=compute_70,code=compute_70;-gencode;arch=compute_75,code=compute_75;-gencode;arch=compute_80,code=compute_80;-gencode;arch=compute_86,code=compute_86;-gencode;arch=compute_89,code=compute_89;-use_fast_math;-D_FORCE_INLINES;-mavx2 -mfma -Wno-missing-field-initializers -fexcess-precision=fast -funroll-all-loops -pthread -fopenmp -O3 -DNDEBUG
CUDA driver:        12.90
CUDA runtime:       12.20


Running on 1 node with total 128 cores, 128 logical cores, 1 compatible GPU
Hardware detected:
  CPU info:
    Vendor: AMD
    Brand:  AMD EPYC 7513 32-Core Processor                
    Family: 25   Model: 1   Stepping: 1
    Features: aes amd apic avx avx2 clfsh cmov cx8 cx16 f16c fma htt lahf misalignsse mmx msr nonstop_tsc pcid pclmuldq pdpe1gb popcnt pse rdrnd rdtscp sha sse2 sse3 sse4a sse4.1 sse4.2 ssse3
  Hardware topology: Only logical processor count
  GPU info:
    Number of GPUs detected: 1
    #0: NVIDIA NVIDIA RTX A4500, compute cap.: 8.6, ECC:  no, stat: compatible


++++ PLEASE READ AND CITE THE FOLLOWING REFERENCE ++++
M. J. Abraham, T. Murtola, R. Schulz, S. Páll, J. C. Smith, B. Hess, E.
Lindahl
GROMACS: High performance molecular simulations through multi-level
parallelism from laptops to supercomputers
SoftwareX 1 (2015) pp. 19-25
-------- -------- --- Thank You --- -------- --------


++++ PLEASE READ AND CITE THE FOLLOWING REFERENCE ++++
S. Páll, M. J. Abraham, C. Kutzner, B. Hess, E. Lindahl
Tackling Exascale Software Challenges in Molecular Dynamics Simulations with
GROMACS
In S. Markidis & E. Laure (Eds.), Solving Software Challenges for Exascale 8759 (2015) pp. 3-27
-------- -------- --- Thank You --- -------- --------


++++ PLEASE READ AND CITE THE FOLLOWING REFERENCE ++++
S. Pronk, S. Páll, R. Schulz, P. Larsson, P. Bjelkmar, R. Apostolov, M. R.
Shirts, J. C. Smith, P. M. Kasson, D. van der Spoel, B. Hess, and E. Lindahl
GROMACS 4.5: a high-throughput and highly parallel open source molecular
simulation toolkit
Bioinformatics 29 (2013) pp. 845-54
-------- -------- --- Thank You --- -------- --------


++++ PLEASE READ AND CITE THE FOLLOWING REFERENCE ++++
B. Hess and C. Kutzner and D. van der Spoel and E. Lindahl
GROMACS 4: Algorithms for highly efficient, load-balanced, and scalable
molecular simulation
J. Chem. Theory Comput. 4 (2008) pp. 435-447
-------- -------- --- Thank You --- -------- --------


++++ PLEASE READ AND CITE THE FOLLOWING REFERENCE ++++
D. van der Spoel, E. Lindahl, B. Hess, G. Groenhof, A. E. Mark and H. J. C.
Berendsen
GROMACS: Fast, Flexible and Free
J. Comp. Chem. 26 (2005) pp. 1701-1719
-------- -------- --- Thank You --- -------- --------


++++ PLEASE READ AND CITE THE FOLLOWING REFERENCE ++++
E. Lindahl and B. Hess and D. van der Spoel
GROMACS 3.0: A package for molecular simulation and trajectory analysis
J. Mol. Mod. 7 (2001) pp. 306-317
-------- -------- --- Thank You --- -------- --------


++++ PLEASE READ AND CITE THE FOLLOWING REFERENCE ++++
H. J. C. Berendsen, D. van der Spoel and R. van Drunen
GROMACS: A message-passing parallel molecular dynamics implementation
Comp. Phys. Comm. 91 (1995) pp. 43-56
-------- -------- --- Thank You --- -------- --------


++++ PLEASE CITE THE DOI FOR THIS VERSION OF GROMACS ++++
https://doi.org/10.5281/zenodo.5850051
-------- -------- --- Thank You --- -------- --------

Input Parameters:
   integrator                     = md
   tinit                          = 0
   dt                             = 0.002
   nsteps                         = 500000
   init-step                      = 0
   simulation-part                = 1
   mts                            = false
   comm-mode                      = Linear
   nstcomm                        = 100
   bd-fric                        = 0
   ld-seed                        = -272154985
   emtol                          = 10
   emstep                         = 0.01
   niter                          = 20
   fcstep                         = 0
   nstcgsteep                     = 1000
   nbfgscorr                      = 10
   rtpi                           = 0.05
   nstxout                        = 50000
   nstvout                        = 50000
   nstfout                        = 0
   nstlog                         = 50000
   nstcalcenergy                  = 100
   nstenergy                      = 50000
   nstxout-compressed             = 50000
   compressed-x-precision         = 1000
   cutoff-scheme                  = Verlet
   nstlist                        = 10
   pbc                            = xyz
   periodic-molecules             = false
   verlet-buffer-tolerance        = 0.005
   rlist                          = 1.4
   coulombtype                    = PME
   coulomb-modifier               = Potential-shift
   rcoulomb-switch                = 0
   rcoulomb                       = 1.4
   epsilon-r                      = 1
   epsilon-rf                     = inf
   vdw-type                       = Cut-off
   vdw-modifier                   = Potential-shift
   rvdw-switch                    = 0
   rvdw                           = 1.4
   DispCorr                       = EnerPres
   table-extension                = 1
   fourierspacing                 = 0.12
   fourier-nx                     = 40
   fourier-ny                     = 40
   fourier-nz                     = 160
   pme-order                      = 4
   ewald-rtol                     = 1e-05
   ewald-rtol-lj                  = 0.001
   lj-pme-comb-rule               = Geometric
   ewald-geometry                 = 0
   epsilon-surface                = 0
   tcoupl                         = V-rescale
   nsttcouple                     = 10
   nh-chain-length                = 0
   print-nose-hoover-chain-variables = false
   pcoupl                         = Parrinello-Rahman
   pcoupltype                     = Isotropic
   nstpcouple                     = 10
   tau-p                          = 2
   compressibility (3x3):
      compressibility[    0]={ 4.50000e-05,  0.00000e+00,  0.00000e+00}
      compressibility[    1]={ 0.00000e+00,  4.50000e-05,  0.00000e+00}
      compressibility[    2]={ 0.00000e+00,  0.00000e+00,  4.50000e-05}
   ref-p (3x3):
      ref-p[    0]={ 1.00000e+00,  0.00000e+00,  0.00000e+00}
      ref-p[    1]={ 0.00000e+00,  1.00000e+00,  0.00000e+00}
      ref-p[    2]={ 0.00000e+00,  0.00000e+00,  1.00000e+00}
   refcoord-scaling               = No
   posres-com (3):
      posres-com[0]= 0.00000e+00
      posres-com[1]= 0.00000e+00
      posres-com[2]= 0.00000e+00
   posres-comB (3):
      posres-comB[0]= 0.00000e+00
      posres-comB[1]= 0.00000e+00
      posres-comB[2]= 0.00000e+00
   QMMM                           = false
qm-opts:
   ngQM                           = 0
   constraint-algorithm           = Lincs
   continuation                   = false
   Shake-SOR                      = false
   shake-tol                      = 0.0001
   lincs-order                    = 4
   lincs-iter                     = 1
   lincs-warnangle                = 30
   nwall                          = 0
   wall-type                      = 9-3
   wall-r-linpot                  = -1
   wall-atomtype[0]               = -1
   wall-atomtype[1]               = -1
   wall-density[0]                = 0
   wall-density[1]                = 0
   wall-ewald-zfac                = 3
   pull                           = false
   awh                            = false
   rotation                       = false
   interactiveMD                  = false
   disre                          = No
   disre-weighting                = Conservative
   disre-mixed                    = false
   dr-fc                          = 1000
   dr-tau                         = 0
   nstdisreout                    = 100
   orire-fc                       = 0
   orire-tau                      = 0
   nstorireout                    = 100
   free-energy                    = no
   cos-acceleration               = 0
   deform (3x3):
      deform[    0]={ 0.00000e+00,  0.00000e+00,  0.00000e+00}
      deform[    1]={ 0.00000e+00,  0.00000e+00,  0.00000e+00}
      deform[    2]={ 0.00000e+00,  0.00000e+00,  0.00000e+00}
   simulated-tempering            = false
   swapcoords                     = no
   userint1                       = 0
   userint2                       = 0
   userint3                       = 0
   userint4                       = 0
   userreal1                      = 0
   userreal2                      = 0
   userreal3                      = 0
   userreal4                      = 0
   applied-forces:
     electric-field:
       x:
         E0                       = 0
         omega                    = 0
         t0                       = 0
         sigma                    = 0
       y:
         E0                       = 0
         omega                    = 0
         t0                       = 0
         sigma                    = 0
       z:
         E0                       = 0
         omega                    = 0
         t0                       = 0
         sigma                    = 0
     density-guided-simulation:
       active                     = false
       group                      = protein
       similarity-measure         = inner-product
       atom-spreading-weight      = unity
       force-constant             = 1e+09
       gaussian-transform-spreading-width = 0.2
       gaussian-transform-spreading-range-in-multiples-of-width = 4
       reference-density-filename = reference.mrc
       nst                        = 1
       normalize-densities        = true
       adaptive-force-scaling     = false
       adaptive-force-scaling-time-constant = 4
       shift-vector               = 
       transformation-matrix      = 
grpopts:
   nrdf:       80166
   ref-t:         298
   tau-t:         0.1
annealing:          No
annealing-npoints:           0
   acc:	           0           0           0
   nfreeze:           N           N           N
   energygrp-flags[  0]: 0

Changing nstlist from 10 to 100, rlist from 1.4 to 1.512

1 GPU selected for this run.
Mapping of GPU IDs to the 2 GPU tasks in the 1 rank on this node:
  PP:0,PME:0
PP tasks will do (non-perturbed) short-ranged interactions on the GPU
PP task will update and constrain coordinates on the GPU
PME tasks will do all aspects on the GPU
Using 1 MPI thread

Non-default thread affinity set, disabling internal thread affinity

Using 10 OpenMP threads 

System total charge: 0.000
Will do PME sum in reciprocal space for electrostatic interactions.

++++ PLEASE READ AND CITE THE FOLLOWING REFERENCE ++++
U. Essmann, L. Perera, M. L. Berkowitz, T. Darden, H. Lee and L. G. Pedersen 
A smooth particle mesh Ewald method
J. Chem. Phys. 103 (1995) pp. 8577-8592
-------- -------- --- Thank You --- -------- --------

Using a Gaussian width (1/beta) of 0.448228 nm for Ewald
Potential shift: LJ r^-12: -1.764e-02 r^-6: -1.328e-01, Ewald -7.143e-06
Initialized non-bonded Ewald tables, spacing: 1.10e-03 size: 1270

Generated table with 1256 data points for 1-4 COUL.
Tabscale = 500 points/nm
Generated table with 1256 data points for 1-4 LJ6.
Tabscale = 500 points/nm
Generated table with 1256 data points for 1-4 LJ12.
Tabscale = 500 points/nm
Long Range LJ corr.: <C6> 3.6519e-04


Using GPU 8x8 nonbonded short-range kernels

Using a dual 8x8 pair-list setup updated with dynamic, rolling pruning:
  outer list: updated every 100 steps, buffer 0.112 nm, rlist 1.512 nm
  inner list: updated every  16 steps, buffer 0.002 nm, rlist 1.402 nm
At tolerance 0.005 kJ/mol/ps per atom, equivalent classical 1x1 list would be:
  outer list: updated every 100 steps, buffer 0.271 nm, rlist 1.671 nm
  inner list: updated every  16 steps, buffer 0.068 nm, rlist 1.468 nm

Using Lorentz-Berthelot Lennard-Jones combination rule
Removing pbc first time

Initializing LINear Constraint Solver

++++ PLEASE READ AND CITE THE FOLLOWING REFERENCE ++++
B. Hess and H. Bekker and H. J. C. Berendsen and J. G. E. M. Fraaije
LINCS: A Linear Constraint Solver for molecular simulations
J. Comp. Chem. 18 (1997) pp. 1463-1472
-------- -------- --- Thank You --- -------- --------

The number of constraints is 5982

++++ PLEASE READ AND CITE THE FOLLOWING REFERENCE ++++
S. Miyamoto and P. A. Kollman
SETTLE: An Analytical Version of the SHAKE and RATTLE Algorithms for Rigid
Water Models
J. Comp. Chem. 13 (1992) pp. 952-962
-------- -------- --- Thank You --- -------- --------


++++ PLEASE READ AND CITE THE FOLLOWING REFERENCE ++++
G. Bussi, D. Donadio and M. Parrinello
Canonical sampling through velocity rescaling
J. Chem. Phys. 126 (2007) pp. 014101
-------- -------- --- Thank You --- -------- --------

There are: 37995 Atoms

Updating coordinates and applying constraints on the GPU.

Constraining the starting coordinates (step 0)

Constraining the coordinates at t0-dt (step 0)
Center of mass motion removal mode is Linear
We have the following groups for center of mass motion removal:
  0:  rest
RMS relative constraint deviation after constraining: 4.06e-06
Initial temperature: 300.27 K

Started mdrun on rank 0 Wed Jul  2 03:15:31 2025

           Step           Time
              0        0.00000

   Energies (kJ/mol)
           Bond            U-B    Proper Dih.  Improper Dih.          LJ-14
    3.67772e+03    1.84075e+04    6.98092e+03    6.52299e+02    1.29114e+03
     Coulomb-14        LJ (SR)  Disper. corr.   Coulomb (SR)   Coul. recip.
   -3.13075e+04    2.25413e+04   -2.11108e+03   -4.49250e+05    1.31134e+03
      Potential    Kinetic En.   Total Energy  Conserved En.    Temperature
   -4.27806e+05    1.02961e+05   -3.24845e+05   -3.24822e+05    3.08942e+02
 Pres. DC (bar) Pressure (bar)   Constr. rmsd
   -9.20355e+01    1.69805e+02    4.06455e-06

step 8800: timed with pme grid 40 40 160, coulomb cutoff 1.400: 148.1 M-cycles
step 9000: timed with pme grid 32 32 128, coulomb cutoff 1.665: 194.5 M-cycles
step 9200: timed with pme grid 36 36 144, coulomb cutoff 1.480: 167.1 M-cycles
step 9400: timed with pme grid 40 40 160, coulomb cutoff 1.400: 147.4 M-cycles
              optimal pme grid 40 40 160, coulomb cutoff 1.400
           Step           Time
          50000      100.00000

   Energies (kJ/mol)
           Bond            U-B    Proper Dih.  Improper Dih.          LJ-14
    3.70805e+03    1.87929e+04    6.71612e+03    6.01982e+02    1.22662e+03
     Coulomb-14        LJ (SR)  Disper. corr.   Coulomb (SR)   Coul. recip.
   -3.11764e+04    2.28061e+04   -2.11282e+03   -4.50911e+05    1.36817e+03
      Potential    Kinetic En.   Total Energy  Conserved En.    Temperature
   -4.28980e+05    9.92246e+04   -3.29755e+05   -3.23369e+05    2.97732e+02
 Pres. DC (bar) Pressure (bar)   Constr. rmsd
   -9.21879e+01   -1.49195e+02    4.06455e-06

Writing checkpoint, step 98500 at Wed Jul  2 03:16:31 2025


           Step           Time
         100000      200.00000

   Energies (kJ/mol)
           Bond            U-B    Proper Dih.  Improper Dih.          LJ-14
    3.67324e+03    1.88459e+04    6.87018e+03    5.70130e+02    1.30589e+03
     Coulomb-14        LJ (SR)  Disper. corr.   Coulomb (SR)   Coul. recip.
   -3.14234e+04    2.32119e+04   -2.11498e+03   -4.51582e+05    1.27802e+03
      Potential    Kinetic En.   Total Energy  Conserved En.    Temperature
   -4.29365e+05    9.92743e+04   -3.30091e+05   -3.22004e+05    2.97881e+02
 Pres. DC (bar) Pressure (bar)   Constr. rmsd
   -9.23757e+01    1.04573e+02    4.06455e-06

           Step           Time
         150000      300.00000

   Energies (kJ/mol)
           Bond            U-B    Proper Dih.  Improper Dih.          LJ-14
    3.61391e+03    1.88599e+04    6.91097e+03    5.84295e+02    1.26395e+03
     Coulomb-14        LJ (SR)  Disper. corr.   Coulomb (SR)   Coul. recip.
   -3.15315e+04    2.36070e+04   -2.11266e+03   -4.50691e+05    1.28624e+03
      Potential    Kinetic En.   Total Energy  Conserved En.    Temperature
   -4.28209e+05    9.95232e+04   -3.28686e+05   -3.20708e+05    2.98627e+02
 Pres. DC (bar) Pressure (bar)   Constr. rmsd
   -9.21738e+01    1.06826e+02    4.06455e-06

           Step           Time
         200000      400.00000

   Energies (kJ/mol)
           Bond            U-B    Proper Dih.  Improper Dih.          LJ-14
    3.69145e+03    1.87036e+04    7.02756e+03    5.79967e+02    1.16418e+03
     Coulomb-14        LJ (SR)  Disper. corr.   Coulomb (SR)   Coul. recip.
   -3.18349e+04    2.37347e+04   -2.10220e+03   -4.51203e+05    1.31182e+03
      Potential    Kinetic En.   Total Energy  Conserved En.    Temperature
   -4.28927e+05    9.90108e+04   -3.29916e+05   -3.19392e+05    2.97090e+02
 Pres. DC (bar) Pressure (bar)   Constr. rmsd
   -9.12638e+01   -1.97282e+02    4.06455e-06

Writing checkpoint, step 202300 at Wed Jul  2 03:17:31 2025


           Step           Time
         250000      500.00000

   Energies (kJ/mol)
           Bond            U-B    Proper Dih.  Improper Dih.          LJ-14
    3.64467e+03    1.88354e+04    6.87794e+03    5.79512e+02    1.24452e+03
     Coulomb-14        LJ (SR)  Disper. corr.   Coulomb (SR)   Coul. recip.
   -3.15371e+04    2.18192e+04   -2.10861e+03   -4.48494e+05    1.31057e+03
      Potential    Kinetic En.   Total Energy  Conserved En.    Temperature
   -4.27828e+05    9.89898e+04   -3.28838e+05   -3.18039e+05    2.97027e+02
 Pres. DC (bar) Pressure (bar)   Constr. rmsd
   -9.18203e+01    2.97896e+00    4.06455e-06

           Step           Time
         300000      600.00000

   Energies (kJ/mol)
           Bond            U-B    Proper Dih.  Improper Dih.          LJ-14
    3.77148e+03    1.86720e+04    6.96750e+03    6.23776e+02    1.20244e+03
     Coulomb-14        LJ (SR)  Disper. corr.   Coulomb (SR)   Coul. recip.
   -3.15188e+04    2.27557e+04   -2.11006e+03   -4.51052e+05    1.20884e+03
      Potential    Kinetic En.   Total Energy  Conserved En.    Temperature
   -4.29479e+05    9.90438e+04   -3.30435e+05   -3.16704e+05    2.97189e+02
 Pres. DC (bar) Pressure (bar)   Constr. rmsd
   -9.19471e+01   -1.43545e+02    4.06455e-06

Writing checkpoint, step 305900 at Wed Jul  2 03:18:31 2025


           Step           Time
         350000      700.00000

   Energies (kJ/mol)
           Bond            U-B    Proper Dih.  Improper Dih.          LJ-14
    3.56329e+03    1.84904e+04    6.93605e+03    5.55307e+02    1.17132e+03
     Coulomb-14        LJ (SR)  Disper. corr.   Coulomb (SR)   Coul. recip.
   -3.11065e+04    2.31422e+04   -2.11307e+03   -4.50209e+05    1.37061e+03
      Potential    Kinetic En.   Total Energy  Conserved En.    Temperature
   -4.28200e+05    9.90901e+04   -3.29110e+05   -3.15378e+05    2.97328e+02
 Pres. DC (bar) Pressure (bar)   Constr. rmsd
   -9.22092e+01    2.01878e+02    4.06455e-06

           Step           Time
         400000      800.00000

   Energies (kJ/mol)
           Bond            U-B    Proper Dih.  Improper Dih.          LJ-14
    3.68612e+03    1.86657e+04    6.94585e+03    5.87623e+02    1.23154e+03
     Coulomb-14        LJ (SR)  Disper. corr.   Coulomb (SR)   Coul. recip.
   -3.12287e+04    2.28597e+04   -2.10416e+03   -4.50216e+05    1.32704e+03
      Potential    Kinetic En.   Total Energy  Conserved En.    Temperature
   -4.28246e+05    9.94545e+04   -3.28791e+05   -3.14062e+05    2.98421e+02
 Pres. DC (bar) Pressure (bar)   Constr. rmsd
   -9.14339e+01   -5.58580e+01    4.06455e-06

Writing checkpoint, step 409500 at Wed Jul  2 03:19:31 2025


           Step           Time
         450000      900.00000

   Energies (kJ/mol)
           Bond            U-B    Proper Dih.  Improper Dih.          LJ-14
    3.68613e+03    1.92063e+04    7.00376e+03    6.33166e+02    1.15250e+03
     Coulomb-14        LJ (SR)  Disper. corr.   Coulomb (SR)   Coul. recip.
   -3.17632e+04    2.33461e+04   -2.11490e+03   -4.50746e+05    1.32150e+03
      Potential    Kinetic En.   Total Energy  Conserved En.    Temperature
   -4.28275e+05    9.89694e+04   -3.29305e+05   -3.12645e+05    2.96966e+02
 Pres. DC (bar) Pressure (bar)   Constr. rmsd
   -9.23694e+01    2.46496e+02    4.06455e-06

           Step           Time
         500000     1000.00000

Writing checkpoint, step 500000 at Wed Jul  2 03:20:23 2025


   Energies (kJ/mol)
           Bond            U-B    Proper Dih.  Improper Dih.          LJ-14
    3.64973e+03    1.85186e+04    6.98778e+03    6.22107e+02    1.21015e+03
     Coulomb-14        LJ (SR)  Disper. corr.   Coulomb (SR)   Coul. recip.
   -3.11129e+04    2.38404e+04   -2.09616e+03   -4.50582e+05    1.28232e+03
      Potential    Kinetic En.   Total Energy  Conserved En.    Temperature
   -4.27681e+05    9.89536e+04   -3.28727e+05   -3.11368e+05    2.96919e+02
 Pres. DC (bar) Pressure (bar)   Constr. rmsd
   -9.07396e+01    1.08688e+02    4.06455e-06


Energy conservation over simulation part #1 of length 1000 ns, time 0 to 1000 ns
  Conserved energy drift: 3.54e-04 kJ/mol/ps per atom


	<======  ###############  ==>
	<====  A V E R A G E S  ====>
	<==  ###############  ======>

	Statistics over 500001 steps using 5001 frames

   Energies (kJ/mol)
           Bond            U-B    Proper Dih.  Improper Dih.          LJ-14
    3.70653e+03    1.87208e+04    6.93324e+03    6.11740e+02    1.20935e+03
     Coulomb-14        LJ (SR)  Disper. corr.   Coulomb (SR)   Coul. recip.
   -3.14801e+04    2.31897e+04   -2.11164e+03   -4.50925e+05    1.30619e+03
      Potential    Kinetic En.   Total Energy  Conserved En.    Temperature
   -4.28839e+05    9.93132e+04   -3.29526e+05   -3.18038e+05    2.97997e+02
 Pres. DC (bar) Pressure (bar)   Constr. rmsd
   -9.20851e+01   -7.28434e-01    0.00000e+00

          Box-X          Box-Y          Box-Z
    4.56672e+00    4.56672e+00    1.82669e+01

   Total Virial (kJ/mol)
    3.31587e+04   -3.26981e+01    4.65736e+01
   -3.26981e+01    3.31284e+04    1.64717e+01
    4.65785e+01    1.64701e+01    3.30572e+04

   Pressure (bar)
   -4.75574e+00    3.11560e+00   -4.07117e+00
    3.11560e+00   -2.19536e+00   -1.43013e+00
   -4.07160e+00   -1.42999e+00    4.76580e+00


	M E G A - F L O P S   A C C O U N T I N G

 NB=Group-cutoff nonbonded kernels    NxN=N-by-N cluster Verlet kernels
 RF=Reaction-Field  VdW=Van der Waals  QSTab=quadratic-spline table
 W3=SPC/TIP3p  W4=TIP4p (single or pairs)
 V&F=Potential and force  V=Potential only  F=Force only

 Computing:                               M-Number         M-Flops  % Flops
-----------------------------------------------------------------------------
 Pair Search distance check           27377.212496      246394.912     0.0
 NxN Ewald Elec. + LJ [F]          31851089.778816  2102171925.402    98.2
 NxN Ewald Elec. + LJ [V&F]          321791.916992    34431735.118     1.6
 1,4 nonbonded interactions            8034.516069      723106.446     0.0
 Shift-X                                190.012995        1140.078     0.0
 Bonds                                 1728.503457      101981.704     0.0
 Propers                               7575.515151     1734792.970     0.1
 Impropers                              256.000512       53248.106     0.0
 Virial                                1902.038040       34236.685     0.0
 Stop-CM                                190.050990        1900.510     0.0
 Calc-Ekin                             3799.575990      102588.552     0.0
 Lincs                                    0.011964           0.718     0.0
 Lincs-Mat                                0.105816           0.423     0.0
 Constraint-V                             0.039798           0.358     0.0
 Settle                                   0.018556           6.866     0.0
 Urey-Bradley                          8018.016036     1467296.935     0.1
-----------------------------------------------------------------------------
 Total                                              2141070355.783   100.0
-----------------------------------------------------------------------------


     R E A L   C Y C L E   A N D   T I M E   A C C O U N T I N G

On 1 MPI rank, each using 10 OpenMP threads

 Computing:          Num   Num      Call    Wall time         Giga-Cycles
                     Ranks Threads  Count      (s)         total sum    %
-----------------------------------------------------------------------------
 Neighbor search        1   10       5001      26.202        681.254   8.9
 Launch GPU ops.        1   10     995001      57.475       1494.349  19.6
 Force                  1   10     500001      86.550       2250.298  29.5
 Wait PME GPU gather    1   10     500001       0.112          2.912   0.0
 Reduce GPU PME F       1   10     500001       1.299         33.772   0.4
 Wait GPU NB local      1   10     450000       0.331          8.617   0.1
 Wait GPU state copy    1   10     625004      97.095       2524.460  33.1
 NB X/F buffer ops.     1   10      50001       5.999        155.982   2.0
 Write traj.            1   10         15       3.148         81.849   1.1
 Constraints            1   10          2       0.002          0.042   0.0
 Rest                                          15.178        394.631   5.2
-----------------------------------------------------------------------------
 Total                                        293.391       7628.165 100.0
-----------------------------------------------------------------------------

               Core t (s)   Wall t (s)        (%)
       Time:     2933.899      293.391     1000.0
                 (ns/day)    (hour/ns)
Performance:      294.488        0.081
Finished mdrun on rank 0 Wed Jul  2 03:20:24 2025

