                      :-) GROMACS - gmx mdrun, 2021.5 (-:

                            GROMACS is written by:
     Andrey Alekseenko              Emile Apol              Rossen Apostolov     
         Paul Bauer           Herman J.C. Berendsen           Par Bjelkmar       
       Christian Blau           Viacheslav Bolnykh             Kevin Boyd        
     Aldert van Buuren           Rudi van Drunen             Anton Feenstra      
    Gilles Gouaillardet             Alan Gray               Gerrit Groenhof      
       Anca Hamuraru            Vincent Hindriksen          M. Eric Irrgang      
      Aleksei Iupinov           Christoph Junghans             Joe Jordan        
    Dimitrios Karkoulis            Peter Kasson                Jiri Kraus        
      Carsten Kutzner              Per Larsson              Justin A. Lemkul     
       Viveca Lindahl            Magnus Lundborg             Erik Marklund       
        Pascal Merz             Pieter Meulenhoff            Teemu Murtola       
        Szilard Pall               Sander Pronk              Roland Schulz       
       Michael Shirts            Alexey Shvetsov             Alfons Sijbers      
       Peter Tieleman              Jon Vincent              Teemu Virolainen     
     Christian Wennberg            Maarten Wolf              Artem Zhmurov       
                           and the project leaders:
        Mark Abraham, Berk Hess, Erik Lindahl, and David van der Spoel

Copyright (c) 1991-2000, University of Groningen, The Netherlands.
Copyright (c) 2001-2019, The GROMACS development team at
Uppsala University, Stockholm University and
the Royal Institute of Technology, Sweden.
check out http://www.gromacs.org for more information.

GROMACS is free software; you can redistribute it and/or modify it
under the terms of the GNU Lesser General Public License
as published by the Free Software Foundation; either version 2.1
of the License, or (at your option) any later version.

GROMACS:      gmx mdrun, version 2021.5
Executable:   /usr/local/gromacs_2021.5/bin/gmx
Data prefix:  /usr/local/gromacs_2021.5
Working dir:  /srv/home/apbal/work/REU/practice/biphasic_charm/solv/new
Process ID:   319452
Command line:
  gmx mdrun -v -deffnm npt -ntomp 10 -nb gpu -bonded cpu -update gpu -ntmpi 1 -cpt 1

GROMACS version:    2021.5
Precision:          mixed
Memory model:       64 bit
MPI library:        thread_mpi
OpenMP support:     enabled (GMX_OPENMP_MAX_THREADS = 256)
GPU support:        CUDA
SIMD instructions:  AVX2_256
FFT library:        fftw-3.3.8-sse2-avx-avx2-avx2_128
RDTSCP usage:       enabled
TNG support:        enabled
Hwloc support:      disabled
Tracing support:    disabled
C compiler:         /usr/bin/cc GNU 9.4.0
C compiler flags:   -mavx2 -mfma -Wno-missing-field-initializers -fexcess-precision=fast -funroll-all-loops -pthread -O3 -DNDEBUG
C++ compiler:       /usr/bin/c++ GNU 9.4.0
C++ compiler flags: -mavx2 -mfma -Wno-missing-field-initializers -fexcess-precision=fast -funroll-all-loops -pthread -fopenmp -O3 -DNDEBUG
CUDA compiler:      /usr/local/cuda-12.2/bin/nvcc nvcc: NVIDIA (R) Cuda compiler driver;Copyright (c) 2005-2023 NVIDIA Corporation;Built on Tue_Aug_15_22:02:13_PDT_2023;Cuda compilation tools, release 12.2, V12.2.140;Build cuda_12.2.r12.2/compiler.33191640_0
CUDA compiler flags:-std=c++17;-gencode;arch=compute_60,code=sm_60;-gencode;arch=compute_61,code=sm_61;-gencode;arch=compute_62,code=sm_62;-gencode;arch=compute_70,code=sm_70;-gencode;arch=compute_75,code=sm_75;-gencode;arch=compute_80,code=sm_80;-gencode;arch=compute_86,code=sm_86;-gencode;arch=compute_89,code=sm_89;-gencode;arch=compute_60,code=compute_60;-gencode;arch=compute_61,code=compute_61;-gencode;arch=compute_62,code=compute_62;-gencode;arch=compute_70,code=compute_70;-gencode;arch=compute_75,code=compute_75;-gencode;arch=compute_80,code=compute_80;-gencode;arch=compute_86,code=compute_86;-gencode;arch=compute_89,code=compute_89;-use_fast_math;-D_FORCE_INLINES;-mavx2 -mfma -Wno-missing-field-initializers -fexcess-precision=fast -funroll-all-loops -pthread -fopenmp -O3 -DNDEBUG
CUDA driver:        12.90
CUDA runtime:       12.20


Running on 1 node with total 128 cores, 128 logical cores, 1 compatible GPU
Hardware detected:
  CPU info:
    Vendor: AMD
    Brand:  AMD EPYC 7513 32-Core Processor                
    Family: 25   Model: 1   Stepping: 1
    Features: aes amd apic avx avx2 clfsh cmov cx8 cx16 f16c fma htt lahf misalignsse mmx msr nonstop_tsc pcid pclmuldq pdpe1gb popcnt pse rdrnd rdtscp sha sse2 sse3 sse4a sse4.1 sse4.2 ssse3
  Hardware topology: Only logical processor count
  GPU info:
    Number of GPUs detected: 1
    #0: NVIDIA NVIDIA RTX A4500, compute cap.: 8.6, ECC:  no, stat: compatible


++++ PLEASE READ AND CITE THE FOLLOWING REFERENCE ++++
M. J. Abraham, T. Murtola, R. Schulz, S. Páll, J. C. Smith, B. Hess, E.
Lindahl
GROMACS: High performance molecular simulations through multi-level
parallelism from laptops to supercomputers
SoftwareX 1 (2015) pp. 19-25
-------- -------- --- Thank You --- -------- --------


++++ PLEASE READ AND CITE THE FOLLOWING REFERENCE ++++
S. Páll, M. J. Abraham, C. Kutzner, B. Hess, E. Lindahl
Tackling Exascale Software Challenges in Molecular Dynamics Simulations with
GROMACS
In S. Markidis & E. Laure (Eds.), Solving Software Challenges for Exascale 8759 (2015) pp. 3-27
-------- -------- --- Thank You --- -------- --------


++++ PLEASE READ AND CITE THE FOLLOWING REFERENCE ++++
S. Pronk, S. Páll, R. Schulz, P. Larsson, P. Bjelkmar, R. Apostolov, M. R.
Shirts, J. C. Smith, P. M. Kasson, D. van der Spoel, B. Hess, and E. Lindahl
GROMACS 4.5: a high-throughput and highly parallel open source molecular
simulation toolkit
Bioinformatics 29 (2013) pp. 845-54
-------- -------- --- Thank You --- -------- --------


++++ PLEASE READ AND CITE THE FOLLOWING REFERENCE ++++
B. Hess and C. Kutzner and D. van der Spoel and E. Lindahl
GROMACS 4: Algorithms for highly efficient, load-balanced, and scalable
molecular simulation
J. Chem. Theory Comput. 4 (2008) pp. 435-447
-------- -------- --- Thank You --- -------- --------


++++ PLEASE READ AND CITE THE FOLLOWING REFERENCE ++++
D. van der Spoel, E. Lindahl, B. Hess, G. Groenhof, A. E. Mark and H. J. C.
Berendsen
GROMACS: Fast, Flexible and Free
J. Comp. Chem. 26 (2005) pp. 1701-1719
-------- -------- --- Thank You --- -------- --------


++++ PLEASE READ AND CITE THE FOLLOWING REFERENCE ++++
E. Lindahl and B. Hess and D. van der Spoel
GROMACS 3.0: A package for molecular simulation and trajectory analysis
J. Mol. Mod. 7 (2001) pp. 306-317
-------- -------- --- Thank You --- -------- --------


++++ PLEASE READ AND CITE THE FOLLOWING REFERENCE ++++
H. J. C. Berendsen, D. van der Spoel and R. van Drunen
GROMACS: A message-passing parallel molecular dynamics implementation
Comp. Phys. Comm. 91 (1995) pp. 43-56
-------- -------- --- Thank You --- -------- --------


++++ PLEASE CITE THE DOI FOR THIS VERSION OF GROMACS ++++
https://doi.org/10.5281/zenodo.5850051
-------- -------- --- Thank You --- -------- --------

Input Parameters:
   integrator                     = md
   tinit                          = 0
   dt                             = 0.002
   nsteps                         = 100000
   init-step                      = 0
   simulation-part                = 1
   mts                            = false
   comm-mode                      = Linear
   nstcomm                        = 100
   bd-fric                        = 0
   ld-seed                        = -1130961409
   emtol                          = 10
   emstep                         = 0.01
   niter                          = 20
   fcstep                         = 0
   nstcgsteep                     = 1000
   nbfgscorr                      = 10
   rtpi                           = 0.05
   nstxout                        = 5000
   nstvout                        = 5000
   nstfout                        = 0
   nstlog                         = 5000
   nstcalcenergy                  = 100
   nstenergy                      = 5000
   nstxout-compressed             = 5000
   compressed-x-precision         = 1000
   cutoff-scheme                  = Verlet
   nstlist                        = 10
   pbc                            = xyz
   periodic-molecules             = false
   verlet-buffer-tolerance        = 0.005
   rlist                          = 1.4
   coulombtype                    = PME
   coulomb-modifier               = Potential-shift
   rcoulomb-switch                = 0
   rcoulomb                       = 1.4
   epsilon-r                      = 1
   epsilon-rf                     = inf
   vdw-type                       = Cut-off
   vdw-modifier                   = Potential-shift
   rvdw-switch                    = 0
   rvdw                           = 1.4
   DispCorr                       = EnerPres
   table-extension                = 1
   fourierspacing                 = 0.12
   fourier-nx                     = 42
   fourier-ny                     = 42
   fourier-nz                     = 84
   pme-order                      = 4
   ewald-rtol                     = 1e-05
   ewald-rtol-lj                  = 0.001
   lj-pme-comb-rule               = Geometric
   ewald-geometry                 = 0
   epsilon-surface                = 0
   tcoupl                         = V-rescale
   nsttcouple                     = 10
   nh-chain-length                = 0
   print-nose-hoover-chain-variables = false
   pcoupl                         = Berendsen
   pcoupltype                     = Isotropic
   nstpcouple                     = 10
   tau-p                          = 2
   compressibility (3x3):
      compressibility[    0]={ 4.50000e-05,  0.00000e+00,  0.00000e+00}
      compressibility[    1]={ 0.00000e+00,  4.50000e-05,  0.00000e+00}
      compressibility[    2]={ 0.00000e+00,  0.00000e+00,  4.50000e-05}
   ref-p (3x3):
      ref-p[    0]={ 1.00000e+00,  0.00000e+00,  0.00000e+00}
      ref-p[    1]={ 0.00000e+00,  1.00000e+00,  0.00000e+00}
      ref-p[    2]={ 0.00000e+00,  0.00000e+00,  1.00000e+00}
   refcoord-scaling               = No
   posres-com (3):
      posres-com[0]= 0.00000e+00
      posres-com[1]= 0.00000e+00
      posres-com[2]= 0.00000e+00
   posres-comB (3):
      posres-comB[0]= 0.00000e+00
      posres-comB[1]= 0.00000e+00
      posres-comB[2]= 0.00000e+00
   QMMM                           = false
qm-opts:
   ngQM                           = 0
   constraint-algorithm           = Lincs
   continuation                   = false
   Shake-SOR                      = false
   shake-tol                      = 0.0001
   lincs-order                    = 4
   lincs-iter                     = 1
   lincs-warnangle                = 30
   nwall                          = 0
   wall-type                      = 9-3
   wall-r-linpot                  = -1
   wall-atomtype[0]               = -1
   wall-atomtype[1]               = -1
   wall-density[0]                = 0
   wall-density[1]                = 0
   wall-ewald-zfac                = 3
   pull                           = false
   awh                            = false
   rotation                       = false
   interactiveMD                  = false
   disre                          = No
   disre-weighting                = Conservative
   disre-mixed                    = false
   dr-fc                          = 1000
   dr-tau                         = 0
   nstdisreout                    = 100
   orire-fc                       = 0
   orire-tau                      = 0
   nstorireout                    = 100
   free-energy                    = no
   cos-acceleration               = 0
   deform (3x3):
      deform[    0]={ 0.00000e+00,  0.00000e+00,  0.00000e+00}
      deform[    1]={ 0.00000e+00,  0.00000e+00,  0.00000e+00}
      deform[    2]={ 0.00000e+00,  0.00000e+00,  0.00000e+00}
   simulated-tempering            = false
   swapcoords                     = no
   userint1                       = 0
   userint2                       = 0
   userint3                       = 0
   userint4                       = 0
   userreal1                      = 0
   userreal2                      = 0
   userreal3                      = 0
   userreal4                      = 0
   applied-forces:
     electric-field:
       x:
         E0                       = 0
         omega                    = 0
         t0                       = 0
         sigma                    = 0
       y:
         E0                       = 0
         omega                    = 0
         t0                       = 0
         sigma                    = 0
       z:
         E0                       = 0
         omega                    = 0
         t0                       = 0
         sigma                    = 0
     density-guided-simulation:
       active                     = false
       group                      = protein
       similarity-measure         = inner-product
       atom-spreading-weight      = unity
       force-constant             = 1e+09
       gaussian-transform-spreading-width = 0.2
       gaussian-transform-spreading-range-in-multiples-of-width = 4
       reference-density-filename = reference.mrc
       nst                        = 1
       normalize-densities        = true
       adaptive-force-scaling     = false
       adaptive-force-scaling-time-constant = 4
       shift-vector               = 
       transformation-matrix      = 
grpopts:
   nrdf:       49407
   ref-t:         298
   tau-t:         0.1
annealing:          No
annealing-npoints:           0
   acc:	           0           0           0
   nfreeze:           N           N           N
   energygrp-flags[  0]: 0

Changing nstlist from 10 to 100, rlist from 1.4 to 1.472

1 GPU selected for this run.
Mapping of GPU IDs to the 2 GPU tasks in the 1 rank on this node:
  PP:0,PME:0
PP tasks will do (non-perturbed) short-ranged interactions on the GPU
PP task will update and constrain coordinates on the GPU
PME tasks will do all aspects on the GPU
Using 1 MPI thread

Non-default thread affinity set, disabling internal thread affinity

Using 10 OpenMP threads 

System total charge: 0.000
Will do PME sum in reciprocal space for electrostatic interactions.

++++ PLEASE READ AND CITE THE FOLLOWING REFERENCE ++++
U. Essmann, L. Perera, M. L. Berkowitz, T. Darden, H. Lee and L. G. Pedersen 
A smooth particle mesh Ewald method
J. Chem. Phys. 103 (1995) pp. 8577-8592
-------- -------- --- Thank You --- -------- --------

Using a Gaussian width (1/beta) of 0.448228 nm for Ewald
Potential shift: LJ r^-12: -1.764e-02 r^-6: -1.328e-01, Ewald -7.143e-06
Initialized non-bonded Ewald tables, spacing: 1.10e-03 size: 1270

Generated table with 1236 data points for 1-4 COUL.
Tabscale = 500 points/nm
Generated table with 1236 data points for 1-4 LJ6.
Tabscale = 500 points/nm
Generated table with 1236 data points for 1-4 LJ12.
Tabscale = 500 points/nm
Long Range LJ corr.: <C6> 5.7350e-04


Using GPU 8x8 nonbonded short-range kernels

Using a dual 8x8 pair-list setup updated with dynamic, rolling pruning:
  outer list: updated every 100 steps, buffer 0.072 nm, rlist 1.472 nm
  inner list: updated every  26 steps, buffer 0.003 nm, rlist 1.403 nm
At tolerance 0.005 kJ/mol/ps per atom, equivalent classical 1x1 list would be:
  outer list: updated every 100 steps, buffer 0.242 nm, rlist 1.642 nm
  inner list: updated every  26 steps, buffer 0.104 nm, rlist 1.504 nm

Using Lorentz-Berthelot Lennard-Jones combination rule
Removing pbc first time

Initializing LINear Constraint Solver

++++ PLEASE READ AND CITE THE FOLLOWING REFERENCE ++++
B. Hess and H. Bekker and H. J. C. Berendsen and J. G. E. M. Fraaije
LINCS: A Linear Constraint Solver for molecular simulations
J. Comp. Chem. 18 (1997) pp. 1463-1472
-------- -------- --- Thank You --- -------- --------

The number of constraints is 4908

++++ PLEASE READ AND CITE THE FOLLOWING REFERENCE ++++
S. Miyamoto and P. A. Kollman
SETTLE: An Analytical Version of the SHAKE and RATTLE Algorithms for Rigid
Water Models
J. Comp. Chem. 13 (1992) pp. 952-962
-------- -------- --- Thank You --- -------- --------


++++ PLEASE READ AND CITE THE FOLLOWING REFERENCE ++++
G. Bussi, D. Donadio and M. Parrinello
Canonical sampling through velocity rescaling
J. Chem. Phys. 126 (2007) pp. 014101
-------- -------- --- Thank You --- -------- --------

There are: 21842 Atoms

Updating coordinates and applying constraints on the GPU.

Constraining the starting coordinates (step 0)

Constraining the coordinates at t0-dt (step 0)
Center of mass motion removal mode is Linear
We have the following groups for center of mass motion removal:
  0:  rest
RMS relative constraint deviation after constraining: 1.03e-06
Initial temperature: 299.897 K

Started mdrun on rank 0 Mon Jun 30 11:50:33 2025

           Step           Time
              0        0.00000

   Energies (kJ/mol)
           Bond            U-B    Proper Dih.          LJ-14     Coulomb-14
    4.37369e+03    3.57557e+02    1.28189e+03    3.54411e+04   -5.12484e+04
        LJ (SR)  Disper. corr.   Coulomb (SR)   Coul. recip.      Potential
   -1.19602e+04   -1.69789e+03   -1.85981e+05    7.29720e+02   -2.08704e+05
    Kinetic En.   Total Energy  Conserved En.    Temperature Pres. DC (bar)
    6.16483e+04   -1.47056e+05   -1.47009e+05    3.00143e+02   -1.14728e+02
 Pressure (bar)   Constr. rmsd
   -1.60249e+03    1.02685e-06

step 3700: timed with pme grid 42 42 84, coulomb cutoff 1.400: 138.7 M-cycles
step 3900: timed with pme grid 36 36 72, coulomb cutoff 1.611: 5813.6 M-cycles
step 4100: timed with pme grid 40 40 80, coulomb cutoff 1.450: 104.5 M-cycles
              optimal pme grid 40 40 80, coulomb cutoff 1.450
           Step           Time
           5000       10.00000

   Energies (kJ/mol)
           Bond            U-B    Proper Dih.          LJ-14     Coulomb-14
    9.55016e+03    9.07262e+03    9.38794e+03    3.65576e+04   -5.12564e+04
        LJ (SR)  Disper. corr.   Coulomb (SR)   Coul. recip.      Potential
   -1.28396e+04   -1.74960e+03   -1.64788e+05    6.06956e+02   -1.65458e+05
    Kinetic En.   Total Energy  Conserved En.    Temperature Pres. DC (bar)
    6.09235e+04   -1.04535e+05   -1.45614e+05    2.96614e+02   -1.21819e+02
 Pressure (bar)   Constr. rmsd
   -2.26682e+01    1.02685e-06

           Step           Time
          10000       20.00000

   Energies (kJ/mol)
           Bond            U-B    Proper Dih.          LJ-14     Coulomb-14
    9.89269e+03    9.63563e+03    9.48169e+03    3.64666e+04   -5.11895e+04
        LJ (SR)  Disper. corr.   Coulomb (SR)   Coul. recip.      Potential
   -1.28988e+04   -1.76412e+03   -1.66342e+05    6.14168e+02   -1.66104e+05
    Kinetic En.   Total Energy  Conserved En.    Temperature Pres. DC (bar)
    6.09892e+04   -1.05115e+05   -1.45530e+05    2.96934e+02   -1.23848e+02
 Pressure (bar)   Constr. rmsd
   -7.82615e+00    1.02685e-06

           Step           Time
          15000       30.00000

   Energies (kJ/mol)
           Bond            U-B    Proper Dih.          LJ-14     Coulomb-14
    1.01893e+04    9.86821e+03    9.61245e+03    3.66177e+04   -5.12107e+04
        LJ (SR)  Disper. corr.   Coulomb (SR)   Coul. recip.      Potential
   -1.30907e+04   -1.77395e+03   -1.67964e+05    5.53111e+02   -1.67199e+05
    Kinetic En.   Total Energy  Conserved En.    Temperature Pres. DC (bar)
    6.05276e+04   -1.06671e+05   -1.45465e+05    2.94687e+02   -1.25231e+02
 Pressure (bar)   Constr. rmsd
   -1.19844e+02    1.02685e-06

           Step           Time
          20000       40.00000

   Energies (kJ/mol)
           Bond            U-B    Proper Dih.          LJ-14     Coulomb-14
    9.88226e+03    9.89307e+03    9.80287e+03    3.68401e+04   -5.12695e+04
        LJ (SR)  Disper. corr.   Coulomb (SR)   Coul. recip.      Potential
   -1.32332e+04   -1.78305e+03   -1.68453e+05    5.41636e+02   -1.67778e+05
    Kinetic En.   Total Energy  Conserved En.    Temperature Pres. DC (bar)
    6.14300e+04   -1.06348e+05   -1.45488e+05    2.99080e+02   -1.26519e+02
 Pressure (bar)   Constr. rmsd
    2.51417e+02    1.02685e-06

           Step           Time
          25000       50.00000

   Energies (kJ/mol)
           Bond            U-B    Proper Dih.          LJ-14     Coulomb-14
    1.01296e+04    9.94574e+03    9.94775e+03    3.65032e+04   -5.12230e+04
        LJ (SR)  Disper. corr.   Coulomb (SR)   Coul. recip.      Potential
   -1.30916e+04   -1.78290e+03   -1.69282e+05    5.53525e+02   -1.68300e+05
    Kinetic En.   Total Energy  Conserved En.    Temperature Pres. DC (bar)
    6.09461e+04   -1.07354e+05   -1.45446e+05    2.96725e+02   -1.26498e+02
 Pressure (bar)   Constr. rmsd
   -2.11363e+02    1.02685e-06

           Step           Time
          30000       60.00000

   Energies (kJ/mol)
           Bond            U-B    Proper Dih.          LJ-14     Coulomb-14
    1.03196e+04    9.82550e+03    9.80781e+03    3.66115e+04   -5.12400e+04
        LJ (SR)  Disper. corr.   Coulomb (SR)   Coul. recip.      Potential
   -1.32131e+04   -1.78305e+03   -1.69615e+05    5.39650e+02   -1.68747e+05
    Kinetic En.   Total Energy  Conserved En.    Temperature Pres. DC (bar)
    6.11698e+04   -1.07577e+05   -1.45408e+05    2.97813e+02   -1.26519e+02
 Pressure (bar)   Constr. rmsd
   -1.62535e+02    1.02685e-06

           Step           Time
          35000       70.00000

   Energies (kJ/mol)
           Bond            U-B    Proper Dih.          LJ-14     Coulomb-14
    1.03006e+04    9.99569e+03    1.01576e+04    3.65550e+04   -5.12187e+04
        LJ (SR)  Disper. corr.   Coulomb (SR)   Coul. recip.      Potential
   -1.24963e+04   -1.78697e+03   -1.70289e+05    5.18211e+02   -1.68263e+05
    Kinetic En.   Total Energy  Conserved En.    Temperature Pres. DC (bar)
    6.13030e+04   -1.06960e+05   -1.45399e+05    2.98462e+02   -1.27076e+02
 Pressure (bar)   Constr. rmsd
   -7.65128e+01    1.02685e-06

           Step           Time
          40000       80.00000

   Energies (kJ/mol)
           Bond            U-B    Proper Dih.          LJ-14     Coulomb-14
    1.02146e+04    9.84053e+03    9.99945e+03    3.66209e+04   -5.12840e+04
        LJ (SR)  Disper. corr.   Coulomb (SR)   Coul. recip.      Potential
   -1.20577e+04   -1.79021e+03   -1.71129e+05    5.47694e+02   -1.69037e+05
    Kinetic En.   Total Energy  Conserved En.    Temperature Pres. DC (bar)
    6.13421e+04   -1.07695e+05   -1.45398e+05    2.98653e+02   -1.27537e+02
 Pressure (bar)   Constr. rmsd
    1.52475e+02    1.02685e-06

           Step           Time
          45000       90.00000

   Energies (kJ/mol)
           Bond            U-B    Proper Dih.          LJ-14     Coulomb-14
    1.02324e+04    1.02301e+04    9.82935e+03    3.67234e+04   -5.12818e+04
        LJ (SR)  Disper. corr.   Coulomb (SR)   Coul. recip.      Potential
   -1.21281e+04   -1.78993e+03   -1.71495e+05    4.99948e+02   -1.69180e+05
    Kinetic En.   Total Energy  Conserved En.    Temperature Pres. DC (bar)
    6.12175e+04   -1.07962e+05   -1.45341e+05    2.98046e+02   -1.27498e+02
 Pressure (bar)   Constr. rmsd
    3.87469e+02    1.02685e-06

           Step           Time
          50000      100.00000

   Energies (kJ/mol)
           Bond            U-B    Proper Dih.          LJ-14     Coulomb-14
    1.02391e+04    1.00328e+04    1.02623e+04    3.67010e+04   -5.11828e+04
        LJ (SR)  Disper. corr.   Coulomb (SR)   Coul. recip.      Potential
   -1.20820e+04   -1.79708e+03   -1.72723e+05    5.08753e+02   -1.70041e+05
    Kinetic En.   Total Energy  Conserved En.    Temperature Pres. DC (bar)
    6.15139e+04   -1.08527e+05   -1.45323e+05    2.99489e+02   -1.28518e+02
 Pressure (bar)   Constr. rmsd
    4.25263e+02    1.02685e-06

           Step           Time
          55000      110.00000

   Energies (kJ/mol)
           Bond            U-B    Proper Dih.          LJ-14     Coulomb-14
    1.05225e+04    1.01093e+04    1.02712e+04    3.65865e+04   -5.13207e+04
        LJ (SR)  Disper. corr.   Coulomb (SR)   Coul. recip.      Potential
   -1.21117e+04   -1.79417e+03   -1.73018e+05    5.41568e+02   -1.70214e+05
    Kinetic En.   Total Energy  Conserved En.    Temperature Pres. DC (bar)
    6.15652e+04   -1.08649e+05   -1.45293e+05    2.99738e+02   -1.28102e+02
 Pressure (bar)   Constr. rmsd
   -6.00089e+01    1.02685e-06

           Step           Time
          60000      120.00000

   Energies (kJ/mol)
           Bond            U-B    Proper Dih.          LJ-14     Coulomb-14
    1.06478e+04    1.02731e+04    1.00583e+04    3.66090e+04   -5.12181e+04
        LJ (SR)  Disper. corr.   Coulomb (SR)   Coul. recip.      Potential
   -1.22612e+04   -1.79787e+03   -1.72197e+05    5.30779e+02   -1.69355e+05
    Kinetic En.   Total Energy  Conserved En.    Temperature Pres. DC (bar)
    6.07191e+04   -1.08636e+05   -1.45244e+05    2.95619e+02   -1.28630e+02
 Pressure (bar)   Constr. rmsd
    4.72243e+01    1.02685e-06

           Step           Time
          65000      130.00000

   Energies (kJ/mol)
           Bond            U-B    Proper Dih.          LJ-14     Coulomb-14
    1.03801e+04    1.05187e+04    1.00752e+04    3.66075e+04   -5.12543e+04
        LJ (SR)  Disper. corr.   Coulomb (SR)   Coul. recip.      Potential
   -1.23362e+04   -1.79878e+03   -1.72416e+05    4.91961e+02   -1.69732e+05
    Kinetic En.   Total Energy  Conserved En.    Temperature Pres. DC (bar)
    6.14059e+04   -1.08326e+05   -1.45232e+05    2.98963e+02   -1.28760e+02
 Pressure (bar)   Constr. rmsd
    1.08323e+02    1.02685e-06

           Step           Time
          70000      140.00000

   Energies (kJ/mol)
           Bond            U-B    Proper Dih.          LJ-14     Coulomb-14
    1.03770e+04    1.03304e+04    1.00817e+04    3.66770e+04   -5.13118e+04
        LJ (SR)  Disper. corr.   Coulomb (SR)   Coul. recip.      Potential
   -1.24531e+04   -1.79562e+03   -1.72711e+05    5.15197e+02   -1.70291e+05
    Kinetic En.   Total Energy  Conserved En.    Temperature Pres. DC (bar)
    6.07342e+04   -1.09556e+05   -1.45226e+05    2.95693e+02   -1.28308e+02
 Pressure (bar)   Constr. rmsd
   -8.05359e-02    1.02685e-06

           Step           Time
          75000      150.00000

   Energies (kJ/mol)
           Bond            U-B    Proper Dih.          LJ-14     Coulomb-14
    1.02991e+04    1.04926e+04    1.03146e+04    3.66526e+04   -5.13028e+04
        LJ (SR)  Disper. corr.   Coulomb (SR)   Coul. recip.      Potential
   -1.25810e+04   -1.79391e+03   -1.72468e+05    5.38539e+02   -1.69848e+05
    Kinetic En.   Total Energy  Conserved En.    Temperature Pres. DC (bar)
    6.08448e+04   -1.09004e+05   -1.45181e+05    2.96231e+02   -1.28064e+02
 Pressure (bar)   Constr. rmsd
   -3.44906e+02    1.02685e-06

           Step           Time
          80000      160.00000

   Energies (kJ/mol)
           Bond            U-B    Proper Dih.          LJ-14     Coulomb-14
    1.03022e+04    1.02581e+04    1.04085e+04    3.67380e+04   -5.13056e+04
        LJ (SR)  Disper. corr.   Coulomb (SR)   Coul. recip.      Potential
   -1.20468e+04   -1.79202e+03   -1.72601e+05    5.45588e+02   -1.69493e+05
    Kinetic En.   Total Energy  Conserved En.    Temperature Pres. DC (bar)
    6.03639e+04   -1.09129e+05   -1.45161e+05    2.93890e+02   -1.27795e+02
 Pressure (bar)   Constr. rmsd
    1.75199e+02    1.02685e-06

           Step           Time
          85000      170.00000

   Energies (kJ/mol)
           Bond            U-B    Proper Dih.          LJ-14     Coulomb-14
    1.04338e+04    1.02506e+04    1.02989e+04    3.65381e+04   -5.12606e+04
        LJ (SR)  Disper. corr.   Coulomb (SR)   Coul. recip.      Potential
   -1.22699e+04   -1.79425e+03   -1.72678e+05    5.27072e+02   -1.69954e+05
    Kinetic En.   Total Energy  Conserved En.    Temperature Pres. DC (bar)
    6.21965e+04   -1.07758e+05   -1.45201e+05    3.02812e+02   -1.28113e+02
 Pressure (bar)   Constr. rmsd
   -7.69819e+01    1.02685e-06

           Step           Time
          90000      180.00000

   Energies (kJ/mol)
           Bond            U-B    Proper Dih.          LJ-14     Coulomb-14
    1.05557e+04    1.02914e+04    1.04371e+04    3.65016e+04   -5.13116e+04
        LJ (SR)  Disper. corr.   Coulomb (SR)   Coul. recip.      Potential
   -1.20552e+04   -1.79609e+03   -1.72658e+05    5.36465e+02   -1.69499e+05
    Kinetic En.   Total Energy  Conserved En.    Temperature Pres. DC (bar)
    6.14340e+04   -1.08065e+05   -1.45144e+05    2.99100e+02   -1.28375e+02
 Pressure (bar)   Constr. rmsd
   -3.89018e+01    1.02685e-06

Writing checkpoint, step 92400 at Mon Jun 30 11:51:33 2025


           Step           Time
          95000      190.00000

   Energies (kJ/mol)
           Bond            U-B    Proper Dih.          LJ-14     Coulomb-14
    1.04355e+04    1.04892e+04    1.04236e+04    3.67343e+04   -5.13431e+04
        LJ (SR)  Disper. corr.   Coulomb (SR)   Coul. recip.      Potential
   -1.25445e+04   -1.79135e+03   -1.71647e+05    5.49715e+02   -1.68693e+05
    Kinetic En.   Total Energy  Conserved En.    Temperature Pres. DC (bar)
    6.10671e+04   -1.07626e+05   -1.45105e+05    2.97313e+02   -1.27699e+02
 Pressure (bar)   Constr. rmsd
   -5.28499e+01    1.02685e-06

           Step           Time
         100000      200.00000

Writing checkpoint, step 100000 at Mon Jun 30 11:51:37 2025


   Energies (kJ/mol)
           Bond            U-B    Proper Dih.          LJ-14     Coulomb-14
    1.03638e+04    1.01106e+04    1.05366e+04    3.66654e+04   -5.12329e+04
        LJ (SR)  Disper. corr.   Coulomb (SR)   Coul. recip.      Potential
   -1.19665e+04   -1.79953e+03   -1.73110e+05    5.09560e+02   -1.69923e+05
    Kinetic En.   Total Energy  Conserved En.    Temperature Pres. DC (bar)
    6.10934e+04   -1.08830e+05   -1.45101e+05    2.97442e+02   -1.28868e+02
 Pressure (bar)   Constr. rmsd
    1.65683e+02    1.02685e-06


Energy conservation over simulation part #1 of length 200 ns, time 0 to 200 ns
  Conserved energy drift: 4.37e-04 kJ/mol/ps per atom


	<======  ###############  ==>
	<====  A V E R A G E S  ====>
	<==  ###############  ======>

	Statistics over 100001 steps using 1001 frames

   Energies (kJ/mol)
           Bond            U-B    Proper Dih.          LJ-14     Coulomb-14
    1.02567e+04    1.00525e+04    9.97263e+03    3.66023e+04   -5.12749e+04
        LJ (SR)  Disper. corr.   Coulomb (SR)   Coul. recip.      Potential
   -1.24693e+04   -1.78501e+03   -1.70649e+05    5.42932e+02   -1.68751e+05
    Kinetic En.   Total Energy  Conserved En.    Temperature Pres. DC (bar)
    6.12070e+04   -1.07544e+05   -1.45332e+05    2.97995e+02   -1.26810e+02
 Pressure (bar)   Constr. rmsd
   -2.00446e+01    0.00000e+00

          Box-X          Box-Y          Box-Z
    4.89021e+00    4.89021e+00    9.78043e+00

   Total Virial (kJ/mol)
    2.06638e+04   -8.87156e+01    1.41107e+01
   -8.87178e+01    2.05967e+04    7.68497e+01
    1.41146e+01    7.68538e+01    2.03762e+04

   Pressure (bar)
   -3.97146e+01    1.25740e+01   -1.58136e+00
    1.25743e+01   -2.99810e+01   -1.40267e+01
   -1.58190e+00   -1.40273e+01    9.56172e+00


       P P   -   P M E   L O A D   B A L A N C I N G

 PP/PME load balancing changed the cut-off and PME settings:
           particle-particle                    PME
            rcoulomb  rlist            grid      spacing   1/beta
   initial  1.400 nm  1.403 nm      42  42  84   0.118 nm  0.448 nm
   final    1.450 nm  1.453 nm      40  40  80   0.124 nm  0.464 nm
 cost-ratio           1.11             0.86
 (note that these numbers concern only part of the total PP and PME load)


	M E G A - F L O P S   A C C O U N T I N G

 NB=Group-cutoff nonbonded kernels    NxN=N-by-N cluster Verlet kernels
 RF=Reaction-Field  VdW=Van der Waals  QSTab=quadratic-spline table
 W3=SPC/TIP3p  W4=TIP4p (single or pairs)
 V&F=Potential and force  V=Potential only  F=Force only

 Computing:                               M-Number         M-Flops  % Flops
-----------------------------------------------------------------------------
 Pair Search distance check            3069.493408       27625.441     0.0
 NxN Ewald Elec. + LJ [F]           3501975.996288   231130415.755    98.0
 NxN Ewald Elec. + LJ [V&F]           35409.154624     3788779.545     1.6
 1,4 nonbonded interactions            1881.418814      169327.693     0.1
 Shift-X                                 21.863842         131.183     0.0
 Bonds                                  572.605726       33783.738     0.0
 Propers                               2126.821268      487042.070     0.2
 Virial                                 218.891887        3940.054     0.0
 Stop-CM                                 21.885684         218.857     0.0
 P-Coupling                             218.441842        1310.651     0.0
 Calc-Ekin                              436.883684       11795.859     0.0
 Lincs                                    0.009816           0.589     0.0
 Constraint-V                             0.021024           0.189     0.0
 Settle                                   0.007472           2.765     0.0
 Urey-Bradley                          1554.215542      284421.444     0.1
-----------------------------------------------------------------------------
 Total                                               235938795.833   100.0
-----------------------------------------------------------------------------


     R E A L   C Y C L E   A N D   T I M E   A C C O U N T I N G

On 1 MPI rank, each using 10 OpenMP threads

 Computing:          Num   Num      Call    Wall time         Giga-Cycles
                     Ranks Threads  Count      (s)         total sum    %
-----------------------------------------------------------------------------
 Neighbor search        1   10       1001       3.177         82.603   4.9
 Launch GPU ops.        1   10     199001       8.342        216.883  12.9
 Force                  1   10     100001      35.234        916.083  54.4
 Wait PME GPU gather    1   10     100001       0.022          0.563   0.0
 Reduce GPU PME F       1   10     100001       0.715         18.597   1.1
 Wait GPU NB local      1   10      90000       0.059          1.528   0.1
 Wait GPU state copy    1   10     125004       7.179        186.645  11.1
 NB X/F buffer ops.     1   10      10001       1.129         29.359   1.7
 Write traj.            1   10         22       1.916         49.820   3.0
 Constraints            1   10          2       0.026          0.666   0.0
 Rest                                           6.935        180.298  10.7
-----------------------------------------------------------------------------
 Total                                         64.732       1683.045 100.0
-----------------------------------------------------------------------------

               Core t (s)   Wall t (s)        (%)
       Time:      647.317       64.732     1000.0
                 (ns/day)    (hour/ns)
Performance:      266.947        0.090
Finished mdrun on rank 0 Mon Jun 30 11:51:38 2025

