                      :-) GROMACS - gmx mdrun, 2021.5 (-:

                            GROMACS is written by:
     Andrey Alekseenko              Emile Apol              Rossen Apostolov     
         Paul Bauer           Herman J.C. Berendsen           Par Bjelkmar       
       Christian Blau           Viacheslav Bolnykh             Kevin Boyd        
     Aldert van Buuren           Rudi van Drunen             Anton Feenstra      
    Gilles Gouaillardet             Alan Gray               Gerrit Groenhof      
       Anca Hamuraru            Vincent Hindriksen          M. Eric Irrgang      
      Aleksei Iupinov           Christoph Junghans             Joe Jordan        
    Dimitrios Karkoulis            Peter Kasson                Jiri Kraus        
      Carsten Kutzner              Per Larsson              Justin A. Lemkul     
       Viveca Lindahl            Magnus Lundborg             Erik Marklund       
        Pascal Merz             Pieter Meulenhoff            Teemu Murtola       
        Szilard Pall               Sander Pronk              Roland Schulz       
       Michael Shirts            Alexey Shvetsov             Alfons Sijbers      
       Peter Tieleman              Jon Vincent              Teemu Virolainen     
     Christian Wennberg            Maarten Wolf              Artem Zhmurov       
                           and the project leaders:
        Mark Abraham, Berk Hess, Erik Lindahl, and David van der Spoel

Copyright (c) 1991-2000, University of Groningen, The Netherlands.
Copyright (c) 2001-2019, The GROMACS development team at
Uppsala University, Stockholm University and
the Royal Institute of Technology, Sweden.
check out http://www.gromacs.org for more information.

GROMACS is free software; you can redistribute it and/or modify it
under the terms of the GNU Lesser General Public License
as published by the Free Software Foundation; either version 2.1
of the License, or (at your option) any later version.

GROMACS:      gmx mdrun, version 2021.5
Executable:   /usr/local/gromacs_2021.5/bin/gmx
Data prefix:  /usr/local/gromacs_2021.5
Working dir:  /srv/home/apbal/work/REU/mixtures/pure_mix/order/em-npt-prodp
Process ID:   974322
Command line:
  gmx mdrun -v -deffnm npt_prod -ntomp 10 -nb gpu -bonded cpu -update gpu -ntmpi 1 -cpt 1

GROMACS version:    2021.5
Precision:          mixed
Memory model:       64 bit
MPI library:        thread_mpi
OpenMP support:     enabled (GMX_OPENMP_MAX_THREADS = 256)
GPU support:        CUDA
SIMD instructions:  AVX2_256
FFT library:        fftw-3.3.8-sse2-avx-avx2-avx2_128
RDTSCP usage:       enabled
TNG support:        enabled
Hwloc support:      disabled
Tracing support:    disabled
C compiler:         /usr/bin/cc GNU 9.4.0
C compiler flags:   -mavx2 -mfma -Wno-missing-field-initializers -fexcess-precision=fast -funroll-all-loops -pthread -O3 -DNDEBUG
C++ compiler:       /usr/bin/c++ GNU 9.4.0
C++ compiler flags: -mavx2 -mfma -Wno-missing-field-initializers -fexcess-precision=fast -funroll-all-loops -pthread -fopenmp -O3 -DNDEBUG
CUDA compiler:      /usr/local/cuda-12.2/bin/nvcc nvcc: NVIDIA (R) Cuda compiler driver;Copyright (c) 2005-2023 NVIDIA Corporation;Built on Tue_Aug_15_22:02:13_PDT_2023;Cuda compilation tools, release 12.2, V12.2.140;Build cuda_12.2.r12.2/compiler.33191640_0
CUDA compiler flags:-std=c++17;-gencode;arch=compute_60,code=sm_60;-gencode;arch=compute_61,code=sm_61;-gencode;arch=compute_62,code=sm_62;-gencode;arch=compute_70,code=sm_70;-gencode;arch=compute_75,code=sm_75;-gencode;arch=compute_80,code=sm_80;-gencode;arch=compute_86,code=sm_86;-gencode;arch=compute_89,code=sm_89;-gencode;arch=compute_60,code=compute_60;-gencode;arch=compute_61,code=compute_61;-gencode;arch=compute_62,code=compute_62;-gencode;arch=compute_70,code=compute_70;-gencode;arch=compute_75,code=compute_75;-gencode;arch=compute_80,code=compute_80;-gencode;arch=compute_86,code=compute_86;-gencode;arch=compute_89,code=compute_89;-use_fast_math;-D_FORCE_INLINES;-mavx2 -mfma -Wno-missing-field-initializers -fexcess-precision=fast -funroll-all-loops -pthread -fopenmp -O3 -DNDEBUG
CUDA driver:        12.90
CUDA runtime:       12.20


Running on 1 node with total 128 cores, 128 logical cores, 1 compatible GPU
Hardware detected:
  CPU info:
    Vendor: AMD
    Brand:  AMD EPYC 7513 32-Core Processor                
    Family: 25   Model: 1   Stepping: 1
    Features: aes amd apic avx avx2 clfsh cmov cx8 cx16 f16c fma htt lahf misalignsse mmx msr nonstop_tsc pcid pclmuldq pdpe1gb popcnt pse rdrnd rdtscp sha sse2 sse3 sse4a sse4.1 sse4.2 ssse3
  Hardware topology: Only logical processor count
  GPU info:
    Number of GPUs detected: 1
    #0: NVIDIA NVIDIA RTX A4500, compute cap.: 8.6, ECC:  no, stat: compatible


++++ PLEASE READ AND CITE THE FOLLOWING REFERENCE ++++
M. J. Abraham, T. Murtola, R. Schulz, S. Páll, J. C. Smith, B. Hess, E.
Lindahl
GROMACS: High performance molecular simulations through multi-level
parallelism from laptops to supercomputers
SoftwareX 1 (2015) pp. 19-25
-------- -------- --- Thank You --- -------- --------


++++ PLEASE READ AND CITE THE FOLLOWING REFERENCE ++++
S. Páll, M. J. Abraham, C. Kutzner, B. Hess, E. Lindahl
Tackling Exascale Software Challenges in Molecular Dynamics Simulations with
GROMACS
In S. Markidis & E. Laure (Eds.), Solving Software Challenges for Exascale 8759 (2015) pp. 3-27
-------- -------- --- Thank You --- -------- --------


++++ PLEASE READ AND CITE THE FOLLOWING REFERENCE ++++
S. Pronk, S. Páll, R. Schulz, P. Larsson, P. Bjelkmar, R. Apostolov, M. R.
Shirts, J. C. Smith, P. M. Kasson, D. van der Spoel, B. Hess, and E. Lindahl
GROMACS 4.5: a high-throughput and highly parallel open source molecular
simulation toolkit
Bioinformatics 29 (2013) pp. 845-54
-------- -------- --- Thank You --- -------- --------


++++ PLEASE READ AND CITE THE FOLLOWING REFERENCE ++++
B. Hess and C. Kutzner and D. van der Spoel and E. Lindahl
GROMACS 4: Algorithms for highly efficient, load-balanced, and scalable
molecular simulation
J. Chem. Theory Comput. 4 (2008) pp. 435-447
-------- -------- --- Thank You --- -------- --------


++++ PLEASE READ AND CITE THE FOLLOWING REFERENCE ++++
D. van der Spoel, E. Lindahl, B. Hess, G. Groenhof, A. E. Mark and H. J. C.
Berendsen
GROMACS: Fast, Flexible and Free
J. Comp. Chem. 26 (2005) pp. 1701-1719
-------- -------- --- Thank You --- -------- --------


++++ PLEASE READ AND CITE THE FOLLOWING REFERENCE ++++
E. Lindahl and B. Hess and D. van der Spoel
GROMACS 3.0: A package for molecular simulation and trajectory analysis
J. Mol. Mod. 7 (2001) pp. 306-317
-------- -------- --- Thank You --- -------- --------


++++ PLEASE READ AND CITE THE FOLLOWING REFERENCE ++++
H. J. C. Berendsen, D. van der Spoel and R. van Drunen
GROMACS: A message-passing parallel molecular dynamics implementation
Comp. Phys. Comm. 91 (1995) pp. 43-56
-------- -------- --- Thank You --- -------- --------


++++ PLEASE CITE THE DOI FOR THIS VERSION OF GROMACS ++++
https://doi.org/10.5281/zenodo.5850051
-------- -------- --- Thank You --- -------- --------

Input Parameters:
   integrator                     = md
   tinit                          = 0
   dt                             = 0.002
   nsteps                         = 50000000
   init-step                      = 0
   simulation-part                = 1
   mts                            = false
   comm-mode                      = Linear
   nstcomm                        = 10
   bd-fric                        = 0
   ld-seed                        = -38813703
   emtol                          = 10
   emstep                         = 0.01
   niter                          = 20
   fcstep                         = 0
   nstcgsteep                     = 1000
   nbfgscorr                      = 10
   rtpi                           = 0.05
   nstxout                        = 50000
   nstvout                        = 50000
   nstfout                        = 0
   nstlog                         = 5000
   nstcalcenergy                  = 5
   nstenergy                      = 5000
   nstxout-compressed             = 5000
   compressed-x-precision         = 1000
   cutoff-scheme                  = Verlet
   nstlist                        = 10
   pbc                            = xyz
   periodic-molecules             = false
   verlet-buffer-tolerance        = 0.005
   rlist                          = 1.2
   coulombtype                    = PME
   coulomb-modifier               = Potential-shift
   rcoulomb-switch                = 0
   rcoulomb                       = 1.2
   epsilon-r                      = 1
   epsilon-rf                     = inf
   vdw-type                       = Cut-off
   vdw-modifier                   = Potential-switch
   rvdw-switch                    = 1
   rvdw                           = 1.2
   DispCorr                       = EnerPres
   table-extension                = 3.5
   fourierspacing                 = 0.12
   fourier-nx                     = 52
   fourier-ny                     = 52
   fourier-nz                     = 200
   pme-order                      = 4
   ewald-rtol                     = 1e-05
   ewald-rtol-lj                  = 0.001
   lj-pme-comb-rule               = Geometric
   ewald-geometry                 = 0
   epsilon-surface                = 0
   tcoupl                         = V-rescale
   nsttcouple                     = 10
   nh-chain-length                = 0
   print-nose-hoover-chain-variables = false
   pcoupl                         = Parrinello-Rahman
   pcoupltype                     = Isotropic
   nstpcouple                     = 10
   tau-p                          = 2
   compressibility (3x3):
      compressibility[    0]={ 4.50000e-05,  0.00000e+00,  0.00000e+00}
      compressibility[    1]={ 0.00000e+00,  4.50000e-05,  0.00000e+00}
      compressibility[    2]={ 0.00000e+00,  0.00000e+00,  4.50000e-05}
   ref-p (3x3):
      ref-p[    0]={ 1.00000e+00,  0.00000e+00,  0.00000e+00}
      ref-p[    1]={ 0.00000e+00,  1.00000e+00,  0.00000e+00}
      ref-p[    2]={ 0.00000e+00,  0.00000e+00,  1.00000e+00}
   refcoord-scaling               = No
   posres-com (3):
      posres-com[0]= 0.00000e+00
      posres-com[1]= 0.00000e+00
      posres-com[2]= 0.00000e+00
   posres-comB (3):
      posres-comB[0]= 0.00000e+00
      posres-comB[1]= 0.00000e+00
      posres-comB[2]= 0.00000e+00
   QMMM                           = false
qm-opts:
   ngQM                           = 0
   constraint-algorithm           = Lincs
   continuation                   = false
   Shake-SOR                      = false
   shake-tol                      = 0.0001
   lincs-order                    = 4
   lincs-iter                     = 1
   lincs-warnangle                = 30
   nwall                          = 0
   wall-type                      = 9-3
   wall-r-linpot                  = -1
   wall-atomtype[0]               = -1
   wall-atomtype[1]               = -1
   wall-density[0]                = 0
   wall-density[1]                = 0
   wall-ewald-zfac                = 3
   pull                           = false
   awh                            = false
   rotation                       = false
   interactiveMD                  = false
   disre                          = No
   disre-weighting                = Conservative
   disre-mixed                    = false
   dr-fc                          = 1000
   dr-tau                         = 0
   nstdisreout                    = 100
   orire-fc                       = 0
   orire-tau                      = 0
   nstorireout                    = 100
   free-energy                    = no
   cos-acceleration               = 0
   deform (3x3):
      deform[    0]={ 0.00000e+00,  0.00000e+00,  0.00000e+00}
      deform[    1]={ 0.00000e+00,  0.00000e+00,  0.00000e+00}
      deform[    2]={ 0.00000e+00,  0.00000e+00,  0.00000e+00}
   simulated-tempering            = false
   swapcoords                     = no
   userint1                       = 0
   userint2                       = 0
   userint3                       = 0
   userint4                       = 0
   userreal1                      = 0
   userreal2                      = 0
   userreal3                      = 0
   userreal4                      = 0
   applied-forces:
     electric-field:
       x:
         E0                       = 0
         omega                    = 0
         t0                       = 0
         sigma                    = 0
       y:
         E0                       = 0
         omega                    = 0
         t0                       = 0
         sigma                    = 0
       z:
         E0                       = 0
         omega                    = 0
         t0                       = 0
         sigma                    = 0
     density-guided-simulation:
       active                     = false
       group                      = protein
       similarity-measure         = inner-product
       atom-spreading-weight      = unity
       force-constant             = 1e+09
       gaussian-transform-spreading-width = 0.2
       gaussian-transform-spreading-range-in-multiples-of-width = 4
       reference-density-filename = reference.mrc
       nst                        = 1
       normalize-densities        = true
       adaptive-force-scaling     = false
       adaptive-force-scaling-time-constant = 4
       shift-vector               = 
       transformation-matrix      = 
grpopts:
   nrdf:      169003
   ref-t:         298
   tau-t:         0.1
annealing:          No
annealing-npoints:           0
   acc:	           0           0           0
   nfreeze:           N           N           N
   energygrp-flags[  0]: 0

Changing nstlist from 10 to 100, rlist from 1.2 to 1.321

1 GPU selected for this run.
Mapping of GPU IDs to the 2 GPU tasks in the 1 rank on this node:
  PP:0,PME:0
PP tasks will do (non-perturbed) short-ranged interactions on the GPU
PP task will update and constrain coordinates on the GPU
PME tasks will do all aspects on the GPU
Using 1 MPI thread

Non-default thread affinity set, disabling internal thread affinity

Using 10 OpenMP threads 

System total charge: 0.000
Will do PME sum in reciprocal space for electrostatic interactions.

++++ PLEASE READ AND CITE THE FOLLOWING REFERENCE ++++
U. Essmann, L. Perera, M. L. Berkowitz, T. Darden, H. Lee and L. G. Pedersen 
A smooth particle mesh Ewald method
J. Chem. Phys. 103 (1995) pp. 8577-8592
-------- -------- --- Thank You --- -------- --------

Using a Gaussian width (1/beta) of 0.384195 nm for Ewald
Potential shift: LJ r^-12: 0.000e+00 r^-6: 0.000e+00, Ewald -8.333e-06
Initialized non-bonded Ewald tables, spacing: 1.02e-03 size: 1176

Generated table with 2410 data points for 1-4 COUL.
Tabscale = 500 points/nm
Generated table with 2410 data points for 1-4 LJ6.
Tabscale = 500 points/nm
Generated table with 2410 data points for 1-4 LJ12.
Tabscale = 500 points/nm
Long Range LJ corr.: <C6> 3.8317e-04


Using GPU 8x8 nonbonded short-range kernels

Using a dual 8x8 pair-list setup updated with dynamic, rolling pruning:
  outer list: updated every 100 steps, buffer 0.121 nm, rlist 1.321 nm
  inner list: updated every  16 steps, buffer 0.002 nm, rlist 1.202 nm
At tolerance 0.005 kJ/mol/ps per atom, equivalent classical 1x1 list would be:
  outer list: updated every 100 steps, buffer 0.279 nm, rlist 1.479 nm
  inner list: updated every  16 steps, buffer 0.067 nm, rlist 1.267 nm
Removing pbc first time

Initializing LINear Constraint Solver

++++ PLEASE READ AND CITE THE FOLLOWING REFERENCE ++++
B. Hess and H. Bekker and H. J. C. Berendsen and J. G. E. M. Fraaije
LINCS: A Linear Constraint Solver for molecular simulations
J. Comp. Chem. 18 (1997) pp. 1463-1472
-------- -------- --- Thank You --- -------- --------

The number of constraints is 20000

++++ PLEASE READ AND CITE THE FOLLOWING REFERENCE ++++
S. Miyamoto and P. A. Kollman
SETTLE: An Analytical Version of the SHAKE and RATTLE Algorithms for Rigid
Water Models
J. Comp. Chem. 13 (1992) pp. 952-962
-------- -------- --- Thank You --- -------- --------


++++ PLEASE READ AND CITE THE FOLLOWING REFERENCE ++++
G. Bussi, D. Donadio and M. Parrinello
Canonical sampling through velocity rescaling
J. Chem. Phys. 126 (2007) pp. 014101
-------- -------- --- Thank You --- -------- --------

There are: 79503 Atoms

Updating coordinates and applying constraints on the GPU.

Constraining the starting coordinates (step 0)

Constraining the coordinates at t0-dt (step 0)
Center of mass motion removal mode is Linear
We have the following groups for center of mass motion removal:
  0:  rest
RMS relative constraint deviation after constraining: 4.69e-06
Initial temperature: 297.759 K

Started mdrun on rank 0 Wed Jul 16 11:01:45 2025

           Step           Time
              0        0.00000

   Energies (kJ/mol)
           Bond            U-B    Proper Dih.          LJ-14     Coulomb-14
    6.84232e+03    3.95212e+04    6.51402e+03   -3.08678e+02    3.19895e+05
        LJ (SR)  Disper. corr.   Coulomb (SR)   Coul. recip.      Potential
    3.14793e+04   -4.69100e+03   -9.02522e+05    3.93530e+03   -4.99334e+05
    Kinetic En.   Total Energy  Conserved En.    Temperature Pres. DC (bar)
    2.15972e+05   -2.83362e+05   -2.83313e+05    3.07396e+02   -9.52021e+01
 Pressure (bar)   Constr. rmsd
    1.78022e+02    4.69084e-06

step  600: timed with pme grid 52 52 200, coulomb cutoff 1.200: 7471.8 M-cycles
step  800: timed with pme grid 42 42 168, coulomb cutoff 1.403: 7646.0 M-cycles
step 1000: timed with pme grid 36 36 144, coulomb cutoff 1.637: 7562.9 M-cycles
step 1200: timed with pme grid 32 32 128, coulomb cutoff 1.841: 7490.1 M-cycles
step 1200: the maximum allowed grid scaling limits the PME load balancing to a coulomb cut-off of 1.964
step 1400: timed with pme grid 32 32 120, coulomb cutoff 1.964: 7529.5 M-cycles
step 1600: timed with pme grid 32 32 128, coulomb cutoff 1.841: 7552.8 M-cycles
step 1800: timed with pme grid 36 36 144, coulomb cutoff 1.637: 7472.1 M-cycles
Writing checkpoint, step 1800 at Wed Jul 16 11:02:49 2025


step 2000: timed with pme grid 40 40 160, coulomb cutoff 1.473: 7464.3 M-cycles
step 2200: timed with pme grid 42 42 168, coulomb cutoff 1.403: 7745.2 M-cycles
step 2400: timed with pme grid 44 44 192, coulomb cutoff 1.339: 7557.8 M-cycles
step 2600: timed with pme grid 48 48 192, coulomb cutoff 1.228: 7451.2 M-cycles
step 2800: timed with pme grid 52 52 200, coulomb cutoff 1.200: 7440.8 M-cycles
              optimal pme grid 52 52 200, coulomb cutoff 1.200
           Step           Time
           5000       10.00000

   Energies (kJ/mol)
           Bond            U-B    Proper Dih.          LJ-14     Coulomb-14
    6.78077e+03    3.96792e+04    6.43000e+03   -3.07321e+02    3.19669e+05
        LJ (SR)  Disper. corr.   Coulomb (SR)   Coul. recip.      Potential
    3.14916e+04   -4.67995e+03   -9.02456e+05    3.93922e+03   -4.99454e+05
    Kinetic En.   Total Energy  Conserved En.    Temperature Pres. DC (bar)
    2.08988e+05   -2.90466e+05   -2.83071e+05    2.97457e+02   -9.47539e+01
 Pressure (bar)   Constr. rmsd
    1.44842e+01    4.69084e-06

           Step           Time
          10000       20.00000

   Energies (kJ/mol)
           Bond            U-B    Proper Dih.          LJ-14     Coulomb-14
    6.51793e+03    3.91834e+04    6.48712e+03   -3.09564e+02    3.19988e+05
        LJ (SR)  Disper. corr.   Coulomb (SR)   Coul. recip.      Potential
    3.08167e+04   -4.69530e+03   -9.02462e+05    3.91138e+03   -5.00562e+05
    Kinetic En.   Total Energy  Conserved En.    Temperature Pres. DC (bar)
    2.09968e+05   -2.90595e+05   -2.82989e+05    2.98850e+02   -9.53766e+01
 Pressure (bar)   Constr. rmsd
    2.17164e+02    4.69084e-06

Writing checkpoint, step 12200 at Wed Jul 16 11:03:47 2025


           Step           Time
          15000       30.00000

   Energies (kJ/mol)
           Bond            U-B    Proper Dih.          LJ-14     Coulomb-14
    6.86215e+03    3.88343e+04    6.62513e+03   -3.09417e+02    3.19955e+05
        LJ (SR)  Disper. corr.   Coulomb (SR)   Coul. recip.      Potential
    3.17816e+04   -4.69394e+03   -9.03044e+05    3.88723e+03   -5.00101e+05
    Kinetic En.   Total Energy  Conserved En.    Temperature Pres. DC (bar)
    2.08763e+05   -2.91339e+05   -2.83025e+05    2.97135e+02   -9.53212e+01
 Pressure (bar)   Constr. rmsd
    7.00737e+01    4.69084e-06

           Step           Time
          20000       40.00000

   Energies (kJ/mol)
           Bond            U-B    Proper Dih.          LJ-14     Coulomb-14
    7.01755e+03    3.92408e+04    6.30036e+03   -3.08555e+02    3.19868e+05
        LJ (SR)  Disper. corr.   Coulomb (SR)   Coul. recip.      Potential
    3.09304e+04   -4.65352e+03   -9.01070e+05    4.03217e+03   -4.98642e+05
    Kinetic En.   Total Energy  Conserved En.    Temperature Pres. DC (bar)
    2.09538e+05   -2.89104e+05   -2.82971e+05    2.98239e+02   -9.36869e+01
 Pressure (bar)   Constr. rmsd
   -2.03492e+02    4.69084e-06

Writing checkpoint, step 21600 at Wed Jul 16 11:04:47 2025


           Step           Time
          25000       50.00000

   Energies (kJ/mol)
           Bond            U-B    Proper Dih.          LJ-14     Coulomb-14
    6.90331e+03    3.97172e+04    6.53760e+03   -3.09138e+02    3.19899e+05
        LJ (SR)  Disper. corr.   Coulomb (SR)   Coul. recip.      Potential
    3.05349e+04   -4.65990e+03   -8.99492e+05    3.95915e+03   -4.96910e+05
    Kinetic En.   Total Energy  Conserved En.    Temperature Pres. DC (bar)
    2.09069e+05   -2.87841e+05   -2.82874e+05    2.97572e+02   -9.39438e+01
 Pressure (bar)   Constr. rmsd
   -7.01381e+00    4.69084e-06

           Step           Time
          30000       60.00000

   Energies (kJ/mol)
           Bond            U-B    Proper Dih.          LJ-14     Coulomb-14
    6.69790e+03    3.90667e+04    6.39972e+03   -3.08567e+02    3.19900e+05
        LJ (SR)  Disper. corr.   Coulomb (SR)   Coul. recip.      Potential
    3.04340e+04   -4.67847e+03   -9.00914e+05    4.02658e+03   -4.99377e+05
    Kinetic En.   Total Energy  Conserved En.    Temperature Pres. DC (bar)
    2.08491e+05   -2.90886e+05   -2.82900e+05    2.96749e+02   -9.46939e+01
 Pressure (bar)   Constr. rmsd
   -2.39991e+01    4.69084e-06

Writing checkpoint, step 33900 at Wed Jul 16 11:05:45 2025


           Step           Time
          35000       70.00000

   Energies (kJ/mol)
           Bond            U-B    Proper Dih.          LJ-14     Coulomb-14
    6.65283e+03    3.89132e+04    6.40016e+03   -3.09181e+02    3.19982e+05
        LJ (SR)  Disper. corr.   Coulomb (SR)   Coul. recip.      Potential
    3.07301e+04   -4.67587e+03   -9.02145e+05    3.88985e+03   -5.00561e+05
    Kinetic En.   Total Energy  Conserved En.    Temperature Pres. DC (bar)
    2.08279e+05   -2.92282e+05   -2.82919e+05    2.96447e+02   -9.45890e+01
 Pressure (bar)   Constr. rmsd
    2.07410e+01    4.69084e-06

           Step           Time
          40000       80.00000

   Energies (kJ/mol)
           Bond            U-B    Proper Dih.          LJ-14     Coulomb-14
    6.86967e+03    3.89834e+04    6.39607e+03   -3.07491e+02    3.19731e+05
        LJ (SR)  Disper. corr.   Coulomb (SR)   Coul. recip.      Potential
    3.04754e+04   -4.68214e+03   -9.01381e+05    3.99066e+03   -4.99924e+05
    Kinetic En.   Total Energy  Conserved En.    Temperature Pres. DC (bar)
    2.09335e+05   -2.90589e+05   -2.82918e+05    2.97950e+02   -9.48428e+01
 Pressure (bar)   Constr. rmsd
   -5.93737e+01    4.69084e-06

           Step           Time
          45000       90.00000

   Energies (kJ/mol)
           Bond            U-B    Proper Dih.          LJ-14     Coulomb-14
    6.90856e+03    3.95148e+04    6.62187e+03   -3.09481e+02    3.19967e+05
        LJ (SR)  Disper. corr.   Coulomb (SR)   Coul. recip.      Potential
    3.03424e+04   -4.68019e+03   -9.00056e+05    3.91124e+03   -4.97779e+05
    Kinetic En.   Total Energy  Conserved En.    Temperature Pres. DC (bar)
    2.10131e+05   -2.87649e+05   -2.82860e+05    2.99082e+02   -9.47638e+01
 Pressure (bar)   Constr. rmsd
    8.32473e+00    4.69084e-06

Writing checkpoint, step 49300 at Wed Jul 16 11:06:47 2025


           Step           Time
          50000      100.00000

   Energies (kJ/mol)
           Bond            U-B    Proper Dih.          LJ-14     Coulomb-14
    6.85994e+03    3.89145e+04    6.31745e+03   -3.08188e+02    3.19860e+05
        LJ (SR)  Disper. corr.   Coulomb (SR)   Coul. recip.      Potential
    3.00401e+04   -4.68139e+03   -9.00764e+05    3.95182e+03   -4.99811e+05
    Kinetic En.   Total Energy  Conserved En.    Temperature Pres. DC (bar)
    2.10058e+05   -2.89753e+05   -2.82872e+05    2.98979e+02   -9.48123e+01
 Pressure (bar)   Constr. rmsd
   -1.88228e+01    4.69084e-06

Writing checkpoint, step 51400 at Wed Jul 16 11:07:47 2025


           Step           Time
          55000      110.00000

   Energies (kJ/mol)
           Bond            U-B    Proper Dih.          LJ-14     Coulomb-14
    6.97674e+03    3.93048e+04    6.46819e+03   -3.07971e+02    3.19739e+05
        LJ (SR)  Disper. corr.   Coulomb (SR)   Coul. recip.      Potential
    2.95638e+04   -4.67251e+03   -9.00399e+05    4.02937e+03   -4.99298e+05
    Kinetic En.   Total Energy  Conserved En.    Temperature Pres. DC (bar)
    2.09692e+05   -2.89606e+05   -2.82828e+05    2.98458e+02   -9.44529e+01
 Pressure (bar)   Constr. rmsd
   -1.53795e+02    4.69084e-06

Writing checkpoint, step 57000 at Wed Jul 16 11:08:45 2025


           Step           Time
          60000      120.00000

   Energies (kJ/mol)
           Bond            U-B    Proper Dih.          LJ-14     Coulomb-14
    6.81282e+03    3.92638e+04    6.61207e+03   -3.08031e+02    3.19785e+05
        LJ (SR)  Disper. corr.   Coulomb (SR)   Coul. recip.      Potential
    2.95570e+04   -4.67843e+03   -8.99607e+05    3.97122e+03   -4.98592e+05
    Kinetic En.   Total Energy  Conserved En.    Temperature Pres. DC (bar)
    2.09011e+05   -2.89581e+05   -2.82811e+05    2.97489e+02   -9.46924e+01
 Pressure (bar)   Constr. rmsd
   -6.55387e+01    4.69084e-06

           Step           Time
          65000      130.00000

   Energies (kJ/mol)
           Bond            U-B    Proper Dih.          LJ-14     Coulomb-14
    6.81267e+03    3.88715e+04    6.47070e+03   -3.08580e+02    3.19875e+05
        LJ (SR)  Disper. corr.   Coulomb (SR)   Coul. recip.      Potential
    3.14004e+04   -4.68739e+03   -9.00645e+05    4.00828e+03   -4.98202e+05
    Kinetic En.   Total Energy  Conserved En.    Temperature Pres. DC (bar)
    2.08963e+05   -2.89238e+05   -2.82858e+05    2.97421e+02   -9.50556e+01
 Pressure (bar)   Constr. rmsd
    1.21183e+02    4.69084e-06

           Step           Time
          70000      140.00000

   Energies (kJ/mol)
           Bond            U-B    Proper Dih.          LJ-14     Coulomb-14
    6.83850e+03    3.86080e+04    6.47314e+03   -3.08057e+02    3.19786e+05
        LJ (SR)  Disper. corr.   Coulomb (SR)   Coul. recip.      Potential
    2.91549e+04   -4.68659e+03   -8.98575e+05    4.00600e+03   -4.98703e+05
    Kinetic En.   Total Energy  Conserved En.    Temperature Pres. DC (bar)
    2.08601e+05   -2.90102e+05   -2.82822e+05    2.96906e+02   -9.50231e+01
 Pressure (bar)   Constr. rmsd
   -1.34581e+02    4.69084e-06

           Step           Time
          75000      150.00000

   Energies (kJ/mol)
           Bond            U-B    Proper Dih.          LJ-14     Coulomb-14
    6.60799e+03    3.89075e+04    6.41387e+03   -3.08107e+02    3.19804e+05
        LJ (SR)  Disper. corr.   Coulomb (SR)   Coul. recip.      Potential
    3.05773e+04   -4.66347e+03   -8.99998e+05    3.95076e+03   -4.98708e+05
    Kinetic En.   Total Energy  Conserved En.    Temperature Pres. DC (bar)
    2.07637e+05   -2.91071e+05   -2.82844e+05    2.95534e+02   -9.40878e+01
 Pressure (bar)   Constr. rmsd
   -4.03818e+01    4.69084e-06

           Step           Time
          80000      160.00000

   Energies (kJ/mol)
           Bond            U-B    Proper Dih.          LJ-14     Coulomb-14
    6.84451e+03    3.84794e+04    6.45095e+03   -3.09361e+02    3.19952e+05
        LJ (SR)  Disper. corr.   Coulomb (SR)   Coul. recip.      Potential
    3.15238e+04   -4.68963e+03   -9.02752e+05    3.99075e+03   -5.00509e+05
    Kinetic En.   Total Energy  Conserved En.    Temperature Pres. DC (bar)
    2.10312e+05   -2.90197e+05   -2.82833e+05    2.99341e+02   -9.51462e+01
 Pressure (bar)   Constr. rmsd
    1.22974e+02    4.69084e-06

           Step           Time
          85000      170.00000

   Energies (kJ/mol)
           Bond            U-B    Proper Dih.          LJ-14     Coulomb-14
    6.74216e+03    3.94863e+04    6.44787e+03   -3.09136e+02    3.19948e+05
        LJ (SR)  Disper. corr.   Coulomb (SR)   Coul. recip.      Potential
    3.06358e+04   -4.67052e+03   -9.01922e+05    4.00643e+03   -4.99635e+05
    Kinetic En.   Total Energy  Conserved En.    Temperature Pres. DC (bar)
    2.07756e+05   -2.91880e+05   -2.82756e+05    2.95702e+02   -9.43723e+01
 Pressure (bar)   Constr. rmsd
   -1.37542e+01    4.69084e-06

           Step           Time
          90000      180.00000

   Energies (kJ/mol)
           Bond            U-B    Proper Dih.          LJ-14     Coulomb-14
    6.85695e+03    3.84109e+04    6.34370e+03   -3.07963e+02    3.19834e+05
        LJ (SR)  Disper. corr.   Coulomb (SR)   Coul. recip.      Potential
    3.19057e+04   -4.67737e+03   -9.03712e+05    3.95709e+03   -5.01389e+05
    Kinetic En.   Total Energy  Conserved En.    Temperature Pres. DC (bar)
    2.09492e+05   -2.91897e+05   -2.82816e+05    2.98173e+02   -9.46494e+01
 Pressure (bar)   Constr. rmsd
   -7.15001e-01    4.69084e-06

           Step           Time
          95000      190.00000

   Energies (kJ/mol)
           Bond            U-B    Proper Dih.          LJ-14     Coulomb-14
    6.78906e+03    3.94875e+04    6.47219e+03   -3.09790e+02    3.20014e+05
        LJ (SR)  Disper. corr.   Coulomb (SR)   Coul. recip.      Potential
    2.94642e+04   -4.67317e+03   -9.00828e+05    3.89133e+03   -4.99693e+05
    Kinetic En.   Total Energy  Conserved En.    Temperature Pres. DC (bar)
    2.08099e+05   -2.91594e+05   -2.82727e+05    2.96191e+02   -9.44794e+01
 Pressure (bar)   Constr. rmsd
   -3.97938e+01    4.69084e-06

           Step           Time
         100000      200.00000

   Energies (kJ/mol)
           Bond            U-B    Proper Dih.          LJ-14     Coulomb-14
    6.85169e+03    3.91059e+04    6.38721e+03   -3.08572e+02    3.19862e+05
        LJ (SR)  Disper. corr.   Coulomb (SR)   Coul. recip.      Potential
    2.93163e+04   -4.68667e+03   -8.99671e+05    3.98721e+03   -4.99156e+05
    Kinetic En.   Total Energy  Conserved En.    Temperature Pres. DC (bar)
    2.09655e+05   -2.89500e+05   -2.82740e+05    2.98406e+02   -9.50264e+01
 Pressure (bar)   Constr. rmsd
   -1.24716e+02    4.69084e-06

Writing checkpoint, step 101300 at Wed Jul 16 11:09:45 2025


           Step           Time
         105000      210.00000

   Energies (kJ/mol)
           Bond            U-B    Proper Dih.          LJ-14     Coulomb-14
    6.78886e+03    3.92381e+04    6.40701e+03   -3.08961e+02    3.19891e+05
        LJ (SR)  Disper. corr.   Coulomb (SR)   Coul. recip.      Potential
    3.12125e+04   -4.67990e+03   -9.00939e+05    3.95184e+03   -4.98439e+05
    Kinetic En.   Total Energy  Conserved En.    Temperature Pres. DC (bar)
    2.10284e+05   -2.88155e+05   -2.82793e+05    2.99300e+02   -9.47520e+01
 Pressure (bar)   Constr. rmsd
    1.22289e+02    4.69084e-06

           Step           Time
         110000      220.00000

   Energies (kJ/mol)
           Bond            U-B    Proper Dih.          LJ-14     Coulomb-14
    7.04517e+03    3.87094e+04    6.47882e+03   -3.09595e+02    3.20034e+05
        LJ (SR)  Disper. corr.   Coulomb (SR)   Coul. recip.      Potential
    3.11421e+04   -4.64944e+03   -9.00290e+05    3.98073e+03   -4.97859e+05
    Kinetic En.   Total Energy  Conserved En.    Temperature Pres. DC (bar)
    2.09298e+05   -2.88561e+05   -2.82654e+05    2.97897e+02   -9.35225e+01
 Pressure (bar)   Constr. rmsd
   -1.72315e+02    4.69084e-06

           Step           Time
         115000      230.00000

   Energies (kJ/mol)
           Bond            U-B    Proper Dih.          LJ-14     Coulomb-14
    6.81908e+03    3.87545e+04    6.56948e+03   -3.08975e+02    3.19935e+05
        LJ (SR)  Disper. corr.   Coulomb (SR)   Coul. recip.      Potential
    3.06456e+04   -4.67351e+03   -9.00481e+05    3.97185e+03   -4.98768e+05
    Kinetic En.   Total Energy  Conserved En.    Temperature Pres. DC (bar)
    2.10127e+05   -2.88641e+05   -2.82676e+05    2.99077e+02   -9.44934e+01
 Pressure (bar)   Constr. rmsd
   -7.50113e+01    4.69084e-06

           Step           Time
         120000      240.00000

   Energies (kJ/mol)
           Bond            U-B    Proper Dih.          LJ-14     Coulomb-14
    6.94633e+03    3.89433e+04    6.34797e+03   -3.08677e+02    3.19945e+05
        LJ (SR)  Disper. corr.   Coulomb (SR)   Coul. recip.      Potential
    2.95744e+04   -4.68150e+03   -9.01195e+05    3.84984e+03   -5.00579e+05
    Kinetic En.   Total Energy  Conserved En.    Temperature Pres. DC (bar)
    2.10806e+05   -2.89773e+05   -2.82632e+05    3.00044e+02   -9.48166e+01
 Pressure (bar)   Constr. rmsd
   -3.79643e+01    4.69084e-06

           Step           Time
         125000      250.00000

   Energies (kJ/mol)
           Bond            U-B    Proper Dih.          LJ-14     Coulomb-14
    6.78917e+03    3.86465e+04    6.44712e+03   -3.08934e+02    3.19918e+05
        LJ (SR)  Disper. corr.   Coulomb (SR)   Coul. recip.      Potential
    3.04136e+04   -4.67725e+03   -9.00708e+05    4.00454e+03   -4.99475e+05
    Kinetic En.   Total Energy  Conserved En.    Temperature Pres. DC (bar)
    2.09870e+05   -2.89605e+05   -2.82587e+05    2.98712e+02   -9.46448e+01
 Pressure (bar)   Constr. rmsd
   -6.04291e+01    4.69084e-06

           Step           Time
         130000      260.00000

   Energies (kJ/mol)
           Bond            U-B    Proper Dih.          LJ-14     Coulomb-14
    6.82107e+03    3.91290e+04    6.39590e+03   -3.07449e+02    3.19750e+05
        LJ (SR)  Disper. corr.   Coulomb (SR)   Coul. recip.      Potential
    3.02519e+04   -4.66566e+03   -9.00700e+05    4.00405e+03   -4.99321e+05
    Kinetic En.   Total Energy  Conserved En.    Temperature Pres. DC (bar)
    2.09524e+05   -2.89797e+05   -2.82493e+05    2.98219e+02   -9.41763e+01
 Pressure (bar)   Constr. rmsd
   -1.11395e+02    4.69084e-06

           Step           Time
         135000      270.00000

   Energies (kJ/mol)
           Bond            U-B    Proper Dih.          LJ-14     Coulomb-14
    6.80790e+03    3.89500e+04    6.46415e+03   -3.08269e+02    3.19872e+05
        LJ (SR)  Disper. corr.   Coulomb (SR)   Coul. recip.      Potential
    2.95790e+04   -4.69746e+03   -8.99874e+05    4.01536e+03   -4.99192e+05
    Kinetic En.   Total Energy  Conserved En.    Temperature Pres. DC (bar)
    2.09756e+05   -2.89435e+05   -2.82486e+05    2.98550e+02   -9.54642e+01
 Pressure (bar)   Constr. rmsd
    6.39219e+01    4.69084e-06

           Step           Time
         140000      280.00000

   Energies (kJ/mol)
           Bond            U-B    Proper Dih.          LJ-14     Coulomb-14
    6.71405e+03    3.93310e+04    6.40342e+03   -3.09223e+02    3.19979e+05
        LJ (SR)  Disper. corr.   Coulomb (SR)   Coul. recip.      Potential
    3.12770e+04   -4.68020e+03   -9.01958e+05    3.99690e+03   -4.99245e+05
    Kinetic En.   Total Energy  Conserved En.    Temperature Pres. DC (bar)
    2.07869e+05   -2.91377e+05   -2.82366e+05    2.95863e+02   -9.47641e+01
 Pressure (bar)   Constr. rmsd
    2.06750e+01    4.69084e-06

           Step           Time
         145000      290.00000

   Energies (kJ/mol)
           Bond            U-B    Proper Dih.          LJ-14     Coulomb-14
    6.77360e+03    3.88452e+04    6.59100e+03   -3.08575e+02    3.19844e+05
        LJ (SR)  Disper. corr.   Coulomb (SR)   Coul. recip.      Potential
    3.02292e+04   -4.66587e+03   -9.00499e+05    3.91100e+03   -4.99280e+05
    Kinetic En.   Total Energy  Conserved En.    Temperature Pres. DC (bar)
    2.10288e+05   -2.88991e+05   -2.82436e+05    2.99307e+02   -9.41848e+01
 Pressure (bar)   Constr. rmsd
   -1.19267e+02    4.69084e-06

Writing checkpoint, step 147100 at Wed Jul 16 11:10:45 2025


           Step           Time
         150000      300.00000

   Energies (kJ/mol)
           Bond            U-B    Proper Dih.          LJ-14     Coulomb-14
    6.94755e+03    3.88712e+04    6.46741e+03   -3.09396e+02    3.19983e+05
        LJ (SR)  Disper. corr.   Coulomb (SR)   Coul. recip.      Potential
    3.04787e+04   -4.68138e+03   -9.00000e+05    3.93830e+03   -4.98304e+05
    Kinetic En.   Total Energy  Conserved En.    Temperature Pres. DC (bar)
    2.09728e+05   -2.88576e+05   -2.82399e+05    2.98509e+02   -9.48117e+01
 Pressure (bar)   Constr. rmsd
    1.84809e+01    4.69084e-06

           Step           Time
         155000      310.00000

   Energies (kJ/mol)
           Bond            U-B    Proper Dih.          LJ-14     Coulomb-14
    6.57354e+03    3.93987e+04    6.57004e+03   -3.08476e+02    3.19857e+05
        LJ (SR)  Disper. corr.   Coulomb (SR)   Coul. recip.      Potential
    2.93220e+04   -4.68462e+03   -9.00049e+05    3.91526e+03   -4.99405e+05
    Kinetic En.   Total Energy  Conserved En.    Temperature Pres. DC (bar)
    2.09230e+05   -2.90175e+05   -2.82373e+05    2.97801e+02   -9.49430e+01
 Pressure (bar)   Constr. rmsd
    9.55962e+00    4.69084e-06

           Step           Time
         160000      320.00000

   Energies (kJ/mol)
           Bond            U-B    Proper Dih.          LJ-14     Coulomb-14
    6.82279e+03    3.87926e+04    6.35997e+03   -3.08928e+02    3.19937e+05
        LJ (SR)  Disper. corr.   Coulomb (SR)   Coul. recip.      Potential
    2.87630e+04   -4.69131e+03   -8.98704e+05    3.86118e+03   -4.99168e+05
    Kinetic En.   Total Energy  Conserved En.    Temperature Pres. DC (bar)
    2.09735e+05   -2.89433e+05   -2.82389e+05    2.98520e+02   -9.52145e+01
 Pressure (bar)   Constr. rmsd
   -1.31557e+02    4.69084e-06

           Step           Time
         165000      330.00000

   Energies (kJ/mol)
           Bond            U-B    Proper Dih.          LJ-14     Coulomb-14
    6.90572e+03    3.90909e+04    6.40000e+03   -3.08745e+02    3.19888e+05
        LJ (SR)  Disper. corr.   Coulomb (SR)   Coul. recip.      Potential
    3.02982e+04   -4.67962e+03   -8.99039e+05    4.06026e+03   -4.97384e+05
    Kinetic En.   Total Energy  Conserved En.    Temperature Pres. DC (bar)
    2.09562e+05   -2.87823e+05   -2.82371e+05    2.98272e+02   -9.47406e+01
 Pressure (bar)   Constr. rmsd
   -5.34092e+01    4.69084e-06

           Step           Time
         170000      340.00000

   Energies (kJ/mol)
           Bond            U-B    Proper Dih.          LJ-14     Coulomb-14
    6.81624e+03    3.88268e+04    6.56397e+03   -3.08102e+02    3.19760e+05
        LJ (SR)  Disper. corr.   Coulomb (SR)   Coul. recip.      Potential
    3.02914e+04   -4.66783e+03   -9.00227e+05    3.97030e+03   -4.98975e+05
    Kinetic En.   Total Energy  Conserved En.    Temperature Pres. DC (bar)
    2.08977e+05   -2.89998e+05   -2.82327e+05    2.97441e+02   -9.42640e+01
 Pressure (bar)   Constr. rmsd
   -9.87257e+01    4.69084e-06

           Step           Time
         175000      350.00000

   Energies (kJ/mol)
           Bond            U-B    Proper Dih.          LJ-14     Coulomb-14
    6.85453e+03    3.90492e+04    6.44345e+03   -3.07338e+02    3.19712e+05
        LJ (SR)  Disper. corr.   Coulomb (SR)   Coul. recip.      Potential
    2.87490e+04   -4.66008e+03   -8.98405e+05    3.91468e+03   -4.98650e+05
    Kinetic En.   Total Energy  Conserved En.    Temperature Pres. DC (bar)
    2.08891e+05   -2.89759e+05   -2.82327e+05    2.97317e+02   -9.39509e+01
 Pressure (bar)   Constr. rmsd
   -2.46922e+02    4.69084e-06

           Step           Time
         180000      360.00000

   Energies (kJ/mol)
           Bond            U-B    Proper Dih.          LJ-14     Coulomb-14
    6.91211e+03    3.89607e+04    6.37690e+03   -3.08255e+02    3.19762e+05
        LJ (SR)  Disper. corr.   Coulomb (SR)   Coul. recip.      Potential
    2.99921e+04   -4.68446e+03   -9.00022e+05    3.95431e+03   -4.99057e+05
    Kinetic En.   Total Energy  Conserved En.    Temperature Pres. DC (bar)
    2.10020e+05   -2.89037e+05   -2.82248e+05    2.98925e+02   -9.49367e+01
 Pressure (bar)   Constr. rmsd
   -5.28310e+01    4.69084e-06

           Step           Time
         185000      370.00000

   Energies (kJ/mol)
           Bond            U-B    Proper Dih.          LJ-14     Coulomb-14
    6.73971e+03    3.94593e+04    6.52376e+03   -3.09310e+02    3.19950e+05
        LJ (SR)  Disper. corr.   Coulomb (SR)   Coul. recip.      Potential
    3.27676e+04   -4.70189e+03   -9.03962e+05    4.00179e+03   -4.99530e+05
    Kinetic En.   Total Energy  Conserved En.    Temperature Pres. DC (bar)
    2.09292e+05   -2.90239e+05   -2.82120e+05    2.97888e+02   -9.56446e+01
 Pressure (bar)   Constr. rmsd
    2.13834e+02    4.69084e-06

           Step           Time
         190000      380.00000

   Energies (kJ/mol)
           Bond            U-B    Proper Dih.          LJ-14     Coulomb-14
    7.00672e+03    3.89484e+04    6.48192e+03   -3.07820e+02    3.19768e+05
        LJ (SR)  Disper. corr.   Coulomb (SR)   Coul. recip.      Potential
    3.06578e+04   -4.67481e+03   -9.00292e+05    3.99539e+03   -4.98417e+05
    Kinetic En.   Total Energy  Conserved En.    Temperature Pres. DC (bar)
    2.09205e+05   -2.89212e+05   -2.82125e+05    2.97764e+02   -9.45461e+01
 Pressure (bar)   Constr. rmsd
   -4.01251e+01    4.69084e-06

Writing checkpoint, step 193100 at Wed Jul 16 11:11:45 2025


           Step           Time
         195000      390.00000

   Energies (kJ/mol)
           Bond            U-B    Proper Dih.          LJ-14     Coulomb-14
    6.67255e+03    3.83708e+04    6.35422e+03   -3.09377e+02    3.20018e+05
        LJ (SR)  Disper. corr.   Coulomb (SR)   Coul. recip.      Potential
    3.05563e+04   -4.68526e+03   -9.00301e+05    3.96783e+03   -4.99356e+05
    Kinetic En.   Total Energy  Conserved En.    Temperature Pres. DC (bar)
    2.09641e+05   -2.89714e+05   -2.82128e+05    2.98386e+02   -9.49691e+01
 Pressure (bar)   Constr. rmsd
    1.12503e+02    4.69084e-06

           Step           Time
         200000      400.00000

   Energies (kJ/mol)
           Bond            U-B    Proper Dih.          LJ-14     Coulomb-14
    6.86541e+03    3.88255e+04    6.63635e+03   -3.10353e+02    3.20054e+05
        LJ (SR)  Disper. corr.   Coulomb (SR)   Coul. recip.      Potential
    2.94100e+04   -4.67673e+03   -8.99282e+05    3.94479e+03   -4.98534e+05
    Kinetic En.   Total Energy  Conserved En.    Temperature Pres. DC (bar)
    2.08372e+05   -2.90161e+05   -2.82025e+05    2.96580e+02   -9.46237e+01
 Pressure (bar)   Constr. rmsd
   -5.90568e+01    4.69084e-06

           Step           Time
         205000      410.00000

   Energies (kJ/mol)
           Bond            U-B    Proper Dih.          LJ-14     Coulomb-14
    6.86242e+03    3.86000e+04    6.46464e+03   -3.08063e+02    3.19763e+05
        LJ (SR)  Disper. corr.   Coulomb (SR)   Coul. recip.      Potential
    3.04797e+04   -4.68408e+03   -9.01453e+05    3.91338e+03   -5.00363e+05
    Kinetic En.   Total Energy  Conserved En.    Temperature Pres. DC (bar)
    2.08553e+05   -2.91810e+05   -2.82033e+05    2.96836e+02   -9.49212e+01
 Pressure (bar)   Constr. rmsd
    3.08616e+01    4.69084e-06

           Step           Time
         210000      420.00000

   Energies (kJ/mol)
           Bond            U-B    Proper Dih.          LJ-14     Coulomb-14
    7.07585e+03    3.86389e+04    6.46123e+03   -3.08944e+02    3.19933e+05
        LJ (SR)  Disper. corr.   Coulomb (SR)   Coul. recip.      Potential
    3.05274e+04   -4.68093e+03   -8.99409e+05    4.01837e+03   -4.97744e+05
    Kinetic En.   Total Energy  Conserved En.    Temperature Pres. DC (bar)
    2.10837e+05   -2.86908e+05   -2.82046e+05    3.00087e+02   -9.47936e+01
 Pressure (bar)   Constr. rmsd
    3.80491e+01    4.69084e-06

           Step           Time
         215000      430.00000

   Energies (kJ/mol)
           Bond            U-B    Proper Dih.          LJ-14     Coulomb-14
    6.68364e+03    3.88931e+04    6.43194e+03   -3.08793e+02    3.19935e+05
        LJ (SR)  Disper. corr.   Coulomb (SR)   Coul. recip.      Potential
    3.06734e+04   -4.65401e+03   -8.97838e+05    4.05521e+03   -4.96129e+05
    Kinetic En.   Total Energy  Conserved En.    Temperature Pres. DC (bar)
    2.09671e+05   -2.86458e+05   -2.81937e+05    2.98428e+02   -9.37064e+01
 Pressure (bar)   Constr. rmsd
    1.58381e+01    4.69084e-06

           Step           Time
         220000      440.00000

   Energies (kJ/mol)
           Bond            U-B    Proper Dih.          LJ-14     Coulomb-14
    6.81292e+03    3.90992e+04    6.55350e+03   -3.08604e+02    3.19854e+05
        LJ (SR)  Disper. corr.   Coulomb (SR)   Coul. recip.      Potential
    2.89721e+04   -4.66565e+03   -8.98302e+05    4.06000e+03   -4.97925e+05
    Kinetic En.   Total Energy  Conserved En.    Temperature Pres. DC (bar)
    2.09682e+05   -2.88242e+05   -2.81897e+05    2.98444e+02   -9.41759e+01
 Pressure (bar)   Constr. rmsd
   -1.64440e+02    4.69084e-06

           Step           Time
         225000      450.00000

   Energies (kJ/mol)
           Bond            U-B    Proper Dih.          LJ-14     Coulomb-14
    6.76380e+03    3.88764e+04    6.56331e+03   -3.10295e+02    3.20092e+05
        LJ (SR)  Disper. corr.   Coulomb (SR)   Coul. recip.      Potential
    3.07369e+04   -4.65786e+03   -8.97996e+05    3.97951e+03   -4.95952e+05
    Kinetic En.   Total Energy  Conserved En.    Temperature Pres. DC (bar)
    2.08485e+05   -2.87467e+05   -2.81940e+05    2.96740e+02   -9.38615e+01
 Pressure (bar)   Constr. rmsd
   -1.20377e+01    4.69084e-06

           Step           Time
         230000      460.00000

   Energies (kJ/mol)
           Bond            U-B    Proper Dih.          LJ-14     Coulomb-14
    6.63856e+03    3.89011e+04    6.39425e+03   -3.09436e+02    3.20008e+05
        LJ (SR)  Disper. corr.   Coulomb (SR)   Coul. recip.      Potential
    3.01410e+04   -4.67270e+03   -8.98880e+05    4.01971e+03   -4.97760e+05
    Kinetic En.   Total Energy  Conserved En.    Temperature Pres. DC (bar)
    2.08371e+05   -2.89389e+05   -2.81907e+05    2.96578e+02   -9.44607e+01
 Pressure (bar)   Constr. rmsd
    2.84162e+01    4.69084e-06

           Step           Time
         235000      470.00000

   Energies (kJ/mol)
           Bond            U-B    Proper Dih.          LJ-14     Coulomb-14
    7.01250e+03    3.86882e+04    6.75841e+03   -3.09313e+02    3.19926e+05
        LJ (SR)  Disper. corr.   Coulomb (SR)   Coul. recip.      Potential
    3.05242e+04   -4.67587e+03   -8.99909e+05    4.03229e+03   -4.97952e+05
    Kinetic En.   Total Energy  Conserved En.    Temperature Pres. DC (bar)
    2.09163e+05   -2.88790e+05   -2.81853e+05    2.97705e+02   -9.45887e+01
 Pressure (bar)   Constr. rmsd
   -1.28133e+02    4.69084e-06

Writing checkpoint, step 238100 at Wed Jul 16 11:12:45 2025


           Step           Time
         240000      480.00000

   Energies (kJ/mol)
           Bond            U-B    Proper Dih.          LJ-14     Coulomb-14
    6.77066e+03    3.88739e+04    6.43685e+03   -3.09479e+02    3.19974e+05
        LJ (SR)  Disper. corr.   Coulomb (SR)   Coul. recip.      Potential
    3.18838e+04   -4.67898e+03   -9.01791e+05    4.01990e+03   -4.98820e+05
    Kinetic En.   Total Energy  Conserved En.    Temperature Pres. DC (bar)
    2.10312e+05   -2.88507e+05   -2.81861e+05    2.99341e+02   -9.47146e+01
 Pressure (bar)   Constr. rmsd
   -4.54158e+01    4.69084e-06

           Step           Time
         245000      490.00000

   Energies (kJ/mol)
           Bond            U-B    Proper Dih.          LJ-14     Coulomb-14
    6.98006e+03    3.82488e+04    6.67888e+03   -3.08514e+02    3.19846e+05
        LJ (SR)  Disper. corr.   Coulomb (SR)   Coul. recip.      Potential
    3.03368e+04   -4.69565e+03   -9.00933e+05    3.93962e+03   -4.99907e+05
    Kinetic En.   Total Energy  Conserved En.    Temperature Pres. DC (bar)
    2.08995e+05   -2.90912e+05   -2.81880e+05    2.97466e+02   -9.53907e+01
 Pressure (bar)   Constr. rmsd
    5.89731e+01    4.69084e-06

           Step           Time
         250000      500.00000

   Energies (kJ/mol)
           Bond            U-B    Proper Dih.          LJ-14     Coulomb-14
    6.78527e+03    3.87622e+04    6.54408e+03   -3.07370e+02    3.19694e+05
        LJ (SR)  Disper. corr.   Coulomb (SR)   Coul. recip.      Potential
    3.06689e+04   -4.68012e+03   -8.99633e+05    4.04674e+03   -4.98119e+05
    Kinetic En.   Total Energy  Conserved En.    Temperature Pres. DC (bar)
    2.10136e+05   -2.87983e+05   -2.81780e+05    2.99090e+02   -9.47608e+01
 Pressure (bar)   Constr. rmsd
    1.24335e+01    4.69084e-06

           Step           Time
         255000      510.00000

   Energies (kJ/mol)
           Bond            U-B    Proper Dih.          LJ-14     Coulomb-14
    6.64311e+03    3.94441e+04    6.33599e+03   -3.08910e+02    3.19959e+05
        LJ (SR)  Disper. corr.   Coulomb (SR)   Coul. recip.      Potential
    3.00981e+04   -4.69275e+03   -9.00565e+05    3.92783e+03   -4.99158e+05
    Kinetic En.   Total Energy  Conserved En.    Temperature Pres. DC (bar)
    2.08038e+05   -2.91120e+05   -2.81600e+05    2.96104e+02   -9.52729e+01
 Pressure (bar)   Constr. rmsd
    1.28304e+02    4.69084e-06

           Step           Time
         260000      520.00000

   Energies (kJ/mol)
           Bond            U-B    Proper Dih.          LJ-14     Coulomb-14
    6.71284e+03    3.88135e+04    6.42501e+03   -3.07598e+02    3.19727e+05
        LJ (SR)  Disper. corr.   Coulomb (SR)   Coul. recip.      Potential
    2.96271e+04   -4.69561e+03   -9.00188e+05    3.85370e+03   -5.00033e+05
    Kinetic En.   Total Energy  Conserved En.    Temperature Pres. DC (bar)
    2.09796e+05   -2.90237e+05   -2.81705e+05    2.98606e+02   -9.53893e+01
 Pressure (bar)   Constr. rmsd
   -3.21153e+01    4.69084e-06

           Step           Time
         265000      530.00000

   Energies (kJ/mol)
           Bond            U-B    Proper Dih.          LJ-14     Coulomb-14
    6.90851e+03    3.91530e+04    6.29780e+03   -3.08266e+02    3.19816e+05
        LJ (SR)  Disper. corr.   Coulomb (SR)   Coul. recip.      Potential
    3.15239e+04   -4.67558e+03   -9.01053e+05    3.88878e+03   -4.98450e+05
    Kinetic En.   Total Energy  Conserved En.    Temperature Pres. DC (bar)
    2.09802e+05   -2.88647e+05   -2.81684e+05    2.98615e+02   -9.45769e+01
 Pressure (bar)   Constr. rmsd
    1.00086e+02    4.69084e-06

           Step           Time
         270000      540.00000

   Energies (kJ/mol)
           Bond            U-B    Proper Dih.          LJ-14     Coulomb-14
    6.56270e+03    3.89263e+04    6.40842e+03   -3.09126e+02    3.19964e+05
        LJ (SR)  Disper. corr.   Coulomb (SR)   Coul. recip.      Potential
    2.97455e+04   -4.67991e+03   -8.99266e+05    3.90055e+03   -4.98748e+05
    Kinetic En.   Total Energy  Conserved En.    Temperature Pres. DC (bar)
    2.08848e+05   -2.89900e+05   -2.81668e+05    2.97257e+02   -9.47524e+01
 Pressure (bar)   Constr. rmsd
    5.17583e+00    4.69084e-06

           Step           Time
         275000      550.00000

   Energies (kJ/mol)
           Bond            U-B    Proper Dih.          LJ-14     Coulomb-14
    6.74565e+03    3.86830e+04    6.52208e+03   -3.09456e+02    3.20049e+05
        LJ (SR)  Disper. corr.   Coulomb (SR)   Coul. recip.      Potential
    2.97482e+04   -4.68453e+03   -9.00226e+05    3.90662e+03   -4.99566e+05
    Kinetic En.   Total Energy  Conserved En.    Temperature Pres. DC (bar)
    2.10525e+05   -2.89040e+05   -2.81648e+05    2.99644e+02   -9.49397e+01
 Pressure (bar)   Constr. rmsd
   -3.85622e+01    4.69084e-06

           Step           Time
         280000      560.00000

   Energies (kJ/mol)
           Bond            U-B    Proper Dih.          LJ-14     Coulomb-14
    6.96170e+03    3.86615e+04    6.38571e+03   -3.06793e+02    3.19645e+05
        LJ (SR)  Disper. corr.   Coulomb (SR)   Coul. recip.      Potential
    3.11432e+04   -4.65410e+03   -8.99922e+05    4.03033e+03   -4.98055e+05
    Kinetic En.   Total Energy  Conserved En.    Temperature Pres. DC (bar)
    2.09189e+05   -2.88866e+05   -2.81626e+05    2.97743e+02   -9.37100e+01
 Pressure (bar)   Constr. rmsd
   -1.52123e+02    4.69084e-06

Writing checkpoint, step 284700 at Wed Jul 16 11:13:45 2025


           Step           Time
         285000      570.00000

   Energies (kJ/mol)
           Bond            U-B    Proper Dih.          LJ-14     Coulomb-14
    6.74810e+03    3.91415e+04    6.56903e+03   -3.09775e+02    3.19984e+05
        LJ (SR)  Disper. corr.   Coulomb (SR)   Coul. recip.      Potential
    2.99704e+04   -4.68524e+03   -9.00006e+05    3.87040e+03   -4.98717e+05
    Kinetic En.   Total Energy  Conserved En.    Temperature Pres. DC (bar)
    2.08713e+05   -2.90004e+05   -2.81618e+05    2.97065e+02   -9.49684e+01
 Pressure (bar)   Constr. rmsd
    1.53526e+01    4.69084e-06

           Step           Time
         290000      580.00000

   Energies (kJ/mol)
           Bond            U-B    Proper Dih.          LJ-14     Coulomb-14
    6.83722e+03    3.94993e+04    6.53703e+03   -3.08891e+02    3.19889e+05
        LJ (SR)  Disper. corr.   Coulomb (SR)   Coul. recip.      Potential
    3.13541e+04   -4.66413e+03   -9.00407e+05    3.96655e+03   -4.97296e+05
    Kinetic En.   Total Energy  Conserved En.    Temperature Pres. DC (bar)
    2.09320e+05   -2.87976e+05   -2.81525e+05    2.97929e+02   -9.41146e+01
 Pressure (bar)   Constr. rmsd
   -3.84413e+01    4.69084e-06

           Step           Time
         295000      590.00000

   Energies (kJ/mol)
           Bond            U-B    Proper Dih.          LJ-14     Coulomb-14
    6.78661e+03    3.92932e+04    6.35742e+03   -3.08731e+02    3.19924e+05
        LJ (SR)  Disper. corr.   Coulomb (SR)   Coul. recip.      Potential
    3.13402e+04   -4.67537e+03   -9.00330e+05    4.06038e+03   -4.97553e+05
    Kinetic En.   Total Energy  Conserved En.    Temperature Pres. DC (bar)
    2.10489e+05   -2.87064e+05   -2.81527e+05    2.99592e+02   -9.45686e+01
 Pressure (bar)   Constr. rmsd
    1.78182e+02    4.69084e-06

           Step           Time
         300000      600.00000

   Energies (kJ/mol)
           Bond            U-B    Proper Dih.          LJ-14     Coulomb-14
    6.88363e+03    3.87924e+04    6.46529e+03   -3.08908e+02    3.19903e+05
        LJ (SR)  Disper. corr.   Coulomb (SR)   Coul. recip.      Potential
    2.92823e+04   -4.68778e+03   -9.00128e+05    3.89924e+03   -4.99899e+05
    Kinetic En.   Total Energy  Conserved En.    Temperature Pres. DC (bar)
    2.09993e+05   -2.89906e+05   -2.81605e+05    2.98887e+02   -9.50713e+01
 Pressure (bar)   Constr. rmsd
   -7.94494e+01    4.69084e-06

           Step           Time
         305000      610.00000

   Energies (kJ/mol)
           Bond            U-B    Proper Dih.          LJ-14     Coulomb-14
    7.06634e+03    3.92641e+04    6.44956e+03   -3.09034e+02    3.19927e+05
        LJ (SR)  Disper. corr.   Coulomb (SR)   Coul. recip.      Potential
    2.94660e+04   -4.68179e+03   -8.99256e+05    3.88396e+03   -4.98190e+05
    Kinetic En.   Total Energy  Conserved En.    Temperature Pres. DC (bar)
    2.08951e+05   -2.89240e+05   -2.81532e+05    2.97403e+02   -9.48284e+01
 Pressure (bar)   Constr. rmsd
   -1.33787e+02    4.69084e-06

           Step           Time
         310000      620.00000

   Energies (kJ/mol)
           Bond            U-B    Proper Dih.          LJ-14     Coulomb-14
    6.90786e+03    3.90889e+04    6.67304e+03   -3.08871e+02    3.19863e+05
        LJ (SR)  Disper. corr.   Coulomb (SR)   Coul. recip.      Potential
    3.04937e+04   -4.67529e+03   -8.99963e+05    4.09259e+03   -4.97829e+05
    Kinetic En.   Total Energy  Conserved En.    Temperature Pres. DC (bar)
    2.09411e+05   -2.88418e+05   -2.81608e+05    2.98058e+02   -9.45655e+01
 Pressure (bar)   Constr. rmsd
   -1.17044e+02    4.69084e-06

           Step           Time
         315000      630.00000

   Energies (kJ/mol)
           Bond            U-B    Proper Dih.          LJ-14     Coulomb-14
    6.76116e+03    3.90927e+04    6.44244e+03   -3.08740e+02    3.19872e+05
        LJ (SR)  Disper. corr.   Coulomb (SR)   Coul. recip.      Potential
    3.07932e+04   -4.66054e+03   -9.01255e+05    3.99420e+03   -4.99269e+05
    Kinetic En.   Total Energy  Conserved En.    Temperature Pres. DC (bar)
    2.10204e+05   -2.89065e+05   -2.81545e+05    2.99187e+02   -9.39697e+01
 Pressure (bar)   Constr. rmsd
   -2.43357e+01    4.69084e-06

           Step           Time
         320000      640.00000

   Energies (kJ/mol)
           Bond            U-B    Proper Dih.          LJ-14     Coulomb-14
    6.70696e+03    3.89624e+04    6.40127e+03   -3.08981e+02    3.19966e+05
        LJ (SR)  Disper. corr.   Coulomb (SR)   Coul. recip.      Potential
    2.97818e+04   -4.68515e+03   -9.00325e+05    3.82735e+03   -4.99673e+05
    Kinetic En.   Total Energy  Conserved En.    Temperature Pres. DC (bar)
    2.09912e+05   -2.89760e+05   -2.81563e+05    2.98772e+02   -9.49648e+01
 Pressure (bar)   Constr. rmsd
    3.92250e+01    4.69084e-06

           Step           Time
         325000      650.00000

   Energies (kJ/mol)
           Bond            U-B    Proper Dih.          LJ-14     Coulomb-14
    6.75004e+03    3.87295e+04    6.47120e+03   -3.09072e+02    3.19929e+05
        LJ (SR)  Disper. corr.   Coulomb (SR)   Coul. recip.      Potential
    3.08733e+04   -4.66584e+03   -9.00536e+05    3.91463e+03   -4.98843e+05
    Kinetic En.   Total Energy  Conserved En.    Temperature Pres. DC (bar)
    2.09006e+05   -2.89837e+05   -2.81521e+05    2.97482e+02   -9.41835e+01
 Pressure (bar)   Constr. rmsd
    3.04284e+00    4.69084e-06

           Step           Time
         330000      660.00000

   Energies (kJ/mol)
           Bond            U-B    Proper Dih.          LJ-14     Coulomb-14
    6.78657e+03    3.85412e+04    6.49777e+03   -3.09101e+02    3.19939e+05
        LJ (SR)  Disper. corr.   Coulomb (SR)   Coul. recip.      Potential
    2.96002e+04   -4.67802e+03   -8.99283e+05    3.82330e+03   -4.99082e+05
    Kinetic En.   Total Energy  Conserved En.    Temperature Pres. DC (bar)
    2.08553e+05   -2.90528e+05   -2.81534e+05    2.96837e+02   -9.46756e+01
 Pressure (bar)   Constr. rmsd
   -7.49429e+01    4.69084e-06

Writing checkpoint, step 331200 at Wed Jul 16 11:14:45 2025


           Step           Time
         335000      670.00000

   Energies (kJ/mol)
           Bond            U-B    Proper Dih.          LJ-14     Coulomb-14
    6.88381e+03    3.91015e+04    6.49961e+03   -3.09452e+02    3.19971e+05
        LJ (SR)  Disper. corr.   Coulomb (SR)   Coul. recip.      Potential
    3.01963e+04   -4.68921e+03   -9.00887e+05    3.85434e+03   -4.99380e+05
    Kinetic En.   Total Energy  Conserved En.    Temperature Pres. DC (bar)
    2.09216e+05   -2.90164e+05   -2.81474e+05    2.97781e+02   -9.51294e+01
 Pressure (bar)   Constr. rmsd
   -8.19063e+00    4.69084e-06

           Step           Time
         340000      680.00000

   Energies (kJ/mol)
           Bond            U-B    Proper Dih.          LJ-14     Coulomb-14
    6.83636e+03    3.89431e+04    6.62685e+03   -3.07648e+02    3.19736e+05
        LJ (SR)  Disper. corr.   Coulomb (SR)   Coul. recip.      Potential
    3.02577e+04   -4.68418e+03   -8.99339e+05    4.00927e+03   -4.97922e+05
    Kinetic En.   Total Energy  Conserved En.    Temperature Pres. DC (bar)
    2.09586e+05   -2.88336e+05   -2.81517e+05    2.98307e+02   -9.49251e+01
 Pressure (bar)   Constr. rmsd
   -1.69090e+01    4.69084e-06

           Step           Time
         345000      690.00000

   Energies (kJ/mol)
           Bond            U-B    Proper Dih.          LJ-14     Coulomb-14
    6.91667e+03    3.81024e+04    6.49899e+03   -3.08743e+02    3.19860e+05
        LJ (SR)  Disper. corr.   Coulomb (SR)   Coul. recip.      Potential
    2.96139e+04   -4.67940e+03   -8.99825e+05    4.03095e+03   -4.99790e+05
    Kinetic En.   Total Energy  Conserved En.    Temperature Pres. DC (bar)
    2.09620e+05   -2.90170e+05   -2.81509e+05    2.98355e+02   -9.47317e+01
 Pressure (bar)   Constr. rmsd
   -1.85299e+02    4.69084e-06

           Step           Time
         350000      700.00000

   Energies (kJ/mol)
           Bond            U-B    Proper Dih.          LJ-14     Coulomb-14
    6.83214e+03    3.94327e+04    6.34883e+03   -3.08714e+02    3.19877e+05
        LJ (SR)  Disper. corr.   Coulomb (SR)   Coul. recip.      Potential
    2.94128e+04   -4.70751e+03   -8.99540e+05    3.92270e+03   -4.98730e+05
    Kinetic En.   Total Energy  Conserved En.    Temperature Pres. DC (bar)
    2.09274e+05   -2.89456e+05   -2.81307e+05    2.97863e+02   -9.58733e+01
 Pressure (bar)   Constr. rmsd
    4.14938e+01    4.69084e-06

           Step           Time
         355000      710.00000

   Energies (kJ/mol)
           Bond            U-B    Proper Dih.          LJ-14     Coulomb-14
    6.57009e+03    3.84778e+04    6.51717e+03   -3.09355e+02    3.19957e+05
        LJ (SR)  Disper. corr.   Coulomb (SR)   Coul. recip.      Potential
    2.96534e+04   -4.68769e+03   -9.00662e+05    3.99308e+03   -5.00490e+05
    Kinetic En.   Total Energy  Conserved En.    Temperature Pres. DC (bar)
    2.08242e+05   -2.92248e+05   -2.81370e+05    2.96394e+02   -9.50675e+01
 Pressure (bar)   Constr. rmsd
   -2.82344e+00    4.69084e-06

           Step           Time
         360000      720.00000

   Energies (kJ/mol)
           Bond            U-B    Proper Dih.          LJ-14     Coulomb-14
    6.82490e+03    3.90634e+04    6.61886e+03   -3.09292e+02    3.19965e+05
        LJ (SR)  Disper. corr.   Coulomb (SR)   Coul. recip.      Potential
    3.06898e+04   -4.68445e+03   -9.00497e+05    3.92832e+03   -4.98401e+05
    Kinetic En.   Total Energy  Conserved En.    Temperature Pres. DC (bar)
    2.10520e+05   -2.87881e+05   -2.81381e+05    2.99636e+02   -9.49362e+01
 Pressure (bar)   Constr. rmsd
    3.86246e+01    4.69084e-06

           Step           Time
         365000      730.00000

   Energies (kJ/mol)
           Bond            U-B    Proper Dih.          LJ-14     Coulomb-14
    6.91572e+03    3.93469e+04    6.51423e+03   -3.08334e+02    3.19821e+05
        LJ (SR)  Disper. corr.   Coulomb (SR)   Coul. recip.      Potential
    3.11655e+04   -4.67201e+03   -9.01283e+05    3.86705e+03   -4.98633e+05
    Kinetic En.   Total Energy  Conserved En.    Temperature Pres. DC (bar)
    2.09345e+05   -2.89288e+05   -2.81286e+05    2.97964e+02   -9.44327e+01
 Pressure (bar)   Constr. rmsd
   -3.20215e+01    4.69084e-06

           Step           Time
         370000      740.00000

   Energies (kJ/mol)
           Bond            U-B    Proper Dih.          LJ-14     Coulomb-14
    6.84335e+03    3.92257e+04    6.51302e+03   -3.09320e+02    3.19934e+05
        LJ (SR)  Disper. corr.   Coulomb (SR)   Coul. recip.      Potential
    3.08112e+04   -4.69094e+03   -9.03501e+05    3.90205e+03   -5.01272e+05
    Kinetic En.   Total Energy  Conserved En.    Temperature Pres. DC (bar)
    2.09482e+05   -2.91789e+05   -2.81336e+05    2.98159e+02   -9.51996e+01
 Pressure (bar)   Constr. rmsd
    4.08492e+01    4.69084e-06

           Step           Time
         375000      750.00000

   Energies (kJ/mol)
           Bond            U-B    Proper Dih.          LJ-14     Coulomb-14
    6.90561e+03    3.93309e+04    6.41181e+03   -3.08506e+02    3.19908e+05
        LJ (SR)  Disper. corr.   Coulomb (SR)   Coul. recip.      Potential
    3.04981e+04   -4.67563e+03   -9.00289e+05    3.94823e+03   -4.98270e+05
    Kinetic En.   Total Energy  Conserved En.    Temperature Pres. DC (bar)
    2.08046e+05   -2.90224e+05   -2.81245e+05    2.96115e+02   -9.45791e+01
 Pressure (bar)   Constr. rmsd
   -1.35198e+01    4.69084e-06

Writing checkpoint, step 377600 at Wed Jul 16 11:15:45 2025


           Step           Time
         380000      760.00000

   Energies (kJ/mol)
           Bond            U-B    Proper Dih.          LJ-14     Coulomb-14
    6.79565e+03    3.91281e+04    6.44138e+03   -3.09742e+02    3.20044e+05
        LJ (SR)  Disper. corr.   Coulomb (SR)   Coul. recip.      Potential
    2.94427e+04   -4.66569e+03   -8.99014e+05    4.04956e+03   -4.98087e+05
    Kinetic En.   Total Energy  Conserved En.    Temperature Pres. DC (bar)
    2.09004e+05   -2.89083e+05   -2.81235e+05    2.97479e+02   -9.41773e+01
 Pressure (bar)   Constr. rmsd
   -1.44110e+02    4.69084e-06

           Step           Time
         385000      770.00000

   Energies (kJ/mol)
           Bond            U-B    Proper Dih.          LJ-14     Coulomb-14
    6.72188e+03    3.90394e+04    6.40951e+03   -3.07995e+02    3.19839e+05
        LJ (SR)  Disper. corr.   Coulomb (SR)   Coul. recip.      Potential
    3.04226e+04   -4.67961e+03   -9.00715e+05    4.08025e+03   -4.99190e+05
    Kinetic En.   Total Energy  Conserved En.    Temperature Pres. DC (bar)
    2.09637e+05   -2.89554e+05   -2.81183e+05    2.98379e+02   -9.47402e+01
 Pressure (bar)   Constr. rmsd
   -1.20703e+02    4.69084e-06

           Step           Time
         390000      780.00000

   Energies (kJ/mol)
           Bond            U-B    Proper Dih.          LJ-14     Coulomb-14
    6.89296e+03    3.90308e+04    6.41287e+03   -3.09144e+02    3.19917e+05
        LJ (SR)  Disper. corr.   Coulomb (SR)   Coul. recip.      Potential
    2.93451e+04   -4.68245e+03   -8.98288e+05    3.96193e+03   -4.97719e+05
    Kinetic En.   Total Energy  Conserved En.    Temperature Pres. DC (bar)
    2.09985e+05   -2.87734e+05   -2.81105e+05    2.98875e+02   -9.48551e+01
 Pressure (bar)   Constr. rmsd
   -2.24325e+01    4.69084e-06

           Step           Time
         395000      790.00000

   Energies (kJ/mol)
           Bond            U-B    Proper Dih.          LJ-14     Coulomb-14
    6.81455e+03    3.89841e+04    6.33910e+03   -3.08632e+02    3.19868e+05
        LJ (SR)  Disper. corr.   Coulomb (SR)   Coul. recip.      Potential
    3.07036e+04   -4.67427e+03   -9.00383e+05    3.92805e+03   -4.98728e+05
    Kinetic En.   Total Energy  Conserved En.    Temperature Pres. DC (bar)
    2.10138e+05   -2.88590e+05   -2.81185e+05    2.99093e+02   -9.45243e+01
 Pressure (bar)   Constr. rmsd
    8.45208e+01    4.69084e-06

           Step           Time
         400000      800.00000

   Energies (kJ/mol)
           Bond            U-B    Proper Dih.          LJ-14     Coulomb-14
    6.89810e+03    3.90985e+04    6.50743e+03   -3.06983e+02    3.19627e+05
        LJ (SR)  Disper. corr.   Coulomb (SR)   Coul. recip.      Potential
    3.04943e+04   -4.68423e+03   -8.99075e+05    4.03453e+03   -4.97406e+05
    Kinetic En.   Total Energy  Conserved En.    Temperature Pres. DC (bar)
    2.09887e+05   -2.87519e+05   -2.81124e+05    2.98736e+02   -9.49273e+01
 Pressure (bar)   Constr. rmsd
   -8.00053e+01    4.69084e-06

           Step           Time
         405000      810.00000

   Energies (kJ/mol)
           Bond            U-B    Proper Dih.          LJ-14     Coulomb-14
    6.72956e+03    3.84824e+04    6.44511e+03   -3.09800e+02    3.20067e+05
        LJ (SR)  Disper. corr.   Coulomb (SR)   Coul. recip.      Potential
    3.03125e+04   -4.68353e+03   -8.99245e+05    3.96850e+03   -4.98233e+05
    Kinetic En.   Total Energy  Conserved En.    Temperature Pres. DC (bar)
    2.09903e+05   -2.88330e+05   -2.81138e+05    2.98758e+02   -9.48990e+01
 Pressure (bar)   Constr. rmsd
    1.60522e+02    4.69084e-06

           Step           Time
         410000      820.00000

   Energies (kJ/mol)
           Bond            U-B    Proper Dih.          LJ-14     Coulomb-14
    6.72032e+03    3.90841e+04    6.34853e+03   -3.07697e+02    3.19737e+05
        LJ (SR)  Disper. corr.   Coulomb (SR)   Coul. recip.      Potential
    3.17153e+04   -4.67643e+03   -9.01841e+05    4.02526e+03   -4.99194e+05
    Kinetic En.   Total Energy  Conserved En.    Temperature Pres. DC (bar)
    2.11096e+05   -2.88099e+05   -2.81093e+05    3.00456e+02   -9.46114e+01
 Pressure (bar)   Constr. rmsd
   -2.44458e+00    4.69084e-06

           Step           Time
         415000      830.00000

   Energies (kJ/mol)
           Bond            U-B    Proper Dih.          LJ-14     Coulomb-14
    6.95977e+03    3.84929e+04    6.49281e+03   -3.08844e+02    3.19875e+05
        LJ (SR)  Disper. corr.   Coulomb (SR)   Coul. recip.      Potential
    3.11529e+04   -4.67578e+03   -9.00552e+05    3.94521e+03   -4.98619e+05
    Kinetic En.   Total Energy  Conserved En.    Temperature Pres. DC (bar)
    2.09009e+05   -2.89609e+05   -2.81043e+05    2.97486e+02   -9.45850e+01
 Pressure (bar)   Constr. rmsd
    2.57176e+02    4.69084e-06

           Step           Time
         420000      840.00000

   Energies (kJ/mol)
           Bond            U-B    Proper Dih.          LJ-14     Coulomb-14
    6.77042e+03    3.86104e+04    6.47591e+03   -3.08503e+02    3.19890e+05
        LJ (SR)  Disper. corr.   Coulomb (SR)   Coul. recip.      Potential
    3.06048e+04   -4.67129e+03   -8.99548e+05    3.91067e+03   -4.98266e+05
    Kinetic En.   Total Energy  Conserved En.    Temperature Pres. DC (bar)
    2.08882e+05   -2.89384e+05   -2.81049e+05    2.97305e+02   -9.44038e+01
 Pressure (bar)   Constr. rmsd
    6.24794e+00    4.69084e-06

Writing checkpoint, step 424000 at Wed Jul 16 11:16:45 2025


           Step           Time
         425000      850.00000

   Energies (kJ/mol)
           Bond            U-B    Proper Dih.          LJ-14     Coulomb-14
    6.70172e+03    3.89579e+04    6.38560e+03   -3.08500e+02    3.19858e+05
        LJ (SR)  Disper. corr.   Coulomb (SR)   Coul. recip.      Potential
    3.05070e+04   -4.67783e+03   -9.00096e+05    4.00210e+03   -4.98670e+05
    Kinetic En.   Total Energy  Conserved En.    Temperature Pres. DC (bar)
    2.09709e+05   -2.88961e+05   -2.80999e+05    2.98482e+02   -9.46680e+01
 Pressure (bar)   Constr. rmsd
    8.29481e+01    4.69084e-06

           Step           Time
         430000      860.00000

   Energies (kJ/mol)
           Bond            U-B    Proper Dih.          LJ-14     Coulomb-14
    6.93956e+03    3.87612e+04    6.45804e+03   -3.06945e+02    3.19682e+05
        LJ (SR)  Disper. corr.   Coulomb (SR)   Coul. recip.      Potential
    3.11992e+04   -4.67733e+03   -9.00797e+05    3.94676e+03   -4.98794e+05
    Kinetic En.   Total Energy  Conserved En.    Temperature Pres. DC (bar)
    2.09743e+05   -2.89051e+05   -2.81023e+05    2.98530e+02   -9.46478e+01
 Pressure (bar)   Constr. rmsd
   -5.89368e+01    4.69084e-06

           Step           Time
         435000      870.00000

   Energies (kJ/mol)
           Bond            U-B    Proper Dih.          LJ-14     Coulomb-14
    6.69195e+03    3.87666e+04    6.29235e+03   -3.08417e+02    3.19893e+05
        LJ (SR)  Disper. corr.   Coulomb (SR)   Coul. recip.      Potential
    3.05235e+04   -4.68217e+03   -9.01644e+05    3.87714e+03   -5.00590e+05
    Kinetic En.   Total Energy  Conserved En.    Temperature Pres. DC (bar)
    2.09278e+05   -2.91312e+05   -2.80969e+05    2.97868e+02   -9.48438e+01
 Pressure (bar)   Constr. rmsd
   -7.13597e+01    4.69084e-06

           Step           Time
         440000      880.00000

   Energies (kJ/mol)
           Bond            U-B    Proper Dih.          LJ-14     Coulomb-14
    6.74702e+03    3.86811e+04    6.19975e+03   -3.08378e+02    3.19906e+05
        LJ (SR)  Disper. corr.   Coulomb (SR)   Coul. recip.      Potential
    3.18971e+04   -4.68648e+03   -9.02910e+05    4.05157e+03   -5.00422e+05
    Kinetic En.   Total Energy  Conserved En.    Temperature Pres. DC (bar)
    2.09662e+05   -2.90760e+05   -2.80916e+05    2.98415e+02   -9.50186e+01
 Pressure (bar)   Constr. rmsd
    1.72792e+02    4.69084e-06

           Step           Time
         445000      890.00000

   Energies (kJ/mol)
           Bond            U-B    Proper Dih.          LJ-14     Coulomb-14
    6.71870e+03    3.84888e+04    6.37986e+03   -3.07196e+02    3.19703e+05
        LJ (SR)  Disper. corr.   Coulomb (SR)   Coul. recip.      Potential
    3.12543e+04   -4.68100e+03   -9.01332e+05    3.85273e+03   -4.99923e+05
    Kinetic En.   Total Energy  Conserved En.    Temperature Pres. DC (bar)
    2.09473e+05   -2.90450e+05   -2.80962e+05    2.98147e+02   -9.47966e+01
 Pressure (bar)   Constr. rmsd
    1.92353e+01    4.69084e-06

           Step           Time
         450000      900.00000

   Energies (kJ/mol)
           Bond            U-B    Proper Dih.          LJ-14     Coulomb-14
    6.66079e+03    3.85154e+04    6.47282e+03   -3.08575e+02    3.19896e+05
        LJ (SR)  Disper. corr.   Coulomb (SR)   Coul. recip.      Potential
    2.99014e+04   -4.67102e+03   -8.98011e+05    3.98342e+03   -4.97561e+05
    Kinetic En.   Total Energy  Conserved En.    Temperature Pres. DC (bar)
    2.09817e+05   -2.87744e+05   -2.80914e+05    2.98635e+02   -9.43926e+01
 Pressure (bar)   Constr. rmsd
    1.17230e+00    4.69084e-06

           Step           Time
         455000      910.00000

   Energies (kJ/mol)
           Bond            U-B    Proper Dih.          LJ-14     Coulomb-14
    6.61918e+03    3.80747e+04    6.57715e+03   -3.08002e+02    3.19799e+05
        LJ (SR)  Disper. corr.   Coulomb (SR)   Coul. recip.      Potential
    3.12107e+04   -4.67881e+03   -9.00186e+05    4.10115e+03   -4.98791e+05
    Kinetic En.   Total Energy  Conserved En.    Temperature Pres. DC (bar)
    2.10427e+05   -2.88363e+05   -2.80950e+05    2.99505e+02   -9.47078e+01
 Pressure (bar)   Constr. rmsd
    1.21797e+02    4.69084e-06

           Step           Time
         460000      920.00000

   Energies (kJ/mol)
           Bond            U-B    Proper Dih.          LJ-14     Coulomb-14
    6.76437e+03    3.85592e+04    6.53942e+03   -3.08496e+02    3.19877e+05
        LJ (SR)  Disper. corr.   Coulomb (SR)   Coul. recip.      Potential
    2.90936e+04   -4.66157e+03   -8.97867e+05    4.09897e+03   -4.97905e+05
    Kinetic En.   Total Energy  Conserved En.    Temperature Pres. DC (bar)
    2.08662e+05   -2.89243e+05   -2.80849e+05    2.96993e+02   -9.40111e+01
 Pressure (bar)   Constr. rmsd
   -1.57003e+02    4.69084e-06

           Step           Time
         465000      930.00000

   Energies (kJ/mol)
           Bond            U-B    Proper Dih.          LJ-14     Coulomb-14
    6.68493e+03    3.92505e+04    6.42294e+03   -3.09039e+02    3.19985e+05
        LJ (SR)  Disper. corr.   Coulomb (SR)   Coul. recip.      Potential
    3.06543e+04   -4.68347e+03   -8.98307e+05    3.96028e+03   -4.96342e+05
    Kinetic En.   Total Energy  Conserved En.    Temperature Pres. DC (bar)
    2.10017e+05   -2.86325e+05   -2.80723e+05    2.98921e+02   -9.48967e+01
 Pressure (bar)   Constr. rmsd
    1.17175e+02    4.69084e-06

           Step           Time
         470000      940.00000

   Energies (kJ/mol)
           Bond            U-B    Proper Dih.          LJ-14     Coulomb-14
    6.85152e+03    3.82609e+04    6.46571e+03   -3.08809e+02    3.19917e+05
        LJ (SR)  Disper. corr.   Coulomb (SR)   Coul. recip.      Potential
    3.18093e+04   -4.69050e+03   -9.03261e+05    3.94041e+03   -5.01016e+05
    Kinetic En.   Total Energy  Conserved En.    Temperature Pres. DC (bar)
    2.07478e+05   -2.93538e+05   -2.80720e+05    2.95306e+02   -9.51816e+01
 Pressure (bar)   Constr. rmsd
    1.05265e+02    4.69084e-06

Writing checkpoint, step 470400 at Wed Jul 16 11:17:45 2025


           Step           Time
         475000      950.00000

   Energies (kJ/mol)
           Bond            U-B    Proper Dih.          LJ-14     Coulomb-14
    6.90640e+03    3.92513e+04    6.37661e+03   -3.08777e+02    3.19911e+05
        LJ (SR)  Disper. corr.   Coulomb (SR)   Coul. recip.      Potential
    3.05890e+04   -4.66432e+03   -8.98326e+05    4.00924e+03   -4.96256e+05
    Kinetic En.   Total Energy  Conserved En.    Temperature Pres. DC (bar)
    2.08117e+05   -2.88139e+05   -2.80648e+05    2.96216e+02   -9.41221e+01
 Pressure (bar)   Constr. rmsd
    1.40475e+02    4.69084e-06

           Step           Time
         480000      960.00000

   Energies (kJ/mol)
           Bond            U-B    Proper Dih.          LJ-14     Coulomb-14
    6.65027e+03    3.86135e+04    6.50068e+03   -3.09182e+02    3.19943e+05
        LJ (SR)  Disper. corr.   Coulomb (SR)   Coul. recip.      Potential
    3.09512e+04   -4.68149e+03   -8.99615e+05    3.95519e+03   -4.97992e+05
    Kinetic En.   Total Energy  Conserved En.    Temperature Pres. DC (bar)
    2.10044e+05   -2.87948e+05   -2.80726e+05    2.98959e+02   -9.48164e+01
 Pressure (bar)   Constr. rmsd
    1.89215e+02    4.69084e-06

           Step           Time
         485000      970.00000

   Energies (kJ/mol)
           Bond            U-B    Proper Dih.          LJ-14     Coulomb-14
    6.68484e+03    3.92453e+04    6.46287e+03   -3.09717e+02    3.19999e+05
        LJ (SR)  Disper. corr.   Coulomb (SR)   Coul. recip.      Potential
    3.00151e+04   -4.66906e+03   -8.97916e+05    4.02209e+03   -4.96465e+05
    Kinetic En.   Total Energy  Conserved En.    Temperature Pres. DC (bar)
    2.09795e+05   -2.86671e+05   -2.80608e+05    2.98604e+02   -9.43134e+01
 Pressure (bar)   Constr. rmsd
    8.81098e+01    4.69084e-06

           Step           Time
         490000      980.00000

   Energies (kJ/mol)
           Bond            U-B    Proper Dih.          LJ-14     Coulomb-14
    6.74443e+03    3.87737e+04    6.35384e+03   -3.08586e+02    3.19842e+05
        LJ (SR)  Disper. corr.   Coulomb (SR)   Coul. recip.      Potential
    3.04539e+04   -4.68375e+03   -9.00290e+05    3.93673e+03   -4.99178e+05
    Kinetic En.   Total Energy  Conserved En.    Temperature Pres. DC (bar)
    2.09531e+05   -2.89647e+05   -2.80592e+05    2.98228e+02   -9.49080e+01
 Pressure (bar)   Constr. rmsd
   -6.59084e+01    4.69084e-06

           Step           Time
         495000      990.00000

   Energies (kJ/mol)
           Bond            U-B    Proper Dih.          LJ-14     Coulomb-14
    6.51323e+03    3.86724e+04    6.43316e+03   -3.09269e+02    3.19997e+05
        LJ (SR)  Disper. corr.   Coulomb (SR)   Coul. recip.      Potential
    3.06784e+04   -4.68989e+03   -8.99740e+05    3.96234e+03   -4.98483e+05
    Kinetic En.   Total Energy  Conserved En.    Temperature Pres. DC (bar)
    2.09111e+05   -2.89371e+05   -2.80601e+05    2.97631e+02   -9.51567e+01
 Pressure (bar)   Constr. rmsd
    1.29919e+02    4.69084e-06

           Step           Time
         500000     1000.00000

   Energies (kJ/mol)
           Bond            U-B    Proper Dih.          LJ-14     Coulomb-14
    6.87440e+03    3.87252e+04    6.53098e+03   -3.08375e+02    3.19836e+05
        LJ (SR)  Disper. corr.   Coulomb (SR)   Coul. recip.      Potential
    2.99637e+04   -4.70135e+03   -9.00222e+05    3.97640e+03   -4.99325e+05
    Kinetic En.   Total Energy  Conserved En.    Temperature Pres. DC (bar)
    2.08696e+05   -2.90628e+05   -2.80450e+05    2.97041e+02   -9.56224e+01
 Pressure (bar)   Constr. rmsd
    1.10025e+02    4.69084e-06

           Step           Time
         505000     1010.00000

   Energies (kJ/mol)
           Bond            U-B    Proper Dih.          LJ-14     Coulomb-14
    6.59655e+03    3.86656e+04    6.46151e+03   -3.09171e+02    3.19966e+05
        LJ (SR)  Disper. corr.   Coulomb (SR)   Coul. recip.      Potential
    3.06346e+04   -4.66714e+03   -8.98683e+05    3.93138e+03   -4.97404e+05
    Kinetic En.   Total Energy  Conserved En.    Temperature Pres. DC (bar)
    2.09689e+05   -2.87715e+05   -2.80476e+05    2.98454e+02   -9.42361e+01
 Pressure (bar)   Constr. rmsd
    5.55341e+01    4.69084e-06

           Step           Time
         510000     1020.00000

   Energies (kJ/mol)
           Bond            U-B    Proper Dih.          LJ-14     Coulomb-14
    6.87272e+03    3.89532e+04    6.44723e+03   -3.07807e+02    3.19764e+05
        LJ (SR)  Disper. corr.   Coulomb (SR)   Coul. recip.      Potential
    2.89554e+04   -4.66864e+03   -8.97216e+05    4.00759e+03   -4.97192e+05
    Kinetic En.   Total Energy  Conserved En.    Temperature Pres. DC (bar)
    2.09595e+05   -2.87597e+05   -2.80445e+05    2.98320e+02   -9.42967e+01
 Pressure (bar)   Constr. rmsd
   -1.12303e+02    4.69084e-06

           Step           Time
         515000     1030.00000

   Energies (kJ/mol)
           Bond            U-B    Proper Dih.          LJ-14     Coulomb-14
    6.80457e+03    3.82428e+04    6.50771e+03   -3.08621e+02    3.19868e+05
        LJ (SR)  Disper. corr.   Coulomb (SR)   Coul. recip.      Potential
    3.20345e+04   -4.70618e+03   -9.03737e+05    3.89742e+03   -5.01397e+05
    Kinetic En.   Total Energy  Conserved En.    Temperature Pres. DC (bar)
    2.08997e+05   -2.92400e+05   -2.80318e+05    2.97469e+02   -9.58189e+01
 Pressure (bar)   Constr. rmsd
    2.36249e+02    4.69084e-06

Writing checkpoint, step 516800 at Wed Jul 16 11:18:45 2025


           Step           Time
         520000     1040.00000

   Energies (kJ/mol)
           Bond            U-B    Proper Dih.          LJ-14     Coulomb-14
    6.68070e+03    3.87837e+04    6.44594e+03   -3.08826e+02    3.19927e+05
        LJ (SR)  Disper. corr.   Coulomb (SR)   Coul. recip.      Potential
    2.97228e+04   -4.68901e+03   -8.99965e+05    3.94635e+03   -4.99456e+05
    Kinetic En.   Total Energy  Conserved En.    Temperature Pres. DC (bar)
    2.08304e+05   -2.91153e+05   -2.80304e+05    2.96482e+02   -9.51211e+01
 Pressure (bar)   Constr. rmsd
   -9.55923e+01    4.69084e-06

           Step           Time
         525000     1050.00000

   Energies (kJ/mol)
           Bond            U-B    Proper Dih.          LJ-14     Coulomb-14
    6.77458e+03    3.86549e+04    6.33638e+03   -3.08813e+02    3.19948e+05
        LJ (SR)  Disper. corr.   Coulomb (SR)   Coul. recip.      Potential
    2.95061e+04   -4.67304e+03   -8.99521e+05    4.02520e+03   -4.99257e+05
    Kinetic En.   Total Energy  Conserved En.    Temperature Pres. DC (bar)
    2.09932e+05   -2.89325e+05   -2.80323e+05    2.98799e+02   -9.44743e+01
 Pressure (bar)   Constr. rmsd
   -2.14220e+02    4.69084e-06

           Step           Time
         530000     1060.00000

   Energies (kJ/mol)
           Bond            U-B    Proper Dih.          LJ-14     Coulomb-14
    6.80637e+03    3.94355e+04    6.65164e+03   -3.09581e+02    3.20020e+05
        LJ (SR)  Disper. corr.   Coulomb (SR)   Coul. recip.      Potential
    2.98746e+04   -4.68361e+03   -8.98457e+05    4.09315e+03   -4.96569e+05
    Kinetic En.   Total Energy  Conserved En.    Temperature Pres. DC (bar)
    2.10264e+05   -2.86304e+05   -2.80202e+05    2.99273e+02   -9.49024e+01
 Pressure (bar)   Constr. rmsd
    4.47097e+01    4.69084e-06

           Step           Time
         535000     1070.00000

   Energies (kJ/mol)
           Bond            U-B    Proper Dih.          LJ-14     Coulomb-14
    6.68415e+03    3.92081e+04    6.59213e+03   -3.07481e+02    3.19677e+05
        LJ (SR)  Disper. corr.   Coulomb (SR)   Coul. recip.      Potential
    2.96028e+04   -4.67652e+03   -8.99682e+05    3.98925e+03   -4.98912e+05
    Kinetic En.   Total Energy  Conserved En.    Temperature Pres. DC (bar)
    2.09537e+05   -2.89375e+05   -2.80170e+05    2.98237e+02   -9.46150e+01
 Pressure (bar)   Constr. rmsd
   -1.24993e+01    4.69084e-06

           Step           Time
         540000     1080.00000

   Energies (kJ/mol)
           Bond            U-B    Proper Dih.          LJ-14     Coulomb-14
    6.89845e+03    3.85727e+04    6.38831e+03   -3.07535e+02    3.19700e+05
        LJ (SR)  Disper. corr.   Coulomb (SR)   Coul. recip.      Potential
    3.08566e+04   -4.67261e+03   -9.00238e+05    3.93673e+03   -4.98865e+05
    Kinetic En.   Total Energy  Conserved En.    Temperature Pres. DC (bar)
    2.09005e+05   -2.89860e+05   -2.80213e+05    2.97480e+02   -9.44571e+01
 Pressure (bar)   Constr. rmsd
   -7.66739e+01    4.69084e-06

           Step           Time
         545000     1090.00000

   Energies (kJ/mol)
           Bond            U-B    Proper Dih.          LJ-14     Coulomb-14
    6.75186e+03    3.88329e+04    6.41019e+03   -3.09531e+02    3.20006e+05
        LJ (SR)  Disper. corr.   Coulomb (SR)   Coul. recip.      Potential
    3.16720e+04   -4.68286e+03   -9.00347e+05    4.07173e+03   -4.97595e+05
    Kinetic En.   Total Energy  Conserved En.    Temperature Pres. DC (bar)
    2.07594e+05   -2.90002e+05   -2.80106e+05    2.95471e+02   -9.48717e+01
 Pressure (bar)   Constr. rmsd
    7.78420e+01    4.69084e-06

           Step           Time
         550000     1100.00000

   Energies (kJ/mol)
           Bond            U-B    Proper Dih.          LJ-14     Coulomb-14
    6.79426e+03    3.91017e+04    6.50296e+03   -3.07700e+02    3.19721e+05
        LJ (SR)  Disper. corr.   Coulomb (SR)   Coul. recip.      Potential
    2.99319e+04   -4.66875e+03   -8.98618e+05    3.94525e+03   -4.97597e+05
    Kinetic En.   Total Energy  Conserved En.    Temperature Pres. DC (bar)
    2.09613e+05   -2.87984e+05   -2.80158e+05    2.98346e+02   -9.43009e+01
 Pressure (bar)   Constr. rmsd
   -1.42877e+02    4.69084e-06

