                      :-) GROMACS - gmx mdrun, 2021.5 (-:

                            GROMACS is written by:
     Andrey Alekseenko              Emile Apol              Rossen Apostolov     
         Paul Bauer           Herman J.C. Berendsen           Par Bjelkmar       
       Christian Blau           Viacheslav Bolnykh             Kevin Boyd        
     Aldert van Buuren           Rudi van Drunen             Anton Feenstra      
    Gilles Gouaillardet             Alan Gray               Gerrit Groenhof      
       Anca Hamuraru            Vincent Hindriksen          M. Eric Irrgang      
      Aleksei Iupinov           Christoph Junghans             Joe Jordan        
    Dimitrios Karkoulis            Peter Kasson                Jiri Kraus        
      Carsten Kutzner              Per Larsson              Justin A. Lemkul     
       Viveca Lindahl            Magnus Lundborg             Erik Marklund       
        Pascal Merz             Pieter Meulenhoff            Teemu Murtola       
        Szilard Pall               Sander Pronk              Roland Schulz       
       Michael Shirts            Alexey Shvetsov             Alfons Sijbers      
       Peter Tieleman              Jon Vincent              Teemu Virolainen     
     Christian Wennberg            Maarten Wolf              Artem Zhmurov       
                           and the project leaders:
        Mark Abraham, Berk Hess, Erik Lindahl, and David van der Spoel

Copyright (c) 1991-2000, University of Groningen, The Netherlands.
Copyright (c) 2001-2019, The GROMACS development team at
Uppsala University, Stockholm University and
the Royal Institute of Technology, Sweden.
check out http://www.gromacs.org for more information.

GROMACS is free software; you can redistribute it and/or modify it
under the terms of the GNU Lesser General Public License
as published by the Free Software Foundation; either version 2.1
of the License, or (at your option) any later version.

GROMACS:      gmx mdrun, version 2021.5
Executable:   /usr/local/gromacs_2021.5/bin/gmx
Data prefix:  /usr/local/gromacs_2021.5
Working dir:  /srv/home/apbal/work/REU/mixtures/monomers/15pHBA/1mix
Process ID:   317711
Command line:
  gmx mdrun -v -deffnm npt -ntomp 10 -nb gpu -bonded cpu -update gpu -ntmpi 1 -cpt 1

GROMACS version:    2021.5
Precision:          mixed
Memory model:       64 bit
MPI library:        thread_mpi
OpenMP support:     enabled (GMX_OPENMP_MAX_THREADS = 256)
GPU support:        CUDA
SIMD instructions:  AVX2_256
FFT library:        fftw-3.3.8-sse2-avx-avx2-avx2_128
RDTSCP usage:       enabled
TNG support:        enabled
Hwloc support:      disabled
Tracing support:    disabled
C compiler:         /usr/bin/cc GNU 9.4.0
C compiler flags:   -mavx2 -mfma -Wno-missing-field-initializers -fexcess-precision=fast -funroll-all-loops -pthread -O3 -DNDEBUG
C++ compiler:       /usr/bin/c++ GNU 9.4.0
C++ compiler flags: -mavx2 -mfma -Wno-missing-field-initializers -fexcess-precision=fast -funroll-all-loops -pthread -fopenmp -O3 -DNDEBUG
CUDA compiler:      /usr/local/cuda-12.2/bin/nvcc nvcc: NVIDIA (R) Cuda compiler driver;Copyright (c) 2005-2023 NVIDIA Corporation;Built on Tue_Aug_15_22:02:13_PDT_2023;Cuda compilation tools, release 12.2, V12.2.140;Build cuda_12.2.r12.2/compiler.33191640_0
CUDA compiler flags:-std=c++17;-gencode;arch=compute_60,code=sm_60;-gencode;arch=compute_61,code=sm_61;-gencode;arch=compute_62,code=sm_62;-gencode;arch=compute_70,code=sm_70;-gencode;arch=compute_75,code=sm_75;-gencode;arch=compute_80,code=sm_80;-gencode;arch=compute_86,code=sm_86;-gencode;arch=compute_89,code=sm_89;-gencode;arch=compute_60,code=compute_60;-gencode;arch=compute_61,code=compute_61;-gencode;arch=compute_62,code=compute_62;-gencode;arch=compute_70,code=compute_70;-gencode;arch=compute_75,code=compute_75;-gencode;arch=compute_80,code=compute_80;-gencode;arch=compute_86,code=compute_86;-gencode;arch=compute_89,code=compute_89;-use_fast_math;-D_FORCE_INLINES;-mavx2 -mfma -Wno-missing-field-initializers -fexcess-precision=fast -funroll-all-loops -pthread -fopenmp -O3 -DNDEBUG
CUDA driver:        12.90
CUDA runtime:       12.20


Running on 1 node with total 128 cores, 128 logical cores, 1 compatible GPU
Hardware detected:
  CPU info:
    Vendor: AMD
    Brand:  AMD EPYC 7513 32-Core Processor                
    Family: 25   Model: 1   Stepping: 1
    Features: aes amd apic avx avx2 clfsh cmov cx8 cx16 f16c fma htt lahf misalignsse mmx msr nonstop_tsc pcid pclmuldq pdpe1gb popcnt pse rdrnd rdtscp sha sse2 sse3 sse4a sse4.1 sse4.2 ssse3
  Hardware topology: Only logical processor count
  GPU info:
    Number of GPUs detected: 1
    #0: NVIDIA NVIDIA RTX A4500, compute cap.: 8.6, ECC:  no, stat: compatible


++++ PLEASE READ AND CITE THE FOLLOWING REFERENCE ++++
M. J. Abraham, T. Murtola, R. Schulz, S. Páll, J. C. Smith, B. Hess, E.
Lindahl
GROMACS: High performance molecular simulations through multi-level
parallelism from laptops to supercomputers
SoftwareX 1 (2015) pp. 19-25
-------- -------- --- Thank You --- -------- --------


++++ PLEASE READ AND CITE THE FOLLOWING REFERENCE ++++
S. Páll, M. J. Abraham, C. Kutzner, B. Hess, E. Lindahl
Tackling Exascale Software Challenges in Molecular Dynamics Simulations with
GROMACS
In S. Markidis & E. Laure (Eds.), Solving Software Challenges for Exascale 8759 (2015) pp. 3-27
-------- -------- --- Thank You --- -------- --------


++++ PLEASE READ AND CITE THE FOLLOWING REFERENCE ++++
S. Pronk, S. Páll, R. Schulz, P. Larsson, P. Bjelkmar, R. Apostolov, M. R.
Shirts, J. C. Smith, P. M. Kasson, D. van der Spoel, B. Hess, and E. Lindahl
GROMACS 4.5: a high-throughput and highly parallel open source molecular
simulation toolkit
Bioinformatics 29 (2013) pp. 845-54
-------- -------- --- Thank You --- -------- --------


++++ PLEASE READ AND CITE THE FOLLOWING REFERENCE ++++
B. Hess and C. Kutzner and D. van der Spoel and E. Lindahl
GROMACS 4: Algorithms for highly efficient, load-balanced, and scalable
molecular simulation
J. Chem. Theory Comput. 4 (2008) pp. 435-447
-------- -------- --- Thank You --- -------- --------


++++ PLEASE READ AND CITE THE FOLLOWING REFERENCE ++++
D. van der Spoel, E. Lindahl, B. Hess, G. Groenhof, A. E. Mark and H. J. C.
Berendsen
GROMACS: Fast, Flexible and Free
J. Comp. Chem. 26 (2005) pp. 1701-1719
-------- -------- --- Thank You --- -------- --------


++++ PLEASE READ AND CITE THE FOLLOWING REFERENCE ++++
E. Lindahl and B. Hess and D. van der Spoel
GROMACS 3.0: A package for molecular simulation and trajectory analysis
J. Mol. Mod. 7 (2001) pp. 306-317
-------- -------- --- Thank You --- -------- --------


++++ PLEASE READ AND CITE THE FOLLOWING REFERENCE ++++
H. J. C. Berendsen, D. van der Spoel and R. van Drunen
GROMACS: A message-passing parallel molecular dynamics implementation
Comp. Phys. Comm. 91 (1995) pp. 43-56
-------- -------- --- Thank You --- -------- --------


++++ PLEASE CITE THE DOI FOR THIS VERSION OF GROMACS ++++
https://doi.org/10.5281/zenodo.5850051
-------- -------- --- Thank You --- -------- --------

Input Parameters:
   integrator                     = md
   tinit                          = 0
   dt                             = 0.002
   nsteps                         = 250000
   init-step                      = 0
   simulation-part                = 1
   mts                            = false
   comm-mode                      = Linear
   nstcomm                        = 100
   bd-fric                        = 0
   ld-seed                        = -35
   emtol                          = 10
   emstep                         = 0.01
   niter                          = 20
   fcstep                         = 0
   nstcgsteep                     = 1000
   nbfgscorr                      = 10
   rtpi                           = 0.05
   nstxout                        = 5000
   nstvout                        = 5000
   nstfout                        = 0
   nstlog                         = 5000
   nstcalcenergy                  = 100
   nstenergy                      = 5000
   nstxout-compressed             = 5000
   compressed-x-precision         = 1000
   cutoff-scheme                  = Verlet
   nstlist                        = 10
   pbc                            = xyz
   periodic-molecules             = false
   verlet-buffer-tolerance        = 0.005
   rlist                          = 1.4
   coulombtype                    = PME
   coulomb-modifier               = Potential-shift
   rcoulomb-switch                = 0
   rcoulomb                       = 1.4
   epsilon-r                      = 1
   epsilon-rf                     = inf
   vdw-type                       = Cut-off
   vdw-modifier                   = Potential-shift
   rvdw-switch                    = 0
   rvdw                           = 1.4
   DispCorr                       = EnerPres
   table-extension                = 1
   fourierspacing                 = 0.12
   fourier-nx                     = 52
   fourier-ny                     = 52
   fourier-nz                     = 200
   pme-order                      = 4
   ewald-rtol                     = 1e-05
   ewald-rtol-lj                  = 0.001
   lj-pme-comb-rule               = Geometric
   ewald-geometry                 = 0
   epsilon-surface                = 0
   tcoupl                         = V-rescale
   nsttcouple                     = 10
   nh-chain-length                = 0
   print-nose-hoover-chain-variables = false
   pcoupl                         = Berendsen
   pcoupltype                     = Isotropic
   nstpcouple                     = 10
   tau-p                          = 2
   compressibility (3x3):
      compressibility[    0]={ 4.50000e-05,  0.00000e+00,  0.00000e+00}
      compressibility[    1]={ 0.00000e+00,  4.50000e-05,  0.00000e+00}
      compressibility[    2]={ 0.00000e+00,  0.00000e+00,  4.50000e-05}
   ref-p (3x3):
      ref-p[    0]={ 1.00000e+00,  0.00000e+00,  0.00000e+00}
      ref-p[    1]={ 0.00000e+00,  1.00000e+00,  0.00000e+00}
      ref-p[    2]={ 0.00000e+00,  0.00000e+00,  1.00000e+00}
   refcoord-scaling               = No
   posres-com (3):
      posres-com[0]= 0.00000e+00
      posres-com[1]= 0.00000e+00
      posres-com[2]= 0.00000e+00
   posres-comB (3):
      posres-comB[0]= 0.00000e+00
      posres-comB[1]= 0.00000e+00
      posres-comB[2]= 0.00000e+00
   QMMM                           = false
qm-opts:
   ngQM                           = 0
   constraint-algorithm           = Lincs
   continuation                   = false
   Shake-SOR                      = false
   shake-tol                      = 0.0001
   lincs-order                    = 4
   lincs-iter                     = 1
   lincs-warnangle                = 30
   nwall                          = 0
   wall-type                      = 9-3
   wall-r-linpot                  = -1
   wall-atomtype[0]               = -1
   wall-atomtype[1]               = -1
   wall-density[0]                = 0
   wall-density[1]                = 0
   wall-ewald-zfac                = 3
   pull                           = false
   awh                            = false
   rotation                       = false
   interactiveMD                  = false
   disre                          = No
   disre-weighting                = Conservative
   disre-mixed                    = false
   dr-fc                          = 1000
   dr-tau                         = 0
   nstdisreout                    = 100
   orire-fc                       = 0
   orire-tau                      = 0
   nstorireout                    = 100
   free-energy                    = no
   cos-acceleration               = 0
   deform (3x3):
      deform[    0]={ 0.00000e+00,  0.00000e+00,  0.00000e+00}
      deform[    1]={ 0.00000e+00,  0.00000e+00,  0.00000e+00}
      deform[    2]={ 0.00000e+00,  0.00000e+00,  0.00000e+00}
   simulated-tempering            = false
   swapcoords                     = no
   userint1                       = 0
   userint2                       = 0
   userint3                       = 0
   userint4                       = 0
   userreal1                      = 0
   userreal2                      = 0
   userreal3                      = 0
   userreal4                      = 0
   applied-forces:
     electric-field:
       x:
         E0                       = 0
         omega                    = 0
         t0                       = 0
         sigma                    = 0
       y:
         E0                       = 0
         omega                    = 0
         t0                       = 0
         sigma                    = 0
       z:
         E0                       = 0
         omega                    = 0
         t0                       = 0
         sigma                    = 0
     density-guided-simulation:
       active                     = false
       group                      = protein
       similarity-measure         = inner-product
       atom-spreading-weight      = unity
       force-constant             = 1e+09
       gaussian-transform-spreading-width = 0.2
       gaussian-transform-spreading-range-in-multiples-of-width = 4
       reference-density-filename = reference.mrc
       nst                        = 1
       normalize-densities        = true
       adaptive-force-scaling     = false
       adaptive-force-scaling-time-constant = 4
       shift-vector               = 
       transformation-matrix      = 
grpopts:
   nrdf:       78670
   ref-t:         298
   tau-t:         0.1
annealing:          No
annealing-npoints:           0
   acc:	           0           0           0
   nfreeze:           N           N           N
   energygrp-flags[  0]: 0

Changing nstlist from 10 to 100, rlist from 1.4 to 1.459

1 GPU selected for this run.
Mapping of GPU IDs to the 2 GPU tasks in the 1 rank on this node:
  PP:0,PME:0
PP tasks will do (non-perturbed) short-ranged interactions on the GPU
PP task will update and constrain coordinates on the GPU
PME tasks will do all aspects on the GPU
Using 1 MPI thread

Non-default thread affinity set, disabling internal thread affinity

Using 10 OpenMP threads 

System total charge: 0.000
Will do PME sum in reciprocal space for electrostatic interactions.

++++ PLEASE READ AND CITE THE FOLLOWING REFERENCE ++++
U. Essmann, L. Perera, M. L. Berkowitz, T. Darden, H. Lee and L. G. Pedersen 
A smooth particle mesh Ewald method
J. Chem. Phys. 103 (1995) pp. 8577-8592
-------- -------- --- Thank You --- -------- --------

Using a Gaussian width (1/beta) of 0.448228 nm for Ewald
Potential shift: LJ r^-12: -1.764e-02 r^-6: -1.328e-01, Ewald -7.143e-06
Initialized non-bonded Ewald tables, spacing: 1.10e-03 size: 1270

Generated table with 1229 data points for 1-4 COUL.
Tabscale = 500 points/nm
Generated table with 1229 data points for 1-4 LJ6.
Tabscale = 500 points/nm
Generated table with 1229 data points for 1-4 LJ12.
Tabscale = 500 points/nm
Long Range LJ corr.: <C6> 3.6243e-04


Using GPU 8x8 nonbonded short-range kernels

Using a dual 8x8 pair-list setup updated with dynamic, rolling pruning:
  outer list: updated every 100 steps, buffer 0.059 nm, rlist 1.459 nm
  inner list: updated every  30 steps, buffer 0.002 nm, rlist 1.402 nm
At tolerance 0.005 kJ/mol/ps per atom, equivalent classical 1x1 list would be:
  outer list: updated every 100 steps, buffer 0.224 nm, rlist 1.624 nm
  inner list: updated every  30 steps, buffer 0.111 nm, rlist 1.511 nm

Using Lorentz-Berthelot Lennard-Jones combination rule
Removing pbc first time

Initializing LINear Constraint Solver

++++ PLEASE READ AND CITE THE FOLLOWING REFERENCE ++++
B. Hess and H. Bekker and H. J. C. Berendsen and J. G. E. M. Fraaije
LINCS: A Linear Constraint Solver for molecular simulations
J. Comp. Chem. 18 (1997) pp. 1463-1472
-------- -------- --- Thank You --- -------- --------

The number of constraints is 5048

++++ PLEASE READ AND CITE THE FOLLOWING REFERENCE ++++
S. Miyamoto and P. A. Kollman
SETTLE: An Analytical Version of the SHAKE and RATTLE Algorithms for Rigid
Water Models
J. Comp. Chem. 13 (1992) pp. 952-962
-------- -------- --- Thank You --- -------- --------


++++ PLEASE READ AND CITE THE FOLLOWING REFERENCE ++++
G. Bussi, D. Donadio and M. Parrinello
Canonical sampling through velocity rescaling
J. Chem. Phys. 126 (2007) pp. 014101
-------- -------- --- Thank You --- -------- --------

There are: 37382 Atoms

Updating coordinates and applying constraints on the GPU.

Constraining the starting coordinates (step 0)

Constraining the coordinates at t0-dt (step 0)
Center of mass motion removal mode is Linear
We have the following groups for center of mass motion removal:
  0:  rest
RMS relative constraint deviation after constraining: 4.64e-06
Initial temperature: 301.333 K

Started mdrun on rank 0 Wed Jul  2 22:25:17 2025

           Step           Time
              0        0.00000

   Energies (kJ/mol)
           Bond            U-B    Proper Dih.  Improper Dih.          LJ-14
    3.99803e+02    1.89627e+03    5.21644e+03    3.08040e+01    1.29380e+03
     Coulomb-14        LJ (SR)  Disper. corr.   Coulomb (SR)   Coul. recip.
   -1.40331e+04    2.55712e+04   -8.93921e+02   -3.71856e+05    3.03196e+03
      Potential    Kinetic En.   Total Energy  Conserved En.    Temperature
   -3.49342e+05    9.85828e+04   -2.50760e+05   -2.50658e+05    3.01431e+02
 Pres. DC (bar) Pressure (bar)   Constr. rmsd
   -1.71977e+01   -1.54329e+03    4.63919e-06

step  600: timed with pme grid 52 52 200, coulomb cutoff 1.400: 252.2 M-cycles
step  800: timed with pme grid 42 42 168, coulomb cutoff 1.667: 123.4 M-cycles
step 1000: timed with pme grid 36 36 144, coulomb cutoff 1.944: 150.5 M-cycles
step 1200: timed with pme grid 40 40 160, coulomb cutoff 1.750: 130.9 M-cycles
step 1400: timed with pme grid 42 42 168, coulomb cutoff 1.667: 119.4 M-cycles
step 1600: timed with pme grid 44 44 192, coulomb cutoff 1.591: 118.3 M-cycles
step 1800: timed with pme grid 48 48 192, coulomb cutoff 1.458: 109.6 M-cycles
step 2000: timed with pme grid 42 42 168, coulomb cutoff 1.667: 127.5 M-cycles
step 2200: timed with pme grid 44 44 192, coulomb cutoff 1.591: 119.0 M-cycles
step 2400: timed with pme grid 48 48 192, coulomb cutoff 1.458: 105.4 M-cycles
step 2600: timed with pme grid 48 48 192, coulomb cutoff 1.458: 105.9 M-cycles
              optimal pme grid 48 48 192, coulomb cutoff 1.458
           Step           Time
           5000       10.00000

   Energies (kJ/mol)
           Bond            U-B    Proper Dih.  Improper Dih.          LJ-14
    2.95308e+03    1.40800e+04    6.72787e+03    6.23489e+02    1.90486e+03
     Coulomb-14        LJ (SR)  Disper. corr.   Coulomb (SR)   Coul. recip.
   -1.77595e+04    2.93871e+04   -9.80253e+02   -4.29388e+05    2.07397e+03
      Potential    Kinetic En.   Total Energy  Conserved En.    Temperature
   -3.90377e+05    9.83929e+04   -2.91984e+05   -2.48936e+05    3.00850e+02
 Pres. DC (bar) Pressure (bar)   Constr. rmsd
   -2.06763e+01   -2.77698e+02    4.63919e-06

           Step           Time
          10000       20.00000

   Energies (kJ/mol)
           Bond            U-B    Proper Dih.  Improper Dih.          LJ-14
    3.29954e+03    1.57124e+04    6.54695e+03    6.58418e+02    1.96495e+03
     Coulomb-14        LJ (SR)  Disper. corr.   Coulomb (SR)   Coul. recip.
   -1.84503e+04    2.96627e+04   -1.03812e+03   -4.43384e+05    1.91255e+03
      Potential    Kinetic En.   Total Energy  Conserved En.    Temperature
   -4.03115e+05    9.69939e+04   -3.06121e+05   -2.48657e+05    2.96573e+02
 Pres. DC (bar) Pressure (bar)   Constr. rmsd
   -2.31872e+01   -1.82434e+02    4.63919e-06

           Step           Time
          15000       30.00000

   Energies (kJ/mol)
           Bond            U-B    Proper Dih.  Improper Dih.          LJ-14
    3.43478e+03    1.63110e+04    6.61224e+03    6.48053e+02    1.93063e+03
     Coulomb-14        LJ (SR)  Disper. corr.   Coulomb (SR)   Coul. recip.
   -1.93066e+04    2.95585e+04   -1.09108e+03   -4.50919e+05    1.81382e+03
      Potential    Kinetic En.   Total Energy  Conserved En.    Temperature
   -4.11007e+05    9.73003e+04   -3.13707e+05   -2.48529e+05    2.97510e+02
 Pres. DC (bar) Pressure (bar)   Constr. rmsd
   -2.56109e+01   -7.32070e+01    4.63919e-06

           Step           Time
          20000       40.00000

   Energies (kJ/mol)
           Bond            U-B    Proper Dih.  Improper Dih.          LJ-14
    3.49515e+03    1.65372e+04    6.49221e+03    6.72344e+02    2.00929e+03
     Coulomb-14        LJ (SR)  Disper. corr.   Coulomb (SR)   Coul. recip.
   -1.89015e+04    2.89993e+04   -1.14311e+03   -4.52848e+05    1.71506e+03
      Potential    Kinetic En.   Total Energy  Conserved En.    Temperature
   -4.12972e+05    9.76917e+04   -3.15280e+05   -2.48382e+05    2.98706e+02
 Pres. DC (bar) Pressure (bar)   Constr. rmsd
   -2.81099e+01    6.60096e+00    4.63919e-06

           Step           Time
          25000       50.00000

   Energies (kJ/mol)
           Bond            U-B    Proper Dih.  Improper Dih.          LJ-14
    3.62391e+03    1.65658e+04    6.21373e+03    6.36677e+02    1.84611e+03
     Coulomb-14        LJ (SR)  Disper. corr.   Coulomb (SR)   Coul. recip.
   -1.94489e+04    2.94234e+04   -1.19819e+03   -4.55847e+05    1.55576e+03
      Potential    Kinetic En.   Total Energy  Conserved En.    Temperature
   -4.16629e+05    9.72422e+04   -3.19387e+05   -2.48245e+05    2.97332e+02
 Pres. DC (bar) Pressure (bar)   Constr. rmsd
   -3.08820e+01   -2.27003e+02    4.63919e-06

           Step           Time
          30000       60.00000

   Energies (kJ/mol)
           Bond            U-B    Proper Dih.  Improper Dih.          LJ-14
    3.64148e+03    1.68266e+04    6.49340e+03    6.62743e+02    1.97266e+03
     Coulomb-14        LJ (SR)  Disper. corr.   Coulomb (SR)   Coul. recip.
   -1.96287e+04    3.02671e+04   -1.25117e+03   -4.60500e+05    1.52086e+03
      Potential    Kinetic En.   Total Energy  Conserved En.    Temperature
   -4.19995e+05    9.75521e+04   -3.22443e+05   -2.48106e+05    2.98279e+02
 Pres. DC (bar) Pressure (bar)   Constr. rmsd
   -3.36711e+01   -1.75671e+02    4.63919e-06

           Step           Time
          35000       70.00000

   Energies (kJ/mol)
           Bond            U-B    Proper Dih.  Improper Dih.          LJ-14
    3.57861e+03    1.65912e+04    6.37934e+03    6.56129e+02    1.87805e+03
     Coulomb-14        LJ (SR)  Disper. corr.   Coulomb (SR)   Coul. recip.
   -1.98209e+04    2.94771e+04   -1.29572e+03   -4.62200e+05    1.43159e+03
      Potential    Kinetic En.   Total Energy  Conserved En.    Temperature
   -4.23325e+05    9.77645e+04   -3.25560e+05   -2.47988e+05    2.98929e+02
 Pres. DC (bar) Pressure (bar)   Constr. rmsd
   -3.61095e+01   -1.30792e+02    4.63919e-06

           Step           Time
          40000       80.00000

   Energies (kJ/mol)
           Bond            U-B    Proper Dih.  Improper Dih.          LJ-14
    3.71286e+03    1.67540e+04    6.24000e+03    6.73490e+02    1.91488e+03
     Coulomb-14        LJ (SR)  Disper. corr.   Coulomb (SR)   Coul. recip.
   -1.97221e+04    2.74902e+04   -1.31657e+03   -4.64206e+05    1.34229e+03
      Potential    Kinetic En.   Total Energy  Conserved En.    Temperature
   -4.27117e+05    9.75095e+04   -3.29608e+05   -2.47837e+05    2.98149e+02
 Pres. DC (bar) Pressure (bar)   Constr. rmsd
   -3.72806e+01   -1.58297e+01    4.63919e-06

           Step           Time
          45000       90.00000

   Energies (kJ/mol)
           Bond            U-B    Proper Dih.  Improper Dih.          LJ-14
    3.60631e+03    1.69478e+04    6.46397e+03    7.09649e+02    2.03285e+03
     Coulomb-14        LJ (SR)  Disper. corr.   Coulomb (SR)   Coul. recip.
   -2.02580e+04    2.69813e+04   -1.31157e+03   -4.65019e+05    1.25369e+03
      Potential    Kinetic En.   Total Energy  Conserved En.    Temperature
   -4.28593e+05    9.71298e+04   -3.31463e+05   -2.47712e+05    2.96988e+02
 Pres. DC (bar) Pressure (bar)   Constr. rmsd
   -3.69980e+01    7.30403e+01    4.63919e-06

           Step           Time
          50000      100.00000

   Energies (kJ/mol)
           Bond            U-B    Proper Dih.  Improper Dih.          LJ-14
    3.66532e+03    1.66800e+04    6.28198e+03    6.91202e+02    1.93466e+03
     Coulomb-14        LJ (SR)  Disper. corr.   Coulomb (SR)   Coul. recip.
   -2.01794e+04    2.71131e+04   -1.32100e+03   -4.64933e+05    1.22142e+03
      Potential    Kinetic En.   Total Energy  Conserved En.    Temperature
   -4.28845e+05    9.68128e+04   -3.32032e+05   -2.47622e+05    2.96019e+02
 Pres. DC (bar) Pressure (bar)   Constr. rmsd
   -3.75316e+01   -6.55788e+01    4.63919e-06

           Step           Time
          55000      110.00000

   Energies (kJ/mol)
           Bond            U-B    Proper Dih.  Improper Dih.          LJ-14
    3.68052e+03    1.70700e+04    6.34982e+03    6.71521e+02    1.99947e+03
     Coulomb-14        LJ (SR)  Disper. corr.   Coulomb (SR)   Coul. recip.
   -2.05462e+04    2.67012e+04   -1.34160e+03   -4.64865e+05    1.29792e+03
      Potential    Kinetic En.   Total Energy  Conserved En.    Temperature
   -4.28983e+05    9.72175e+04   -3.31765e+05   -2.47493e+05    2.97256e+02
 Pres. DC (bar) Pressure (bar)   Constr. rmsd
   -3.87102e+01    1.01032e+02    4.63919e-06

           Step           Time
          60000      120.00000

   Energies (kJ/mol)
           Bond            U-B    Proper Dih.  Improper Dih.          LJ-14
    3.62265e+03    1.71150e+04    6.25753e+03    6.99559e+02    1.92146e+03
     Coulomb-14        LJ (SR)  Disper. corr.   Coulomb (SR)   Coul. recip.
   -2.04798e+04    2.63903e+04   -1.35964e+03   -4.64319e+05    1.29833e+03
      Potential    Kinetic En.   Total Energy  Conserved En.    Temperature
   -4.28853e+05    9.69511e+04   -3.31902e+05   -2.47369e+05    2.96442e+02
 Pres. DC (bar) Pressure (bar)   Constr. rmsd
   -3.97579e+01   -1.34856e+02    4.63919e-06

           Step           Time
          65000      130.00000

   Energies (kJ/mol)
           Bond            U-B    Proper Dih.  Improper Dih.          LJ-14
    3.70275e+03    1.69761e+04    6.30597e+03    6.33465e+02    1.95222e+03
     Coulomb-14        LJ (SR)  Disper. corr.   Coulomb (SR)   Coul. recip.
   -2.05499e+04    2.70185e+04   -1.38075e+03   -4.64330e+05    1.27017e+03
      Potential    Kinetic En.   Total Energy  Conserved En.    Temperature
   -4.28402e+05    9.78444e+04   -3.30557e+05   -2.47260e+05    2.99173e+02
 Pres. DC (bar) Pressure (bar)   Constr. rmsd
   -4.10013e+01   -1.06653e+02    4.63919e-06

           Step           Time
          70000      140.00000

   Energies (kJ/mol)
           Bond            U-B    Proper Dih.  Improper Dih.          LJ-14
    3.65096e+03    1.69627e+04    6.22719e+03    6.99155e+02    1.96182e+03
     Coulomb-14        LJ (SR)  Disper. corr.   Coulomb (SR)   Coul. recip.
   -2.05486e+04    2.60971e+04   -1.40057e+03   -4.63748e+05    1.26322e+03
      Potential    Kinetic En.   Total Energy  Conserved En.    Temperature
   -4.28835e+05    9.77423e+04   -3.31093e+05   -2.47158e+05    2.98861e+02
 Pres. DC (bar) Pressure (bar)   Constr. rmsd
   -4.21856e+01   -1.60180e+02    4.63919e-06

Writing checkpoint, step 71200 at Wed Jul  2 22:26:17 2025


           Step           Time
          75000      150.00000

   Energies (kJ/mol)
           Bond            U-B    Proper Dih.  Improper Dih.          LJ-14
    3.71367e+03    1.70571e+04    6.15832e+03    7.21556e+02    1.86042e+03
     Coulomb-14        LJ (SR)  Disper. corr.   Coulomb (SR)   Coul. recip.
   -2.01275e+04    2.67137e+04   -1.42370e+03   -4.66166e+05    1.34139e+03
      Potential    Kinetic En.   Total Energy  Conserved En.    Temperature
   -4.30151e+05    9.71246e+04   -3.33026e+05   -2.47034e+05    2.96972e+02
 Pres. DC (bar) Pressure (bar)   Constr. rmsd
   -4.35898e+01   -1.61174e+02    4.63919e-06

           Step           Time
          80000      160.00000

   Energies (kJ/mol)
           Bond            U-B    Proper Dih.  Improper Dih.          LJ-14
    3.82672e+03    1.72267e+04    6.27464e+03    6.31311e+02    1.94882e+03
     Coulomb-14        LJ (SR)  Disper. corr.   Coulomb (SR)   Coul. recip.
   -2.04063e+04    2.65081e+04   -1.44293e+03   -4.64985e+05    1.22283e+03
      Potential    Kinetic En.   Total Energy  Conserved En.    Temperature
   -4.29195e+05    9.79075e+04   -3.31288e+05   -2.46899e+05    2.99366e+02
 Pres. DC (bar) Pressure (bar)   Constr. rmsd
   -4.47745e+01   -5.58930e+01    4.63919e-06

           Step           Time
          85000      170.00000

   Energies (kJ/mol)
           Bond            U-B    Proper Dih.  Improper Dih.          LJ-14
    3.77842e+03    1.73536e+04    6.27617e+03    6.39146e+02    1.93234e+03
     Coulomb-14        LJ (SR)  Disper. corr.   Coulomb (SR)   Coul. recip.
   -2.02319e+04    2.50443e+04   -1.46804e+03   -4.62359e+05    1.19908e+03
      Potential    Kinetic En.   Total Energy  Conserved En.    Temperature
   -4.27835e+05    9.70132e+04   -3.30822e+05   -2.46783e+05    2.96632e+02
 Pres. DC (bar) Pressure (bar)   Constr. rmsd
   -4.63455e+01   -1.54904e+02    4.63919e-06

           Step           Time
          90000      180.00000

   Energies (kJ/mol)
           Bond            U-B    Proper Dih.  Improper Dih.          LJ-14
    3.72065e+03    1.71533e+04    6.17264e+03    7.23723e+02    1.98484e+03
     Coulomb-14        LJ (SR)  Disper. corr.   Coulomb (SR)   Coul. recip.
   -2.01163e+04    2.66060e+04   -1.49340e+03   -4.66190e+05    1.25748e+03
      Potential    Kinetic En.   Total Energy  Conserved En.    Temperature
   -4.30181e+05    9.68922e+04   -3.33288e+05   -2.46661e+05    2.96262e+02
 Pres. DC (bar) Pressure (bar)   Constr. rmsd
   -4.79593e+01   -5.27305e+01    4.63919e-06

           Step           Time
          95000      190.00000

   Energies (kJ/mol)
           Bond            U-B    Proper Dih.  Improper Dih.          LJ-14
    3.59938e+03    1.71100e+04    6.19002e+03    6.94037e+02    1.86359e+03
     Coulomb-14        LJ (SR)  Disper. corr.   Coulomb (SR)   Coul. recip.
   -2.03317e+04    2.66355e+04   -1.51517e+03   -4.64610e+05    1.32145e+03
      Potential    Kinetic En.   Total Energy  Conserved En.    Temperature
   -4.29043e+05    9.77446e+04   -3.31299e+05   -2.46547e+05    2.98868e+02
 Pres. DC (bar) Pressure (bar)   Constr. rmsd
   -4.93674e+01   -1.95419e+02    4.63919e-06

           Step           Time
         100000      200.00000

   Energies (kJ/mol)
           Bond            U-B    Proper Dih.  Improper Dih.          LJ-14
    3.81042e+03    1.69830e+04    6.36977e+03    6.64961e+02    1.94819e+03
     Coulomb-14        LJ (SR)  Disper. corr.   Coulomb (SR)   Coul. recip.
   -2.05583e+04    2.76080e+04   -1.53837e+03   -4.66244e+05    1.27718e+03
      Potential    Kinetic En.   Total Energy  Conserved En.    Temperature
   -4.29679e+05    9.66887e+04   -3.32990e+05   -2.46442e+05    2.95639e+02
 Pres. DC (bar) Pressure (bar)   Constr. rmsd
   -5.08897e+01    1.66606e+02    4.63919e-06

           Step           Time
         105000      210.00000

   Energies (kJ/mol)
           Bond            U-B    Proper Dih.  Improper Dih.          LJ-14
    3.57735e+03    1.71004e+04    6.15983e+03    6.29268e+02    1.90420e+03
     Coulomb-14        LJ (SR)  Disper. corr.   Coulomb (SR)   Coul. recip.
   -2.02636e+04    2.68476e+04   -1.56271e+03   -4.65996e+05    1.22997e+03
      Potential    Kinetic En.   Total Energy  Conserved En.    Temperature
   -4.30373e+05    9.74287e+04   -3.32945e+05   -2.46319e+05    2.97902e+02
 Pres. DC (bar) Pressure (bar)   Constr. rmsd
   -5.25115e+01   -1.80987e+02    4.63919e-06

           Step           Time
         110000      220.00000

   Energies (kJ/mol)
           Bond            U-B    Proper Dih.  Improper Dih.          LJ-14
    3.64159e+03    1.71020e+04    6.36916e+03    7.14569e+02    1.95597e+03
     Coulomb-14        LJ (SR)  Disper. corr.   Coulomb (SR)   Coul. recip.
   -2.03606e+04    2.62513e+04   -1.59443e+03   -4.65168e+05    1.23073e+03
      Potential    Kinetic En.   Total Energy  Conserved En.    Temperature
   -4.29858e+05    9.67098e+04   -3.33148e+05   -2.46179e+05    2.95704e+02
 Pres. DC (bar) Pressure (bar)   Constr. rmsd
   -5.46641e+01   -2.42615e+02    4.63919e-06

           Step           Time
         115000      230.00000

   Energies (kJ/mol)
           Bond            U-B    Proper Dih.  Improper Dih.          LJ-14
    3.54634e+03    1.70918e+04    6.29001e+03    6.61558e+02    2.04076e+03
     Coulomb-14        LJ (SR)  Disper. corr.   Coulomb (SR)   Coul. recip.
   -2.07678e+04    2.67607e+04   -1.62555e+03   -4.64548e+05    1.26825e+03
      Potential    Kinetic En.   Total Energy  Conserved En.    Temperature
   -4.29282e+05    9.77826e+04   -3.31500e+05   -2.46130e+05    2.98984e+02
 Pres. DC (bar) Pressure (bar)   Constr. rmsd
   -5.68173e+01    7.47581e+01    4.63919e-06

           Step           Time
         120000      240.00000

   Energies (kJ/mol)
           Bond            U-B    Proper Dih.  Improper Dih.          LJ-14
    3.86558e+03    1.70641e+04    6.32228e+03    6.29553e+02    1.96084e+03
     Coulomb-14        LJ (SR)  Disper. corr.   Coulomb (SR)   Coul. recip.
   -2.03104e+04    2.68174e+04   -1.64609e+03   -4.64857e+05    1.25331e+03
      Potential    Kinetic En.   Total Energy  Conserved En.    Temperature
   -4.28900e+05    9.79364e+04   -3.30964e+05   -2.45981e+05    2.99454e+02
 Pres. DC (bar) Pressure (bar)   Constr. rmsd
   -5.82617e+01   -1.28531e+02    4.63919e-06

           Step           Time
         125000      250.00000

   Energies (kJ/mol)
           Bond            U-B    Proper Dih.  Improper Dih.          LJ-14
    3.72644e+03    1.69160e+04    6.31810e+03    6.97880e+02    1.89858e+03
     Coulomb-14        LJ (SR)  Disper. corr.   Coulomb (SR)   Coul. recip.
   -2.06176e+04    2.60242e+04   -1.67440e+03   -4.64202e+05    1.23042e+03
      Potential    Kinetic En.   Total Energy  Conserved En.    Temperature
   -4.29682e+05    9.70733e+04   -3.32609e+05   -2.45885e+05    2.96816e+02
 Pres. DC (bar) Pressure (bar)   Constr. rmsd
   -6.02813e+01   -2.96271e+02    4.63919e-06

           Step           Time
         130000      260.00000

   Energies (kJ/mol)
           Bond            U-B    Proper Dih.  Improper Dih.          LJ-14
    3.66081e+03    1.69199e+04    6.31146e+03    6.58464e+02    1.92441e+03
     Coulomb-14        LJ (SR)  Disper. corr.   Coulomb (SR)   Coul. recip.
   -2.06262e+04    2.66858e+04   -1.70686e+03   -4.63820e+05    1.24698e+03
      Potential    Kinetic En.   Total Energy  Conserved En.    Temperature
   -4.28745e+05    9.73765e+04   -3.31368e+05   -2.45770e+05    2.97742e+02
 Pres. DC (bar) Pressure (bar)   Constr. rmsd
   -6.26405e+01   -2.75958e+02    4.63919e-06

           Step           Time
         135000      270.00000

   Energies (kJ/mol)
           Bond            U-B    Proper Dih.  Improper Dih.          LJ-14
    3.54213e+03    1.70701e+04    6.30428e+03    7.37916e+02    2.03815e+03
     Coulomb-14        LJ (SR)  Disper. corr.   Coulomb (SR)   Coul. recip.
   -2.06281e+04    2.70696e+04   -1.73487e+03   -4.64900e+05    1.23664e+03
      Potential    Kinetic En.   Total Energy  Conserved En.    Temperature
   -4.29265e+05    9.66963e+04   -3.32568e+05   -2.45639e+05    2.95663e+02
 Pres. DC (bar) Pressure (bar)   Constr. rmsd
   -6.47119e+01    2.25405e+02    4.63919e-06

           Step           Time
         140000      280.00000

   Energies (kJ/mol)
           Bond            U-B    Proper Dih.  Improper Dih.          LJ-14
    3.80564e+03    1.68845e+04    6.19327e+03    6.57089e+02    1.90208e+03
     Coulomb-14        LJ (SR)  Disper. corr.   Coulomb (SR)   Coul. recip.
   -2.00659e+04    2.69364e+04   -1.76528e+03   -4.66220e+05    1.24703e+03
      Potential    Kinetic En.   Total Energy  Conserved En.    Temperature
   -4.30425e+05    9.74468e+04   -3.32978e+05   -2.45539e+05    2.97957e+02
 Pres. DC (bar) Pressure (bar)   Constr. rmsd
   -6.69990e+01   -6.99341e+01    4.63919e-06

           Step           Time
         145000      290.00000

   Energies (kJ/mol)
           Bond            U-B    Proper Dih.  Improper Dih.          LJ-14
    3.54246e+03    1.70542e+04    6.19017e+03    7.25400e+02    1.85341e+03
     Coulomb-14        LJ (SR)  Disper. corr.   Coulomb (SR)   Coul. recip.
   -2.05689e+04    2.73145e+04   -1.79753e+03   -4.66426e+05    1.14586e+03
      Potential    Kinetic En.   Total Energy  Conserved En.    Temperature
   -4.30967e+05    9.77142e+04   -3.33253e+05   -2.45422e+05    2.98775e+02
 Pres. DC (bar) Pressure (bar)   Constr. rmsd
   -6.94684e+01    9.40900e+00    4.63919e-06

           Step           Time
         150000      300.00000

   Energies (kJ/mol)
           Bond            U-B    Proper Dih.  Improper Dih.          LJ-14
    3.72874e+03    1.73963e+04    6.39823e+03    6.80359e+02    1.94054e+03
     Coulomb-14        LJ (SR)  Disper. corr.   Coulomb (SR)   Coul. recip.
   -2.06353e+04    2.56001e+04   -1.83748e+03   -4.65043e+05    1.27012e+03
      Potential    Kinetic En.   Total Energy  Conserved En.    Temperature
   -4.30502e+05    9.69256e+04   -3.33576e+05   -2.45240e+05    2.96364e+02
 Pres. DC (bar) Pressure (bar)   Constr. rmsd
   -7.25889e+01   -3.77402e+02    4.63919e-06

           Step           Time
         155000      310.00000

   Energies (kJ/mol)
           Bond            U-B    Proper Dih.  Improper Dih.          LJ-14
    3.97871e+03    1.73579e+04    6.31111e+03    6.39747e+02    1.91049e+03
     Coulomb-14        LJ (SR)  Disper. corr.   Coulomb (SR)   Coul. recip.
   -2.01444e+04    2.63988e+04   -1.87820e+03   -4.65361e+05    1.28219e+03
      Potential    Kinetic En.   Total Energy  Conserved En.    Temperature
   -4.29505e+05    9.84831e+04   -3.31021e+05   -2.45147e+05    3.01126e+02
 Pres. DC (bar) Pressure (bar)   Constr. rmsd
   -7.58404e+01    1.67988e+00    4.63919e-06

           Step           Time
         160000      320.00000

   Energies (kJ/mol)
           Bond            U-B    Proper Dih.  Improper Dih.          LJ-14
    3.68111e+03    1.72052e+04    6.38044e+03    5.95725e+02    1.91619e+03
     Coulomb-14        LJ (SR)  Disper. corr.   Coulomb (SR)   Coul. recip.
   -2.00111e+04    2.59282e+04   -1.91155e+03   -4.64742e+05    1.31603e+03
      Potential    Kinetic En.   Total Energy  Conserved En.    Temperature
   -4.29642e+05    9.74175e+04   -3.32224e+05   -2.45043e+05    2.97868e+02
 Pres. DC (bar) Pressure (bar)   Constr. rmsd
   -7.85556e+01   -2.24824e+02    4.63919e-06

           Step           Time
         165000      330.00000

   Energies (kJ/mol)
           Bond            U-B    Proper Dih.  Improper Dih.          LJ-14
    3.87764e+03    1.70220e+04    6.26908e+03    6.80743e+02    1.92205e+03
     Coulomb-14        LJ (SR)  Disper. corr.   Coulomb (SR)   Coul. recip.
   -2.02470e+04    2.59673e+04   -1.96604e+03   -4.64090e+05    1.17369e+03
      Potential    Kinetic En.   Total Energy  Conserved En.    Temperature
   -4.29390e+05    9.75699e+04   -3.31820e+05   -2.44924e+05    2.98334e+02
 Pres. DC (bar) Pressure (bar)   Constr. rmsd
   -8.30959e+01   -9.73086e+01    4.63919e-06

           Step           Time
         170000      340.00000

   Energies (kJ/mol)
           Bond            U-B    Proper Dih.  Improper Dih.          LJ-14
    3.65429e+03    1.72615e+04    6.40233e+03    6.43231e+02    1.98820e+03
     Coulomb-14        LJ (SR)  Disper. corr.   Coulomb (SR)   Coul. recip.
   -2.02684e+04    2.59216e+04   -2.04573e+03   -4.65630e+05    1.17994e+03
      Potential    Kinetic En.   Total Energy  Conserved En.    Temperature
   -4.30893e+05    9.73849e+04   -3.33508e+05   -2.44789e+05    2.97768e+02
 Pres. DC (bar) Pressure (bar)   Constr. rmsd
   -8.99657e+01    9.92603e+01    4.63919e-06

Writing checkpoint, step 171000 at Wed Jul  2 22:27:17 2025


           Step           Time
         175000      350.00000

   Energies (kJ/mol)
           Bond            U-B    Proper Dih.  Improper Dih.          LJ-14
    3.73402e+03    1.67609e+04    6.07517e+03    6.49774e+02    1.88464e+03
     Coulomb-14        LJ (SR)  Disper. corr.   Coulomb (SR)   Coul. recip.
   -1.99531e+04    2.69453e+04   -2.06120e+03   -4.68738e+05    1.14546e+03
      Potential    Kinetic En.   Total Energy  Conserved En.    Temperature
   -4.33557e+05    9.78697e+04   -3.35687e+05   -2.44681e+05    2.99251e+02
 Pres. DC (bar) Pressure (bar)   Constr. rmsd
   -9.13307e+01    2.20648e+02    4.63919e-06

           Step           Time
         180000      360.00000

   Energies (kJ/mol)
           Bond            U-B    Proper Dih.  Improper Dih.          LJ-14
    3.82536e+03    1.71416e+04    6.14562e+03    6.93597e+02    1.88127e+03
     Coulomb-14        LJ (SR)  Disper. corr.   Coulomb (SR)   Coul. recip.
   -2.00998e+04    2.59069e+04   -2.06213e+03   -4.66278e+05    1.13017e+03
      Potential    Kinetic En.   Total Energy  Conserved En.    Temperature
   -4.31716e+05    9.74973e+04   -3.34218e+05   -2.44554e+05    2.98112e+02
 Pres. DC (bar) Pressure (bar)   Constr. rmsd
   -9.14137e+01   -1.65020e+02    4.63919e-06

           Step           Time
         185000      370.00000

   Energies (kJ/mol)
           Bond            U-B    Proper Dih.  Improper Dih.          LJ-14
    3.55187e+03    1.69329e+04    6.22195e+03    7.15859e+02    1.92944e+03
     Coulomb-14        LJ (SR)  Disper. corr.   Coulomb (SR)   Coul. recip.
   -2.01151e+04    2.49327e+04   -2.06301e+03   -4.66352e+05    1.13389e+03
      Potential    Kinetic En.   Total Energy  Conserved En.    Temperature
   -4.33111e+05    9.71361e+04   -3.35975e+05   -2.44461e+05    2.97007e+02
 Pres. DC (bar) Pressure (bar)   Constr. rmsd
   -9.14913e+01   -4.99491e+01    4.63919e-06

           Step           Time
         190000      380.00000

   Energies (kJ/mol)
           Bond            U-B    Proper Dih.  Improper Dih.          LJ-14
    3.63849e+03    1.71698e+04    6.32309e+03    7.24696e+02    1.93886e+03
     Coulomb-14        LJ (SR)  Disper. corr.   Coulomb (SR)   Coul. recip.
   -2.01716e+04    2.51074e+04   -2.06182e+03   -4.66392e+05    1.15420e+03
      Potential    Kinetic En.   Total Energy  Conserved En.    Temperature
   -4.32569e+05    9.75479e+04   -3.35021e+05   -2.44353e+05    2.98267e+02
 Pres. DC (bar) Pressure (bar)   Constr. rmsd
   -9.13862e+01    6.94005e+00    4.63919e-06

           Step           Time
         195000      390.00000

   Energies (kJ/mol)
           Bond            U-B    Proper Dih.  Improper Dih.          LJ-14
    3.56623e+03    1.67300e+04    6.34950e+03    6.25054e+02    1.93126e+03
     Coulomb-14        LJ (SR)  Disper. corr.   Coulomb (SR)   Coul. recip.
   -2.05205e+04    2.60174e+04   -2.06326e+03   -4.65919e+05    1.14743e+03
      Potential    Kinetic En.   Total Energy  Conserved En.    Temperature
   -4.32136e+05    9.78569e+04   -3.34279e+05   -2.44285e+05    2.99211e+02
 Pres. DC (bar) Pressure (bar)   Constr. rmsd
   -9.15140e+01    2.93875e+02    4.63919e-06

           Step           Time
         200000      400.00000

   Energies (kJ/mol)
           Bond            U-B    Proper Dih.  Improper Dih.          LJ-14
    3.67703e+03    1.73412e+04    6.03536e+03    6.30145e+02    1.95314e+03
     Coulomb-14        LJ (SR)  Disper. corr.   Coulomb (SR)   Coul. recip.
   -2.01377e+04    2.56727e+04   -2.05878e+03   -4.66598e+05    1.12566e+03
      Potential    Kinetic En.   Total Energy  Conserved En.    Temperature
   -4.32360e+05    9.72460e+04   -3.35114e+05   -2.44118e+05    2.97343e+02
 Pres. DC (bar) Pressure (bar)   Constr. rmsd
   -9.11168e+01    1.32527e+02    4.63919e-06

           Step           Time
         205000      410.00000

   Energies (kJ/mol)
           Bond            U-B    Proper Dih.  Improper Dih.          LJ-14
    3.70168e+03    1.68488e+04    6.23068e+03    6.52786e+02    1.97737e+03
     Coulomb-14        LJ (SR)  Disper. corr.   Coulomb (SR)   Coul. recip.
   -1.99079e+04    2.65307e+04   -2.06423e+03   -4.67987e+05    1.20864e+03
      Potential    Kinetic En.   Total Energy  Conserved En.    Temperature
   -4.32809e+05    9.64349e+04   -3.36374e+05   -2.44010e+05    2.94863e+02
 Pres. DC (bar) Pressure (bar)   Constr. rmsd
   -9.15999e+01    3.45377e+02    4.63919e-06

           Step           Time
         210000      420.00000

   Energies (kJ/mol)
           Bond            U-B    Proper Dih.  Improper Dih.          LJ-14
    3.78026e+03    1.70358e+04    6.23807e+03    5.87147e+02    1.95088e+03
     Coulomb-14        LJ (SR)  Disper. corr.   Coulomb (SR)   Coul. recip.
   -1.97464e+04    2.54083e+04   -2.06311e+03   -4.66278e+05    1.17537e+03
      Potential    Kinetic En.   Total Energy  Conserved En.    Temperature
   -4.31912e+05    9.71561e+04   -3.34756e+05   -2.43890e+05    2.97068e+02
 Pres. DC (bar) Pressure (bar)   Constr. rmsd
   -9.15006e+01    1.12705e+02    4.63919e-06

           Step           Time
         215000      430.00000

   Energies (kJ/mol)
           Bond            U-B    Proper Dih.  Improper Dih.          LJ-14
    3.80344e+03    1.73526e+04    6.32540e+03    6.02139e+02    1.94817e+03
     Coulomb-14        LJ (SR)  Disper. corr.   Coulomb (SR)   Coul. recip.
   -2.00490e+04    2.58009e+04   -2.05989e+03   -4.67363e+05    1.14434e+03
      Potential    Kinetic En.   Total Energy  Conserved En.    Temperature
   -4.32495e+05    9.73659e+04   -3.35129e+05   -2.43732e+05    2.97710e+02
 Pres. DC (bar) Pressure (bar)   Constr. rmsd
   -9.12156e+01   -2.85658e+02    4.63919e-06

           Step           Time
         220000      440.00000

   Energies (kJ/mol)
           Bond            U-B    Proper Dih.  Improper Dih.          LJ-14
    3.71398e+03    1.66748e+04    6.20996e+03    7.00929e+02    1.95619e+03
     Coulomb-14        LJ (SR)  Disper. corr.   Coulomb (SR)   Coul. recip.
   -2.00642e+04    2.51033e+04   -2.06355e+03   -4.65497e+05    1.16875e+03
      Potential    Kinetic En.   Total Energy  Conserved En.    Temperature
   -4.32097e+05    9.83851e+04   -3.33712e+05   -2.43703e+05    3.00826e+02
 Pres. DC (bar) Pressure (bar)   Constr. rmsd
   -9.15391e+01   -5.87919e+01    4.63919e-06

           Step           Time
         225000      450.00000

   Energies (kJ/mol)
           Bond            U-B    Proper Dih.  Improper Dih.          LJ-14
    3.69737e+03    1.72600e+04    6.15508e+03    6.92781e+02    1.96232e+03
     Coulomb-14        LJ (SR)  Disper. corr.   Coulomb (SR)   Coul. recip.
   -1.96504e+04    2.57140e+04   -2.06490e+03   -4.66727e+05    1.08513e+03
      Potential    Kinetic En.   Total Energy  Conserved En.    Temperature
   -4.31876e+05    9.81628e+04   -3.33713e+05   -2.43544e+05    3.00147e+02
 Pres. DC (bar) Pressure (bar)   Constr. rmsd
   -9.16587e+01    1.65373e+02    4.63919e-06

           Step           Time
         230000      460.00000

   Energies (kJ/mol)
           Bond            U-B    Proper Dih.  Improper Dih.          LJ-14
    3.62672e+03    1.72213e+04    6.18545e+03    6.28227e+02    1.93079e+03
     Coulomb-14        LJ (SR)  Disper. corr.   Coulomb (SR)   Coul. recip.
   -2.02764e+04    2.55767e+04   -2.05881e+03   -4.66548e+05    1.13667e+03
      Potential    Kinetic En.   Total Energy  Conserved En.    Temperature
   -4.32578e+05    9.69227e+04   -3.35655e+05   -2.43418e+05    2.96355e+02
 Pres. DC (bar) Pressure (bar)   Constr. rmsd
   -9.11200e+01    1.61188e+01    4.63919e-06

           Step           Time
         235000      470.00000

   Energies (kJ/mol)
           Bond            U-B    Proper Dih.  Improper Dih.          LJ-14
    3.77630e+03    1.69704e+04    6.29036e+03    7.11485e+02    1.90650e+03
     Coulomb-14        LJ (SR)  Disper. corr.   Coulomb (SR)   Coul. recip.
   -2.00606e+04    2.54934e+04   -2.06324e+03   -4.67419e+05    1.16086e+03
      Potential    Kinetic En.   Total Energy  Conserved En.    Temperature
   -4.33233e+05    9.81918e+04   -3.35041e+05   -2.43327e+05    3.00236e+02
 Pres. DC (bar) Pressure (bar)   Constr. rmsd
   -9.15117e+01   -2.52218e+02    4.63919e-06

           Step           Time
         240000      480.00000

   Energies (kJ/mol)
           Bond            U-B    Proper Dih.  Improper Dih.          LJ-14
    3.64236e+03    1.72487e+04    6.21813e+03    6.74796e+02    1.88937e+03
     Coulomb-14        LJ (SR)  Disper. corr.   Coulomb (SR)   Coul. recip.
   -2.01255e+04    2.61083e+04   -2.06203e+03   -4.67987e+05    1.19804e+03
      Potential    Kinetic En.   Total Energy  Conserved En.    Temperature
   -4.33195e+05    9.74634e+04   -3.35731e+05   -2.43201e+05    2.98008e+02
 Pres. DC (bar) Pressure (bar)   Constr. rmsd
   -9.14047e+01   -9.86575e+01    4.63919e-06

           Step           Time
         245000      490.00000

   Energies (kJ/mol)
           Bond            U-B    Proper Dih.  Improper Dih.          LJ-14
    3.63972e+03    1.69633e+04    6.34570e+03    6.42900e+02    1.93023e+03
     Coulomb-14        LJ (SR)  Disper. corr.   Coulomb (SR)   Coul. recip.
   -2.01406e+04    2.57874e+04   -2.05920e+03   -4.67125e+05    1.12636e+03
      Potential    Kinetic En.   Total Energy  Conserved En.    Temperature
   -4.32889e+05    9.78251e+04   -3.35064e+05   -2.43115e+05    2.99114e+02
 Pres. DC (bar) Pressure (bar)   Constr. rmsd
   -9.11542e+01   -9.52070e+01    4.63919e-06

           Step           Time
         250000      500.00000

Writing checkpoint, step 250000 at Wed Jul  2 22:28:04 2025


   Energies (kJ/mol)
           Bond            U-B    Proper Dih.  Improper Dih.          LJ-14
    3.74204e+03    1.72383e+04    6.39303e+03    6.18843e+02    1.89771e+03
     Coulomb-14        LJ (SR)  Disper. corr.   Coulomb (SR)   Coul. recip.
   -2.04429e+04    2.64863e+04   -2.05853e+03   -4.67780e+05    1.10147e+03
      Potential    Kinetic En.   Total Energy  Conserved En.    Temperature
   -4.32804e+05    9.68531e+04   -3.35951e+05   -2.42975e+05    2.96142e+02
 Pres. DC (bar) Pressure (bar)   Constr. rmsd
   -9.10946e+01    7.38420e+00    4.63919e-06


Energy conservation over simulation part #1 of length 500 ns, time 0 to 500 ns
  Conserved energy drift: 4.11e-04 kJ/mol/ps per atom


	<======  ###############  ==>
	<====  A V E R A G E S  ====>
	<==  ###############  ======>

	Statistics over 250001 steps using 2501 frames

   Energies (kJ/mol)
           Bond            U-B    Proper Dih.  Improper Dih.          LJ-14
    3.66388e+03    1.68311e+04    6.30361e+03    6.71384e+02    1.93610e+03
     Coulomb-14        LJ (SR)  Disper. corr.   Coulomb (SR)   Coul. recip.
   -2.00731e+04    2.67242e+04   -1.66952e+03   -4.62668e+05    1.29539e+03
      Potential    Kinetic En.   Total Energy  Conserved En.    Temperature
   -4.26985e+05    9.74763e+04   -3.29508e+05   -2.45888e+05    2.98048e+02
 Pres. DC (bar) Pressure (bar)   Constr. rmsd
   -6.25355e+01   -7.19265e+01    0.00000e+00

          Box-X          Box-Y          Box-Z
    4.92524e+00    4.92524e+00    1.97009e+01

   Total Virial (kJ/mol)
    3.38587e+04   -2.02235e+01    3.57356e+01
   -2.02208e+01    3.38485e+04   -3.54236e+00
    3.57351e+01   -3.54327e+00    3.36192e+04

   Pressure (bar)
   -7.89518e+01    7.65968e-01   -3.10613e+00
    7.65749e-01   -7.70958e+01    6.58227e-01
   -3.10619e+00    6.58325e-01   -5.97319e+01


       P P   -   P M E   L O A D   B A L A N C I N G

 PP/PME load balancing changed the cut-off and PME settings:
           particle-particle                    PME
            rcoulomb  rlist            grid      spacing   1/beta
   initial  1.400 nm  1.402 nm      52  52 200   0.120 nm  0.448 nm
   final    1.458 nm  1.460 nm      48  48 192   0.125 nm  0.467 nm
 cost-ratio           1.13             0.82
 (note that these numbers concern only part of the total PP and PME load)


	M E G A - F L O P S   A C C O U N T I N G

 NB=Group-cutoff nonbonded kernels    NxN=N-by-N cluster Verlet kernels
 RF=Reaction-Field  VdW=Van der Waals  QSTab=quadratic-spline table
 W3=SPC/TIP3p  W4=TIP4p (single or pairs)
 V&F=Potential and force  V=Potential only  F=Force only

 Computing:                               M-Number         M-Flops  % Flops
-----------------------------------------------------------------------------
 Pair Search distance check           13078.018304      117702.165     0.0
 NxN Ewald Elec. + LJ [F]          14878630.451520   981989609.800    98.2
 NxN Ewald Elec. + LJ [V&F]          150353.084928    16087780.087     1.6
 1,4 nonbonded interactions            3706.264825      333563.834     0.0
 Shift-X                                 93.492382         560.954     0.0
 Bonds                                  845.753383       49899.450     0.0
 Propers                               3348.763395      766866.817     0.1
 Impropers                              142.000568       29536.118     0.0
 Virial                                 935.712427       16842.824     0.0
 Stop-CM                                 93.529764         935.298     0.0
 P-Coupling                             934.587382        5607.524     0.0
 Calc-Ekin                             1869.174764       50467.719     0.0
 Lincs                                    0.010096           0.606     0.0
 Lincs-Mat                                0.090312           0.361     0.0
 Constraint-V                             0.038521           0.347     0.0
 Settle                                   0.018950           7.011     0.0
 Urey-Bradley                          3605.514422      659809.139     0.1
-----------------------------------------------------------------------------
 Total                                              1000109190.055   100.0
-----------------------------------------------------------------------------


     R E A L   C Y C L E   A N D   T I M E   A C C O U N T I N G

On 1 MPI rank, each using 10 OpenMP threads

 Computing:          Num   Num      Call    Wall time         Giga-Cycles
                     Ranks Threads  Count      (s)         total sum    %
-----------------------------------------------------------------------------
 Neighbor search        1   10       2501      10.357        269.273   6.1
 Launch GPU ops.        1   10     497501      21.122        549.181  12.4
 Force                  1   10     250001      44.191       1148.963  26.0
 Wait PME GPU gather    1   10     250001       0.056          1.451   0.0
 Reduce GPU PME F       1   10     250001       0.615         15.986   0.4
 Wait GPU NB local      1   10     225000       0.145          3.768   0.1
 Wait GPU state copy    1   10     312504      64.741       1683.272  38.1
 NB X/F buffer ops.     1   10      25001       2.459         63.923   1.4
 Write traj.            1   10         53       4.082        106.122   2.4
 Constraints            1   10          2       0.024          0.622   0.0
 Rest                                          22.036        572.936  13.0
-----------------------------------------------------------------------------
 Total                                        169.826       4415.497 100.0
-----------------------------------------------------------------------------

               Core t (s)   Wall t (s)        (%)
       Time:     1698.252      169.826     1000.0
                 (ns/day)    (hour/ns)
Performance:      254.379        0.094
Finished mdrun on rank 0 Wed Jul  2 22:28:06 2025

