                      :-) GROMACS - gmx mdrun, 2021.5 (-:

                            GROMACS is written by:
     Andrey Alekseenko              Emile Apol              Rossen Apostolov     
         Paul Bauer           Herman J.C. Berendsen           Par Bjelkmar       
       Christian Blau           Viacheslav Bolnykh             Kevin Boyd        
     Aldert van Buuren           Rudi van Drunen             Anton Feenstra      
    Gilles Gouaillardet             Alan Gray               Gerrit Groenhof      
       Anca Hamuraru            Vincent Hindriksen          M. Eric Irrgang      
      Aleksei Iupinov           Christoph Junghans             Joe Jordan        
    Dimitrios Karkoulis            Peter Kasson                Jiri Kraus        
      Carsten Kutzner              Per Larsson              Justin A. Lemkul     
       Viveca Lindahl            Magnus Lundborg             Erik Marklund       
        Pascal Merz             Pieter Meulenhoff            Teemu Murtola       
        Szilard Pall               Sander Pronk              Roland Schulz       
       Michael Shirts            Alexey Shvetsov             Alfons Sijbers      
       Peter Tieleman              Jon Vincent              Teemu Virolainen     
     Christian Wennberg            Maarten Wolf              Artem Zhmurov       
                           and the project leaders:
        Mark Abraham, Berk Hess, Erik Lindahl, and David van der Spoel

Copyright (c) 1991-2000, University of Groningen, The Netherlands.
Copyright (c) 2001-2019, The GROMACS development team at
Uppsala University, Stockholm University and
the Royal Institute of Technology, Sweden.
check out http://www.gromacs.org for more information.

GROMACS is free software; you can redistribute it and/or modify it
under the terms of the GNU Lesser General Public License
as published by the Free Software Foundation; either version 2.1
of the License, or (at your option) any later version.

GROMACS:      gmx mdrun, version 2021.5
Executable:   /usr/local/gromacs_2021.5/bin/gmx
Data prefix:  /usr/local/gromacs_2021.5
Working dir:  /srv/home/apbal/work/REU/mixtures/pure_mix/3mix
Process ID:   366742
Command line:
  gmx mdrun -v -deffnm npt_pr -ntomp 10 -nb gpu -bonded cpu -update gpu -ntmpi 1 -cpt 1

GROMACS version:    2021.5
Precision:          mixed
Memory model:       64 bit
MPI library:        thread_mpi
OpenMP support:     enabled (GMX_OPENMP_MAX_THREADS = 256)
GPU support:        CUDA
SIMD instructions:  AVX2_256
FFT library:        fftw-3.3.8-sse2-avx-avx2-avx2_128
RDTSCP usage:       enabled
TNG support:        enabled
Hwloc support:      disabled
Tracing support:    disabled
C compiler:         /usr/bin/cc GNU 9.4.0
C compiler flags:   -mavx2 -mfma -Wno-missing-field-initializers -fexcess-precision=fast -funroll-all-loops -pthread -O3 -DNDEBUG
C++ compiler:       /usr/bin/c++ GNU 9.4.0
C++ compiler flags: -mavx2 -mfma -Wno-missing-field-initializers -fexcess-precision=fast -funroll-all-loops -pthread -fopenmp -O3 -DNDEBUG
CUDA compiler:      /usr/local/cuda-12.2/bin/nvcc nvcc: NVIDIA (R) Cuda compiler driver;Copyright (c) 2005-2023 NVIDIA Corporation;Built on Tue_Aug_15_22:02:13_PDT_2023;Cuda compilation tools, release 12.2, V12.2.140;Build cuda_12.2.r12.2/compiler.33191640_0
CUDA compiler flags:-std=c++17;-gencode;arch=compute_60,code=sm_60;-gencode;arch=compute_61,code=sm_61;-gencode;arch=compute_62,code=sm_62;-gencode;arch=compute_70,code=sm_70;-gencode;arch=compute_75,code=sm_75;-gencode;arch=compute_80,code=sm_80;-gencode;arch=compute_86,code=sm_86;-gencode;arch=compute_89,code=sm_89;-gencode;arch=compute_60,code=compute_60;-gencode;arch=compute_61,code=compute_61;-gencode;arch=compute_62,code=compute_62;-gencode;arch=compute_70,code=compute_70;-gencode;arch=compute_75,code=compute_75;-gencode;arch=compute_80,code=compute_80;-gencode;arch=compute_86,code=compute_86;-gencode;arch=compute_89,code=compute_89;-use_fast_math;-D_FORCE_INLINES;-mavx2 -mfma -Wno-missing-field-initializers -fexcess-precision=fast -funroll-all-loops -pthread -fopenmp -O3 -DNDEBUG
CUDA driver:        12.90
CUDA runtime:       12.20


Running on 1 node with total 128 cores, 128 logical cores, 1 compatible GPU
Hardware detected:
  CPU info:
    Vendor: AMD
    Brand:  AMD EPYC 7513 32-Core Processor                
    Family: 25   Model: 1   Stepping: 1
    Features: aes amd apic avx avx2 clfsh cmov cx8 cx16 f16c fma htt lahf misalignsse mmx msr nonstop_tsc pcid pclmuldq pdpe1gb popcnt pse rdrnd rdtscp sha sse2 sse3 sse4a sse4.1 sse4.2 ssse3
  Hardware topology: Only logical processor count
  GPU info:
    Number of GPUs detected: 1
    #0: NVIDIA NVIDIA RTX A4500, compute cap.: 8.6, ECC:  no, stat: compatible


++++ PLEASE READ AND CITE THE FOLLOWING REFERENCE ++++
M. J. Abraham, T. Murtola, R. Schulz, S. Páll, J. C. Smith, B. Hess, E.
Lindahl
GROMACS: High performance molecular simulations through multi-level
parallelism from laptops to supercomputers
SoftwareX 1 (2015) pp. 19-25
-------- -------- --- Thank You --- -------- --------


++++ PLEASE READ AND CITE THE FOLLOWING REFERENCE ++++
S. Páll, M. J. Abraham, C. Kutzner, B. Hess, E. Lindahl
Tackling Exascale Software Challenges in Molecular Dynamics Simulations with
GROMACS
In S. Markidis & E. Laure (Eds.), Solving Software Challenges for Exascale 8759 (2015) pp. 3-27
-------- -------- --- Thank You --- -------- --------


++++ PLEASE READ AND CITE THE FOLLOWING REFERENCE ++++
S. Pronk, S. Páll, R. Schulz, P. Larsson, P. Bjelkmar, R. Apostolov, M. R.
Shirts, J. C. Smith, P. M. Kasson, D. van der Spoel, B. Hess, and E. Lindahl
GROMACS 4.5: a high-throughput and highly parallel open source molecular
simulation toolkit
Bioinformatics 29 (2013) pp. 845-54
-------- -------- --- Thank You --- -------- --------


++++ PLEASE READ AND CITE THE FOLLOWING REFERENCE ++++
B. Hess and C. Kutzner and D. van der Spoel and E. Lindahl
GROMACS 4: Algorithms for highly efficient, load-balanced, and scalable
molecular simulation
J. Chem. Theory Comput. 4 (2008) pp. 435-447
-------- -------- --- Thank You --- -------- --------


++++ PLEASE READ AND CITE THE FOLLOWING REFERENCE ++++
D. van der Spoel, E. Lindahl, B. Hess, G. Groenhof, A. E. Mark and H. J. C.
Berendsen
GROMACS: Fast, Flexible and Free
J. Comp. Chem. 26 (2005) pp. 1701-1719
-------- -------- --- Thank You --- -------- --------


++++ PLEASE READ AND CITE THE FOLLOWING REFERENCE ++++
E. Lindahl and B. Hess and D. van der Spoel
GROMACS 3.0: A package for molecular simulation and trajectory analysis
J. Mol. Mod. 7 (2001) pp. 306-317
-------- -------- --- Thank You --- -------- --------


++++ PLEASE READ AND CITE THE FOLLOWING REFERENCE ++++
H. J. C. Berendsen, D. van der Spoel and R. van Drunen
GROMACS: A message-passing parallel molecular dynamics implementation
Comp. Phys. Comm. 91 (1995) pp. 43-56
-------- -------- --- Thank You --- -------- --------


++++ PLEASE CITE THE DOI FOR THIS VERSION OF GROMACS ++++
https://doi.org/10.5281/zenodo.5850051
-------- -------- --- Thank You --- -------- --------

Input Parameters:
   integrator                     = md
   tinit                          = 0
   dt                             = 0.002
   nsteps                         = 500000
   init-step                      = 0
   simulation-part                = 1
   mts                            = false
   comm-mode                      = Linear
   nstcomm                        = 100
   bd-fric                        = 0
   ld-seed                        = 1878519807
   emtol                          = 10
   emstep                         = 0.01
   niter                          = 20
   fcstep                         = 0
   nstcgsteep                     = 1000
   nbfgscorr                      = 10
   rtpi                           = 0.05
   nstxout                        = 50000
   nstvout                        = 50000
   nstfout                        = 0
   nstlog                         = 50000
   nstcalcenergy                  = 100
   nstenergy                      = 50000
   nstxout-compressed             = 50000
   compressed-x-precision         = 1000
   cutoff-scheme                  = Verlet
   nstlist                        = 10
   pbc                            = xyz
   periodic-molecules             = false
   verlet-buffer-tolerance        = 0.005
   rlist                          = 1.4
   coulombtype                    = PME
   coulomb-modifier               = Potential-shift
   rcoulomb-switch                = 0
   rcoulomb                       = 1.4
   epsilon-r                      = 1
   epsilon-rf                     = inf
   vdw-type                       = Cut-off
   vdw-modifier                   = Potential-shift
   rvdw-switch                    = 0
   rvdw                           = 1.4
   DispCorr                       = EnerPres
   table-extension                = 1
   fourierspacing                 = 0.12
   fourier-nx                     = 52
   fourier-ny                     = 52
   fourier-nz                     = 200
   pme-order                      = 4
   ewald-rtol                     = 1e-05
   ewald-rtol-lj                  = 0.001
   lj-pme-comb-rule               = Geometric
   ewald-geometry                 = 0
   epsilon-surface                = 0
   tcoupl                         = V-rescale
   nsttcouple                     = 10
   nh-chain-length                = 0
   print-nose-hoover-chain-variables = false
   pcoupl                         = Parrinello-Rahman
   pcoupltype                     = Isotropic
   nstpcouple                     = 10
   tau-p                          = 2
   compressibility (3x3):
      compressibility[    0]={ 4.50000e-05,  0.00000e+00,  0.00000e+00}
      compressibility[    1]={ 0.00000e+00,  4.50000e-05,  0.00000e+00}
      compressibility[    2]={ 0.00000e+00,  0.00000e+00,  4.50000e-05}
   ref-p (3x3):
      ref-p[    0]={ 1.00000e+00,  0.00000e+00,  0.00000e+00}
      ref-p[    1]={ 0.00000e+00,  1.00000e+00,  0.00000e+00}
      ref-p[    2]={ 0.00000e+00,  0.00000e+00,  1.00000e+00}
   refcoord-scaling               = No
   posres-com (3):
      posres-com[0]= 0.00000e+00
      posres-com[1]= 0.00000e+00
      posres-com[2]= 0.00000e+00
   posres-comB (3):
      posres-comB[0]= 0.00000e+00
      posres-comB[1]= 0.00000e+00
      posres-comB[2]= 0.00000e+00
   QMMM                           = false
qm-opts:
   ngQM                           = 0
   constraint-algorithm           = Lincs
   continuation                   = false
   Shake-SOR                      = false
   shake-tol                      = 0.0001
   lincs-order                    = 4
   lincs-iter                     = 1
   lincs-warnangle                = 30
   nwall                          = 0
   wall-type                      = 9-3
   wall-r-linpot                  = -1
   wall-atomtype[0]               = -1
   wall-atomtype[1]               = -1
   wall-density[0]                = 0
   wall-density[1]                = 0
   wall-ewald-zfac                = 3
   pull                           = false
   awh                            = false
   rotation                       = false
   interactiveMD                  = false
   disre                          = No
   disre-weighting                = Conservative
   disre-mixed                    = false
   dr-fc                          = 1000
   dr-tau                         = 0
   nstdisreout                    = 100
   orire-fc                       = 0
   orire-tau                      = 0
   nstorireout                    = 100
   free-energy                    = no
   cos-acceleration               = 0
   deform (3x3):
      deform[    0]={ 0.00000e+00,  0.00000e+00,  0.00000e+00}
      deform[    1]={ 0.00000e+00,  0.00000e+00,  0.00000e+00}
      deform[    2]={ 0.00000e+00,  0.00000e+00,  0.00000e+00}
   simulated-tempering            = false
   swapcoords                     = no
   userint1                       = 0
   userint2                       = 0
   userint3                       = 0
   userint4                       = 0
   userreal1                      = 0
   userreal2                      = 0
   userreal3                      = 0
   userreal4                      = 0
   applied-forces:
     electric-field:
       x:
         E0                       = 0
         omega                    = 0
         t0                       = 0
         sigma                    = 0
       y:
         E0                       = 0
         omega                    = 0
         t0                       = 0
         sigma                    = 0
       z:
         E0                       = 0
         omega                    = 0
         t0                       = 0
         sigma                    = 0
     density-guided-simulation:
       active                     = false
       group                      = protein
       similarity-measure         = inner-product
       atom-spreading-weight      = unity
       force-constant             = 1e+09
       gaussian-transform-spreading-width = 0.2
       gaussian-transform-spreading-range-in-multiples-of-width = 4
       reference-density-filename = reference.mrc
       nst                        = 1
       normalize-densities        = true
       adaptive-force-scaling     = false
       adaptive-force-scaling-time-constant = 4
       shift-vector               = 
       transformation-matrix      = 
grpopts:
   nrdf:       82279
   ref-t:         298
   tau-t:         0.1
annealing:          No
annealing-npoints:           0
   acc:	           0           0           0
   nfreeze:           N           N           N
   energygrp-flags[  0]: 0

Changing nstlist from 10 to 100, rlist from 1.4 to 1.457

1 GPU selected for this run.
Mapping of GPU IDs to the 2 GPU tasks in the 1 rank on this node:
  PP:0,PME:0
PP tasks will do (non-perturbed) short-ranged interactions on the GPU
PP task will update and constrain coordinates on the GPU
PME tasks will do all aspects on the GPU
Using 1 MPI thread

Non-default thread affinity set, disabling internal thread affinity

Using 10 OpenMP threads 

System total charge: 0.000
Will do PME sum in reciprocal space for electrostatic interactions.

++++ PLEASE READ AND CITE THE FOLLOWING REFERENCE ++++
U. Essmann, L. Perera, M. L. Berkowitz, T. Darden, H. Lee and L. G. Pedersen 
A smooth particle mesh Ewald method
J. Chem. Phys. 103 (1995) pp. 8577-8592
-------- -------- --- Thank You --- -------- --------

Using a Gaussian width (1/beta) of 0.448228 nm for Ewald
Potential shift: LJ r^-12: -1.764e-02 r^-6: -1.328e-01, Ewald -7.143e-06
Initialized non-bonded Ewald tables, spacing: 1.10e-03 size: 1270

Generated table with 1228 data points for 1-4 COUL.
Tabscale = 500 points/nm
Generated table with 1228 data points for 1-4 LJ6.
Tabscale = 500 points/nm
Generated table with 1228 data points for 1-4 LJ12.
Tabscale = 500 points/nm
Long Range LJ corr.: <C6> 3.7124e-04


Using GPU 8x8 nonbonded short-range kernels

Using a dual 8x8 pair-list setup updated with dynamic, rolling pruning:
  outer list: updated every 100 steps, buffer 0.057 nm, rlist 1.457 nm
  inner list: updated every  32 steps, buffer 0.003 nm, rlist 1.403 nm
At tolerance 0.005 kJ/mol/ps per atom, equivalent classical 1x1 list would be:
  outer list: updated every 100 steps, buffer 0.222 nm, rlist 1.622 nm
  inner list: updated every  32 steps, buffer 0.117 nm, rlist 1.517 nm

Using Lorentz-Berthelot Lennard-Jones combination rule
Removing pbc first time

Initializing LINear Constraint Solver

++++ PLEASE READ AND CITE THE FOLLOWING REFERENCE ++++
B. Hess and H. Bekker and H. J. C. Berendsen and J. G. E. M. Fraaije
LINCS: A Linear Constraint Solver for molecular simulations
J. Comp. Chem. 18 (1997) pp. 1463-1472
-------- -------- --- Thank You --- -------- --------

The number of constraints is 6482

++++ PLEASE READ AND CITE THE FOLLOWING REFERENCE ++++
S. Miyamoto and P. A. Kollman
SETTLE: An Analytical Version of the SHAKE and RATTLE Algorithms for Rigid
Water Models
J. Comp. Chem. 13 (1992) pp. 952-962
-------- -------- --- Thank You --- -------- --------


++++ PLEASE READ AND CITE THE FOLLOWING REFERENCE ++++
G. Bussi, D. Donadio and M. Parrinello
Canonical sampling through velocity rescaling
J. Chem. Phys. 126 (2007) pp. 014101
-------- -------- --- Thank You --- -------- --------

There are: 38823 Atoms

Updating coordinates and applying constraints on the GPU.

Constraining the starting coordinates (step 0)

Constraining the coordinates at t0-dt (step 0)
Center of mass motion removal mode is Linear
We have the following groups for center of mass motion removal:
  0:  rest
RMS relative constraint deviation after constraining: 5.03e-06
Initial temperature: 299.516 K

Started mdrun on rank 0 Tue Jul  1 17:33:39 2025

           Step           Time
              0        0.00000

   Energies (kJ/mol)
           Bond            U-B    Proper Dih.  Improper Dih.          LJ-14
    4.21564e+03    2.08830e+04    6.94542e+03    8.22578e+02    1.39541e+03
     Coulomb-14        LJ (SR)  Disper. corr.   Coulomb (SR)   Coul. recip.
   -5.07877e+04    2.29031e+04   -9.87660e+02   -4.45227e+05    1.64013e+03
      Potential    Kinetic En.   Total Energy  Conserved En.    Temperature
   -4.38197e+05    1.05615e+05   -3.32582e+05   -3.32530e+05    3.08767e+02
 Pres. DC (bar) Pressure (bar)   Constr. rmsd
   -1.90004e+01   -1.28798e+00    5.03418e-06

step 2000: timed with pme grid 52 52 200, coulomb cutoff 1.400: 327.2 M-cycles
step 2200: timed with pme grid 42 42 168, coulomb cutoff 1.667: 196.7 M-cycles
step 2400: timed with pme grid 36 36 144, coulomb cutoff 1.944: 256.6 M-cycles
step 2600: timed with pme grid 40 40 160, coulomb cutoff 1.750: 219.7 M-cycles
step 2800: timed with pme grid 42 42 168, coulomb cutoff 1.667: 199.9 M-cycles
step 3000: timed with pme grid 44 44 192, coulomb cutoff 1.591: 189.0 M-cycles
step 3200: timed with pme grid 48 48 192, coulomb cutoff 1.458: 168.6 M-cycles
              optimal pme grid 48 48 192, coulomb cutoff 1.458
           Step           Time
          50000      100.00000

   Energies (kJ/mol)
           Bond            U-B    Proper Dih.  Improper Dih.          LJ-14
    4.22556e+03    2.11168e+04    6.90798e+03    7.11698e+02    1.34228e+03
     Coulomb-14        LJ (SR)  Disper. corr.   Coulomb (SR)   Coul. recip.
   -5.05601e+04    2.11150e+04   -2.18383e+03   -4.47275e+05    1.21212e+03
      Potential    Kinetic En.   Total Energy  Conserved En.    Temperature
   -4.43388e+05    1.02239e+05   -3.41149e+05   -3.30794e+05    2.98898e+02
 Pres. DC (bar) Pressure (bar)   Constr. rmsd
   -9.27952e+01    4.20214e+01    5.03418e-06

Writing checkpoint, step 68200 at Tue Jul  1 17:34:39 2025


           Step           Time
         100000      200.00000

   Energies (kJ/mol)
           Bond            U-B    Proper Dih.  Improper Dih.          LJ-14
    4.20770e+03    2.08714e+04    6.97594e+03    7.28250e+02    1.43156e+03
     Coulomb-14        LJ (SR)  Disper. corr.   Coulomb (SR)   Coul. recip.
   -5.04418e+04    2.10560e+04   -2.19348e+03   -4.46855e+05    1.19121e+03
      Potential    Kinetic En.   Total Energy  Conserved En.    Temperature
   -4.43028e+05    1.02497e+05   -3.40531e+05   -3.29274e+05    2.99652e+02
 Pres. DC (bar) Pressure (bar)   Constr. rmsd
   -9.36170e+01    6.24923e+01    5.03418e-06

           Step           Time
         150000      300.00000

   Energies (kJ/mol)
           Bond            U-B    Proper Dih.  Improper Dih.          LJ-14
    4.15948e+03    2.05017e+04    6.99228e+03    7.99765e+02    1.45904e+03
     Coulomb-14        LJ (SR)  Disper. corr.   Coulomb (SR)   Coul. recip.
   -5.09336e+04    2.04818e+04   -2.17890e+03   -4.46286e+05    1.17983e+03
      Potential    Kinetic En.   Total Energy  Conserved En.    Temperature
   -4.43825e+05    1.02169e+05   -3.41655e+05   -3.27708e+05    2.98694e+02
 Pres. DC (bar) Pressure (bar)   Constr. rmsd
   -9.23765e+01   -9.20794e+01    5.03418e-06

Writing checkpoint, step 160700 at Tue Jul  1 17:35:39 2025


           Step           Time
         200000      400.00000

   Energies (kJ/mol)
           Bond            U-B    Proper Dih.  Improper Dih.          LJ-14
    4.18645e+03    2.06475e+04    7.02339e+03    7.50823e+02    1.38914e+03
     Coulomb-14        LJ (SR)  Disper. corr.   Coulomb (SR)   Coul. recip.
   -5.08084e+04    2.06014e+04   -2.18888e+03   -4.47190e+05    1.18477e+03
      Potential    Kinetic En.   Total Energy  Conserved En.    Temperature
   -4.44404e+05    1.02237e+05   -3.42166e+05   -3.26099e+05    2.98893e+02
 Pres. DC (bar) Pressure (bar)   Constr. rmsd
   -9.32247e+01   -1.10741e+02    5.03418e-06

           Step           Time
         250000      500.00000

   Energies (kJ/mol)
           Bond            U-B    Proper Dih.  Improper Dih.          LJ-14
    4.19037e+03    2.06387e+04    6.99445e+03    6.71542e+02    1.38076e+03
     Coulomb-14        LJ (SR)  Disper. corr.   Coulomb (SR)   Coul. recip.
   -5.05649e+04    1.97784e+04   -2.17351e+03   -4.45323e+05    1.16822e+03
      Potential    Kinetic En.   Total Energy  Conserved En.    Temperature
   -4.43239e+05    1.02467e+05   -3.40772e+05   -3.24569e+05    2.99564e+02
 Pres. DC (bar) Pressure (bar)   Constr. rmsd
   -9.19210e+01   -2.94978e+02    5.03418e-06

Writing checkpoint, step 252700 at Tue Jul  1 17:36:39 2025


           Step           Time
         300000      600.00000

   Energies (kJ/mol)
           Bond            U-B    Proper Dih.  Improper Dih.          LJ-14
    4.23892e+03    2.05246e+04    6.93980e+03    6.92730e+02    1.40932e+03
     Coulomb-14        LJ (SR)  Disper. corr.   Coulomb (SR)   Coul. recip.
   -5.04789e+04    2.11143e+04   -2.18143e+03   -4.47397e+05    1.27519e+03
      Potential    Kinetic En.   Total Energy  Conserved En.    Temperature
   -4.43863e+05    1.02417e+05   -3.41446e+05   -3.22884e+05    2.99419e+02
 Pres. DC (bar) Pressure (bar)   Constr. rmsd
   -9.25910e+01    1.05782e+02    5.03418e-06

Writing checkpoint, step 346700 at Tue Jul  1 17:37:39 2025


           Step           Time
         350000      700.00000

   Energies (kJ/mol)
           Bond            U-B    Proper Dih.  Improper Dih.          LJ-14
    4.17474e+03    2.03665e+04    6.97668e+03    7.33014e+02    1.44207e+03
     Coulomb-14        LJ (SR)  Disper. corr.   Coulomb (SR)   Coul. recip.
   -5.05322e+04    2.17555e+04   -2.18493e+03   -4.49353e+05    1.17801e+03
      Potential    Kinetic En.   Total Energy  Conserved En.    Temperature
   -4.45444e+05    1.01533e+05   -3.43911e+05   -3.21177e+05    2.96835e+02
 Pres. DC (bar) Pressure (bar)   Constr. rmsd
   -9.28888e+01    8.19796e+01    5.03418e-06

           Step           Time
         400000      800.00000

   Energies (kJ/mol)
           Bond            U-B    Proper Dih.  Improper Dih.          LJ-14
    4.17483e+03    2.09176e+04    7.04143e+03    8.15891e+02    1.42695e+03
     Coulomb-14        LJ (SR)  Disper. corr.   Coulomb (SR)   Coul. recip.
   -5.07770e+04    2.11141e+04   -2.18937e+03   -4.47443e+05    1.27985e+03
      Potential    Kinetic En.   Total Energy  Conserved En.    Temperature
   -4.43638e+05    1.01764e+05   -3.41874e+05   -3.19621e+05    2.97509e+02
 Pres. DC (bar) Pressure (bar)   Constr. rmsd
   -9.32667e+01    1.53528e+02    5.03418e-06

Writing checkpoint, step 440500 at Tue Jul  1 17:38:39 2025


           Step           Time
         450000      900.00000

   Energies (kJ/mol)
           Bond            U-B    Proper Dih.  Improper Dih.          LJ-14
    4.01791e+03    2.02429e+04    6.87793e+03    7.10615e+02    1.45739e+03
     Coulomb-14        LJ (SR)  Disper. corr.   Coulomb (SR)   Coul. recip.
   -5.05904e+04    2.01433e+04   -2.18903e+03   -4.46925e+05    1.24847e+03
      Potential    Kinetic En.   Total Energy  Conserved En.    Temperature
   -4.45006e+05    1.02347e+05   -3.42659e+05   -3.18058e+05    2.99214e+02
 Pres. DC (bar) Pressure (bar)   Constr. rmsd
   -9.32374e+01   -3.18668e+01    5.03418e-06

           Step           Time
         500000     1000.00000

Writing checkpoint, step 500000 at Tue Jul  1 17:39:17 2025


   Energies (kJ/mol)
           Bond            U-B    Proper Dih.  Improper Dih.          LJ-14
    4.10568e+03    2.08390e+04    7.02480e+03    7.19493e+02    1.35170e+03
     Coulomb-14        LJ (SR)  Disper. corr.   Coulomb (SR)   Coul. recip.
   -5.09685e+04    2.20576e+04   -2.17640e+03   -4.48073e+05    1.23088e+03
      Potential    Kinetic En.   Total Energy  Conserved En.    Temperature
   -4.43888e+05    1.01280e+05   -3.42608e+05   -3.16477e+05    2.96096e+02
 Pres. DC (bar) Pressure (bar)   Constr. rmsd
   -9.21654e+01    7.87820e+01    5.03418e-06


Energy conservation over simulation part #1 of length 1000 ns, time 0 to 1000 ns
  Conserved energy drift: 4.13e-04 kJ/mol/ps per atom


	<======  ###############  ==>
	<====  A V E R A G E S  ====>
	<==  ###############  ======>

	Statistics over 500001 steps using 5001 frames

   Energies (kJ/mol)
           Bond            U-B    Proper Dih.  Improper Dih.          LJ-14
    4.12892e+03    2.06513e+04    6.98881e+03    7.35639e+02    1.39159e+03
     Coulomb-14        LJ (SR)  Disper. corr.   Coulomb (SR)   Coul. recip.
   -5.06353e+04    2.12468e+04   -2.11926e+03   -4.47500e+05    1.22675e+03
      Potential    Kinetic En.   Total Energy  Conserved En.    Temperature
   -4.43885e+05    1.01939e+05   -3.41945e+05   -3.24458e+05    2.98022e+02
 Pres. DC (bar) Pressure (bar)   Constr. rmsd
   -8.84573e+01    2.87403e-01    0.00000e+00

          Box-X          Box-Y          Box-Z
    4.67185e+00    4.67185e+00    1.86874e+01

   Total Virial (kJ/mol)
    3.40113e+04    2.06069e+01    1.98538e+01
    2.06062e+01    3.39330e+04   -1.54988e+01
    1.98559e+01   -1.54997e+01    3.39942e+04

   Pressure (bar)
   -2.86620e+00   -1.35118e+00   -1.88623e+00
   -1.35115e+00    2.39252e+00    1.75282e+00
   -1.88639e+00    1.75302e+00    1.33590e+00


       P P   -   P M E   L O A D   B A L A N C I N G

 PP/PME load balancing changed the cut-off and PME settings:
           particle-particle                    PME
            rcoulomb  rlist            grid      spacing   1/beta
   initial  1.400 nm  1.403 nm      52  52 200   0.120 nm  0.448 nm
   final    1.458 nm  1.461 nm      48  48 192   0.125 nm  0.467 nm
 cost-ratio           1.13             0.82
 (note that these numbers concern only part of the total PP and PME load)


	M E G A - F L O P S   A C C O U N T I N G

 NB=Group-cutoff nonbonded kernels    NxN=N-by-N cluster Verlet kernels
 RF=Reaction-Field  VdW=Van der Waals  QSTab=quadratic-spline table
 W3=SPC/TIP3p  W4=TIP4p (single or pairs)
 V&F=Potential and force  V=Potential only  F=Force only

 Computing:                               M-Number         M-Flops  % Flops
-----------------------------------------------------------------------------
 Pair Search distance check           28961.619632      260654.577     0.0
 NxN Ewald Elec. + LJ [F]          32507738.695872  2145510753.928    98.2
 NxN Ewald Elec. + LJ [V&F]          328426.535680    35141639.318     1.6
 1,4 nonbonded interactions            8775.517551      789796.580     0.0
 Shift-X                                194.153823        1164.923     0.0
 Bonds                                 1934.503869      114135.728     0.0
 Propers                               7884.015768     1805439.611     0.1
 Impropers                              307.000614       63856.128     0.0
 Virial                                1943.438868       34981.900     0.0
 Stop-CM                                194.192646        1941.926     0.0
 Calc-Ekin                             3882.377646      104824.196     0.0
 Lincs                                    0.012964           0.778     0.0
 Lincs-Mat                                0.117648           0.471     0.0
 Constraint-V                             0.040669           0.366     0.0
 Settle                                   0.018470           6.834     0.0
 Urey-Bradley                          8810.017620     1612233.224     0.1
-----------------------------------------------------------------------------
 Total                                              2185441430.487   100.0
-----------------------------------------------------------------------------


     R E A L   C Y C L E   A N D   T I M E   A C C O U N T I N G

On 1 MPI rank, each using 10 OpenMP threads

 Computing:          Num   Num      Call    Wall time         Giga-Cycles
                     Ranks Threads  Count      (s)         total sum    %
-----------------------------------------------------------------------------
 Neighbor search        1   10       5001      27.039        703.017   8.0
 Launch GPU ops.        1   10     995001      59.688       1551.877  17.6
 Force                  1   10     500001      91.556       2380.445  27.0
 Wait PME GPU gather    1   10     500001       0.113          2.944   0.0
 Reduce GPU PME F       1   10     500001       1.583         41.171   0.5
 Wait GPU NB local      1   10     450000       0.277          7.212   0.1
 Wait GPU state copy    1   10     625004     123.024       3198.625  36.3
 NB X/F buffer ops.     1   10      50001       6.052        157.340   1.8
 Write traj.            1   10         16       4.377        113.810   1.3
 Constraints            1   10          2       0.025          0.650   0.0
 Rest                                          25.060        651.560   7.4
-----------------------------------------------------------------------------
 Total                                        338.794       8808.650 100.0
-----------------------------------------------------------------------------

               Core t (s)   Wall t (s)        (%)
       Time:     3387.932      338.794     1000.0
                 (ns/day)    (hour/ns)
Performance:      255.023        0.094
Finished mdrun on rank 0 Tue Jul  1 17:39:18 2025

