                      :-) GROMACS - gmx mdrun, 2021.5 (-:

                            GROMACS is written by:
     Andrey Alekseenko              Emile Apol              Rossen Apostolov     
         Paul Bauer           Herman J.C. Berendsen           Par Bjelkmar       
       Christian Blau           Viacheslav Bolnykh             Kevin Boyd        
     Aldert van Buuren           Rudi van Drunen             Anton Feenstra      
    Gilles Gouaillardet             Alan Gray               Gerrit Groenhof      
       Anca Hamuraru            Vincent Hindriksen          M. Eric Irrgang      
      Aleksei Iupinov           Christoph Junghans             Joe Jordan        
    Dimitrios Karkoulis            Peter Kasson                Jiri Kraus        
      Carsten Kutzner              Per Larsson              Justin A. Lemkul     
       Viveca Lindahl            Magnus Lundborg             Erik Marklund       
        Pascal Merz             Pieter Meulenhoff            Teemu Murtola       
        Szilard Pall               Sander Pronk              Roland Schulz       
       Michael Shirts            Alexey Shvetsov             Alfons Sijbers      
       Peter Tieleman              Jon Vincent              Teemu Virolainen     
     Christian Wennberg            Maarten Wolf              Artem Zhmurov       
                           and the project leaders:
        Mark Abraham, Berk Hess, Erik Lindahl, and David van der Spoel

Copyright (c) 1991-2000, University of Groningen, The Netherlands.
Copyright (c) 2001-2019, The GROMACS development team at
Uppsala University, Stockholm University and
the Royal Institute of Technology, Sweden.
check out http://www.gromacs.org for more information.

GROMACS is free software; you can redistribute it and/or modify it
under the terms of the GNU Lesser General Public License
as published by the Free Software Foundation; either version 2.1
of the License, or (at your option) any later version.

GROMACS:      gmx mdrun, version 2021.5
Executable:   /usr/local/gromacs_2021.5/bin/gmx
Data prefix:  /usr/local/gromacs_2021.5
Working dir:  /srv/home/apbal/work/REU/mixtures/pure_mix/4mix
Process ID:   270984
Command line:
  gmx mdrun -v -deffnm npt -ntomp 10 -nb gpu -bonded cpu -update gpu -ntmpi 1 -cpt 1

GROMACS version:    2021.5
Precision:          mixed
Memory model:       64 bit
MPI library:        thread_mpi
OpenMP support:     enabled (GMX_OPENMP_MAX_THREADS = 256)
GPU support:        CUDA
SIMD instructions:  AVX2_256
FFT library:        fftw-3.3.8-sse2-avx-avx2-avx2_128
RDTSCP usage:       enabled
TNG support:        enabled
Hwloc support:      disabled
Tracing support:    disabled
C compiler:         /usr/bin/cc GNU 9.4.0
C compiler flags:   -mavx2 -mfma -Wno-missing-field-initializers -fexcess-precision=fast -funroll-all-loops -pthread -O3 -DNDEBUG
C++ compiler:       /usr/bin/c++ GNU 9.4.0
C++ compiler flags: -mavx2 -mfma -Wno-missing-field-initializers -fexcess-precision=fast -funroll-all-loops -pthread -fopenmp -O3 -DNDEBUG
CUDA compiler:      /usr/local/cuda-12.2/bin/nvcc nvcc: NVIDIA (R) Cuda compiler driver;Copyright (c) 2005-2023 NVIDIA Corporation;Built on Tue_Aug_15_22:02:13_PDT_2023;Cuda compilation tools, release 12.2, V12.2.140;Build cuda_12.2.r12.2/compiler.33191640_0
CUDA compiler flags:-std=c++17;-gencode;arch=compute_60,code=sm_60;-gencode;arch=compute_61,code=sm_61;-gencode;arch=compute_62,code=sm_62;-gencode;arch=compute_70,code=sm_70;-gencode;arch=compute_75,code=sm_75;-gencode;arch=compute_80,code=sm_80;-gencode;arch=compute_86,code=sm_86;-gencode;arch=compute_89,code=sm_89;-gencode;arch=compute_60,code=compute_60;-gencode;arch=compute_61,code=compute_61;-gencode;arch=compute_62,code=compute_62;-gencode;arch=compute_70,code=compute_70;-gencode;arch=compute_75,code=compute_75;-gencode;arch=compute_80,code=compute_80;-gencode;arch=compute_86,code=compute_86;-gencode;arch=compute_89,code=compute_89;-use_fast_math;-D_FORCE_INLINES;-mavx2 -mfma -Wno-missing-field-initializers -fexcess-precision=fast -funroll-all-loops -pthread -fopenmp -O3 -DNDEBUG
CUDA driver:        12.90
CUDA runtime:       12.20


Running on 1 node with total 128 cores, 128 logical cores, 1 compatible GPU
Hardware detected:
  CPU info:
    Vendor: AMD
    Brand:  AMD EPYC 7513 32-Core Processor                
    Family: 25   Model: 1   Stepping: 1
    Features: aes amd apic avx avx2 clfsh cmov cx8 cx16 f16c fma htt lahf misalignsse mmx msr nonstop_tsc pcid pclmuldq pdpe1gb popcnt pse rdrnd rdtscp sha sse2 sse3 sse4a sse4.1 sse4.2 ssse3
  Hardware topology: Only logical processor count
  GPU info:
    Number of GPUs detected: 1
    #0: NVIDIA NVIDIA RTX A4500, compute cap.: 8.6, ECC:  no, stat: compatible


++++ PLEASE READ AND CITE THE FOLLOWING REFERENCE ++++
M. J. Abraham, T. Murtola, R. Schulz, S. Páll, J. C. Smith, B. Hess, E.
Lindahl
GROMACS: High performance molecular simulations through multi-level
parallelism from laptops to supercomputers
SoftwareX 1 (2015) pp. 19-25
-------- -------- --- Thank You --- -------- --------


++++ PLEASE READ AND CITE THE FOLLOWING REFERENCE ++++
S. Páll, M. J. Abraham, C. Kutzner, B. Hess, E. Lindahl
Tackling Exascale Software Challenges in Molecular Dynamics Simulations with
GROMACS
In S. Markidis & E. Laure (Eds.), Solving Software Challenges for Exascale 8759 (2015) pp. 3-27
-------- -------- --- Thank You --- -------- --------


++++ PLEASE READ AND CITE THE FOLLOWING REFERENCE ++++
S. Pronk, S. Páll, R. Schulz, P. Larsson, P. Bjelkmar, R. Apostolov, M. R.
Shirts, J. C. Smith, P. M. Kasson, D. van der Spoel, B. Hess, and E. Lindahl
GROMACS 4.5: a high-throughput and highly parallel open source molecular
simulation toolkit
Bioinformatics 29 (2013) pp. 845-54
-------- -------- --- Thank You --- -------- --------


++++ PLEASE READ AND CITE THE FOLLOWING REFERENCE ++++
B. Hess and C. Kutzner and D. van der Spoel and E. Lindahl
GROMACS 4: Algorithms for highly efficient, load-balanced, and scalable
molecular simulation
J. Chem. Theory Comput. 4 (2008) pp. 435-447
-------- -------- --- Thank You --- -------- --------


++++ PLEASE READ AND CITE THE FOLLOWING REFERENCE ++++
D. van der Spoel, E. Lindahl, B. Hess, G. Groenhof, A. E. Mark and H. J. C.
Berendsen
GROMACS: Fast, Flexible and Free
J. Comp. Chem. 26 (2005) pp. 1701-1719
-------- -------- --- Thank You --- -------- --------


++++ PLEASE READ AND CITE THE FOLLOWING REFERENCE ++++
E. Lindahl and B. Hess and D. van der Spoel
GROMACS 3.0: A package for molecular simulation and trajectory analysis
J. Mol. Mod. 7 (2001) pp. 306-317
-------- -------- --- Thank You --- -------- --------


++++ PLEASE READ AND CITE THE FOLLOWING REFERENCE ++++
H. J. C. Berendsen, D. van der Spoel and R. van Drunen
GROMACS: A message-passing parallel molecular dynamics implementation
Comp. Phys. Comm. 91 (1995) pp. 43-56
-------- -------- --- Thank You --- -------- --------


++++ PLEASE CITE THE DOI FOR THIS VERSION OF GROMACS ++++
https://doi.org/10.5281/zenodo.5850051
-------- -------- --- Thank You --- -------- --------

Input Parameters:
   integrator                     = md
   tinit                          = 0
   dt                             = 0.002
   nsteps                         = 500000
   init-step                      = 0
   simulation-part                = 1
   mts                            = false
   comm-mode                      = Linear
   nstcomm                        = 100
   bd-fric                        = 0
   ld-seed                        = -2424834
   emtol                          = 10
   emstep                         = 0.01
   niter                          = 20
   fcstep                         = 0
   nstcgsteep                     = 1000
   nbfgscorr                      = 10
   rtpi                           = 0.05
   nstxout                        = 5000
   nstvout                        = 5000
   nstfout                        = 0
   nstlog                         = 5000
   nstcalcenergy                  = 100
   nstenergy                      = 5000
   nstxout-compressed             = 5000
   compressed-x-precision         = 1000
   cutoff-scheme                  = Verlet
   nstlist                        = 10
   pbc                            = xyz
   periodic-molecules             = false
   verlet-buffer-tolerance        = 0.005
   rlist                          = 1.4
   coulombtype                    = PME
   coulomb-modifier               = Potential-shift
   rcoulomb-switch                = 0
   rcoulomb                       = 1.4
   epsilon-r                      = 1
   epsilon-rf                     = inf
   vdw-type                       = Cut-off
   vdw-modifier                   = Potential-shift
   rvdw-switch                    = 0
   rvdw                           = 1.4
   DispCorr                       = EnerPres
   table-extension                = 1
   fourierspacing                 = 0.12
   fourier-nx                     = 52
   fourier-ny                     = 52
   fourier-nz                     = 200
   pme-order                      = 4
   ewald-rtol                     = 1e-05
   ewald-rtol-lj                  = 0.001
   lj-pme-comb-rule               = Geometric
   ewald-geometry                 = 0
   epsilon-surface                = 0
   tcoupl                         = V-rescale
   nsttcouple                     = 10
   nh-chain-length                = 0
   print-nose-hoover-chain-variables = false
   pcoupl                         = Berendsen
   pcoupltype                     = Semiisotropic
   nstpcouple                     = 10
   tau-p                          = 2
   compressibility (3x3):
      compressibility[    0]={ 4.50000e-05,  0.00000e+00,  0.00000e+00}
      compressibility[    1]={ 0.00000e+00,  4.50000e-05,  0.00000e+00}
      compressibility[    2]={ 0.00000e+00,  0.00000e+00,  4.50000e-05}
   ref-p (3x3):
      ref-p[    0]={ 1.00000e+00,  0.00000e+00,  0.00000e+00}
      ref-p[    1]={ 0.00000e+00,  1.00000e+00,  0.00000e+00}
      ref-p[    2]={ 0.00000e+00,  0.00000e+00,  1.00000e+00}
   refcoord-scaling               = No
   posres-com (3):
      posres-com[0]= 0.00000e+00
      posres-com[1]= 0.00000e+00
      posres-com[2]= 0.00000e+00
   posres-comB (3):
      posres-comB[0]= 0.00000e+00
      posres-comB[1]= 0.00000e+00
      posres-comB[2]= 0.00000e+00
   QMMM                           = false
qm-opts:
   ngQM                           = 0
   constraint-algorithm           = Lincs
   continuation                   = false
   Shake-SOR                      = false
   shake-tol                      = 0.0001
   lincs-order                    = 4
   lincs-iter                     = 1
   lincs-warnangle                = 30
   nwall                          = 0
   wall-type                      = 9-3
   wall-r-linpot                  = -1
   wall-atomtype[0]               = -1
   wall-atomtype[1]               = -1
   wall-density[0]                = 0
   wall-density[1]                = 0
   wall-ewald-zfac                = 3
   pull                           = false
   awh                            = false
   rotation                       = false
   interactiveMD                  = false
   disre                          = No
   disre-weighting                = Conservative
   disre-mixed                    = false
   dr-fc                          = 1000
   dr-tau                         = 0
   nstdisreout                    = 100
   orire-fc                       = 0
   orire-tau                      = 0
   nstorireout                    = 100
   free-energy                    = no
   cos-acceleration               = 0
   deform (3x3):
      deform[    0]={ 0.00000e+00,  0.00000e+00,  0.00000e+00}
      deform[    1]={ 0.00000e+00,  0.00000e+00,  0.00000e+00}
      deform[    2]={ 0.00000e+00,  0.00000e+00,  0.00000e+00}
   simulated-tempering            = false
   swapcoords                     = no
   userint1                       = 0
   userint2                       = 0
   userint3                       = 0
   userint4                       = 0
   userreal1                      = 0
   userreal2                      = 0
   userreal3                      = 0
   userreal4                      = 0
   applied-forces:
     electric-field:
       x:
         E0                       = 0
         omega                    = 0
         t0                       = 0
         sigma                    = 0
       y:
         E0                       = 0
         omega                    = 0
         t0                       = 0
         sigma                    = 0
       z:
         E0                       = 0
         omega                    = 0
         t0                       = 0
         sigma                    = 0
     density-guided-simulation:
       active                     = false
       group                      = protein
       similarity-measure         = inner-product
       atom-spreading-weight      = unity
       force-constant             = 1e+09
       gaussian-transform-spreading-width = 0.2
       gaussian-transform-spreading-range-in-multiples-of-width = 4
       reference-density-filename = reference.mrc
       nst                        = 1
       normalize-densities        = true
       adaptive-force-scaling     = false
       adaptive-force-scaling-time-constant = 4
       shift-vector               = 
       transformation-matrix      = 
grpopts:
   nrdf:       78083
   ref-t:         298
   tau-t:         0.1
annealing:          No
annealing-npoints:           0
   acc:	           0           0           0
   nfreeze:           N           N           N
   energygrp-flags[  0]: 0

Changing nstlist from 10 to 100, rlist from 1.4 to 1.458

1 GPU selected for this run.
Mapping of GPU IDs to the 2 GPU tasks in the 1 rank on this node:
  PP:0,PME:0
PP tasks will do (non-perturbed) short-ranged interactions on the GPU
PP task will update and constrain coordinates on the GPU
PME tasks will do all aspects on the GPU
Using 1 MPI thread

Non-default thread affinity set, disabling internal thread affinity

Using 10 OpenMP threads 

System total charge: 0.000
Will do PME sum in reciprocal space for electrostatic interactions.

++++ PLEASE READ AND CITE THE FOLLOWING REFERENCE ++++
U. Essmann, L. Perera, M. L. Berkowitz, T. Darden, H. Lee and L. G. Pedersen 
A smooth particle mesh Ewald method
J. Chem. Phys. 103 (1995) pp. 8577-8592
-------- -------- --- Thank You --- -------- --------

Using a Gaussian width (1/beta) of 0.448228 nm for Ewald
Potential shift: LJ r^-12: -1.764e-02 r^-6: -1.328e-01, Ewald -7.143e-06
Initialized non-bonded Ewald tables, spacing: 1.10e-03 size: 1270

Generated table with 1229 data points for 1-4 COUL.
Tabscale = 500 points/nm
Generated table with 1229 data points for 1-4 LJ6.
Tabscale = 500 points/nm
Generated table with 1229 data points for 1-4 LJ12.
Tabscale = 500 points/nm
Long Range LJ corr.: <C6> 3.5914e-04


Using GPU 8x8 nonbonded short-range kernels

Using a dual 8x8 pair-list setup updated with dynamic, rolling pruning:
  outer list: updated every 100 steps, buffer 0.058 nm, rlist 1.458 nm
  inner list: updated every  30 steps, buffer 0.002 nm, rlist 1.402 nm
At tolerance 0.005 kJ/mol/ps per atom, equivalent classical 1x1 list would be:
  outer list: updated every 100 steps, buffer 0.223 nm, rlist 1.623 nm
  inner list: updated every  30 steps, buffer 0.110 nm, rlist 1.510 nm

Using Lorentz-Berthelot Lennard-Jones combination rule
Removing pbc first time

Initializing LINear Constraint Solver

++++ PLEASE READ AND CITE THE FOLLOWING REFERENCE ++++
B. Hess and H. Bekker and H. J. C. Berendsen and J. G. E. M. Fraaije
LINCS: A Linear Constraint Solver for molecular simulations
J. Comp. Chem. 18 (1997) pp. 1463-1472
-------- -------- --- Thank You --- -------- --------

The number of constraints is 5296

++++ PLEASE READ AND CITE THE FOLLOWING REFERENCE ++++
S. Miyamoto and P. A. Kollman
SETTLE: An Analytical Version of the SHAKE and RATTLE Algorithms for Rigid
Water Models
J. Comp. Chem. 13 (1992) pp. 952-962
-------- -------- --- Thank You --- -------- --------


++++ PLEASE READ AND CITE THE FOLLOWING REFERENCE ++++
G. Bussi, D. Donadio and M. Parrinello
Canonical sampling through velocity rescaling
J. Chem. Phys. 126 (2007) pp. 014101
-------- -------- --- Thank You --- -------- --------

There are: 37169 Atoms

Updating coordinates and applying constraints on the GPU.

Constraining the starting coordinates (step 0)

Constraining the coordinates at t0-dt (step 0)
Center of mass motion removal mode is Linear
We have the following groups for center of mass motion removal:
  0:  rest
RMS relative constraint deviation after constraining: 4.74e-06
Initial temperature: 300.3 K

Started mdrun on rank 0 Mon Jun 30 19:33:00 2025

           Step           Time
              0        0.00000

   Energies (kJ/mol)
           Bond            U-B    Proper Dih.  Improper Dih.          LJ-14
    2.49057e+02    1.68024e+03    5.90331e+03    2.67924e+01    4.77332e+02
     Coulomb-14        LJ (SR)  Disper. corr.   Coulomb (SR)   Coul. recip.
   -1.62641e+04    2.91064e+04   -8.75740e+02   -3.72071e+05    2.98505e+03
      Potential    Kinetic En.   Total Energy  Conserved En.    Temperature
   -3.48782e+05    9.75202e+04   -2.51262e+05   -2.51171e+05    3.00424e+02
 Pres. DC (bar) Pressure (bar)   Constr. rmsd
   -1.68481e+01   -1.44336e+03    4.74375e-06

           Step           Time
           5000       10.00000

   Energies (kJ/mol)
           Bond            U-B    Proper Dih.  Improper Dih.          LJ-14
    2.66156e+03    1.38682e+04    6.92889e+03    4.81774e+02    9.92256e+02
     Coulomb-14        LJ (SR)  Disper. corr.   Coulomb (SR)   Coul. recip.
   -1.80128e+04    2.86931e+04   -9.57728e+02   -4.18412e+05    2.43401e+03
      Potential    Kinetic En.   Total Energy  Conserved En.    Temperature
   -3.81323e+05    9.72196e+04   -2.84103e+05   -2.49443e+05    2.99497e+02
 Pres. DC (bar) Pressure (bar)   Constr. rmsd
   -2.01469e+01   -3.80176e+02    4.74375e-06

step 8900: timed with pme grid 52 52 200, coulomb cutoff 1.400: 1861.9 M-cycles
step 9100: timed with pme grid 42 42 168, coulomb cutoff 1.667: 228.3 M-cycles
step 9300: timed with pme grid 36 36 144, coulomb cutoff 1.944: 5849.8 M-cycles
step 9500: timed with pme grid 40 40 160, coulomb cutoff 1.750: 5868.0 M-cycles
step 9700: timed with pme grid 42 42 168, coulomb cutoff 1.667: 5873.2 M-cycles
step 9900: timed with pme grid 44 44 192, coulomb cutoff 1.591: 5881.0 M-cycles
           Step           Time
          10000       20.00000

   Energies (kJ/mol)
           Bond            U-B    Proper Dih.  Improper Dih.          LJ-14
    2.95646e+03    1.51949e+04    6.79102e+03    4.97018e+02    1.04093e+03
     Coulomb-14        LJ (SR)  Disper. corr.   Coulomb (SR)   Coul. recip.
   -1.85883e+04    2.91573e+04   -1.01317e+03   -4.32955e+05    1.86208e+03
      Potential    Kinetic En.   Total Energy  Conserved En.    Temperature
   -3.95057e+05    9.75729e+04   -2.97484e+05   -2.49246e+05    3.00586e+02
 Pres. DC (bar) Pressure (bar)   Constr. rmsd
   -2.25447e+01   -2.75535e+02    4.74375e-06

step 10100: timed with pme grid 48 48 192, coulomb cutoff 1.458: 5987.6 M-cycles
              optimal pme grid 42 42 168, coulomb cutoff 1.667
Writing checkpoint, step 11700 at Mon Jun 30 19:34:00 2025


           Step           Time
          15000       30.00000

   Energies (kJ/mol)
           Bond            U-B    Proper Dih.  Improper Dih.          LJ-14
    3.23137e+03    1.57056e+04    6.62166e+03    4.95826e+02    1.13069e+03
     Coulomb-14        LJ (SR)  Disper. corr.   Coulomb (SR)   Coul. recip.
   -1.94553e+04    2.93324e+04   -1.06034e+03   -4.40618e+05    1.20183e+03
      Potential    Kinetic En.   Total Energy  Conserved En.    Temperature
   -4.03414e+05    9.60611e+04   -3.07353e+05   -2.49054e+05    2.95928e+02
 Pres. DC (bar) Pressure (bar)   Constr. rmsd
   -2.46910e+01   -1.86499e+02    4.74375e-06

           Step           Time
          20000       40.00000

   Energies (kJ/mol)
           Bond            U-B    Proper Dih.  Improper Dih.          LJ-14
    3.24571e+03    1.65672e+04    6.40721e+03    5.37546e+02    1.12942e+03
     Coulomb-14        LJ (SR)  Disper. corr.   Coulomb (SR)   Coul. recip.
   -1.94163e+04    2.93472e+04   -1.10583e+03   -4.44545e+05    1.21990e+03
      Potential    Kinetic En.   Total Energy  Conserved En.    Temperature
   -4.06613e+05    9.68794e+04   -3.09734e+05   -2.48879e+05    2.98449e+02
 Pres. DC (bar) Pressure (bar)   Constr. rmsd
   -2.68530e+01   -1.97462e+02    4.74375e-06

           Step           Time
          25000       50.00000

   Energies (kJ/mol)
           Bond            U-B    Proper Dih.  Improper Dih.          LJ-14
    3.16995e+03    1.66102e+04    6.33649e+03    6.15663e+02    1.15012e+03
     Coulomb-14        LJ (SR)  Disper. corr.   Coulomb (SR)   Coul. recip.
   -1.95751e+04    2.89027e+04   -1.15118e+03   -4.46019e+05    1.07242e+03
      Potential    Kinetic En.   Total Energy  Conserved En.    Temperature
   -4.08888e+05    9.67455e+04   -3.12142e+05   -2.48757e+05    2.98037e+02
 Pres. DC (bar) Pressure (bar)   Constr. rmsd
   -2.90988e+01   -6.30324e+01    4.74375e-06

           Step           Time
          30000       60.00000

   Energies (kJ/mol)
           Bond            U-B    Proper Dih.  Improper Dih.          LJ-14
    3.31089e+03    1.65271e+04    6.46377e+03    5.28369e+02    1.07905e+03
     Coulomb-14        LJ (SR)  Disper. corr.   Coulomb (SR)   Coul. recip.
   -1.96901e+04    2.81741e+04   -1.19777e+03   -4.46640e+05    1.04973e+03
      Potential    Kinetic En.   Total Energy  Conserved En.    Temperature
   -4.10394e+05    9.70479e+04   -3.13347e+05   -2.48638e+05    2.98969e+02
 Pres. DC (bar) Pressure (bar)   Constr. rmsd
   -3.14997e+01   -3.46934e+02    4.74375e-06

           Step           Time
          35000       70.00000

   Energies (kJ/mol)
           Bond            U-B    Proper Dih.  Improper Dih.          LJ-14
    3.34847e+03    1.68734e+04    6.42099e+03    5.36126e+02    1.14151e+03
     Coulomb-14        LJ (SR)  Disper. corr.   Coulomb (SR)   Coul. recip.
   -1.93009e+04    2.87990e+04   -1.24085e+03   -4.49510e+05    1.03572e+03
      Potential    Kinetic En.   Total Energy  Conserved En.    Temperature
   -4.11896e+05    9.60182e+04   -3.15878e+05   -2.48497e+05    2.95796e+02
 Pres. DC (bar) Pressure (bar)   Constr. rmsd
   -3.38051e+01   -1.54740e+02    4.74375e-06

           Step           Time
          40000       80.00000

   Energies (kJ/mol)
           Bond            U-B    Proper Dih.  Improper Dih.          LJ-14
    3.34585e+03    1.68160e+04    6.30491e+03    5.66413e+02    1.08474e+03
     Coulomb-14        LJ (SR)  Disper. corr.   Coulomb (SR)   Coul. recip.
   -1.92377e+04    2.76494e+04   -1.28041e+03   -4.50156e+05    1.01310e+03
      Potential    Kinetic En.   Total Energy  Conserved En.    Temperature
   -4.13894e+05    9.56205e+04   -3.18274e+05   -2.48360e+05    2.94571e+02
 Pres. DC (bar) Pressure (bar)   Constr. rmsd
   -3.59929e+01   -2.24889e+02    4.74375e-06

           Step           Time
          45000       90.00000

   Energies (kJ/mol)
           Bond            U-B    Proper Dih.  Improper Dih.          LJ-14
    3.30260e+03    1.66182e+04    6.50296e+03    5.89687e+02    1.16384e+03
     Coulomb-14        LJ (SR)  Disper. corr.   Coulomb (SR)   Coul. recip.
   -2.02383e+04    2.70961e+04   -1.30982e+03   -4.50947e+05    8.73191e+02
      Potential    Kinetic En.   Total Energy  Conserved En.    Temperature
   -4.16349e+05    9.60061e+04   -3.20342e+05   -2.48271e+05    2.95759e+02
 Pres. DC (bar) Pressure (bar)   Constr. rmsd
   -3.76645e+01    5.02345e+00    4.74375e-06

           Step           Time
          50000      100.00000

   Energies (kJ/mol)
           Bond            U-B    Proper Dih.  Improper Dih.          LJ-14
    3.31325e+03    1.64624e+04    6.47787e+03    5.60191e+02    1.10154e+03
     Coulomb-14        LJ (SR)  Disper. corr.   Coulomb (SR)   Coul. recip.
   -1.99983e+04    2.67527e+04   -1.31692e+03   -4.51550e+05    9.17655e+02
      Potential    Kinetic En.   Total Energy  Conserved En.    Temperature
   -4.17279e+05    9.61180e+04   -3.21161e+05   -2.48147e+05    2.96104e+02
 Pres. DC (bar) Pressure (bar)   Constr. rmsd
   -3.80736e+01    4.00089e+00    4.74375e-06

           Step           Time
          55000      110.00000

   Energies (kJ/mol)
           Bond            U-B    Proper Dih.  Improper Dih.          LJ-14
    3.45976e+03    1.68509e+04    6.40252e+03    5.25944e+02    1.01332e+03
     Coulomb-14        LJ (SR)  Disper. corr.   Coulomb (SR)   Coul. recip.
   -1.95574e+04    2.64574e+04   -1.34060e+03   -4.52382e+05    8.21563e+02
      Potential    Kinetic En.   Total Energy  Conserved En.    Temperature
   -4.17748e+05    9.68031e+04   -3.20945e+05   -2.48019e+05    2.98214e+02
 Pres. DC (bar) Pressure (bar)   Constr. rmsd
   -3.94543e+01   -2.73232e+02    4.74375e-06

           Step           Time
          60000      120.00000

   Energies (kJ/mol)
           Bond            U-B    Proper Dih.  Improper Dih.          LJ-14
    3.24497e+03    1.67260e+04    6.44283e+03    5.26564e+02    1.12704e+03
     Coulomb-14        LJ (SR)  Disper. corr.   Coulomb (SR)   Coul. recip.
   -2.00229e+04    2.60904e+04   -1.36822e+03   -4.52129e+05    8.65707e+02
      Potential    Kinetic En.   Total Energy  Conserved En.    Temperature
   -4.18497e+05    9.59545e+04   -3.22542e+05   -2.47919e+05    2.95600e+02
 Pres. DC (bar) Pressure (bar)   Constr. rmsd
   -4.10954e+01   -1.54764e+02    4.74375e-06

           Step           Time
          65000      130.00000

   Energies (kJ/mol)
           Bond            U-B    Proper Dih.  Improper Dih.          LJ-14
    3.32529e+03    1.67044e+04    6.37502e+03    5.39171e+02    1.06647e+03
     Coulomb-14        LJ (SR)  Disper. corr.   Coulomb (SR)   Coul. recip.
   -2.00617e+04    2.63195e+04   -1.38990e+03   -4.53369e+05    8.81058e+02
      Potential    Kinetic En.   Total Energy  Conserved En.    Temperature
   -4.19610e+05    9.68385e+04   -3.22771e+05   -2.47773e+05    2.98323e+02
 Pres. DC (bar) Pressure (bar)   Constr. rmsd
   -4.24073e+01   -3.23386e+02    4.74375e-06

           Step           Time
          70000      140.00000

   Energies (kJ/mol)
           Bond            U-B    Proper Dih.  Improper Dih.          LJ-14
    3.40494e+03    1.68031e+04    6.21941e+03    5.26851e+02    1.08547e+03
     Coulomb-14        LJ (SR)  Disper. corr.   Coulomb (SR)   Coul. recip.
   -1.96002e+04    2.62099e+04   -1.41404e+03   -4.54124e+05    7.66303e+02
      Potential    Kinetic En.   Total Energy  Conserved En.    Temperature
   -4.20123e+05    9.61929e+04   -3.23930e+05   -2.47652e+05    2.96335e+02
 Pres. DC (bar) Pressure (bar)   Constr. rmsd
   -4.38923e+01   -1.05602e+02    4.74375e-06

           Step           Time
          75000      150.00000

   Energies (kJ/mol)
           Bond            U-B    Proper Dih.  Improper Dih.          LJ-14
    3.17402e+03    1.69387e+04    6.23167e+03    5.90234e+02    1.12977e+03
     Coulomb-14        LJ (SR)  Disper. corr.   Coulomb (SR)   Coul. recip.
   -2.02772e+04    2.60796e+04   -1.42678e+03   -4.52945e+05    8.78623e+02
      Potential    Kinetic En.   Total Energy  Conserved En.    Temperature
   -4.19626e+05    9.61726e+04   -3.23454e+05   -2.47575e+05    2.96272e+02
 Pres. DC (bar) Pressure (bar)   Constr. rmsd
   -4.46862e+01    4.56293e+01    4.74375e-06

           Step           Time
          80000      160.00000

   Energies (kJ/mol)
           Bond            U-B    Proper Dih.  Improper Dih.          LJ-14
    3.36398e+03    1.65854e+04    6.27913e+03    5.67574e+02    1.15793e+03
     Coulomb-14        LJ (SR)  Disper. corr.   Coulomb (SR)   Coul. recip.
   -2.01347e+04    2.65669e+04   -1.44925e+03   -4.52879e+05    8.05752e+02
      Potential    Kinetic En.   Total Energy  Conserved En.    Temperature
   -4.19136e+05    9.56908e+04   -3.23445e+05   -2.47441e+05    2.94788e+02
 Pres. DC (bar) Pressure (bar)   Constr. rmsd
   -4.61042e+01    1.02764e+01    4.74375e-06

           Step           Time
          85000      170.00000

   Energies (kJ/mol)
           Bond            U-B    Proper Dih.  Improper Dih.          LJ-14
    3.39901e+03    1.70033e+04    6.15054e+03    5.25044e+02    1.05029e+03
     Coulomb-14        LJ (SR)  Disper. corr.   Coulomb (SR)   Coul. recip.
   -1.95602e+04    2.67249e+04   -1.47035e+03   -4.54325e+05    8.42154e+02
      Potential    Kinetic En.   Total Energy  Conserved En.    Temperature
   -4.19661e+05    9.62962e+04   -3.23364e+05   -2.47313e+05    2.96653e+02
 Pres. DC (bar) Pressure (bar)   Constr. rmsd
   -4.74557e+01   -1.80090e+02    4.74375e-06

           Step           Time
          90000      180.00000

   Energies (kJ/mol)
           Bond            U-B    Proper Dih.  Improper Dih.          LJ-14
    3.38245e+03    1.66603e+04    6.41642e+03    6.22503e+02    1.11365e+03
     Coulomb-14        LJ (SR)  Disper. corr.   Coulomb (SR)   Coul. recip.
   -2.01324e+04    2.64872e+04   -1.49070e+03   -4.53831e+05    8.11036e+02
      Potential    Kinetic En.   Total Energy  Conserved En.    Temperature
   -4.19961e+05    9.72648e+04   -3.22696e+05   -2.47233e+05    2.99637e+02
 Pres. DC (bar) Pressure (bar)   Constr. rmsd
   -4.87774e+01   -3.36080e+01    4.74375e-06

Writing checkpoint, step 92500 at Mon Jun 30 19:35:00 2025


           Step           Time
          95000      190.00000

   Energies (kJ/mol)
           Bond            U-B    Proper Dih.  Improper Dih.          LJ-14
    3.41025e+03    1.67713e+04    6.38638e+03    5.46216e+02    1.12025e+03
     Coulomb-14        LJ (SR)  Disper. corr.   Coulomb (SR)   Coul. recip.
   -2.05306e+04    2.68839e+04   -1.51666e+03   -4.53975e+05    8.42962e+02
      Potential    Kinetic En.   Total Energy  Conserved En.    Temperature
   -4.20061e+05    9.67669e+04   -3.23294e+05   -2.47084e+05    2.98103e+02
 Pres. DC (bar) Pressure (bar)   Constr. rmsd
   -5.04902e+01   -6.93265e+01    4.74375e-06

           Step           Time
         100000      200.00000

   Energies (kJ/mol)
           Bond            U-B    Proper Dih.  Improper Dih.          LJ-14
    3.31141e+03    1.68856e+04    6.43718e+03    5.29264e+02    1.07835e+03
     Coulomb-14        LJ (SR)  Disper. corr.   Coulomb (SR)   Coul. recip.
   -2.01576e+04    2.62670e+04   -1.53771e+03   -4.53332e+05    8.20823e+02
      Potential    Kinetic En.   Total Energy  Conserved En.    Temperature
   -4.19698e+05    9.70938e+04   -3.22604e+05   -2.47008e+05    2.99110e+02
 Pres. DC (bar) Pressure (bar)   Constr. rmsd
   -5.19006e+01   -9.85050e+01    4.74375e-06

           Step           Time
         105000      210.00000

   Energies (kJ/mol)
           Bond            U-B    Proper Dih.  Improper Dih.          LJ-14
    3.37581e+03    1.68551e+04    6.36971e+03    6.06790e+02    1.13783e+03
     Coulomb-14        LJ (SR)  Disper. corr.   Coulomb (SR)   Coul. recip.
   -2.01214e+04    2.56972e+04   -1.56231e+03   -4.53691e+05    8.17991e+02
      Potential    Kinetic En.   Total Energy  Conserved En.    Temperature
   -4.20514e+05    9.72516e+04   -3.23263e+05   -2.46867e+05    2.99596e+02
 Pres. DC (bar) Pressure (bar)   Constr. rmsd
   -5.35731e+01   -1.03850e+02    4.74375e-06

           Step           Time
         110000      220.00000

   Energies (kJ/mol)
           Bond            U-B    Proper Dih.  Improper Dih.          LJ-14
    3.35940e+03    1.72243e+04    6.38026e+03    5.63136e+02    1.19039e+03
     Coulomb-14        LJ (SR)  Disper. corr.   Coulomb (SR)   Coul. recip.
   -2.01379e+04    2.61223e+04   -1.58845e+03   -4.54527e+05    7.82285e+02
      Potential    Kinetic En.   Total Energy  Conserved En.    Temperature
   -4.20631e+05    9.66215e+04   -3.24010e+05   -2.46711e+05    2.97655e+02
 Pres. DC (bar) Pressure (bar)   Constr. rmsd
   -5.53802e+01   -1.47889e+01    4.74375e-06

           Step           Time
         115000      230.00000

   Energies (kJ/mol)
           Bond            U-B    Proper Dih.  Improper Dih.          LJ-14
    3.29449e+03    1.68841e+04    6.31561e+03    5.37333e+02    1.08816e+03
     Coulomb-14        LJ (SR)  Disper. corr.   Coulomb (SR)   Coul. recip.
   -1.97469e+04    2.65457e+04   -1.61062e+03   -4.54815e+05    8.41876e+02
      Potential    Kinetic En.   Total Energy  Conserved En.    Temperature
   -4.20666e+05    9.66191e+04   -3.24047e+05   -2.46628e+05    2.97647e+02
 Pres. DC (bar) Pressure (bar)   Constr. rmsd
   -5.69357e+01   -7.06947e+01    4.74375e-06

           Step           Time
         120000      240.00000

   Energies (kJ/mol)
           Bond            U-B    Proper Dih.  Improper Dih.          LJ-14
    3.29348e+03    1.66523e+04    6.32956e+03    4.94101e+02    1.07859e+03
     Coulomb-14        LJ (SR)  Disper. corr.   Coulomb (SR)   Coul. recip.
   -1.97747e+04    2.67270e+04   -1.64047e+03   -4.54733e+05    8.01896e+02
      Potential    Kinetic En.   Total Energy  Conserved En.    Temperature
   -4.20771e+05    9.68927e+04   -3.23879e+05   -2.46536e+05    2.98490e+02
 Pres. DC (bar) Pressure (bar)   Constr. rmsd
   -5.90647e+01   -6.77207e+00    4.74375e-06

           Step           Time
         125000      250.00000

   Energies (kJ/mol)
           Bond            U-B    Proper Dih.  Improper Dih.          LJ-14
    3.17571e+03    1.68393e+04    6.33673e+03    5.40381e+02    1.14757e+03
     Coulomb-14        LJ (SR)  Disper. corr.   Coulomb (SR)   Coul. recip.
   -1.97124e+04    2.68501e+04   -1.66395e+03   -4.55621e+05    7.92574e+02
      Potential    Kinetic En.   Total Energy  Conserved En.    Temperature
   -4.21315e+05    9.75022e+04   -3.23813e+05   -2.46423e+05    3.00368e+02
 Pres. DC (bar) Pressure (bar)   Constr. rmsd
   -6.07665e+01    6.28432e+01    4.74375e-06

           Step           Time
         130000      260.00000

   Energies (kJ/mol)
           Bond            U-B    Proper Dih.  Improper Dih.          LJ-14
    3.35818e+03    1.64571e+04    6.28601e+03    5.94496e+02    1.12055e+03
     Coulomb-14        LJ (SR)  Disper. corr.   Coulomb (SR)   Coul. recip.
   -2.02986e+04    2.69996e+04   -1.69158e+03   -4.54683e+05    8.42004e+02
      Potential    Kinetic En.   Total Energy  Conserved En.    Temperature
   -4.21016e+05    9.61051e+04   -3.24911e+05   -2.46277e+05    2.96064e+02
 Pres. DC (bar) Pressure (bar)   Constr. rmsd
   -6.28004e+01   -5.51562e+01    4.74375e-06

           Step           Time
         135000      270.00000

   Energies (kJ/mol)
           Bond            U-B    Proper Dih.  Improper Dih.          LJ-14
    3.30211e+03    1.70757e+04    6.44857e+03    5.38534e+02    1.09441e+03
     Coulomb-14        LJ (SR)  Disper. corr.   Coulomb (SR)   Coul. recip.
   -2.00064e+04    2.59227e+04   -1.72729e+03   -4.54063e+05    8.13226e+02
      Potential    Kinetic En.   Total Energy  Conserved En.    Temperature
   -4.20601e+05    9.68592e+04   -3.23742e+05   -2.46121e+05    2.98387e+02
 Pres. DC (bar) Pressure (bar)   Constr. rmsd
   -6.54784e+01   -1.44074e+02    4.74375e-06

           Step           Time
         140000      280.00000

   Energies (kJ/mol)
           Bond            U-B    Proper Dih.  Improper Dih.          LJ-14
    3.41665e+03    1.68042e+04    6.41137e+03    5.74541e+02    1.10027e+03
     Coulomb-14        LJ (SR)  Disper. corr.   Coulomb (SR)   Coul. recip.
   -1.98962e+04    2.59185e+04   -1.75767e+03   -4.53805e+05    8.34158e+02
      Potential    Kinetic En.   Total Energy  Conserved En.    Temperature
   -4.20400e+05    9.60756e+04   -3.24324e+05   -2.46018e+05    2.95973e+02
 Pres. DC (bar) Pressure (bar)   Constr. rmsd
   -6.78005e+01   -8.32589e+01    4.74375e-06

           Step           Time
         145000      290.00000

   Energies (kJ/mol)
           Bond            U-B    Proper Dih.  Improper Dih.          LJ-14
    3.29337e+03    1.69025e+04    6.38135e+03    4.58866e+02    1.10269e+03
     Coulomb-14        LJ (SR)  Disper. corr.   Coulomb (SR)   Coul. recip.
   -1.99173e+04    2.68654e+04   -1.78819e+03   -4.54552e+05    8.09997e+02
      Potential    Kinetic En.   Total Energy  Conserved En.    Temperature
   -4.20443e+05    9.70696e+04   -3.23374e+05   -2.45930e+05    2.99035e+02
 Pres. DC (bar) Pressure (bar)   Constr. rmsd
   -7.01744e+01    1.07109e+02    4.74375e-06

           Step           Time
         150000      300.00000

   Energies (kJ/mol)
           Bond            U-B    Proper Dih.  Improper Dih.          LJ-14
    3.33982e+03    1.66921e+04    6.50046e+03    5.70711e+02    1.11336e+03
     Coulomb-14        LJ (SR)  Disper. corr.   Coulomb (SR)   Coul. recip.
   -2.00688e+04    2.61278e+04   -1.82707e+03   -4.53806e+05    7.78151e+02
      Potential    Kinetic En.   Total Energy  Conserved En.    Temperature
   -4.20580e+05    9.70448e+04   -3.23535e+05   -2.45808e+05    2.98959e+02
 Pres. DC (bar) Pressure (bar)   Constr. rmsd
   -7.32572e+01   -2.52715e+02    4.74375e-06

           Step           Time
         155000      310.00000

   Energies (kJ/mol)
           Bond            U-B    Proper Dih.  Improper Dih.          LJ-14
    3.31382e+03    1.64146e+04    6.36243e+03    5.29908e+02    1.09103e+03
     Coulomb-14        LJ (SR)  Disper. corr.   Coulomb (SR)   Coul. recip.
   -2.00321e+04    2.63945e+04   -1.86861e+03   -4.52877e+05    7.91313e+02
      Potential    Kinetic En.   Total Energy  Conserved En.    Temperature
   -4.19880e+05    9.69985e+04   -3.22882e+05   -2.45706e+05    2.98816e+02
 Pres. DC (bar) Pressure (bar)   Constr. rmsd
   -7.66252e+01   -1.37395e+02    4.74375e-06

           Step           Time
         160000      320.00000

   Energies (kJ/mol)
           Bond            U-B    Proper Dih.  Improper Dih.          LJ-14
    3.33254e+03    1.69003e+04    6.37729e+03    6.13435e+02    1.12881e+03
     Coulomb-14        LJ (SR)  Disper. corr.   Coulomb (SR)   Coul. recip.
   -2.00531e+04    2.69617e+04   -1.90995e+03   -4.55865e+05    8.42839e+02
      Potential    Kinetic En.   Total Energy  Conserved En.    Temperature
   -4.21671e+05    9.70272e+04   -3.24644e+05   -2.45580e+05    2.98905e+02
 Pres. DC (bar) Pressure (bar)   Constr. rmsd
   -8.00514e+01   -1.02917e+02    4.74375e-06

           Step           Time
         165000      330.00000

   Energies (kJ/mol)
           Bond            U-B    Proper Dih.  Improper Dih.          LJ-14
    3.25030e+03    1.70415e+04    6.36421e+03    4.88759e+02    1.11267e+03
     Coulomb-14        LJ (SR)  Disper. corr.   Coulomb (SR)   Coul. recip.
   -2.01982e+04    2.59041e+04   -1.98878e+03   -4.54063e+05    7.56376e+02
      Potential    Kinetic En.   Total Energy  Conserved En.    Temperature
   -4.21332e+05    9.63724e+04   -3.24960e+05   -2.45416e+05    2.96888e+02
 Pres. DC (bar) Pressure (bar)   Constr. rmsd
   -8.67920e+01   -3.49253e+02    4.74375e-06

           Step           Time
         170000      340.00000

   Energies (kJ/mol)
           Bond            U-B    Proper Dih.  Improper Dih.          LJ-14
    3.37298e+03    1.65563e+04    6.39975e+03    5.64768e+02    1.18103e+03
     Coulomb-14        LJ (SR)  Disper. corr.   Coulomb (SR)   Coul. recip.
   -2.01891e+04    2.54642e+04   -2.03598e+03   -4.56395e+05    7.09106e+02
      Potential    Kinetic En.   Total Energy  Conserved En.    Temperature
   -4.24372e+05    9.71130e+04   -3.27259e+05   -2.45322e+05    2.99169e+02
 Pres. DC (bar) Pressure (bar)   Constr. rmsd
   -9.09587e+01    1.02436e+02    4.74375e-06

Writing checkpoint, step 170400 at Mon Jun 30 19:36:00 2025


           Step           Time
         175000      350.00000

   Energies (kJ/mol)
           Bond            U-B    Proper Dih.  Improper Dih.          LJ-14
    3.38203e+03    1.68897e+04    6.41280e+03    5.12302e+02    1.11425e+03
     Coulomb-14        LJ (SR)  Disper. corr.   Coulomb (SR)   Coul. recip.
   -2.07383e+04    2.63487e+04   -2.03413e+03   -4.56547e+05    6.72243e+02
      Potential    Kinetic En.   Total Energy  Conserved En.    Temperature
   -4.23988e+05    9.61458e+04   -3.27842e+05   -2.45203e+05    2.96189e+02
 Pres. DC (bar) Pressure (bar)   Constr. rmsd
   -9.07943e+01    1.78653e+01    4.74375e-06

           Step           Time
         180000      360.00000

   Energies (kJ/mol)
           Bond            U-B    Proper Dih.  Improper Dih.          LJ-14
    3.41781e+03    1.69728e+04    6.22659e+03    5.64475e+02    1.05816e+03
     Coulomb-14        LJ (SR)  Disper. corr.   Coulomb (SR)   Coul. recip.
   -2.01345e+04    2.47713e+04   -2.03735e+03   -4.55393e+05    7.76646e+02
      Potential    Kinetic En.   Total Energy  Conserved En.    Temperature
   -4.23777e+05    9.67736e+04   -3.27003e+05   -2.45074e+05    2.98124e+02
 Pres. DC (bar) Pressure (bar)   Constr. rmsd
   -9.10813e+01   -2.43406e+02    4.74375e-06

           Step           Time
         185000      370.00000

   Energies (kJ/mol)
           Bond            U-B    Proper Dih.  Improper Dih.          LJ-14
    3.33485e+03    1.67907e+04    6.33447e+03    5.12531e+02    1.12983e+03
     Coulomb-14        LJ (SR)  Disper. corr.   Coulomb (SR)   Coul. recip.
   -2.01681e+04    2.59976e+04   -2.03777e+03   -4.56519e+05    7.02461e+02
      Potential    Kinetic En.   Total Energy  Conserved En.    Temperature
   -4.23922e+05    9.68218e+04   -3.27100e+05   -2.44970e+05    2.98272e+02
 Pres. DC (bar) Pressure (bar)   Constr. rmsd
   -9.11192e+01   -4.58229e+01    4.74375e-06

           Step           Time
         190000      380.00000

   Energies (kJ/mol)
           Bond            U-B    Proper Dih.  Improper Dih.          LJ-14
    3.36157e+03    1.67568e+04    6.50191e+03    5.90106e+02    1.06224e+03
     Coulomb-14        LJ (SR)  Disper. corr.   Coulomb (SR)   Coul. recip.
   -2.06106e+04    2.59517e+04   -2.03764e+03   -4.56524e+05    6.34182e+02
      Potential    Kinetic En.   Total Energy  Conserved En.    Temperature
   -4.24314e+05    9.71932e+04   -3.27120e+05   -2.44879e+05    2.99416e+02
 Pres. DC (bar) Pressure (bar)   Constr. rmsd
   -9.11070e+01   -1.00422e+01    4.74375e-06

           Step           Time
         195000      390.00000

   Energies (kJ/mol)
           Bond            U-B    Proper Dih.  Improper Dih.          LJ-14
    3.29740e+03    1.67648e+04    6.40517e+03    6.10820e+02    1.12991e+03
     Coulomb-14        LJ (SR)  Disper. corr.   Coulomb (SR)   Coul. recip.
   -2.03246e+04    2.54960e+04   -2.03429e+03   -4.55797e+05    7.38738e+02
      Potential    Kinetic En.   Total Energy  Conserved En.    Temperature
   -4.23713e+05    9.60262e+04   -3.27687e+05   -2.44712e+05    2.95821e+02
 Pres. DC (bar) Pressure (bar)   Constr. rmsd
   -9.08081e+01   -9.13079e+01    4.74375e-06

           Step           Time
         200000      400.00000

   Energies (kJ/mol)
           Bond            U-B    Proper Dih.  Improper Dih.          LJ-14
    3.48365e+03    1.67898e+04    6.24697e+03    5.29351e+02    1.00688e+03
     Coulomb-14        LJ (SR)  Disper. corr.   Coulomb (SR)   Coul. recip.
   -2.03337e+04    2.53344e+04   -2.03692e+03   -4.56461e+05    7.59079e+02
      Potential    Kinetic En.   Total Energy  Conserved En.    Temperature
   -4.24681e+05    9.64273e+04   -3.28254e+05   -2.44603e+05    2.97057e+02
 Pres. DC (bar) Pressure (bar)   Constr. rmsd
   -9.10434e+01   -1.27069e+02    4.74375e-06

           Step           Time
         205000      410.00000

   Energies (kJ/mol)
           Bond            U-B    Proper Dih.  Improper Dih.          LJ-14
    3.46995e+03    1.70847e+04    6.44382e+03    6.15707e+02    1.14068e+03
     Coulomb-14        LJ (SR)  Disper. corr.   Coulomb (SR)   Coul. recip.
   -2.03336e+04    2.50738e+04   -2.03732e+03   -4.53834e+05    7.20937e+02
      Potential    Kinetic En.   Total Energy  Conserved En.    Temperature
   -4.21655e+05    9.69378e+04   -3.24717e+05   -2.44481e+05    2.98629e+02
 Pres. DC (bar) Pressure (bar)   Constr. rmsd
   -9.10784e+01   -1.28150e+02    4.74375e-06

           Step           Time
         210000      420.00000

   Energies (kJ/mol)
           Bond            U-B    Proper Dih.  Improper Dih.          LJ-14
    3.22418e+03    1.65796e+04    6.30613e+03    5.75356e+02    1.06321e+03
     Coulomb-14        LJ (SR)  Disper. corr.   Coulomb (SR)   Coul. recip.
   -2.03570e+04    2.60801e+04   -2.03701e+03   -4.57138e+05    6.75503e+02
      Potential    Kinetic En.   Total Energy  Conserved En.    Temperature
   -4.25028e+05    9.73024e+04   -3.27726e+05   -2.44424e+05    2.99753e+02
 Pres. DC (bar) Pressure (bar)   Constr. rmsd
   -9.10514e+01    2.77126e+00    4.74375e-06

           Step           Time
         215000      430.00000

   Energies (kJ/mol)
           Bond            U-B    Proper Dih.  Improper Dih.          LJ-14
    3.42783e+03    1.65976e+04    6.33145e+03    5.81644e+02    1.06594e+03
     Coulomb-14        LJ (SR)  Disper. corr.   Coulomb (SR)   Coul. recip.
   -1.99625e+04    2.47616e+04   -2.03657e+03   -4.55749e+05    6.92245e+02
      Potential    Kinetic En.   Total Energy  Conserved En.    Temperature
   -4.24290e+05    9.66741e+04   -3.27616e+05   -2.44272e+05    2.97817e+02
 Pres. DC (bar) Pressure (bar)   Constr. rmsd
   -9.10120e+01   -2.65708e+02    4.74375e-06

           Step           Time
         220000      440.00000

   Energies (kJ/mol)
           Bond            U-B    Proper Dih.  Improper Dih.          LJ-14
    3.34350e+03    1.71242e+04    6.39514e+03    5.39989e+02    1.07713e+03
     Coulomb-14        LJ (SR)  Disper. corr.   Coulomb (SR)   Coul. recip.
   -2.04673e+04    2.51448e+04   -2.03686e+03   -4.55199e+05    7.30957e+02
      Potential    Kinetic En.   Total Energy  Conserved En.    Temperature
   -4.23347e+05    9.63318e+04   -3.27016e+05   -2.44143e+05    2.96762e+02
 Pres. DC (bar) Pressure (bar)   Constr. rmsd
   -9.10378e+01    3.86056e+00    4.74375e-06

           Step           Time
         225000      450.00000

   Energies (kJ/mol)
           Bond            U-B    Proper Dih.  Improper Dih.          LJ-14
    3.44883e+03    1.67709e+04    6.42958e+03    6.29918e+02    1.04412e+03
     Coulomb-14        LJ (SR)  Disper. corr.   Coulomb (SR)   Coul. recip.
   -2.02763e+04    2.63442e+04   -2.03617e+03   -4.57828e+05    7.11854e+02
      Potential    Kinetic En.   Total Energy  Conserved En.    Temperature
   -4.24761e+05    9.66408e+04   -3.28120e+05   -2.44012e+05    2.97714e+02
 Pres. DC (bar) Pressure (bar)   Constr. rmsd
   -9.09756e+01    8.40235e+01    4.74375e-06

           Step           Time
         230000      460.00000

   Energies (kJ/mol)
           Bond            U-B    Proper Dih.  Improper Dih.          LJ-14
    3.35251e+03    1.68278e+04    6.18343e+03    5.38661e+02    1.04990e+03
     Coulomb-14        LJ (SR)  Disper. corr.   Coulomb (SR)   Coul. recip.
   -2.01206e+04    2.50735e+04   -2.03746e+03   -4.55198e+05    7.36836e+02
      Potential    Kinetic En.   Total Energy  Conserved En.    Temperature
   -4.23594e+05    9.66828e+04   -3.26911e+05   -2.43925e+05    2.97844e+02
 Pres. DC (bar) Pressure (bar)   Constr. rmsd
   -9.10910e+01    3.06209e+01    4.74375e-06

           Step           Time
         235000      470.00000

   Energies (kJ/mol)
           Bond            U-B    Proper Dih.  Improper Dih.          LJ-14
    3.41466e+03    1.62643e+04    6.33018e+03    5.55298e+02    1.09290e+03
     Coulomb-14        LJ (SR)  Disper. corr.   Coulomb (SR)   Coul. recip.
   -2.05167e+04    2.70843e+04   -2.03357e+03   -4.56542e+05    7.33335e+02
      Potential    Kinetic En.   Total Energy  Conserved En.    Temperature
   -4.23618e+05    9.59113e+04   -3.27706e+05   -2.43836e+05    2.95467e+02
 Pres. DC (bar) Pressure (bar)   Constr. rmsd
   -9.07437e+01    1.31026e+02    4.74375e-06

           Step           Time
         240000      480.00000

   Energies (kJ/mol)
           Bond            U-B    Proper Dih.  Improper Dih.          LJ-14
    3.43985e+03    1.66305e+04    6.33299e+03    6.39905e+02    1.10420e+03
     Coulomb-14        LJ (SR)  Disper. corr.   Coulomb (SR)   Coul. recip.
   -2.01175e+04    2.62683e+04   -2.03293e+03   -4.57717e+05    7.46285e+02
      Potential    Kinetic En.   Total Energy  Conserved En.    Temperature
   -4.24706e+05    9.69179e+04   -3.27788e+05   -2.43706e+05    2.98568e+02
 Pres. DC (bar) Pressure (bar)   Constr. rmsd
   -9.06869e+01    1.07276e+02    4.74375e-06

           Step           Time
         245000      490.00000

   Energies (kJ/mol)
           Bond            U-B    Proper Dih.  Improper Dih.          LJ-14
    3.39803e+03    1.69067e+04    6.45398e+03    6.16329e+02    1.15396e+03
     Coulomb-14        LJ (SR)  Disper. corr.   Coulomb (SR)   Coul. recip.
   -2.02496e+04    2.58390e+04   -2.03426e+03   -4.55543e+05    7.22962e+02
      Potential    Kinetic En.   Total Energy  Conserved En.    Temperature
   -4.22736e+05    9.76012e+04   -3.25135e+05   -2.43573e+05    3.00673e+02
 Pres. DC (bar) Pressure (bar)   Constr. rmsd
   -9.08052e+01    9.80830e+01    4.74375e-06

Writing checkpoint, step 247000 at Mon Jun 30 19:37:00 2025


           Step           Time
         250000      500.00000

   Energies (kJ/mol)
           Bond            U-B    Proper Dih.  Improper Dih.          LJ-14
    3.16528e+03    1.65291e+04    6.37207e+03    5.51272e+02    1.04407e+03
     Coulomb-14        LJ (SR)  Disper. corr.   Coulomb (SR)   Coul. recip.
   -2.01292e+04    2.58277e+04   -2.03533e+03   -4.56684e+05    7.56413e+02
      Potential    Kinetic En.   Total Energy  Conserved En.    Temperature
   -4.24602e+05    9.70076e+04   -3.27595e+05   -2.43458e+05    2.98844e+02
 Pres. DC (bar) Pressure (bar)   Constr. rmsd
   -9.09011e+01   -1.27453e+02    4.74375e-06

           Step           Time
         255000      510.00000

   Energies (kJ/mol)
           Bond            U-B    Proper Dih.  Improper Dih.          LJ-14
    3.40874e+03    1.68755e+04    6.37249e+03    5.97049e+02    1.13215e+03
     Coulomb-14        LJ (SR)  Disper. corr.   Coulomb (SR)   Coul. recip.
   -1.96669e+04    2.52307e+04   -2.03837e+03   -4.57015e+05    7.03256e+02
      Potential    Kinetic En.   Total Energy  Conserved En.    Temperature
   -4.24401e+05    9.68452e+04   -3.27556e+05   -2.43267e+05    2.98344e+02
 Pres. DC (bar) Pressure (bar)   Constr. rmsd
   -9.11730e+01   -1.42289e+01    4.74375e-06

           Step           Time
         260000      520.00000

   Energies (kJ/mol)
           Bond            U-B    Proper Dih.  Improper Dih.          LJ-14
    3.25492e+03    1.70729e+04    6.26474e+03    6.09756e+02    1.07124e+03
     Coulomb-14        LJ (SR)  Disper. corr.   Coulomb (SR)   Coul. recip.
   -2.02278e+04    2.58505e+04   -2.03946e+03   -4.56569e+05    7.28629e+02
      Potential    Kinetic En.   Total Energy  Conserved En.    Temperature
   -4.23983e+05    9.59473e+04   -3.28036e+05   -2.43182e+05    2.95578e+02
 Pres. DC (bar) Pressure (bar)   Constr. rmsd
   -9.12702e+01    1.52558e+02    4.74375e-06

           Step           Time
         265000      530.00000

   Energies (kJ/mol)
           Bond            U-B    Proper Dih.  Improper Dih.          LJ-14
    3.36865e+03    1.69792e+04    6.34804e+03    5.14573e+02    1.14550e+03
     Coulomb-14        LJ (SR)  Disper. corr.   Coulomb (SR)   Coul. recip.
   -2.02277e+04    2.49226e+04   -2.03672e+03   -4.55698e+05    7.60392e+02
      Potential    Kinetic En.   Total Energy  Conserved En.    Temperature
   -4.23923e+05    9.66225e+04   -3.27301e+05   -2.43062e+05    2.97658e+02
 Pres. DC (bar) Pressure (bar)   Constr. rmsd
   -9.10252e+01   -1.67956e+02    4.74375e-06

           Step           Time
         270000      540.00000

   Energies (kJ/mol)
           Bond            U-B    Proper Dih.  Improper Dih.          LJ-14
    3.36483e+03    1.66152e+04    6.44126e+03    5.80785e+02    1.14699e+03
     Coulomb-14        LJ (SR)  Disper. corr.   Coulomb (SR)   Coul. recip.
   -2.02693e+04    2.56520e+04   -2.03804e+03   -4.56988e+05    7.59109e+02
      Potential    Kinetic En.   Total Energy  Conserved En.    Temperature
   -4.24736e+05    9.69244e+04   -3.27811e+05   -2.42947e+05    2.98588e+02
 Pres. DC (bar) Pressure (bar)   Constr. rmsd
   -9.11430e+01   -1.50719e+02    4.74375e-06

           Step           Time
         275000      550.00000

   Energies (kJ/mol)
           Bond            U-B    Proper Dih.  Improper Dih.          LJ-14
    3.41864e+03    1.66081e+04    6.54139e+03    5.24306e+02    1.11207e+03
     Coulomb-14        LJ (SR)  Disper. corr.   Coulomb (SR)   Coul. recip.
   -2.05357e+04    2.42022e+04   -2.03460e+03   -4.53870e+05    7.01092e+02
      Potential    Kinetic En.   Total Energy  Conserved En.    Temperature
   -4.23332e+05    9.58219e+04   -3.27510e+05   -2.42860e+05    2.95192e+02
 Pres. DC (bar) Pressure (bar)   Constr. rmsd
   -9.08354e+01   -2.81802e+02    4.74375e-06

           Step           Time
         280000      560.00000

   Energies (kJ/mol)
           Bond            U-B    Proper Dih.  Improper Dih.          LJ-14
    3.25161e+03    1.65464e+04    6.48465e+03    5.92092e+02    1.13339e+03
     Coulomb-14        LJ (SR)  Disper. corr.   Coulomb (SR)   Coul. recip.
   -2.00301e+04    2.52254e+04   -2.03727e+03   -4.56215e+05    7.31764e+02
      Potential    Kinetic En.   Total Energy  Conserved En.    Temperature
   -4.24317e+05    9.64731e+04   -3.27844e+05   -2.42739e+05    2.97198e+02
 Pres. DC (bar) Pressure (bar)   Constr. rmsd
   -9.10743e+01   -5.10140e+01    4.74375e-06

           Step           Time
         285000      570.00000

   Energies (kJ/mol)
           Bond            U-B    Proper Dih.  Improper Dih.          LJ-14
    3.31692e+03    1.64505e+04    6.36614e+03    5.38053e+02    1.03118e+03
     Coulomb-14        LJ (SR)  Disper. corr.   Coulomb (SR)   Coul. recip.
   -1.97661e+04    2.61296e+04   -2.03578e+03   -4.57186e+05    6.90872e+02
      Potential    Kinetic En.   Total Energy  Conserved En.    Temperature
   -4.24465e+05    9.61038e+04   -3.28361e+05   -2.42616e+05    2.96060e+02
 Pres. DC (bar) Pressure (bar)   Constr. rmsd
   -9.09411e+01   -1.65747e+02    4.74375e-06

           Step           Time
         290000      580.00000

   Energies (kJ/mol)
           Bond            U-B    Proper Dih.  Improper Dih.          LJ-14
    3.41069e+03    1.66740e+04    6.29220e+03    6.07552e+02    1.11141e+03
     Coulomb-14        LJ (SR)  Disper. corr.   Coulomb (SR)   Coul. recip.
   -1.97767e+04    2.53938e+04   -2.04003e+03   -4.55953e+05    7.03879e+02
      Potential    Kinetic En.   Total Energy  Conserved En.    Temperature
   -4.23576e+05    9.66758e+04   -3.26900e+05   -2.42515e+05    2.97822e+02
 Pres. DC (bar) Pressure (bar)   Constr. rmsd
   -9.13215e+01    7.88350e+01    4.74375e-06

           Step           Time
         295000      590.00000

   Energies (kJ/mol)
           Bond            U-B    Proper Dih.  Improper Dih.          LJ-14
    3.33011e+03    1.69269e+04    6.50961e+03    5.33695e+02    1.12823e+03
     Coulomb-14        LJ (SR)  Disper. corr.   Coulomb (SR)   Coul. recip.
   -2.02224e+04    2.62154e+04   -2.03876e+03   -4.57329e+05    6.76135e+02
      Potential    Kinetic En.   Total Energy  Conserved En.    Temperature
   -4.24270e+05    9.63354e+04   -3.27934e+05   -2.42361e+05    2.96773e+02
 Pres. DC (bar) Pressure (bar)   Constr. rmsd
   -9.12071e+01    3.52334e+00    4.74375e-06

           Step           Time
         300000      600.00000

   Energies (kJ/mol)
           Bond            U-B    Proper Dih.  Improper Dih.          LJ-14
    3.26797e+03    1.68128e+04    6.51784e+03    5.31174e+02    1.14982e+03
     Coulomb-14        LJ (SR)  Disper. corr.   Coulomb (SR)   Coul. recip.
   -2.02358e+04    2.55904e+04   -2.03855e+03   -4.55313e+05    7.04995e+02
      Potential    Kinetic En.   Total Energy  Conserved En.    Temperature
   -4.23012e+05    9.60883e+04   -3.26924e+05   -2.42239e+05    2.96012e+02
 Pres. DC (bar) Pressure (bar)   Constr. rmsd
   -9.11883e+01    1.51525e+02    4.74375e-06

           Step           Time
         305000      610.00000

   Energies (kJ/mol)
           Bond            U-B    Proper Dih.  Improper Dih.          LJ-14
    3.39083e+03    1.68982e+04    6.38721e+03    5.79029e+02    1.13945e+03
     Coulomb-14        LJ (SR)  Disper. corr.   Coulomb (SR)   Coul. recip.
   -2.02001e+04    2.43006e+04   -2.03604e+03   -4.53407e+05    7.12689e+02
      Potential    Kinetic En.   Total Energy  Conserved En.    Temperature
   -4.22235e+05    9.65598e+04   -3.25675e+05   -2.42110e+05    2.97465e+02
 Pres. DC (bar) Pressure (bar)   Constr. rmsd
   -9.09642e+01   -4.21524e+01    4.74375e-06

           Step           Time
         310000      620.00000

   Energies (kJ/mol)
           Bond            U-B    Proper Dih.  Improper Dih.          LJ-14
    3.32021e+03    1.69642e+04    6.30228e+03    5.03814e+02    1.09280e+03
     Coulomb-14        LJ (SR)  Disper. corr.   Coulomb (SR)   Coul. recip.
   -2.04394e+04    2.55988e+04   -2.03408e+03   -4.55311e+05    7.94581e+02
      Potential    Kinetic En.   Total Energy  Conserved En.    Temperature
   -4.23208e+05    9.65713e+04   -3.26637e+05   -2.42009e+05    2.97500e+02
 Pres. DC (bar) Pressure (bar)   Constr. rmsd
   -9.07897e+01    1.15541e+02    4.74375e-06

           Step           Time
         315000      630.00000

   Energies (kJ/mol)
           Bond            U-B    Proper Dih.  Improper Dih.          LJ-14
    3.50112e+03    1.67894e+04    6.12412e+03    5.98614e+02    1.05604e+03
     Coulomb-14        LJ (SR)  Disper. corr.   Coulomb (SR)   Coul. recip.
   -1.96618e+04    2.58627e+04   -2.03758e+03   -4.57234e+05    7.01955e+02
      Potential    Kinetic En.   Total Energy  Conserved En.    Temperature
   -4.24299e+05    9.65165e+04   -3.27782e+05   -2.41898e+05    2.97331e+02
 Pres. DC (bar) Pressure (bar)   Constr. rmsd
   -9.11016e+01   -1.76529e+01    4.74375e-06

           Step           Time
         320000      640.00000

   Energies (kJ/mol)
           Bond            U-B    Proper Dih.  Improper Dih.          LJ-14
    3.33943e+03    1.67358e+04    6.41528e+03    5.29776e+02    1.08690e+03
     Coulomb-14        LJ (SR)  Disper. corr.   Coulomb (SR)   Coul. recip.
   -2.02637e+04    2.49520e+04   -2.03663e+03   -4.54418e+05    6.96951e+02
      Potential    Kinetic En.   Total Energy  Conserved En.    Temperature
   -4.22963e+05    9.59195e+04   -3.27043e+05   -2.41807e+05    2.95492e+02
 Pres. DC (bar) Pressure (bar)   Constr. rmsd
   -9.10172e+01   -1.51551e+02    4.74375e-06

           Step           Time
         325000      650.00000

   Energies (kJ/mol)
           Bond            U-B    Proper Dih.  Improper Dih.          LJ-14
    3.40960e+03    1.67604e+04    6.34745e+03    5.82903e+02    1.08806e+03
     Coulomb-14        LJ (SR)  Disper. corr.   Coulomb (SR)   Coul. recip.
   -2.06581e+04    2.43508e+04   -2.03324e+03   -4.52915e+05    7.30864e+02
      Potential    Kinetic En.   Total Energy  Conserved En.    Temperature
   -4.22336e+05    9.66188e+04   -3.25717e+05   -2.41668e+05    2.97647e+02
 Pres. DC (bar) Pressure (bar)   Constr. rmsd
   -9.07149e+01   -1.03354e+02    4.74375e-06

Writing checkpoint, step 325200 at Mon Jun 30 19:38:00 2025


           Step           Time
         330000      660.00000

   Energies (kJ/mol)
           Bond            U-B    Proper Dih.  Improper Dih.          LJ-14
    3.43359e+03    1.65080e+04    6.35602e+03    5.49020e+02    1.14222e+03
     Coulomb-14        LJ (SR)  Disper. corr.   Coulomb (SR)   Coul. recip.
   -1.96805e+04    2.49683e+04   -2.03583e+03   -4.55139e+05    7.74200e+02
      Potential    Kinetic En.   Total Energy  Conserved En.    Temperature
   -4.23124e+05    9.72493e+04   -3.25875e+05   -2.41561e+05    2.99589e+02
 Pres. DC (bar) Pressure (bar)   Constr. rmsd
   -9.09457e+01    4.74867e+01    4.74375e-06

           Step           Time
         335000      670.00000

   Energies (kJ/mol)
           Bond            U-B    Proper Dih.  Improper Dih.          LJ-14
    3.37081e+03    1.65263e+04    6.30829e+03    5.64184e+02    1.04946e+03
     Coulomb-14        LJ (SR)  Disper. corr.   Coulomb (SR)   Coul. recip.
   -2.00403e+04    2.57615e+04   -2.03576e+03   -4.56806e+05    6.96075e+02
      Potential    Kinetic En.   Total Energy  Conserved En.    Temperature
   -4.24605e+05    9.70206e+04   -3.27585e+05   -2.41437e+05    2.98884e+02
 Pres. DC (bar) Pressure (bar)   Constr. rmsd
   -9.09391e+01   -1.04244e+02    4.74375e-06

           Step           Time
         340000      680.00000

   Energies (kJ/mol)
           Bond            U-B    Proper Dih.  Improper Dih.          LJ-14
    3.22648e+03    1.68382e+04    6.51154e+03    6.05459e+02    1.14090e+03
     Coulomb-14        LJ (SR)  Disper. corr.   Coulomb (SR)   Coul. recip.
   -2.01567e+04    2.57749e+04   -2.03328e+03   -4.55158e+05    6.92881e+02
      Potential    Kinetic En.   Total Energy  Conserved En.    Temperature
   -4.22558e+05    9.80581e+04   -3.24500e+05   -2.41327e+05    3.02081e+02
 Pres. DC (bar) Pressure (bar)   Constr. rmsd
   -9.07176e+01    5.27772e+01    4.74375e-06

           Step           Time
         345000      690.00000

   Energies (kJ/mol)
           Bond            U-B    Proper Dih.  Improper Dih.          LJ-14
    3.20373e+03    1.67951e+04    6.40586e+03    5.19311e+02    1.14434e+03
     Coulomb-14        LJ (SR)  Disper. corr.   Coulomb (SR)   Coul. recip.
   -1.98726e+04    2.47859e+04   -2.03667e+03   -4.54622e+05    7.13765e+02
      Potential    Kinetic En.   Total Energy  Conserved En.    Temperature
   -4.22964e+05    9.63338e+04   -3.26630e+05   -2.41200e+05    2.96769e+02
 Pres. DC (bar) Pressure (bar)   Constr. rmsd
   -9.10204e+01   -7.24876e+01    4.74375e-06

           Step           Time
         350000      700.00000

   Energies (kJ/mol)
           Bond            U-B    Proper Dih.  Improper Dih.          LJ-14
    3.35500e+03    1.71341e+04    6.21749e+03    5.38120e+02    1.02773e+03
     Coulomb-14        LJ (SR)  Disper. corr.   Coulomb (SR)   Coul. recip.
   -1.99162e+04    2.57009e+04   -2.04176e+03   -4.56223e+05    7.24704e+02
      Potential    Kinetic En.   Total Energy  Conserved En.    Temperature
   -4.23483e+05    9.63295e+04   -3.27154e+05   -2.41056e+05    2.96755e+02
 Pres. DC (bar) Pressure (bar)   Constr. rmsd
   -9.14761e+01   -1.46016e+01    4.74375e-06

           Step           Time
         355000      710.00000

   Energies (kJ/mol)
           Bond            U-B    Proper Dih.  Improper Dih.          LJ-14
    3.37600e+03    1.68690e+04    6.40997e+03    5.79270e+02    1.12377e+03
     Coulomb-14        LJ (SR)  Disper. corr.   Coulomb (SR)   Coul. recip.
   -1.98047e+04    2.61479e+04   -2.03744e+03   -4.56594e+05    7.23078e+02
      Potential    Kinetic En.   Total Energy  Conserved En.    Temperature
   -4.23207e+05    9.63709e+04   -3.26836e+05   -2.40941e+05    2.96883e+02
 Pres. DC (bar) Pressure (bar)   Constr. rmsd
   -9.10896e+01    1.07450e+02    4.74375e-06

           Step           Time
         360000      720.00000

   Energies (kJ/mol)
           Bond            U-B    Proper Dih.  Improper Dih.          LJ-14
    3.15402e+03    1.66532e+04    6.30724e+03    5.73864e+02    1.11202e+03
     Coulomb-14        LJ (SR)  Disper. corr.   Coulomb (SR)   Coul. recip.
   -2.00939e+04    2.57913e+04   -2.04120e+03   -4.56949e+05    7.03891e+02
      Potential    Kinetic En.   Total Energy  Conserved En.    Temperature
   -4.24788e+05    9.58889e+04   -3.28900e+05   -2.40841e+05    2.95398e+02
 Pres. DC (bar) Pressure (bar)   Constr. rmsd
   -9.14256e+01   -4.96343e+01    4.74375e-06

           Step           Time
         365000      730.00000

   Energies (kJ/mol)
           Bond            U-B    Proper Dih.  Improper Dih.          LJ-14
    3.27572e+03    1.67847e+04    6.60231e+03    5.80685e+02    1.17548e+03
     Coulomb-14        LJ (SR)  Disper. corr.   Coulomb (SR)   Coul. recip.
   -2.02975e+04    2.58173e+04   -2.04026e+03   -4.56886e+05    7.25262e+02
      Potential    Kinetic En.   Total Energy  Conserved En.    Temperature
   -4.24263e+05    9.61422e+04   -3.28120e+05   -2.40723e+05    2.96178e+02
 Pres. DC (bar) Pressure (bar)   Constr. rmsd
   -9.13418e+01    2.44503e+02    4.74375e-06

           Step           Time
         370000      740.00000

   Energies (kJ/mol)
           Bond            U-B    Proper Dih.  Improper Dih.          LJ-14
    3.45205e+03    1.68262e+04    6.33769e+03    5.77957e+02    1.15644e+03
     Coulomb-14        LJ (SR)  Disper. corr.   Coulomb (SR)   Coul. recip.
   -2.04060e+04    2.48763e+04   -2.03229e+03   -4.55279e+05    7.01508e+02
      Potential    Kinetic En.   Total Energy  Conserved En.    Temperature
   -4.23789e+05    9.72041e+04   -3.26585e+05   -2.40596e+05    2.99450e+02
 Pres. DC (bar) Pressure (bar)   Constr. rmsd
   -9.06297e+01    1.50347e+01    4.74375e-06

           Step           Time
         375000      750.00000

   Energies (kJ/mol)
           Bond            U-B    Proper Dih.  Improper Dih.          LJ-14
    3.39153e+03    1.71529e+04    6.31895e+03    5.75202e+02    1.07969e+03
     Coulomb-14        LJ (SR)  Disper. corr.   Coulomb (SR)   Coul. recip.
   -2.02361e+04    2.55041e+04   -2.03591e+03   -4.55488e+05    6.62650e+02
      Potential    Kinetic En.   Total Energy  Conserved En.    Temperature
   -4.23075e+05    9.69829e+04   -3.26092e+05   -2.40470e+05    2.98768e+02
 Pres. DC (bar) Pressure (bar)   Constr. rmsd
   -9.09525e+01    5.02099e+01    4.74375e-06

           Step           Time
         380000      760.00000

   Energies (kJ/mol)
           Bond            U-B    Proper Dih.  Improper Dih.          LJ-14
    3.37929e+03    1.67791e+04    6.30828e+03    5.29781e+02    1.21624e+03
     Coulomb-14        LJ (SR)  Disper. corr.   Coulomb (SR)   Coul. recip.
   -1.98442e+04    2.53532e+04   -2.03674e+03   -4.56007e+05    7.51633e+02
      Potential    Kinetic En.   Total Energy  Conserved En.    Temperature
   -4.23571e+05    9.69039e+04   -3.26667e+05   -2.40361e+05    2.98525e+02
 Pres. DC (bar) Pressure (bar)   Constr. rmsd
   -9.10272e+01    1.53524e+02    4.74375e-06

           Step           Time
         385000      770.00000

   Energies (kJ/mol)
           Bond            U-B    Proper Dih.  Improper Dih.          LJ-14
    3.43069e+03    1.68601e+04    6.37240e+03    5.18227e+02    1.12533e+03
     Coulomb-14        LJ (SR)  Disper. corr.   Coulomb (SR)   Coul. recip.
   -1.99802e+04    2.51392e+04   -2.03604e+03   -4.55398e+05    6.76784e+02
      Potential    Kinetic En.   Total Energy  Conserved En.    Temperature
   -4.23292e+05    9.68849e+04   -3.26407e+05   -2.40231e+05    2.98466e+02
 Pres. DC (bar) Pressure (bar)   Constr. rmsd
   -9.09640e+01   -2.02764e+01    4.74375e-06

           Step           Time
         390000      780.00000

   Energies (kJ/mol)
           Bond            U-B    Proper Dih.  Improper Dih.          LJ-14
    3.20920e+03    1.70591e+04    6.50739e+03    5.54703e+02    1.09909e+03
     Coulomb-14        LJ (SR)  Disper. corr.   Coulomb (SR)   Coul. recip.
   -1.97519e+04    2.53465e+04   -2.03665e+03   -4.56498e+05    6.74130e+02
      Potential    Kinetic En.   Total Energy  Conserved En.    Temperature
   -4.23837e+05    9.70164e+04   -3.26820e+05   -2.40133e+05    2.98872e+02
 Pres. DC (bar) Pressure (bar)   Constr. rmsd
   -9.10193e+01   -1.97754e+02    4.74375e-06

           Step           Time
         395000      790.00000

   Energies (kJ/mol)
           Bond            U-B    Proper Dih.  Improper Dih.          LJ-14
    3.49174e+03    1.68696e+04    6.37483e+03    5.14319e+02    1.12605e+03
     Coulomb-14        LJ (SR)  Disper. corr.   Coulomb (SR)   Coul. recip.
   -1.96640e+04    2.60360e+04   -2.03621e+03   -4.57624e+05    6.84100e+02
      Potential    Kinetic En.   Total Energy  Conserved En.    Temperature
   -4.24227e+05    9.65014e+04   -3.27726e+05   -2.40009e+05    2.97285e+02
 Pres. DC (bar) Pressure (bar)   Constr. rmsd
   -9.09794e+01   -2.79500e+00    4.74375e-06

           Step           Time
         400000      800.00000

   Energies (kJ/mol)
           Bond            U-B    Proper Dih.  Improper Dih.          LJ-14
    3.39174e+03    1.66702e+04    6.56983e+03    6.27773e+02    1.06730e+03
     Coulomb-14        LJ (SR)  Disper. corr.   Coulomb (SR)   Coul. recip.
   -1.99582e+04    2.58608e+04   -2.03975e+03   -4.56349e+05    7.53788e+02
      Potential    Kinetic En.   Total Energy  Conserved En.    Temperature
   -4.23405e+05    9.71015e+04   -3.26304e+05   -2.39896e+05    2.99134e+02
 Pres. DC (bar) Pressure (bar)   Constr. rmsd
   -9.12962e+01   -1.75676e+01    4.74375e-06

Writing checkpoint, step 402600 at Mon Jun 30 19:39:00 2025


           Step           Time
         405000      810.00000

   Energies (kJ/mol)
           Bond            U-B    Proper Dih.  Improper Dih.          LJ-14
    3.45025e+03    1.66767e+04    6.36273e+03    5.59526e+02    1.20599e+03
     Coulomb-14        LJ (SR)  Disper. corr.   Coulomb (SR)   Coul. recip.
   -2.00431e+04    2.51419e+04   -2.03406e+03   -4.54505e+05    6.87430e+02
      Potential    Kinetic En.   Total Energy  Conserved En.    Temperature
   -4.22498e+05    9.70289e+04   -3.25469e+05   -2.39785e+05    2.98910e+02
 Pres. DC (bar) Pressure (bar)   Constr. rmsd
   -9.07877e+01    6.52303e+01    4.74375e-06

           Step           Time
         410000      820.00000

   Energies (kJ/mol)
           Bond            U-B    Proper Dih.  Improper Dih.          LJ-14
    3.30681e+03    1.63990e+04    6.39227e+03    5.91781e+02    1.10032e+03
     Coulomb-14        LJ (SR)  Disper. corr.   Coulomb (SR)   Coul. recip.
   -2.02345e+04    2.45356e+04   -2.03577e+03   -4.54116e+05    6.95585e+02
      Potential    Kinetic En.   Total Energy  Conserved En.    Temperature
   -4.23365e+05    9.63473e+04   -3.27017e+05   -2.39671e+05    2.96810e+02
 Pres. DC (bar) Pressure (bar)   Constr. rmsd
   -9.09405e+01   -2.54781e+02    4.74375e-06

           Step           Time
         415000      830.00000

   Energies (kJ/mol)
           Bond            U-B    Proper Dih.  Improper Dih.          LJ-14
    3.36228e+03    1.69224e+04    6.39532e+03    5.83102e+02    1.11940e+03
     Coulomb-14        LJ (SR)  Disper. corr.   Coulomb (SR)   Coul. recip.
   -2.02477e+04    2.54202e+04   -2.03184e+03   -4.55368e+05    7.17164e+02
      Potential    Kinetic En.   Total Energy  Conserved En.    Temperature
   -4.23128e+05    9.68431e+04   -3.26285e+05   -2.39532e+05    2.98338e+02
 Pres. DC (bar) Pressure (bar)   Constr. rmsd
   -9.05898e+01   -3.53778e+01    4.74375e-06

           Step           Time
         420000      840.00000

   Energies (kJ/mol)
           Bond            U-B    Proper Dih.  Improper Dih.          LJ-14
    3.37406e+03    1.68616e+04    6.39361e+03    5.15106e+02    1.11755e+03
     Coulomb-14        LJ (SR)  Disper. corr.   Coulomb (SR)   Coul. recip.
   -1.98808e+04    2.56207e+04   -2.03795e+03   -4.57589e+05    7.16914e+02
      Potential    Kinetic En.   Total Energy  Conserved En.    Temperature
   -4.24908e+05    9.63335e+04   -3.28575e+05   -2.39402e+05    2.96768e+02
 Pres. DC (bar) Pressure (bar)   Constr. rmsd
   -9.11349e+01   -9.02765e+01    4.74375e-06

           Step           Time
         425000      850.00000

   Energies (kJ/mol)
           Bond            U-B    Proper Dih.  Improper Dih.          LJ-14
    3.36280e+03    1.67749e+04    6.34487e+03    5.59914e+02    1.12847e+03
     Coulomb-14        LJ (SR)  Disper. corr.   Coulomb (SR)   Coul. recip.
   -1.98689e+04    2.61091e+04   -2.03601e+03   -4.57063e+05    7.28002e+02
      Potential    Kinetic En.   Total Energy  Conserved En.    Temperature
   -4.23960e+05    9.73988e+04   -3.26561e+05   -2.39322e+05    3.00050e+02
 Pres. DC (bar) Pressure (bar)   Constr. rmsd
   -9.09618e+01    8.77376e+01    4.74375e-06

           Step           Time
         430000      860.00000

   Energies (kJ/mol)
           Bond            U-B    Proper Dih.  Improper Dih.          LJ-14
    3.46085e+03    1.65286e+04    6.48173e+03    5.63031e+02    1.08643e+03
     Coulomb-14        LJ (SR)  Disper. corr.   Coulomb (SR)   Coul. recip.
   -2.02352e+04    2.65367e+04   -2.03595e+03   -4.57176e+05    7.19781e+02
      Potential    Kinetic En.   Total Energy  Conserved En.    Temperature
   -4.24070e+05    9.59660e+04   -3.28104e+05   -2.39222e+05    2.95636e+02
 Pres. DC (bar) Pressure (bar)   Constr. rmsd
   -9.09567e+01    7.04978e+01    4.74375e-06

           Step           Time
         435000      870.00000

   Energies (kJ/mol)
           Bond            U-B    Proper Dih.  Improper Dih.          LJ-14
    3.21283e+03    1.68261e+04    6.51525e+03    6.57304e+02    1.15736e+03
     Coulomb-14        LJ (SR)  Disper. corr.   Coulomb (SR)   Coul. recip.
   -2.03264e+04    2.54027e+04   -2.03510e+03   -4.55674e+05    7.36443e+02
      Potential    Kinetic En.   Total Energy  Conserved En.    Temperature
   -4.23528e+05    9.63705e+04   -3.27157e+05   -2.39078e+05    2.96882e+02
 Pres. DC (bar) Pressure (bar)   Constr. rmsd
   -9.08804e+01   -6.63420e+01    4.74375e-06

           Step           Time
         440000      880.00000

   Energies (kJ/mol)
           Bond            U-B    Proper Dih.  Improper Dih.          LJ-14
    3.33014e+03    1.69903e+04    6.40405e+03    6.07498e+02    1.10463e+03
     Coulomb-14        LJ (SR)  Disper. corr.   Coulomb (SR)   Coul. recip.
   -2.03785e+04    2.60174e+04   -2.03565e+03   -4.56726e+05    6.94518e+02
      Potential    Kinetic En.   Total Energy  Conserved En.    Temperature
   -4.23991e+05    9.69222e+04   -3.27069e+05   -2.38954e+05    2.98581e+02
 Pres. DC (bar) Pressure (bar)   Constr. rmsd
   -9.09298e+01   -7.25218e+01    4.74375e-06

           Step           Time
         445000      890.00000

   Energies (kJ/mol)
           Bond            U-B    Proper Dih.  Improper Dih.          LJ-14
    3.27543e+03    1.69742e+04    6.23049e+03    5.49201e+02    1.14862e+03
     Coulomb-14        LJ (SR)  Disper. corr.   Coulomb (SR)   Coul. recip.
   -2.05797e+04    2.65088e+04   -2.03684e+03   -4.56032e+05    7.26025e+02
      Potential    Kinetic En.   Total Energy  Conserved En.    Temperature
   -4.23236e+05    9.64087e+04   -3.26828e+05   -2.38839e+05    2.96999e+02
 Pres. DC (bar) Pressure (bar)   Constr. rmsd
   -9.10358e+01    2.35891e+02    4.74375e-06

           Step           Time
         450000      900.00000

   Energies (kJ/mol)
           Bond            U-B    Proper Dih.  Improper Dih.          LJ-14
    3.33407e+03    1.66762e+04    6.28631e+03    5.84508e+02    1.15602e+03
     Coulomb-14        LJ (SR)  Disper. corr.   Coulomb (SR)   Coul. recip.
   -2.01601e+04    2.54915e+04   -2.03155e+03   -4.55380e+05    6.84852e+02
      Potential    Kinetic En.   Total Energy  Conserved En.    Temperature
   -4.23358e+05    9.59287e+04   -3.27430e+05   -2.38698e+05    2.95521e+02
 Pres. DC (bar) Pressure (bar)   Constr. rmsd
   -9.05639e+01   -1.11440e+01    4.74375e-06

           Step           Time
         455000      910.00000

   Energies (kJ/mol)
           Bond            U-B    Proper Dih.  Improper Dih.          LJ-14
    3.36898e+03    1.66166e+04    6.22618e+03    5.07285e+02    1.07638e+03
     Coulomb-14        LJ (SR)  Disper. corr.   Coulomb (SR)   Coul. recip.
   -2.04257e+04    2.53841e+04   -2.03707e+03   -4.54588e+05    7.26511e+02
      Potential    Kinetic En.   Total Energy  Conserved En.    Temperature
   -4.23145e+05    9.64600e+04   -3.26685e+05   -2.38616e+05    2.97157e+02
 Pres. DC (bar) Pressure (bar)   Constr. rmsd
   -9.10564e+01    4.34041e+01    4.74375e-06

           Step           Time
         460000      920.00000

   Energies (kJ/mol)
           Bond            U-B    Proper Dih.  Improper Dih.          LJ-14
    3.21583e+03    1.67571e+04    6.26195e+03    5.24394e+02    1.06832e+03
     Coulomb-14        LJ (SR)  Disper. corr.   Coulomb (SR)   Coul. recip.
   -2.01885e+04    2.59141e+04   -2.04036e+03   -4.56931e+05    7.37534e+02
      Potential    Kinetic En.   Total Energy  Conserved En.    Temperature
   -4.24681e+05    9.76543e+04   -3.27026e+05   -2.38508e+05    3.00837e+02
 Pres. DC (bar) Pressure (bar)   Constr. rmsd
   -9.13506e+01    1.04344e+02    4.74375e-06

           Step           Time
         465000      930.00000

   Energies (kJ/mol)
           Bond            U-B    Proper Dih.  Improper Dih.          LJ-14
    3.48118e+03    1.65485e+04    6.44896e+03    5.87939e+02    1.21468e+03
     Coulomb-14        LJ (SR)  Disper. corr.   Coulomb (SR)   Coul. recip.
   -2.07658e+04    2.59996e+04   -2.03838e+03   -4.56319e+05    7.34878e+02
      Potential    Kinetic En.   Total Energy  Conserved En.    Temperature
   -4.24108e+05    9.74081e+04   -3.26699e+05   -2.38371e+05    3.00078e+02
 Pres. DC (bar) Pressure (bar)   Constr. rmsd
   -9.11738e+01   -6.95580e+01    4.74375e-06

           Step           Time
         470000      940.00000

   Energies (kJ/mol)
           Bond            U-B    Proper Dih.  Improper Dih.          LJ-14
    3.42104e+03    1.66681e+04    6.29090e+03    5.00401e+02    1.07513e+03
     Coulomb-14        LJ (SR)  Disper. corr.   Coulomb (SR)   Coul. recip.
   -2.04930e+04    2.53521e+04   -2.03776e+03   -4.54892e+05    7.10620e+02
      Potential    Kinetic En.   Total Energy  Conserved En.    Temperature
   -4.23405e+05    9.67971e+04   -3.26608e+05   -2.38245e+05    2.98196e+02
 Pres. DC (bar) Pressure (bar)   Constr. rmsd
   -9.11180e+01   -9.06105e+01    4.74375e-06

           Step           Time
         475000      950.00000

   Energies (kJ/mol)
           Bond            U-B    Proper Dih.  Improper Dih.          LJ-14
    3.23670e+03    1.64488e+04    6.32072e+03    5.74416e+02    1.08015e+03
     Coulomb-14        LJ (SR)  Disper. corr.   Coulomb (SR)   Coul. recip.
   -2.02064e+04    2.42439e+04   -2.03786e+03   -4.53694e+05    7.10224e+02
      Potential    Kinetic En.   Total Energy  Conserved En.    Temperature
   -4.23323e+05    9.64941e+04   -3.26829e+05   -2.38150e+05    2.97263e+02
 Pres. DC (bar) Pressure (bar)   Constr. rmsd
   -9.11267e+01   -1.10213e+02    4.74375e-06

           Step           Time
         480000      960.00000

Writing checkpoint, step 480000 at Mon Jun 30 19:40:00 2025


   Energies (kJ/mol)
           Bond            U-B    Proper Dih.  Improper Dih.          LJ-14
    3.37710e+03    1.64339e+04    6.31938e+03    6.28422e+02    1.09458e+03
     Coulomb-14        LJ (SR)  Disper. corr.   Coulomb (SR)   Coul. recip.
   -2.03605e+04    2.62645e+04   -2.03357e+03   -4.55617e+05    7.97327e+02
      Potential    Kinetic En.   Total Energy  Conserved En.    Temperature
   -4.23096e+05    9.69993e+04   -3.26097e+05   -2.38038e+05    2.98819e+02
 Pres. DC (bar) Pressure (bar)   Constr. rmsd
   -9.07443e+01    1.94789e+02    4.74375e-06

           Step           Time
         485000      970.00000

   Energies (kJ/mol)
           Bond            U-B    Proper Dih.  Improper Dih.          LJ-14
    3.17268e+03    1.69518e+04    6.37833e+03    5.68917e+02    1.09186e+03
     Coulomb-14        LJ (SR)  Disper. corr.   Coulomb (SR)   Coul. recip.
   -2.02862e+04    2.54821e+04   -2.03381e+03   -4.55183e+05    6.99301e+02
      Potential    Kinetic En.   Total Energy  Conserved En.    Temperature
   -4.23158e+05    9.59174e+04   -3.27240e+05   -2.37883e+05    2.95486e+02
 Pres. DC (bar) Pressure (bar)   Constr. rmsd
   -9.07651e+01   -8.96965e+01    4.74375e-06

           Step           Time
         490000      980.00000

   Energies (kJ/mol)
           Bond            U-B    Proper Dih.  Improper Dih.          LJ-14
    3.34915e+03    1.68417e+04    6.36054e+03    6.00428e+02    1.09170e+03
     Coulomb-14        LJ (SR)  Disper. corr.   Coulomb (SR)   Coul. recip.
   -2.05555e+04    2.65265e+04   -2.03656e+03   -4.57458e+05    6.83628e+02
      Potential    Kinetic En.   Total Energy  Conserved En.    Temperature
   -4.24597e+05    9.68921e+04   -3.27705e+05   -2.37781e+05    2.98489e+02
 Pres. DC (bar) Pressure (bar)   Constr. rmsd
   -9.10109e+01    1.14506e+02    4.74375e-06

           Step           Time
         495000      990.00000

   Energies (kJ/mol)
           Bond            U-B    Proper Dih.  Improper Dih.          LJ-14
    3.40835e+03    1.68184e+04    6.26392e+03    6.02239e+02    1.11106e+03
     Coulomb-14        LJ (SR)  Disper. corr.   Coulomb (SR)   Coul. recip.
   -2.03385e+04    2.51125e+04   -2.03512e+03   -4.55909e+05    8.05727e+02
      Potential    Kinetic En.   Total Energy  Conserved En.    Temperature
   -4.24161e+05    9.67309e+04   -3.27430e+05   -2.37666e+05    2.97992e+02
 Pres. DC (bar) Pressure (bar)   Constr. rmsd
   -9.08819e+01    8.15683e+01    4.74375e-06

           Step           Time
         500000     1000.00000

Writing checkpoint, step 500000 at Mon Jun 30 19:40:19 2025


   Energies (kJ/mol)
           Bond            U-B    Proper Dih.  Improper Dih.          LJ-14
    3.30807e+03    1.69811e+04    6.43145e+03    5.61060e+02    1.13429e+03
     Coulomb-14        LJ (SR)  Disper. corr.   Coulomb (SR)   Coul. recip.
   -2.05865e+04    2.58456e+04   -2.03346e+03   -4.54709e+05    7.04615e+02
      Potential    Kinetic En.   Total Energy  Conserved En.    Temperature
   -4.22363e+05    9.73410e+04   -3.25022e+05   -2.37539e+05    2.99872e+02
 Pres. DC (bar) Pressure (bar)   Constr. rmsd
   -9.07340e+01    1.32131e+02    4.74375e-06


Energy conservation over simulation part #1 of length 1000 ns, time 0 to 1000 ns
  Conserved energy drift: 3.67e-04 kJ/mol/ps per atom


	<======  ###############  ==>
	<====  A V E R A G E S  ====>
	<==  ###############  ======>

	Statistics over 500001 steps using 5001 frames

   Energies (kJ/mol)
           Bond            U-B    Proper Dih.  Improper Dih.          LJ-14
    3.33094e+03    1.66946e+04    6.38049e+03    5.59947e+02    1.09780e+03
     Coulomb-14        LJ (SR)  Disper. corr.   Coulomb (SR)   Coul. recip.
   -2.00276e+04    2.61472e+04   -1.84503e+03   -4.53929e+05    8.01110e+02
      Potential    Kinetic En.   Total Energy  Conserved En.    Temperature
   -4.20789e+05    9.67327e+04   -3.24057e+05   -2.43443e+05    2.97997e+02
 Pres. DC (bar) Pressure (bar)   Constr. rmsd
   -7.68321e+01   -3.90687e+01    0.00000e+00

          Box-X          Box-Y          Box-Z
    4.66431e+00    4.66431e+00    1.93262e+01

   Total Virial (kJ/mol)
    3.29350e+04   -5.92078e+00    2.62177e+01
   -5.92060e+00    3.29608e+04    5.48131e+01
    2.62129e+01    5.48112e+01    3.28715e+04

   Pressure (bar)
   -4.01452e+01   -3.45188e-02   -2.38863e+00
   -3.45191e-02   -4.16386e+01   -5.18695e+00
   -2.38824e+00   -5.18690e+00   -3.54223e+01


       P P   -   P M E   L O A D   B A L A N C I N G

 PP/PME load balancing changed the cut-off and PME settings:
           particle-particle                    PME
            rcoulomb  rlist            grid      spacing   1/beta
   initial  1.400 nm  1.402 nm      52  52 200   0.120 nm  0.448 nm
   final    1.667 nm  1.669 nm      42  42 168   0.143 nm  0.534 nm
 cost-ratio           1.69             0.55
 (note that these numbers concern only part of the total PP and PME load)


	M E G A - F L O P S   A C C O U N T I N G

 NB=Group-cutoff nonbonded kernels    NxN=N-by-N cluster Verlet kernels
 RF=Reaction-Field  VdW=Van der Waals  QSTab=quadratic-spline table
 W3=SPC/TIP3p  W4=TIP4p (single or pairs)
 V&F=Potential and force  V=Potential only  F=Force only

 Computing:                               M-Number         M-Flops  % Flops
-----------------------------------------------------------------------------
 Pair Search distance check           28878.847440      259909.627     0.0
 NxN Ewald Elec. + LJ [F]          40790126.545344  2692148351.993    98.2
 NxN Ewald Elec. + LJ [V&F]          412106.871488    44095435.249     1.6
 1,4 nonbonded interactions            7241.014482      651691.303     0.0
 Shift-X                                185.882169        1115.293     0.0
 Bonds                                 1562.003124       92158.184     0.0
 Propers                               6861.013722     1571172.142     0.1
 Impropers                              235.000470       48880.098     0.0
 Virial                                1860.737214       33493.270     0.0
 Stop-CM                                185.919338        1859.193     0.0
 P-Coupling                            1858.487169       11150.923     0.0
 Calc-Ekin                             3716.974338      100358.307     0.0
 Lincs                                    0.010592           0.636     0.0
 Lincs-Mat                                0.093408           0.374     0.0
 Constraint-V                             0.038717           0.348     0.0
 Settle                                   0.018750           6.938     0.0
 Urey-Bradley                          7169.014338     1311929.624     0.0
-----------------------------------------------------------------------------
 Total                                              2740327513.502   100.0
-----------------------------------------------------------------------------


     R E A L   C Y C L E   A N D   T I M E   A C C O U N T I N G

On 1 MPI rank, each using 10 OpenMP threads

 Computing:          Num   Num      Call    Wall time         Giga-Cycles
                     Ranks Threads  Count      (s)         total sum    %
-----------------------------------------------------------------------------
 Neighbor search        1   10       5001      31.694        824.049   7.2
 Launch GPU ops.        1   10     995001      45.370       1179.614  10.3
 Force                  1   10     500001     137.572       3576.898  31.3
 Wait PME GPU gather    1   10     500001       0.108          2.810   0.0
 Reduce GPU PME F       1   10     500001       2.319         60.286   0.5
 Wait GPU NB local      1   10     450000       0.287          7.453   0.1
 Wait GPU state copy    1   10     625004     176.604       4591.734  40.2
 NB X/F buffer ops.     1   10      50001       6.675        173.549   1.5
 Write traj.            1   10        107       6.324        164.424   1.4
 Constraints            1   10          2       0.025          0.651   0.0
 Rest                                          32.824        853.417   7.5
-----------------------------------------------------------------------------
 Total                                        439.801      11434.886 100.0
-----------------------------------------------------------------------------

               Core t (s)   Wall t (s)        (%)
       Time:     4398.004      439.801     1000.0
                 (ns/day)    (hour/ns)
Performance:      196.453        0.122
Finished mdrun on rank 0 Mon Jun 30 19:40:20 2025

