                      :-) GROMACS - gmx mdrun, 2021.5 (-:

                            GROMACS is written by:
     Andrey Alekseenko              Emile Apol              Rossen Apostolov     
         Paul Bauer           Herman J.C. Berendsen           Par Bjelkmar       
       Christian Blau           Viacheslav Bolnykh             Kevin Boyd        
     Aldert van Buuren           Rudi van Drunen             Anton Feenstra      
    Gilles Gouaillardet             Alan Gray               Gerrit Groenhof      
       Anca Hamuraru            Vincent Hindriksen          M. Eric Irrgang      
      Aleksei Iupinov           Christoph Junghans             Joe Jordan        
    Dimitrios Karkoulis            Peter Kasson                Jiri Kraus        
      Carsten Kutzner              Per Larsson              Justin A. Lemkul     
       Viveca Lindahl            Magnus Lundborg             Erik Marklund       
        Pascal Merz             Pieter Meulenhoff            Teemu Murtola       
        Szilard Pall               Sander Pronk              Roland Schulz       
       Michael Shirts            Alexey Shvetsov             Alfons Sijbers      
       Peter Tieleman              Jon Vincent              Teemu Virolainen     
     Christian Wennberg            Maarten Wolf              Artem Zhmurov       
                           and the project leaders:
        Mark Abraham, Berk Hess, Erik Lindahl, and David van der Spoel

Copyright (c) 1991-2000, University of Groningen, The Netherlands.
Copyright (c) 2001-2019, The GROMACS development team at
Uppsala University, Stockholm University and
the Royal Institute of Technology, Sweden.
check out http://www.gromacs.org for more information.

GROMACS is free software; you can redistribute it and/or modify it
under the terms of the GNU Lesser General Public License
as published by the Free Software Foundation; either version 2.1
of the License, or (at your option) any later version.

GROMACS:      gmx mdrun, version 2021.5
Executable:   /usr/local/gromacs_2021.5/bin/gmx
Data prefix:  /usr/local/gromacs_2021.5
Working dir:  /srv/home/apbal/work/REU/mixtures/pure_mix/4mix
Process ID:   318733
Command line:
  gmx mdrun -v -deffnm npt_prod -ntomp 10 -nb gpu -bonded cpu -update gpu -ntmpi 1 -cpt 1

GROMACS version:    2021.5
Precision:          mixed
Memory model:       64 bit
MPI library:        thread_mpi
OpenMP support:     enabled (GMX_OPENMP_MAX_THREADS = 256)
GPU support:        CUDA
SIMD instructions:  AVX2_256
FFT library:        fftw-3.3.8-sse2-avx-avx2-avx2_128
RDTSCP usage:       enabled
TNG support:        enabled
Hwloc support:      disabled
Tracing support:    disabled
C compiler:         /usr/bin/cc GNU 9.4.0
C compiler flags:   -mavx2 -mfma -Wno-missing-field-initializers -fexcess-precision=fast -funroll-all-loops -pthread -O3 -DNDEBUG
C++ compiler:       /usr/bin/c++ GNU 9.4.0
C++ compiler flags: -mavx2 -mfma -Wno-missing-field-initializers -fexcess-precision=fast -funroll-all-loops -pthread -fopenmp -O3 -DNDEBUG
CUDA compiler:      /usr/local/cuda-12.2/bin/nvcc nvcc: NVIDIA (R) Cuda compiler driver;Copyright (c) 2005-2023 NVIDIA Corporation;Built on Tue_Aug_15_22:02:13_PDT_2023;Cuda compilation tools, release 12.2, V12.2.140;Build cuda_12.2.r12.2/compiler.33191640_0
CUDA compiler flags:-std=c++17;-gencode;arch=compute_60,code=sm_60;-gencode;arch=compute_61,code=sm_61;-gencode;arch=compute_62,code=sm_62;-gencode;arch=compute_70,code=sm_70;-gencode;arch=compute_75,code=sm_75;-gencode;arch=compute_80,code=sm_80;-gencode;arch=compute_86,code=sm_86;-gencode;arch=compute_89,code=sm_89;-gencode;arch=compute_60,code=compute_60;-gencode;arch=compute_61,code=compute_61;-gencode;arch=compute_62,code=compute_62;-gencode;arch=compute_70,code=compute_70;-gencode;arch=compute_75,code=compute_75;-gencode;arch=compute_80,code=compute_80;-gencode;arch=compute_86,code=compute_86;-gencode;arch=compute_89,code=compute_89;-use_fast_math;-D_FORCE_INLINES;-mavx2 -mfma -Wno-missing-field-initializers -fexcess-precision=fast -funroll-all-loops -pthread -fopenmp -O3 -DNDEBUG
CUDA driver:        12.90
CUDA runtime:       12.20


Running on 1 node with total 128 cores, 128 logical cores, 1 compatible GPU
Hardware detected:
  CPU info:
    Vendor: AMD
    Brand:  AMD EPYC 7513 32-Core Processor                
    Family: 25   Model: 1   Stepping: 1
    Features: aes amd apic avx avx2 clfsh cmov cx8 cx16 f16c fma htt lahf misalignsse mmx msr nonstop_tsc pcid pclmuldq pdpe1gb popcnt pse rdrnd rdtscp sha sse2 sse3 sse4a sse4.1 sse4.2 ssse3
  Hardware topology: Only logical processor count
  GPU info:
    Number of GPUs detected: 1
    #0: NVIDIA NVIDIA RTX A4500, compute cap.: 8.6, ECC:  no, stat: compatible


++++ PLEASE READ AND CITE THE FOLLOWING REFERENCE ++++
M. J. Abraham, T. Murtola, R. Schulz, S. Páll, J. C. Smith, B. Hess, E.
Lindahl
GROMACS: High performance molecular simulations through multi-level
parallelism from laptops to supercomputers
SoftwareX 1 (2015) pp. 19-25
-------- -------- --- Thank You --- -------- --------


++++ PLEASE READ AND CITE THE FOLLOWING REFERENCE ++++
S. Páll, M. J. Abraham, C. Kutzner, B. Hess, E. Lindahl
Tackling Exascale Software Challenges in Molecular Dynamics Simulations with
GROMACS
In S. Markidis & E. Laure (Eds.), Solving Software Challenges for Exascale 8759 (2015) pp. 3-27
-------- -------- --- Thank You --- -------- --------


++++ PLEASE READ AND CITE THE FOLLOWING REFERENCE ++++
S. Pronk, S. Páll, R. Schulz, P. Larsson, P. Bjelkmar, R. Apostolov, M. R.
Shirts, J. C. Smith, P. M. Kasson, D. van der Spoel, B. Hess, and E. Lindahl
GROMACS 4.5: a high-throughput and highly parallel open source molecular
simulation toolkit
Bioinformatics 29 (2013) pp. 845-54
-------- -------- --- Thank You --- -------- --------


++++ PLEASE READ AND CITE THE FOLLOWING REFERENCE ++++
B. Hess and C. Kutzner and D. van der Spoel and E. Lindahl
GROMACS 4: Algorithms for highly efficient, load-balanced, and scalable
molecular simulation
J. Chem. Theory Comput. 4 (2008) pp. 435-447
-------- -------- --- Thank You --- -------- --------


++++ PLEASE READ AND CITE THE FOLLOWING REFERENCE ++++
D. van der Spoel, E. Lindahl, B. Hess, G. Groenhof, A. E. Mark and H. J. C.
Berendsen
GROMACS: Fast, Flexible and Free
J. Comp. Chem. 26 (2005) pp. 1701-1719
-------- -------- --- Thank You --- -------- --------


++++ PLEASE READ AND CITE THE FOLLOWING REFERENCE ++++
E. Lindahl and B. Hess and D. van der Spoel
GROMACS 3.0: A package for molecular simulation and trajectory analysis
J. Mol. Mod. 7 (2001) pp. 306-317
-------- -------- --- Thank You --- -------- --------


++++ PLEASE READ AND CITE THE FOLLOWING REFERENCE ++++
H. J. C. Berendsen, D. van der Spoel and R. van Drunen
GROMACS: A message-passing parallel molecular dynamics implementation
Comp. Phys. Comm. 91 (1995) pp. 43-56
-------- -------- --- Thank You --- -------- --------


++++ PLEASE CITE THE DOI FOR THIS VERSION OF GROMACS ++++
https://doi.org/10.5281/zenodo.5850051
-------- -------- --- Thank You --- -------- --------

Input Parameters:
   integrator                     = md
   tinit                          = 0
   dt                             = 0.002
   nsteps                         = 50000000
   init-step                      = 0
   simulation-part                = 1
   mts                            = false
   comm-mode                      = Linear
   nstcomm                        = 100
   bd-fric                        = 0
   ld-seed                        = -98
   emtol                          = 10
   emstep                         = 0.01
   niter                          = 20
   fcstep                         = 0
   nstcgsteep                     = 1000
   nbfgscorr                      = 10
   rtpi                           = 0.05
   nstxout                        = 50000
   nstvout                        = 50000
   nstfout                        = 0
   nstlog                         = 50000
   nstcalcenergy                  = 100
   nstenergy                      = 50000
   nstxout-compressed             = 50000
   compressed-x-precision         = 1000
   cutoff-scheme                  = Verlet
   nstlist                        = 10
   pbc                            = xyz
   periodic-molecules             = false
   verlet-buffer-tolerance        = 0.005
   rlist                          = 1.4
   coulombtype                    = PME
   coulomb-modifier               = Potential-shift
   rcoulomb-switch                = 0
   rcoulomb                       = 1.4
   epsilon-r                      = 1
   epsilon-rf                     = inf
   vdw-type                       = Cut-off
   vdw-modifier                   = Potential-shift
   rvdw-switch                    = 0
   rvdw                           = 1.4
   DispCorr                       = EnerPres
   table-extension                = 1
   fourierspacing                 = 0.12
   fourier-nx                     = 40
   fourier-ny                     = 40
   fourier-nz                     = 160
   pme-order                      = 4
   ewald-rtol                     = 1e-05
   ewald-rtol-lj                  = 0.001
   lj-pme-comb-rule               = Geometric
   ewald-geometry                 = 0
   epsilon-surface                = 0
   tcoupl                         = V-rescale
   nsttcouple                     = 10
   nh-chain-length                = 0
   print-nose-hoover-chain-variables = false
   pcoupl                         = Parrinello-Rahman
   pcoupltype                     = Semiisotropic
   nstpcouple                     = 10
   tau-p                          = 2
   compressibility (3x3):
      compressibility[    0]={ 4.50000e-05,  0.00000e+00,  0.00000e+00}
      compressibility[    1]={ 0.00000e+00,  4.50000e-05,  0.00000e+00}
      compressibility[    2]={ 0.00000e+00,  0.00000e+00,  4.50000e-05}
   ref-p (3x3):
      ref-p[    0]={ 1.00000e+00,  0.00000e+00,  0.00000e+00}
      ref-p[    1]={ 0.00000e+00,  1.00000e+00,  0.00000e+00}
      ref-p[    2]={ 0.00000e+00,  0.00000e+00,  1.00000e+00}
   refcoord-scaling               = No
   posres-com (3):
      posres-com[0]= 0.00000e+00
      posres-com[1]= 0.00000e+00
      posres-com[2]= 0.00000e+00
   posres-comB (3):
      posres-comB[0]= 0.00000e+00
      posres-comB[1]= 0.00000e+00
      posres-comB[2]= 0.00000e+00
   QMMM                           = false
qm-opts:
   ngQM                           = 0
   constraint-algorithm           = Lincs
   continuation                   = false
   Shake-SOR                      = false
   shake-tol                      = 0.0001
   lincs-order                    = 4
   lincs-iter                     = 1
   lincs-warnangle                = 30
   nwall                          = 0
   wall-type                      = 9-3
   wall-r-linpot                  = -1
   wall-atomtype[0]               = -1
   wall-atomtype[1]               = -1
   wall-density[0]                = 0
   wall-density[1]                = 0
   wall-ewald-zfac                = 3
   pull                           = false
   awh                            = false
   rotation                       = false
   interactiveMD                  = false
   disre                          = No
   disre-weighting                = Conservative
   disre-mixed                    = false
   dr-fc                          = 1000
   dr-tau                         = 0
   nstdisreout                    = 100
   orire-fc                       = 0
   orire-tau                      = 0
   nstorireout                    = 100
   free-energy                    = no
   cos-acceleration               = 0
   deform (3x3):
      deform[    0]={ 0.00000e+00,  0.00000e+00,  0.00000e+00}
      deform[    1]={ 0.00000e+00,  0.00000e+00,  0.00000e+00}
      deform[    2]={ 0.00000e+00,  0.00000e+00,  0.00000e+00}
   simulated-tempering            = false
   swapcoords                     = no
   userint1                       = 0
   userint2                       = 0
   userint3                       = 0
   userint4                       = 0
   userreal1                      = 0
   userreal2                      = 0
   userreal3                      = 0
   userreal4                      = 0
   applied-forces:
     electric-field:
       x:
         E0                       = 0
         omega                    = 0
         t0                       = 0
         sigma                    = 0
       y:
         E0                       = 0
         omega                    = 0
         t0                       = 0
         sigma                    = 0
       z:
         E0                       = 0
         omega                    = 0
         t0                       = 0
         sigma                    = 0
     density-guided-simulation:
       active                     = false
       group                      = protein
       similarity-measure         = inner-product
       atom-spreading-weight      = unity
       force-constant             = 1e+09
       gaussian-transform-spreading-width = 0.2
       gaussian-transform-spreading-range-in-multiples-of-width = 4
       reference-density-filename = reference.mrc
       nst                        = 1
       normalize-densities        = true
       adaptive-force-scaling     = false
       adaptive-force-scaling-time-constant = 4
       shift-vector               = 
       transformation-matrix      = 
grpopts:
   nrdf:       78083
   ref-t:         298
   tau-t:         0.1
annealing:          No
annealing-npoints:           0
   acc:	           0           0           0
   nfreeze:           N           N           N
   energygrp-flags[  0]: 0

Changing nstlist from 10 to 100, rlist from 1.4 to 1.514

1 GPU selected for this run.
Mapping of GPU IDs to the 2 GPU tasks in the 1 rank on this node:
  PP:0,PME:0
PP tasks will do (non-perturbed) short-ranged interactions on the GPU
PP task will update and constrain coordinates on the GPU
PME tasks will do all aspects on the GPU
Using 1 MPI thread

Non-default thread affinity set, disabling internal thread affinity

Using 10 OpenMP threads 

System total charge: 0.000
Will do PME sum in reciprocal space for electrostatic interactions.

++++ PLEASE READ AND CITE THE FOLLOWING REFERENCE ++++
U. Essmann, L. Perera, M. L. Berkowitz, T. Darden, H. Lee and L. G. Pedersen 
A smooth particle mesh Ewald method
J. Chem. Phys. 103 (1995) pp. 8577-8592
-------- -------- --- Thank You --- -------- --------

Using a Gaussian width (1/beta) of 0.448228 nm for Ewald
Potential shift: LJ r^-12: -1.764e-02 r^-6: -1.328e-01, Ewald -7.143e-06
Initialized non-bonded Ewald tables, spacing: 1.10e-03 size: 1270

Generated table with 1257 data points for 1-4 COUL.
Tabscale = 500 points/nm
Generated table with 1257 data points for 1-4 LJ6.
Tabscale = 500 points/nm
Generated table with 1257 data points for 1-4 LJ12.
Tabscale = 500 points/nm
Long Range LJ corr.: <C6> 3.5914e-04


Using GPU 8x8 nonbonded short-range kernels

Using a dual 8x8 pair-list setup updated with dynamic, rolling pruning:
  outer list: updated every 100 steps, buffer 0.114 nm, rlist 1.514 nm
  inner list: updated every  16 steps, buffer 0.004 nm, rlist 1.404 nm
At tolerance 0.005 kJ/mol/ps per atom, equivalent classical 1x1 list would be:
  outer list: updated every 100 steps, buffer 0.273 nm, rlist 1.673 nm
  inner list: updated every  16 steps, buffer 0.069 nm, rlist 1.469 nm

Using Lorentz-Berthelot Lennard-Jones combination rule
Removing pbc first time

Initializing LINear Constraint Solver

++++ PLEASE READ AND CITE THE FOLLOWING REFERENCE ++++
B. Hess and H. Bekker and H. J. C. Berendsen and J. G. E. M. Fraaije
LINCS: A Linear Constraint Solver for molecular simulations
J. Comp. Chem. 18 (1997) pp. 1463-1472
-------- -------- --- Thank You --- -------- --------

The number of constraints is 5296

++++ PLEASE READ AND CITE THE FOLLOWING REFERENCE ++++
S. Miyamoto and P. A. Kollman
SETTLE: An Analytical Version of the SHAKE and RATTLE Algorithms for Rigid
Water Models
J. Comp. Chem. 13 (1992) pp. 952-962
-------- -------- --- Thank You --- -------- --------


++++ PLEASE READ AND CITE THE FOLLOWING REFERENCE ++++
G. Bussi, D. Donadio and M. Parrinello
Canonical sampling through velocity rescaling
J. Chem. Phys. 126 (2007) pp. 014101
-------- -------- --- Thank You --- -------- --------

There are: 37169 Atoms

Updating coordinates and applying constraints on the GPU.

Constraining the starting coordinates (step 0)

Constraining the coordinates at t0-dt (step 0)
Center of mass motion removal mode is Linear
We have the following groups for center of mass motion removal:
  0:  rest
RMS relative constraint deviation after constraining: 4.04e-06
Initial temperature: 299.56 K

Started mdrun on rank 0 Mon Jun 30 11:31:41 2025

           Step           Time
              0        0.00000

   Energies (kJ/mol)
           Bond            U-B    Proper Dih.  Improper Dih.          LJ-14
    3.30429e+03    1.68715e+04    6.34965e+03    5.74491e+02    1.08528e+03
     Coulomb-14        LJ (SR)  Disper. corr.   Coulomb (SR)   Coul. recip.
   -1.99691e+04    2.59686e+04   -2.03562e+03   -4.56603e+05    1.27488e+03
      Potential    Kinetic En.   Total Energy  Conserved En.    Temperature
   -4.23179e+05    9.99351e+04   -3.23243e+05   -3.23221e+05    3.07863e+02
 Pres. DC (bar) Pressure (bar)   Constr. rmsd
   -9.09266e+01    1.10710e+02    4.03774e-06

step 8300: timed with pme grid 40 40 160, coulomb cutoff 1.400: 145.5 M-cycles
step 8500: timed with pme grid 32 32 128, coulomb cutoff 1.652: 192.4 M-cycles
step 8700: timed with pme grid 36 36 144, coulomb cutoff 1.468: 163.9 M-cycles
step 8900: timed with pme grid 40 40 160, coulomb cutoff 1.400: 149.9 M-cycles
              optimal pme grid 40 40 160, coulomb cutoff 1.400
           Step           Time
          50000      100.00000

   Energies (kJ/mol)
           Bond            U-B    Proper Dih.  Improper Dih.          LJ-14
    3.28798e+03    1.65814e+04    6.48271e+03    5.32024e+02    1.03879e+03
     Coulomb-14        LJ (SR)  Disper. corr.   Coulomb (SR)   Coul. recip.
   -2.01156e+04    2.63012e+04   -2.04173e+03   -4.56779e+05    1.24972e+03
      Potential    Kinetic En.   Total Energy  Conserved En.    Temperature
   -4.23462e+05    9.74450e+04   -3.26018e+05   -3.22074e+05    3.00192e+02
 Pres. DC (bar) Pressure (bar)   Constr. rmsd
   -9.14734e+01    1.56586e+02    4.03774e-06

Writing checkpoint, step 99100 at Mon Jun 30 11:32:41 2025


           Step           Time
         100000      200.00000

   Energies (kJ/mol)
           Bond            U-B    Proper Dih.  Improper Dih.          LJ-14
    3.32482e+03    1.63781e+04    6.33395e+03    5.46621e+02    1.13887e+03
     Coulomb-14        LJ (SR)  Disper. corr.   Coulomb (SR)   Coul. recip.
   -1.98637e+04    2.42477e+04   -2.03291e+03   -4.54961e+05    1.32388e+03
      Potential    Kinetic En.   Total Energy  Conserved En.    Temperature
   -4.23564e+05    9.72477e+04   -3.26316e+05   -3.20946e+05    2.99584e+02
 Pres. DC (bar) Pressure (bar)   Constr. rmsd
   -9.06852e+01   -1.84885e+02    4.03774e-06

           Step           Time
         150000      300.00000

   Energies (kJ/mol)
           Bond            U-B    Proper Dih.  Improper Dih.          LJ-14
    3.37989e+03    1.69936e+04    6.54478e+03    5.80161e+02    1.08855e+03
     Coulomb-14        LJ (SR)  Disper. corr.   Coulomb (SR)   Coul. recip.
   -2.01299e+04    2.65357e+04   -2.03225e+03   -4.56957e+05    1.28135e+03
      Potential    Kinetic En.   Total Energy  Conserved En.    Temperature
   -4.22715e+05    9.66539e+04   -3.26061e+05   -3.19749e+05    2.97755e+02
 Pres. DC (bar) Pressure (bar)   Constr. rmsd
   -9.06264e+01   -1.19920e+02    4.03774e-06

           Step           Time
         200000      400.00000

   Energies (kJ/mol)
           Bond            U-B    Proper Dih.  Improper Dih.          LJ-14
    3.29861e+03    1.64162e+04    6.42729e+03    4.94376e+02    1.11017e+03
     Coulomb-14        LJ (SR)  Disper. corr.   Coulomb (SR)   Coul. recip.
   -2.00285e+04    2.54428e+04   -2.04048e+03   -4.56015e+05    1.23583e+03
      Potential    Kinetic En.   Total Energy  Conserved En.    Temperature
   -4.23658e+05    9.64758e+04   -3.27182e+05   -3.18646e+05    2.97206e+02
 Pres. DC (bar) Pressure (bar)   Constr. rmsd
   -9.13617e+01    1.37768e+00    4.03774e-06

Writing checkpoint, step 203900 at Mon Jun 30 11:33:41 2025


           Step           Time
         250000      500.00000

   Energies (kJ/mol)
           Bond            U-B    Proper Dih.  Improper Dih.          LJ-14
    3.41543e+03    1.69161e+04    6.26167e+03    5.91363e+02    1.05993e+03
     Coulomb-14        LJ (SR)  Disper. corr.   Coulomb (SR)   Coul. recip.
   -1.99647e+04    2.67215e+04   -2.03219e+03   -4.57784e+05    1.29291e+03
      Potential    Kinetic En.   Total Energy  Conserved En.    Temperature
   -4.23522e+05    9.72168e+04   -3.26306e+05   -3.17430e+05    2.99489e+02
 Pres. DC (bar) Pressure (bar)   Constr. rmsd
   -9.06206e+01    7.54012e+01    4.03774e-06

           Step           Time
         300000      600.00000

   Energies (kJ/mol)
           Bond            U-B    Proper Dih.  Improper Dih.          LJ-14
    3.35704e+03    1.66502e+04    6.39211e+03    5.63593e+02    1.08071e+03
     Coulomb-14        LJ (SR)  Disper. corr.   Coulomb (SR)   Coul. recip.
   -1.99509e+04    2.50681e+04   -2.03063e+03   -4.55768e+05    1.31605e+03
      Potential    Kinetic En.   Total Energy  Conserved En.    Temperature
   -4.23322e+05    9.67732e+04   -3.26549e+05   -3.16241e+05    2.98122e+02
 Pres. DC (bar) Pressure (bar)   Constr. rmsd
   -9.04819e+01   -1.37342e+02    4.03774e-06

Writing checkpoint, step 307600 at Mon Jun 30 11:34:41 2025


           Step           Time
         350000      700.00000

   Energies (kJ/mol)
           Bond            U-B    Proper Dih.  Improper Dih.          LJ-14
    3.31806e+03    1.70260e+04    6.15474e+03    5.81401e+02    1.14338e+03
     Coulomb-14        LJ (SR)  Disper. corr.   Coulomb (SR)   Coul. recip.
   -1.98441e+04    2.42799e+04   -2.04273e+03   -4.56762e+05    1.24729e+03
      Potential    Kinetic En.   Total Energy  Conserved En.    Temperature
   -4.24898e+05    9.66265e+04   -3.28272e+05   -3.15026e+05    2.97670e+02
 Pres. DC (bar) Pressure (bar)   Constr. rmsd
   -9.15629e+01   -2.44533e+02    4.03774e-06

           Step           Time
         400000      800.00000

   Energies (kJ/mol)
           Bond            U-B    Proper Dih.  Improper Dih.          LJ-14
    3.33739e+03    1.69535e+04    6.30461e+03    5.64906e+02    1.03363e+03
     Coulomb-14        LJ (SR)  Disper. corr.   Coulomb (SR)   Coul. recip.
   -1.99199e+04    2.53268e+04   -2.03353e+03   -4.56518e+05    1.25293e+03
      Potential    Kinetic En.   Total Energy  Conserved En.    Temperature
   -4.23698e+05    9.70337e+04   -3.26664e+05   -3.13831e+05    2.98925e+02
 Pres. DC (bar) Pressure (bar)   Constr. rmsd
   -9.07406e+01   -3.03595e+02    4.03774e-06

Writing checkpoint, step 412100 at Mon Jun 30 11:35:41 2025


           Step           Time
         450000      900.00000

   Energies (kJ/mol)
           Bond            U-B    Proper Dih.  Improper Dih.          LJ-14
    3.40065e+03    1.66821e+04    6.39142e+03    5.34526e+02    1.12415e+03
     Coulomb-14        LJ (SR)  Disper. corr.   Coulomb (SR)   Coul. recip.
   -2.06894e+04    2.53197e+04   -2.03247e+03   -4.55134e+05    1.36875e+03
      Potential    Kinetic En.   Total Energy  Conserved En.    Temperature
   -4.23035e+05    9.63681e+04   -3.26667e+05   -3.12620e+05    2.96874e+02
 Pres. DC (bar) Pressure (bar)   Constr. rmsd
   -9.06455e+01   -2.24195e+01    4.03774e-06

           Step           Time
         500000     1000.00000

   Energies (kJ/mol)
           Bond            U-B    Proper Dih.  Improper Dih.          LJ-14
    3.22092e+03    1.68500e+04    6.48719e+03    5.64695e+02    1.10603e+03
     Coulomb-14        LJ (SR)  Disper. corr.   Coulomb (SR)   Coul. recip.
   -1.99118e+04    2.52998e+04   -2.04092e+03   -4.56671e+05    1.22156e+03
      Potential    Kinetic En.   Total Energy  Conserved En.    Temperature
   -4.23874e+05    9.62594e+04   -3.27615e+05   -3.11396e+05    2.96539e+02
 Pres. DC (bar) Pressure (bar)   Constr. rmsd
   -9.14011e+01    2.81783e+02    4.03774e-06

Writing checkpoint, step 516000 at Mon Jun 30 11:36:41 2025


           Step           Time
         550000     1100.00000

   Energies (kJ/mol)
           Bond            U-B    Proper Dih.  Improper Dih.          LJ-14
    3.28918e+03    1.66464e+04    6.26191e+03    5.92939e+02    1.12844e+03
     Coulomb-14        LJ (SR)  Disper. corr.   Coulomb (SR)   Coul. recip.
   -2.01850e+04    2.50917e+04   -2.03146e+03   -4.54389e+05    1.20438e+03
      Potential    Kinetic En.   Total Energy  Conserved En.    Temperature
   -4.22390e+05    9.63618e+04   -3.26028e+05   -3.10197e+05    2.96855e+02
 Pres. DC (bar) Pressure (bar)   Constr. rmsd
   -9.05562e+01   -2.03087e+02    4.03774e-06

           Step           Time
         600000     1200.00000

   Energies (kJ/mol)
           Bond            U-B    Proper Dih.  Improper Dih.          LJ-14
    3.31884e+03    1.68231e+04    6.41976e+03    5.14468e+02    1.13002e+03
     Coulomb-14        LJ (SR)  Disper. corr.   Coulomb (SR)   Coul. recip.
   -2.02558e+04    2.51553e+04   -2.02906e+03   -4.56534e+05    1.19862e+03
      Potential    Kinetic En.   Total Energy  Conserved En.    Temperature
   -4.24259e+05    9.63423e+04   -3.27916e+05   -3.09041e+05    2.96795e+02
 Pres. DC (bar) Pressure (bar)   Constr. rmsd
   -9.03417e+01   -2.14271e+02    4.03774e-06

Writing checkpoint, step 619200 at Mon Jun 30 11:37:41 2025


           Step           Time
         650000     1300.00000

   Energies (kJ/mol)
           Bond            U-B    Proper Dih.  Improper Dih.          LJ-14
    3.44589e+03    1.72885e+04    6.49378e+03    5.38035e+02    1.13715e+03
     Coulomb-14        LJ (SR)  Disper. corr.   Coulomb (SR)   Coul. recip.
   -2.00365e+04    2.59871e+04   -2.03408e+03   -4.57213e+05    1.26569e+03
      Potential    Kinetic En.   Total Energy  Conserved En.    Temperature
   -4.23127e+05    9.65967e+04   -3.26530e+05   -3.07825e+05    2.97579e+02
 Pres. DC (bar) Pressure (bar)   Constr. rmsd
   -9.07894e+01    9.25527e-01    4.03774e-06

           Step           Time
         700000     1400.00000

   Energies (kJ/mol)
           Bond            U-B    Proper Dih.  Improper Dih.          LJ-14
    3.27920e+03    1.73336e+04    6.48365e+03    5.46871e+02    1.07966e+03
     Coulomb-14        LJ (SR)  Disper. corr.   Coulomb (SR)   Coul. recip.
   -2.03658e+04    2.51969e+04   -2.03248e+03   -4.56425e+05    1.23704e+03
      Potential    Kinetic En.   Total Energy  Conserved En.    Temperature
   -4.23667e+05    9.73257e+04   -3.26341e+05   -3.06677e+05    2.99824e+02
 Pres. DC (bar) Pressure (bar)   Constr. rmsd
   -9.06463e+01   -6.88008e+01    4.03774e-06

Writing checkpoint, step 722000 at Mon Jun 30 11:38:41 2025


           Step           Time
         750000     1500.00000

   Energies (kJ/mol)
           Bond            U-B    Proper Dih.  Improper Dih.          LJ-14
    3.39836e+03    1.65732e+04    6.37313e+03    5.80128e+02    1.07194e+03
     Coulomb-14        LJ (SR)  Disper. corr.   Coulomb (SR)   Coul. recip.
   -2.01578e+04    2.61698e+04   -2.03467e+03   -4.56739e+05    1.27529e+03
      Potential    Kinetic En.   Total Energy  Conserved En.    Temperature
   -4.23489e+05    9.73071e+04   -3.26182e+05   -3.05546e+05    2.99767e+02
 Pres. DC (bar) Pressure (bar)   Constr. rmsd
   -9.08420e+01    1.83530e+02    4.03774e-06

           Step           Time
         800000     1600.00000

   Energies (kJ/mol)
           Bond            U-B    Proper Dih.  Improper Dih.          LJ-14
    3.36276e+03    1.68032e+04    6.44452e+03    6.36097e+02    1.12857e+03
     Coulomb-14        LJ (SR)  Disper. corr.   Coulomb (SR)   Coul. recip.
   -2.05953e+04    2.61593e+04   -2.03740e+03   -4.56654e+05    1.26239e+03
      Potential    Kinetic En.   Total Energy  Conserved En.    Temperature
   -4.23490e+05    9.63720e+04   -3.27118e+05   -3.04354e+05    2.96886e+02
 Pres. DC (bar) Pressure (bar)   Constr. rmsd
   -9.10860e+01    2.67329e+02    4.03774e-06

Writing checkpoint, step 825600 at Mon Jun 30 11:39:41 2025


           Step           Time
         850000     1700.00000

   Energies (kJ/mol)
           Bond            U-B    Proper Dih.  Improper Dih.          LJ-14
    3.28556e+03    1.66764e+04    6.42972e+03    5.85733e+02    1.12895e+03
     Coulomb-14        LJ (SR)  Disper. corr.   Coulomb (SR)   Coul. recip.
   -2.01261e+04    2.58755e+04   -2.04167e+03   -4.58246e+05    1.24999e+03
      Potential    Kinetic En.   Total Energy  Conserved En.    Temperature
   -4.25182e+05    9.74103e+04   -3.27772e+05   -3.03124e+05    3.00085e+02
 Pres. DC (bar) Pressure (bar)   Constr. rmsd
   -9.14678e+01    1.94980e+02    4.03774e-06

           Step           Time
         900000     1800.00000

   Energies (kJ/mol)
           Bond            U-B    Proper Dih.  Improper Dih.          LJ-14
    3.31404e+03    1.63308e+04    6.41765e+03    4.56807e+02    1.09774e+03
     Coulomb-14        LJ (SR)  Disper. corr.   Coulomb (SR)   Coul. recip.
   -1.99585e+04    2.63274e+04   -2.03306e+03   -4.57014e+05    1.27231e+03
      Potential    Kinetic En.   Total Energy  Conserved En.    Temperature
   -4.23788e+05    9.64384e+04   -3.27350e+05   -3.02025e+05    2.97091e+02
 Pres. DC (bar) Pressure (bar)   Constr. rmsd
   -9.06982e+01   -2.56447e+01    4.03774e-06

Writing checkpoint, step 929000 at Mon Jun 30 11:40:41 2025


           Step           Time
         950000     1900.00000

   Energies (kJ/mol)
           Bond            U-B    Proper Dih.  Improper Dih.          LJ-14
    3.25027e+03    1.65942e+04    6.39329e+03    5.29242e+02    1.05540e+03
     Coulomb-14        LJ (SR)  Disper. corr.   Coulomb (SR)   Coul. recip.
   -2.06047e+04    2.55087e+04   -2.03015e+03   -4.55101e+05    1.28853e+03
      Potential    Kinetic En.   Total Energy  Conserved En.    Temperature
   -4.23116e+05    9.62029e+04   -3.26913e+05   -3.00853e+05    2.96365e+02
 Pres. DC (bar) Pressure (bar)   Constr. rmsd
   -9.04387e+01   -5.20494e+01    4.03774e-06

           Step           Time
        1000000     2000.00000

   Energies (kJ/mol)
           Bond            U-B    Proper Dih.  Improper Dih.          LJ-14
    3.42976e+03    1.67736e+04    6.33722e+03    6.06973e+02    1.17053e+03
     Coulomb-14        LJ (SR)  Disper. corr.   Coulomb (SR)   Coul. recip.
   -1.97483e+04    2.60002e+04   -2.04318e+03   -4.57644e+05    1.26087e+03
      Potential    Kinetic En.   Total Energy  Conserved En.    Temperature
   -4.23857e+05    9.66639e+04   -3.27193e+05   -2.99647e+05    2.97786e+02
 Pres. DC (bar) Pressure (bar)   Constr. rmsd
   -9.16033e+01    2.27343e+02    4.03774e-06

Writing checkpoint, step 1033600 at Mon Jun 30 11:41:41 2025


           Step           Time
        1050000     2100.00000

   Energies (kJ/mol)
           Bond            U-B    Proper Dih.  Improper Dih.          LJ-14
    3.28683e+03    1.68506e+04    6.51586e+03    5.71060e+02    1.10009e+03
     Coulomb-14        LJ (SR)  Disper. corr.   Coulomb (SR)   Coul. recip.
   -1.98476e+04    2.44886e+04   -2.03530e+03   -4.54765e+05    1.27803e+03
      Potential    Kinetic En.   Total Energy  Conserved En.    Temperature
   -4.22557e+05    9.72971e+04   -3.25260e+05   -2.98523e+05    2.99736e+02
 Pres. DC (bar) Pressure (bar)   Constr. rmsd
   -9.08986e+01    4.24995e+01    4.03774e-06

           Step           Time
        1100000     2200.00000

   Energies (kJ/mol)
           Bond            U-B    Proper Dih.  Improper Dih.          LJ-14
    3.50060e+03    1.68359e+04    6.51766e+03    5.65405e+02    1.11709e+03
     Coulomb-14        LJ (SR)  Disper. corr.   Coulomb (SR)   Coul. recip.
   -2.02586e+04    2.49183e+04   -2.03349e+03   -4.55001e+05    1.24775e+03
      Potential    Kinetic En.   Total Energy  Conserved En.    Temperature
   -4.22591e+05    9.64071e+04   -3.26183e+05   -2.97362e+05    2.96995e+02
 Pres. DC (bar) Pressure (bar)   Constr. rmsd
   -9.07370e+01   -2.74718e+02    4.03774e-06

Writing checkpoint, step 1138100 at Mon Jun 30 11:42:41 2025


           Step           Time
        1150000     2300.00000

   Energies (kJ/mol)
           Bond            U-B    Proper Dih.  Improper Dih.          LJ-14
    3.48096e+03    1.70772e+04    6.28998e+03    6.05285e+02    1.04604e+03
     Coulomb-14        LJ (SR)  Disper. corr.   Coulomb (SR)   Coul. recip.
   -2.00843e+04    2.59252e+04   -2.02635e+03   -4.55375e+05    1.26092e+03
      Potential    Kinetic En.   Total Energy  Conserved En.    Temperature
   -4.21800e+05    9.76118e+04   -3.24188e+05   -2.96256e+05    3.00706e+02
 Pres. DC (bar) Pressure (bar)   Constr. rmsd
   -9.01008e+01   -8.09745e+01    4.03774e-06

           Step           Time
        1200000     2400.00000

   Energies (kJ/mol)
           Bond            U-B    Proper Dih.  Improper Dih.          LJ-14
    3.51989e+03    1.68609e+04    6.35404e+03    5.39113e+02    1.10153e+03
     Coulomb-14        LJ (SR)  Disper. corr.   Coulomb (SR)   Coul. recip.
   -2.01105e+04    2.64823e+04   -2.03790e+03   -4.57427e+05    1.26075e+03
      Potential    Kinetic En.   Total Energy  Conserved En.    Temperature
   -4.23456e+05    9.71560e+04   -3.26300e+05   -2.95053e+05    2.99301e+02
 Pres. DC (bar) Pressure (bar)   Constr. rmsd
   -9.11303e+01    8.94396e+01    4.03774e-06

Writing checkpoint, step 1241900 at Mon Jun 30 11:43:41 2025


           Step           Time
        1250000     2500.00000

   Energies (kJ/mol)
           Bond            U-B    Proper Dih.  Improper Dih.          LJ-14
    3.26301e+03    1.66784e+04    6.31029e+03    5.51615e+02    1.10871e+03
     Coulomb-14        LJ (SR)  Disper. corr.   Coulomb (SR)   Coul. recip.
   -1.98346e+04    2.50021e+04   -2.03175e+03   -4.55440e+05    1.30971e+03
      Potential    Kinetic En.   Total Energy  Conserved En.    Temperature
   -4.23083e+05    9.67576e+04   -3.26325e+05   -2.93975e+05    2.98074e+02
 Pres. DC (bar) Pressure (bar)   Constr. rmsd
   -9.05814e+01   -1.60829e+02    4.03774e-06

           Step           Time
        1300000     2600.00000

   Energies (kJ/mol)
           Bond            U-B    Proper Dih.  Improper Dih.          LJ-14
    3.49476e+03    1.70785e+04    6.28457e+03    6.17768e+02    1.11697e+03
     Coulomb-14        LJ (SR)  Disper. corr.   Coulomb (SR)   Coul. recip.
   -2.02687e+04    2.61380e+04   -2.03756e+03   -4.55823e+05    1.22973e+03
      Potential    Kinetic En.   Total Energy  Conserved En.    Temperature
   -4.22169e+05    9.66981e+04   -3.25471e+05   -2.92816e+05    2.97891e+02
 Pres. DC (bar) Pressure (bar)   Constr. rmsd
   -9.11006e+01    2.06527e+02    4.03774e-06

Writing checkpoint, step 1345400 at Mon Jun 30 11:44:41 2025


           Step           Time
        1350000     2700.00000

   Energies (kJ/mol)
           Bond            U-B    Proper Dih.  Improper Dih.          LJ-14
    3.44171e+03    1.65300e+04    6.33538e+03    6.32402e+02    1.06424e+03
     Coulomb-14        LJ (SR)  Disper. corr.   Coulomb (SR)   Coul. recip.
   -2.03515e+04    2.56417e+04   -2.04067e+03   -4.57091e+05    1.28133e+03
      Potential    Kinetic En.   Total Energy  Conserved En.    Temperature
   -4.24556e+05    9.60881e+04   -3.28468e+05   -2.91639e+05    2.96012e+02
 Pres. DC (bar) Pressure (bar)   Constr. rmsd
   -9.13781e+01   -1.32261e+00    4.03774e-06

           Step           Time
        1400000     2800.00000

   Energies (kJ/mol)
           Bond            U-B    Proper Dih.  Improper Dih.          LJ-14
    3.24947e+03    1.65450e+04    6.31559e+03    5.47385e+02    1.07134e+03
     Coulomb-14        LJ (SR)  Disper. corr.   Coulomb (SR)   Coul. recip.
   -2.01075e+04    2.50257e+04   -2.02513e+03   -4.54858e+05    1.25244e+03
      Potential    Kinetic En.   Total Energy  Conserved En.    Temperature
   -4.22983e+05    9.72806e+04   -3.25703e+05   -2.90484e+05    2.99685e+02
 Pres. DC (bar) Pressure (bar)   Constr. rmsd
   -8.99930e+01   -2.51606e+02    4.03774e-06

Writing checkpoint, step 1448800 at Mon Jun 30 11:45:41 2025


           Step           Time
        1450000     2900.00000

   Energies (kJ/mol)
           Bond            U-B    Proper Dih.  Improper Dih.          LJ-14
    3.24887e+03    1.71563e+04    6.54294e+03    5.59818e+02    1.19253e+03
     Coulomb-14        LJ (SR)  Disper. corr.   Coulomb (SR)   Coul. recip.
   -2.09964e+04    2.58886e+04   -2.03640e+03   -4.56254e+05    1.24506e+03
      Potential    Kinetic En.   Total Energy  Conserved En.    Temperature
   -4.23452e+05    9.72667e+04   -3.26186e+05   -2.89248e+05    2.99642e+02
 Pres. DC (bar) Pressure (bar)   Constr. rmsd
   -9.09963e+01    2.67864e+02    4.03774e-06

           Step           Time
        1500000     3000.00000

   Energies (kJ/mol)
           Bond            U-B    Proper Dih.  Improper Dih.          LJ-14
    3.36497e+03    1.68925e+04    6.30781e+03    5.46255e+02    1.12140e+03
     Coulomb-14        LJ (SR)  Disper. corr.   Coulomb (SR)   Coul. recip.
   -2.00501e+04    2.61794e+04   -2.04487e+03   -4.57126e+05    1.30533e+03
      Potential    Kinetic En.   Total Energy  Conserved En.    Temperature
   -4.23503e+05    9.65180e+04   -3.26985e+05   -2.88046e+05    2.97336e+02
 Pres. DC (bar) Pressure (bar)   Constr. rmsd
   -9.17551e+01    2.45569e+02    4.03774e-06

           Step           Time
        1550000     3100.00000

   Energies (kJ/mol)
           Bond            U-B    Proper Dih.  Improper Dih.          LJ-14
    3.37665e+03    1.68962e+04    6.30732e+03    6.10865e+02    1.09062e+03
     Coulomb-14        LJ (SR)  Disper. corr.   Coulomb (SR)   Coul. recip.
   -2.00667e+04    2.58098e+04   -2.04875e+03   -4.56370e+05    1.23078e+03
      Potential    Kinetic En.   Total Energy  Conserved En.    Temperature
   -4.23164e+05    9.79514e+04   -3.25212e+05   -2.86899e+05    3.01752e+02
 Pres. DC (bar) Pressure (bar)   Constr. rmsd
   -9.21032e+01    3.47104e+02    4.03774e-06

Writing checkpoint, step 1552100 at Mon Jun 30 11:46:41 2025


           Step           Time
        1600000     3200.00000

   Energies (kJ/mol)
           Bond            U-B    Proper Dih.  Improper Dih.          LJ-14
    3.27580e+03    1.68075e+04    6.36888e+03    5.30705e+02    1.00204e+03
     Coulomb-14        LJ (SR)  Disper. corr.   Coulomb (SR)   Coul. recip.
   -1.97291e+04    2.51572e+04   -2.03228e+03   -4.56077e+05    1.24170e+03
      Potential    Kinetic En.   Total Energy  Conserved En.    Temperature
   -4.23454e+05    9.68401e+04   -3.26614e+05   -2.85664e+05    2.98328e+02
 Pres. DC (bar) Pressure (bar)   Constr. rmsd
   -9.06289e+01   -2.57597e+02    4.03774e-06

           Step           Time
        1650000     3300.00000

   Energies (kJ/mol)
           Bond            U-B    Proper Dih.  Improper Dih.          LJ-14
    3.33006e+03    1.67994e+04    6.50415e+03    5.48126e+02    1.05635e+03
     Coulomb-14        LJ (SR)  Disper. corr.   Coulomb (SR)   Coul. recip.
   -1.99993e+04    2.55666e+04   -2.03832e+03   -4.56519e+05    1.24642e+03
      Potential    Kinetic En.   Total Energy  Conserved En.    Temperature
   -4.23506e+05    9.64736e+04   -3.27032e+05   -2.84513e+05    2.97199e+02
 Pres. DC (bar) Pressure (bar)   Constr. rmsd
   -9.11681e+01    3.02009e+00    4.03774e-06

Writing checkpoint, step 1656300 at Mon Jun 30 11:47:41 2025


           Step           Time
        1700000     3400.00000

   Energies (kJ/mol)
           Bond            U-B    Proper Dih.  Improper Dih.          LJ-14
    3.26479e+03    1.72426e+04    6.38875e+03    5.29921e+02    1.09060e+03
     Coulomb-14        LJ (SR)  Disper. corr.   Coulomb (SR)   Coul. recip.
   -2.02898e+04    2.57146e+04   -2.03126e+03   -4.56750e+05    1.25290e+03
      Potential    Kinetic En.   Total Energy  Conserved En.    Temperature
   -4.23587e+05    9.70855e+04   -3.26502e+05   -2.83152e+05    2.99084e+02
 Pres. DC (bar) Pressure (bar)   Constr. rmsd
   -9.05378e+01   -5.14692e+01    4.03774e-06

           Step           Time
        1750000     3500.00000

   Energies (kJ/mol)
           Bond            U-B    Proper Dih.  Improper Dih.          LJ-14
    3.14494e+03    1.64254e+04    6.16569e+03    5.54318e+02    1.12938e+03
     Coulomb-14        LJ (SR)  Disper. corr.   Coulomb (SR)   Coul. recip.
   -1.92620e+04    2.56827e+04   -2.03234e+03   -4.57440e+05    1.22049e+03
      Potential    Kinetic En.   Total Energy  Conserved En.    Temperature
   -4.24411e+05    9.64294e+04   -3.27982e+05   -2.81995e+05    2.97063e+02
 Pres. DC (bar) Pressure (bar)   Constr. rmsd
   -9.06341e+01    1.45356e+02    4.03774e-06

Writing checkpoint, step 1761500 at Mon Jun 30 11:48:41 2025


           Step           Time
        1800000     3600.00000

   Energies (kJ/mol)
           Bond            U-B    Proper Dih.  Improper Dih.          LJ-14
    3.45617e+03    1.68277e+04    6.33217e+03    5.19482e+02    1.04239e+03
     Coulomb-14        LJ (SR)  Disper. corr.   Coulomb (SR)   Coul. recip.
   -1.96713e+04    2.54983e+04   -2.03462e+03   -4.56864e+05    1.31871e+03
      Potential    Kinetic En.   Total Energy  Conserved En.    Temperature
   -4.23575e+05    9.69914e+04   -3.26583e+05   -2.80795e+05    2.98794e+02
 Pres. DC (bar) Pressure (bar)   Constr. rmsd
   -9.08373e+01   -1.38795e+02    4.03774e-06

           Step           Time
        1850000     3700.00000

   Energies (kJ/mol)
           Bond            U-B    Proper Dih.  Improper Dih.          LJ-14
    3.18723e+03    1.64685e+04    6.41519e+03    5.92521e+02    1.12875e+03
     Coulomb-14        LJ (SR)  Disper. corr.   Coulomb (SR)   Coul. recip.
   -1.99358e+04    2.51686e+04   -2.04026e+03   -4.55974e+05    1.24653e+03
      Potential    Kinetic En.   Total Energy  Conserved En.    Temperature
   -4.23743e+05    9.75852e+04   -3.26158e+05   -2.79576e+05    3.00624e+02
 Pres. DC (bar) Pressure (bar)   Constr. rmsd
   -9.13419e+01    5.12871e+01    4.03774e-06

Writing checkpoint, step 1863100 at Mon Jun 30 11:49:41 2025


           Step           Time
        1900000     3800.00000

   Energies (kJ/mol)
           Bond            U-B    Proper Dih.  Improper Dih.          LJ-14
    3.33142e+03    1.67851e+04    6.48433e+03    5.76107e+02    1.19410e+03
     Coulomb-14        LJ (SR)  Disper. corr.   Coulomb (SR)   Coul. recip.
   -2.01898e+04    2.62377e+04   -2.03233e+03   -4.57377e+05    1.25720e+03
      Potential    Kinetic En.   Total Energy  Conserved En.    Temperature
   -4.23733e+05    9.67884e+04   -3.26945e+05   -2.78265e+05    2.98169e+02
 Pres. DC (bar) Pressure (bar)   Constr. rmsd
   -9.06337e+01    5.82749e+01    4.03774e-06

           Step           Time
        1950000     3900.00000

   Energies (kJ/mol)
           Bond            U-B    Proper Dih.  Improper Dih.          LJ-14
    3.33326e+03    1.68018e+04    6.28998e+03    5.96422e+02    1.11777e+03
     Coulomb-14        LJ (SR)  Disper. corr.   Coulomb (SR)   Coul. recip.
   -2.02386e+04    2.50295e+04   -2.03583e+03   -4.55668e+05    1.22789e+03
      Potential    Kinetic En.   Total Energy  Conserved En.    Temperature
   -4.23546e+05    9.78690e+04   -3.25677e+05   -2.77047e+05    3.01498e+02
 Pres. DC (bar) Pressure (bar)   Constr. rmsd
   -9.09453e+01    1.10057e+02    4.03774e-06

Writing checkpoint, step 1965000 at Mon Jun 30 11:50:41 2025


           Step           Time
        2000000     4000.00000

   Energies (kJ/mol)
           Bond            U-B    Proper Dih.  Improper Dih.          LJ-14
    3.32949e+03    1.68926e+04    6.30576e+03    6.22027e+02    1.11569e+03
     Coulomb-14        LJ (SR)  Disper. corr.   Coulomb (SR)   Coul. recip.
   -2.00108e+04    2.59797e+04   -2.03272e+03   -4.55713e+05    1.21822e+03
      Potential    Kinetic En.   Total Energy  Conserved En.    Temperature
   -4.22293e+05    9.67370e+04   -3.25556e+05   -2.75769e+05    2.98011e+02
 Pres. DC (bar) Pressure (bar)   Constr. rmsd
   -9.06683e+01    2.02707e+02    4.03774e-06

           Step           Time
        2050000     4100.00000

   Energies (kJ/mol)
           Bond            U-B    Proper Dih.  Improper Dih.          LJ-14
    3.16820e+03    1.67887e+04    6.53150e+03    5.75853e+02    1.11862e+03
     Coulomb-14        LJ (SR)  Disper. corr.   Coulomb (SR)   Coul. recip.
   -2.03778e+04    2.59784e+04   -2.04676e+03   -4.56778e+05    1.23675e+03
      Potential    Kinetic En.   Total Energy  Conserved En.    Temperature
   -4.23805e+05    9.59367e+04   -3.27868e+05   -2.74555e+05    2.95545e+02
 Pres. DC (bar) Pressure (bar)   Constr. rmsd
   -9.19242e+01    3.06830e+02    4.03774e-06

Writing checkpoint, step 2067400 at Mon Jun 30 11:51:41 2025


           Step           Time
        2100000     4200.00000

   Energies (kJ/mol)
           Bond            U-B    Proper Dih.  Improper Dih.          LJ-14
    3.30901e+03    1.66979e+04    6.46465e+03    5.01346e+02    1.18548e+03
     Coulomb-14        LJ (SR)  Disper. corr.   Coulomb (SR)   Coul. recip.
   -2.02558e+04    2.64177e+04   -2.04878e+03   -4.58777e+05    1.20910e+03
      Potential    Kinetic En.   Total Energy  Conserved En.    Temperature
   -4.25296e+05    9.61957e+04   -3.29100e+05   -2.73236e+05    2.96343e+02
 Pres. DC (bar) Pressure (bar)   Constr. rmsd
   -9.21063e+01    6.38865e+01    4.03774e-06

           Step           Time
        2150000     4300.00000

   Energies (kJ/mol)
           Bond            U-B    Proper Dih.  Improper Dih.          LJ-14
    3.40126e+03    1.67857e+04    6.27297e+03    6.12066e+02    1.05846e+03
     Coulomb-14        LJ (SR)  Disper. corr.   Coulomb (SR)   Coul. recip.
   -1.98077e+04    2.57311e+04   -2.03655e+03   -4.58286e+05    1.20744e+03
      Potential    Kinetic En.   Total Energy  Conserved En.    Temperature
   -4.25061e+05    9.75728e+04   -3.27488e+05   -2.72015e+05    3.00586e+02
 Pres. DC (bar) Pressure (bar)   Constr. rmsd
   -9.10104e+01   -1.40551e+02    4.03774e-06

Writing checkpoint, step 2169300 at Mon Jun 30 11:52:41 2025


           Step           Time
        2200000     4400.00000

   Energies (kJ/mol)
           Bond            U-B    Proper Dih.  Improper Dih.          LJ-14
    3.26616e+03    1.68168e+04    6.40577e+03    4.91261e+02    1.11544e+03
     Coulomb-14        LJ (SR)  Disper. corr.   Coulomb (SR)   Coul. recip.
   -1.97994e+04    2.59571e+04   -2.04144e+03   -4.57601e+05    1.22131e+03
      Potential    Kinetic En.   Total Energy  Conserved En.    Temperature
   -4.24168e+05    9.70942e+04   -3.27074e+05   -2.70782e+05    2.99111e+02
 Pres. DC (bar) Pressure (bar)   Constr. rmsd
   -9.14472e+01   -1.51446e+00    4.03774e-06

           Step           Time
        2250000     4500.00000

   Energies (kJ/mol)
           Bond            U-B    Proper Dih.  Improper Dih.          LJ-14
    3.50983e+03    1.68208e+04    6.32740e+03    5.47571e+02    1.06425e+03
     Coulomb-14        LJ (SR)  Disper. corr.   Coulomb (SR)   Coul. recip.
   -1.98770e+04    2.51743e+04   -2.04316e+03   -4.57431e+05    1.24239e+03
      Potential    Kinetic En.   Total Energy  Conserved En.    Temperature
   -4.24664e+05    9.67895e+04   -3.27875e+05   -2.69481e+05    2.98172e+02
 Pres. DC (bar) Pressure (bar)   Constr. rmsd
   -9.16012e+01   -5.71995e+01    4.03774e-06

Writing checkpoint, step 2271900 at Mon Jun 30 11:53:41 2025


           Step           Time
        2300000     4600.00000

   Energies (kJ/mol)
           Bond            U-B    Proper Dih.  Improper Dih.          LJ-14
    3.39864e+03    1.69168e+04    6.38296e+03    5.95733e+02    1.12174e+03
     Coulomb-14        LJ (SR)  Disper. corr.   Coulomb (SR)   Coul. recip.
   -1.96564e+04    2.54371e+04   -2.02798e+03   -4.56612e+05    1.25728e+03
      Potential    Kinetic En.   Total Energy  Conserved En.    Temperature
   -4.23186e+05    9.69858e+04   -3.26201e+05   -2.68204e+05    2.98777e+02
 Pres. DC (bar) Pressure (bar)   Constr. rmsd
   -9.02456e+01   -2.66856e+01    4.03774e-06

           Step           Time
        2350000     4700.00000

   Energies (kJ/mol)
           Bond            U-B    Proper Dih.  Improper Dih.          LJ-14
    3.26360e+03    1.67746e+04    6.40667e+03    5.99074e+02    1.09853e+03
     Coulomb-14        LJ (SR)  Disper. corr.   Coulomb (SR)   Coul. recip.
   -1.96891e+04    2.55961e+04   -2.03308e+03   -4.56891e+05    1.29327e+03
      Potential    Kinetic En.   Total Energy  Conserved En.    Temperature
   -4.23581e+05    9.59323e+04   -3.27649e+05   -2.66895e+05    2.95532e+02
 Pres. DC (bar) Pressure (bar)   Constr. rmsd
   -9.07000e+01   -1.14436e+02    4.03774e-06

Writing checkpoint, step 2374600 at Mon Jun 30 11:54:41 2025


           Step           Time
        2400000     4800.00000

   Energies (kJ/mol)
           Bond            U-B    Proper Dih.  Improper Dih.          LJ-14
    3.36357e+03    1.63800e+04    6.17365e+03    5.32990e+02    1.03754e+03
     Coulomb-14        LJ (SR)  Disper. corr.   Coulomb (SR)   Coul. recip.
   -1.99555e+04    2.49477e+04   -2.03635e+03   -4.56399e+05    1.22512e+03
      Potential    Kinetic En.   Total Energy  Conserved En.    Temperature
   -4.24730e+05    9.73474e+04   -3.27383e+05   -2.65729e+05    2.99891e+02
 Pres. DC (bar) Pressure (bar)   Constr. rmsd
   -9.09917e+01    2.54549e+01    4.03774e-06

           Step           Time
        2450000     4900.00000

   Energies (kJ/mol)
           Bond            U-B    Proper Dih.  Improper Dih.          LJ-14
    3.44582e+03    1.63480e+04    6.33162e+03    6.26218e+02    1.10234e+03
     Coulomb-14        LJ (SR)  Disper. corr.   Coulomb (SR)   Coul. recip.
   -2.01280e+04    2.66757e+04   -2.03639e+03   -4.58251e+05    1.16717e+03
      Potential    Kinetic En.   Total Energy  Conserved En.    Temperature
   -4.24719e+05    9.60494e+04   -3.28670e+05   -2.64479e+05    2.95892e+02
 Pres. DC (bar) Pressure (bar)   Constr. rmsd
   -9.09959e+01    6.27427e+01    4.03774e-06

Writing checkpoint, step 2477400 at Mon Jun 30 11:55:41 2025


           Step           Time
        2500000     5000.00000

   Energies (kJ/mol)
           Bond            U-B    Proper Dih.  Improper Dih.          LJ-14
    3.43022e+03    1.68155e+04    6.37112e+03    6.12444e+02    1.06226e+03
     Coulomb-14        LJ (SR)  Disper. corr.   Coulomb (SR)   Coul. recip.
   -1.97507e+04    2.66924e+04   -2.04185e+03   -4.57468e+05    1.30830e+03
      Potential    Kinetic En.   Total Energy  Conserved En.    Temperature
   -4.22968e+05    9.55846e+04   -3.27383e+05   -2.63168e+05    2.94461e+02
 Pres. DC (bar) Pressure (bar)   Constr. rmsd
   -9.14838e+01   -1.30897e+01    4.03774e-06

           Step           Time
        2550000     5100.00000

   Energies (kJ/mol)
           Bond            U-B    Proper Dih.  Improper Dih.          LJ-14
    3.42862e+03    1.67913e+04    6.43874e+03    5.67837e+02    1.03799e+03
     Coulomb-14        LJ (SR)  Disper. corr.   Coulomb (SR)   Coul. recip.
   -2.00521e+04    2.67205e+04   -2.04168e+03   -4.58382e+05    1.23510e+03
      Potential    Kinetic En.   Total Energy  Conserved En.    Temperature
   -4.24256e+05    9.64704e+04   -3.27785e+05   -2.61996e+05    2.97189e+02
 Pres. DC (bar) Pressure (bar)   Constr. rmsd
   -9.14684e+01    1.10940e+02    4.03774e-06

Writing checkpoint, step 2580800 at Mon Jun 30 11:56:41 2025


           Step           Time
        2600000     5200.00000

   Energies (kJ/mol)
           Bond            U-B    Proper Dih.  Improper Dih.          LJ-14
    3.31992e+03    1.67298e+04    6.31492e+03    6.77680e+02    1.16918e+03
     Coulomb-14        LJ (SR)  Disper. corr.   Coulomb (SR)   Coul. recip.
   -2.00469e+04    2.65604e+04   -2.03995e+03   -4.57856e+05    1.26810e+03
      Potential    Kinetic En.   Total Energy  Conserved En.    Temperature
   -4.23903e+05    9.69375e+04   -3.26965e+05   -2.60751e+05    2.98628e+02
 Pres. DC (bar) Pressure (bar)   Constr. rmsd
   -9.13142e+01    1.89173e+02    4.03774e-06

           Step           Time
        2650000     5300.00000

   Energies (kJ/mol)
           Bond            U-B    Proper Dih.  Improper Dih.          LJ-14
    3.31393e+03    1.64602e+04    6.36815e+03    5.67746e+02    1.09341e+03
     Coulomb-14        LJ (SR)  Disper. corr.   Coulomb (SR)   Coul. recip.
   -1.97982e+04    2.50019e+04   -2.03049e+03   -4.55785e+05    1.23468e+03
      Potential    Kinetic En.   Total Energy  Conserved En.    Temperature
   -4.23574e+05    9.63704e+04   -3.27203e+05   -2.59546e+05    2.96882e+02
 Pres. DC (bar) Pressure (bar)   Constr. rmsd
   -9.04691e+01    3.53692e+01    4.03774e-06

Writing checkpoint, step 2683500 at Mon Jun 30 11:57:41 2025


           Step           Time
        2700000     5400.00000

   Energies (kJ/mol)
           Bond            U-B    Proper Dih.  Improper Dih.          LJ-14
    3.32482e+03    1.67641e+04    6.44573e+03    5.76936e+02    1.09406e+03
     Coulomb-14        LJ (SR)  Disper. corr.   Coulomb (SR)   Coul. recip.
   -2.05107e+04    2.59650e+04   -2.03753e+03   -4.57016e+05    1.21642e+03
      Potential    Kinetic En.   Total Energy  Conserved En.    Temperature
   -4.24177e+05    9.63776e+04   -3.27799e+05   -2.58250e+05    2.96904e+02
 Pres. DC (bar) Pressure (bar)   Constr. rmsd
   -9.10979e+01    1.79556e+02    4.03774e-06

           Step           Time
        2750000     5500.00000

   Energies (kJ/mol)
           Bond            U-B    Proper Dih.  Improper Dih.          LJ-14
    3.32424e+03    1.68117e+04    6.43859e+03    5.73277e+02    1.01704e+03
     Coulomb-14        LJ (SR)  Disper. corr.   Coulomb (SR)   Coul. recip.
   -2.02007e+04    2.58687e+04   -2.04247e+03   -4.56722e+05    1.29245e+03
      Potential    Kinetic En.   Total Energy  Conserved En.    Temperature
   -4.23639e+05    9.70879e+04   -3.26551e+05   -2.56968e+05    2.99092e+02
 Pres. DC (bar) Pressure (bar)   Constr. rmsd
   -9.15394e+01   -1.88537e+02    4.03774e-06

Writing checkpoint, step 2786100 at Mon Jun 30 11:58:41 2025


           Step           Time
        2800000     5600.00000

   Energies (kJ/mol)
           Bond            U-B    Proper Dih.  Improper Dih.          LJ-14
    3.28094e+03    1.68834e+04    6.20315e+03    4.79559e+02    1.06751e+03
     Coulomb-14        LJ (SR)  Disper. corr.   Coulomb (SR)   Coul. recip.
   -2.04679e+04    2.43891e+04   -2.03876e+03   -4.53936e+05    1.27216e+03
      Potential    Kinetic En.   Total Energy  Conserved En.    Temperature
   -4.22867e+05    9.75295e+04   -3.25337e+05   -2.55741e+05    3.00452e+02
 Pres. DC (bar) Pressure (bar)   Constr. rmsd
   -9.12079e+01    1.61237e+02    4.03774e-06

           Step           Time
        2850000     5700.00000

   Energies (kJ/mol)
           Bond            U-B    Proper Dih.  Improper Dih.          LJ-14
    3.36815e+03    1.66401e+04    6.24995e+03    5.06234e+02    1.02620e+03
     Coulomb-14        LJ (SR)  Disper. corr.   Coulomb (SR)   Coul. recip.
   -2.02044e+04    2.54822e+04   -2.03892e+03   -4.56940e+05    1.31111e+03
      Potential    Kinetic En.   Total Energy  Conserved En.    Temperature
   -4.24600e+05    9.65140e+04   -3.28086e+05   -2.54491e+05    2.97324e+02
 Pres. DC (bar) Pressure (bar)   Constr. rmsd
   -9.12218e+01   -1.69524e+02    4.03774e-06

Writing checkpoint, step 2890500 at Mon Jun 30 11:59:41 2025


           Step           Time
        2900000     5800.00000

   Energies (kJ/mol)
           Bond            U-B    Proper Dih.  Improper Dih.          LJ-14
    3.33636e+03    1.67081e+04    6.49868e+03    6.10977e+02    1.12829e+03
     Coulomb-14        LJ (SR)  Disper. corr.   Coulomb (SR)   Coul. recip.
   -2.02834e+04    2.45399e+04   -2.03760e+03   -4.54442e+05    1.29520e+03
      Potential    Kinetic En.   Total Energy  Conserved En.    Temperature
   -4.22645e+05    9.72265e+04   -3.25418e+05   -2.53238e+05    2.99519e+02
 Pres. DC (bar) Pressure (bar)   Constr. rmsd
   -9.11036e+01    3.68342e+02    4.03774e-06

           Step           Time
        2950000     5900.00000

   Energies (kJ/mol)
           Bond            U-B    Proper Dih.  Improper Dih.          LJ-14
    3.39930e+03    1.65905e+04    6.32773e+03    5.69995e+02    1.06279e+03
     Coulomb-14        LJ (SR)  Disper. corr.   Coulomb (SR)   Coul. recip.
   -1.99373e+04    2.61791e+04   -2.03973e+03   -4.57582e+05    1.28537e+03
      Potential    Kinetic En.   Total Energy  Conserved En.    Temperature
   -4.24144e+05    9.61406e+04   -3.28003e+05   -2.51933e+05    2.96173e+02
 Pres. DC (bar) Pressure (bar)   Constr. rmsd
   -9.12942e+01    4.72878e+00    4.03774e-06

Writing checkpoint, step 2993900 at Mon Jun 30 12:00:41 2025


           Step           Time
        3000000     6000.00000

   Energies (kJ/mol)
           Bond            U-B    Proper Dih.  Improper Dih.          LJ-14
    3.34085e+03    1.67393e+04    6.45197e+03    5.58021e+02    1.11634e+03
     Coulomb-14        LJ (SR)  Disper. corr.   Coulomb (SR)   Coul. recip.
   -1.95271e+04    2.65966e+04   -2.03592e+03   -4.58383e+05    1.28379e+03
      Potential    Kinetic En.   Total Energy  Conserved En.    Temperature
   -4.23859e+05    9.71769e+04   -3.26682e+05   -2.50749e+05    2.99366e+02
 Pres. DC (bar) Pressure (bar)   Constr. rmsd
   -9.09534e+01    4.10767e+02    4.03774e-06

           Step           Time
        3050000     6100.00000

   Energies (kJ/mol)
           Bond            U-B    Proper Dih.  Improper Dih.          LJ-14
    3.43277e+03    1.71711e+04    6.41497e+03    5.49021e+02    1.07531e+03
     Coulomb-14        LJ (SR)  Disper. corr.   Coulomb (SR)   Coul. recip.
   -2.04053e+04    2.59699e+04   -2.04763e+03   -4.56118e+05    1.27601e+03
      Potential    Kinetic En.   Total Energy  Conserved En.    Temperature
   -4.22681e+05    9.68001e+04   -3.25881e+05   -2.49456e+05    2.98205e+02
 Pres. DC (bar) Pressure (bar)   Constr. rmsd
   -9.20025e+01    3.02855e+02    4.03774e-06

Writing checkpoint, step 3097800 at Mon Jun 30 12:01:41 2025


           Step           Time
        3100000     6200.00000

   Energies (kJ/mol)
           Bond            U-B    Proper Dih.  Improper Dih.          LJ-14
    3.25130e+03    1.62390e+04    6.41513e+03    5.59343e+02    1.11433e+03
     Coulomb-14        LJ (SR)  Disper. corr.   Coulomb (SR)   Coul. recip.
   -2.02246e+04    2.60910e+04   -2.03147e+03   -4.56778e+05    1.22921e+03
      Potential    Kinetic En.   Total Energy  Conserved En.    Temperature
   -4.24135e+05    9.65805e+04   -3.27555e+05   -2.48263e+05    2.97529e+02
 Pres. DC (bar) Pressure (bar)   Constr. rmsd
   -9.05566e+01    2.21014e+02    4.03774e-06

           Step           Time
        3150000     6300.00000

   Energies (kJ/mol)
           Bond            U-B    Proper Dih.  Improper Dih.          LJ-14
    3.37349e+03    1.70968e+04    6.26785e+03    5.10288e+02    1.07879e+03
     Coulomb-14        LJ (SR)  Disper. corr.   Coulomb (SR)   Coul. recip.
   -2.10633e+04    2.64781e+04   -2.04304e+03   -4.57037e+05    1.30301e+03
      Potential    Kinetic En.   Total Energy  Conserved En.    Temperature
   -4.24035e+05    9.57286e+04   -3.28306e+05   -2.46949e+05    2.94904e+02
 Pres. DC (bar) Pressure (bar)   Constr. rmsd
   -9.15907e+01    3.66827e+01    4.03774e-06

           Step           Time
        3200000     6400.00000

   Energies (kJ/mol)
           Bond            U-B    Proper Dih.  Improper Dih.          LJ-14
    3.33104e+03    1.68016e+04    6.53151e+03    5.57327e+02    1.06589e+03
     Coulomb-14        LJ (SR)  Disper. corr.   Coulomb (SR)   Coul. recip.
   -2.01326e+04    2.58743e+04   -2.05134e+03   -4.56889e+05    1.28661e+03
      Potential    Kinetic En.   Total Energy  Conserved En.    Temperature
   -4.23625e+05    9.71998e+04   -3.26425e+05   -2.45673e+05    2.99437e+02
 Pres. DC (bar) Pressure (bar)   Constr. rmsd
   -9.23365e+01    3.04902e+02    4.03774e-06

Writing checkpoint, step 3201700 at Mon Jun 30 12:02:41 2025


           Step           Time
        3250000     6500.00000

   Energies (kJ/mol)
           Bond            U-B    Proper Dih.  Improper Dih.          LJ-14
    3.40698e+03    1.65924e+04    6.44263e+03    5.47740e+02    1.12547e+03
     Coulomb-14        LJ (SR)  Disper. corr.   Coulomb (SR)   Coul. recip.
   -2.01096e+04    2.56719e+04   -2.03382e+03   -4.57001e+05    1.21933e+03
      Potential    Kinetic En.   Total Energy  Conserved En.    Temperature
   -4.24138e+05    9.64800e+04   -3.27658e+05   -2.44423e+05    2.97219e+02
 Pres. DC (bar) Pressure (bar)   Constr. rmsd
   -9.07659e+01    1.32331e+01    4.03774e-06

           Step           Time
        3300000     6600.00000

   Energies (kJ/mol)
           Bond            U-B    Proper Dih.  Improper Dih.          LJ-14
    3.28659e+03    1.67620e+04    6.36925e+03    5.86418e+02    1.08160e+03
     Coulomb-14        LJ (SR)  Disper. corr.   Coulomb (SR)   Coul. recip.
   -1.99692e+04    2.59186e+04   -2.04329e+03   -4.57059e+05    1.28380e+03
      Potential    Kinetic En.   Total Energy  Conserved En.    Temperature
   -4.23783e+05    9.64494e+04   -3.27334e+05   -2.43123e+05    2.97125e+02
 Pres. DC (bar) Pressure (bar)   Constr. rmsd
   -9.16132e+01    2.86890e+02    4.03774e-06

Writing checkpoint, step 3304300 at Mon Jun 30 12:03:41 2025


           Step           Time
        3350000     6700.00000

   Energies (kJ/mol)
           Bond            U-B    Proper Dih.  Improper Dih.          LJ-14
    3.47830e+03    1.71783e+04    6.35717e+03    5.69855e+02    1.07710e+03
     Coulomb-14        LJ (SR)  Disper. corr.   Coulomb (SR)   Coul. recip.
   -2.01818e+04    2.47118e+04   -2.03156e+03   -4.55289e+05    1.26654e+03
      Potential    Kinetic En.   Total Energy  Conserved En.    Temperature
   -4.22863e+05    9.64727e+04   -3.26390e+05   -2.41860e+05    2.97196e+02
 Pres. DC (bar) Pressure (bar)   Constr. rmsd
   -9.05645e+01   -2.44014e+02    4.03774e-06

           Step           Time
        3400000     6800.00000

   Energies (kJ/mol)
           Bond            U-B    Proper Dih.  Improper Dih.          LJ-14
    3.14001e+03    1.65042e+04    6.42629e+03    5.92065e+02    1.14389e+03
     Coulomb-14        LJ (SR)  Disper. corr.   Coulomb (SR)   Coul. recip.
   -1.98516e+04    2.59606e+04   -2.03302e+03   -4.57477e+05    1.25406e+03
      Potential    Kinetic En.   Total Energy  Conserved En.    Temperature
   -4.24340e+05    9.65919e+04   -3.27748e+05   -2.40757e+05    2.97564e+02
 Pres. DC (bar) Pressure (bar)   Constr. rmsd
   -9.06951e+01    1.59540e+02    4.03774e-06

Writing checkpoint, step 3405800 at Mon Jun 30 12:04:41 2025


           Step           Time
        3450000     6900.00000

   Energies (kJ/mol)
           Bond            U-B    Proper Dih.  Improper Dih.          LJ-14
    3.32642e+03    1.65512e+04    6.35395e+03    5.53355e+02    1.13026e+03
     Coulomb-14        LJ (SR)  Disper. corr.   Coulomb (SR)   Coul. recip.
   -2.00527e+04    2.56176e+04   -2.04029e+03   -4.56836e+05    1.21266e+03
      Potential    Kinetic En.   Total Energy  Conserved En.    Temperature
   -4.24183e+05    9.76038e+04   -3.26579e+05   -2.39562e+05    3.00681e+02
 Pres. DC (bar) Pressure (bar)   Constr. rmsd
   -9.13443e+01    3.04874e+02    4.03774e-06

